/base/project/AudioVideo2Txt/main.py:27: UserWarning: 
The version_base parameter is not specified.
Please specify a compatability version level, or None.
Will assume defaults for version 1.1
  @hydra.main(config_path="configs", config_name="video2text")
/opt/conda/envs/rzd/lib/python3.10/site-packages/hydra/core/default_element.py:124: UserWarning: In 'audiovideo2text.yaml': Usage of deprecated keyword in package header '# @package _group_'.
See https://hydra.cc/docs/1.2/upgrades/1.0_to_1.1/changes_to_package_header for more information
  deprecation_warning(
sys:1: UserWarning: 
'audiovideo2text.yaml' is validated against ConfigStore schema with the same name.
This behavior is deprecated in Hydra 1.1 and will be removed in Hydra 1.2.
See https://hydra.cc/docs/1.2/upgrades/1.0_to_1.1/automatic_schema_matching for migration instructions.
/opt/conda/envs/rzd/lib/python3.10/site-packages/hydra/main.py:94: UserWarning: 
'audiovideo2text.yaml' is validated against ConfigStore schema with the same name.
This behavior is deprecated in Hydra 1.1 and will be removed in Hydra 1.2.
See https://hydra.cc/docs/1.2/upgrades/1.0_to_1.1/automatic_schema_matching for migration instructions.
  _run_hydra(
/opt/conda/envs/rzd/lib/python3.10/site-packages/hydra/_internal/hydra.py:119: UserWarning: Future Hydra versions will no longer change working directory at job runtime by default.
See https://hydra.cc/docs/1.2/upgrades/1.1_to_1.2/changes_to_job_working_dir/ for more information.
  ret = run_job(
[2026-06-14 06:26:52,002][main][INFO] - {'_name': None, 'common': {'_name': None, 'no_progress_bar': False, 'log_interval': 200, 'log_format': json, 'log_file': None, 'tensorboard_logdir': 'tblog', 'wandb_project': None, 'azureml_logging': False, 'seed': 1337, 'cpu': False, 'tpu': False, 'bf16': False, 'memory_efficient_bf16': False, 'fp16': True, 'memory_efficient_fp16': False, 'fp16_no_flatten_grads': False, 'fp16_init_scale': 128, 'fp16_scale_window': None, 'fp16_scale_tolerance': 0.0, 'on_cpu_convert_precision': False, 'min_loss_scale': 0.0001, 'threshold_loss_scale': None, 'amp': False, 'amp_batch_retries': 2, 'amp_init_scale': 128, 'amp_scale_window': None, 'user_dir': '/base/project/AudioVideo2Txt', 'empty_cache_freq': 0, 'all_gather_list_size': 16384, 'model_parallel_size': 1, 'quantization_config_path': None, 'profile': False, 'reset_logging': False, 'suppress_crashes': False, 'use_plasma_view': False, 'plasma_path': '/tmp/plasma'}, 'common_eval': {'_name': None, 'path': None, 'post_process': None, 'quiet': False, 'model_overrides': '{}', 'results_path': None}, 'distributed_training': {'_name': None, 'distributed_world_size': 1, 'distributed_num_procs': 1, 'distributed_rank': 0, 'distributed_backend': 'nccl', 'distributed_init_method': None, 'distributed_port': -1, 'device_id': 0, 'distributed_no_spawn': False, 'ddp_backend': c10d, 'ddp_comm_hook': none, 'bucket_cap_mb': 25, 'fix_batches_to_gpus': False, 'find_unused_parameters': True, 'fast_stat_sync': False, 'heartbeat_timeout': -1, 'broadcast_buffers': False, 'slowmo_momentum': None, 'slowmo_algorithm': 'LocalSGD', 'localsgd_frequency': 3, 'nprocs_per_node': 1, 'pipeline_model_parallel': False, 'pipeline_balance': None, 'pipeline_devices': None, 'pipeline_chunks': 0, 'pipeline_encoder_balance': None, 'pipeline_encoder_devices': None, 'pipeline_decoder_balance': None, 'pipeline_decoder_devices': None, 'pipeline_checkpoint': never, 'zero_sharding': none, 'fp16': '${common.fp16}', 'memory_efficient_fp16': '${common.memory_efficient_fp16}', 'tpu': '${common.tpu}', 'no_reshard_after_forward': False, 'fp32_reduce_scatter': False, 'cpu_offload': False, 'use_sharded_state': False}, 'dataset': {'_name': None, 'num_workers': 0, 'skip_invalid_size_inputs_valid_test': False, 'max_tokens': 1000, 'batch_size': None, 'required_batch_size_multiple': 8, 'required_seq_len_multiple': 1, 'dataset_impl': None, 'data_buffer_size': 10, 'train_subset': 'train', 'valid_subset': 'valid', 'combine_valid_subsets': None, 'ignore_unused_valid_subsets': False, 'validate_interval': 2, 'validate_interval_updates': 0, 'validate_after_updates': 0, 'fixed_validation_seed': None, 'disable_validation': False, 'max_tokens_valid': '${dataset.max_tokens}', 'batch_size_valid': '${dataset.batch_size}', 'max_valid_steps': None, 'curriculum': 0, 'gen_subset': 'test', 'num_shards': 1, 'shard_id': 0}, 'optimization': {'_name': None, 'max_epoch': 0, 'max_update': 30000, 'stop_time_hours': 0.0, 'clip_norm': 0.0, 'sentence_avg': True, 'update_freq': [1], 'lr': [0.001], 'stop_min_lr': -1.0, 'use_bmuf': False}, 'checkpoint': {'_name': None, 'save_dir': 'checkpoints', 'restore_file': 'checkpoint_last.pt', 'finetune_from_model': None, 'reset_dataloader': False, 'reset_lr_scheduler': False, 'reset_meters': False, 'reset_optimizer': False, 'optimizer_overrides': '{}', 'save_interval': 2, 'save_interval_updates': 0, 'keep_interval_updates': 1, 'keep_interval_updates_pattern': -1, 'keep_last_epochs': -1, 'keep_best_checkpoints': -1, 'no_save': False, 'no_epoch_checkpoints': True, 'no_last_checkpoints': False, 'no_save_optimizer_state': False, 'best_checkpoint_metric': 'accuracy', 'maximize_best_checkpoint_metric': True, 'patience': -1, 'checkpoint_suffix': '', 'checkpoint_shard_count': 1, 'load_checkpoint_on_all_dp_ranks': False, 'write_checkpoints_asynchronously': False, 'model_parallel_size': '${common.model_parallel_size}'}, 'bmuf': {'_name': None, 'block_lr': 1.0, 'block_momentum': 0.875, 'global_sync_iter': 50, 'warmup_iterations': 500, 'use_nbm': False, 'average_sync': False, 'distributed_world_size': '${distributed_training.distributed_world_size}'}, 'generation': {'_name': None, 'beam': 5, 'nbest': 1, 'max_len_a': 0.0, 'max_len_b': 200, 'min_len': 1, 'match_source_len': False, 'unnormalized': False, 'no_early_stop': False, 'no_beamable_mm': False, 'lenpen': 1.0, 'unkpen': 0.0, 'replace_unk': None, 'sacrebleu': False, 'score_reference': False, 'prefix_size': 0, 'no_repeat_ngram_size': 0, 'sampling': False, 'sampling_topk': -1, 'sampling_topp': -1.0, 'constraints': None, 'temperature': 1.0, 'diverse_beam_groups': -1, 'diverse_beam_strength': 0.5, 'diversity_rate': -1.0, 'print_alignment': None, 'print_step': False, 'lm_path': None, 'lm_weight': 0.0, 'iter_decode_eos_penalty': 0.0, 'iter_decode_max_iter': 10, 'iter_decode_force_max_iter': False, 'iter_decode_with_beam': 1, 'iter_decode_with_external_reranker': False, 'retain_iter_history': False, 'retain_dropout': False, 'retain_dropout_modules': None, 'decoding_format': None, 'no_seed_provided': False}, 'eval_lm': {'_name': None, 'output_word_probs': False, 'output_word_stats': False, 'context_window': 0, 'softmax_batch': 9223372036854775807}, 'interactive': {'_name': None, 'buffer_size': 0, 'input': '-'}, 'task': {'_name': 'av_hubert_pretraining', 'data': '/data2/final_project_data/30h_data', 'labels': ['wrd'], 'label_dir': '/data2/final_project_data/30h_data', 'label_rate': -1, 'sample_rate': 16000, 'normalize': True, 'enable_padding': False, 'max_sample_size': 500, 'min_sample_size': None, 'max_trim_sample_size': '${task.max_sample_size}', 'single_target': True, 'random_crop': False, 'pad_audio': True, 'pdb': False, 'stack_order_audio': 4, 'skip_verify': False, 'image_aug': True, 'image_crop_size': 88, 'image_mean': 0.421, 'image_std': 0.165, 'modalities': ['video', 'audio'], 'is_s2s': True, 'tokenizer_bpe_name': 'sentencepiece', 'tokenizer_bpe_model': '/data2/final_project_data/spm1000/spm_unigram1000.model', 'fine_tuning': True}, 'model': {'_name': 'av_hubert_seq2seq', 'pretrained_path': '/data2/final_project_ckpt/pretrained_model.pth', 'apply_mask': True, 'mask_selection': 'static', 'mask_length': 10, 'mask_other': 0, 'mask_prob': 0.05, 'mask_channel_selection': 'static', 'mask_channel_length': 64, 'mask_channel_other': 0, 'mask_channel_prob': 0.0, 'layerdrop': 0.1, 'dropout': 0.0, 'activation_dropout': 0.1, 'attention_dropout': 0.0, 'feature_grad_mult': 1.0, 'modality_fuse': 'concat', 'modality_dropout': 0.0, 'audio_dropout': 0.5, 'modality_dropout_mode': 'sample', 'modality_dropout_span_min': 10, 'modality_dropout_span_max': 30, 'decoder_layers': 6, 'decoder_dropout': 0.1, 'decoder_attention_dropout': 0.0, 'decoder_activation_dropout': 0.1, 'freeze_finetune_updates': 24000, 'share_decoder_input_output_embed': True, 'decoder_normalize_before': True}, 'criterion': {'_name': 'label_smoothed_cross_entropy', 'report_accuracy': True, 'label_smoothing': 0.1, 'focal_gamma': 0.0, 'confidence_penalty': 0.0, 'ignore_prefix_size': 0, 'sentence_avg': '${optimization.sentence_avg}'}, 'optimizer': {'_name': 'adam', 'adam_betas': '(0.9,0.98)', 'adam_eps': 1e-08, 'weight_decay': 0.0, "use_old_adam'": False, 'tpu': '${common.tpu}', 'lr': '${optimization.lr}'}, 'lr_scheduler': {'_name': 'tri_stage', 'warmup_steps': 10000, 'hold_steps': 0, 'decay_steps': 20000, 'final_lr_scale': 0.05, 'phase_ratio': '???', 'init_lr_scale': 0.01, 'max_update': '${optimization.max_update}', 'lr': '${optimization.lr}'}, 'scoring': None, 'bpe': None, 'tokenizer': None}
[2026-06-14 06:26:52,666][models.encoder_backbone][INFO] - EncoderBackbone Config: {'_name': 'av_hubert', 'label_rate': 25, 'input_modality': '${task.input_modality}', 'extractor_mode': default, 'encoder_layers': 12, 'encoder_embed_dim': 768, 'encoder_ffn_embed_dim': 3072, 'encoder_attention_heads': 12, 'activation_fn': gelu, 'dropout': 0.0, 'attention_dropout': 0.0, 'activation_dropout': 0.1, 'encoder_layerdrop': 0.1, 'dropout_input': 0.0, 'dropout_features': 0.1, 'final_dim': 256, 'untie_final_proj': True, 'layer_norm_first': True, 'conv_feature_layers': '[(512,10,5)] + [(512,3,2)] * 4 + [(512,2,2)] * 2', 'conv_bias': False, 'logit_temp': 0.1, 'target_glu': False, 'feature_grad_mult': 1.0, 'mask_length_audio': 10, 'mask_prob_audio': 0.8, 'mask_length_image': 5, 'mask_prob_image': 0.3, 'mask_selection': static, 'mask_other': 0.0, 'no_mask_overlap': False, 'mask_min_space': 1, 'mask_channel_length': 64, 'mask_channel_prob': 0.0, 'mask_channel_selection': static, 'mask_channel_other': 0.0, 'no_mask_channel_overlap': False, 'mask_channel_min_space': 1, 'conv_pos': 128, 'conv_pos_groups': 16, 'latent_temp': [2.0, 0.5, 0.999995], 'skip_masked': False, 'skip_nomask': False, 'resnet_relu_type': 'prelu', 'resnet_weights': None, 'sim_type': 'cosine', 'sub_encoder_layers': 0, 'audio_feat_dim': 104, 'modality_dropout': 0.0, 'audio_dropout': 0.5, 'modality_dropout_mode': 'sample', 'modality_dropout_span_min': 10, 'modality_dropout_span_max': 30, 'modality_fuse': 'concat', 'selection_type': 'same_seq', 'masking_type': 'input', 'decoder_embed_dim': 768, 'decoder_ffn_embed_dim': 3072, 'decoder_layers': 6, 'decoder_layerdrop': 0.0, 'decoder_attention_heads': 4, 'decoder_learned_pos': False, 'decoder_normalize_before': False, 'no_token_positional_embeddings': False, 'decoder_dropout': 0.1, 'decoder_attention_dropout': 0.1, 'decoder_activation_dropout': 0.0, 'max_target_positions': 2048, 'share_decoder_input_output_embed': False, 'no_scale_embedding': True, 'apply_mask': True, 'mask_prob': 0.05, 'mask_length': 10}
/opt/conda/envs/rzd/lib/python3.10/site-packages/torch/nn/utils/weight_norm.py:30: UserWarning: torch.nn.utils.weight_norm is deprecated in favor of torch.nn.utils.parametrizations.weight_norm.
  warnings.warn("torch.nn.utils.weight_norm is deprecated in favor of torch.nn.utils.parametrizations.weight_norm.")
[2026-06-14 06:26:53,689][models.audio_video_model][INFO] - _IncompatibleKeys(missing_keys=[], unexpected_keys=['mask_emb', 'label_embs_concat', 'final_proj.weight', 'final_proj.bias'])
[2026-06-14 06:26:54,139][main][INFO] - AudioVideoModel(
  (encoder): EncoderBackboneWrapper(
    (pretrained_model): EncoderBackbone(
      (feature_extractor_audio): AudioEncoder(
        (proj): Linear(in_features=104, out_features=768, bias=True)
      )
      (feature_extractor_video): ResEncoder(
        (frontend3D): Sequential(
          (0): Conv3d(1, 64, kernel_size=(5, 7, 7), stride=(1, 2, 2), padding=(2, 3, 3), bias=False)
          (1): BatchNorm3d(64, eps=1e-05, momentum=0.1, affine=True, track_running_stats=True)
          (2): PReLU(num_parameters=64)
          (3): MaxPool3d(kernel_size=(1, 3, 3), stride=(1, 2, 2), padding=(0, 1, 1), dilation=1, ceil_mode=False)
        )
        (trunk): ResNet(
          (layer1): Sequential(
            (0): BasicBlock(
              (conv1): Conv2d(64, 64, kernel_size=(3, 3), stride=(1, 1), padding=(1, 1), bias=False)
              (bn1): BatchNorm2d(64, eps=1e-05, momentum=0.1, affine=True, track_running_stats=True)
              (relu1): PReLU(num_parameters=64)
              (conv2): Conv2d(64, 64, kernel_size=(3, 3), stride=(1, 1), padding=(1, 1), bias=False)
              (bn2): BatchNorm2d(64, eps=1e-05, momentum=0.1, affine=True, track_running_stats=True)
              (relu2): PReLU(num_parameters=64)
            )
            (1): BasicBlock(
              (conv1): Conv2d(64, 64, kernel_size=(3, 3), stride=(1, 1), padding=(1, 1), bias=False)
              (bn1): BatchNorm2d(64, eps=1e-05, momentum=0.1, affine=True, track_running_stats=True)
              (relu1): PReLU(num_parameters=64)
              (conv2): Conv2d(64, 64, kernel_size=(3, 3), stride=(1, 1), padding=(1, 1), bias=False)
              (bn2): BatchNorm2d(64, eps=1e-05, momentum=0.1, affine=True, track_running_stats=True)
              (relu2): PReLU(num_parameters=64)
            )
          )
          (layer2): Sequential(
            (0): BasicBlock(
              (conv1): Conv2d(64, 128, kernel_size=(3, 3), stride=(2, 2), padding=(1, 1), bias=False)
              (bn1): BatchNorm2d(128, eps=1e-05, momentum=0.1, affine=True, track_running_stats=True)
              (relu1): PReLU(num_parameters=128)
              (conv2): Conv2d(128, 128, kernel_size=(3, 3), stride=(1, 1), padding=(1, 1), bias=False)
              (bn2): BatchNorm2d(128, eps=1e-05, momentum=0.1, affine=True, track_running_stats=True)
              (relu2): PReLU(num_parameters=128)
              (downsample): Sequential(
                (0): Conv2d(64, 128, kernel_size=(1, 1), stride=(2, 2), bias=False)
                (1): BatchNorm2d(128, eps=1e-05, momentum=0.1, affine=True, track_running_stats=True)
              )
            )
            (1): BasicBlock(
              (conv1): Conv2d(128, 128, kernel_size=(3, 3), stride=(1, 1), padding=(1, 1), bias=False)
              (bn1): BatchNorm2d(128, eps=1e-05, momentum=0.1, affine=True, track_running_stats=True)
              (relu1): PReLU(num_parameters=128)
              (conv2): Conv2d(128, 128, kernel_size=(3, 3), stride=(1, 1), padding=(1, 1), bias=False)
              (bn2): BatchNorm2d(128, eps=1e-05, momentum=0.1, affine=True, track_running_stats=True)
              (relu2): PReLU(num_parameters=128)
            )
          )
          (layer3): Sequential(
            (0): BasicBlock(
              (conv1): Conv2d(128, 256, kernel_size=(3, 3), stride=(2, 2), padding=(1, 1), bias=False)
              (bn1): BatchNorm2d(256, eps=1e-05, momentum=0.1, affine=True, track_running_stats=True)
              (relu1): PReLU(num_parameters=256)
              (conv2): Conv2d(256, 256, kernel_size=(3, 3), stride=(1, 1), padding=(1, 1), bias=False)
              (bn2): BatchNorm2d(256, eps=1e-05, momentum=0.1, affine=True, track_running_stats=True)
              (relu2): PReLU(num_parameters=256)
              (downsample): Sequential(
                (0): Conv2d(128, 256, kernel_size=(1, 1), stride=(2, 2), bias=False)
                (1): BatchNorm2d(256, eps=1e-05, momentum=0.1, affine=True, track_running_stats=True)
              )
            )
            (1): BasicBlock(
              (conv1): Conv2d(256, 256, kernel_size=(3, 3), stride=(1, 1), padding=(1, 1), bias=False)
              (bn1): BatchNorm2d(256, eps=1e-05, momentum=0.1, affine=True, track_running_stats=True)
              (relu1): PReLU(num_parameters=256)
              (conv2): Conv2d(256, 256, kernel_size=(3, 3), stride=(1, 1), padding=(1, 1), bias=False)
              (bn2): BatchNorm2d(256, eps=1e-05, momentum=0.1, affine=True, track_running_stats=True)
              (relu2): PReLU(num_parameters=256)
            )
          )
          (layer4): Sequential(
            (0): BasicBlock(
              (conv1): Conv2d(256, 512, kernel_size=(3, 3), stride=(2, 2), padding=(1, 1), bias=False)
              (bn1): BatchNorm2d(512, eps=1e-05, momentum=0.1, affine=True, track_running_stats=True)
              (relu1): PReLU(num_parameters=512)
              (conv2): Conv2d(512, 512, kernel_size=(3, 3), stride=(1, 1), padding=(1, 1), bias=False)
              (bn2): BatchNorm2d(512, eps=1e-05, momentum=0.1, affine=True, track_running_stats=True)
              (relu2): PReLU(num_parameters=512)
              (downsample): Sequential(
                (0): Conv2d(256, 512, kernel_size=(1, 1), stride=(2, 2), bias=False)
                (1): BatchNorm2d(512, eps=1e-05, momentum=0.1, affine=True, track_running_stats=True)
              )
            )
            (1): BasicBlock(
              (conv1): Conv2d(512, 512, kernel_size=(3, 3), stride=(1, 1), padding=(1, 1), bias=False)
              (bn1): BatchNorm2d(512, eps=1e-05, momentum=0.1, affine=True, track_running_stats=True)
              (relu1): PReLU(num_parameters=512)
              (conv2): Conv2d(512, 512, kernel_size=(3, 3), stride=(1, 1), padding=(1, 1), bias=False)
              (bn2): BatchNorm2d(512, eps=1e-05, momentum=0.1, affine=True, track_running_stats=True)
              (relu2): PReLU(num_parameters=512)
            )
          )
          (avgpool): AdaptiveAvgPool2d(output_size=1)
        )
        (proj): Linear(in_features=512, out_features=768, bias=True)
      )
      (post_extract_proj): Linear(in_features=1536, out_features=768, bias=True)
      (encoder): TransformerEncoder(
        (pos_conv): Sequential(
          (0): Conv1d(768, 768, kernel_size=(128,), stride=(1,), padding=(64,), groups=16)
          (1): SamePad()
          (2): GELU(approximate='none')
        )
        (layers): ModuleList(
          (0-11): 12 x TransformerSentenceEncoderLayer(
            (self_attn): MultiheadAttention(
              (dropout_module): Dropout(p=0.0, inplace=False)
              (k_proj): Linear(in_features=768, out_features=768, bias=True)
              (v_proj): Linear(in_features=768, out_features=768, bias=True)
              (q_proj): Linear(in_features=768, out_features=768, bias=True)
              (out_proj): Linear(in_features=768, out_features=768, bias=True)
            )
            (dropout1): Dropout(p=0.0, inplace=False)
            (dropout2): Dropout(p=0.1, inplace=False)
            (dropout3): Dropout(p=0.0, inplace=False)
            (self_attn_layer_norm): LayerNorm((768,), eps=1e-05, elementwise_affine=True)
            (fc1): Linear(in_features=768, out_features=3072, bias=True)
            (fc2): Linear(in_features=3072, out_features=768, bias=True)
            (final_layer_norm): LayerNorm((768,), eps=1e-05, elementwise_affine=True)
          )
        )
        (layer_norm): LayerNorm((768,), eps=1e-05, elementwise_affine=True)
      )
      (layer_norm): LayerNorm((1536,), eps=1e-05, elementwise_affine=True)
      (dropout_input): Dropout(p=0.0, inplace=False)
      (dropout_features): Dropout(p=0.1, inplace=False)
    )
  )
  (decoder): TransformerDecoder(
    (embed_tokens): Embedding(1000, 768, padding_idx=1)
    (embed_positions): SinusoidalPositionalEmbedding()
    (layers): ModuleList(
      (0-5): 6 x TransformerDecoderLayer(
        (dropout_module): Dropout(p=0.1, inplace=False)
        (self_attn): MultiheadAttention(
          (dropout_module): Dropout(p=0.0, inplace=False)
          (k_proj): Linear(in_features=768, out_features=768, bias=True)
          (v_proj): Linear(in_features=768, out_features=768, bias=True)
          (q_proj): Linear(in_features=768, out_features=768, bias=True)
          (out_proj): Linear(in_features=768, out_features=768, bias=True)
        )
        (activation_dropout_module): Dropout(p=0.1, inplace=False)
        (self_attn_layer_norm): LayerNorm((768,), eps=1e-05, elementwise_affine=True)
        (encoder_attn): MultiheadAttention(
          (dropout_module): Dropout(p=0.0, inplace=False)
          (k_proj): Linear(in_features=768, out_features=768, bias=True)
          (v_proj): Linear(in_features=768, out_features=768, bias=True)
          (q_proj): Linear(in_features=768, out_features=768, bias=True)
          (out_proj): Linear(in_features=768, out_features=768, bias=True)
        )
        (encoder_attn_layer_norm): LayerNorm((768,), eps=1e-05, elementwise_affine=True)
        (fc1): Linear(in_features=768, out_features=3072, bias=True)
        (fc2): Linear(in_features=3072, out_features=768, bias=True)
        (final_layer_norm): LayerNorm((768,), eps=1e-05, elementwise_affine=True)
      )
    )
    (layer_norm): LayerNorm((768,), eps=1e-05, elementwise_affine=True)
  )
)
[2026-06-14 06:26:54,141][main][INFO] - model: AudioVideoModel
[2026-06-14 06:26:54,142][main][INFO] - criterion: LabelSmoothedCrossEntropyCriterion
[2026-06-14 06:26:54,143][main][INFO] - num. shared model params: 160,100,480 (num. trained: 160,100,480)
[2026-06-14 06:26:54,144][main][INFO] - num. expert model params: 0 (num. trained: 0)
[2026-06-14 06:26:54,144][dataset][INFO] - Using tokenizer
[2026-06-14 06:26:54,193][dataset][INFO] - max_keep=500, min_keep=None, loaded 30782, skipped 0 short and 0 long and 0 unaligned, longest-loaded=155, shortest-loaded=12
[2026-06-14 06:26:54,194][dataset][INFO] - image transform: Compose(
    Normalize(mean=0.0, std=255.0)
    RandomCrop(size=(88, 88))
    <utils.model_utils.HorizontalFlip object at 0x7f02cfe42da0>
    Normalize(mean=0.421, std=0.165)
)
[2026-06-14 06:26:54,204][dataset][INFO] - pad_audio=True, random_crop=False, normalize=True, max_sample_size=500, seqs2seq data=True,
[2026-06-14 06:26:54,205][dataset][INFO] - Using tokenizer
[2026-06-14 06:26:54,210][dataset][INFO] - max_keep=500, min_keep=None, loaded 1200, skipped 0 short and 0 long and 0 unaligned, longest-loaded=155, shortest-loaded=17
[2026-06-14 06:26:54,210][dataset][INFO] - image transform: Compose(
    Normalize(mean=0.0, std=255.0)
    <utils.model_utils.CenterCrop object at 0x7f02cfe433d0>
    Normalize(mean=0.421, std=0.165)
)
[2026-06-14 06:26:54,211][dataset][INFO] - pad_audio=True, random_crop=False, normalize=True, max_sample_size=500, seqs2seq data=True,
[2026-06-14 06:26:55,071][trainer][INFO] - detected shared parameter: encoder.pretrained_model.feature_extractor_video.frontend3D.0.bias <- encoder.pretrained_model.feature_extractor_video.trunk.layer1.0.conv1.bias
[2026-06-14 06:26:55,072][trainer][INFO] - detected shared parameter: encoder.pretrained_model.feature_extractor_video.frontend3D.0.bias <- encoder.pretrained_model.feature_extractor_video.trunk.layer1.0.conv2.bias
[2026-06-14 06:26:55,072][trainer][INFO] - detected shared parameter: encoder.pretrained_model.feature_extractor_video.frontend3D.0.bias <- encoder.pretrained_model.feature_extractor_video.trunk.layer1.1.conv1.bias
[2026-06-14 06:26:55,072][trainer][INFO] - detected shared parameter: encoder.pretrained_model.feature_extractor_video.frontend3D.0.bias <- encoder.pretrained_model.feature_extractor_video.trunk.layer1.1.conv2.bias
[2026-06-14 06:26:55,072][trainer][INFO] - detected shared parameter: encoder.pretrained_model.feature_extractor_video.frontend3D.0.bias <- encoder.pretrained_model.feature_extractor_video.trunk.layer2.0.conv1.bias
[2026-06-14 06:26:55,072][trainer][INFO] - detected shared parameter: encoder.pretrained_model.feature_extractor_video.frontend3D.0.bias <- encoder.pretrained_model.feature_extractor_video.trunk.layer2.0.conv2.bias
[2026-06-14 06:26:55,072][trainer][INFO] - detected shared parameter: encoder.pretrained_model.feature_extractor_video.frontend3D.0.bias <- encoder.pretrained_model.feature_extractor_video.trunk.layer2.0.downsample.0.bias
[2026-06-14 06:26:55,072][trainer][INFO] - detected shared parameter: encoder.pretrained_model.feature_extractor_video.frontend3D.0.bias <- encoder.pretrained_model.feature_extractor_video.trunk.layer2.1.conv1.bias
[2026-06-14 06:26:55,073][trainer][INFO] - detected shared parameter: encoder.pretrained_model.feature_extractor_video.frontend3D.0.bias <- encoder.pretrained_model.feature_extractor_video.trunk.layer2.1.conv2.bias
[2026-06-14 06:26:55,073][trainer][INFO] - detected shared parameter: encoder.pretrained_model.feature_extractor_video.frontend3D.0.bias <- encoder.pretrained_model.feature_extractor_video.trunk.layer3.0.conv1.bias
[2026-06-14 06:26:55,073][trainer][INFO] - detected shared parameter: encoder.pretrained_model.feature_extractor_video.frontend3D.0.bias <- encoder.pretrained_model.feature_extractor_video.trunk.layer3.0.conv2.bias
[2026-06-14 06:26:55,073][trainer][INFO] - detected shared parameter: encoder.pretrained_model.feature_extractor_video.frontend3D.0.bias <- encoder.pretrained_model.feature_extractor_video.trunk.layer3.0.downsample.0.bias
[2026-06-14 06:26:55,073][trainer][INFO] - detected shared parameter: encoder.pretrained_model.feature_extractor_video.frontend3D.0.bias <- encoder.pretrained_model.feature_extractor_video.trunk.layer3.1.conv1.bias
[2026-06-14 06:26:55,074][trainer][INFO] - detected shared parameter: encoder.pretrained_model.feature_extractor_video.frontend3D.0.bias <- encoder.pretrained_model.feature_extractor_video.trunk.layer3.1.conv2.bias
[2026-06-14 06:26:55,074][trainer][INFO] - detected shared parameter: encoder.pretrained_model.feature_extractor_video.frontend3D.0.bias <- encoder.pretrained_model.feature_extractor_video.trunk.layer4.0.conv1.bias
[2026-06-14 06:26:55,074][trainer][INFO] - detected shared parameter: encoder.pretrained_model.feature_extractor_video.frontend3D.0.bias <- encoder.pretrained_model.feature_extractor_video.trunk.layer4.0.conv2.bias
[2026-06-14 06:26:55,074][trainer][INFO] - detected shared parameter: encoder.pretrained_model.feature_extractor_video.frontend3D.0.bias <- encoder.pretrained_model.feature_extractor_video.trunk.layer4.0.downsample.0.bias
[2026-06-14 06:26:55,074][trainer][INFO] - detected shared parameter: encoder.pretrained_model.feature_extractor_video.frontend3D.0.bias <- encoder.pretrained_model.feature_extractor_video.trunk.layer4.1.conv1.bias
[2026-06-14 06:26:55,074][trainer][INFO] - detected shared parameter: encoder.pretrained_model.feature_extractor_video.frontend3D.0.bias <- encoder.pretrained_model.feature_extractor_video.trunk.layer4.1.conv2.bias
[2026-06-14 06:26:55,074][fairseq.utils][INFO] - ***********************CUDA enviroments for all 1 workers***********************
[2026-06-14 06:26:55,075][fairseq.utils][INFO] - rank   0: capabilities =  9.0  ; total memory = 79.179 GB ; name = NVIDIA H100 80GB HBM3                   
[2026-06-14 06:26:55,075][fairseq.utils][INFO] - ***********************CUDA enviroments for all 1 workers***********************
[2026-06-14 06:26:55,075][main][INFO] - training on 1 devices (GPUs/TPUs)
[2026-06-14 06:26:55,075][main][INFO] - max tokens per device = 1000 and max sentences per device = None
[2026-06-14 06:26:55,076][trainer][INFO] - Preparing to load checkpoint checkpoints/checkpoint_last.pt
[2026-06-14 06:26:55,076][trainer][INFO] - No existing checkpoint found checkpoints/checkpoint_last.pt
[2026-06-14 06:26:56,156][trainer][INFO] - begin training epoch 1
[2026-06-14 06:26:56,156][main][INFO] - Start iterating over samples
[2026-06-14 06:28:39,718][train_inner][INFO] - {"epoch": 1, "update": 0.063, "loss": "155.057", "nll_loss": "8.515", "total": "178.305", "n_correct": "10.725", "ppl": "365.79", "accuracy": "6.015", "wps": "347.1", "ups": "1.95", "wpb": "178.3", "bsz": "10.1", "num_updates": "200", "lr": "2.98e-05", "gnorm": "94.473", "loss_scale": "128", "train_wall": "20", "gb_free": "75.7", "wall": "105"}
[2026-06-14 06:31:33,941][train_inner][INFO] - {"epoch": 1, "update": 0.126, "loss": "169.629", "nll_loss": "8.159", "total": "181.27", "n_correct": "11.4", "ppl": "285.87", "accuracy": "6.289", "wps": "208.1", "ups": "1.15", "wpb": "181.3", "bsz": "9", "num_updates": "400", "lr": "4.96e-05", "gnorm": "67.761", "loss_scale": "128", "train_wall": "15", "gb_free": "75.7", "wall": "279"}
[2026-06-14 06:33:42,885][train_inner][INFO] - {"epoch": 1, "update": 0.189, "loss": "156.082", "nll_loss": "8.043", "total": "177.86", "n_correct": "13.43", "ppl": "263.78", "accuracy": "7.551", "wps": "275.9", "ups": "1.55", "wpb": "177.9", "bsz": "9.5", "num_updates": "600", "lr": "6.94e-05", "gnorm": "54.587", "loss_scale": "128", "train_wall": "14", "gb_free": "75.7", "wall": "408"}
[2026-06-14 06:37:56,203][train_inner][INFO] - {"epoch": 1, "update": 0.252, "loss": "149.527", "nll_loss": "7.892", "total": "179.33", "n_correct": "18.19", "ppl": "237.45", "accuracy": "10.143", "wps": "141.6", "ups": "0.79", "wpb": "179.3", "bsz": "9.9", "num_updates": "800", "lr": "8.92e-05", "gnorm": "50.857", "loss_scale": "128", "train_wall": "15", "gb_free": "75.7", "wall": "661"}
[2026-06-14 06:39:54,336][train_inner][INFO] - {"epoch": 1, "update": 0.315, "loss": "153.996", "nll_loss": "7.764", "total": "176.56", "n_correct": "20.175", "ppl": "217.29", "accuracy": "11.427", "wps": "299", "ups": "1.69", "wpb": "176.6", "bsz": "9.3", "num_updates": "1000", "lr": "0.000109", "gnorm": "50.552", "loss_scale": "128", "train_wall": "14", "gb_free": "75.7", "wall": "779"}
[2026-06-14 06:41:38,591][train_inner][INFO] - {"epoch": 1, "update": 0.378, "loss": "151.425", "nll_loss": "7.586", "total": "177.705", "n_correct": "22.665", "ppl": "192.2", "accuracy": "12.754", "wps": "340.9", "ups": "1.92", "wpb": "177.7", "bsz": "9.3", "num_updates": "1200", "lr": "0.0001288", "gnorm": "51.488", "loss_scale": "128", "train_wall": "13", "gb_free": "75.7", "wall": "884"}
[2026-06-14 06:45:12,692][train_inner][INFO] - {"epoch": 1, "update": 0.441, "loss": "138.839", "nll_loss": "7.431", "total": "180.08", "n_correct": "25.125", "ppl": "172.6", "accuracy": "13.952", "wps": "168.2", "ups": "0.93", "wpb": "180.1", "bsz": "10.2", "num_updates": "1400", "lr": "0.0001486", "gnorm": "48.878", "loss_scale": "128", "train_wall": "15", "gb_free": "75.7", "wall": "1098"}
[2026-06-14 06:47:44,778][train_inner][INFO] - {"epoch": 1, "update": 0.504, "loss": "147.952", "nll_loss": "7.38", "total": "179.95", "n_correct": "25.045", "ppl": "166.59", "accuracy": "13.918", "wps": "236.7", "ups": "1.32", "wpb": "179.9", "bsz": "9.5", "num_updates": "1600", "lr": "0.0001684", "gnorm": "50.026", "loss_scale": "128", "train_wall": "14", "gb_free": "75.7", "wall": "1250"}
[2026-06-14 06:51:14,319][train_inner][INFO] - {"epoch": 1, "update": 0.567, "loss": "131.104", "nll_loss": "7.153", "total": "181.98", "n_correct": "28.55", "ppl": "142.33", "accuracy": "15.689", "wps": "173.7", "ups": "0.95", "wpb": "182", "bsz": "10.5", "num_updates": "1800", "lr": "0.0001882", "gnorm": "46.884", "loss_scale": "128", "train_wall": "15", "gb_free": "75.7", "wall": "1459"}
[2026-06-14 06:52:59,244][train_inner][INFO] - {"epoch": 1, "update": 0.63, "loss": "140.174", "nll_loss": "7.102", "total": "182.14", "n_correct": "29.11", "ppl": "137.35", "accuracy": "15.982", "wps": "347.2", "ups": "1.91", "wpb": "182.1", "bsz": "9.8", "num_updates": "2000", "lr": "0.000208", "gnorm": "48.596", "loss_scale": "128", "train_wall": "14", "gb_free": "75.7", "wall": "1564"}
[2026-06-14 06:55:28,188][train_inner][INFO] - {"epoch": 1, "update": 0.693, "loss": "141.235", "nll_loss": "7.005", "total": "178.665", "n_correct": "28.725", "ppl": "128.46", "accuracy": "16.078", "wps": "239.9", "ups": "1.34", "wpb": "178.7", "bsz": "9.4", "num_updates": "2200", "lr": "0.0002278", "gnorm": "48.927", "loss_scale": "128", "train_wall": "14", "gb_free": "75.7", "wall": "1713"}
[2026-06-14 06:57:05,276][train_inner][INFO] - {"epoch": 1, "update": 0.756, "loss": "141.412", "nll_loss": "6.878", "total": "180.825", "n_correct": "31.055", "ppl": "117.6", "accuracy": "17.174", "wps": "372.6", "ups": "2.06", "wpb": "180.8", "bsz": "9.4", "num_updates": "2400", "lr": "0.0002476", "gnorm": "50.355", "loss_scale": "128", "train_wall": "13", "gb_free": "75.7", "wall": "1810"}
[2026-06-14 06:59:51,134][train_inner][INFO] - {"epoch": 1, "update": 0.819, "loss": "135.508", "nll_loss": "6.732", "total": "181.03", "n_correct": "32.375", "ppl": "106.28", "accuracy": "17.884", "wps": "218.3", "ups": "1.21", "wpb": "181", "bsz": "9.7", "num_updates": "2600", "lr": "0.0002674", "gnorm": "49.818", "loss_scale": "128", "train_wall": "14", "gb_free": "75.7", "wall": "1976"}
[2026-06-14 07:03:54,936][train_inner][INFO] - {"epoch": 1, "update": 0.882, "loss": "129.882", "nll_loss": "6.521", "total": "175.29", "n_correct": "34.135", "ppl": "91.81", "accuracy": "19.473", "wps": "143.8", "ups": "0.82", "wpb": "175.3", "bsz": "9.5", "num_updates": "2800", "lr": "0.0002872", "gnorm": "48.499", "loss_scale": "128", "train_wall": "15", "gb_free": "75.7", "wall": "2220"}
[2026-06-14 07:06:05,841][train_inner][INFO] - {"epoch": 1, "update": 0.945, "loss": "131.803", "nll_loss": "6.474", "total": "183.02", "n_correct": "35.91", "ppl": "88.86", "accuracy": "19.621", "wps": "279.7", "ups": "1.53", "wpb": "183", "bsz": "9.7", "num_updates": "3000", "lr": "0.000307", "gnorm": "49.325", "loss_scale": "128", "train_wall": "14", "gb_free": "75.7", "wall": "2351"}
[2026-06-14 07:09:48,053][main][INFO] - end of epoch 1 (average epoch stats below)
[2026-06-14 07:09:48,093][train][INFO] - {"epoch": 1, "train_loss": "143.386", "train_nll_loss": "7.314", "train_total": "179.799", "train_n_correct": "25.1754", "train_ppl": "159.09", "train_accuracy": "14.002", "train_wps": "222.1", "train_ups": "1.24", "train_wpb": "179.8", "train_bsz": "9.7", "train_num_updates": "3176", "train_lr": "0.000324424", "train_gnorm": "53.741", "train_loss_scale": "128", "train_train_wall": "233", "train_gb_free": "75.7", "train_wall": "2573"}
[2026-06-14 07:09:49,341][trainer][INFO] - begin training epoch 2
[2026-06-14 07:09:49,341][main][INFO] - Start iterating over samples
[2026-06-14 07:10:21,345][train_inner][INFO] - {"epoch": 2, "update": 1.008, "loss": "123.989", "nll_loss": "6.295", "total": "181.945", "n_correct": "37.495", "ppl": "78.54", "accuracy": "20.608", "wps": "142.4", "ups": "0.78", "wpb": "181.9", "bsz": "10.1", "num_updates": "3200", "lr": "0.0003268", "gnorm": "48.316", "loss_scale": "128", "train_wall": "15", "gb_free": "75.7", "wall": "2606"}
[2026-06-14 07:13:05,368][train_inner][INFO] - {"epoch": 2, "update": 1.071, "loss": "125.367", "nll_loss": "6.182", "total": "181.22", "n_correct": "37.715", "ppl": "72.6", "accuracy": "20.812", "wps": "221", "ups": "1.22", "wpb": "181.2", "bsz": "9.8", "num_updates": "3400", "lr": "0.0003466", "gnorm": "49.811", "loss_scale": "128", "train_wall": "14", "gb_free": "75.7", "wall": "2770"}
[2026-06-14 07:15:14,367][train_inner][INFO] - {"epoch": 2, "update": 1.134, "loss": "118.026", "nll_loss": "5.936", "total": "184.03", "n_correct": "42.165", "ppl": "61.21", "accuracy": "22.912", "wps": "285.4", "ups": "1.55", "wpb": "184", "bsz": "10.2", "num_updates": "3600", "lr": "0.0003664", "gnorm": "50.224", "loss_scale": "128", "train_wall": "13", "gb_free": "75.7", "wall": "2899"}
[2026-06-14 07:16:57,484][train_inner][INFO] - {"epoch": 2, "update": 1.196, "loss": "125.047", "nll_loss": "5.779", "total": "177.94", "n_correct": "42.71", "ppl": "54.91", "accuracy": "24.002", "wps": "345.2", "ups": "1.94", "wpb": "177.9", "bsz": "9.1", "num_updates": "3800", "lr": "0.0003862", "gnorm": "53.09", "loss_scale": "128", "train_wall": "13", "gb_free": "75.7", "wall": "3002"}
[2026-06-14 07:18:40,793][train_inner][INFO] - {"epoch": 2, "update": 1.259, "loss": "117.656", "nll_loss": "5.567", "total": "176.96", "n_correct": "45.325", "ppl": "47.41", "accuracy": "25.613", "wps": "342.6", "ups": "1.94", "wpb": "177", "bsz": "9.4", "num_updates": "4000", "lr": "0.000406", "gnorm": "54.134", "loss_scale": "128", "train_wall": "13", "gb_free": "75.7", "wall": "3106"}
[2026-06-14 07:20:27,511][train_inner][INFO] - {"epoch": 2, "update": 1.322, "loss": "117.309", "nll_loss": "5.344", "total": "182.315", "n_correct": "49.905", "ppl": "40.63", "accuracy": "27.373", "wps": "341.7", "ups": "1.87", "wpb": "182.3", "bsz": "9.4", "num_updates": "4200", "lr": "0.0004258", "gnorm": "56.71", "loss_scale": "128", "train_wall": "13", "gb_free": "75.7", "wall": "3212"}
[2026-06-14 07:22:14,143][train_inner][INFO] - {"epoch": 2, "update": 1.385, "loss": "102.418", "nll_loss": "5.082", "total": "178.705", "n_correct": "53.23", "ppl": "33.86", "accuracy": "29.787", "wps": "335.2", "ups": "1.88", "wpb": "178.7", "bsz": "10.2", "num_updates": "4400", "lr": "0.0004456", "gnorm": "53.507", "loss_scale": "128", "train_wall": "13", "gb_free": "75.7", "wall": "3319"}
[2026-06-14 07:24:02,899][train_inner][INFO] - {"epoch": 2, "update": 1.448, "loss": "97.628", "nll_loss": "4.936", "total": "182.91", "n_correct": "57.84", "ppl": "30.6", "accuracy": "31.622", "wps": "336.4", "ups": "1.84", "wpb": "182.9", "bsz": "10.7", "num_updates": "4600", "lr": "0.0004654", "gnorm": "51.556", "loss_scale": "128", "train_wall": "13", "gb_free": "75.7", "wall": "3428"}
[2026-06-14 07:25:47,447][train_inner][INFO] - {"epoch": 2, "update": 1.511, "loss": "103.266", "nll_loss": "4.845", "total": "178.54", "n_correct": "57.94", "ppl": "28.75", "accuracy": "32.452", "wps": "341.6", "ups": "1.91", "wpb": "178.5", "bsz": "9.7", "num_updates": "4800", "lr": "0.0004852", "gnorm": "52.83", "loss_scale": "128", "train_wall": "13", "gb_free": "75.7", "wall": "3532"}
[2026-06-14 07:27:30,329][train_inner][INFO] - {"epoch": 2, "update": 1.574, "loss": "99.185", "nll_loss": "4.693", "total": "181.955", "n_correct": "61.915", "ppl": "25.87", "accuracy": "34.028", "wps": "353.8", "ups": "1.94", "wpb": "182", "bsz": "10.1", "num_updates": "5000", "lr": "0.000505", "gnorm": "51.995", "loss_scale": "128", "train_wall": "13", "gb_free": "75.7", "wall": "3635"}
[2026-06-14 07:29:12,861][train_inner][INFO] - {"epoch": 2, "update": 1.637, "loss": "95.289", "nll_loss": "4.58", "total": "178.205", "n_correct": "61.85", "ppl": "23.91", "accuracy": "34.707", "wps": "347.6", "ups": "1.95", "wpb": "178.2", "bsz": "10.1", "num_updates": "5200", "lr": "0.0005248", "gnorm": "50.015", "loss_scale": "128", "train_wall": "13", "gb_free": "75.7", "wall": "3738"}
[2026-06-14 07:30:53,143][train_inner][INFO] - {"epoch": 2, "update": 1.7, "loss": "92.428", "nll_loss": "4.455", "total": "177.005", "n_correct": "65.185", "ppl": "21.93", "accuracy": "36.827", "wps": "353.1", "ups": "1.99", "wpb": "177", "bsz": "10.1", "num_updates": "5400", "lr": "0.0005446", "gnorm": "49.615", "loss_scale": "128", "train_wall": "13", "gb_free": "75.7", "wall": "3838"}
[2026-06-14 07:32:30,979][train_inner][INFO] - {"epoch": 2, "update": 1.763, "loss": "108.74", "nll_loss": "4.427", "total": "181.805", "n_correct": "66.68", "ppl": "21.51", "accuracy": "36.677", "wps": "371.7", "ups": "2.04", "wpb": "181.8", "bsz": "8.8", "num_updates": "5600", "lr": "0.0005644", "gnorm": "52.306", "loss_scale": "128", "train_wall": "13", "gb_free": "75.7", "wall": "3936"}
[2026-06-14 07:34:09,545][train_inner][INFO] - {"epoch": 2, "update": 1.826, "loss": "102.655", "nll_loss": "4.249", "total": "179.055", "n_correct": "69.845", "ppl": "19.01", "accuracy": "39.008", "wps": "363.4", "ups": "2.03", "wpb": "179.1", "bsz": "8.9", "num_updates": "5800", "lr": "0.0005842", "gnorm": "50.866", "loss_scale": "128", "train_wall": "13", "gb_free": "75.7", "wall": "4034"}
[2026-06-14 07:35:49,889][train_inner][INFO] - {"epoch": 2, "update": 1.889, "loss": "99.768", "nll_loss": "4.196", "total": "178.135", "n_correct": "70.325", "ppl": "18.33", "accuracy": "39.478", "wps": "355.1", "ups": "1.99", "wpb": "178.1", "bsz": "9.1", "num_updates": "6000", "lr": "0.000604", "gnorm": "49.92", "loss_scale": "128", "train_wall": "13", "gb_free": "75.7", "wall": "4135"}
[2026-06-14 07:37:31,886][train_inner][INFO] - {"epoch": 2, "update": 1.952, "loss": "91.375", "nll_loss": "4.077", "total": "180.595", "n_correct": "74.41", "ppl": "16.88", "accuracy": "41.203", "wps": "354.2", "ups": "1.96", "wpb": "180.6", "bsz": "9.8", "num_updates": "6200", "lr": "0.0006238", "gnorm": "46.173", "loss_scale": "128", "train_wall": "13", "gb_free": "75.7", "wall": "4237"}
[2026-06-14 07:38:48,354][main][INFO] - begin validation on "valid" subset
[2026-06-14 07:39:51,458][valid][INFO] - {"epoch": 2, "valid_loss": "82.707", "valid_nll_loss": "3.333", "valid_total": "178.205", "valid_n_correct": "87.3622", "valid_ppl": "10.08", "valid_accuracy": "49.024", "valid_wps": "361.6", "valid_wpb": "178.2", "valid_bsz": "9.4", "valid_num_updates": "6352"}
[2026-06-14 07:39:51,459][fairseq.checkpoint_utils][INFO] - Preparing to save checkpoint for epoch 2 @ 6352 updates
[2026-06-14 07:39:51,460][trainer][INFO] - Saving checkpoint to checkpoints/checkpoint_best.pt
[2026-06-14 07:39:55,764][trainer][INFO] - Finished saving checkpoint to checkpoints/checkpoint_best.pt
[2026-06-14 07:40:00,512][fairseq.checkpoint_utils][INFO] - Saved checkpoint checkpoints/checkpoint_best.pt (epoch 2 @ 6352 updates, score 49.024) (writing took 9.05259976000525 seconds)
[2026-06-14 07:40:00,512][main][INFO] - end of epoch 2 (average epoch stats below)
[2026-06-14 07:40:00,523][train][INFO] - {"epoch": 2, "train_loss": "105.632", "train_nll_loss": "4.921", "train_total": "179.799", "train_n_correct": "57.8385", "train_ppl": "30.3", "train_accuracy": "32.168", "train_wps": "315.1", "train_ups": "1.75", "train_wpb": "179.8", "train_bsz": "9.7", "train_num_updates": "6352", "train_lr": "0.000638848", "train_gnorm": "51.193", "train_loss_scale": "128", "train_train_wall": "210", "train_gb_free": "75.7", "train_wall": "4385"}
[2026-06-14 07:40:01,142][trainer][INFO] - begin training epoch 3
[2026-06-14 07:40:01,142][main][INFO] - Start iterating over samples
[2026-06-14 07:40:25,022][train_inner][INFO] - {"epoch": 3, "update": 2.015, "loss": "89.469", "nll_loss": "3.935", "total": "177.825", "n_correct": "76.075", "ppl": "15.29", "accuracy": "42.781", "wps": "205.4", "ups": "1.16", "wpb": "177.8", "bsz": "9.6", "num_updates": "6400", "lr": "0.0006436", "gnorm": "45.65", "loss_scale": "128", "train_wall": "13", "gb_free": "75.7", "wall": "4410"}
[2026-06-14 07:42:07,990][train_inner][INFO] - {"epoch": 3, "update": 2.078, "loss": "87.289", "nll_loss": "3.864", "total": "183.205", "n_correct": "79.56", "ppl": "14.56", "accuracy": "43.427", "wps": "355.9", "ups": "1.94", "wpb": "183.2", "bsz": "10.1", "num_updates": "6600", "lr": "0.0006634", "gnorm": "44.901", "loss_scale": "128", "train_wall": "13", "gb_free": "75.7", "wall": "4513"}
[2026-06-14 07:43:49,304][train_inner][INFO] - {"epoch": 3, "update": 2.141, "loss": "85.082", "nll_loss": "3.731", "total": "177.205", "n_correct": "80.39", "ppl": "13.27", "accuracy": "45.366", "wps": "349.9", "ups": "1.97", "wpb": "177.2", "bsz": "9.8", "num_updates": "6800", "lr": "0.0006832", "gnorm": "42.821", "loss_scale": "128", "train_wall": "13", "gb_free": "75.7", "wall": "4614"}
[2026-06-14 07:45:29,851][train_inner][INFO] - {"epoch": 3, "update": 2.204, "loss": "84.247", "nll_loss": "3.711", "total": "178.395", "n_correct": "81.185", "ppl": "13.1", "accuracy": "45.509", "wps": "354.9", "ups": "1.99", "wpb": "178.4", "bsz": "9.9", "num_updates": "7000", "lr": "0.000703", "gnorm": "41.974", "loss_scale": "128", "train_wall": "13", "gb_free": "75.7", "wall": "4715"}
[2026-06-14 07:47:15,627][train_inner][INFO] - {"epoch": 3, "update": 2.267, "loss": "88.984", "nll_loss": "3.682", "total": "185.385", "n_correct": "85.705", "ppl": "12.83", "accuracy": "46.231", "wps": "350.6", "ups": "1.89", "wpb": "185.4", "bsz": "9.7", "num_updates": "7200", "lr": "0.0007228", "gnorm": "43.063", "loss_scale": "128", "train_wall": "13", "gb_free": "75.7", "wall": "4821"}
[2026-06-14 07:48:53,889][train_inner][INFO] - {"epoch": 3, "update": 2.33, "loss": "87.892", "nll_loss": "3.563", "total": "178.965", "n_correct": "85.56", "ppl": "11.82", "accuracy": "47.808", "wps": "364.3", "ups": "2.04", "wpb": "179", "bsz": "9.2", "num_updates": "7400", "lr": "0.0007426", "gnorm": "41.363", "loss_scale": "128", "train_wall": "13", "gb_free": "75.7", "wall": "4919"}
[2026-06-14 07:50:35,828][train_inner][INFO] - {"epoch": 3, "update": 2.393, "loss": "84.64", "nll_loss": "3.599", "total": "183.475", "n_correct": "86.945", "ppl": "12.12", "accuracy": "47.388", "wps": "360", "ups": "1.96", "wpb": "183.5", "bsz": "9.9", "num_updates": "7600", "lr": "0.0007624", "gnorm": "40.657", "loss_scale": "128", "train_wall": "13", "gb_free": "75.7", "wall": "5021"}
[2026-06-14 07:52:16,933][train_inner][INFO] - {"epoch": 3, "update": 2.456, "loss": "87.165", "nll_loss": "3.491", "total": "179.125", "n_correct": "87.705", "ppl": "11.25", "accuracy": "48.963", "wps": "354.4", "ups": "1.98", "wpb": "179.1", "bsz": "9.2", "num_updates": "7800", "lr": "0.0007822", "gnorm": "40.163", "loss_scale": "128", "train_wall": "13", "gb_free": "75.7", "wall": "5122"}
[2026-06-14 07:54:00,952][train_inner][INFO] - {"epoch": 3, "update": 2.519, "loss": "80.32", "nll_loss": "3.402", "total": "182.37", "n_correct": "92.135", "ppl": "10.57", "accuracy": "50.521", "wps": "350.7", "ups": "1.92", "wpb": "182.4", "bsz": "10", "num_updates": "8000", "lr": "0.000802", "gnorm": "38.274", "loss_scale": "128", "train_wall": "13", "gb_free": "75.7", "wall": "5226"}
[2026-06-14 07:55:56,886][train_inner][INFO] - {"epoch": 3, "update": 2.582, "loss": "80.591", "nll_loss": "3.347", "total": "179.46", "n_correct": "91.795", "ppl": "10.17", "accuracy": "51.151", "wps": "309.6", "ups": "1.73", "wpb": "179.5", "bsz": "9.7", "num_updates": "8200", "lr": "0.0008218", "gnorm": "36.374", "loss_scale": "128", "train_wall": "13", "gb_free": "75.7", "wall": "5342"}
[2026-06-14 07:57:57,563][train_inner][INFO] - {"epoch": 3, "update": 2.645, "loss": "79.559", "nll_loss": "3.294", "total": "178.09", "n_correct": "93", "ppl": "9.81", "accuracy": "52.221", "wps": "295.2", "ups": "1.66", "wpb": "178.1", "bsz": "9.6", "num_updates": "8400", "lr": "0.0008416", "gnorm": "35.724", "loss_scale": "128", "train_wall": "14", "gb_free": "75.7", "wall": "5462"}
[2026-06-14 07:59:52,865][train_inner][INFO] - {"epoch": 3, "update": 2.708, "loss": "82.597", "nll_loss": "3.206", "total": "177.395", "n_correct": "94.165", "ppl": "9.22", "accuracy": "53.082", "wps": "307.7", "ups": "1.73", "wpb": "177.4", "bsz": "9.1", "num_updates": "8600", "lr": "0.0008614", "gnorm": "35.269", "loss_scale": "128", "train_wall": "14", "gb_free": "75.7", "wall": "5578"}
[2026-06-14 08:01:42,441][train_inner][INFO] - {"epoch": 3, "update": 2.771, "loss": "77.775", "nll_loss": "3.203", "total": "181.54", "n_correct": "96.7", "ppl": "9.21", "accuracy": "53.266", "wps": "331.4", "ups": "1.83", "wpb": "181.5", "bsz": "9.9", "num_updates": "8800", "lr": "0.0008812", "gnorm": "34.484", "loss_scale": "128", "train_wall": "14", "gb_free": "75.7", "wall": "5687"}
[2026-06-14 08:03:35,550][train_inner][INFO] - {"epoch": 3, "update": 2.834, "loss": "72.252", "nll_loss": "3.065", "total": "175.895", "n_correct": "96.68", "ppl": "8.37", "accuracy": "54.965", "wps": "311", "ups": "1.77", "wpb": "175.9", "bsz": "10", "num_updates": "9000", "lr": "0.000901", "gnorm": "33.051", "loss_scale": "128", "train_wall": "13", "gb_free": "75.7", "wall": "5800"}
[2026-06-14 08:05:31,720][train_inner][INFO] - {"epoch": 3, "update": 2.897, "loss": "74.668", "nll_loss": "3.015", "total": "178.905", "n_correct": "100.025", "ppl": "8.09", "accuracy": "55.91", "wps": "308", "ups": "1.72", "wpb": "178.9", "bsz": "9.7", "num_updates": "9200", "lr": "0.0009208", "gnorm": "32.395", "loss_scale": "128", "train_wall": "13", "gb_free": "75.7", "wall": "5917"}
[2026-06-14 08:07:33,225][train_inner][INFO] - {"epoch": 3, "update": 2.96, "loss": "74.357", "nll_loss": "2.98", "total": "179", "n_correct": "100.725", "ppl": "7.89", "accuracy": "56.271", "wps": "294.7", "ups": "1.65", "wpb": "179", "bsz": "9.7", "num_updates": "9400", "lr": "0.0009406", "gnorm": "32.227", "loss_scale": "128", "train_wall": "13", "gb_free": "75.7", "wall": "6038"}
[2026-06-14 08:08:46,464][main][INFO] - end of epoch 3 (average epoch stats below)
[2026-06-14 08:08:46,474][train][INFO] - {"epoch": 3, "train_loss": "81.484", "train_nll_loss": "3.397", "train_total": "179.799", "train_n_correct": "90.4931", "train_ppl": "10.53", "train_accuracy": "50.33", "train_wps": "330.9", "train_ups": "1.84", "train_wpb": "179.8", "train_bsz": "9.7", "train_num_updates": "9528", "train_lr": "0.000953272", "train_gnorm": "38.04", "train_loss_scale": "128", "train_train_wall": "209", "train_gb_free": "75.7", "train_wall": "6111"}
[2026-06-14 08:08:47,067][trainer][INFO] - begin training epoch 4
[2026-06-14 08:08:47,067][main][INFO] - Start iterating over samples
[2026-06-14 08:09:27,505][train_inner][INFO] - {"epoch": 4, "update": 3.023, "loss": "68.21", "nll_loss": "2.84", "total": "176.035", "n_correct": "102.89", "ppl": "7.16", "accuracy": "58.449", "wps": "308.2", "ups": "1.75", "wpb": "176", "bsz": "10.1", "num_updates": "9600", "lr": "0.0009604", "gnorm": "30.145", "loss_scale": "128", "train_wall": "13", "gb_free": "75.7", "wall": "6152"}
[2026-06-14 08:11:21,792][train_inner][INFO] - {"epoch": 4, "update": 3.086, "loss": "67.505", "nll_loss": "2.824", "total": "178.395", "n_correct": "105.07", "ppl": "7.08", "accuracy": "58.897", "wps": "312.2", "ups": "1.75", "wpb": "178.4", "bsz": "10.3", "num_updates": "9800", "lr": "0.0009802", "gnorm": "29.152", "loss_scale": "128", "train_wall": "13", "gb_free": "75.7", "wall": "6267"}
[2026-06-14 08:13:16,711][train_inner][INFO] - {"epoch": 4, "update": 3.149, "loss": "75.569", "nll_loss": "2.793", "total": "177.085", "n_correct": "104.425", "ppl": "6.93", "accuracy": "58.969", "wps": "308.2", "ups": "1.74", "wpb": "177.1", "bsz": "9.1", "num_updates": "10000", "lr": "0.001", "gnorm": "31.833", "loss_scale": "128", "train_wall": "13", "gb_free": "75.7", "wall": "6382"}
[2026-06-14 08:15:12,841][train_inner][INFO] - {"epoch": 4, "update": 3.212, "loss": "66.552", "nll_loss": "2.68", "total": "176.615", "n_correct": "107.345", "ppl": "6.41", "accuracy": "60.779", "wps": "304.2", "ups": "1.72", "wpb": "176.6", "bsz": "10", "num_updates": "10200", "lr": "0.000970487", "gnorm": "28.13", "loss_scale": "128", "train_wall": "13", "gb_free": "75.7", "wall": "6498"}
[2026-06-14 08:17:04,578][train_inner][INFO] - {"epoch": 4, "update": 3.275, "loss": "72.29", "nll_loss": "2.785", "total": "179.855", "n_correct": "106.77", "ppl": "6.89", "accuracy": "59.364", "wps": "322", "ups": "1.79", "wpb": "179.9", "bsz": "9.6", "num_updates": "10400", "lr": "0.000941845", "gnorm": "29.712", "loss_scale": "128", "train_wall": "13", "gb_free": "75.7", "wall": "6609"}
[2026-06-14 08:18:58,138][train_inner][INFO] - {"epoch": 4, "update": 3.338, "loss": "72.995", "nll_loss": "2.589", "total": "179.76", "n_correct": "111.69", "ppl": "6.02", "accuracy": "62.133", "wps": "316.6", "ups": "1.76", "wpb": "179.8", "bsz": "9.1", "num_updates": "10600", "lr": "0.000914048", "gnorm": "29.081", "loss_scale": "128", "train_wall": "13", "gb_free": "75.7", "wall": "6723"}
[2026-06-14 08:20:47,424][train_inner][INFO] - {"epoch": 4, "update": 3.401, "loss": "66.15", "nll_loss": "2.487", "total": "177.71", "n_correct": "112.72", "ppl": "5.61", "accuracy": "63.429", "wps": "325.3", "ups": "1.83", "wpb": "177.7", "bsz": "9.7", "num_updates": "10800", "lr": "0.000887072", "gnorm": "27.784", "loss_scale": "128", "train_wall": "13", "gb_free": "75.7", "wall": "6832"}
[2026-06-14 08:22:41,128][train_inner][INFO] - {"epoch": 4, "update": 3.463, "loss": "69.083", "nll_loss": "2.556", "total": "182.28", "n_correct": "114.68", "ppl": "5.88", "accuracy": "62.914", "wps": "320.7", "ups": "1.76", "wpb": "182.3", "bsz": "9.7", "num_updates": "11000", "lr": "0.000860892", "gnorm": "28.257", "loss_scale": "128", "train_wall": "13", "gb_free": "75.7", "wall": "6946"}
[2026-06-14 08:24:35,411][train_inner][INFO] - {"epoch": 4, "update": 3.526, "loss": "70.51", "nll_loss": "2.45", "total": "181.47", "n_correct": "116.425", "ppl": "5.47", "accuracy": "64.157", "wps": "317.6", "ups": "1.75", "wpb": "181.5", "bsz": "9.2", "num_updates": "11200", "lr": "0.000835484", "gnorm": "28.702", "loss_scale": "128", "train_wall": "13", "gb_free": "75.7", "wall": "7060"}
[2026-06-14 08:26:33,401][train_inner][INFO] - {"epoch": 4, "update": 3.589, "loss": "65.212", "nll_loss": "2.386", "total": "181.29", "n_correct": "117.98", "ppl": "5.23", "accuracy": "65.078", "wps": "307.3", "ups": "1.7", "wpb": "181.3", "bsz": "9.8", "num_updates": "11400", "lr": "0.000810826", "gnorm": "27.21", "loss_scale": "128", "train_wall": "13", "gb_free": "75.7", "wall": "7178"}
[2026-06-14 08:28:25,588][train_inner][INFO] - {"epoch": 4, "update": 3.652, "loss": "67.164", "nll_loss": "2.345", "total": "180.505", "n_correct": "118.755", "ppl": "5.08", "accuracy": "65.79", "wps": "321.8", "ups": "1.78", "wpb": "180.5", "bsz": "9.3", "num_updates": "11600", "lr": "0.000786896", "gnorm": "27.778", "loss_scale": "128", "train_wall": "13", "gb_free": "75.7", "wall": "7291"}
[2026-06-14 08:30:18,712][train_inner][INFO] - {"epoch": 4, "update": 3.715, "loss": "65.87", "nll_loss": "2.268", "total": "179.3", "n_correct": "119.875", "ppl": "4.82", "accuracy": "66.857", "wps": "317", "ups": "1.77", "wpb": "179.3", "bsz": "9.3", "num_updates": "11800", "lr": "0.000763673", "gnorm": "26.144", "loss_scale": "128", "train_wall": "13", "gb_free": "75.7", "wall": "7404"}
[2026-06-14 08:32:08,572][train_inner][INFO] - {"epoch": 4, "update": 3.778, "loss": "66.41", "nll_loss": "2.286", "total": "183.885", "n_correct": "122.415", "ppl": "4.88", "accuracy": "66.571", "wps": "334.8", "ups": "1.82", "wpb": "183.9", "bsz": "9.5", "num_updates": "12000", "lr": "0.000741134", "gnorm": "28.272", "loss_scale": "128", "train_wall": "13", "gb_free": "75.7", "wall": "7513"}
[2026-06-14 08:33:49,402][train_inner][INFO] - {"epoch": 4, "update": 3.841, "loss": "53.818", "nll_loss": "2.107", "total": "181.22", "n_correct": "125.85", "ppl": "4.31", "accuracy": "69.446", "wps": "359.5", "ups": "1.98", "wpb": "181.2", "bsz": "11", "num_updates": "12200", "lr": "0.000719261", "gnorm": "22.942", "loss_scale": "128", "train_wall": "13", "gb_free": "75.7", "wall": "7614"}
[2026-06-14 08:35:24,887][train_inner][INFO] - {"epoch": 4, "update": 3.904, "loss": "60.724", "nll_loss": "2.186", "total": "181.525", "n_correct": "123.705", "ppl": "4.55", "accuracy": "68.148", "wps": "380.3", "ups": "2.09", "wpb": "181.5", "bsz": "10", "num_updates": "12400", "lr": "0.000698034", "gnorm": "25.78", "loss_scale": "128", "train_wall": "13", "gb_free": "75.7", "wall": "7710"}
[2026-06-14 08:36:52,189][train_inner][INFO] - {"epoch": 4, "update": 3.967, "loss": "62.84", "nll_loss": "2.097", "total": "180.67", "n_correct": "125.37", "ppl": "4.28", "accuracy": "69.392", "wps": "414", "ups": "2.29", "wpb": "180.7", "bsz": "9.4", "num_updates": "12600", "lr": "0.000677433", "gnorm": "25.174", "loss_scale": "128", "train_wall": "13", "gb_free": "75.7", "wall": "7797"}
[2026-06-14 08:37:39,840][main][INFO] - begin validation on "valid" subset
[2026-06-14 08:38:38,661][valid][INFO] - {"epoch": 4, "valid_loss": "48.01", "valid_nll_loss": "1.19", "valid_total": "178.205", "valid_n_correct": "144.874", "valid_ppl": "2.28", "valid_accuracy": "81.296", "valid_wps": "387.5", "valid_wpb": "178.2", "valid_bsz": "9.4", "valid_num_updates": "12704", "valid_best_accuracy": "81.296"}
[2026-06-14 08:38:38,663][fairseq.checkpoint_utils][INFO] - Preparing to save checkpoint for epoch 4 @ 12704 updates
[2026-06-14 08:38:38,664][trainer][INFO] - Saving checkpoint to checkpoints/checkpoint_best.pt
[2026-06-14 08:38:42,432][trainer][INFO] - Finished saving checkpoint to checkpoints/checkpoint_best.pt
[2026-06-14 08:38:47,930][fairseq.checkpoint_utils][INFO] - Saved checkpoint checkpoints/checkpoint_best.pt (epoch 4 @ 12704 updates, score 81.296) (writing took 9.266897883964702 seconds)
[2026-06-14 08:38:47,931][main][INFO] - end of epoch 4 (average epoch stats below)
[2026-06-14 08:38:47,943][train][INFO] - {"epoch": 4, "train_loss": "66.218", "train_nll_loss": "2.448", "train_total": "179.799", "train_n_correct": "115.531", "train_ppl": "5.46", "train_accuracy": "64.256", "train_wps": "317", "train_ups": "1.76", "train_wpb": "179.8", "train_bsz": "9.7", "train_num_updates": "12704", "train_lr": "0.000666961", "train_gnorm": "27.61", "train_loss_scale": "128", "train_train_wall": "207", "train_gb_free": "75.7", "train_wall": "7913"}
[2026-06-14 08:38:48,594][trainer][INFO] - begin training epoch 5
[2026-06-14 08:38:48,594][main][INFO] - Start iterating over samples
[2026-06-14 08:39:37,452][train_inner][INFO] - {"epoch": 5, "update": 4.03, "loss": "57.85", "nll_loss": "2.054", "total": "176.29", "n_correct": "123.775", "ppl": "4.15", "accuracy": "70.211", "wps": "213.4", "ups": "1.21", "wpb": "176.3", "bsz": "9.8", "num_updates": "12800", "lr": "0.00065744", "gnorm": "23.517", "loss_scale": "128", "train_wall": "13", "gb_free": "75.7", "wall": "7962"}
[2026-06-14 08:41:41,497][train_inner][INFO] - {"epoch": 5, "update": 4.093, "loss": "60.222", "nll_loss": "1.924", "total": "178.905", "n_correct": "128.3", "ppl": "3.8", "accuracy": "71.714", "wps": "288.5", "ups": "1.61", "wpb": "178.9", "bsz": "9.2", "num_updates": "13000", "lr": "0.000638036", "gnorm": "24.281", "loss_scale": "128", "train_wall": "14", "gb_free": "75.7", "wall": "8086"}
[2026-06-14 08:43:43,265][train_inner][INFO] - {"epoch": 5, "update": 4.156, "loss": "57.777", "nll_loss": "1.872", "total": "181.26", "n_correct": "131.64", "ppl": "3.66", "accuracy": "72.625", "wps": "297.7", "ups": "1.64", "wpb": "181.3", "bsz": "9.6", "num_updates": "13200", "lr": "0.000619206", "gnorm": "23.69", "loss_scale": "128", "train_wall": "14", "gb_free": "75.7", "wall": "8208"}
[2026-06-14 08:45:35,535][train_inner][INFO] - {"epoch": 5, "update": 4.219, "loss": "59.28", "nll_loss": "1.929", "total": "180.4", "n_correct": "129.57", "ppl": "3.81", "accuracy": "71.824", "wps": "321.4", "ups": "1.78", "wpb": "180.4", "bsz": "9.5", "num_updates": "13400", "lr": "0.000600931", "gnorm": "24.129", "loss_scale": "128", "train_wall": "14", "gb_free": "75.7", "wall": "8320"}
[2026-06-14 08:47:32,555][train_inner][INFO] - {"epoch": 5, "update": 4.282, "loss": "54.678", "nll_loss": "1.863", "total": "181.74", "n_correct": "132.495", "ppl": "3.64", "accuracy": "72.904", "wps": "310.7", "ups": "1.71", "wpb": "181.7", "bsz": "10.2", "num_updates": "13600", "lr": "0.000583196", "gnorm": "22.51", "loss_scale": "128", "train_wall": "13", "gb_free": "75.7", "wall": "8437"}
[2026-06-14 08:49:27,363][train_inner][INFO] - {"epoch": 5, "update": 4.345, "loss": "54.861", "nll_loss": "1.875", "total": "182.53", "n_correct": "132.505", "ppl": "3.67", "accuracy": "72.594", "wps": "318", "ups": "1.74", "wpb": "182.5", "bsz": "10.2", "num_updates": "13800", "lr": "0.000565984", "gnorm": "23.145", "loss_scale": "128", "train_wall": "13", "gb_free": "75.7", "wall": "8552"}
[2026-06-14 08:51:18,009][train_inner][INFO] - {"epoch": 5, "update": 4.408, "loss": "56.913", "nll_loss": "1.764", "total": "185.455", "n_correct": "138.27", "ppl": "3.4", "accuracy": "74.557", "wps": "335.3", "ups": "1.81", "wpb": "185.5", "bsz": "9.7", "num_updates": "14000", "lr": "0.00054928", "gnorm": "23.051", "loss_scale": "128", "train_wall": "13", "gb_free": "75.7", "wall": "8663"}
[2026-06-14 08:53:10,123][train_inner][INFO] - {"epoch": 5, "update": 4.471, "loss": "58.628", "nll_loss": "1.813", "total": "176.07", "n_correct": "129.6", "ppl": "3.51", "accuracy": "73.607", "wps": "314.1", "ups": "1.78", "wpb": "176.1", "bsz": "9", "num_updates": "14200", "lr": "0.000533069", "gnorm": "23.644", "loss_scale": "128", "train_wall": "13", "gb_free": "75.7", "wall": "8775"}
[2026-06-14 08:54:59,731][train_inner][INFO] - {"epoch": 5, "update": 4.534, "loss": "50.871", "nll_loss": "1.856", "total": "177.155", "n_correct": "129.67", "ppl": "3.62", "accuracy": "73.196", "wps": "323.3", "ups": "1.82", "wpb": "177.2", "bsz": "10.6", "num_updates": "14400", "lr": "0.000517337", "gnorm": "21.403", "loss_scale": "128", "train_wall": "13", "gb_free": "75.7", "wall": "8885"}
[2026-06-14 08:56:47,314][train_inner][INFO] - {"epoch": 5, "update": 4.597, "loss": "53.348", "nll_loss": "1.804", "total": "182.485", "n_correct": "134.74", "ppl": "3.49", "accuracy": "73.836", "wps": "339.3", "ups": "1.86", "wpb": "182.5", "bsz": "10.3", "num_updates": "14600", "lr": "0.000502069", "gnorm": "22.401", "loss_scale": "128", "train_wall": "13", "gb_free": "75.7", "wall": "8992"}
[2026-06-14 08:58:32,378][train_inner][INFO] - {"epoch": 5, "update": 4.66, "loss": "55.953", "nll_loss": "1.802", "total": "179.22", "n_correct": "132.39", "ppl": "3.49", "accuracy": "73.87", "wps": "341.2", "ups": "1.9", "wpb": "179.2", "bsz": "9.6", "num_updates": "14800", "lr": "0.000487251", "gnorm": "23.583", "loss_scale": "128", "train_wall": "13", "gb_free": "75.7", "wall": "9097"}
[2026-06-14 09:00:19,740][train_inner][INFO] - {"epoch": 5, "update": 4.723, "loss": "52.67", "nll_loss": "1.718", "total": "179.57", "n_correct": "134.555", "ppl": "3.29", "accuracy": "74.932", "wps": "334.5", "ups": "1.86", "wpb": "179.6", "bsz": "10", "num_updates": "15000", "lr": "0.000472871", "gnorm": "21.741", "loss_scale": "128", "train_wall": "12", "gb_free": "75.7", "wall": "9205"}
[2026-06-14 09:02:02,120][train_inner][INFO] - {"epoch": 5, "update": 4.786, "loss": "55.396", "nll_loss": "1.703", "total": "177.655", "n_correct": "133.595", "ppl": "3.26", "accuracy": "75.199", "wps": "347.1", "ups": "1.95", "wpb": "177.7", "bsz": "9.3", "num_updates": "15200", "lr": "0.000458915", "gnorm": "22.722", "loss_scale": "128", "train_wall": "12", "gb_free": "75.7", "wall": "9307"}
[2026-06-14 09:03:44,506][train_inner][INFO] - {"epoch": 5, "update": 4.849, "loss": "55.976", "nll_loss": "1.76", "total": "179.6", "n_correct": "133.505", "ppl": "3.39", "accuracy": "74.335", "wps": "350.9", "ups": "1.95", "wpb": "179.6", "bsz": "9.5", "num_updates": "15400", "lr": "0.000445371", "gnorm": "23.87", "loss_scale": "128", "train_wall": "13", "gb_free": "75.7", "wall": "9409"}
[2026-06-14 09:05:27,458][train_inner][INFO] - {"epoch": 5, "update": 4.912, "loss": "58.291", "nll_loss": "1.694", "total": "178.735", "n_correct": "134.99", "ppl": "3.24", "accuracy": "75.525", "wps": "347.3", "ups": "1.94", "wpb": "178.7", "bsz": "8.9", "num_updates": "15600", "lr": "0.000432227", "gnorm": "22.751", "loss_scale": "128", "train_wall": "12", "gb_free": "75.7", "wall": "9512"}
[2026-06-14 09:07:15,315][train_inner][INFO] - {"epoch": 5, "update": 4.975, "loss": "53.069", "nll_loss": "1.765", "total": "179.115", "n_correct": "133.615", "ppl": "3.4", "accuracy": "74.597", "wps": "332.2", "ups": "1.85", "wpb": "179.1", "bsz": "10", "num_updates": "15800", "lr": "0.00041947", "gnorm": "22.449", "loss_scale": "128", "train_wall": "12", "gb_free": "75.7", "wall": "9620"}
[2026-06-14 09:07:55,868][main][INFO] - end of epoch 5 (average epoch stats below)
[2026-06-14 09:07:55,878][train][INFO] - {"epoch": 5, "train_loss": "55.789", "train_nll_loss": "1.811", "train_total": "179.799", "train_n_correct": "132.447", "train_ppl": "3.51", "train_accuracy": "73.664", "train_wps": "326.7", "train_ups": "1.82", "train_wpb": "179.8", "train_bsz": "9.7", "train_num_updates": "15880", "train_lr": "0.000414474", "train_gnorm": "22.997", "train_loss_scale": "128", "train_train_wall": "207", "train_gb_free": "75.7", "train_wall": "9661"}
[2026-06-14 09:07:56,442][trainer][INFO] - begin training epoch 6
[2026-06-14 09:07:56,442][main][INFO] - Start iterating over samples
[2026-06-14 09:09:01,676][train_inner][INFO] - {"epoch": 6, "update": 5.038, "loss": "51.415", "nll_loss": "1.571", "total": "179.67", "n_correct": "138.655", "ppl": "2.97", "accuracy": "77.172", "wps": "337.9", "ups": "1.88", "wpb": "179.7", "bsz": "9.8", "num_updates": "16000", "lr": "0.000407091", "gnorm": "21.398", "loss_scale": "128", "train_wall": "12", "gb_free": "75.7", "wall": "9727"}
[2026-06-14 09:10:53,920][train_inner][INFO] - {"epoch": 6, "update": 5.101, "loss": "50.594", "nll_loss": "1.556", "total": "181.555", "n_correct": "140.905", "ppl": "2.94", "accuracy": "77.61", "wps": "323.5", "ups": "1.78", "wpb": "181.6", "bsz": "10", "num_updates": "16200", "lr": "0.000395076", "gnorm": "21.902", "loss_scale": "128", "train_wall": "12", "gb_free": "75.7", "wall": "9839"}
[2026-06-14 09:12:36,691][train_inner][INFO] - {"epoch": 6, "update": 5.164, "loss": "53.757", "nll_loss": "1.498", "total": "176.39", "n_correct": "138.07", "ppl": "2.82", "accuracy": "78.275", "wps": "343.3", "ups": "1.95", "wpb": "176.4", "bsz": "9", "num_updates": "16400", "lr": "0.000383416", "gnorm": "21.515", "loss_scale": "256", "train_wall": "12", "gb_free": "75.7", "wall": "9942"}
[2026-06-14 09:14:27,443][train_inner][INFO] - {"epoch": 6, "update": 5.227, "loss": "51.461", "nll_loss": "1.602", "total": "181.675", "n_correct": "139.745", "ppl": "3.03", "accuracy": "76.92", "wps": "328.1", "ups": "1.81", "wpb": "181.7", "bsz": "10", "num_updates": "16600", "lr": "0.0003721", "gnorm": "21.673", "loss_scale": "256", "train_wall": "12", "gb_free": "75.7", "wall": "10052"}
[2026-06-14 09:16:19,487][train_inner][INFO] - {"epoch": 6, "update": 5.29, "loss": "49.602", "nll_loss": "1.538", "total": "183.545", "n_correct": "142.785", "ppl": "2.9", "accuracy": "77.793", "wps": "327.7", "ups": "1.79", "wpb": "183.5", "bsz": "10.2", "num_updates": "16800", "lr": "0.000361119", "gnorm": "21.103", "loss_scale": "256", "train_wall": "12", "gb_free": "75.7", "wall": "10164"}
[2026-06-14 09:18:07,368][train_inner][INFO] - {"epoch": 6, "update": 5.353, "loss": "50.999", "nll_loss": "1.509", "total": "179.29", "n_correct": "140.355", "ppl": "2.85", "accuracy": "78.284", "wps": "332.4", "ups": "1.85", "wpb": "179.3", "bsz": "9.6", "num_updates": "17000", "lr": "0.000350461", "gnorm": "21.138", "loss_scale": "256", "train_wall": "12", "gb_free": "75.7", "wall": "10272"}
[2026-06-14 09:19:35,018][train_inner][INFO] - {"epoch": 6, "update": 5.416, "loss": "51.798", "nll_loss": "1.495", "total": "182.66", "n_correct": "143.04", "ppl": "2.82", "accuracy": "78.309", "wps": "416.8", "ups": "2.28", "wpb": "182.7", "bsz": "9.6", "num_updates": "17200", "lr": "0.000340118", "gnorm": "21.902", "loss_scale": "256", "train_wall": "12", "gb_free": "75.7", "wall": "10360"}
[2026-06-14 09:20:47,834][train_inner][INFO] - {"epoch": 6, "update": 5.479, "loss": "52.569", "nll_loss": "1.484", "total": "177.635", "n_correct": "139.59", "ppl": "2.8", "accuracy": "78.582", "wps": "488", "ups": "2.75", "wpb": "177.6", "bsz": "9.2", "num_updates": "17400", "lr": "0.00033008", "gnorm": "21.353", "loss_scale": "256", "train_wall": "12", "gb_free": "75.7", "wall": "10433"}
[2026-06-14 09:22:05,022][train_inner][INFO] - {"epoch": 6, "update": 5.542, "loss": "51.988", "nll_loss": "1.551", "total": "180.2", "n_correct": "140.055", "ppl": "2.93", "accuracy": "77.722", "wps": "467", "ups": "2.59", "wpb": "180.2", "bsz": "9.6", "num_updates": "17600", "lr": "0.000320338", "gnorm": "21.64", "loss_scale": "256", "train_wall": "12", "gb_free": "75.7", "wall": "10510"}
[2026-06-14 09:23:30,178][train_inner][INFO] - {"epoch": 6, "update": 5.605, "loss": "52.028", "nll_loss": "1.485", "total": "183.14", "n_correct": "143.635", "ppl": "2.8", "accuracy": "78.429", "wps": "430.2", "ups": "2.35", "wpb": "183.1", "bsz": "9.6", "num_updates": "17800", "lr": "0.000310884", "gnorm": "22.097", "loss_scale": "256", "train_wall": "12", "gb_free": "75.7", "wall": "10595"}
[2026-06-14 09:24:48,015][train_inner][INFO] - {"epoch": 6, "update": 5.668, "loss": "47.469", "nll_loss": "1.506", "total": "176.32", "n_correct": "138.03", "ppl": "2.84", "accuracy": "78.284", "wps": "453.1", "ups": "2.57", "wpb": "176.3", "bsz": "10.2", "num_updates": "18000", "lr": "0.000301709", "gnorm": "20.129", "loss_scale": "256", "train_wall": "12", "gb_free": "75.7", "wall": "10673"}
[2026-06-14 09:26:13,659][train_inner][INFO] - {"epoch": 6, "update": 5.73, "loss": "50.272", "nll_loss": "1.506", "total": "179.7", "n_correct": "140.645", "ppl": "2.84", "accuracy": "78.267", "wps": "419.7", "ups": "2.34", "wpb": "179.7", "bsz": "9.8", "num_updates": "18200", "lr": "0.000292804", "gnorm": "21.514", "loss_scale": "256", "train_wall": "12", "gb_free": "75.7", "wall": "10759"}
[2026-06-14 09:27:41,375][train_inner][INFO] - {"epoch": 6, "update": 5.793, "loss": "49.373", "nll_loss": "1.467", "total": "180.685", "n_correct": "142.5", "ppl": "2.76", "accuracy": "78.867", "wps": "412", "ups": "2.28", "wpb": "180.7", "bsz": "9.9", "num_updates": "18400", "lr": "0.000284163", "gnorm": "20.462", "loss_scale": "256", "train_wall": "12", "gb_free": "75.7", "wall": "10846"}
[2026-06-14 09:29:12,470][train_inner][INFO] - {"epoch": 6, "update": 5.856, "loss": "46.549", "nll_loss": "1.439", "total": "179.465", "n_correct": "142.42", "ppl": "2.71", "accuracy": "79.358", "wps": "394.1", "ups": "2.2", "wpb": "179.5", "bsz": "10.3", "num_updates": "18600", "lr": "0.000275776", "gnorm": "19.969", "loss_scale": "256", "train_wall": "12", "gb_free": "75.7", "wall": "10937"}
[2026-06-14 09:30:41,630][train_inner][INFO] - {"epoch": 6, "update": 5.919, "loss": "49.511", "nll_loss": "1.46", "total": "179.14", "n_correct": "141.44", "ppl": "2.75", "accuracy": "78.955", "wps": "401.9", "ups": "2.24", "wpb": "179.1", "bsz": "9.7", "num_updates": "18800", "lr": "0.000267637", "gnorm": "20.861", "loss_scale": "256", "train_wall": "12", "gb_free": "75.7", "wall": "11027"}
[2026-06-14 09:32:12,668][train_inner][INFO] - {"epoch": 6, "update": 5.982, "loss": "53.677", "nll_loss": "1.412", "total": "175.545", "n_correct": "140.095", "ppl": "2.66", "accuracy": "79.806", "wps": "385.7", "ups": "2.2", "wpb": "175.5", "bsz": "8.7", "num_updates": "19000", "lr": "0.000259739", "gnorm": "21.795", "loss_scale": "256", "train_wall": "13", "gb_free": "75.7", "wall": "11118"}
[2026-06-14 09:32:41,747][main][INFO] - begin validation on "valid" subset
[2026-06-14 09:33:48,791][valid][INFO] - {"epoch": 6, "valid_loss": "40.874", "valid_nll_loss": "0.801", "valid_total": "178.205", "valid_n_correct": "156.874", "valid_ppl": "1.74", "valid_accuracy": "88.03", "valid_wps": "341.7", "valid_wpb": "178.2", "valid_bsz": "9.4", "valid_num_updates": "19056", "valid_best_accuracy": "88.03"}
[2026-06-14 09:33:48,794][fairseq.checkpoint_utils][INFO] - Preparing to save checkpoint for epoch 6 @ 19056 updates
[2026-06-14 09:33:48,794][trainer][INFO] - Saving checkpoint to checkpoints/checkpoint_best.pt
[2026-06-14 09:33:53,371][trainer][INFO] - Finished saving checkpoint to checkpoints/checkpoint_best.pt
[2026-06-14 09:33:58,417][fairseq.checkpoint_utils][INFO] - Saved checkpoint checkpoints/checkpoint_best.pt (epoch 6 @ 19056 updates, score 88.03) (writing took 9.622842698008753 seconds)
[2026-06-14 09:33:58,417][main][INFO] - end of epoch 6 (average epoch stats below)
[2026-06-14 09:33:58,429][train][INFO] - {"epoch": 6, "train_loss": "50.688", "train_nll_loss": "1.503", "train_total": "179.799", "train_n_correct": "140.827", "train_ppl": "2.83", "train_accuracy": "78.324", "train_wps": "365.5", "train_ups": "2.03", "train_wpb": "179.8", "train_bsz": "9.7", "train_num_updates": "19056", "train_lr": "0.000257569", "train_gnorm": "21.277", "train_loss_scale": "256", "train_train_wall": "192", "train_gb_free": "75.7", "train_wall": "11223"}
[2026-06-14 09:33:59,039][trainer][INFO] - begin training epoch 7
[2026-06-14 09:33:59,040][main][INFO] - Start iterating over samples
[2026-06-14 09:35:20,328][train_inner][INFO] - {"epoch": 7, "update": 6.045, "loss": "46.397", "nll_loss": "1.41", "total": "179.55", "n_correct": "143.57", "ppl": "2.66", "accuracy": "79.961", "wps": "191.4", "ups": "1.07", "wpb": "179.6", "bsz": "10.2", "num_updates": "19200", "lr": "0.000252073", "gnorm": "19.741", "loss_scale": "256", "train_wall": "14", "gb_free": "75.7", "wall": "11305"}
[2026-06-14 09:36:59,790][train_inner][INFO] - {"epoch": 7, "update": 6.108, "loss": "50.672", "nll_loss": "1.341", "total": "182.085", "n_correct": "147.055", "ppl": "2.53", "accuracy": "80.762", "wps": "366.2", "ups": "2.01", "wpb": "182.1", "bsz": "9.3", "num_updates": "19400", "lr": "0.000244633", "gnorm": "21.023", "loss_scale": "256", "train_wall": "13", "gb_free": "75.7", "wall": "11405"}
[2026-06-14 09:38:40,012][train_inner][INFO] - {"epoch": 7, "update": 6.171, "loss": "46.579", "nll_loss": "1.377", "total": "180.175", "n_correct": "144.555", "ppl": "2.6", "accuracy": "80.23", "wps": "359.6", "ups": "2", "wpb": "180.2", "bsz": "10.1", "num_updates": "19600", "lr": "0.000237414", "gnorm": "20.12", "loss_scale": "256", "train_wall": "13", "gb_free": "75.7", "wall": "11505"}
[2026-06-14 09:40:17,558][train_inner][INFO] - {"epoch": 7, "update": 6.234, "loss": "44.964", "nll_loss": "1.389", "total": "177.69", "n_correct": "142.725", "ppl": "2.62", "accuracy": "80.322", "wps": "364.4", "ups": "2.05", "wpb": "177.7", "bsz": "10.4", "num_updates": "19800", "lr": "0.000230407", "gnorm": "20.025", "loss_scale": "256", "train_wall": "13", "gb_free": "75.7", "wall": "11602"}
[2026-06-14 09:41:56,681][train_inner][INFO] - {"epoch": 7, "update": 6.297, "loss": "51.429", "nll_loss": "1.345", "total": "179.895", "n_correct": "145.345", "ppl": "2.54", "accuracy": "80.794", "wps": "363", "ups": "2.02", "wpb": "179.9", "bsz": "9.1", "num_updates": "20000", "lr": "0.000223607", "gnorm": "20.909", "loss_scale": "256", "train_wall": "13", "gb_free": "75.7", "wall": "11702"}
[2026-06-14 09:43:38,662][train_inner][INFO] - {"epoch": 7, "update": 6.36, "loss": "47.15", "nll_loss": "1.364", "total": "182.98", "n_correct": "147.33", "ppl": "2.57", "accuracy": "80.517", "wps": "358.9", "ups": "1.96", "wpb": "183", "bsz": "10.1", "num_updates": "20200", "lr": "0.000217007", "gnorm": "20.46", "loss_scale": "256", "train_wall": "13", "gb_free": "75.7", "wall": "11804"}
[2026-06-14 09:45:20,784][train_inner][INFO] - {"epoch": 7, "update": 6.423, "loss": "47.861", "nll_loss": "1.335", "total": "180.46", "n_correct": "146.38", "ppl": "2.52", "accuracy": "81.115", "wps": "353.5", "ups": "1.96", "wpb": "180.5", "bsz": "9.7", "num_updates": "20400", "lr": "0.000210603", "gnorm": "20.302", "loss_scale": "256", "train_wall": "13", "gb_free": "75.7", "wall": "11906"}
[2026-06-14 09:47:08,823][train_inner][INFO] - {"epoch": 7, "update": 6.486, "loss": "49.053", "nll_loss": "1.404", "total": "178.87", "n_correct": "143.2", "ppl": "2.65", "accuracy": "80.058", "wps": "331.2", "ups": "1.85", "wpb": "178.9", "bsz": "9.6", "num_updates": "20600", "lr": "0.000204387", "gnorm": "21.66", "loss_scale": "256", "train_wall": "14", "gb_free": "75.7", "wall": "12014"}
[2026-06-14 09:49:31,510][train_inner][INFO] - {"epoch": 7, "update": 6.549, "loss": "49.142", "nll_loss": "1.368", "total": "179.785", "n_correct": "144.76", "ppl": "2.58", "accuracy": "80.518", "wps": "252", "ups": "1.4", "wpb": "179.8", "bsz": "9.5", "num_updates": "20800", "lr": "0.000198355", "gnorm": "20.612", "loss_scale": "256", "train_wall": "14", "gb_free": "75.7", "wall": "12156"}
[2026-06-14 09:53:21,910][train_inner][INFO] - {"epoch": 7, "update": 6.612, "loss": "46.803", "nll_loss": "1.391", "total": "182.095", "n_correct": "146", "ppl": "2.62", "accuracy": "80.178", "wps": "158.1", "ups": "0.87", "wpb": "182.1", "bsz": "10.2", "num_updates": "21000", "lr": "0.000192501", "gnorm": "20.698", "loss_scale": "256", "train_wall": "15", "gb_free": "75.7", "wall": "12387"}
[2026-06-14 09:55:11,147][train_inner][INFO] - {"epoch": 7, "update": 6.675, "loss": "47.504", "nll_loss": "1.368", "total": "180.125", "n_correct": "145.1", "ppl": "2.58", "accuracy": "80.555", "wps": "329.8", "ups": "1.83", "wpb": "180.1", "bsz": "9.9", "num_updates": "21200", "lr": "0.00018682", "gnorm": "21.167", "loss_scale": "256", "train_wall": "13", "gb_free": "75.7", "wall": "12496"}
[2026-06-14 09:57:21,162][train_inner][INFO] - {"epoch": 7, "update": 6.738, "loss": "49.323", "nll_loss": "1.359", "total": "178.32", "n_correct": "143.67", "ppl": "2.57", "accuracy": "80.569", "wps": "274.3", "ups": "1.54", "wpb": "178.3", "bsz": "9.4", "num_updates": "21400", "lr": "0.000181306", "gnorm": "20.764", "loss_scale": "256", "train_wall": "14", "gb_free": "75.7", "wall": "12626"}
[2026-06-14 09:59:12,662][train_inner][INFO] - {"epoch": 7, "update": 6.801, "loss": "52.603", "nll_loss": "1.358", "total": "178.405", "n_correct": "143.835", "ppl": "2.56", "accuracy": "80.623", "wps": "320", "ups": "1.79", "wpb": "178.4", "bsz": "8.8", "num_updates": "21600", "lr": "0.000175955", "gnorm": "21.974", "loss_scale": "256", "train_wall": "14", "gb_free": "75.7", "wall": "12738"}
[2026-06-14 10:00:58,874][train_inner][INFO] - {"epoch": 7, "update": 6.864, "loss": "48.646", "nll_loss": "1.327", "total": "180", "n_correct": "145.645", "ppl": "2.51", "accuracy": "80.914", "wps": "339", "ups": "1.88", "wpb": "180", "bsz": "9.5", "num_updates": "21800", "lr": "0.000170762", "gnorm": "21.644", "loss_scale": "256", "train_wall": "13", "gb_free": "75.7", "wall": "12844"}
[2026-06-14 10:03:59,364][train_inner][INFO] - {"epoch": 7, "update": 6.927, "loss": "48.04", "nll_loss": "1.317", "total": "176.71", "n_correct": "143.415", "ppl": "2.49", "accuracy": "81.158", "wps": "195.8", "ups": "1.11", "wpb": "176.7", "bsz": "9.4", "num_updates": "22000", "lr": "0.000165723", "gnorm": "20.65", "loss_scale": "256", "train_wall": "15", "gb_free": "75.7", "wall": "13024"}
[2026-06-14 10:06:06,864][train_inner][INFO] - {"epoch": 7, "update": 6.99, "loss": "47.242", "nll_loss": "1.329", "total": "178.495", "n_correct": "144.54", "ppl": "2.51", "accuracy": "80.977", "wps": "280", "ups": "1.57", "wpb": "178.5", "bsz": "9.7", "num_updates": "22200", "lr": "0.000160832", "gnorm": "20.205", "loss_scale": "256", "train_wall": "14", "gb_free": "75.7", "wall": "13152"}
[2026-06-14 10:06:21,003][main][INFO] - end of epoch 7 (average epoch stats below)
[2026-06-14 10:06:21,014][train][INFO] - {"epoch": 7, "train_loss": "48.26", "train_nll_loss": "1.358", "train_total": "179.799", "train_n_correct": "144.956", "train_ppl": "2.56", "train_accuracy": "80.621", "train_wps": "294", "train_ups": "1.63", "train_wpb": "179.8", "train_bsz": "9.7", "train_num_updates": "22232", "train_lr": "0.000160063", "train_gnorm": "20.743", "train_loss_scale": "256", "train_train_wall": "216", "train_gb_free": "75.7", "train_wall": "13166"}
[2026-06-14 10:06:21,542][trainer][INFO] - begin training epoch 8
[2026-06-14 10:06:21,542][main][INFO] - Start iterating over samples
[2026-06-14 10:07:43,415][train_inner][INFO] - {"epoch": 8, "update": 7.053, "loss": "48.829", "nll_loss": "1.253", "total": "183.345", "n_correct": "150.89", "ppl": "2.38", "accuracy": "82.298", "wps": "379.8", "ups": "2.07", "wpb": "183.3", "bsz": "9.4", "num_updates": "22400", "lr": "0.000156085", "gnorm": "20.586", "loss_scale": "256", "train_wall": "13", "gb_free": "75.7", "wall": "13248"}
[2026-06-14 10:09:22,154][train_inner][INFO] - {"epoch": 8, "update": 7.116, "loss": "46.341", "nll_loss": "1.237", "total": "179.435", "n_correct": "148.075", "ppl": "2.36", "accuracy": "82.523", "wps": "363.5", "ups": "2.03", "wpb": "179.4", "bsz": "9.7", "num_updates": "22600", "lr": "0.000151479", "gnorm": "19.641", "loss_scale": "256", "train_wall": "13", "gb_free": "75.7", "wall": "13347"}
[2026-06-14 10:11:04,123][train_inner][INFO] - {"epoch": 8, "update": 7.179, "loss": "45.29", "nll_loss": "1.29", "total": "181.61", "n_correct": "148.18", "ppl": "2.45", "accuracy": "81.592", "wps": "356.3", "ups": "1.96", "wpb": "181.6", "bsz": "10.2", "num_updates": "22800", "lr": "0.000147008", "gnorm": "19.907", "loss_scale": "256", "train_wall": "13", "gb_free": "75.7", "wall": "13449"}
[2026-06-14 10:12:44,367][train_inner][INFO] - {"epoch": 8, "update": 7.242, "loss": "50.288", "nll_loss": "1.221", "total": "180.78", "n_correct": "149.845", "ppl": "2.33", "accuracy": "82.888", "wps": "360.7", "ups": "2", "wpb": "180.8", "bsz": "8.9", "num_updates": "23000", "lr": "0.000142669", "gnorm": "21.301", "loss_scale": "256", "train_wall": "13", "gb_free": "75.7", "wall": "13549"}
[2026-06-14 10:14:27,930][train_inner][INFO] - {"epoch": 8, "update": 7.305, "loss": "46.281", "nll_loss": "1.274", "total": "176.93", "n_correct": "145.11", "ppl": "2.42", "accuracy": "82.015", "wps": "341.7", "ups": "1.93", "wpb": "176.9", "bsz": "9.7", "num_updates": "23200", "lr": "0.000138459", "gnorm": "20.004", "loss_scale": "256", "train_wall": "13", "gb_free": "75.7", "wall": "13653"}
[2026-06-14 10:17:37,839][train_inner][INFO] - {"epoch": 8, "update": 7.368, "loss": "44.035", "nll_loss": "1.264", "total": "179.45", "n_correct": "147.36", "ppl": "2.4", "accuracy": "82.118", "wps": "189", "ups": "1.05", "wpb": "179.4", "bsz": "10.2", "num_updates": "23400", "lr": "0.000134372", "gnorm": "18.984", "loss_scale": "256", "train_wall": "15", "gb_free": "75.7", "wall": "13843"}
[2026-06-14 10:19:14,934][train_inner][INFO] - {"epoch": 8, "update": 7.431, "loss": "45.445", "nll_loss": "1.205", "total": "175.58", "n_correct": "145.45", "ppl": "2.31", "accuracy": "82.84", "wps": "361.7", "ups": "2.06", "wpb": "175.6", "bsz": "9.5", "num_updates": "23600", "lr": "0.000130407", "gnorm": "19.559", "loss_scale": "256", "train_wall": "13", "gb_free": "75.7", "wall": "13940"}
[2026-06-14 10:23:03,973][train_inner][INFO] - {"epoch": 8, "update": 7.494, "loss": "46.1", "nll_loss": "1.223", "total": "179.02", "n_correct": "147.935", "ppl": "2.33", "accuracy": "82.636", "wps": "156.3", "ups": "0.87", "wpb": "179", "bsz": "9.6", "num_updates": "23800", "lr": "0.000126558", "gnorm": "20.103", "loss_scale": "256", "train_wall": "15", "gb_free": "75.7", "wall": "14169"}
[2026-06-14 10:25:15,807][train_inner][INFO] - {"epoch": 8, "update": 7.557, "loss": "48.58", "nll_loss": "1.208", "total": "181.39", "n_correct": "150.7", "ppl": "2.31", "accuracy": "83.081", "wps": "275.2", "ups": "1.52", "wpb": "181.4", "bsz": "9.2", "num_updates": "24000", "lr": "0.000122823", "gnorm": "21.177", "loss_scale": "256", "train_wall": "14", "gb_free": "75.7", "wall": "14301"}
[2026-06-14 10:25:16,565][trainer][INFO] - NOTE: gradient overflow detected, ignoring gradient, setting loss scale to: 128.0
[2026-06-14 10:29:18,001][train_inner][INFO] - {"epoch": 8, "update": 7.62, "loss": "44.06", "nll_loss": "1.162", "total": "179.335", "n_correct": "149.555", "ppl": "2.24", "accuracy": "83.394", "wps": "148.1", "ups": "0.83", "wpb": "179.3", "bsz": "9.9", "num_updates": "24200", "lr": "0.000119198", "gnorm": "139.459", "loss_scale": "128", "train_wall": "27", "gb_free": "73.7", "wall": "14543"}
[2026-06-14 10:31:31,425][train_inner][INFO] - {"epoch": 8, "update": 7.683, "loss": "43.067", "nll_loss": "1.077", "total": "181.01", "n_correct": "153.395", "ppl": "2.11", "accuracy": "84.744", "wps": "271.4", "ups": "1.5", "wpb": "181", "bsz": "9.9", "num_updates": "24400", "lr": "0.00011568", "gnorm": "121.7", "loss_scale": "128", "train_wall": "20", "gb_free": "74.6", "wall": "14676"}
[2026-06-14 10:31:47,437][trainer][INFO] - NOTE: gradient overflow detected, ignoring gradient, setting loss scale to: 64.0
[2026-06-14 10:35:21,536][train_inner][INFO] - {"epoch": 8, "update": 7.746, "loss": "46.862", "nll_loss": "1.12", "total": "180.055", "n_correct": "151.135", "ppl": "2.17", "accuracy": "83.938", "wps": "156.5", "ups": "0.87", "wpb": "180.1", "bsz": "9.2", "num_updates": "24600", "lr": "0.000112266", "gnorm": "121.494", "loss_scale": "64", "train_wall": "21", "gb_free": "73.6", "wall": "14906"}
[2026-06-14 10:37:25,725][train_inner][INFO] - {"epoch": 8, "update": 7.809, "loss": "43.545", "nll_loss": "1.074", "total": "179.62", "n_correct": "151.83", "ppl": "2.11", "accuracy": "84.528", "wps": "289.3", "ups": "1.61", "wpb": "179.6", "bsz": "9.7", "num_updates": "24800", "lr": "0.000108953", "gnorm": "117.209", "loss_scale": "64", "train_wall": "19", "gb_free": "73.7", "wall": "15031"}
[2026-06-14 10:40:15,515][train_inner][INFO] - {"epoch": 8, "update": 7.872, "loss": "40.616", "nll_loss": "1.092", "total": "180.195", "n_correct": "152.11", "ppl": "2.13", "accuracy": "84.414", "wps": "212.3", "ups": "1.18", "wpb": "180.2", "bsz": "10.5", "num_updates": "25000", "lr": "0.000105737", "gnorm": "105.423", "loss_scale": "64", "train_wall": "20", "gb_free": "73.8", "wall": "15200"}
[2026-06-14 10:43:05,750][train_inner][INFO] - {"epoch": 8, "update": 7.935, "loss": "44.69", "nll_loss": "1.081", "total": "181.17", "n_correct": "153.185", "ppl": "2.12", "accuracy": "84.553", "wps": "212.9", "ups": "1.17", "wpb": "181.2", "bsz": "9.5", "num_updates": "25200", "lr": "0.000102617", "gnorm": "111.466", "loss_scale": "64", "train_wall": "20", "gb_free": "73.6", "wall": "15371"}
[2026-06-14 10:44:46,534][train_inner][INFO] - {"epoch": 8, "update": 7.998, "loss": "43.91", "nll_loss": "1.103", "total": "177.715", "n_correct": "149.585", "ppl": "2.15", "accuracy": "84.171", "wps": "352.7", "ups": "1.98", "wpb": "177.7", "bsz": "9.6", "num_updates": "25400", "lr": "9.9588e-05", "gnorm": "109.225", "loss_scale": "64", "train_wall": "18", "gb_free": "73.7", "wall": "15471"}
[2026-06-14 10:44:49,842][main][INFO] - begin validation on "valid" subset
[2026-06-14 10:46:59,351][valid][INFO] - {"epoch": 8, "valid_loss": "38.475", "valid_nll_loss": "0.673", "valid_total": "178.205", "valid_n_correct": "160.614", "valid_ppl": "1.59", "valid_accuracy": "90.129", "valid_wps": "174.8", "valid_wpb": "178.2", "valid_bsz": "9.4", "valid_num_updates": "25406", "valid_best_accuracy": "90.129"}
[2026-06-14 10:46:59,356][fairseq.checkpoint_utils][INFO] - Preparing to save checkpoint for epoch 8 @ 25406 updates
[2026-06-14 10:46:59,356][trainer][INFO] - Saving checkpoint to checkpoints/checkpoint_best.pt
[2026-06-14 10:47:05,440][trainer][INFO] - Finished saving checkpoint to checkpoints/checkpoint_best.pt
[2026-06-14 10:47:14,154][fairseq.checkpoint_utils][INFO] - Saved checkpoint checkpoints/checkpoint_best.pt (epoch 8 @ 25406 updates, score 90.129) (writing took 14.798068232950754 seconds)
[2026-06-14 10:47:14,154][main][INFO] - end of epoch 8 (average epoch stats below)
[2026-06-14 10:47:14,181][train][INFO] - {"epoch": 8, "train_loss": "45.317", "train_nll_loss": "1.179", "train_total": "179.785", "train_n_correct": "149.678", "train_ppl": "2.26", "train_accuracy": "83.254", "train_wps": "232.6", "train_ups": "1.29", "train_wpb": "179.8", "train_bsz": "9.7", "train_num_updates": "25406", "train_lr": "9.94985e-05", "train_gnorm": "63.432", "train_loss_scale": "64", "train_train_wall": "266", "train_gb_free": "73.7", "train_wall": "15619"}
[2026-06-14 10:47:15,560][trainer][INFO] - begin training epoch 9
[2026-06-14 10:47:15,560][main][INFO] - Start iterating over samples
[2026-06-14 10:49:26,410][train_inner][INFO] - {"epoch": 9, "update": 8.061, "loss": "44.614", "nll_loss": "0.976", "total": "179.075", "n_correct": "154.03", "ppl": "1.97", "accuracy": "86.014", "wps": "128", "ups": "0.71", "wpb": "179.1", "bsz": "9.1", "num_updates": "25600", "lr": "9.66488e-05", "gnorm": "109.086", "loss_scale": "64", "train_wall": "19", "gb_free": "73.6", "wall": "15751"}
[2026-06-14 10:51:06,708][train_inner][INFO] - {"epoch": 9, "update": 8.124, "loss": "42.52", "nll_loss": "1.034", "total": "178.83", "n_correct": "152.545", "ppl": "2.05", "accuracy": "85.302", "wps": "356.7", "ups": "1.99", "wpb": "178.8", "bsz": "9.7", "num_updates": "25800", "lr": "9.37964e-05", "gnorm": "106.354", "loss_scale": "64", "train_wall": "18", "gb_free": "73.7", "wall": "15852"}
[2026-06-14 10:52:53,629][train_inner][INFO] - {"epoch": 9, "update": 8.187, "loss": "41.509", "nll_loss": "1.005", "total": "179.635", "n_correct": "154.17", "ppl": "2.01", "accuracy": "85.824", "wps": "336.1", "ups": "1.87", "wpb": "179.6", "bsz": "9.9", "num_updates": "26000", "lr": "9.10282e-05", "gnorm": "104.885", "loss_scale": "64", "train_wall": "19", "gb_free": "74", "wall": "15959"}
[2026-06-14 10:54:48,566][train_inner][INFO] - {"epoch": 9, "update": 8.25, "loss": "42.039", "nll_loss": "0.942", "total": "176.08", "n_correct": "152.71", "ppl": "1.92", "accuracy": "86.728", "wps": "306.5", "ups": "1.74", "wpb": "176.1", "bsz": "9.4", "num_updates": "26200", "lr": "8.83417e-05", "gnorm": "102.423", "loss_scale": "64", "train_wall": "19", "gb_free": "73.7", "wall": "16073"}
[2026-06-14 10:56:30,516][train_inner][INFO] - {"epoch": 9, "update": 8.313, "loss": "41.608", "nll_loss": "1.002", "total": "180.595", "n_correct": "154.82", "ppl": "2", "accuracy": "85.728", "wps": "354.3", "ups": "1.96", "wpb": "180.6", "bsz": "9.9", "num_updates": "26400", "lr": "8.57345e-05", "gnorm": "99.723", "loss_scale": "64", "train_wall": "18", "gb_free": "74.6", "wall": "16175"}
[2026-06-14 10:58:13,190][train_inner][INFO] - {"epoch": 9, "update": 8.376, "loss": "40.776", "nll_loss": "0.984", "total": "180.66", "n_correct": "155.715", "ppl": "1.98", "accuracy": "86.192", "wps": "352", "ups": "1.95", "wpb": "180.7", "bsz": "10.1", "num_updates": "26600", "lr": "8.32042e-05", "gnorm": "96.192", "loss_scale": "64", "train_wall": "19", "gb_free": "73.5", "wall": "16278"}
[2026-06-14 11:00:47,739][train_inner][INFO] - {"epoch": 9, "update": 8.439, "loss": "43.136", "nll_loss": "0.988", "total": "177.2", "n_correct": "152.09", "ppl": "1.98", "accuracy": "85.83", "wps": "229.3", "ups": "1.29", "wpb": "177.2", "bsz": "9.3", "num_updates": "26800", "lr": "8.07486e-05", "gnorm": "110.25", "loss_scale": "64", "train_wall": "20", "gb_free": "73.8", "wall": "16433"}
[2026-06-14 11:02:37,868][train_inner][INFO] - {"epoch": 9, "update": 8.502, "loss": "42.963", "nll_loss": "1", "total": "178.76", "n_correct": "153.46", "ppl": "2", "accuracy": "85.847", "wps": "324.7", "ups": "1.82", "wpb": "178.8", "bsz": "9.5", "num_updates": "27000", "lr": "7.83654e-05", "gnorm": "108.205", "loss_scale": "64", "train_wall": "19", "gb_free": "73.6", "wall": "16543"}
[2026-06-14 11:06:11,711][train_inner][INFO] - {"epoch": 9, "update": 8.565, "loss": "40.212", "nll_loss": "0.945", "total": "181.465", "n_correct": "156.995", "ppl": "1.93", "accuracy": "86.515", "wps": "169.7", "ups": "0.94", "wpb": "181.5", "bsz": "10.1", "num_updates": "27200", "lr": "7.60526e-05", "gnorm": "100.191", "loss_scale": "64", "train_wall": "20", "gb_free": "74.4", "wall": "16757"}
[2026-06-14 11:08:34,944][train_inner][INFO] - {"epoch": 9, "update": 8.628, "loss": "39.701", "nll_loss": "1.007", "total": "180.845", "n_correct": "154.81", "ppl": "2.01", "accuracy": "85.604", "wps": "252.6", "ups": "1.4", "wpb": "180.8", "bsz": "10.4", "num_updates": "27400", "lr": "7.38081e-05", "gnorm": "97.54", "loss_scale": "64", "train_wall": "19", "gb_free": "73.7", "wall": "16900"}
[2026-06-14 11:12:31,251][train_inner][INFO] - {"epoch": 9, "update": 8.691, "loss": "43.761", "nll_loss": "0.921", "total": "180.3", "n_correct": "157.07", "ppl": "1.89", "accuracy": "87.116", "wps": "152.6", "ups": "0.85", "wpb": "180.3", "bsz": "9.1", "num_updates": "27600", "lr": "7.16298e-05", "gnorm": "100.692", "loss_scale": "64", "train_wall": "21", "gb_free": "73.6", "wall": "17136"}
[2026-06-14 11:14:15,027][train_inner][INFO] - {"epoch": 9, "update": 8.754, "loss": "39.413", "nll_loss": "0.93", "total": "180.435", "n_correct": "156.84", "ppl": "1.91", "accuracy": "86.923", "wps": "347.8", "ups": "1.93", "wpb": "180.4", "bsz": "10.2", "num_updates": "27800", "lr": "6.95158e-05", "gnorm": "95.038", "loss_scale": "64", "train_wall": "19", "gb_free": "73.7", "wall": "17240"}
[2026-06-14 11:16:27,533][train_inner][INFO] - {"epoch": 9, "update": 8.817, "loss": "40.447", "nll_loss": "0.955", "total": "181.965", "n_correct": "157.46", "ppl": "1.94", "accuracy": "86.533", "wps": "274.7", "ups": "1.51", "wpb": "182", "bsz": "10.1", "num_updates": "28000", "lr": "6.74641e-05", "gnorm": "95.424", "loss_scale": "64", "train_wall": "19", "gb_free": "73.7", "wall": "17372"}
[2026-06-14 11:19:18,116][train_inner][INFO] - {"epoch": 9, "update": 8.88, "loss": "41.042", "nll_loss": "0.994", "total": "178.62", "n_correct": "153.53", "ppl": "1.99", "accuracy": "85.953", "wps": "209.4", "ups": "1.17", "wpb": "178.6", "bsz": "9.9", "num_updates": "28200", "lr": "6.54731e-05", "gnorm": "99.817", "loss_scale": "64", "train_wall": "20", "gb_free": "74.3", "wall": "17543"}
[2026-06-14 11:23:06,513][train_inner][INFO] - {"epoch": 9, "update": 8.943, "loss": "43.207", "nll_loss": "0.916", "total": "182.69", "n_correct": "159.27", "ppl": "1.89", "accuracy": "87.18", "wps": "160", "ups": "0.88", "wpb": "182.7", "bsz": "9.3", "num_updates": "28400", "lr": "6.35408e-05", "gnorm": "96.609", "loss_scale": "64", "train_wall": "21", "gb_free": "73.7", "wall": "17771"}
[2026-06-14 11:25:17,910][main][INFO] - end of epoch 9 (average epoch stats below)
[2026-06-14 11:25:17,921][train][INFO] - {"epoch": 9, "train_loss": "41.912", "train_nll_loss": "0.971", "train_total": "179.799", "train_n_correct": "155.083", "train_ppl": "1.96", "train_accuracy": "86.254", "train_wps": "250", "train_ups": "1.39", "train_wpb": "179.8", "train_bsz": "9.7", "train_num_updates": "28582", "train_lr": "6.1832e-05", "train_gnorm": "101.189", "train_loss_scale": "64", "train_train_wall": "307", "train_gb_free": "73.4", "train_wall": "17903"}
[2026-06-14 11:25:18,383][trainer][INFO] - begin training epoch 10
[2026-06-14 11:25:18,384][main][INFO] - Start iterating over samples
[2026-06-14 11:25:26,960][train_inner][INFO] - {"epoch": 10, "update": 9.006, "loss": "44.524", "nll_loss": "0.93", "total": "179.88", "n_correct": "156.375", "ppl": "1.91", "accuracy": "86.933", "wps": "256.2", "ups": "1.42", "wpb": "179.9", "bsz": "9", "num_updates": "28600", "lr": "6.16655e-05", "gnorm": "95.136", "loss_scale": "64", "train_wall": "19", "gb_free": "73.7", "wall": "17912"}
[2026-06-14 11:27:11,165][train_inner][INFO] - {"epoch": 10, "update": 9.069, "loss": "39.956", "nll_loss": "0.872", "total": "183.4", "n_correct": "161.575", "ppl": "1.83", "accuracy": "88.1", "wps": "352.2", "ups": "1.92", "wpb": "183.4", "bsz": "10", "num_updates": "28800", "lr": "5.98455e-05", "gnorm": "89.586", "loss_scale": "64", "train_wall": "19", "gb_free": "73.8", "wall": "18016"}
[2026-06-14 11:28:56,790][train_inner][INFO] - {"epoch": 10, "update": 9.132, "loss": "40.168", "nll_loss": "0.839", "total": "176.765", "n_correct": "156.53", "ppl": "1.79", "accuracy": "88.553", "wps": "334.8", "ups": "1.89", "wpb": "176.8", "bsz": "9.4", "num_updates": "29000", "lr": "5.80793e-05", "gnorm": "89.565", "loss_scale": "64", "train_wall": "18", "gb_free": "73.7", "wall": "18122"}
[2026-06-14 11:30:41,794][train_inner][INFO] - {"epoch": 10, "update": 9.195, "loss": "41.63", "nll_loss": "0.904", "total": "179.725", "n_correct": "157.06", "ppl": "1.87", "accuracy": "87.389", "wps": "342.4", "ups": "1.9", "wpb": "179.7", "bsz": "9.5", "num_updates": "29200", "lr": "5.63652e-05", "gnorm": "97.898", "loss_scale": "64", "train_wall": "18", "gb_free": "74.3", "wall": "18227"}
[2026-06-14 11:32:22,094][train_inner][INFO] - {"epoch": 10, "update": 9.258, "loss": "41.796", "nll_loss": "0.871", "total": "178.05", "n_correct": "156.66", "ppl": "1.83", "accuracy": "87.987", "wps": "355.1", "ups": "1.99", "wpb": "178.1", "bsz": "9.2", "num_updates": "29400", "lr": "5.47017e-05", "gnorm": "96.962", "loss_scale": "64", "train_wall": "19", "gb_free": "73.7", "wall": "18327"}
[2026-06-14 11:34:03,613][train_inner][INFO] - {"epoch": 10, "update": 9.321, "loss": "41.366", "nll_loss": "0.851", "total": "181.44", "n_correct": "160.315", "ppl": "1.8", "accuracy": "88.357", "wps": "357.5", "ups": "1.97", "wpb": "181.4", "bsz": "9.4", "num_updates": "29600", "lr": "5.30873e-05", "gnorm": "94.765", "loss_scale": "64", "train_wall": "18", "gb_free": "73.7", "wall": "18429"}
[2026-06-14 11:37:11,502][train_inner][INFO] - {"epoch": 10, "update": 9.384, "loss": "37.762", "nll_loss": "0.886", "total": "181.68", "n_correct": "159.11", "ppl": "1.85", "accuracy": "87.577", "wps": "193.4", "ups": "1.06", "wpb": "181.7", "bsz": "10.5", "num_updates": "29800", "lr": "5.15205e-05", "gnorm": "88.861", "loss_scale": "64", "train_wall": "20", "gb_free": "73.6", "wall": "18616"}
[2026-06-14 11:41:18,718][train_inner][INFO] - {"epoch": 10, "update": 9.446, "loss": "40.019", "nll_loss": "0.881", "total": "179.875", "n_correct": "157.725", "ppl": "1.84", "accuracy": "87.686", "wps": "145.5", "ups": "0.81", "wpb": "179.9", "bsz": "9.8", "num_updates": "30000", "lr": "5e-05", "gnorm": "92.271", "loss_scale": "64", "train_wall": "21", "gb_free": "74.5", "wall": "18864"}
[2026-06-14 11:41:18,720][main][INFO] - Stopping training due to num_updates: 30000 >= max_update: 30000
[2026-06-14 11:41:18,722][main][INFO] - begin validation on "valid" subset
[2026-06-14 11:42:49,494][valid][INFO] - {"epoch": 10, "valid_loss": "37.415", "valid_nll_loss": "0.626", "valid_total": "178.205", "valid_n_correct": "162.638", "valid_ppl": "1.54", "valid_accuracy": "91.265", "valid_wps": "254.8", "valid_wpb": "178.2", "valid_bsz": "9.4", "valid_num_updates": "30000", "valid_best_accuracy": "91.265"}
[2026-06-14 11:42:49,496][fairseq.checkpoint_utils][INFO] - Preparing to save checkpoint for epoch 10 @ 30000 updates
[2026-06-14 11:42:49,497][trainer][INFO] - Saving checkpoint to checkpoints/checkpoint_best.pt
[2026-06-14 11:42:53,863][trainer][INFO] - Finished saving checkpoint to checkpoints/checkpoint_best.pt
[2026-06-14 11:42:58,990][fairseq.checkpoint_utils][INFO] - Saved checkpoint checkpoints/checkpoint_best.pt (epoch 10 @ 30000 updates, score 91.265) (writing took 9.493699933052994 seconds)
[2026-06-14 11:42:58,991][main][INFO] - end of epoch 10 (average epoch stats below)
[2026-06-14 11:42:59,000][train][INFO] - {"epoch": 10, "train_loss": "40.334", "train_nll_loss": "0.872", "train_total": "180.167", "train_n_correct": "158.459", "train_ppl": "1.83", "train_accuracy": "87.951", "train_wps": "240.8", "train_ups": "1.34", "train_wpb": "180.2", "train_bsz": "9.7", "train_num_updates": "30000", "train_lr": "5e-05", "train_gnorm": "92.763", "train_loss_scale": "64", "train_train_wall": "135", "train_gb_free": "74.5", "train_wall": "18964"}
[2026-06-14 11:42:59,000][main][INFO] - done training in 18962.8 seconds
