/base/project/AudioVideo2Txt/main.py:27: UserWarning: 
The version_base parameter is not specified.
Please specify a compatability version level, or None.
Will assume defaults for version 1.1
  @hydra.main(config_path="configs", config_name="video2text")
/opt/conda/envs/rzd/lib/python3.10/site-packages/hydra/core/default_element.py:124: UserWarning: In 'audiovideo2text.yaml': Usage of deprecated keyword in package header '# @package _group_'.
See https://hydra.cc/docs/1.2/upgrades/1.0_to_1.1/changes_to_package_header for more information
  deprecation_warning(
sys:1: UserWarning: 
'audiovideo2text.yaml' is validated against ConfigStore schema with the same name.
This behavior is deprecated in Hydra 1.1 and will be removed in Hydra 1.2.
See https://hydra.cc/docs/1.2/upgrades/1.0_to_1.1/automatic_schema_matching for migration instructions.
/opt/conda/envs/rzd/lib/python3.10/site-packages/hydra/main.py:94: UserWarning: 
'audiovideo2text.yaml' is validated against ConfigStore schema with the same name.
This behavior is deprecated in Hydra 1.1 and will be removed in Hydra 1.2.
See https://hydra.cc/docs/1.2/upgrades/1.0_to_1.1/automatic_schema_matching for migration instructions.
  _run_hydra(
/opt/conda/envs/rzd/lib/python3.10/site-packages/hydra/_internal/hydra.py:119: UserWarning: Future Hydra versions will no longer change working directory at job runtime by default.
See https://hydra.cc/docs/1.2/upgrades/1.1_to_1.2/changes_to_job_working_dir/ for more information.
  ret = run_job(
[2026-06-14 06:26:52,230][main][INFO] - {'_name': None, 'common': {'_name': None, 'no_progress_bar': False, 'log_interval': 200, 'log_format': json, 'log_file': None, 'tensorboard_logdir': 'tblog', 'wandb_project': None, 'azureml_logging': False, 'seed': 1337, 'cpu': False, 'tpu': False, 'bf16': False, 'memory_efficient_bf16': False, 'fp16': True, 'memory_efficient_fp16': False, 'fp16_no_flatten_grads': False, 'fp16_init_scale': 128, 'fp16_scale_window': None, 'fp16_scale_tolerance': 0.0, 'on_cpu_convert_precision': False, 'min_loss_scale': 0.0001, 'threshold_loss_scale': None, 'amp': False, 'amp_batch_retries': 2, 'amp_init_scale': 128, 'amp_scale_window': None, 'user_dir': '/base/project/AudioVideo2Txt', 'empty_cache_freq': 0, 'all_gather_list_size': 16384, 'model_parallel_size': 1, 'quantization_config_path': None, 'profile': False, 'reset_logging': False, 'suppress_crashes': False, 'use_plasma_view': False, 'plasma_path': '/tmp/plasma'}, 'common_eval': {'_name': None, 'path': None, 'post_process': None, 'quiet': False, 'model_overrides': '{}', 'results_path': None}, 'distributed_training': {'_name': None, 'distributed_world_size': 1, 'distributed_num_procs': 1, 'distributed_rank': 0, 'distributed_backend': 'nccl', 'distributed_init_method': None, 'distributed_port': -1, 'device_id': 0, 'distributed_no_spawn': False, 'ddp_backend': c10d, 'ddp_comm_hook': none, 'bucket_cap_mb': 25, 'fix_batches_to_gpus': False, 'find_unused_parameters': True, 'fast_stat_sync': False, 'heartbeat_timeout': -1, 'broadcast_buffers': False, 'slowmo_momentum': None, 'slowmo_algorithm': 'LocalSGD', 'localsgd_frequency': 3, 'nprocs_per_node': 1, 'pipeline_model_parallel': False, 'pipeline_balance': None, 'pipeline_devices': None, 'pipeline_chunks': 0, 'pipeline_encoder_balance': None, 'pipeline_encoder_devices': None, 'pipeline_decoder_balance': None, 'pipeline_decoder_devices': None, 'pipeline_checkpoint': never, 'zero_sharding': none, 'fp16': '${common.fp16}', 'memory_efficient_fp16': '${common.memory_efficient_fp16}', 'tpu': '${common.tpu}', 'no_reshard_after_forward': False, 'fp32_reduce_scatter': False, 'cpu_offload': False, 'use_sharded_state': False}, 'dataset': {'_name': None, 'num_workers': 0, 'skip_invalid_size_inputs_valid_test': False, 'max_tokens': 1000, 'batch_size': None, 'required_batch_size_multiple': 8, 'required_seq_len_multiple': 1, 'dataset_impl': None, 'data_buffer_size': 10, 'train_subset': 'train', 'valid_subset': 'valid', 'combine_valid_subsets': None, 'ignore_unused_valid_subsets': False, 'validate_interval': 2, 'validate_interval_updates': 0, 'validate_after_updates': 0, 'fixed_validation_seed': None, 'disable_validation': False, 'max_tokens_valid': '${dataset.max_tokens}', 'batch_size_valid': '${dataset.batch_size}', 'max_valid_steps': None, 'curriculum': 0, 'gen_subset': 'test', 'num_shards': 1, 'shard_id': 0}, 'optimization': {'_name': None, 'max_epoch': 0, 'max_update': 30000, 'stop_time_hours': 0.0, 'clip_norm': 0.0, 'sentence_avg': True, 'update_freq': [1], 'lr': [0.001], 'stop_min_lr': -1.0, 'use_bmuf': False}, 'checkpoint': {'_name': None, 'save_dir': 'checkpoints', 'restore_file': 'checkpoint_last.pt', 'finetune_from_model': None, 'reset_dataloader': False, 'reset_lr_scheduler': False, 'reset_meters': False, 'reset_optimizer': False, 'optimizer_overrides': '{}', 'save_interval': 2, 'save_interval_updates': 0, 'keep_interval_updates': 1, 'keep_interval_updates_pattern': -1, 'keep_last_epochs': -1, 'keep_best_checkpoints': -1, 'no_save': False, 'no_epoch_checkpoints': True, 'no_last_checkpoints': False, 'no_save_optimizer_state': False, 'best_checkpoint_metric': 'accuracy', 'maximize_best_checkpoint_metric': True, 'patience': -1, 'checkpoint_suffix': '', 'checkpoint_shard_count': 1, 'load_checkpoint_on_all_dp_ranks': False, 'write_checkpoints_asynchronously': False, 'model_parallel_size': '${common.model_parallel_size}'}, 'bmuf': {'_name': None, 'block_lr': 1.0, 'block_momentum': 0.875, 'global_sync_iter': 50, 'warmup_iterations': 500, 'use_nbm': False, 'average_sync': False, 'distributed_world_size': '${distributed_training.distributed_world_size}'}, 'generation': {'_name': None, 'beam': 5, 'nbest': 1, 'max_len_a': 0.0, 'max_len_b': 200, 'min_len': 1, 'match_source_len': False, 'unnormalized': False, 'no_early_stop': False, 'no_beamable_mm': False, 'lenpen': 1.0, 'unkpen': 0.0, 'replace_unk': None, 'sacrebleu': False, 'score_reference': False, 'prefix_size': 0, 'no_repeat_ngram_size': 0, 'sampling': False, 'sampling_topk': -1, 'sampling_topp': -1.0, 'constraints': None, 'temperature': 1.0, 'diverse_beam_groups': -1, 'diverse_beam_strength': 0.5, 'diversity_rate': -1.0, 'print_alignment': None, 'print_step': False, 'lm_path': None, 'lm_weight': 0.0, 'iter_decode_eos_penalty': 0.0, 'iter_decode_max_iter': 10, 'iter_decode_force_max_iter': False, 'iter_decode_with_beam': 1, 'iter_decode_with_external_reranker': False, 'retain_iter_history': False, 'retain_dropout': False, 'retain_dropout_modules': None, 'decoding_format': None, 'no_seed_provided': False}, 'eval_lm': {'_name': None, 'output_word_probs': False, 'output_word_stats': False, 'context_window': 0, 'softmax_batch': 9223372036854775807}, 'interactive': {'_name': None, 'buffer_size': 0, 'input': '-'}, 'task': {'_name': 'av_hubert_pretraining', 'data': '/data2/final_project_data/30h_data', 'labels': ['wrd'], 'label_dir': '/data2/final_project_data/30h_data', 'label_rate': -1, 'sample_rate': 16000, 'normalize': True, 'enable_padding': False, 'max_sample_size': 500, 'min_sample_size': None, 'max_trim_sample_size': '${task.max_sample_size}', 'single_target': True, 'random_crop': False, 'pad_audio': True, 'pdb': False, 'stack_order_audio': 4, 'skip_verify': False, 'image_aug': True, 'image_crop_size': 88, 'image_mean': 0.421, 'image_std': 0.165, 'modalities': ['video', 'audio'], 'is_s2s': True, 'tokenizer_bpe_name': 'sentencepiece', 'tokenizer_bpe_model': '/data2/final_project_data/spm1000/spm_unigram1000.model', 'fine_tuning': True}, 'model': {'_name': 'av_hubert_seq2seq', 'pretrained_path': '/data2/final_project_ckpt/pretrained_model.pth', 'apply_mask': False, 'mask_selection': 'static', 'mask_length': 10, 'mask_other': 0, 'mask_prob': 0.75, 'mask_channel_selection': 'static', 'mask_channel_length': 64, 'mask_channel_other': 0, 'mask_channel_prob': 0.5, 'layerdrop': 0.1, 'dropout': 0.0, 'activation_dropout': 0.1, 'attention_dropout': 0.0, 'feature_grad_mult': 1.0, 'modality_fuse': 'concat', 'modality_dropout': 0.0, 'audio_dropout': 0.5, 'modality_dropout_mode': 'sample', 'modality_dropout_span_min': 10, 'modality_dropout_span_max': 30, 'decoder_layers': 6, 'decoder_dropout': 0.1, 'decoder_attention_dropout': 0.0, 'decoder_activation_dropout': 0.1, 'freeze_finetune_updates': 24000, 'share_decoder_input_output_embed': True, 'decoder_normalize_before': True}, 'criterion': {'_name': 'label_smoothed_cross_entropy', 'report_accuracy': True, 'label_smoothing': 0.1, 'focal_gamma': 1.0, 'confidence_penalty': 0.0, 'ignore_prefix_size': 0, 'sentence_avg': '${optimization.sentence_avg}'}, 'optimizer': {'_name': 'adam', 'adam_betas': '(0.9,0.98)', 'adam_eps': 1e-08, 'weight_decay': 0.0, "use_old_adam'": False, 'tpu': '${common.tpu}', 'lr': '${optimization.lr}'}, 'lr_scheduler': {'_name': 'tri_stage', 'warmup_steps': 10000, 'hold_steps': 0, 'decay_steps': 20000, 'final_lr_scale': 0.05, 'phase_ratio': '???', 'init_lr_scale': 0.01, 'max_update': '${optimization.max_update}', 'lr': '${optimization.lr}'}, 'scoring': None, 'bpe': None, 'tokenizer': None}
[2026-06-14 06:26:53,083][models.encoder_backbone][INFO] - EncoderBackbone Config: {'_name': 'av_hubert', 'label_rate': 25, 'input_modality': '${task.input_modality}', 'extractor_mode': default, 'encoder_layers': 12, 'encoder_embed_dim': 768, 'encoder_ffn_embed_dim': 3072, 'encoder_attention_heads': 12, 'activation_fn': gelu, 'dropout': 0.0, 'attention_dropout': 0.0, 'activation_dropout': 0.1, 'encoder_layerdrop': 0.1, 'dropout_input': 0.0, 'dropout_features': 0.1, 'final_dim': 256, 'untie_final_proj': True, 'layer_norm_first': True, 'conv_feature_layers': '[(512,10,5)] + [(512,3,2)] * 4 + [(512,2,2)] * 2', 'conv_bias': False, 'logit_temp': 0.1, 'target_glu': False, 'feature_grad_mult': 1.0, 'mask_length_audio': 10, 'mask_prob_audio': 0.8, 'mask_length_image': 5, 'mask_prob_image': 0.3, 'mask_selection': static, 'mask_other': 0.0, 'no_mask_overlap': False, 'mask_min_space': 1, 'mask_channel_length': 64, 'mask_channel_prob': 0.5, 'mask_channel_selection': static, 'mask_channel_other': 0.0, 'no_mask_channel_overlap': False, 'mask_channel_min_space': 1, 'conv_pos': 128, 'conv_pos_groups': 16, 'latent_temp': [2.0, 0.5, 0.999995], 'skip_masked': False, 'skip_nomask': False, 'resnet_relu_type': 'prelu', 'resnet_weights': None, 'sim_type': 'cosine', 'sub_encoder_layers': 0, 'audio_feat_dim': 104, 'modality_dropout': 0.0, 'audio_dropout': 0.5, 'modality_dropout_mode': 'sample', 'modality_dropout_span_min': 10, 'modality_dropout_span_max': 30, 'modality_fuse': 'concat', 'selection_type': 'same_seq', 'masking_type': 'input', 'decoder_embed_dim': 768, 'decoder_ffn_embed_dim': 3072, 'decoder_layers': 6, 'decoder_layerdrop': 0.0, 'decoder_attention_heads': 4, 'decoder_learned_pos': False, 'decoder_normalize_before': False, 'no_token_positional_embeddings': False, 'decoder_dropout': 0.1, 'decoder_attention_dropout': 0.1, 'decoder_activation_dropout': 0.0, 'max_target_positions': 2048, 'share_decoder_input_output_embed': False, 'no_scale_embedding': True, 'apply_mask': False, 'mask_prob': 0.75, 'mask_length': 10}
/opt/conda/envs/rzd/lib/python3.10/site-packages/torch/nn/utils/weight_norm.py:30: UserWarning: torch.nn.utils.weight_norm is deprecated in favor of torch.nn.utils.parametrizations.weight_norm.
  warnings.warn("torch.nn.utils.weight_norm is deprecated in favor of torch.nn.utils.parametrizations.weight_norm.")
[2026-06-14 06:26:54,641][models.audio_video_model][INFO] - _IncompatibleKeys(missing_keys=[], unexpected_keys=['mask_emb', 'label_embs_concat', 'final_proj.weight', 'final_proj.bias'])
[2026-06-14 06:26:55,306][main][INFO] - AudioVideoModel(
  (encoder): EncoderBackboneWrapper(
    (pretrained_model): EncoderBackbone(
      (feature_extractor_audio): AudioEncoder(
        (proj): Linear(in_features=104, out_features=768, bias=True)
      )
      (feature_extractor_video): ResEncoder(
        (frontend3D): Sequential(
          (0): Conv3d(1, 64, kernel_size=(5, 7, 7), stride=(1, 2, 2), padding=(2, 3, 3), bias=False)
          (1): BatchNorm3d(64, eps=1e-05, momentum=0.1, affine=True, track_running_stats=True)
          (2): PReLU(num_parameters=64)
          (3): MaxPool3d(kernel_size=(1, 3, 3), stride=(1, 2, 2), padding=(0, 1, 1), dilation=1, ceil_mode=False)
        )
        (trunk): ResNet(
          (layer1): Sequential(
            (0): BasicBlock(
              (conv1): Conv2d(64, 64, kernel_size=(3, 3), stride=(1, 1), padding=(1, 1), bias=False)
              (bn1): BatchNorm2d(64, eps=1e-05, momentum=0.1, affine=True, track_running_stats=True)
              (relu1): PReLU(num_parameters=64)
              (conv2): Conv2d(64, 64, kernel_size=(3, 3), stride=(1, 1), padding=(1, 1), bias=False)
              (bn2): BatchNorm2d(64, eps=1e-05, momentum=0.1, affine=True, track_running_stats=True)
              (relu2): PReLU(num_parameters=64)
            )
            (1): BasicBlock(
              (conv1): Conv2d(64, 64, kernel_size=(3, 3), stride=(1, 1), padding=(1, 1), bias=False)
              (bn1): BatchNorm2d(64, eps=1e-05, momentum=0.1, affine=True, track_running_stats=True)
              (relu1): PReLU(num_parameters=64)
              (conv2): Conv2d(64, 64, kernel_size=(3, 3), stride=(1, 1), padding=(1, 1), bias=False)
              (bn2): BatchNorm2d(64, eps=1e-05, momentum=0.1, affine=True, track_running_stats=True)
              (relu2): PReLU(num_parameters=64)
            )
          )
          (layer2): Sequential(
            (0): BasicBlock(
              (conv1): Conv2d(64, 128, kernel_size=(3, 3), stride=(2, 2), padding=(1, 1), bias=False)
              (bn1): BatchNorm2d(128, eps=1e-05, momentum=0.1, affine=True, track_running_stats=True)
              (relu1): PReLU(num_parameters=128)
              (conv2): Conv2d(128, 128, kernel_size=(3, 3), stride=(1, 1), padding=(1, 1), bias=False)
              (bn2): BatchNorm2d(128, eps=1e-05, momentum=0.1, affine=True, track_running_stats=True)
              (relu2): PReLU(num_parameters=128)
              (downsample): Sequential(
                (0): Conv2d(64, 128, kernel_size=(1, 1), stride=(2, 2), bias=False)
                (1): BatchNorm2d(128, eps=1e-05, momentum=0.1, affine=True, track_running_stats=True)
              )
            )
            (1): BasicBlock(
              (conv1): Conv2d(128, 128, kernel_size=(3, 3), stride=(1, 1), padding=(1, 1), bias=False)
              (bn1): BatchNorm2d(128, eps=1e-05, momentum=0.1, affine=True, track_running_stats=True)
              (relu1): PReLU(num_parameters=128)
              (conv2): Conv2d(128, 128, kernel_size=(3, 3), stride=(1, 1), padding=(1, 1), bias=False)
              (bn2): BatchNorm2d(128, eps=1e-05, momentum=0.1, affine=True, track_running_stats=True)
              (relu2): PReLU(num_parameters=128)
            )
          )
          (layer3): Sequential(
            (0): BasicBlock(
              (conv1): Conv2d(128, 256, kernel_size=(3, 3), stride=(2, 2), padding=(1, 1), bias=False)
              (bn1): BatchNorm2d(256, eps=1e-05, momentum=0.1, affine=True, track_running_stats=True)
              (relu1): PReLU(num_parameters=256)
              (conv2): Conv2d(256, 256, kernel_size=(3, 3), stride=(1, 1), padding=(1, 1), bias=False)
              (bn2): BatchNorm2d(256, eps=1e-05, momentum=0.1, affine=True, track_running_stats=True)
              (relu2): PReLU(num_parameters=256)
              (downsample): Sequential(
                (0): Conv2d(128, 256, kernel_size=(1, 1), stride=(2, 2), bias=False)
                (1): BatchNorm2d(256, eps=1e-05, momentum=0.1, affine=True, track_running_stats=True)
              )
            )
            (1): BasicBlock(
              (conv1): Conv2d(256, 256, kernel_size=(3, 3), stride=(1, 1), padding=(1, 1), bias=False)
              (bn1): BatchNorm2d(256, eps=1e-05, momentum=0.1, affine=True, track_running_stats=True)
              (relu1): PReLU(num_parameters=256)
              (conv2): Conv2d(256, 256, kernel_size=(3, 3), stride=(1, 1), padding=(1, 1), bias=False)
              (bn2): BatchNorm2d(256, eps=1e-05, momentum=0.1, affine=True, track_running_stats=True)
              (relu2): PReLU(num_parameters=256)
            )
          )
          (layer4): Sequential(
            (0): BasicBlock(
              (conv1): Conv2d(256, 512, kernel_size=(3, 3), stride=(2, 2), padding=(1, 1), bias=False)
              (bn1): BatchNorm2d(512, eps=1e-05, momentum=0.1, affine=True, track_running_stats=True)
              (relu1): PReLU(num_parameters=512)
              (conv2): Conv2d(512, 512, kernel_size=(3, 3), stride=(1, 1), padding=(1, 1), bias=False)
              (bn2): BatchNorm2d(512, eps=1e-05, momentum=0.1, affine=True, track_running_stats=True)
              (relu2): PReLU(num_parameters=512)
              (downsample): Sequential(
                (0): Conv2d(256, 512, kernel_size=(1, 1), stride=(2, 2), bias=False)
                (1): BatchNorm2d(512, eps=1e-05, momentum=0.1, affine=True, track_running_stats=True)
              )
            )
            (1): BasicBlock(
              (conv1): Conv2d(512, 512, kernel_size=(3, 3), stride=(1, 1), padding=(1, 1), bias=False)
              (bn1): BatchNorm2d(512, eps=1e-05, momentum=0.1, affine=True, track_running_stats=True)
              (relu1): PReLU(num_parameters=512)
              (conv2): Conv2d(512, 512, kernel_size=(3, 3), stride=(1, 1), padding=(1, 1), bias=False)
              (bn2): BatchNorm2d(512, eps=1e-05, momentum=0.1, affine=True, track_running_stats=True)
              (relu2): PReLU(num_parameters=512)
            )
          )
          (avgpool): AdaptiveAvgPool2d(output_size=1)
        )
        (proj): Linear(in_features=512, out_features=768, bias=True)
      )
      (post_extract_proj): Linear(in_features=1536, out_features=768, bias=True)
      (encoder): TransformerEncoder(
        (pos_conv): Sequential(
          (0): Conv1d(768, 768, kernel_size=(128,), stride=(1,), padding=(64,), groups=16)
          (1): SamePad()
          (2): GELU(approximate='none')
        )
        (layers): ModuleList(
          (0-11): 12 x TransformerSentenceEncoderLayer(
            (self_attn): MultiheadAttention(
              (dropout_module): Dropout(p=0.0, inplace=False)
              (k_proj): Linear(in_features=768, out_features=768, bias=True)
              (v_proj): Linear(in_features=768, out_features=768, bias=True)
              (q_proj): Linear(in_features=768, out_features=768, bias=True)
              (out_proj): Linear(in_features=768, out_features=768, bias=True)
            )
            (dropout1): Dropout(p=0.0, inplace=False)
            (dropout2): Dropout(p=0.1, inplace=False)
            (dropout3): Dropout(p=0.0, inplace=False)
            (self_attn_layer_norm): LayerNorm((768,), eps=1e-05, elementwise_affine=True)
            (fc1): Linear(in_features=768, out_features=3072, bias=True)
            (fc2): Linear(in_features=3072, out_features=768, bias=True)
            (final_layer_norm): LayerNorm((768,), eps=1e-05, elementwise_affine=True)
          )
        )
        (layer_norm): LayerNorm((768,), eps=1e-05, elementwise_affine=True)
      )
      (layer_norm): LayerNorm((1536,), eps=1e-05, elementwise_affine=True)
      (dropout_input): Dropout(p=0.0, inplace=False)
      (dropout_features): Dropout(p=0.1, inplace=False)
    )
  )
  (decoder): TransformerDecoder(
    (embed_tokens): Embedding(1000, 768, padding_idx=1)
    (embed_positions): SinusoidalPositionalEmbedding()
    (layers): ModuleList(
      (0-5): 6 x TransformerDecoderLayer(
        (dropout_module): Dropout(p=0.1, inplace=False)
        (self_attn): MultiheadAttention(
          (dropout_module): Dropout(p=0.0, inplace=False)
          (k_proj): Linear(in_features=768, out_features=768, bias=True)
          (v_proj): Linear(in_features=768, out_features=768, bias=True)
          (q_proj): Linear(in_features=768, out_features=768, bias=True)
          (out_proj): Linear(in_features=768, out_features=768, bias=True)
        )
        (activation_dropout_module): Dropout(p=0.1, inplace=False)
        (self_attn_layer_norm): LayerNorm((768,), eps=1e-05, elementwise_affine=True)
        (encoder_attn): MultiheadAttention(
          (dropout_module): Dropout(p=0.0, inplace=False)
          (k_proj): Linear(in_features=768, out_features=768, bias=True)
          (v_proj): Linear(in_features=768, out_features=768, bias=True)
          (q_proj): Linear(in_features=768, out_features=768, bias=True)
          (out_proj): Linear(in_features=768, out_features=768, bias=True)
        )
        (encoder_attn_layer_norm): LayerNorm((768,), eps=1e-05, elementwise_affine=True)
        (fc1): Linear(in_features=768, out_features=3072, bias=True)
        (fc2): Linear(in_features=3072, out_features=768, bias=True)
        (final_layer_norm): LayerNorm((768,), eps=1e-05, elementwise_affine=True)
      )
    )
    (layer_norm): LayerNorm((768,), eps=1e-05, elementwise_affine=True)
  )
)
[2026-06-14 06:26:55,310][main][INFO] - model: AudioVideoModel
[2026-06-14 06:26:55,310][main][INFO] - criterion: LabelSmoothedCrossEntropyCriterion
[2026-06-14 06:26:55,313][main][INFO] - num. shared model params: 160,100,480 (num. trained: 160,100,480)
[2026-06-14 06:26:55,315][main][INFO] - num. expert model params: 0 (num. trained: 0)
[2026-06-14 06:26:55,315][dataset][INFO] - Using tokenizer
[2026-06-14 06:26:55,386][dataset][INFO] - max_keep=500, min_keep=None, loaded 30782, skipped 0 short and 0 long and 0 unaligned, longest-loaded=155, shortest-loaded=12
[2026-06-14 06:26:55,386][dataset][INFO] - image transform: Compose(
    Normalize(mean=0.0, std=255.0)
    RandomCrop(size=(88, 88))
    <utils.model_utils.HorizontalFlip object at 0x7f4ac782e740>
    Normalize(mean=0.421, std=0.165)
)
[2026-06-14 06:26:55,400][dataset][INFO] - pad_audio=True, random_crop=False, normalize=True, max_sample_size=500, seqs2seq data=True,
[2026-06-14 06:26:55,401][dataset][INFO] - Using tokenizer
[2026-06-14 06:26:55,407][dataset][INFO] - max_keep=500, min_keep=None, loaded 1200, skipped 0 short and 0 long and 0 unaligned, longest-loaded=155, shortest-loaded=17
[2026-06-14 06:26:55,407][dataset][INFO] - image transform: Compose(
    Normalize(mean=0.0, std=255.0)
    <utils.model_utils.CenterCrop object at 0x7f4ac782f430>
    Normalize(mean=0.421, std=0.165)
)
[2026-06-14 06:26:55,410][dataset][INFO] - pad_audio=True, random_crop=False, normalize=True, max_sample_size=500, seqs2seq data=True,
[2026-06-14 06:26:56,252][trainer][INFO] - detected shared parameter: encoder.pretrained_model.feature_extractor_video.frontend3D.0.bias <- encoder.pretrained_model.feature_extractor_video.trunk.layer1.0.conv1.bias
[2026-06-14 06:26:56,252][trainer][INFO] - detected shared parameter: encoder.pretrained_model.feature_extractor_video.frontend3D.0.bias <- encoder.pretrained_model.feature_extractor_video.trunk.layer1.0.conv2.bias
[2026-06-14 06:26:56,252][trainer][INFO] - detected shared parameter: encoder.pretrained_model.feature_extractor_video.frontend3D.0.bias <- encoder.pretrained_model.feature_extractor_video.trunk.layer1.1.conv1.bias
[2026-06-14 06:26:56,253][trainer][INFO] - detected shared parameter: encoder.pretrained_model.feature_extractor_video.frontend3D.0.bias <- encoder.pretrained_model.feature_extractor_video.trunk.layer1.1.conv2.bias
[2026-06-14 06:26:56,253][trainer][INFO] - detected shared parameter: encoder.pretrained_model.feature_extractor_video.frontend3D.0.bias <- encoder.pretrained_model.feature_extractor_video.trunk.layer2.0.conv1.bias
[2026-06-14 06:26:56,253][trainer][INFO] - detected shared parameter: encoder.pretrained_model.feature_extractor_video.frontend3D.0.bias <- encoder.pretrained_model.feature_extractor_video.trunk.layer2.0.conv2.bias
[2026-06-14 06:26:56,253][trainer][INFO] - detected shared parameter: encoder.pretrained_model.feature_extractor_video.frontend3D.0.bias <- encoder.pretrained_model.feature_extractor_video.trunk.layer2.0.downsample.0.bias
[2026-06-14 06:26:56,254][trainer][INFO] - detected shared parameter: encoder.pretrained_model.feature_extractor_video.frontend3D.0.bias <- encoder.pretrained_model.feature_extractor_video.trunk.layer2.1.conv1.bias
[2026-06-14 06:26:56,255][trainer][INFO] - detected shared parameter: encoder.pretrained_model.feature_extractor_video.frontend3D.0.bias <- encoder.pretrained_model.feature_extractor_video.trunk.layer2.1.conv2.bias
[2026-06-14 06:26:56,255][trainer][INFO] - detected shared parameter: encoder.pretrained_model.feature_extractor_video.frontend3D.0.bias <- encoder.pretrained_model.feature_extractor_video.trunk.layer3.0.conv1.bias
[2026-06-14 06:26:56,255][trainer][INFO] - detected shared parameter: encoder.pretrained_model.feature_extractor_video.frontend3D.0.bias <- encoder.pretrained_model.feature_extractor_video.trunk.layer3.0.conv2.bias
[2026-06-14 06:26:56,256][trainer][INFO] - detected shared parameter: encoder.pretrained_model.feature_extractor_video.frontend3D.0.bias <- encoder.pretrained_model.feature_extractor_video.trunk.layer3.0.downsample.0.bias
[2026-06-14 06:26:56,256][trainer][INFO] - detected shared parameter: encoder.pretrained_model.feature_extractor_video.frontend3D.0.bias <- encoder.pretrained_model.feature_extractor_video.trunk.layer3.1.conv1.bias
[2026-06-14 06:26:56,257][trainer][INFO] - detected shared parameter: encoder.pretrained_model.feature_extractor_video.frontend3D.0.bias <- encoder.pretrained_model.feature_extractor_video.trunk.layer3.1.conv2.bias
[2026-06-14 06:26:56,257][trainer][INFO] - detected shared parameter: encoder.pretrained_model.feature_extractor_video.frontend3D.0.bias <- encoder.pretrained_model.feature_extractor_video.trunk.layer4.0.conv1.bias
[2026-06-14 06:26:56,258][trainer][INFO] - detected shared parameter: encoder.pretrained_model.feature_extractor_video.frontend3D.0.bias <- encoder.pretrained_model.feature_extractor_video.trunk.layer4.0.conv2.bias
[2026-06-14 06:26:56,258][trainer][INFO] - detected shared parameter: encoder.pretrained_model.feature_extractor_video.frontend3D.0.bias <- encoder.pretrained_model.feature_extractor_video.trunk.layer4.0.downsample.0.bias
[2026-06-14 06:26:56,258][trainer][INFO] - detected shared parameter: encoder.pretrained_model.feature_extractor_video.frontend3D.0.bias <- encoder.pretrained_model.feature_extractor_video.trunk.layer4.1.conv1.bias
[2026-06-14 06:26:56,258][trainer][INFO] - detected shared parameter: encoder.pretrained_model.feature_extractor_video.frontend3D.0.bias <- encoder.pretrained_model.feature_extractor_video.trunk.layer4.1.conv2.bias
[2026-06-14 06:26:56,259][fairseq.utils][INFO] - ***********************CUDA enviroments for all 1 workers***********************
[2026-06-14 06:26:56,259][fairseq.utils][INFO] - rank   0: capabilities =  9.0  ; total memory = 79.179 GB ; name = NVIDIA H100 80GB HBM3                   
[2026-06-14 06:26:56,259][fairseq.utils][INFO] - ***********************CUDA enviroments for all 1 workers***********************
[2026-06-14 06:26:56,260][main][INFO] - training on 1 devices (GPUs/TPUs)
[2026-06-14 06:26:56,260][main][INFO] - max tokens per device = 1000 and max sentences per device = None
[2026-06-14 06:26:56,261][trainer][INFO] - Preparing to load checkpoint checkpoints/checkpoint_last.pt
[2026-06-14 06:26:56,261][trainer][INFO] - No existing checkpoint found checkpoints/checkpoint_last.pt
[2026-06-14 06:26:57,283][trainer][INFO] - begin training epoch 1
[2026-06-14 06:26:57,284][main][INFO] - Start iterating over samples
[2026-06-14 06:28:39,692][train_inner][INFO] - {"epoch": 1, "update": 0.063, "loss": "154.009", "nll_loss": "8.511", "total": "178.305", "n_correct": "10.745", "ppl": "364.71", "accuracy": "6.026", "wps": "351", "ups": "1.97", "wpb": "178.3", "bsz": "10.1", "num_updates": "200", "lr": "2.98e-05", "gnorm": "98.53", "loss_scale": "128", "train_wall": "18", "gb_free": "75.7", "wall": "103"}
[2026-06-14 06:31:48,920][train_inner][INFO] - {"epoch": 1, "update": 0.126, "loss": "167.994", "nll_loss": "8.142", "total": "181.27", "n_correct": "12.325", "ppl": "282.49", "accuracy": "6.799", "wps": "191.6", "ups": "1.06", "wpb": "181.3", "bsz": "9", "num_updates": "400", "lr": "4.96e-05", "gnorm": "71.034", "loss_scale": "128", "train_wall": "14", "gb_free": "75.7", "wall": "293"}
[2026-06-14 06:34:26,597][train_inner][INFO] - {"epoch": 1, "update": 0.189, "loss": "154.192", "nll_loss": "8.016", "total": "177.86", "n_correct": "14.67", "ppl": "258.82", "accuracy": "8.248", "wps": "225.7", "ups": "1.27", "wpb": "177.9", "bsz": "9.5", "num_updates": "600", "lr": "6.94e-05", "gnorm": "56.924", "loss_scale": "128", "train_wall": "13", "gb_free": "75.7", "wall": "450"}
[2026-06-14 06:38:31,678][train_inner][INFO] - {"epoch": 1, "update": 0.252, "loss": "146.362", "nll_loss": "7.816", "total": "179.33", "n_correct": "20.24", "ppl": "225.39", "accuracy": "11.286", "wps": "146.4", "ups": "0.82", "wpb": "179.3", "bsz": "9.9", "num_updates": "800", "lr": "8.92e-05", "gnorm": "54.386", "loss_scale": "128", "train_wall": "14", "gb_free": "75.7", "wall": "695"}
[2026-06-14 06:40:48,173][train_inner][INFO] - {"epoch": 1, "update": 0.315, "loss": "149.552", "nll_loss": "7.647", "total": "176.56", "n_correct": "22.76", "ppl": "200.41", "accuracy": "12.891", "wps": "258.7", "ups": "1.47", "wpb": "176.6", "bsz": "9.3", "num_updates": "1000", "lr": "0.000109", "gnorm": "54.826", "loss_scale": "128", "train_wall": "12", "gb_free": "75.7", "wall": "832"}
[2026-06-14 06:44:21,403][train_inner][INFO] - {"epoch": 1, "update": 0.378, "loss": "146.41", "nll_loss": "7.46", "total": "177.705", "n_correct": "25", "ppl": "176.07", "accuracy": "14.068", "wps": "166.7", "ups": "0.94", "wpb": "177.7", "bsz": "9.3", "num_updates": "1200", "lr": "0.0001288", "gnorm": "56.421", "loss_scale": "128", "train_wall": "13", "gb_free": "75.7", "wall": "1045"}
[2026-06-14 06:46:29,758][train_inner][INFO] - {"epoch": 1, "update": 0.441, "loss": "132.855", "nll_loss": "7.249", "total": "180.08", "n_correct": "28.41", "ppl": "152.09", "accuracy": "15.776", "wps": "280.6", "ups": "1.56", "wpb": "180.1", "bsz": "10.2", "num_updates": "1400", "lr": "0.0001486", "gnorm": "53.403", "loss_scale": "128", "train_wall": "12", "gb_free": "75.7", "wall": "1173"}
[2026-06-14 06:50:11,838][train_inner][INFO] - {"epoch": 1, "update": 0.504, "loss": "141.268", "nll_loss": "7.186", "total": "179.95", "n_correct": "28.31", "ppl": "145.64", "accuracy": "15.732", "wps": "162.1", "ups": "0.9", "wpb": "179.9", "bsz": "9.5", "num_updates": "1600", "lr": "0.0001684", "gnorm": "55.275", "loss_scale": "128", "train_wall": "14", "gb_free": "75.7", "wall": "1396"}
[2026-06-14 06:52:17,946][train_inner][INFO] - {"epoch": 1, "update": 0.567, "loss": "123.633", "nll_loss": "6.903", "total": "181.98", "n_correct": "32.9", "ppl": "119.7", "accuracy": "18.079", "wps": "288.6", "ups": "1.59", "wpb": "182", "bsz": "10.5", "num_updates": "1800", "lr": "0.0001882", "gnorm": "51.592", "loss_scale": "128", "train_wall": "12", "gb_free": "75.7", "wall": "1522"}
[2026-06-14 06:54:51,412][train_inner][INFO] - {"epoch": 1, "update": 0.63, "loss": "131.981", "nll_loss": "6.844", "total": "182.14", "n_correct": "32.845", "ppl": "114.91", "accuracy": "18.033", "wps": "237.4", "ups": "1.3", "wpb": "182.1", "bsz": "9.8", "num_updates": "2000", "lr": "0.000208", "gnorm": "53.33", "loss_scale": "128", "train_wall": "13", "gb_free": "75.7", "wall": "1675"}
[2026-06-14 06:56:35,987][train_inner][INFO] - {"epoch": 1, "update": 0.693, "loss": "132.476", "nll_loss": "6.733", "total": "178.665", "n_correct": "32.775", "ppl": "106.38", "accuracy": "18.344", "wps": "341.7", "ups": "1.91", "wpb": "178.7", "bsz": "9.4", "num_updates": "2200", "lr": "0.0002278", "gnorm": "54.471", "loss_scale": "128", "train_wall": "12", "gb_free": "75.7", "wall": "1780"}
[2026-06-14 06:58:56,961][train_inner][INFO] - {"epoch": 1, "update": 0.756, "loss": "132.306", "nll_loss": "6.606", "total": "180.825", "n_correct": "34.665", "ppl": "97.41", "accuracy": "19.17", "wps": "256.6", "ups": "1.42", "wpb": "180.8", "bsz": "9.4", "num_updates": "2400", "lr": "0.0002476", "gnorm": "56.377", "loss_scale": "128", "train_wall": "13", "gb_free": "75.7", "wall": "1921"}
[2026-06-14 07:01:45,690][train_inner][INFO] - {"epoch": 1, "update": 0.819, "loss": "125.113", "nll_loss": "6.393", "total": "181.03", "n_correct": "37.245", "ppl": "84.01", "accuracy": "20.574", "wps": "214.6", "ups": "1.19", "wpb": "181", "bsz": "9.7", "num_updates": "2600", "lr": "0.0002674", "gnorm": "56.337", "loss_scale": "128", "train_wall": "13", "gb_free": "75.7", "wall": "2089"}
[2026-06-14 07:04:56,038][train_inner][INFO] - {"epoch": 1, "update": 0.882, "loss": "119.05", "nll_loss": "6.168", "total": "175.29", "n_correct": "38.69", "ppl": "71.89", "accuracy": "22.072", "wps": "184.2", "ups": "1.05", "wpb": "175.3", "bsz": "9.5", "num_updates": "2800", "lr": "0.0002872", "gnorm": "55.802", "loss_scale": "128", "train_wall": "13", "gb_free": "75.7", "wall": "2280"}
[2026-06-14 07:07:46,077][train_inner][INFO] - {"epoch": 1, "update": 0.945, "loss": "120.14", "nll_loss": "6.089", "total": "183.02", "n_correct": "41.08", "ppl": "68.08", "accuracy": "22.446", "wps": "215.3", "ups": "1.18", "wpb": "183", "bsz": "9.7", "num_updates": "3000", "lr": "0.000307", "gnorm": "57.17", "loss_scale": "128", "train_wall": "12", "gb_free": "75.7", "wall": "2450"}
[2026-06-14 07:10:57,367][main][INFO] - end of epoch 1 (average epoch stats below)
[2026-06-14 07:10:57,385][train][INFO] - {"epoch": 1, "train_loss": "136.619", "train_nll_loss": "7.108", "train_total": "179.799", "train_n_correct": "28.4298", "train_ppl": "137.99", "train_accuracy": "15.812", "train_wps": "216.3", "train_ups": "1.2", "train_wpb": "179.8", "train_bsz": "9.7", "train_num_updates": "3176", "train_lr": "0.000324424", "train_gnorm": "58.938", "train_loss_scale": "128", "train_train_wall": "210", "train_gb_free": "75.7", "train_wall": "2641"}
[2026-06-14 07:10:57,984][trainer][INFO] - begin training epoch 2
[2026-06-14 07:10:57,984][main][INFO] - Start iterating over samples
[2026-06-14 07:11:10,490][train_inner][INFO] - {"epoch": 2, "update": 1.008, "loss": "111.689", "nll_loss": "5.869", "total": "181.945", "n_correct": "43.82", "ppl": "58.44", "accuracy": "24.084", "wps": "178", "ups": "0.98", "wpb": "181.9", "bsz": "10.1", "num_updates": "3200", "lr": "0.0003268", "gnorm": "57.411", "loss_scale": "128", "train_wall": "13", "gb_free": "75.7", "wall": "2654"}
[2026-06-14 07:12:56,869][train_inner][INFO] - {"epoch": 2, "update": 1.071, "loss": "111.953", "nll_loss": "5.716", "total": "181.22", "n_correct": "43.8", "ppl": "52.57", "accuracy": "24.17", "wps": "340.8", "ups": "1.88", "wpb": "181.2", "bsz": "9.8", "num_updates": "3400", "lr": "0.0003466", "gnorm": "58.756", "loss_scale": "128", "train_wall": "12", "gb_free": "75.7", "wall": "2761"}
[2026-06-14 07:14:44,166][train_inner][INFO] - {"epoch": 2, "update": 1.134, "loss": "103.985", "nll_loss": "5.442", "total": "184.03", "n_correct": "48.83", "ppl": "43.46", "accuracy": "26.534", "wps": "343.1", "ups": "1.86", "wpb": "184", "bsz": "10.2", "num_updates": "3600", "lr": "0.0003664", "gnorm": "61.437", "loss_scale": "128", "train_wall": "11", "gb_free": "75.7", "wall": "2868"}
[2026-06-14 07:16:17,703][train_inner][INFO] - {"epoch": 2, "update": 1.196, "loss": "109.369", "nll_loss": "5.27", "total": "177.94", "n_correct": "49.255", "ppl": "38.6", "accuracy": "27.681", "wps": "380.5", "ups": "2.14", "wpb": "177.9", "bsz": "9.1", "num_updates": "3800", "lr": "0.0003862", "gnorm": "64.924", "loss_scale": "128", "train_wall": "11", "gb_free": "75.7", "wall": "2961"}
[2026-06-14 07:17:53,508][train_inner][INFO] - {"epoch": 2, "update": 1.259, "loss": "100.908", "nll_loss": "5.003", "total": "176.96", "n_correct": "53.465", "ppl": "32.07", "accuracy": "30.213", "wps": "369.5", "ups": "2.09", "wpb": "177", "bsz": "9.4", "num_updates": "4000", "lr": "0.000406", "gnorm": "69.185", "loss_scale": "128", "train_wall": "11", "gb_free": "75.7", "wall": "3057"}
[2026-06-14 07:19:28,672][train_inner][INFO] - {"epoch": 2, "update": 1.322, "loss": "100.133", "nll_loss": "4.814", "total": "182.315", "n_correct": "58.435", "ppl": "28.12", "accuracy": "32.052", "wps": "383.2", "ups": "2.1", "wpb": "182.3", "bsz": "9.4", "num_updates": "4200", "lr": "0.0004258", "gnorm": "69.999", "loss_scale": "128", "train_wall": "11", "gb_free": "75.7", "wall": "3152"}
[2026-06-14 07:21:03,579][train_inner][INFO] - {"epoch": 2, "update": 1.385, "loss": "85.432", "nll_loss": "4.507", "total": "178.705", "n_correct": "62.56", "ppl": "22.74", "accuracy": "35.007", "wps": "376.6", "ups": "2.11", "wpb": "178.7", "bsz": "10.2", "num_updates": "4400", "lr": "0.0004456", "gnorm": "68.618", "loss_scale": "128", "train_wall": "11", "gb_free": "75.7", "wall": "3247"}
[2026-06-14 07:22:46,717][train_inner][INFO] - {"epoch": 2, "update": 1.448, "loss": "79.465", "nll_loss": "4.29", "total": "182.91", "n_correct": "68.94", "ppl": "19.57", "accuracy": "37.691", "wps": "354.7", "ups": "1.94", "wpb": "182.9", "bsz": "10.7", "num_updates": "4600", "lr": "0.0004654", "gnorm": "66.409", "loss_scale": "128", "train_wall": "11", "gb_free": "75.7", "wall": "3350"}
[2026-06-14 07:24:25,223][train_inner][INFO] - {"epoch": 2, "update": 1.511, "loss": "84.383", "nll_loss": "4.242", "total": "178.54", "n_correct": "67.99", "ppl": "18.92", "accuracy": "38.081", "wps": "362.6", "ups": "2.03", "wpb": "178.5", "bsz": "9.7", "num_updates": "4800", "lr": "0.0004852", "gnorm": "67.675", "loss_scale": "128", "train_wall": "11", "gb_free": "75.7", "wall": "3449"}
[2026-06-14 07:25:59,636][train_inner][INFO] - {"epoch": 2, "update": 1.574, "loss": "80.151", "nll_loss": "4.091", "total": "181.955", "n_correct": "72.39", "ppl": "17.04", "accuracy": "39.785", "wps": "385.5", "ups": "2.12", "wpb": "182", "bsz": "10.1", "num_updates": "5000", "lr": "0.000505", "gnorm": "65.425", "loss_scale": "128", "train_wall": "11", "gb_free": "75.7", "wall": "3543"}
[2026-06-14 07:27:36,040][train_inner][INFO] - {"epoch": 2, "update": 1.637, "loss": "75.64", "nll_loss": "3.934", "total": "178.205", "n_correct": "73.83", "ppl": "15.29", "accuracy": "41.43", "wps": "369.7", "ups": "2.07", "wpb": "178.2", "bsz": "10.1", "num_updates": "5200", "lr": "0.0005248", "gnorm": "64.612", "loss_scale": "128", "train_wall": "11", "gb_free": "75.7", "wall": "3640"}
[2026-06-14 07:29:09,551][train_inner][INFO] - {"epoch": 2, "update": 1.7, "loss": "72.683", "nll_loss": "3.819", "total": "177.005", "n_correct": "76.785", "ppl": "14.12", "accuracy": "43.38", "wps": "378.6", "ups": "2.14", "wpb": "177", "bsz": "10.1", "num_updates": "5400", "lr": "0.0005446", "gnorm": "63.854", "loss_scale": "128", "train_wall": "11", "gb_free": "75.7", "wall": "3733"}
[2026-06-14 07:30:38,270][train_inner][INFO] - {"epoch": 2, "update": 1.763, "loss": "87.494", "nll_loss": "3.888", "total": "181.805", "n_correct": "76.465", "ppl": "14.81", "accuracy": "42.059", "wps": "409.9", "ups": "2.25", "wpb": "181.8", "bsz": "8.8", "num_updates": "5600", "lr": "0.0005644", "gnorm": "70.004", "loss_scale": "128", "train_wall": "11", "gb_free": "75.7", "wall": "3822"}
[2026-06-14 07:32:07,593][train_inner][INFO] - {"epoch": 2, "update": 1.826, "loss": "80.127", "nll_loss": "3.651", "total": "179.055", "n_correct": "80.54", "ppl": "12.56", "accuracy": "44.981", "wps": "401", "ups": "2.24", "wpb": "179.1", "bsz": "8.9", "num_updates": "5800", "lr": "0.0005842", "gnorm": "65.753", "loss_scale": "128", "train_wall": "11", "gb_free": "75.7", "wall": "3911"}
[2026-06-14 07:33:34,643][train_inner][INFO] - {"epoch": 2, "update": 1.889, "loss": "77.954", "nll_loss": "3.621", "total": "178.135", "n_correct": "81.49", "ppl": "12.3", "accuracy": "45.746", "wps": "409.3", "ups": "2.3", "wpb": "178.1", "bsz": "9.1", "num_updates": "6000", "lr": "0.000604", "gnorm": "65.831", "loss_scale": "128", "train_wall": "11", "gb_free": "75.7", "wall": "3998"}
[2026-06-14 07:35:04,527][train_inner][INFO] - {"epoch": 2, "update": 1.952, "loss": "68.832", "nll_loss": "3.408", "total": "180.595", "n_correct": "87.005", "ppl": "10.61", "accuracy": "48.177", "wps": "401.9", "ups": "2.23", "wpb": "180.6", "bsz": "9.8", "num_updates": "6200", "lr": "0.0006238", "gnorm": "61.032", "loss_scale": "128", "train_wall": "11", "gb_free": "75.7", "wall": "4088"}
[2026-06-14 07:36:08,715][main][INFO] - begin validation on "valid" subset
[2026-06-14 07:37:02,776][valid][INFO] - {"epoch": 2, "valid_loss": "66.797", "valid_nll_loss": "3.198", "valid_total": "178.205", "valid_n_correct": "89.3465", "valid_ppl": "9.17", "valid_accuracy": "50.137", "valid_wps": "421.9", "valid_wpb": "178.2", "valid_bsz": "9.4", "valid_num_updates": "6352"}
[2026-06-14 07:37:02,781][fairseq.checkpoint_utils][INFO] - Preparing to save checkpoint for epoch 2 @ 6352 updates
[2026-06-14 07:37:02,781][trainer][INFO] - Saving checkpoint to checkpoints/checkpoint_best.pt
[2026-06-14 07:37:06,108][trainer][INFO] - Finished saving checkpoint to checkpoints/checkpoint_best.pt
[2026-06-14 07:37:10,956][fairseq.checkpoint_utils][INFO] - Saved checkpoint checkpoints/checkpoint_best.pt (epoch 2 @ 6352 updates, score 50.137) (writing took 8.1757129910402 seconds)
[2026-06-14 07:37:10,957][main][INFO] - end of epoch 2 (average epoch stats below)
[2026-06-14 07:37:10,967][train][INFO] - {"epoch": 2, "train_loss": "86.999", "train_nll_loss": "4.342", "train_total": "179.799", "train_n_correct": "67.5878", "train_ppl": "20.28", "train_accuracy": "37.591", "train_wps": "362.9", "train_ups": "2.02", "train_wpb": "179.8", "train_bsz": "9.7", "train_num_updates": "6352", "train_lr": "0.000638848", "train_gnorm": "65.227", "train_loss_scale": "128", "train_train_wall": "177", "train_gb_free": "75.7", "train_wall": "4215"}
[2026-06-14 07:37:11,414][trainer][INFO] - begin training epoch 3
[2026-06-14 07:37:11,414][main][INFO] - Start iterating over samples
[2026-06-14 07:37:32,658][train_inner][INFO] - {"epoch": 3, "update": 2.015, "loss": "66.69", "nll_loss": "3.282", "total": "177.825", "n_correct": "87.995", "ppl": "9.73", "accuracy": "49.484", "wps": "240.1", "ups": "1.35", "wpb": "177.8", "bsz": "9.6", "num_updates": "6400", "lr": "0.0006436", "gnorm": "60.557", "loss_scale": "128", "train_wall": "11", "gb_free": "75.7", "wall": "4236"}
[2026-06-14 07:39:04,768][train_inner][INFO] - {"epoch": 3, "update": 2.078, "loss": "63.45", "nll_loss": "3.153", "total": "183.205", "n_correct": "93.77", "ppl": "8.89", "accuracy": "51.183", "wps": "397.9", "ups": "2.17", "wpb": "183.2", "bsz": "10.1", "num_updates": "6600", "lr": "0.0006634", "gnorm": "59.299", "loss_scale": "128", "train_wall": "12", "gb_free": "75.7", "wall": "4328"}
[2026-06-14 07:40:33,405][train_inner][INFO] - {"epoch": 3, "update": 2.141, "loss": "60.88", "nll_loss": "3.024", "total": "177.205", "n_correct": "93.865", "ppl": "8.13", "accuracy": "52.97", "wps": "399.9", "ups": "2.26", "wpb": "177.2", "bsz": "9.8", "num_updates": "6800", "lr": "0.0006832", "gnorm": "55.95", "loss_scale": "128", "train_wall": "11", "gb_free": "75.7", "wall": "4417"}
[2026-06-14 07:42:01,284][train_inner][INFO] - {"epoch": 3, "update": 2.204, "loss": "60.685", "nll_loss": "3.033", "total": "178.395", "n_correct": "94.055", "ppl": "8.18", "accuracy": "52.723", "wps": "406.1", "ups": "2.28", "wpb": "178.4", "bsz": "9.9", "num_updates": "7000", "lr": "0.000703", "gnorm": "54.485", "loss_scale": "128", "train_wall": "11", "gb_free": "75.7", "wall": "4505"}
[2026-06-14 07:43:30,082][train_inner][INFO] - {"epoch": 3, "update": 2.267, "loss": "63.913", "nll_loss": "3.011", "total": "185.385", "n_correct": "99.485", "ppl": "8.06", "accuracy": "53.664", "wps": "417.6", "ups": "2.25", "wpb": "185.4", "bsz": "9.7", "num_updates": "7200", "lr": "0.0007228", "gnorm": "58.576", "loss_scale": "128", "train_wall": "11", "gb_free": "75.7", "wall": "4594"}
[2026-06-14 07:44:57,944][train_inner][INFO] - {"epoch": 3, "update": 2.33, "loss": "61.895", "nll_loss": "2.882", "total": "178.965", "n_correct": "99.05", "ppl": "7.37", "accuracy": "55.346", "wps": "407.4", "ups": "2.28", "wpb": "179", "bsz": "9.2", "num_updates": "7400", "lr": "0.0007426", "gnorm": "54.023", "loss_scale": "128", "train_wall": "11", "gb_free": "75.7", "wall": "4682"}
[2026-06-14 07:46:27,855][train_inner][INFO] - {"epoch": 3, "update": 2.393, "loss": "59.936", "nll_loss": "2.92", "total": "183.475", "n_correct": "101.03", "ppl": "7.57", "accuracy": "55.065", "wps": "408.2", "ups": "2.22", "wpb": "183.5", "bsz": "9.9", "num_updates": "7600", "lr": "0.0007624", "gnorm": "54.54", "loss_scale": "128", "train_wall": "11", "gb_free": "75.7", "wall": "4772"}
[2026-06-14 07:47:54,106][train_inner][INFO] - {"epoch": 3, "update": 2.456, "loss": "60.602", "nll_loss": "2.805", "total": "179.125", "n_correct": "101.615", "ppl": "6.99", "accuracy": "56.729", "wps": "415.5", "ups": "2.32", "wpb": "179.1", "bsz": "9.2", "num_updates": "7800", "lr": "0.0007822", "gnorm": "53.501", "loss_scale": "128", "train_wall": "11", "gb_free": "75.7", "wall": "4858"}
[2026-06-14 07:49:23,001][train_inner][INFO] - {"epoch": 3, "update": 2.519, "loss": "56.294", "nll_loss": "2.78", "total": "182.37", "n_correct": "104.14", "ppl": "6.87", "accuracy": "57.104", "wps": "410.4", "ups": "2.25", "wpb": "182.4", "bsz": "10", "num_updates": "8000", "lr": "0.000802", "gnorm": "52.48", "loss_scale": "128", "train_wall": "11", "gb_free": "75.7", "wall": "4947"}
[2026-06-14 07:50:56,833][train_inner][INFO] - {"epoch": 3, "update": 2.582, "loss": "55.707", "nll_loss": "2.706", "total": "179.46", "n_correct": "104.08", "ppl": "6.53", "accuracy": "57.996", "wps": "382.6", "ups": "2.13", "wpb": "179.5", "bsz": "9.7", "num_updates": "8200", "lr": "0.0008218", "gnorm": "50.16", "loss_scale": "128", "train_wall": "11", "gb_free": "75.7", "wall": "5041"}
[2026-06-14 07:52:41,452][train_inner][INFO] - {"epoch": 3, "update": 2.645, "loss": "54.31", "nll_loss": "2.646", "total": "178.09", "n_correct": "105.78", "ppl": "6.26", "accuracy": "59.397", "wps": "340.5", "ups": "1.91", "wpb": "178.1", "bsz": "9.6", "num_updates": "8400", "lr": "0.0008416", "gnorm": "48.242", "loss_scale": "128", "train_wall": "12", "gb_free": "75.7", "wall": "5145"}
[2026-06-14 07:54:21,104][train_inner][INFO] - {"epoch": 3, "update": 2.708, "loss": "56.976", "nll_loss": "2.624", "total": "177.395", "n_correct": "105.33", "ppl": "6.16", "accuracy": "59.376", "wps": "356.1", "ups": "2.01", "wpb": "177.4", "bsz": "9.1", "num_updates": "8600", "lr": "0.0008614", "gnorm": "49.682", "loss_scale": "128", "train_wall": "11", "gb_free": "75.7", "wall": "5245"}
[2026-06-14 07:56:34,861][train_inner][INFO] - {"epoch": 3, "update": 2.771, "loss": "52.679", "nll_loss": "2.573", "total": "181.54", "n_correct": "108.82", "ppl": "5.95", "accuracy": "59.943", "wps": "271.5", "ups": "1.5", "wpb": "181.5", "bsz": "9.9", "num_updates": "8800", "lr": "0.0008812", "gnorm": "47.674", "loss_scale": "128", "train_wall": "12", "gb_free": "75.7", "wall": "5379"}
[2026-06-14 07:58:32,821][train_inner][INFO] - {"epoch": 3, "update": 2.834, "loss": "48.198", "nll_loss": "2.461", "total": "175.895", "n_correct": "108.835", "ppl": "5.5", "accuracy": "61.875", "wps": "298.3", "ups": "1.7", "wpb": "175.9", "bsz": "10", "num_updates": "9000", "lr": "0.000901", "gnorm": "44.317", "loss_scale": "128", "train_wall": "12", "gb_free": "75.7", "wall": "5497"}
[2026-06-14 08:00:27,863][train_inner][INFO] - {"epoch": 3, "update": 2.897, "loss": "50.281", "nll_loss": "2.457", "total": "178.905", "n_correct": "111.03", "ppl": "5.49", "accuracy": "62.061", "wps": "311.1", "ups": "1.74", "wpb": "178.9", "bsz": "9.7", "num_updates": "9200", "lr": "0.0009208", "gnorm": "44.683", "loss_scale": "128", "train_wall": "12", "gb_free": "75.7", "wall": "5612"}
[2026-06-14 08:02:10,201][train_inner][INFO] - {"epoch": 3, "update": 2.96, "loss": "48.301", "nll_loss": "2.348", "total": "179", "n_correct": "114.145", "ppl": "5.09", "accuracy": "63.768", "wps": "349.9", "ups": "1.95", "wpb": "179", "bsz": "9.7", "num_updates": "9400", "lr": "0.0009406", "gnorm": "45.412", "loss_scale": "128", "train_wall": "11", "gb_free": "75.7", "wall": "5714"}
[2026-06-14 08:03:21,282][main][INFO] - end of epoch 3 (average epoch stats below)
[2026-06-14 08:03:21,293][train][INFO] - {"epoch": 3, "train_loss": "56.607", "train_nll_loss": "2.749", "train_total": "179.799", "train_n_correct": "103.269", "train_ppl": "6.72", "train_accuracy": "57.436", "train_wps": "363.6", "train_ups": "2.02", "train_wpb": "179.8", "train_bsz": "9.7", "train_num_updates": "9528", "train_lr": "0.000953272", "train_gnorm": "51.414", "train_loss_scale": "128", "train_train_wall": "180", "train_gb_free": "75.7", "train_wall": "5785"}
[2026-06-14 08:03:21,934][trainer][INFO] - begin training epoch 4
[2026-06-14 08:03:21,934][main][INFO] - Start iterating over samples
[2026-06-14 08:04:02,601][train_inner][INFO] - {"epoch": 4, "update": 3.023, "loss": "42.874", "nll_loss": "2.198", "total": "176.035", "n_correct": "115.12", "ppl": "4.59", "accuracy": "65.396", "wps": "313.3", "ups": "1.78", "wpb": "176", "bsz": "10.1", "num_updates": "9600", "lr": "0.0009604", "gnorm": "42.133", "loss_scale": "128", "train_wall": "12", "gb_free": "75.7", "wall": "5826"}
[2026-06-14 08:06:04,025][train_inner][INFO] - {"epoch": 4, "update": 3.086, "loss": "41.144", "nll_loss": "2.118", "total": "178.395", "n_correct": "118.725", "ppl": "4.34", "accuracy": "66.552", "wps": "293.9", "ups": "1.65", "wpb": "178.4", "bsz": "10.3", "num_updates": "9800", "lr": "0.0009802", "gnorm": "40.278", "loss_scale": "128", "train_wall": "12", "gb_free": "75.7", "wall": "5948"}
[2026-06-14 08:07:56,112][train_inner][INFO] - {"epoch": 4, "update": 3.149, "loss": "47.048", "nll_loss": "2.149", "total": "177.085", "n_correct": "117.225", "ppl": "4.43", "accuracy": "66.197", "wps": "316", "ups": "1.78", "wpb": "177.1", "bsz": "9.1", "num_updates": "10000", "lr": "0.001", "gnorm": "44.076", "loss_scale": "128", "train_wall": "12", "gb_free": "75.7", "wall": "6060"}
[2026-06-14 08:09:47,964][train_inner][INFO] - {"epoch": 4, "update": 3.212, "loss": "40.625", "nll_loss": "2.05", "total": "176.615", "n_correct": "119.38", "ppl": "4.14", "accuracy": "67.593", "wps": "315.8", "ups": "1.79", "wpb": "176.6", "bsz": "10", "num_updates": "10200", "lr": "0.000970487", "gnorm": "39.759", "loss_scale": "128", "train_wall": "11", "gb_free": "75.7", "wall": "6172"}
[2026-06-14 08:11:39,478][train_inner][INFO] - {"epoch": 4, "update": 3.275, "loss": "43.006", "nll_loss": "2.048", "total": "179.855", "n_correct": "122.625", "ppl": "4.14", "accuracy": "68.18", "wps": "322.6", "ups": "1.79", "wpb": "179.9", "bsz": "9.6", "num_updates": "10400", "lr": "0.000941845", "gnorm": "40.945", "loss_scale": "128", "train_wall": "12", "gb_free": "75.7", "wall": "6283"}
[2026-06-14 08:13:34,171][train_inner][INFO] - {"epoch": 4, "update": 3.338, "loss": "44.602", "nll_loss": "2.011", "total": "179.76", "n_correct": "122.605", "ppl": "4.03", "accuracy": "68.205", "wps": "313.5", "ups": "1.74", "wpb": "179.8", "bsz": "9.1", "num_updates": "10600", "lr": "0.000914048", "gnorm": "42.003", "loss_scale": "128", "train_wall": "12", "gb_free": "75.7", "wall": "6398"}
[2026-06-14 08:15:28,248][train_inner][INFO] - {"epoch": 4, "update": 3.401, "loss": "39.704", "nll_loss": "1.925", "total": "177.71", "n_correct": "123.89", "ppl": "3.8", "accuracy": "69.715", "wps": "311.6", "ups": "1.75", "wpb": "177.7", "bsz": "9.7", "num_updates": "10800", "lr": "0.000887072", "gnorm": "38.789", "loss_scale": "128", "train_wall": "12", "gb_free": "75.7", "wall": "6512"}
[2026-06-14 08:17:19,284][train_inner][INFO] - {"epoch": 4, "update": 3.463, "loss": "39.66", "nll_loss": "1.867", "total": "182.28", "n_correct": "128.33", "ppl": "3.65", "accuracy": "70.403", "wps": "328.4", "ups": "1.8", "wpb": "182.3", "bsz": "9.7", "num_updates": "11000", "lr": "0.000860892", "gnorm": "39.728", "loss_scale": "128", "train_wall": "11", "gb_free": "75.7", "wall": "6623"}
[2026-06-14 08:19:12,788][train_inner][INFO] - {"epoch": 4, "update": 3.526, "loss": "40.737", "nll_loss": "1.834", "total": "181.47", "n_correct": "129.115", "ppl": "3.57", "accuracy": "71.15", "wps": "319.8", "ups": "1.76", "wpb": "181.5", "bsz": "9.2", "num_updates": "11200", "lr": "0.000835484", "gnorm": "38.581", "loss_scale": "128", "train_wall": "12", "gb_free": "75.7", "wall": "6737"}
[2026-06-14 08:21:04,969][train_inner][INFO] - {"epoch": 4, "update": 3.589, "loss": "36.041", "nll_loss": "1.719", "total": "181.29", "n_correct": "131.25", "ppl": "3.29", "accuracy": "72.398", "wps": "323.2", "ups": "1.78", "wpb": "181.3", "bsz": "9.8", "num_updates": "11400", "lr": "0.000810826", "gnorm": "35.986", "loss_scale": "128", "train_wall": "11", "gb_free": "75.7", "wall": "6849"}
[2026-06-14 08:22:54,727][train_inner][INFO] - {"epoch": 4, "update": 3.652, "loss": "37.422", "nll_loss": "1.719", "total": "180.505", "n_correct": "131.13", "ppl": "3.29", "accuracy": "72.646", "wps": "329", "ups": "1.82", "wpb": "180.5", "bsz": "9.3", "num_updates": "11600", "lr": "0.000786896", "gnorm": "38.326", "loss_scale": "128", "train_wall": "11", "gb_free": "75.7", "wall": "6958"}
[2026-06-14 08:24:46,549][train_inner][INFO] - {"epoch": 4, "update": 3.715, "loss": "35.94", "nll_loss": "1.644", "total": "179.3", "n_correct": "131.635", "ppl": "3.13", "accuracy": "73.416", "wps": "320.7", "ups": "1.79", "wpb": "179.3", "bsz": "9.3", "num_updates": "11800", "lr": "0.000763673", "gnorm": "35.822", "loss_scale": "128", "train_wall": "12", "gb_free": "75.7", "wall": "7070"}
[2026-06-14 08:26:42,363][train_inner][INFO] - {"epoch": 4, "update": 3.778, "loss": "35.504", "nll_loss": "1.619", "total": "183.885", "n_correct": "136.03", "ppl": "3.07", "accuracy": "73.976", "wps": "317.6", "ups": "1.73", "wpb": "183.9", "bsz": "9.5", "num_updates": "12000", "lr": "0.000741134", "gnorm": "36.823", "loss_scale": "128", "train_wall": "11", "gb_free": "75.7", "wall": "7186"}
[2026-06-14 08:28:41,937][train_inner][INFO] - {"epoch": 4, "update": 3.841, "loss": "27.461", "nll_loss": "1.471", "total": "181.22", "n_correct": "138.3", "ppl": "2.77", "accuracy": "76.316", "wps": "303.1", "ups": "1.67", "wpb": "181.2", "bsz": "11", "num_updates": "12200", "lr": "0.000719261", "gnorm": "31.917", "loss_scale": "128", "train_wall": "11", "gb_free": "75.7", "wall": "7306"}
[2026-06-14 08:30:36,381][train_inner][INFO] - {"epoch": 4, "update": 3.904, "loss": "31.449", "nll_loss": "1.527", "total": "181.525", "n_correct": "137.215", "ppl": "2.88", "accuracy": "75.59", "wps": "317.3", "ups": "1.75", "wpb": "181.5", "bsz": "10", "num_updates": "12400", "lr": "0.000698034", "gnorm": "33.869", "loss_scale": "128", "train_wall": "11", "gb_free": "75.7", "wall": "7420"}
[2026-06-14 08:32:21,101][train_inner][INFO] - {"epoch": 4, "update": 3.967, "loss": "32.025", "nll_loss": "1.465", "total": "180.67", "n_correct": "138.265", "ppl": "2.76", "accuracy": "76.529", "wps": "345.1", "ups": "1.91", "wpb": "180.7", "bsz": "9.4", "num_updates": "12600", "lr": "0.000677433", "gnorm": "34.391", "loss_scale": "128", "train_wall": "11", "gb_free": "75.7", "wall": "7525"}
[2026-06-14 08:33:12,510][main][INFO] - begin validation on "valid" subset
[2026-06-14 08:34:13,395][valid][INFO] - {"epoch": 4, "valid_loss": "25.336", "valid_nll_loss": "1.165", "valid_total": "178.205", "valid_n_correct": "143.976", "valid_ppl": "2.24", "valid_accuracy": "80.793", "valid_wps": "374.5", "valid_wpb": "178.2", "valid_bsz": "9.4", "valid_num_updates": "12704", "valid_best_accuracy": "80.793"}
[2026-06-14 08:34:13,396][fairseq.checkpoint_utils][INFO] - Preparing to save checkpoint for epoch 4 @ 12704 updates
[2026-06-14 08:34:13,396][trainer][INFO] - Saving checkpoint to checkpoints/checkpoint_best.pt
[2026-06-14 08:34:17,142][trainer][INFO] - Finished saving checkpoint to checkpoints/checkpoint_best.pt
[2026-06-14 08:34:21,936][fairseq.checkpoint_utils][INFO] - Saved checkpoint checkpoints/checkpoint_best.pt (epoch 4 @ 12704 updates, score 80.793) (writing took 8.53958197706379 seconds)
[2026-06-14 08:34:21,936][main][INFO] - end of epoch 4 (average epoch stats below)
[2026-06-14 08:34:21,948][train][INFO] - {"epoch": 4, "train_loss": "37.657", "train_nll_loss": "1.801", "train_total": "179.799", "train_n_correct": "128.364", "train_ppl": "3.48", "train_accuracy": "71.393", "train_wps": "306.9", "train_ups": "1.71", "train_wpb": "179.8", "train_bsz": "9.7", "train_num_updates": "12704", "train_lr": "0.000666961", "train_gnorm": "37.941", "train_loss_scale": "128", "train_train_wall": "183", "train_gb_free": "75.7", "train_wall": "7646"}
[2026-06-14 08:34:22,438][trainer][INFO] - begin training epoch 5
[2026-06-14 08:34:22,438][main][INFO] - Start iterating over samples
[2026-06-14 08:35:03,808][train_inner][INFO] - {"epoch": 5, "update": 4.03, "loss": "27.439", "nll_loss": "1.34", "total": "176.29", "n_correct": "137.665", "ppl": "2.53", "accuracy": "78.09", "wps": "216.7", "ups": "1.23", "wpb": "176.3", "bsz": "9.8", "num_updates": "12800", "lr": "0.00065744", "gnorm": "31.878", "loss_scale": "128", "train_wall": "11", "gb_free": "75.7", "wall": "7688"}
[2026-06-14 08:36:21,401][train_inner][INFO] - {"epoch": 5, "update": 4.093, "loss": "27.946", "nll_loss": "1.263", "total": "178.905", "n_correct": "141.57", "ppl": "2.4", "accuracy": "79.131", "wps": "461.2", "ups": "2.58", "wpb": "178.9", "bsz": "9.2", "num_updates": "13000", "lr": "0.000638036", "gnorm": "32.627", "loss_scale": "128", "train_wall": "10", "gb_free": "75.7", "wall": "7765"}
[2026-06-14 08:37:43,364][train_inner][INFO] - {"epoch": 5, "update": 4.156, "loss": "26.289", "nll_loss": "1.217", "total": "181.26", "n_correct": "144.55", "ppl": "2.33", "accuracy": "79.747", "wps": "442.4", "ups": "2.44", "wpb": "181.3", "bsz": "9.6", "num_updates": "13200", "lr": "0.000619206", "gnorm": "30.831", "loss_scale": "128", "train_wall": "10", "gb_free": "75.7", "wall": "7847"}
[2026-06-14 08:39:05,586][train_inner][INFO] - {"epoch": 5, "update": 4.219, "loss": "26.249", "nll_loss": "1.202", "total": "180.4", "n_correct": "144.39", "ppl": "2.3", "accuracy": "80.039", "wps": "438.9", "ups": "2.43", "wpb": "180.4", "bsz": "9.5", "num_updates": "13400", "lr": "0.000600931", "gnorm": "31.43", "loss_scale": "128", "train_wall": "10", "gb_free": "75.7", "wall": "7929"}
[2026-06-14 08:40:52,975][train_inner][INFO] - {"epoch": 5, "update": 4.282, "loss": "24.816", "nll_loss": "1.21", "total": "181.74", "n_correct": "145.065", "ppl": "2.31", "accuracy": "79.82", "wps": "338.5", "ups": "1.86", "wpb": "181.7", "bsz": "10.2", "num_updates": "13600", "lr": "0.000583196", "gnorm": "30.667", "loss_scale": "128", "train_wall": "10", "gb_free": "75.7", "wall": "8037"}
[2026-06-14 08:42:41,642][train_inner][INFO] - {"epoch": 5, "update": 4.345, "loss": "24.36", "nll_loss": "1.189", "total": "182.53", "n_correct": "146.62", "ppl": "2.28", "accuracy": "80.327", "wps": "336", "ups": "1.84", "wpb": "182.5", "bsz": "10.2", "num_updates": "13800", "lr": "0.000565984", "gnorm": "30.909", "loss_scale": "128", "train_wall": "10", "gb_free": "75.7", "wall": "8145"}
[2026-06-14 08:44:29,722][train_inner][INFO] - {"epoch": 5, "update": 4.408, "loss": "24.839", "nll_loss": "1.129", "total": "185.455", "n_correct": "150.75", "ppl": "2.19", "accuracy": "81.287", "wps": "343.2", "ups": "1.85", "wpb": "185.5", "bsz": "9.7", "num_updates": "14000", "lr": "0.00054928", "gnorm": "31.126", "loss_scale": "128", "train_wall": "10", "gb_free": "75.7", "wall": "8253"}
[2026-06-14 08:46:11,184][train_inner][INFO] - {"epoch": 5, "update": 4.471, "loss": "25.641", "nll_loss": "1.149", "total": "176.07", "n_correct": "142.69", "ppl": "2.22", "accuracy": "81.042", "wps": "347.1", "ups": "1.97", "wpb": "176.1", "bsz": "9", "num_updates": "14200", "lr": "0.000533069", "gnorm": "31.775", "loss_scale": "128", "train_wall": "10", "gb_free": "75.7", "wall": "8355"}
[2026-06-14 08:47:58,475][train_inner][INFO] - {"epoch": 5, "update": 4.534, "loss": "21.201", "nll_loss": "1.106", "total": "177.155", "n_correct": "144.865", "ppl": "2.15", "accuracy": "81.773", "wps": "330.3", "ups": "1.86", "wpb": "177.2", "bsz": "10.6", "num_updates": "14400", "lr": "0.000517337", "gnorm": "27.644", "loss_scale": "128", "train_wall": "10", "gb_free": "75.7", "wall": "8462"}
[2026-06-14 08:49:41,061][train_inner][INFO] - {"epoch": 5, "update": 4.597, "loss": "22.612", "nll_loss": "1.11", "total": "182.485", "n_correct": "148.955", "ppl": "2.16", "accuracy": "81.626", "wps": "355.8", "ups": "1.95", "wpb": "182.5", "bsz": "10.3", "num_updates": "14600", "lr": "0.000502069", "gnorm": "29.786", "loss_scale": "128", "train_wall": "10", "gb_free": "75.7", "wall": "8565"}
[2026-06-14 08:51:23,699][train_inner][INFO] - {"epoch": 5, "update": 4.66, "loss": "23.454", "nll_loss": "1.096", "total": "179.22", "n_correct": "146.795", "ppl": "2.14", "accuracy": "81.908", "wps": "349.3", "ups": "1.95", "wpb": "179.2", "bsz": "9.6", "num_updates": "14800", "lr": "0.000487251", "gnorm": "30.145", "loss_scale": "128", "train_wall": "10", "gb_free": "75.7", "wall": "8667"}
[2026-06-14 08:53:16,300][train_inner][INFO] - {"epoch": 5, "update": 4.723, "loss": "21.109", "nll_loss": "1.018", "total": "179.57", "n_correct": "149.05", "ppl": "2.03", "accuracy": "83.004", "wps": "319", "ups": "1.78", "wpb": "179.6", "bsz": "10", "num_updates": "15000", "lr": "0.000472871", "gnorm": "29.07", "loss_scale": "128", "train_wall": "10", "gb_free": "75.7", "wall": "8780"}
[2026-06-14 08:55:00,457][train_inner][INFO] - {"epoch": 5, "update": 4.786, "loss": "22.363", "nll_loss": "1.023", "total": "177.655", "n_correct": "147.415", "ppl": "2.03", "accuracy": "82.978", "wps": "341.2", "ups": "1.92", "wpb": "177.7", "bsz": "9.3", "num_updates": "15200", "lr": "0.000458915", "gnorm": "28.885", "loss_scale": "128", "train_wall": "10", "gb_free": "75.7", "wall": "8884"}
[2026-06-14 08:56:45,892][train_inner][INFO] - {"epoch": 5, "update": 4.849, "loss": "23.026", "nll_loss": "1.062", "total": "179.6", "n_correct": "148.05", "ppl": "2.09", "accuracy": "82.433", "wps": "340.7", "ups": "1.9", "wpb": "179.6", "bsz": "9.5", "num_updates": "15400", "lr": "0.000445371", "gnorm": "29.537", "loss_scale": "128", "train_wall": "11", "gb_free": "75.7", "wall": "8990"}
[2026-06-14 08:58:33,388][train_inner][INFO] - {"epoch": 5, "update": 4.912, "loss": "23.571", "nll_loss": "1.023", "total": "178.735", "n_correct": "148.745", "ppl": "2.03", "accuracy": "83.221", "wps": "332.6", "ups": "1.86", "wpb": "178.7", "bsz": "8.9", "num_updates": "15600", "lr": "0.000432227", "gnorm": "29.902", "loss_scale": "128", "train_wall": "10", "gb_free": "75.7", "wall": "9097"}
[2026-06-14 09:00:21,853][train_inner][INFO] - {"epoch": 5, "update": 4.975, "loss": "20.639", "nll_loss": "1.003", "total": "179.115", "n_correct": "149.525", "ppl": "2", "accuracy": "83.48", "wps": "330.3", "ups": "1.84", "wpb": "179.1", "bsz": "10", "num_updates": "15800", "lr": "0.00041947", "gnorm": "27.861", "loss_scale": "128", "train_wall": "11", "gb_free": "75.7", "wall": "9206"}
[2026-06-14 09:01:02,438][main][INFO] - end of epoch 5 (average epoch stats below)
[2026-06-14 09:01:02,449][train][INFO] - {"epoch": 5, "train_loss": "23.862", "train_nll_loss": "1.122", "train_total": "179.799", "train_n_correct": "146.41", "train_ppl": "2.18", "train_accuracy": "81.43", "train_wps": "356.8", "train_ups": "1.98", "train_wpb": "179.8", "train_bsz": "9.7", "train_num_updates": "15880", "train_lr": "0.000414474", "train_gnorm": "30.113", "train_loss_scale": "128", "train_train_wall": "162", "train_gb_free": "75.7", "train_wall": "9246"}
[2026-06-14 09:01:02,905][trainer][INFO] - begin training epoch 6
[2026-06-14 09:01:02,905][main][INFO] - Start iterating over samples
[2026-06-14 09:02:06,127][train_inner][INFO] - {"epoch": 6, "update": 5.038, "loss": "19.244", "nll_loss": "0.906", "total": "179.67", "n_correct": "152.355", "ppl": "1.87", "accuracy": "84.797", "wps": "344.7", "ups": "1.92", "wpb": "179.7", "bsz": "9.8", "num_updates": "16000", "lr": "0.000407091", "gnorm": "26.491", "loss_scale": "128", "train_wall": "10", "gb_free": "75.7", "wall": "9310"}
[2026-06-14 09:03:48,077][train_inner][INFO] - {"epoch": 6, "update": 5.101, "loss": "17.835", "nll_loss": "0.843", "total": "181.555", "n_correct": "155.49", "ppl": "1.79", "accuracy": "85.643", "wps": "356.2", "ups": "1.96", "wpb": "181.6", "bsz": "10", "num_updates": "16200", "lr": "0.000395076", "gnorm": "27.775", "loss_scale": "128", "train_wall": "10", "gb_free": "75.7", "wall": "9412"}
[2026-06-14 09:05:26,310][train_inner][INFO] - {"epoch": 6, "update": 5.164, "loss": "19.046", "nll_loss": "0.832", "total": "176.39", "n_correct": "151.29", "ppl": "1.78", "accuracy": "85.77", "wps": "359.2", "ups": "2.04", "wpb": "176.4", "bsz": "9", "num_updates": "16400", "lr": "0.000383416", "gnorm": "28.034", "loss_scale": "256", "train_wall": "10", "gb_free": "75.7", "wall": "9510"}
[2026-06-14 09:07:10,553][train_inner][INFO] - {"epoch": 6, "update": 5.227, "loss": "17.916", "nll_loss": "0.847", "total": "181.675", "n_correct": "155.47", "ppl": "1.8", "accuracy": "85.576", "wps": "348.6", "ups": "1.92", "wpb": "181.7", "bsz": "10", "num_updates": "16600", "lr": "0.0003721", "gnorm": "27.445", "loss_scale": "256", "train_wall": "10", "gb_free": "75.7", "wall": "9614"}
[2026-06-14 09:08:54,808][train_inner][INFO] - {"epoch": 6, "update": 5.29, "loss": "16.564", "nll_loss": "0.793", "total": "183.545", "n_correct": "158.525", "ppl": "1.73", "accuracy": "86.368", "wps": "352.1", "ups": "1.92", "wpb": "183.5", "bsz": "10.2", "num_updates": "16800", "lr": "0.000361119", "gnorm": "26.532", "loss_scale": "256", "train_wall": "10", "gb_free": "75.7", "wall": "9719"}
[2026-06-14 09:10:43,149][train_inner][INFO] - {"epoch": 6, "update": 5.353, "loss": "18.089", "nll_loss": "0.84", "total": "179.29", "n_correct": "153.965", "ppl": "1.79", "accuracy": "85.875", "wps": "331", "ups": "1.85", "wpb": "179.3", "bsz": "9.6", "num_updates": "17000", "lr": "0.000350461", "gnorm": "26.812", "loss_scale": "256", "train_wall": "10", "gb_free": "75.7", "wall": "9827"}
[2026-06-14 09:12:31,428][train_inner][INFO] - {"epoch": 6, "update": 5.416, "loss": "18.66", "nll_loss": "0.849", "total": "182.66", "n_correct": "156.815", "ppl": "1.8", "accuracy": "85.851", "wps": "337.4", "ups": "1.85", "wpb": "182.7", "bsz": "9.6", "num_updates": "17200", "lr": "0.000340118", "gnorm": "27.905", "loss_scale": "256", "train_wall": "10", "gb_free": "75.7", "wall": "9935"}
[2026-06-14 09:14:12,961][train_inner][INFO] - {"epoch": 6, "update": 5.479, "loss": "18.609", "nll_loss": "0.831", "total": "177.635", "n_correct": "153.18", "ppl": "1.78", "accuracy": "86.233", "wps": "349.9", "ups": "1.97", "wpb": "177.6", "bsz": "9.2", "num_updates": "17400", "lr": "0.00033008", "gnorm": "26.46", "loss_scale": "256", "train_wall": "10", "gb_free": "75.7", "wall": "10037"}
[2026-06-14 09:15:59,991][train_inner][INFO] - {"epoch": 6, "update": 5.542, "loss": "17.568", "nll_loss": "0.807", "total": "180.2", "n_correct": "155.515", "ppl": "1.75", "accuracy": "86.301", "wps": "336.8", "ups": "1.87", "wpb": "180.2", "bsz": "9.6", "num_updates": "17600", "lr": "0.000320338", "gnorm": "26.263", "loss_scale": "256", "train_wall": "10", "gb_free": "75.7", "wall": "10144"}
[2026-06-14 09:17:47,522][train_inner][INFO] - {"epoch": 6, "update": 5.605, "loss": "17.665", "nll_loss": "0.795", "total": "183.14", "n_correct": "158.32", "ppl": "1.74", "accuracy": "86.448", "wps": "340.7", "ups": "1.86", "wpb": "183.1", "bsz": "9.6", "num_updates": "17800", "lr": "0.000310884", "gnorm": "26.467", "loss_scale": "256", "train_wall": "10", "gb_free": "75.7", "wall": "10251"}
[2026-06-14 09:19:20,970][train_inner][INFO] - {"epoch": 6, "update": 5.668, "loss": "16.347", "nll_loss": "0.812", "total": "176.32", "n_correct": "152.1", "ppl": "1.76", "accuracy": "86.264", "wps": "377.4", "ups": "2.14", "wpb": "176.3", "bsz": "10.2", "num_updates": "18000", "lr": "0.000301709", "gnorm": "24.982", "loss_scale": "256", "train_wall": "10", "gb_free": "75.7", "wall": "10345"}
[2026-06-14 09:20:39,968][train_inner][INFO] - {"epoch": 6, "update": 5.73, "loss": "16.857", "nll_loss": "0.793", "total": "179.7", "n_correct": "155.77", "ppl": "1.73", "accuracy": "86.683", "wps": "455", "ups": "2.53", "wpb": "179.7", "bsz": "9.8", "num_updates": "18200", "lr": "0.000292804", "gnorm": "26.791", "loss_scale": "256", "train_wall": "10", "gb_free": "75.7", "wall": "10424"}
[2026-06-14 09:22:01,196][train_inner][INFO] - {"epoch": 6, "update": 5.793, "loss": "16.558", "nll_loss": "0.782", "total": "180.685", "n_correct": "156.82", "ppl": "1.72", "accuracy": "86.792", "wps": "445", "ups": "2.46", "wpb": "180.7", "bsz": "9.9", "num_updates": "18400", "lr": "0.000284163", "gnorm": "24.669", "loss_scale": "256", "train_wall": "10", "gb_free": "75.7", "wall": "10505"}
[2026-06-14 09:23:27,033][train_inner][INFO] - {"epoch": 6, "update": 5.856, "loss": "15.516", "nll_loss": "0.769", "total": "179.465", "n_correct": "156.245", "ppl": "1.7", "accuracy": "87.062", "wps": "418.2", "ups": "2.33", "wpb": "179.5", "bsz": "10.3", "num_updates": "18600", "lr": "0.000275776", "gnorm": "23.98", "loss_scale": "256", "train_wall": "10", "gb_free": "75.7", "wall": "10591"}
[2026-06-14 09:24:48,642][train_inner][INFO] - {"epoch": 6, "update": 5.919, "loss": "16.474", "nll_loss": "0.772", "total": "179.14", "n_correct": "155.835", "ppl": "1.71", "accuracy": "86.991", "wps": "439.1", "ups": "2.45", "wpb": "179.1", "bsz": "9.7", "num_updates": "18800", "lr": "0.000267637", "gnorm": "25.727", "loss_scale": "256", "train_wall": "10", "gb_free": "75.7", "wall": "10672"}
[2026-06-14 09:26:07,050][train_inner][INFO] - {"epoch": 6, "update": 5.982, "loss": "17.761", "nll_loss": "0.756", "total": "175.545", "n_correct": "152.935", "ppl": "1.69", "accuracy": "87.12", "wps": "447.8", "ups": "2.55", "wpb": "175.5", "bsz": "8.7", "num_updates": "19000", "lr": "0.000259739", "gnorm": "26.23", "loss_scale": "256", "train_wall": "10", "gb_free": "75.7", "wall": "10751"}
[2026-06-14 09:26:29,754][main][INFO] - begin validation on "valid" subset
[2026-06-14 09:27:22,847][valid][INFO] - {"epoch": 6, "valid_loss": "15.788", "valid_nll_loss": "0.721", "valid_total": "178.205", "valid_n_correct": "157.244", "valid_ppl": "1.65", "valid_accuracy": "88.238", "valid_wps": "430", "valid_wpb": "178.2", "valid_bsz": "9.4", "valid_num_updates": "19056", "valid_best_accuracy": "88.238"}
[2026-06-14 09:27:22,849][fairseq.checkpoint_utils][INFO] - Preparing to save checkpoint for epoch 6 @ 19056 updates
[2026-06-14 09:27:22,849][trainer][INFO] - Saving checkpoint to checkpoints/checkpoint_best.pt
[2026-06-14 09:27:26,114][trainer][INFO] - Finished saving checkpoint to checkpoints/checkpoint_best.pt
[2026-06-14 09:27:31,000][fairseq.checkpoint_utils][INFO] - Saved checkpoint checkpoints/checkpoint_best.pt (epoch 6 @ 19056 updates, score 88.238) (writing took 8.15158134792 seconds)
[2026-06-14 09:27:31,001][main][INFO] - end of epoch 6 (average epoch stats below)
[2026-06-14 09:27:31,011][train][INFO] - {"epoch": 6, "train_loss": "17.413", "train_nll_loss": "0.81", "train_total": "179.799", "train_n_correct": "155.178", "train_ppl": "1.75", "train_accuracy": "86.306", "train_wps": "359.5", "train_ups": "2", "train_wpb": "179.8", "train_bsz": "9.7", "train_num_updates": "19056", "train_lr": "0.000257569", "train_gnorm": "26.369", "train_loss_scale": "256", "train_train_wall": "158", "train_gb_free": "75.7", "train_wall": "10835"}
[2026-06-14 09:27:31,539][trainer][INFO] - begin training epoch 7
[2026-06-14 09:27:31,539][main][INFO] - Start iterating over samples
[2026-06-14 09:28:45,938][train_inner][INFO] - {"epoch": 7, "update": 6.045, "loss": "13.825", "nll_loss": "0.677", "total": "179.55", "n_correct": "158.895", "ppl": "1.6", "accuracy": "88.496", "wps": "226", "ups": "1.26", "wpb": "179.6", "bsz": "10.2", "num_updates": "19200", "lr": "0.000252073", "gnorm": "23.351", "loss_scale": "256", "train_wall": "11", "gb_free": "75.7", "wall": "10910"}
[2026-06-14 09:30:24,075][train_inner][INFO] - {"epoch": 7, "update": 6.108, "loss": "14.791", "nll_loss": "0.644", "total": "182.085", "n_correct": "161.835", "ppl": "1.56", "accuracy": "88.879", "wps": "371.1", "ups": "2.04", "wpb": "182.1", "bsz": "9.3", "num_updates": "19400", "lr": "0.000244633", "gnorm": "25.46", "loss_scale": "256", "train_wall": "11", "gb_free": "75.7", "wall": "11008"}
[2026-06-14 09:32:05,800][train_inner][INFO] - {"epoch": 7, "update": 6.171, "loss": "13.532", "nll_loss": "0.649", "total": "180.175", "n_correct": "159.745", "ppl": "1.57", "accuracy": "88.661", "wps": "354.3", "ups": "1.97", "wpb": "180.2", "bsz": "10.1", "num_updates": "19600", "lr": "0.000237414", "gnorm": "23.935", "loss_scale": "256", "train_wall": "11", "gb_free": "75.7", "wall": "11110"}
[2026-06-14 09:33:48,661][train_inner][INFO] - {"epoch": 7, "update": 6.234, "loss": "12.703", "nll_loss": "0.633", "total": "177.69", "n_correct": "158.405", "ppl": "1.55", "accuracy": "89.147", "wps": "345.5", "ups": "1.94", "wpb": "177.7", "bsz": "10.4", "num_updates": "19800", "lr": "0.000230407", "gnorm": "23.269", "loss_scale": "256", "train_wall": "11", "gb_free": "75.7", "wall": "11212"}
[2026-06-14 09:35:37,899][train_inner][INFO] - {"epoch": 7, "update": 6.297, "loss": "15.642", "nll_loss": "0.674", "total": "179.895", "n_correct": "159.005", "ppl": "1.6", "accuracy": "88.388", "wps": "329.4", "ups": "1.83", "wpb": "179.9", "bsz": "9.1", "num_updates": "20000", "lr": "0.000223607", "gnorm": "26.154", "loss_scale": "256", "train_wall": "12", "gb_free": "75.7", "wall": "11322"}
[2026-06-14 09:37:23,158][train_inner][INFO] - {"epoch": 7, "update": 6.36, "loss": "13.103", "nll_loss": "0.618", "total": "182.98", "n_correct": "163.635", "ppl": "1.53", "accuracy": "89.428", "wps": "347.7", "ups": "1.9", "wpb": "183", "bsz": "10.1", "num_updates": "20200", "lr": "0.000217007", "gnorm": "24.113", "loss_scale": "256", "train_wall": "11", "gb_free": "75.7", "wall": "11427"}
[2026-06-14 09:39:04,165][train_inner][INFO] - {"epoch": 7, "update": 6.423, "loss": "13.819", "nll_loss": "0.638", "total": "180.46", "n_correct": "160.84", "ppl": "1.56", "accuracy": "89.128", "wps": "357.4", "ups": "1.98", "wpb": "180.5", "bsz": "9.7", "num_updates": "20400", "lr": "0.000210603", "gnorm": "24.468", "loss_scale": "256", "train_wall": "11", "gb_free": "75.7", "wall": "11528"}
[2026-06-14 09:40:43,939][train_inner][INFO] - {"epoch": 7, "update": 6.486, "loss": "14.562", "nll_loss": "0.672", "total": "178.87", "n_correct": "158.455", "ppl": "1.59", "accuracy": "88.587", "wps": "358.6", "ups": "2", "wpb": "178.9", "bsz": "9.6", "num_updates": "20600", "lr": "0.000204387", "gnorm": "25.991", "loss_scale": "256", "train_wall": "11", "gb_free": "75.7", "wall": "11628"}
[2026-06-14 09:42:24,652][train_inner][INFO] - {"epoch": 7, "update": 6.549, "loss": "13.99", "nll_loss": "0.636", "total": "179.785", "n_correct": "160.035", "ppl": "1.55", "accuracy": "89.015", "wps": "357.1", "ups": "1.99", "wpb": "179.8", "bsz": "9.5", "num_updates": "20800", "lr": "0.000198355", "gnorm": "23.975", "loss_scale": "256", "train_wall": "11", "gb_free": "75.7", "wall": "11728"}
[2026-06-14 09:44:07,806][train_inner][INFO] - {"epoch": 7, "update": 6.612, "loss": "13.321", "nll_loss": "0.638", "total": "182.095", "n_correct": "162.065", "ppl": "1.56", "accuracy": "89", "wps": "353.1", "ups": "1.94", "wpb": "182.1", "bsz": "10.2", "num_updates": "21000", "lr": "0.000192501", "gnorm": "23.741", "loss_scale": "256", "train_wall": "11", "gb_free": "75.7", "wall": "11832"}
[2026-06-14 09:45:50,262][train_inner][INFO] - {"epoch": 7, "update": 6.675, "loss": "13.217", "nll_loss": "0.621", "total": "180.125", "n_correct": "161.205", "ppl": "1.54", "accuracy": "89.496", "wps": "351.7", "ups": "1.95", "wpb": "180.1", "bsz": "9.9", "num_updates": "21200", "lr": "0.00018682", "gnorm": "24.269", "loss_scale": "256", "train_wall": "12", "gb_free": "75.7", "wall": "11934"}
[2026-06-14 09:47:32,522][train_inner][INFO] - {"epoch": 7, "update": 6.738, "loss": "14.732", "nll_loss": "0.666", "total": "178.32", "n_correct": "157.605", "ppl": "1.59", "accuracy": "88.383", "wps": "348.8", "ups": "1.96", "wpb": "178.3", "bsz": "9.4", "num_updates": "21400", "lr": "0.000181306", "gnorm": "25.038", "loss_scale": "256", "train_wall": "12", "gb_free": "75.7", "wall": "12036"}
[2026-06-14 09:50:05,993][train_inner][INFO] - {"epoch": 7, "update": 6.801, "loss": "14.772", "nll_loss": "0.624", "total": "178.405", "n_correct": "159.15", "ppl": "1.54", "accuracy": "89.207", "wps": "232.5", "ups": "1.3", "wpb": "178.4", "bsz": "8.8", "num_updates": "21600", "lr": "0.000175955", "gnorm": "25.514", "loss_scale": "256", "train_wall": "12", "gb_free": "75.7", "wall": "12190"}
[2026-06-14 09:53:35,606][train_inner][INFO] - {"epoch": 7, "update": 6.864, "loss": "13.511", "nll_loss": "0.61", "total": "180", "n_correct": "161.11", "ppl": "1.53", "accuracy": "89.506", "wps": "171.8", "ups": "0.95", "wpb": "180", "bsz": "9.5", "num_updates": "21800", "lr": "0.000170762", "gnorm": "25.128", "loss_scale": "256", "train_wall": "13", "gb_free": "75.7", "wall": "12399"}
[2026-06-14 09:55:23,021][train_inner][INFO] - {"epoch": 7, "update": 6.927, "loss": "13.788", "nll_loss": "0.63", "total": "176.71", "n_correct": "157.785", "ppl": "1.55", "accuracy": "89.29", "wps": "329.1", "ups": "1.86", "wpb": "176.7", "bsz": "9.4", "num_updates": "22000", "lr": "0.000165723", "gnorm": "23.953", "loss_scale": "256", "train_wall": "12", "gb_free": "75.7", "wall": "12507"}
[2026-06-14 09:57:24,800][train_inner][INFO] - {"epoch": 7, "update": 6.99, "loss": "13.393", "nll_loss": "0.624", "total": "178.495", "n_correct": "159.15", "ppl": "1.54", "accuracy": "89.162", "wps": "293.2", "ups": "1.64", "wpb": "178.5", "bsz": "9.7", "num_updates": "22200", "lr": "0.000160832", "gnorm": "23.411", "loss_scale": "256", "train_wall": "12", "gb_free": "75.7", "wall": "12629"}
[2026-06-14 09:57:42,274][main][INFO] - end of epoch 7 (average epoch stats below)
[2026-06-14 09:57:42,285][train][INFO] - {"epoch": 7, "train_loss": "13.865", "train_nll_loss": "0.639", "train_total": "179.799", "train_n_correct": "160.057", "train_ppl": "1.56", "train_accuracy": "89.02", "train_wps": "315.3", "train_ups": "1.75", "train_wpb": "179.8", "train_bsz": "9.7", "train_num_updates": "22232", "train_lr": "0.000160063", "train_gnorm": "24.479", "train_loss_scale": "256", "train_train_wall": "184", "train_gb_free": "75.7", "train_wall": "12646"}
[2026-06-14 09:57:43,001][trainer][INFO] - begin training epoch 8
[2026-06-14 09:57:43,001][main][INFO] - Start iterating over samples
[2026-06-14 09:59:22,055][train_inner][INFO] - {"epoch": 8, "update": 7.053, "loss": "12.566", "nll_loss": "0.547", "total": "183.345", "n_correct": "165.545", "ppl": "1.46", "accuracy": "90.292", "wps": "312.8", "ups": "1.71", "wpb": "183.3", "bsz": "9.4", "num_updates": "22400", "lr": "0.000156085", "gnorm": "25.073", "loss_scale": "256", "train_wall": "12", "gb_free": "75.7", "wall": "12746"}
[2026-06-14 10:01:15,616][train_inner][INFO] - {"epoch": 8, "update": 7.116, "loss": "12.043", "nll_loss": "0.551", "total": "179.435", "n_correct": "162.125", "ppl": "1.46", "accuracy": "90.353", "wps": "316.1", "ups": "1.76", "wpb": "179.4", "bsz": "9.7", "num_updates": "22600", "lr": "0.000151479", "gnorm": "23.816", "loss_scale": "256", "train_wall": "12", "gb_free": "75.7", "wall": "12859"}
[2026-06-14 10:04:41,270][train_inner][INFO] - {"epoch": 8, "update": 7.179, "loss": "11.623", "nll_loss": "0.553", "total": "181.61", "n_correct": "164.205", "ppl": "1.47", "accuracy": "90.416", "wps": "176.6", "ups": "0.97", "wpb": "181.6", "bsz": "10.2", "num_updates": "22800", "lr": "0.000147008", "gnorm": "23.587", "loss_scale": "256", "train_wall": "13", "gb_free": "75.7", "wall": "13065"}
[2026-06-14 10:06:32,304][train_inner][INFO] - {"epoch": 8, "update": 7.242, "loss": "12.673", "nll_loss": "0.529", "total": "180.78", "n_correct": "163.98", "ppl": "1.44", "accuracy": "90.707", "wps": "325.7", "ups": "1.8", "wpb": "180.8", "bsz": "8.9", "num_updates": "23000", "lr": "0.000142669", "gnorm": "23.859", "loss_scale": "256", "train_wall": "12", "gb_free": "75.7", "wall": "13176"}
[2026-06-14 10:08:15,529][train_inner][INFO] - {"epoch": 8, "update": 7.305, "loss": "10.883", "nll_loss": "0.503", "total": "176.93", "n_correct": "161.295", "ppl": "1.42", "accuracy": "91.163", "wps": "342.8", "ups": "1.94", "wpb": "176.9", "bsz": "9.7", "num_updates": "23200", "lr": "0.000138459", "gnorm": "22.712", "loss_scale": "256", "train_wall": "12", "gb_free": "75.7", "wall": "13279"}
[2026-06-14 10:10:01,044][train_inner][INFO] - {"epoch": 8, "update": 7.368, "loss": "11.234", "nll_loss": "0.545", "total": "179.45", "n_correct": "162.415", "ppl": "1.46", "accuracy": "90.507", "wps": "340.2", "ups": "1.9", "wpb": "179.4", "bsz": "10.2", "num_updates": "23400", "lr": "0.000134372", "gnorm": "22.29", "loss_scale": "256", "train_wall": "12", "gb_free": "75.7", "wall": "13385"}
[2026-06-14 10:11:53,511][train_inner][INFO] - {"epoch": 8, "update": 7.431, "loss": "10.883", "nll_loss": "0.498", "total": "175.58", "n_correct": "160.05", "ppl": "1.41", "accuracy": "91.155", "wps": "312.3", "ups": "1.78", "wpb": "175.6", "bsz": "9.5", "num_updates": "23600", "lr": "0.000130407", "gnorm": "23.075", "loss_scale": "256", "train_wall": "12", "gb_free": "75.7", "wall": "13497"}
[2026-06-14 10:13:33,775][train_inner][INFO] - {"epoch": 8, "update": 7.494, "loss": "11.878", "nll_loss": "0.543", "total": "179.02", "n_correct": "162.065", "ppl": "1.46", "accuracy": "90.529", "wps": "357.1", "ups": "1.99", "wpb": "179", "bsz": "9.6", "num_updates": "23800", "lr": "0.000126558", "gnorm": "23.279", "loss_scale": "256", "train_wall": "11", "gb_free": "75.7", "wall": "13598"}
[2026-06-14 10:15:17,125][train_inner][INFO] - {"epoch": 8, "update": 7.557, "loss": "11.776", "nll_loss": "0.505", "total": "181.39", "n_correct": "165.18", "ppl": "1.42", "accuracy": "91.063", "wps": "351.1", "ups": "1.94", "wpb": "181.4", "bsz": "9.2", "num_updates": "24000", "lr": "0.000122823", "gnorm": "24.028", "loss_scale": "256", "train_wall": "11", "gb_free": "75.7", "wall": "13701"}
[2026-06-14 10:15:20,285][trainer][INFO] - NOTE: gradient overflow detected, ignoring gradient, setting loss scale to: 128.0
[2026-06-14 10:15:26,627][trainer][INFO] - NOTE: gradient overflow detected, ignoring gradient, setting loss scale to: 64.0
[2026-06-14 10:18:33,600][train_inner][INFO] - {"epoch": 8, "update": 7.62, "loss": "12.427", "nll_loss": "0.585", "total": "179.365", "n_correct": "161.245", "ppl": "1.5", "accuracy": "89.898", "wps": "182.6", "ups": "1.02", "wpb": "179.4", "bsz": "9.9", "num_updates": "24200", "lr": "0.000119198", "gnorm": "128.137", "loss_scale": "64", "train_wall": "24", "gb_free": "73.7", "wall": "13897"}
[2026-06-14 10:21:37,328][train_inner][INFO] - {"epoch": 8, "update": 7.683, "loss": "12.044", "nll_loss": "0.561", "total": "181.235", "n_correct": "163.825", "ppl": "1.48", "accuracy": "90.394", "wps": "197.3", "ups": "1.09", "wpb": "181.2", "bsz": "9.9", "num_updates": "24400", "lr": "0.00011568", "gnorm": "113.815", "loss_scale": "64", "train_wall": "19", "gb_free": "73.6", "wall": "14081"}
[2026-06-14 10:24:46,778][train_inner][INFO] - {"epoch": 8, "update": 7.746, "loss": "13.127", "nll_loss": "0.575", "total": "180.07", "n_correct": "161.88", "ppl": "1.49", "accuracy": "89.898", "wps": "190.1", "ups": "1.06", "wpb": "180.1", "bsz": "9.3", "num_updates": "24600", "lr": "0.000112266", "gnorm": "116.64", "loss_scale": "64", "train_wall": "19", "gb_free": "73.7", "wall": "14271"}
[2026-06-14 10:28:36,141][train_inner][INFO] - {"epoch": 8, "update": 7.809, "loss": "12.599", "nll_loss": "0.578", "total": "179.62", "n_correct": "161.36", "ppl": "1.49", "accuracy": "89.834", "wps": "156.6", "ups": "0.87", "wpb": "179.6", "bsz": "9.7", "num_updates": "24800", "lr": "0.000108953", "gnorm": "109.019", "loss_scale": "64", "train_wall": "19", "gb_free": "73.7", "wall": "14500"}
[2026-06-14 10:31:20,040][train_inner][INFO] - {"epoch": 8, "update": 7.872, "loss": "11.601", "nll_loss": "0.576", "total": "180.195", "n_correct": "161.915", "ppl": "1.49", "accuracy": "89.855", "wps": "219.9", "ups": "1.22", "wpb": "180.2", "bsz": "10.5", "num_updates": "25000", "lr": "0.000105737", "gnorm": "102.701", "loss_scale": "64", "train_wall": "18", "gb_free": "73.7", "wall": "14664"}
[2026-06-14 10:34:52,180][train_inner][INFO] - {"epoch": 8, "update": 7.935, "loss": "12.515", "nll_loss": "0.561", "total": "181.17", "n_correct": "163.445", "ppl": "1.48", "accuracy": "90.216", "wps": "170.8", "ups": "0.94", "wpb": "181.2", "bsz": "9.5", "num_updates": "25200", "lr": "0.000102617", "gnorm": "106.828", "loss_scale": "64", "train_wall": "19", "gb_free": "73.6", "wall": "14876"}
[2026-06-14 10:37:12,695][train_inner][INFO] - {"epoch": 8, "update": 7.998, "loss": "12.018", "nll_loss": "0.553", "total": "177.715", "n_correct": "160.725", "ppl": "1.47", "accuracy": "90.44", "wps": "253", "ups": "1.42", "wpb": "177.7", "bsz": "9.6", "num_updates": "25400", "lr": "9.9588e-05", "gnorm": "97.628", "loss_scale": "64", "train_wall": "18", "gb_free": "73.7", "wall": "15016"}
[2026-06-14 10:37:16,020][main][INFO] - begin validation on "valid" subset
[2026-06-14 10:38:17,861][valid][INFO] - {"epoch": 8, "valid_loss": "13.447", "valid_nll_loss": "0.612", "valid_total": "178.205", "valid_n_correct": "160.614", "valid_ppl": "1.53", "valid_accuracy": "90.129", "valid_wps": "369.5", "valid_wpb": "178.2", "valid_bsz": "9.4", "valid_num_updates": "25406", "valid_best_accuracy": "90.129"}
[2026-06-14 10:38:17,862][fairseq.checkpoint_utils][INFO] - Preparing to save checkpoint for epoch 8 @ 25406 updates
[2026-06-14 10:38:17,862][trainer][INFO] - Saving checkpoint to checkpoints/checkpoint_best.pt
[2026-06-14 10:38:22,313][trainer][INFO] - Finished saving checkpoint to checkpoints/checkpoint_best.pt
[2026-06-14 10:38:27,416][fairseq.checkpoint_utils][INFO] - Saved checkpoint checkpoints/checkpoint_best.pt (epoch 8 @ 25406 updates, score 90.129) (writing took 9.553924635984004 seconds)
[2026-06-14 10:38:27,416][main][INFO] - end of epoch 8 (average epoch stats below)
[2026-06-14 10:38:27,432][train][INFO] - {"epoch": 8, "train_loss": "11.933", "train_nll_loss": "0.546", "train_total": "179.802", "train_n_correct": "162.609", "train_ppl": "1.46", "train_accuracy": "90.438", "train_wps": "233.4", "train_ups": "1.3", "train_wpb": "179.8", "train_bsz": "9.7", "train_num_updates": "25406", "train_lr": "9.94985e-05", "train_gnorm": "62.09", "train_loss_scale": "64", "train_train_wall": "239", "train_gb_free": "73.7", "train_wall": "15091"}
[2026-06-14 10:38:28,566][trainer][INFO] - begin training epoch 9
[2026-06-14 10:38:28,567][main][INFO] - Start iterating over samples
[2026-06-14 10:42:18,673][train_inner][INFO] - {"epoch": 9, "update": 8.061, "loss": "10.596", "nll_loss": "0.452", "total": "179.075", "n_correct": "164.675", "ppl": "1.37", "accuracy": "91.959", "wps": "117.1", "ups": "0.65", "wpb": "179.1", "bsz": "9.1", "num_updates": "25600", "lr": "9.66488e-05", "gnorm": "93.536", "loss_scale": "64", "train_wall": "19", "gb_free": "73.6", "wall": "15322"}
[2026-06-14 10:44:13,900][train_inner][INFO] - {"epoch": 9, "update": 8.124, "loss": "9.998", "nll_loss": "0.458", "total": "178.83", "n_correct": "164.32", "ppl": "1.37", "accuracy": "91.886", "wps": "310.5", "ups": "1.74", "wpb": "178.8", "bsz": "9.7", "num_updates": "25800", "lr": "9.37964e-05", "gnorm": "95.697", "loss_scale": "64", "train_wall": "17", "gb_free": "73.8", "wall": "15438"}
[2026-06-14 10:47:37,591][train_inner][INFO] - {"epoch": 9, "update": 8.187, "loss": "10.009", "nll_loss": "0.465", "total": "179.635", "n_correct": "164.93", "ppl": "1.38", "accuracy": "91.814", "wps": "176.4", "ups": "0.98", "wpb": "179.6", "bsz": "9.9", "num_updates": "26000", "lr": "9.10282e-05", "gnorm": "90.697", "loss_scale": "64", "train_wall": "19", "gb_free": "74", "wall": "15641"}
[2026-06-14 10:50:04,477][train_inner][INFO] - {"epoch": 9, "update": 8.25, "loss": "10.033", "nll_loss": "0.448", "total": "176.08", "n_correct": "161.99", "ppl": "1.36", "accuracy": "91.998", "wps": "239.8", "ups": "1.36", "wpb": "176.1", "bsz": "9.4", "num_updates": "26200", "lr": "8.83417e-05", "gnorm": "93.208", "loss_scale": "64", "train_wall": "17", "gb_free": "73.7", "wall": "15788"}
[2026-06-14 10:52:00,418][train_inner][INFO] - {"epoch": 9, "update": 8.313, "loss": "9.775", "nll_loss": "0.452", "total": "180.595", "n_correct": "166.135", "ppl": "1.37", "accuracy": "91.993", "wps": "311.6", "ups": "1.73", "wpb": "180.6", "bsz": "9.9", "num_updates": "26400", "lr": "8.57345e-05", "gnorm": "90.845", "loss_scale": "64", "train_wall": "17", "gb_free": "74.5", "wall": "15904"}
[2026-06-14 10:54:11,630][train_inner][INFO] - {"epoch": 9, "update": 8.376, "loss": "10.003", "nll_loss": "0.47", "total": "180.66", "n_correct": "165.675", "ppl": "1.39", "accuracy": "91.705", "wps": "275.4", "ups": "1.52", "wpb": "180.7", "bsz": "10.1", "num_updates": "26600", "lr": "8.32042e-05", "gnorm": "91.177", "loss_scale": "64", "train_wall": "17", "gb_free": "73.6", "wall": "16035"}
[2026-06-14 10:56:07,901][train_inner][INFO] - {"epoch": 9, "update": 8.439, "loss": "10.143", "nll_loss": "0.45", "total": "177.2", "n_correct": "163.14", "ppl": "1.37", "accuracy": "92.065", "wps": "304.9", "ups": "1.72", "wpb": "177.2", "bsz": "9.3", "num_updates": "26800", "lr": "8.07486e-05", "gnorm": "90.919", "loss_scale": "64", "train_wall": "17", "gb_free": "73.8", "wall": "16152"}
[2026-06-14 10:57:54,049][trainer][INFO] - NOTE: gradient overflow detected, ignoring gradient, setting loss scale to: 32.0
[2026-06-14 10:57:59,736][train_inner][INFO] - {"epoch": 9, "update": 8.502, "loss": "10.168", "nll_loss": "0.454", "total": "178.6", "n_correct": "163.85", "ppl": "1.37", "accuracy": "91.741", "wps": "319.4", "ups": "1.79", "wpb": "178.6", "bsz": "9.5", "num_updates": "27000", "lr": "7.83654e-05", "gnorm": "91.516", "loss_scale": "32", "train_wall": "17", "gb_free": "73.8", "wall": "16263"}
[2026-06-14 11:00:40,869][train_inner][INFO] - {"epoch": 9, "update": 8.565, "loss": "9.684", "nll_loss": "0.454", "total": "181.27", "n_correct": "166.69", "ppl": "1.37", "accuracy": "91.957", "wps": "225", "ups": "1.24", "wpb": "181.3", "bsz": "10.1", "num_updates": "27200", "lr": "7.60526e-05", "gnorm": "84.79", "loss_scale": "32", "train_wall": "18", "gb_free": "74.7", "wall": "16425"}
[2026-06-14 11:02:28,809][train_inner][INFO] - {"epoch": 9, "update": 8.628, "loss": "9.293", "nll_loss": "0.455", "total": "181.19", "n_correct": "166.91", "ppl": "1.37", "accuracy": "92.119", "wps": "335.8", "ups": "1.85", "wpb": "181.2", "bsz": "10.5", "num_updates": "27400", "lr": "7.38081e-05", "gnorm": "78.585", "loss_scale": "32", "train_wall": "17", "gb_free": "74", "wall": "16533"}
[2026-06-14 11:05:33,255][train_inner][INFO] - {"epoch": 9, "update": 8.691, "loss": "10.345", "nll_loss": "0.438", "total": "180.09", "n_correct": "166.255", "ppl": "1.35", "accuracy": "92.318", "wps": "195.3", "ups": "1.08", "wpb": "180.1", "bsz": "9.1", "num_updates": "27600", "lr": "7.16298e-05", "gnorm": "88.48", "loss_scale": "32", "train_wall": "18", "gb_free": "73.5", "wall": "16717"}
[2026-06-14 11:08:05,962][train_inner][INFO] - {"epoch": 9, "update": 8.754, "loss": "9.115", "nll_loss": "0.437", "total": "180.775", "n_correct": "166.995", "ppl": "1.35", "accuracy": "92.377", "wps": "236.8", "ups": "1.31", "wpb": "180.8", "bsz": "10.3", "num_updates": "27800", "lr": "6.95158e-05", "gnorm": "83.199", "loss_scale": "32", "train_wall": "18", "gb_free": "73.6", "wall": "16870"}
[2026-06-14 11:12:14,535][train_inner][INFO] - {"epoch": 9, "update": 8.817, "loss": "9.774", "nll_loss": "0.452", "total": "181.72", "n_correct": "167.145", "ppl": "1.37", "accuracy": "91.979", "wps": "146.2", "ups": "0.8", "wpb": "181.7", "bsz": "10", "num_updates": "28000", "lr": "6.74641e-05", "gnorm": "89.124", "loss_scale": "32", "train_wall": "19", "gb_free": "73.6", "wall": "17118"}
[2026-06-14 11:14:08,502][train_inner][INFO] - {"epoch": 9, "update": 8.88, "loss": "9.546", "nll_loss": "0.452", "total": "178.56", "n_correct": "164.37", "ppl": "1.37", "accuracy": "92.053", "wps": "313.4", "ups": "1.76", "wpb": "178.6", "bsz": "10", "num_updates": "28200", "lr": "6.54731e-05", "gnorm": "82.627", "loss_scale": "32", "train_wall": "17", "gb_free": "74", "wall": "17232"}
[2026-06-14 11:15:59,477][train_inner][INFO] - {"epoch": 9, "update": 8.943, "loss": "9.562", "nll_loss": "0.406", "total": "182.72", "n_correct": "169.41", "ppl": "1.32", "accuracy": "92.716", "wps": "329.3", "ups": "1.8", "wpb": "182.7", "bsz": "9.3", "num_updates": "28400", "lr": "6.35408e-05", "gnorm": "83.086", "loss_scale": "32", "train_wall": "17", "gb_free": "73.5", "wall": "17343"}
[2026-06-14 11:18:36,299][main][INFO] - end of epoch 9 (average epoch stats below)
[2026-06-14 11:18:36,315][train][INFO] - {"epoch": 9, "train_loss": "9.904", "train_nll_loss": "0.45", "train_total": "179.789", "train_n_correct": "165.471", "train_ppl": "1.37", "train_accuracy": "92.037", "train_wps": "237", "train_ups": "1.32", "train_wpb": "179.8", "train_bsz": "9.7", "train_num_updates": "28581", "train_lr": "6.18412e-05", "train_gnorm": "88.397", "train_loss_scale": "32", "train_train_wall": "281", "train_gb_free": "73.4", "train_wall": "17500"}
[2026-06-14 11:18:37,147][trainer][INFO] - begin training epoch 10
[2026-06-14 11:18:37,148][main][INFO] - Start iterating over samples
[2026-06-14 11:18:46,767][train_inner][INFO] - {"epoch": 10, "update": 9.006, "loss": "10.402", "nll_loss": "0.437", "total": "179.855", "n_correct": "165.62", "ppl": "1.35", "accuracy": "92.085", "wps": "215", "ups": "1.2", "wpb": "179.9", "bsz": "9", "num_updates": "28600", "lr": "6.16655e-05", "gnorm": "85.226", "loss_scale": "32", "train_wall": "18", "gb_free": "73.8", "wall": "17510"}
[2026-06-14 11:22:10,412][train_inner][INFO] - {"epoch": 10, "update": 9.069, "loss": "7.447", "nll_loss": "0.338", "total": "183.5", "n_correct": "172.54", "ppl": "1.26", "accuracy": "94.027", "wps": "180.3", "ups": "0.98", "wpb": "183.5", "bsz": "10", "num_updates": "28800", "lr": "5.98455e-05", "gnorm": "68.593", "loss_scale": "32", "train_wall": "19", "gb_free": "73.9", "wall": "17714"}
[2026-06-14 11:25:14,497][train_inner][INFO] - {"epoch": 10, "update": 9.132, "loss": "7.593", "nll_loss": "0.334", "total": "176.545", "n_correct": "165.97", "ppl": "1.26", "accuracy": "94.01", "wps": "191.8", "ups": "1.09", "wpb": "176.5", "bsz": "9.4", "num_updates": "29000", "lr": "5.80793e-05", "gnorm": "75.267", "loss_scale": "32", "train_wall": "18", "gb_free": "74.1", "wall": "17898"}
[2026-06-14 11:27:08,735][train_inner][INFO] - {"epoch": 10, "update": 9.195, "loss": "7.737", "nll_loss": "0.339", "total": "179.705", "n_correct": "168.895", "ppl": "1.26", "accuracy": "93.985", "wps": "314.6", "ups": "1.75", "wpb": "179.7", "bsz": "9.5", "num_updates": "29200", "lr": "5.63652e-05", "gnorm": "74.95", "loss_scale": "32", "train_wall": "17", "gb_free": "74.5", "wall": "18012"}
[2026-06-14 11:29:00,954][train_inner][INFO] - {"epoch": 10, "update": 9.258, "loss": "7.614", "nll_loss": "0.327", "total": "178.255", "n_correct": "167.8", "ppl": "1.25", "accuracy": "94.135", "wps": "317.7", "ups": "1.78", "wpb": "178.3", "bsz": "9.2", "num_updates": "29400", "lr": "5.47017e-05", "gnorm": "68.749", "loss_scale": "32", "train_wall": "17", "gb_free": "73.7", "wall": "18125"}
[2026-06-14 11:30:53,470][train_inner][INFO] - {"epoch": 10, "update": 9.321, "loss": "7.699", "nll_loss": "0.333", "total": "181.02", "n_correct": "170.32", "ppl": "1.26", "accuracy": "94.089", "wps": "321.8", "ups": "1.78", "wpb": "181", "bsz": "9.5", "num_updates": "29600", "lr": "5.30873e-05", "gnorm": "76.076", "loss_scale": "32", "train_wall": "17", "gb_free": "74.9", "wall": "18237"}
[2026-06-14 11:32:52,038][train_inner][INFO] - {"epoch": 10, "update": 9.384, "loss": "7.653", "nll_loss": "0.367", "total": "182.265", "n_correct": "170.33", "ppl": "1.29", "accuracy": "93.452", "wps": "307.5", "ups": "1.69", "wpb": "182.3", "bsz": "10.5", "num_updates": "29800", "lr": "5.15205e-05", "gnorm": "78.895", "loss_scale": "32", "train_wall": "17", "gb_free": "73.7", "wall": "18356"}
[2026-06-14 11:35:43,997][train_inner][INFO] - {"epoch": 10, "update": 9.447, "loss": "6.987", "nll_loss": "0.314", "total": "179.715", "n_correct": "169.535", "ppl": "1.24", "accuracy": "94.335", "wps": "209.1", "ups": "1.16", "wpb": "179.7", "bsz": "9.8", "num_updates": "30000", "lr": "5e-05", "gnorm": "71.502", "loss_scale": "32", "train_wall": "17", "gb_free": "73.6", "wall": "18528"}
[2026-06-14 11:35:43,999][main][INFO] - Stopping training due to num_updates: 30000 >= max_update: 30000
[2026-06-14 11:35:44,000][main][INFO] - begin validation on "valid" subset
[2026-06-14 11:37:37,913][valid][INFO] - {"epoch": 10, "valid_loss": "12.562", "valid_nll_loss": "0.568", "valid_total": "178.205", "valid_n_correct": "162.071", "valid_ppl": "1.48", "valid_accuracy": "90.946", "valid_wps": "201.5", "valid_wpb": "178.2", "valid_bsz": "9.4", "valid_num_updates": "30000", "valid_best_accuracy": "90.946"}
[2026-06-14 11:37:37,916][fairseq.checkpoint_utils][INFO] - Preparing to save checkpoint for epoch 10 @ 30000 updates
[2026-06-14 11:37:37,916][trainer][INFO] - Saving checkpoint to checkpoints/checkpoint_best.pt
[2026-06-14 11:37:43,907][trainer][INFO] - Finished saving checkpoint to checkpoints/checkpoint_best.pt
[2026-06-14 11:37:50,875][fairseq.checkpoint_utils][INFO] - Saved checkpoint checkpoints/checkpoint_best.pt (epoch 10 @ 30000 updates, score 90.946) (writing took 12.959187872009352 seconds)
[2026-06-14 11:37:50,876][main][INFO] - end of epoch 10 (average epoch stats below)
[2026-06-14 11:37:50,890][train][INFO] - {"epoch": 10, "train_loss": "7.534", "train_nll_loss": "0.336", "train_total": "180.173", "train_n_correct": "169.368", "train_ppl": "1.26", "train_accuracy": "94.003", "train_wps": "221.4", "train_ups": "1.23", "train_wpb": "180.2", "train_bsz": "9.7", "train_num_updates": "30000", "train_lr": "5e-05", "train_gnorm": "73.349", "train_loss_scale": "32", "train_train_wall": "125", "train_gb_free": "73.6", "train_wall": "18655"}
[2026-06-14 11:37:50,890][main][INFO] - done training in 18653.6 seconds
