/base/project/AudioVideo2Txt/main.py:27: UserWarning: 
The version_base parameter is not specified.
Please specify a compatability version level, or None.
Will assume defaults for version 1.1
  @hydra.main(config_path="configs", config_name="video2text")
/opt/conda/envs/rzd/lib/python3.10/site-packages/hydra/core/default_element.py:124: UserWarning: In 'audiovideo2text.yaml': Usage of deprecated keyword in package header '# @package _group_'.
See https://hydra.cc/docs/1.2/upgrades/1.0_to_1.1/changes_to_package_header for more information
  deprecation_warning(
sys:1: UserWarning: 
'audiovideo2text.yaml' is validated against ConfigStore schema with the same name.
This behavior is deprecated in Hydra 1.1 and will be removed in Hydra 1.2.
See https://hydra.cc/docs/1.2/upgrades/1.0_to_1.1/automatic_schema_matching for migration instructions.
/opt/conda/envs/rzd/lib/python3.10/site-packages/hydra/main.py:94: UserWarning: 
'audiovideo2text.yaml' is validated against ConfigStore schema with the same name.
This behavior is deprecated in Hydra 1.1 and will be removed in Hydra 1.2.
See https://hydra.cc/docs/1.2/upgrades/1.0_to_1.1/automatic_schema_matching for migration instructions.
  _run_hydra(
/opt/conda/envs/rzd/lib/python3.10/site-packages/hydra/_internal/hydra.py:119: UserWarning: Future Hydra versions will no longer change working directory at job runtime by default.
See https://hydra.cc/docs/1.2/upgrades/1.1_to_1.2/changes_to_job_working_dir/ for more information.
  ret = run_job(
[2026-06-13 11:44:08,604][main][INFO] - {'_name': None, 'common': {'_name': None, 'no_progress_bar': False, 'log_interval': 200, 'log_format': json, 'log_file': None, 'tensorboard_logdir': 'tblog', 'wandb_project': None, 'azureml_logging': False, 'seed': 1337, 'cpu': False, 'tpu': False, 'bf16': False, 'memory_efficient_bf16': False, 'fp16': True, 'memory_efficient_fp16': False, 'fp16_no_flatten_grads': False, 'fp16_init_scale': 128, 'fp16_scale_window': None, 'fp16_scale_tolerance': 0.0, 'on_cpu_convert_precision': False, 'min_loss_scale': 0.0001, 'threshold_loss_scale': None, 'amp': False, 'amp_batch_retries': 2, 'amp_init_scale': 128, 'amp_scale_window': None, 'user_dir': '/base/project/AudioVideo2Txt', 'empty_cache_freq': 0, 'all_gather_list_size': 16384, 'model_parallel_size': 1, 'quantization_config_path': None, 'profile': False, 'reset_logging': False, 'suppress_crashes': False, 'use_plasma_view': False, 'plasma_path': '/tmp/plasma'}, 'common_eval': {'_name': None, 'path': None, 'post_process': None, 'quiet': False, 'model_overrides': '{}', 'results_path': None}, 'distributed_training': {'_name': None, 'distributed_world_size': 1, 'distributed_num_procs': 1, 'distributed_rank': 0, 'distributed_backend': 'nccl', 'distributed_init_method': None, 'distributed_port': -1, 'device_id': 0, 'distributed_no_spawn': False, 'ddp_backend': c10d, 'ddp_comm_hook': none, 'bucket_cap_mb': 25, 'fix_batches_to_gpus': False, 'find_unused_parameters': True, 'fast_stat_sync': False, 'heartbeat_timeout': -1, 'broadcast_buffers': False, 'slowmo_momentum': None, 'slowmo_algorithm': 'LocalSGD', 'localsgd_frequency': 3, 'nprocs_per_node': 1, 'pipeline_model_parallel': False, 'pipeline_balance': None, 'pipeline_devices': None, 'pipeline_chunks': 0, 'pipeline_encoder_balance': None, 'pipeline_encoder_devices': None, 'pipeline_decoder_balance': None, 'pipeline_decoder_devices': None, 'pipeline_checkpoint': never, 'zero_sharding': none, 'fp16': '${common.fp16}', 'memory_efficient_fp16': '${common.memory_efficient_fp16}', 'tpu': '${common.tpu}', 'no_reshard_after_forward': False, 'fp32_reduce_scatter': False, 'cpu_offload': False, 'use_sharded_state': False}, 'dataset': {'_name': None, 'num_workers': 0, 'skip_invalid_size_inputs_valid_test': False, 'max_tokens': 1000, 'batch_size': None, 'required_batch_size_multiple': 8, 'required_seq_len_multiple': 1, 'dataset_impl': None, 'data_buffer_size': 10, 'train_subset': 'train', 'valid_subset': 'valid', 'combine_valid_subsets': None, 'ignore_unused_valid_subsets': False, 'validate_interval': 2, 'validate_interval_updates': 0, 'validate_after_updates': 0, 'fixed_validation_seed': None, 'disable_validation': False, 'max_tokens_valid': '${dataset.max_tokens}', 'batch_size_valid': '${dataset.batch_size}', 'max_valid_steps': None, 'curriculum': 0, 'gen_subset': 'test', 'num_shards': 1, 'shard_id': 0}, 'optimization': {'_name': None, 'max_epoch': 0, 'max_update': 30000, 'stop_time_hours': 0.0, 'clip_norm': 0.0, 'sentence_avg': True, 'update_freq': [1], 'lr': [0.001], 'stop_min_lr': -1.0, 'use_bmuf': False}, 'checkpoint': {'_name': None, 'save_dir': 'checkpoints', 'restore_file': 'checkpoint_last.pt', 'finetune_from_model': None, 'reset_dataloader': False, 'reset_lr_scheduler': False, 'reset_meters': False, 'reset_optimizer': False, 'optimizer_overrides': '{}', 'save_interval': 2, 'save_interval_updates': 0, 'keep_interval_updates': 1, 'keep_interval_updates_pattern': -1, 'keep_last_epochs': -1, 'keep_best_checkpoints': -1, 'no_save': False, 'no_epoch_checkpoints': True, 'no_last_checkpoints': False, 'no_save_optimizer_state': False, 'best_checkpoint_metric': 'accuracy', 'maximize_best_checkpoint_metric': True, 'patience': -1, 'checkpoint_suffix': '', 'checkpoint_shard_count': 1, 'load_checkpoint_on_all_dp_ranks': False, 'write_checkpoints_asynchronously': False, 'model_parallel_size': '${common.model_parallel_size}'}, 'bmuf': {'_name': None, 'block_lr': 1.0, 'block_momentum': 0.875, 'global_sync_iter': 50, 'warmup_iterations': 500, 'use_nbm': False, 'average_sync': False, 'distributed_world_size': '${distributed_training.distributed_world_size}'}, 'generation': {'_name': None, 'beam': 5, 'nbest': 1, 'max_len_a': 0.0, 'max_len_b': 200, 'min_len': 1, 'match_source_len': False, 'unnormalized': False, 'no_early_stop': False, 'no_beamable_mm': False, 'lenpen': 1.0, 'unkpen': 0.0, 'replace_unk': None, 'sacrebleu': False, 'score_reference': False, 'prefix_size': 0, 'no_repeat_ngram_size': 0, 'sampling': False, 'sampling_topk': -1, 'sampling_topp': -1.0, 'constraints': None, 'temperature': 1.0, 'diverse_beam_groups': -1, 'diverse_beam_strength': 0.5, 'diversity_rate': -1.0, 'print_alignment': None, 'print_step': False, 'lm_path': None, 'lm_weight': 0.0, 'iter_decode_eos_penalty': 0.0, 'iter_decode_max_iter': 10, 'iter_decode_force_max_iter': False, 'iter_decode_with_beam': 1, 'iter_decode_with_external_reranker': False, 'retain_iter_history': False, 'retain_dropout': False, 'retain_dropout_modules': None, 'decoding_format': None, 'no_seed_provided': False}, 'eval_lm': {'_name': None, 'output_word_probs': False, 'output_word_stats': False, 'context_window': 0, 'softmax_batch': 9223372036854775807}, 'interactive': {'_name': None, 'buffer_size': 0, 'input': '-'}, 'task': {'_name': 'av_hubert_pretraining', 'data': '/data2/final_project_data/30h_data', 'labels': ['wrd'], 'label_dir': '/data2/final_project_data/30h_data', 'label_rate': -1, 'sample_rate': 16000, 'normalize': True, 'enable_padding': False, 'max_sample_size': 500, 'min_sample_size': None, 'max_trim_sample_size': '${task.max_sample_size}', 'single_target': True, 'random_crop': False, 'pad_audio': True, 'pdb': False, 'stack_order_audio': 4, 'skip_verify': False, 'image_aug': True, 'image_crop_size': 88, 'image_mean': 0.421, 'image_std': 0.165, 'modalities': ['video', 'audio'], 'is_s2s': True, 'tokenizer_bpe_name': 'sentencepiece', 'tokenizer_bpe_model': '/data2/final_project_data/spm1000/spm_unigram1000.model', 'fine_tuning': True}, 'model': {'_name': 'av_hubert_seq2seq', 'pretrained_path': '/data2/final_project_ckpt/pretrained_model.pth', 'apply_mask': False, 'mask_selection': 'static', 'mask_length': 10, 'mask_other': 0, 'mask_prob': 0.75, 'mask_channel_selection': 'static', 'mask_channel_length': 64, 'mask_channel_other': 0, 'mask_channel_prob': 0.5, 'layerdrop': 0.1, 'dropout': 0.0, 'activation_dropout': 0.1, 'attention_dropout': 0.0, 'feature_grad_mult': 1.0, 'modality_fuse': 'concat', 'modality_dropout': 0.05, 'audio_dropout': 0.3, 'modality_dropout_mode': 'span', 'modality_dropout_span_min': 10, 'modality_dropout_span_max': 30, 'decoder_layers': 6, 'decoder_dropout': 0.1, 'decoder_attention_dropout': 0.0, 'decoder_activation_dropout': 0.1, 'freeze_finetune_updates': 24000, 'share_decoder_input_output_embed': True, 'decoder_normalize_before': True}, 'criterion': {'_name': 'label_smoothed_cross_entropy', 'report_accuracy': True, 'label_smoothing': 0.1, 'focal_gamma': 0.0, 'confidence_penalty': 0.0, 'ignore_prefix_size': 0, 'sentence_avg': '${optimization.sentence_avg}'}, 'optimizer': {'_name': 'adam', 'adam_betas': '(0.9,0.98)', 'adam_eps': 1e-08, 'weight_decay': 0.0, "use_old_adam'": False, 'tpu': '${common.tpu}', 'lr': '${optimization.lr}'}, 'lr_scheduler': {'_name': 'tri_stage', 'warmup_steps': 10000, 'hold_steps': 0, 'decay_steps': 20000, 'final_lr_scale': 0.05, 'phase_ratio': '???', 'init_lr_scale': 0.01, 'max_update': '${optimization.max_update}', 'lr': '${optimization.lr}'}, 'scoring': None, 'bpe': None, 'tokenizer': None}
[2026-06-13 11:44:09,375][models.encoder_backbone][INFO] - EncoderBackbone Config: {'_name': 'av_hubert', 'label_rate': 25, 'input_modality': '${task.input_modality}', 'extractor_mode': default, 'encoder_layers': 12, 'encoder_embed_dim': 768, 'encoder_ffn_embed_dim': 3072, 'encoder_attention_heads': 12, 'activation_fn': gelu, 'dropout': 0.0, 'attention_dropout': 0.0, 'activation_dropout': 0.1, 'encoder_layerdrop': 0.1, 'dropout_input': 0.0, 'dropout_features': 0.1, 'final_dim': 256, 'untie_final_proj': True, 'layer_norm_first': True, 'conv_feature_layers': '[(512,10,5)] + [(512,3,2)] * 4 + [(512,2,2)] * 2', 'conv_bias': False, 'logit_temp': 0.1, 'target_glu': False, 'feature_grad_mult': 1.0, 'mask_length_audio': 10, 'mask_prob_audio': 0.8, 'mask_length_image': 5, 'mask_prob_image': 0.3, 'mask_selection': static, 'mask_other': 0.0, 'no_mask_overlap': False, 'mask_min_space': 1, 'mask_channel_length': 64, 'mask_channel_prob': 0.5, 'mask_channel_selection': static, 'mask_channel_other': 0.0, 'no_mask_channel_overlap': False, 'mask_channel_min_space': 1, 'conv_pos': 128, 'conv_pos_groups': 16, 'latent_temp': [2.0, 0.5, 0.999995], 'skip_masked': False, 'skip_nomask': False, 'resnet_relu_type': 'prelu', 'resnet_weights': None, 'sim_type': 'cosine', 'sub_encoder_layers': 0, 'audio_feat_dim': 104, 'modality_dropout': 0.05, 'audio_dropout': 0.3, 'modality_dropout_mode': 'span', 'modality_dropout_span_min': 10, 'modality_dropout_span_max': 30, 'modality_fuse': 'concat', 'selection_type': 'same_seq', 'masking_type': 'input', 'decoder_embed_dim': 768, 'decoder_ffn_embed_dim': 3072, 'decoder_layers': 6, 'decoder_layerdrop': 0.0, 'decoder_attention_heads': 4, 'decoder_learned_pos': False, 'decoder_normalize_before': False, 'no_token_positional_embeddings': False, 'decoder_dropout': 0.1, 'decoder_attention_dropout': 0.1, 'decoder_activation_dropout': 0.0, 'max_target_positions': 2048, 'share_decoder_input_output_embed': False, 'no_scale_embedding': True, 'apply_mask': False, 'mask_prob': 0.75, 'mask_length': 10}
/opt/conda/envs/rzd/lib/python3.10/site-packages/torch/nn/utils/weight_norm.py:30: UserWarning: torch.nn.utils.weight_norm is deprecated in favor of torch.nn.utils.parametrizations.weight_norm.
  warnings.warn("torch.nn.utils.weight_norm is deprecated in favor of torch.nn.utils.parametrizations.weight_norm.")
[2026-06-13 11:44:10,419][models.audio_video_model][INFO] - _IncompatibleKeys(missing_keys=[], unexpected_keys=['mask_emb', 'label_embs_concat', 'final_proj.weight', 'final_proj.bias'])
[2026-06-13 11:44:10,875][main][INFO] - AudioVideoModel(
  (encoder): EncoderBackboneWrapper(
    (pretrained_model): EncoderBackbone(
      (feature_extractor_audio): AudioEncoder(
        (proj): Linear(in_features=104, out_features=768, bias=True)
      )
      (feature_extractor_video): ResEncoder(
        (frontend3D): Sequential(
          (0): Conv3d(1, 64, kernel_size=(5, 7, 7), stride=(1, 2, 2), padding=(2, 3, 3), bias=False)
          (1): BatchNorm3d(64, eps=1e-05, momentum=0.1, affine=True, track_running_stats=True)
          (2): PReLU(num_parameters=64)
          (3): MaxPool3d(kernel_size=(1, 3, 3), stride=(1, 2, 2), padding=(0, 1, 1), dilation=1, ceil_mode=False)
        )
        (trunk): ResNet(
          (layer1): Sequential(
            (0): BasicBlock(
              (conv1): Conv2d(64, 64, kernel_size=(3, 3), stride=(1, 1), padding=(1, 1), bias=False)
              (bn1): BatchNorm2d(64, eps=1e-05, momentum=0.1, affine=True, track_running_stats=True)
              (relu1): PReLU(num_parameters=64)
              (conv2): Conv2d(64, 64, kernel_size=(3, 3), stride=(1, 1), padding=(1, 1), bias=False)
              (bn2): BatchNorm2d(64, eps=1e-05, momentum=0.1, affine=True, track_running_stats=True)
              (relu2): PReLU(num_parameters=64)
            )
            (1): BasicBlock(
              (conv1): Conv2d(64, 64, kernel_size=(3, 3), stride=(1, 1), padding=(1, 1), bias=False)
              (bn1): BatchNorm2d(64, eps=1e-05, momentum=0.1, affine=True, track_running_stats=True)
              (relu1): PReLU(num_parameters=64)
              (conv2): Conv2d(64, 64, kernel_size=(3, 3), stride=(1, 1), padding=(1, 1), bias=False)
              (bn2): BatchNorm2d(64, eps=1e-05, momentum=0.1, affine=True, track_running_stats=True)
              (relu2): PReLU(num_parameters=64)
            )
          )
          (layer2): Sequential(
            (0): BasicBlock(
              (conv1): Conv2d(64, 128, kernel_size=(3, 3), stride=(2, 2), padding=(1, 1), bias=False)
              (bn1): BatchNorm2d(128, eps=1e-05, momentum=0.1, affine=True, track_running_stats=True)
              (relu1): PReLU(num_parameters=128)
              (conv2): Conv2d(128, 128, kernel_size=(3, 3), stride=(1, 1), padding=(1, 1), bias=False)
              (bn2): BatchNorm2d(128, eps=1e-05, momentum=0.1, affine=True, track_running_stats=True)
              (relu2): PReLU(num_parameters=128)
              (downsample): Sequential(
                (0): Conv2d(64, 128, kernel_size=(1, 1), stride=(2, 2), bias=False)
                (1): BatchNorm2d(128, eps=1e-05, momentum=0.1, affine=True, track_running_stats=True)
              )
            )
            (1): BasicBlock(
              (conv1): Conv2d(128, 128, kernel_size=(3, 3), stride=(1, 1), padding=(1, 1), bias=False)
              (bn1): BatchNorm2d(128, eps=1e-05, momentum=0.1, affine=True, track_running_stats=True)
              (relu1): PReLU(num_parameters=128)
              (conv2): Conv2d(128, 128, kernel_size=(3, 3), stride=(1, 1), padding=(1, 1), bias=False)
              (bn2): BatchNorm2d(128, eps=1e-05, momentum=0.1, affine=True, track_running_stats=True)
              (relu2): PReLU(num_parameters=128)
            )
          )
          (layer3): Sequential(
            (0): BasicBlock(
              (conv1): Conv2d(128, 256, kernel_size=(3, 3), stride=(2, 2), padding=(1, 1), bias=False)
              (bn1): BatchNorm2d(256, eps=1e-05, momentum=0.1, affine=True, track_running_stats=True)
              (relu1): PReLU(num_parameters=256)
              (conv2): Conv2d(256, 256, kernel_size=(3, 3), stride=(1, 1), padding=(1, 1), bias=False)
              (bn2): BatchNorm2d(256, eps=1e-05, momentum=0.1, affine=True, track_running_stats=True)
              (relu2): PReLU(num_parameters=256)
              (downsample): Sequential(
                (0): Conv2d(128, 256, kernel_size=(1, 1), stride=(2, 2), bias=False)
                (1): BatchNorm2d(256, eps=1e-05, momentum=0.1, affine=True, track_running_stats=True)
              )
            )
            (1): BasicBlock(
              (conv1): Conv2d(256, 256, kernel_size=(3, 3), stride=(1, 1), padding=(1, 1), bias=False)
              (bn1): BatchNorm2d(256, eps=1e-05, momentum=0.1, affine=True, track_running_stats=True)
              (relu1): PReLU(num_parameters=256)
              (conv2): Conv2d(256, 256, kernel_size=(3, 3), stride=(1, 1), padding=(1, 1), bias=False)
              (bn2): BatchNorm2d(256, eps=1e-05, momentum=0.1, affine=True, track_running_stats=True)
              (relu2): PReLU(num_parameters=256)
            )
          )
          (layer4): Sequential(
            (0): BasicBlock(
              (conv1): Conv2d(256, 512, kernel_size=(3, 3), stride=(2, 2), padding=(1, 1), bias=False)
              (bn1): BatchNorm2d(512, eps=1e-05, momentum=0.1, affine=True, track_running_stats=True)
              (relu1): PReLU(num_parameters=512)
              (conv2): Conv2d(512, 512, kernel_size=(3, 3), stride=(1, 1), padding=(1, 1), bias=False)
              (bn2): BatchNorm2d(512, eps=1e-05, momentum=0.1, affine=True, track_running_stats=True)
              (relu2): PReLU(num_parameters=512)
              (downsample): Sequential(
                (0): Conv2d(256, 512, kernel_size=(1, 1), stride=(2, 2), bias=False)
                (1): BatchNorm2d(512, eps=1e-05, momentum=0.1, affine=True, track_running_stats=True)
              )
            )
            (1): BasicBlock(
              (conv1): Conv2d(512, 512, kernel_size=(3, 3), stride=(1, 1), padding=(1, 1), bias=False)
              (bn1): BatchNorm2d(512, eps=1e-05, momentum=0.1, affine=True, track_running_stats=True)
              (relu1): PReLU(num_parameters=512)
              (conv2): Conv2d(512, 512, kernel_size=(3, 3), stride=(1, 1), padding=(1, 1), bias=False)
              (bn2): BatchNorm2d(512, eps=1e-05, momentum=0.1, affine=True, track_running_stats=True)
              (relu2): PReLU(num_parameters=512)
            )
          )
          (avgpool): AdaptiveAvgPool2d(output_size=1)
        )
        (proj): Linear(in_features=512, out_features=768, bias=True)
      )
      (post_extract_proj): Linear(in_features=1536, out_features=768, bias=True)
      (encoder): TransformerEncoder(
        (pos_conv): Sequential(
          (0): Conv1d(768, 768, kernel_size=(128,), stride=(1,), padding=(64,), groups=16)
          (1): SamePad()
          (2): GELU(approximate='none')
        )
        (layers): ModuleList(
          (0-11): 12 x TransformerSentenceEncoderLayer(
            (self_attn): MultiheadAttention(
              (dropout_module): Dropout(p=0.0, inplace=False)
              (k_proj): Linear(in_features=768, out_features=768, bias=True)
              (v_proj): Linear(in_features=768, out_features=768, bias=True)
              (q_proj): Linear(in_features=768, out_features=768, bias=True)
              (out_proj): Linear(in_features=768, out_features=768, bias=True)
            )
            (dropout1): Dropout(p=0.0, inplace=False)
            (dropout2): Dropout(p=0.1, inplace=False)
            (dropout3): Dropout(p=0.0, inplace=False)
            (self_attn_layer_norm): LayerNorm((768,), eps=1e-05, elementwise_affine=True)
            (fc1): Linear(in_features=768, out_features=3072, bias=True)
            (fc2): Linear(in_features=3072, out_features=768, bias=True)
            (final_layer_norm): LayerNorm((768,), eps=1e-05, elementwise_affine=True)
          )
        )
        (layer_norm): LayerNorm((768,), eps=1e-05, elementwise_affine=True)
      )
      (layer_norm): LayerNorm((1536,), eps=1e-05, elementwise_affine=True)
      (dropout_input): Dropout(p=0.0, inplace=False)
      (dropout_features): Dropout(p=0.1, inplace=False)
    )
  )
  (decoder): TransformerDecoder(
    (embed_tokens): Embedding(1000, 768, padding_idx=1)
    (embed_positions): SinusoidalPositionalEmbedding()
    (layers): ModuleList(
      (0-5): 6 x TransformerDecoderLayer(
        (dropout_module): Dropout(p=0.1, inplace=False)
        (self_attn): MultiheadAttention(
          (dropout_module): Dropout(p=0.0, inplace=False)
          (k_proj): Linear(in_features=768, out_features=768, bias=True)
          (v_proj): Linear(in_features=768, out_features=768, bias=True)
          (q_proj): Linear(in_features=768, out_features=768, bias=True)
          (out_proj): Linear(in_features=768, out_features=768, bias=True)
        )
        (activation_dropout_module): Dropout(p=0.1, inplace=False)
        (self_attn_layer_norm): LayerNorm((768,), eps=1e-05, elementwise_affine=True)
        (encoder_attn): MultiheadAttention(
          (dropout_module): Dropout(p=0.0, inplace=False)
          (k_proj): Linear(in_features=768, out_features=768, bias=True)
          (v_proj): Linear(in_features=768, out_features=768, bias=True)
          (q_proj): Linear(in_features=768, out_features=768, bias=True)
          (out_proj): Linear(in_features=768, out_features=768, bias=True)
        )
        (encoder_attn_layer_norm): LayerNorm((768,), eps=1e-05, elementwise_affine=True)
        (fc1): Linear(in_features=768, out_features=3072, bias=True)
        (fc2): Linear(in_features=3072, out_features=768, bias=True)
        (final_layer_norm): LayerNorm((768,), eps=1e-05, elementwise_affine=True)
      )
    )
    (layer_norm): LayerNorm((768,), eps=1e-05, elementwise_affine=True)
  )
)
[2026-06-13 11:44:10,878][main][INFO] - model: AudioVideoModel
[2026-06-13 11:44:10,879][main][INFO] - criterion: LabelSmoothedCrossEntropyCriterion
[2026-06-13 11:44:10,880][main][INFO] - num. shared model params: 160,100,480 (num. trained: 160,100,480)
[2026-06-13 11:44:10,882][main][INFO] - num. expert model params: 0 (num. trained: 0)
[2026-06-13 11:44:10,882][dataset][INFO] - Using tokenizer
[2026-06-13 11:44:10,927][dataset][INFO] - max_keep=500, min_keep=None, loaded 30782, skipped 0 short and 0 long and 0 unaligned, longest-loaded=155, shortest-loaded=12
[2026-06-13 11:44:10,928][dataset][INFO] - image transform: Compose(
    Normalize(mean=0.0, std=255.0)
    RandomCrop(size=(88, 88))
    <utils.model_utils.HorizontalFlip object at 0x7f70be828580>
    Normalize(mean=0.421, std=0.165)
)
[2026-06-13 11:44:10,936][dataset][INFO] - pad_audio=True, random_crop=False, normalize=True, max_sample_size=500, seqs2seq data=True,
[2026-06-13 11:44:10,937][dataset][INFO] - Using tokenizer
[2026-06-13 11:44:10,941][dataset][INFO] - max_keep=500, min_keep=None, loaded 1200, skipped 0 short and 0 long and 0 unaligned, longest-loaded=155, shortest-loaded=17
[2026-06-13 11:44:10,941][dataset][INFO] - image transform: Compose(
    Normalize(mean=0.0, std=255.0)
    <utils.model_utils.CenterCrop object at 0x7f70be828f40>
    Normalize(mean=0.421, std=0.165)
)
[2026-06-13 11:44:10,942][dataset][INFO] - pad_audio=True, random_crop=False, normalize=True, max_sample_size=500, seqs2seq data=True,
[2026-06-13 11:44:12,619][trainer][INFO] - detected shared parameter: encoder.pretrained_model.feature_extractor_video.frontend3D.0.bias <- encoder.pretrained_model.feature_extractor_video.trunk.layer1.0.conv1.bias
[2026-06-13 11:44:12,619][trainer][INFO] - detected shared parameter: encoder.pretrained_model.feature_extractor_video.frontend3D.0.bias <- encoder.pretrained_model.feature_extractor_video.trunk.layer1.0.conv2.bias
[2026-06-13 11:44:12,619][trainer][INFO] - detected shared parameter: encoder.pretrained_model.feature_extractor_video.frontend3D.0.bias <- encoder.pretrained_model.feature_extractor_video.trunk.layer1.1.conv1.bias
[2026-06-13 11:44:12,619][trainer][INFO] - detected shared parameter: encoder.pretrained_model.feature_extractor_video.frontend3D.0.bias <- encoder.pretrained_model.feature_extractor_video.trunk.layer1.1.conv2.bias
[2026-06-13 11:44:12,620][trainer][INFO] - detected shared parameter: encoder.pretrained_model.feature_extractor_video.frontend3D.0.bias <- encoder.pretrained_model.feature_extractor_video.trunk.layer2.0.conv1.bias
[2026-06-13 11:44:12,620][trainer][INFO] - detected shared parameter: encoder.pretrained_model.feature_extractor_video.frontend3D.0.bias <- encoder.pretrained_model.feature_extractor_video.trunk.layer2.0.conv2.bias
[2026-06-13 11:44:12,620][trainer][INFO] - detected shared parameter: encoder.pretrained_model.feature_extractor_video.frontend3D.0.bias <- encoder.pretrained_model.feature_extractor_video.trunk.layer2.0.downsample.0.bias
[2026-06-13 11:44:12,621][trainer][INFO] - detected shared parameter: encoder.pretrained_model.feature_extractor_video.frontend3D.0.bias <- encoder.pretrained_model.feature_extractor_video.trunk.layer2.1.conv1.bias
[2026-06-13 11:44:12,621][trainer][INFO] - detected shared parameter: encoder.pretrained_model.feature_extractor_video.frontend3D.0.bias <- encoder.pretrained_model.feature_extractor_video.trunk.layer2.1.conv2.bias
[2026-06-13 11:44:12,621][trainer][INFO] - detected shared parameter: encoder.pretrained_model.feature_extractor_video.frontend3D.0.bias <- encoder.pretrained_model.feature_extractor_video.trunk.layer3.0.conv1.bias
[2026-06-13 11:44:12,621][trainer][INFO] - detected shared parameter: encoder.pretrained_model.feature_extractor_video.frontend3D.0.bias <- encoder.pretrained_model.feature_extractor_video.trunk.layer3.0.conv2.bias
[2026-06-13 11:44:12,621][trainer][INFO] - detected shared parameter: encoder.pretrained_model.feature_extractor_video.frontend3D.0.bias <- encoder.pretrained_model.feature_extractor_video.trunk.layer3.0.downsample.0.bias
[2026-06-13 11:44:12,621][trainer][INFO] - detected shared parameter: encoder.pretrained_model.feature_extractor_video.frontend3D.0.bias <- encoder.pretrained_model.feature_extractor_video.trunk.layer3.1.conv1.bias
[2026-06-13 11:44:12,621][trainer][INFO] - detected shared parameter: encoder.pretrained_model.feature_extractor_video.frontend3D.0.bias <- encoder.pretrained_model.feature_extractor_video.trunk.layer3.1.conv2.bias
[2026-06-13 11:44:12,621][trainer][INFO] - detected shared parameter: encoder.pretrained_model.feature_extractor_video.frontend3D.0.bias <- encoder.pretrained_model.feature_extractor_video.trunk.layer4.0.conv1.bias
[2026-06-13 11:44:12,621][trainer][INFO] - detected shared parameter: encoder.pretrained_model.feature_extractor_video.frontend3D.0.bias <- encoder.pretrained_model.feature_extractor_video.trunk.layer4.0.conv2.bias
[2026-06-13 11:44:12,621][trainer][INFO] - detected shared parameter: encoder.pretrained_model.feature_extractor_video.frontend3D.0.bias <- encoder.pretrained_model.feature_extractor_video.trunk.layer4.0.downsample.0.bias
[2026-06-13 11:44:12,622][trainer][INFO] - detected shared parameter: encoder.pretrained_model.feature_extractor_video.frontend3D.0.bias <- encoder.pretrained_model.feature_extractor_video.trunk.layer4.1.conv1.bias
[2026-06-13 11:44:12,622][trainer][INFO] - detected shared parameter: encoder.pretrained_model.feature_extractor_video.frontend3D.0.bias <- encoder.pretrained_model.feature_extractor_video.trunk.layer4.1.conv2.bias
[2026-06-13 11:44:12,622][fairseq.utils][INFO] - ***********************CUDA enviroments for all 1 workers***********************
[2026-06-13 11:44:12,622][fairseq.utils][INFO] - rank   0: capabilities =  9.0  ; total memory = 79.179 GB ; name = NVIDIA H100 80GB HBM3                   
[2026-06-13 11:44:12,622][fairseq.utils][INFO] - ***********************CUDA enviroments for all 1 workers***********************
[2026-06-13 11:44:12,623][main][INFO] - training on 1 devices (GPUs/TPUs)
[2026-06-13 11:44:12,623][main][INFO] - max tokens per device = 1000 and max sentences per device = None
[2026-06-13 11:44:12,624][trainer][INFO] - Preparing to load checkpoint checkpoints/checkpoint_last.pt
[2026-06-13 11:44:12,624][trainer][INFO] - No existing checkpoint found checkpoints/checkpoint_last.pt
[2026-06-13 11:44:13,871][trainer][INFO] - begin training epoch 1
[2026-06-13 11:44:13,871][main][INFO] - Start iterating over samples
[2026-06-13 11:46:07,523][train_inner][INFO] - {"epoch": 1, "update": 0.063, "loss": "155.051", "nll_loss": "8.515", "total": "178.305", "n_correct": "10.69", "ppl": "365.73", "accuracy": "5.995", "wps": "315.8", "ups": "1.77", "wpb": "178.3", "bsz": "10.1", "num_updates": "200", "lr": "2.98e-05", "gnorm": "93.967", "loss_scale": "128", "train_wall": "19", "gb_free": "75.7", "wall": "115"}
[2026-06-13 11:47:55,008][train_inner][INFO] - {"epoch": 1, "update": 0.126, "loss": "169.429", "nll_loss": "8.148", "total": "181.27", "n_correct": "12.31", "ppl": "283.64", "accuracy": "6.791", "wps": "337.3", "ups": "1.86", "wpb": "181.3", "bsz": "9", "num_updates": "400", "lr": "4.96e-05", "gnorm": "67.391", "loss_scale": "128", "train_wall": "14", "gb_free": "75.7", "wall": "222"}
[2026-06-13 11:49:40,973][train_inner][INFO] - {"epoch": 1, "update": 0.189, "loss": "155.765", "nll_loss": "8.024", "total": "177.86", "n_correct": "14.545", "ppl": "260.24", "accuracy": "8.178", "wps": "335.7", "ups": "1.89", "wpb": "177.9", "bsz": "9.5", "num_updates": "600", "lr": "6.94e-05", "gnorm": "53.9", "loss_scale": "128", "train_wall": "13", "gb_free": "75.7", "wall": "328"}
[2026-06-13 11:51:31,115][train_inner][INFO] - {"epoch": 1, "update": 0.252, "loss": "148.613", "nll_loss": "7.834", "total": "179.33", "n_correct": "19.8", "ppl": "228.1", "accuracy": "11.041", "wps": "325.7", "ups": "1.82", "wpb": "179.3", "bsz": "9.9", "num_updates": "800", "lr": "8.92e-05", "gnorm": "50.475", "loss_scale": "128", "train_wall": "13", "gb_free": "75.7", "wall": "438"}
[2026-06-13 11:53:16,364][train_inner][INFO] - {"epoch": 1, "update": 0.315, "loss": "152.296", "nll_loss": "7.66", "total": "176.56", "n_correct": "22.105", "ppl": "202.2", "accuracy": "12.52", "wps": "335.5", "ups": "1.9", "wpb": "176.6", "bsz": "9.3", "num_updates": "1000", "lr": "0.000109", "gnorm": "51.024", "loss_scale": "128", "train_wall": "13", "gb_free": "75.7", "wall": "544"}
[2026-06-13 11:55:02,759][train_inner][INFO] - {"epoch": 1, "update": 0.378, "loss": "149.614", "nll_loss": "7.476", "total": "177.705", "n_correct": "24.335", "ppl": "178.02", "accuracy": "13.694", "wps": "334.1", "ups": "1.88", "wpb": "177.7", "bsz": "9.3", "num_updates": "1200", "lr": "0.0001288", "gnorm": "53.004", "loss_scale": "128", "train_wall": "13", "gb_free": "75.7", "wall": "650"}
[2026-06-13 11:56:56,198][train_inner][INFO] - {"epoch": 1, "update": 0.441, "loss": "136.473", "nll_loss": "7.276", "total": "180.08", "n_correct": "27.345", "ppl": "154.99", "accuracy": "15.185", "wps": "317.5", "ups": "1.76", "wpb": "180.1", "bsz": "10.2", "num_updates": "1400", "lr": "0.0001486", "gnorm": "50.293", "loss_scale": "128", "train_wall": "14", "gb_free": "75.7", "wall": "764"}
[2026-06-13 11:58:45,892][train_inner][INFO] - {"epoch": 1, "update": 0.504, "loss": "145.058", "nll_loss": "7.203", "total": "179.95", "n_correct": "27.845", "ppl": "147.37", "accuracy": "15.474", "wps": "328.1", "ups": "1.82", "wpb": "179.9", "bsz": "9.5", "num_updates": "1600", "lr": "0.0001684", "gnorm": "50.83", "loss_scale": "128", "train_wall": "13", "gb_free": "75.7", "wall": "873"}
[2026-06-13 12:00:39,239][train_inner][INFO] - {"epoch": 1, "update": 0.567, "loss": "127.648", "nll_loss": "6.921", "total": "181.98", "n_correct": "32.525", "ppl": "121.15", "accuracy": "17.873", "wps": "321.1", "ups": "1.76", "wpb": "182", "bsz": "10.5", "num_updates": "1800", "lr": "0.0001882", "gnorm": "47.51", "loss_scale": "128", "train_wall": "13", "gb_free": "75.7", "wall": "987"}
[2026-06-13 12:02:28,134][train_inner][INFO] - {"epoch": 1, "update": 0.63, "loss": "136.326", "nll_loss": "6.86", "total": "182.14", "n_correct": "32.1", "ppl": "116.14", "accuracy": "17.624", "wps": "334.6", "ups": "1.84", "wpb": "182.1", "bsz": "9.8", "num_updates": "2000", "lr": "0.000208", "gnorm": "49.561", "loss_scale": "128", "train_wall": "13", "gb_free": "75.7", "wall": "1096"}
[2026-06-13 12:04:13,556][train_inner][INFO] - {"epoch": 1, "update": 0.693, "loss": "137.159", "nll_loss": "6.754", "total": "178.665", "n_correct": "32.23", "ppl": "107.91", "accuracy": "18.039", "wps": "339", "ups": "1.9", "wpb": "178.7", "bsz": "9.4", "num_updates": "2200", "lr": "0.0002278", "gnorm": "49.415", "loss_scale": "128", "train_wall": "13", "gb_free": "75.7", "wall": "1201"}
[2026-06-13 12:05:56,614][train_inner][INFO] - {"epoch": 1, "update": 0.756, "loss": "137.503", "nll_loss": "6.639", "total": "180.825", "n_correct": "33.595", "ppl": "99.68", "accuracy": "18.579", "wps": "351", "ups": "1.94", "wpb": "180.8", "bsz": "9.4", "num_updates": "2400", "lr": "0.0002476", "gnorm": "50.828", "loss_scale": "128", "train_wall": "12", "gb_free": "75.7", "wall": "1304"}
[2026-06-13 12:07:40,904][train_inner][INFO] - {"epoch": 1, "update": 0.819, "loss": "130.418", "nll_loss": "6.414", "total": "181.03", "n_correct": "36.295", "ppl": "85.28", "accuracy": "20.049", "wps": "347.2", "ups": "1.92", "wpb": "181", "bsz": "9.7", "num_updates": "2600", "lr": "0.0002674", "gnorm": "50.614", "loss_scale": "128", "train_wall": "13", "gb_free": "75.7", "wall": "1408"}
[2026-06-13 12:09:23,014][train_inner][INFO] - {"epoch": 1, "update": 0.882, "loss": "124.721", "nll_loss": "6.191", "total": "175.29", "n_correct": "37.325", "ppl": "73.06", "accuracy": "21.293", "wps": "343.4", "ups": "1.96", "wpb": "175.3", "bsz": "9.5", "num_updates": "2800", "lr": "0.0002872", "gnorm": "49.851", "loss_scale": "128", "train_wall": "13", "gb_free": "75.7", "wall": "1510"}
[2026-06-13 12:11:11,362][train_inner][INFO] - {"epoch": 1, "update": 0.945, "loss": "126.228", "nll_loss": "6.124", "total": "183.02", "n_correct": "39.405", "ppl": "69.77", "accuracy": "21.53", "wps": "337.9", "ups": "1.85", "wpb": "183", "bsz": "9.7", "num_updates": "3000", "lr": "0.000307", "gnorm": "50.978", "loss_scale": "128", "train_wall": "13", "gb_free": "75.7", "wall": "1619"}
[2026-06-13 12:12:51,123][main][INFO] - end of epoch 1 (average epoch stats below)
[2026-06-13 12:12:51,137][train][INFO] - {"epoch": 1, "train_loss": "140.457", "train_nll_loss": "7.129", "train_total": "179.799", "train_n_correct": "27.6873", "train_ppl": "139.98", "train_accuracy": "15.399", "train_wps": "332.7", "train_ups": "1.85", "train_wpb": "179.8", "train_bsz": "9.7", "train_num_updates": "3176", "train_lr": "0.000324424", "train_gnorm": "54.452", "train_loss_scale": "128", "train_train_wall": "213", "train_gb_free": "75.7", "train_wall": "1719"}
[2026-06-13 12:12:51,760][trainer][INFO] - begin training epoch 2
[2026-06-13 12:12:51,760][main][INFO] - Start iterating over samples
[2026-06-13 12:13:04,148][train_inner][INFO] - {"epoch": 2, "update": 1.008, "loss": "118.364", "nll_loss": "5.928", "total": "181.945", "n_correct": "42.05", "ppl": "60.89", "accuracy": "23.111", "wps": "322.7", "ups": "1.77", "wpb": "181.9", "bsz": "10.1", "num_updates": "3200", "lr": "0.0003268", "gnorm": "51.353", "loss_scale": "128", "train_wall": "13", "gb_free": "75.7", "wall": "1732"}
[2026-06-13 12:14:54,065][train_inner][INFO] - {"epoch": 2, "update": 1.071, "loss": "118.715", "nll_loss": "5.759", "total": "181.22", "n_correct": "42.64", "ppl": "54.15", "accuracy": "23.529", "wps": "329.8", "ups": "1.82", "wpb": "181.2", "bsz": "9.8", "num_updates": "3400", "lr": "0.0003466", "gnorm": "51.523", "loss_scale": "128", "train_wall": "13", "gb_free": "75.7", "wall": "1841"}
[2026-06-13 12:16:46,138][train_inner][INFO] - {"epoch": 2, "update": 1.134, "loss": "111.909", "nll_loss": "5.533", "total": "184.03", "n_correct": "47.195", "ppl": "46.31", "accuracy": "25.645", "wps": "328.4", "ups": "1.78", "wpb": "184", "bsz": "10.2", "num_updates": "3600", "lr": "0.0003664", "gnorm": "51.68", "loss_scale": "128", "train_wall": "13", "gb_free": "75.7", "wall": "1954"}
[2026-06-13 12:18:29,910][train_inner][INFO] - {"epoch": 2, "update": 1.196, "loss": "119.032", "nll_loss": "5.412", "total": "177.94", "n_correct": "46.32", "ppl": "42.57", "accuracy": "26.031", "wps": "343", "ups": "1.93", "wpb": "177.9", "bsz": "9.1", "num_updates": "3800", "lr": "0.0003862", "gnorm": "55.092", "loss_scale": "128", "train_wall": "13", "gb_free": "75.7", "wall": "2057"}
[2026-06-13 12:20:13,544][train_inner][INFO] - {"epoch": 2, "update": 1.259, "loss": "110.943", "nll_loss": "5.145", "total": "176.96", "n_correct": "50.11", "ppl": "35.39", "accuracy": "28.317", "wps": "341.5", "ups": "1.93", "wpb": "177", "bsz": "9.4", "num_updates": "4000", "lr": "0.000406", "gnorm": "57.364", "loss_scale": "128", "train_wall": "13", "gb_free": "75.7", "wall": "2161"}
[2026-06-13 12:21:58,325][train_inner][INFO] - {"epoch": 2, "update": 1.322, "loss": "110.542", "nll_loss": "4.93", "total": "182.315", "n_correct": "55.08", "ppl": "30.48", "accuracy": "30.211", "wps": "348", "ups": "1.91", "wpb": "182.3", "bsz": "9.4", "num_updates": "4200", "lr": "0.0004258", "gnorm": "58.602", "loss_scale": "128", "train_wall": "13", "gb_free": "75.7", "wall": "2266"}
[2026-06-13 12:23:49,617][train_inner][INFO] - {"epoch": 2, "update": 1.385, "loss": "95.274", "nll_loss": "4.598", "total": "178.705", "n_correct": "60.08", "ppl": "24.22", "accuracy": "33.62", "wps": "321.2", "ups": "1.8", "wpb": "178.7", "bsz": "10.2", "num_updates": "4400", "lr": "0.0004456", "gnorm": "57.907", "loss_scale": "128", "train_wall": "12", "gb_free": "75.7", "wall": "2377"}
[2026-06-13 12:25:41,705][train_inner][INFO] - {"epoch": 2, "update": 1.448, "loss": "89.448", "nll_loss": "4.369", "total": "182.91", "n_correct": "66.765", "ppl": "20.66", "accuracy": "36.502", "wps": "326.4", "ups": "1.78", "wpb": "182.9", "bsz": "10.7", "num_updates": "4600", "lr": "0.0004654", "gnorm": "55.248", "loss_scale": "128", "train_wall": "13", "gb_free": "75.7", "wall": "2489"}
[2026-06-13 12:27:28,335][train_inner][INFO] - {"epoch": 2, "update": 1.511, "loss": "95.209", "nll_loss": "4.322", "total": "178.54", "n_correct": "65.055", "ppl": "20.01", "accuracy": "36.437", "wps": "334.9", "ups": "1.88", "wpb": "178.5", "bsz": "9.7", "num_updates": "4800", "lr": "0.0004852", "gnorm": "56.35", "loss_scale": "128", "train_wall": "13", "gb_free": "75.7", "wall": "2596"}
[2026-06-13 12:29:16,279][train_inner][INFO] - {"epoch": 2, "update": 1.574, "loss": "91.008", "nll_loss": "4.155", "total": "181.955", "n_correct": "70.39", "ppl": "17.82", "accuracy": "38.685", "wps": "337.2", "ups": "1.85", "wpb": "182", "bsz": "10.1", "num_updates": "5000", "lr": "0.000505", "gnorm": "55.056", "loss_scale": "128", "train_wall": "13", "gb_free": "75.7", "wall": "2704"}
[2026-06-13 12:31:03,727][train_inner][INFO] - {"epoch": 2, "update": 1.637, "loss": "86.777", "nll_loss": "4.004", "total": "178.205", "n_correct": "71.265", "ppl": "16.04", "accuracy": "39.99", "wps": "331.7", "ups": "1.86", "wpb": "178.2", "bsz": "10.1", "num_updates": "5200", "lr": "0.0005248", "gnorm": "53.399", "loss_scale": "128", "train_wall": "12", "gb_free": "75.7", "wall": "2811"}
[2026-06-13 12:32:43,301][train_inner][INFO] - {"epoch": 2, "update": 1.7, "loss": "83.463", "nll_loss": "3.847", "total": "177.005", "n_correct": "75.075", "ppl": "14.39", "accuracy": "42.414", "wps": "355.6", "ups": "2.01", "wpb": "177", "bsz": "10.1", "num_updates": "5400", "lr": "0.0005446", "gnorm": "52.308", "loss_scale": "128", "train_wall": "13", "gb_free": "75.7", "wall": "2911"}
[2026-06-13 12:34:07,053][train_inner][INFO] - {"epoch": 2, "update": 1.763, "loss": "100.379", "nll_loss": "3.945", "total": "181.805", "n_correct": "74.73", "ppl": "15.4", "accuracy": "41.104", "wps": "434.2", "ups": "2.39", "wpb": "181.8", "bsz": "8.8", "num_updates": "5600", "lr": "0.0005644", "gnorm": "57.948", "loss_scale": "128", "train_wall": "12", "gb_free": "75.7", "wall": "2994"}
[2026-06-13 12:35:34,599][train_inner][INFO] - {"epoch": 2, "update": 1.826, "loss": "93.693", "nll_loss": "3.718", "total": "179.055", "n_correct": "78.92", "ppl": "13.16", "accuracy": "44.076", "wps": "409.1", "ups": "2.28", "wpb": "179.1", "bsz": "8.9", "num_updates": "5800", "lr": "0.0005842", "gnorm": "55.136", "loss_scale": "128", "train_wall": "12", "gb_free": "75.7", "wall": "3082"}
[2026-06-13 12:37:01,335][train_inner][INFO] - {"epoch": 2, "update": 1.889, "loss": "90.662", "nll_loss": "3.647", "total": "178.135", "n_correct": "80.43", "ppl": "12.52", "accuracy": "45.151", "wps": "410.8", "ups": "2.31", "wpb": "178.1", "bsz": "9.1", "num_updates": "6000", "lr": "0.000604", "gnorm": "53.695", "loss_scale": "128", "train_wall": "12", "gb_free": "75.7", "wall": "3169"}
[2026-06-13 12:38:30,344][train_inner][INFO] - {"epoch": 2, "update": 1.952, "loss": "81.549", "nll_loss": "3.443", "total": "180.595", "n_correct": "86.17", "ppl": "10.88", "accuracy": "47.714", "wps": "405.8", "ups": "2.25", "wpb": "180.6", "bsz": "9.8", "num_updates": "6200", "lr": "0.0006238", "gnorm": "49.556", "loss_scale": "128", "train_wall": "12", "gb_free": "75.7", "wall": "3258"}
[2026-06-13 12:39:35,888][main][INFO] - begin validation on "valid" subset
[2026-06-13 12:40:34,118][valid][INFO] - {"epoch": 2, "valid_loss": "79.477", "valid_nll_loss": "3.166", "valid_total": "178.205", "valid_n_correct": "90.2283", "valid_ppl": "8.97", "valid_accuracy": "50.632", "valid_wps": "393.1", "valid_wpb": "178.2", "valid_bsz": "9.4", "valid_num_updates": "6352"}
[2026-06-13 12:40:34,119][fairseq.checkpoint_utils][INFO] - Preparing to save checkpoint for epoch 2 @ 6352 updates
[2026-06-13 12:40:34,119][trainer][INFO] - Saving checkpoint to checkpoints/checkpoint_best.pt
[2026-06-13 12:40:38,486][trainer][INFO] - Finished saving checkpoint to checkpoints/checkpoint_best.pt
[2026-06-13 12:40:43,164][fairseq.checkpoint_utils][INFO] - Saved checkpoint checkpoints/checkpoint_best.pt (epoch 2 @ 6352 updates, score 50.632) (writing took 9.045086683006957 seconds)
[2026-06-13 12:40:43,164][main][INFO] - end of epoch 2 (average epoch stats below)
[2026-06-13 12:40:43,179][train][INFO] - {"epoch": 2, "train_loss": "97.728", "train_nll_loss": "4.416", "train_total": "179.799", "train_n_correct": "65.5548", "train_ppl": "21.35", "train_accuracy": "36.46", "train_wps": "341.5", "train_ups": "1.9", "train_wpb": "179.8", "train_bsz": "9.7", "train_num_updates": "6352", "train_lr": "0.000638848", "train_gnorm": "54.387", "train_loss_scale": "128", "train_train_wall": "200", "train_gb_free": "75.7", "train_wall": "3391"}
[2026-06-13 12:40:43,757][trainer][INFO] - begin training epoch 3
[2026-06-13 12:40:43,757][main][INFO] - Start iterating over samples
[2026-06-13 12:41:08,933][train_inner][INFO] - {"epoch": 3, "update": 2.015, "loss": "79.956", "nll_loss": "3.325", "total": "177.825", "n_correct": "87.725", "ppl": "10.02", "accuracy": "49.332", "wps": "224.3", "ups": "1.26", "wpb": "177.8", "bsz": "9.6", "num_updates": "6400", "lr": "0.0006436", "gnorm": "48.566", "loss_scale": "128", "train_wall": "13", "gb_free": "75.7", "wall": "3416"}
[2026-06-13 12:42:46,416][train_inner][INFO] - {"epoch": 3, "update": 2.078, "loss": "76.551", "nll_loss": "3.167", "total": "183.205", "n_correct": "93.845", "ppl": "8.98", "accuracy": "51.224", "wps": "375.9", "ups": "2.05", "wpb": "183.2", "bsz": "10.1", "num_updates": "6600", "lr": "0.0006634", "gnorm": "47.446", "loss_scale": "128", "train_wall": "13", "gb_free": "75.7", "wall": "3514"}
[2026-06-13 12:44:19,835][train_inner][INFO] - {"epoch": 3, "update": 2.141, "loss": "75.132", "nll_loss": "3.085", "total": "177.205", "n_correct": "93.07", "ppl": "8.48", "accuracy": "52.521", "wps": "379.4", "ups": "2.14", "wpb": "177.2", "bsz": "9.8", "num_updates": "6800", "lr": "0.0006832", "gnorm": "46.935", "loss_scale": "128", "train_wall": "12", "gb_free": "75.7", "wall": "3607"}
[2026-06-13 12:46:11,000][train_inner][INFO] - {"epoch": 3, "update": 2.204, "loss": "74.542", "nll_loss": "3.08", "total": "178.395", "n_correct": "93.79", "ppl": "8.45", "accuracy": "52.574", "wps": "321", "ups": "1.8", "wpb": "178.4", "bsz": "9.9", "num_updates": "7000", "lr": "0.000703", "gnorm": "44.188", "loss_scale": "128", "train_wall": "13", "gb_free": "75.7", "wall": "3718"}
[2026-06-13 12:48:08,384][train_inner][INFO] - {"epoch": 3, "update": 2.267, "loss": "78.715", "nll_loss": "3.054", "total": "185.385", "n_correct": "99.01", "ppl": "8.3", "accuracy": "53.408", "wps": "315.9", "ups": "1.7", "wpb": "185.4", "bsz": "9.7", "num_updates": "7200", "lr": "0.0007228", "gnorm": "47.435", "loss_scale": "128", "train_wall": "13", "gb_free": "75.7", "wall": "3836"}
[2026-06-13 12:49:38,921][train_inner][INFO] - {"epoch": 3, "update": 2.33, "loss": "77.381", "nll_loss": "2.926", "total": "178.965", "n_correct": "98.825", "ppl": "7.6", "accuracy": "55.22", "wps": "395.4", "ups": "2.21", "wpb": "179", "bsz": "9.2", "num_updates": "7400", "lr": "0.0007426", "gnorm": "42.961", "loss_scale": "128", "train_wall": "13", "gb_free": "75.7", "wall": "3926"}
[2026-06-13 12:51:12,153][train_inner][INFO] - {"epoch": 3, "update": 2.393, "loss": "74.137", "nll_loss": "2.934", "total": "183.475", "n_correct": "101.355", "ppl": "7.64", "accuracy": "55.242", "wps": "393.6", "ups": "2.15", "wpb": "183.5", "bsz": "9.9", "num_updates": "7600", "lr": "0.0007624", "gnorm": "42.987", "loss_scale": "128", "train_wall": "12", "gb_free": "75.7", "wall": "4020"}
[2026-06-13 12:52:42,609][train_inner][INFO] - {"epoch": 3, "update": 2.456, "loss": "75.832", "nll_loss": "2.808", "total": "179.125", "n_correct": "102.46", "ppl": "7", "accuracy": "57.2", "wps": "396.1", "ups": "2.21", "wpb": "179.1", "bsz": "9.2", "num_updates": "7800", "lr": "0.0007822", "gnorm": "42.524", "loss_scale": "128", "train_wall": "12", "gb_free": "75.7", "wall": "4110"}
[2026-06-13 12:54:19,194][train_inner][INFO] - {"epoch": 3, "update": 2.519, "loss": "70.268", "nll_loss": "2.757", "total": "182.37", "n_correct": "105.38", "ppl": "6.76", "accuracy": "57.784", "wps": "377.7", "ups": "2.07", "wpb": "182.4", "bsz": "10", "num_updates": "8000", "lr": "0.000802", "gnorm": "41.12", "loss_scale": "128", "train_wall": "12", "gb_free": "75.7", "wall": "4207"}
[2026-06-13 12:55:48,581][train_inner][INFO] - {"epoch": 3, "update": 2.582, "loss": "70.281", "nll_loss": "2.693", "total": "179.46", "n_correct": "105.195", "ppl": "6.47", "accuracy": "58.618", "wps": "401.6", "ups": "2.24", "wpb": "179.5", "bsz": "9.7", "num_updates": "8200", "lr": "0.0008218", "gnorm": "39.366", "loss_scale": "128", "train_wall": "12", "gb_free": "75.7", "wall": "4296"}
[2026-06-13 12:57:17,614][train_inner][INFO] - {"epoch": 3, "update": 2.645, "loss": "69.524", "nll_loss": "2.66", "total": "178.09", "n_correct": "105.665", "ppl": "6.32", "accuracy": "59.332", "wps": "400.1", "ups": "2.25", "wpb": "178.1", "bsz": "9.6", "num_updates": "8400", "lr": "0.0008416", "gnorm": "38.029", "loss_scale": "128", "train_wall": "12", "gb_free": "75.7", "wall": "4385"}
[2026-06-13 12:58:50,749][train_inner][INFO] - {"epoch": 3, "update": 2.708, "loss": "72.293", "nll_loss": "2.588", "total": "177.395", "n_correct": "107.365", "ppl": "6.01", "accuracy": "60.523", "wps": "381", "ups": "2.15", "wpb": "177.4", "bsz": "9.1", "num_updates": "8600", "lr": "0.0008614", "gnorm": "38.519", "loss_scale": "128", "train_wall": "12", "gb_free": "75.7", "wall": "4478"}
[2026-06-13 13:00:23,148][train_inner][INFO] - {"epoch": 3, "update": 2.771, "loss": "67.113", "nll_loss": "2.527", "total": "181.54", "n_correct": "111.865", "ppl": "5.76", "accuracy": "61.62", "wps": "393", "ups": "2.16", "wpb": "181.5", "bsz": "9.9", "num_updates": "8800", "lr": "0.0008812", "gnorm": "37.139", "loss_scale": "128", "train_wall": "12", "gb_free": "75.7", "wall": "4571"}
[2026-06-13 13:01:50,923][train_inner][INFO] - {"epoch": 3, "update": 2.834, "loss": "62.727", "nll_loss": "2.435", "total": "175.895", "n_correct": "110.835", "ppl": "5.41", "accuracy": "63.012", "wps": "400.8", "ups": "2.28", "wpb": "175.9", "bsz": "10", "num_updates": "9000", "lr": "0.000901", "gnorm": "34.749", "loss_scale": "128", "train_wall": "12", "gb_free": "75.7", "wall": "4658"}
[2026-06-13 13:03:16,581][train_inner][INFO] - {"epoch": 3, "update": 2.897, "loss": "65.916", "nll_loss": "2.46", "total": "178.905", "n_correct": "112.095", "ppl": "5.5", "accuracy": "62.656", "wps": "417.8", "ups": "2.34", "wpb": "178.9", "bsz": "9.7", "num_updates": "9200", "lr": "0.0009208", "gnorm": "35.203", "loss_scale": "128", "train_wall": "12", "gb_free": "75.7", "wall": "4744"}
[2026-06-13 13:04:43,461][train_inner][INFO] - {"epoch": 3, "update": 2.96, "loss": "64.269", "nll_loss": "2.341", "total": "179", "n_correct": "115.55", "ppl": "5.07", "accuracy": "64.553", "wps": "412.1", "ups": "2.3", "wpb": "179", "bsz": "9.7", "num_updates": "9400", "lr": "0.0009406", "gnorm": "34.335", "loss_scale": "128", "train_wall": "12", "gb_free": "75.7", "wall": "4831"}
[2026-06-13 13:05:39,209][main][INFO] - end of epoch 3 (average epoch stats below)
[2026-06-13 13:05:39,219][train][INFO] - {"epoch": 3, "train_loss": "71.351", "train_nll_loss": "2.756", "train_total": "179.799", "train_n_correct": "104.07", "train_ppl": "6.76", "train_accuracy": "57.881", "train_wps": "381.7", "train_ups": "2.12", "train_wpb": "179.8", "train_bsz": "9.7", "train_num_updates": "9528", "train_lr": "0.000953272", "train_gnorm": "40.684", "train_loss_scale": "128", "train_train_wall": "195", "train_gb_free": "75.7", "train_wall": "4887"}
[2026-06-13 13:05:39,893][trainer][INFO] - begin training epoch 4
[2026-06-13 13:05:39,893][main][INFO] - Start iterating over samples
[2026-06-13 13:06:12,529][train_inner][INFO] - {"epoch": 4, "update": 3.023, "loss": "58.842", "nll_loss": "2.212", "total": "176.035", "n_correct": "117.05", "ppl": "4.63", "accuracy": "66.492", "wps": "395.3", "ups": "2.25", "wpb": "176", "bsz": "10.1", "num_updates": "9600", "lr": "0.0009604", "gnorm": "32.041", "loss_scale": "128", "train_wall": "12", "gb_free": "75.7", "wall": "4920"}
[2026-06-13 13:07:43,235][train_inner][INFO] - {"epoch": 4, "update": 3.086, "loss": "57.034", "nll_loss": "2.119", "total": "178.395", "n_correct": "120.325", "ppl": "4.34", "accuracy": "67.449", "wps": "393.4", "ups": "2.21", "wpb": "178.4", "bsz": "10.3", "num_updates": "9800", "lr": "0.0009802", "gnorm": "30.053", "loss_scale": "128", "train_wall": "12", "gb_free": "75.7", "wall": "5011"}
[2026-06-13 13:09:06,329][train_inner][INFO] - {"epoch": 4, "update": 3.149, "loss": "64.099", "nll_loss": "2.105", "total": "177.085", "n_correct": "119.455", "ppl": "4.3", "accuracy": "67.456", "wps": "426.3", "ups": "2.41", "wpb": "177.1", "bsz": "9.1", "num_updates": "10000", "lr": "0.001", "gnorm": "32.871", "loss_scale": "128", "train_wall": "12", "gb_free": "75.7", "wall": "5094"}
[2026-06-13 13:10:35,882][train_inner][INFO] - {"epoch": 4, "update": 3.212, "loss": "57.04", "nll_loss": "2.051", "total": "176.615", "n_correct": "121.545", "ppl": "4.14", "accuracy": "68.819", "wps": "394.5", "ups": "2.23", "wpb": "176.6", "bsz": "10", "num_updates": "10200", "lr": "0.000970487", "gnorm": "29.455", "loss_scale": "128", "train_wall": "12", "gb_free": "75.7", "wall": "5183"}
[2026-06-13 13:12:09,530][train_inner][INFO] - {"epoch": 4, "update": 3.275, "loss": "60.377", "nll_loss": "2.041", "total": "179.855", "n_correct": "123.995", "ppl": "4.12", "accuracy": "68.942", "wps": "384.1", "ups": "2.14", "wpb": "179.9", "bsz": "9.6", "num_updates": "10400", "lr": "0.000941845", "gnorm": "30.263", "loss_scale": "128", "train_wall": "12", "gb_free": "75.7", "wall": "5277"}
[2026-06-13 13:13:44,655][train_inner][INFO] - {"epoch": 4, "update": 3.338, "loss": "62.164", "nll_loss": "1.952", "total": "179.76", "n_correct": "126.2", "ppl": "3.87", "accuracy": "70.205", "wps": "378", "ups": "2.1", "wpb": "179.8", "bsz": "9.1", "num_updates": "10600", "lr": "0.000914048", "gnorm": "30.276", "loss_scale": "128", "train_wall": "13", "gb_free": "75.7", "wall": "5372"}
[2026-06-13 13:15:17,765][train_inner][INFO] - {"epoch": 4, "update": 3.401, "loss": "56.768", "nll_loss": "1.893", "total": "177.71", "n_correct": "126.325", "ppl": "3.71", "accuracy": "71.085", "wps": "381.8", "ups": "2.15", "wpb": "177.7", "bsz": "9.7", "num_updates": "10800", "lr": "0.000887072", "gnorm": "28.287", "loss_scale": "128", "train_wall": "13", "gb_free": "75.7", "wall": "5465"}
[2026-06-13 13:16:53,761][train_inner][INFO] - {"epoch": 4, "update": 3.463, "loss": "57.89", "nll_loss": "1.866", "total": "182.28", "n_correct": "130.61", "ppl": "3.65", "accuracy": "71.654", "wps": "379.8", "ups": "2.08", "wpb": "182.3", "bsz": "9.7", "num_updates": "11000", "lr": "0.000860892", "gnorm": "29.041", "loss_scale": "128", "train_wall": "13", "gb_free": "75.7", "wall": "5561"}
[2026-06-13 13:18:29,864][train_inner][INFO] - {"epoch": 4, "update": 3.526, "loss": "59.928", "nll_loss": "1.83", "total": "181.47", "n_correct": "131", "ppl": "3.56", "accuracy": "72.188", "wps": "377.7", "ups": "2.08", "wpb": "181.5", "bsz": "9.2", "num_updates": "11200", "lr": "0.000835484", "gnorm": "28.472", "loss_scale": "128", "train_wall": "13", "gb_free": "75.7", "wall": "5657"}
[2026-06-13 13:20:08,250][train_inner][INFO] - {"epoch": 4, "update": 3.589, "loss": "54.516", "nll_loss": "1.717", "total": "181.29", "n_correct": "134.09", "ppl": "3.29", "accuracy": "73.964", "wps": "368.6", "ups": "2.03", "wpb": "181.3", "bsz": "9.8", "num_updates": "11400", "lr": "0.000810826", "gnorm": "27.065", "loss_scale": "128", "train_wall": "13", "gb_free": "75.7", "wall": "5756"}
[2026-06-13 13:21:45,605][train_inner][INFO] - {"epoch": 4, "update": 3.652, "loss": "56.699", "nll_loss": "1.717", "total": "180.505", "n_correct": "133.675", "ppl": "3.29", "accuracy": "74.056", "wps": "370.9", "ups": "2.05", "wpb": "180.5", "bsz": "9.3", "num_updates": "11600", "lr": "0.000786896", "gnorm": "28.319", "loss_scale": "128", "train_wall": "13", "gb_free": "75.7", "wall": "5853"}
[2026-06-13 13:23:19,914][train_inner][INFO] - {"epoch": 4, "update": 3.715, "loss": "55.445", "nll_loss": "1.642", "total": "179.3", "n_correct": "134.595", "ppl": "3.12", "accuracy": "75.067", "wps": "380.3", "ups": "2.12", "wpb": "179.3", "bsz": "9.3", "num_updates": "11800", "lr": "0.000763673", "gnorm": "26.039", "loss_scale": "128", "train_wall": "13", "gb_free": "75.7", "wall": "5947"}
[2026-06-13 13:24:59,191][train_inner][INFO] - {"epoch": 4, "update": 3.778, "loss": "55.571", "nll_loss": "1.638", "total": "183.885", "n_correct": "138.245", "ppl": "3.11", "accuracy": "75.18", "wps": "370.5", "ups": "2.01", "wpb": "183.9", "bsz": "9.5", "num_updates": "12000", "lr": "0.000741134", "gnorm": "28.495", "loss_scale": "128", "train_wall": "13", "gb_free": "75.7", "wall": "6047"}
[2026-06-13 13:26:44,572][train_inner][INFO] - {"epoch": 4, "update": 3.841, "loss": "44.843", "nll_loss": "1.477", "total": "181.22", "n_correct": "140.915", "ppl": "2.78", "accuracy": "77.759", "wps": "344", "ups": "1.9", "wpb": "181.2", "bsz": "11", "num_updates": "12200", "lr": "0.000719261", "gnorm": "23.094", "loss_scale": "128", "train_wall": "13", "gb_free": "75.7", "wall": "6152"}
[2026-06-13 13:28:24,398][train_inner][INFO] - {"epoch": 4, "update": 3.904, "loss": "50.797", "nll_loss": "1.556", "total": "181.525", "n_correct": "138.955", "ppl": "2.94", "accuracy": "76.549", "wps": "363.7", "ups": "2", "wpb": "181.5", "bsz": "10", "num_updates": "12400", "lr": "0.000698034", "gnorm": "24.953", "loss_scale": "128", "train_wall": "13", "gb_free": "75.7", "wall": "6252"}
[2026-06-13 13:30:19,235][train_inner][INFO] - {"epoch": 4, "update": 3.967, "loss": "52.901", "nll_loss": "1.502", "total": "180.67", "n_correct": "139.595", "ppl": "2.83", "accuracy": "77.265", "wps": "314.7", "ups": "1.74", "wpb": "180.7", "bsz": "9.4", "num_updates": "12600", "lr": "0.000677433", "gnorm": "24.931", "loss_scale": "128", "train_wall": "12", "gb_free": "75.7", "wall": "6367"}
[2026-06-13 13:31:34,093][main][INFO] - begin validation on "valid" subset
[2026-06-13 13:33:13,603][valid][INFO] - {"epoch": 4, "valid_loss": "47.224", "valid_nll_loss": "1.165", "valid_total": "178.205", "valid_n_correct": "145.307", "valid_ppl": "2.24", "valid_accuracy": "81.539", "valid_wps": "230.2", "valid_wpb": "178.2", "valid_bsz": "9.4", "valid_num_updates": "12704", "valid_best_accuracy": "81.539"}
[2026-06-13 13:33:13,604][fairseq.checkpoint_utils][INFO] - Preparing to save checkpoint for epoch 4 @ 12704 updates
[2026-06-13 13:33:13,605][trainer][INFO] - Saving checkpoint to checkpoints/checkpoint_best.pt
[2026-06-13 13:33:18,336][trainer][INFO] - Finished saving checkpoint to checkpoints/checkpoint_best.pt
[2026-06-13 13:33:23,722][fairseq.checkpoint_utils][INFO] - Saved checkpoint checkpoints/checkpoint_best.pt (epoch 4 @ 12704 updates, score 81.539) (writing took 10.118036748026498 seconds)
[2026-06-13 13:33:23,723][main][INFO] - end of epoch 4 (average epoch stats below)
[2026-06-13 13:33:23,737][train][INFO] - {"epoch": 4, "train_loss": "55.842", "train_nll_loss": "1.799", "train_total": "179.799", "train_n_correct": "130.619", "train_ppl": "3.48", "train_accuracy": "72.647", "train_wps": "343.1", "train_ups": "1.91", "train_wpb": "179.8", "train_bsz": "9.7", "train_num_updates": "12704", "train_lr": "0.000666961", "train_gnorm": "27.99", "train_loss_scale": "128", "train_train_wall": "199", "train_gb_free": "75.7", "train_wall": "6551"}
[2026-06-13 13:33:24,449][trainer][INFO] - begin training epoch 5
[2026-06-13 13:33:24,449][main][INFO] - Start iterating over samples
[2026-06-13 13:34:35,077][train_inner][INFO] - {"epoch": 5, "update": 4.03, "loss": "47.298", "nll_loss": "1.373", "total": "176.29", "n_correct": "140.145", "ppl": "2.59", "accuracy": "79.497", "wps": "137.8", "ups": "0.78", "wpb": "176.3", "bsz": "9.8", "num_updates": "12800", "lr": "0.00065744", "gnorm": "22.565", "loss_scale": "128", "train_wall": "13", "gb_free": "75.7", "wall": "6622"}
[2026-06-13 13:36:44,929][train_inner][INFO] - {"epoch": 5, "update": 4.093, "loss": "49.761", "nll_loss": "1.302", "total": "178.905", "n_correct": "143.925", "ppl": "2.47", "accuracy": "80.448", "wps": "275.6", "ups": "1.54", "wpb": "178.9", "bsz": "9.2", "num_updates": "13000", "lr": "0.000638036", "gnorm": "23.183", "loss_scale": "128", "train_wall": "13", "gb_free": "75.7", "wall": "6752"}
[2026-06-13 13:38:50,297][train_inner][INFO] - {"epoch": 5, "update": 4.156, "loss": "47.981", "nll_loss": "1.273", "total": "181.26", "n_correct": "146.735", "ppl": "2.42", "accuracy": "80.953", "wps": "289.2", "ups": "1.6", "wpb": "181.3", "bsz": "9.6", "num_updates": "13200", "lr": "0.000619206", "gnorm": "22.591", "loss_scale": "128", "train_wall": "12", "gb_free": "75.7", "wall": "6878"}
[2026-06-13 13:41:41,461][train_inner][INFO] - {"epoch": 5, "update": 4.219, "loss": "48.267", "nll_loss": "1.259", "total": "180.4", "n_correct": "145.985", "ppl": "2.39", "accuracy": "80.923", "wps": "210.8", "ups": "1.17", "wpb": "180.4", "bsz": "9.5", "num_updates": "13400", "lr": "0.000600931", "gnorm": "22.642", "loss_scale": "128", "train_wall": "13", "gb_free": "75.7", "wall": "7049"}
[2026-06-13 13:44:34,713][train_inner][INFO] - {"epoch": 5, "update": 4.282, "loss": "45.345", "nll_loss": "1.261", "total": "181.74", "n_correct": "147.36", "ppl": "2.4", "accuracy": "81.083", "wps": "209.8", "ups": "1.15", "wpb": "181.7", "bsz": "10.2", "num_updates": "13600", "lr": "0.000583196", "gnorm": "21.662", "loss_scale": "128", "train_wall": "14", "gb_free": "75.7", "wall": "7222"}
[2026-06-13 13:47:02,725][train_inner][INFO] - {"epoch": 5, "update": 4.345, "loss": "44.815", "nll_loss": "1.228", "total": "182.53", "n_correct": "149.14", "ppl": "2.34", "accuracy": "81.707", "wps": "246.7", "ups": "1.35", "wpb": "182.5", "bsz": "10.2", "num_updates": "13800", "lr": "0.000565984", "gnorm": "22.144", "loss_scale": "128", "train_wall": "12", "gb_free": "75.7", "wall": "7370"}
[2026-06-13 13:49:19,340][train_inner][INFO] - {"epoch": 5, "update": 4.408, "loss": "47.598", "nll_loss": "1.205", "total": "185.455", "n_correct": "152.065", "ppl": "2.31", "accuracy": "81.996", "wps": "271.6", "ups": "1.46", "wpb": "185.5", "bsz": "9.7", "num_updates": "14000", "lr": "0.00054928", "gnorm": "22.721", "loss_scale": "128", "train_wall": "12", "gb_free": "75.7", "wall": "7507"}
[2026-06-13 13:51:31,531][train_inner][INFO] - {"epoch": 5, "update": 4.471, "loss": "48.44", "nll_loss": "1.21", "total": "176.07", "n_correct": "144.535", "ppl": "2.31", "accuracy": "82.09", "wps": "266.4", "ups": "1.51", "wpb": "176.1", "bsz": "9", "num_updates": "14200", "lr": "0.000533069", "gnorm": "23.214", "loss_scale": "128", "train_wall": "12", "gb_free": "75.7", "wall": "7639"}
[2026-06-13 13:54:38,700][train_inner][INFO] - {"epoch": 5, "update": 4.534, "loss": "40.935", "nll_loss": "1.168", "total": "177.155", "n_correct": "146.515", "ppl": "2.25", "accuracy": "82.704", "wps": "189.3", "ups": "1.07", "wpb": "177.2", "bsz": "10.6", "num_updates": "14400", "lr": "0.000517337", "gnorm": "19.407", "loss_scale": "128", "train_wall": "14", "gb_free": "75.7", "wall": "7826"}
[2026-06-13 13:57:12,487][train_inner][INFO] - {"epoch": 5, "update": 4.597, "loss": "43.696", "nll_loss": "1.18", "total": "182.485", "n_correct": "150.935", "ppl": "2.27", "accuracy": "82.711", "wps": "237.3", "ups": "1.3", "wpb": "182.5", "bsz": "10.3", "num_updates": "14600", "lr": "0.000502069", "gnorm": "21.426", "loss_scale": "128", "train_wall": "13", "gb_free": "75.7", "wall": "7980"}
[2026-06-13 13:59:41,253][train_inner][INFO] - {"epoch": 5, "update": 4.66, "loss": "45.647", "nll_loss": "1.167", "total": "179.22", "n_correct": "148.36", "ppl": "2.24", "accuracy": "82.781", "wps": "241", "ups": "1.34", "wpb": "179.2", "bsz": "9.6", "num_updates": "14800", "lr": "0.000487251", "gnorm": "21.791", "loss_scale": "128", "train_wall": "13", "gb_free": "75.7", "wall": "8129"}
[2026-06-13 14:01:56,491][train_inner][INFO] - {"epoch": 5, "update": 4.723, "loss": "43.091", "nll_loss": "1.106", "total": "179.57", "n_correct": "150.375", "ppl": "2.15", "accuracy": "83.742", "wps": "265.6", "ups": "1.48", "wpb": "179.6", "bsz": "10", "num_updates": "15000", "lr": "0.000472871", "gnorm": "20.765", "loss_scale": "128", "train_wall": "13", "gb_free": "75.7", "wall": "8264"}
[2026-06-13 14:04:30,958][train_inner][INFO] - {"epoch": 5, "update": 4.786, "loss": "45.719", "nll_loss": "1.121", "total": "177.655", "n_correct": "148.21", "ppl": "2.18", "accuracy": "83.426", "wps": "230", "ups": "1.29", "wpb": "177.7", "bsz": "9.3", "num_updates": "15200", "lr": "0.000458915", "gnorm": "21.813", "loss_scale": "128", "train_wall": "14", "gb_free": "75.7", "wall": "8418"}
[2026-06-13 14:06:54,143][train_inner][INFO] - {"epoch": 5, "update": 4.849, "loss": "45.78", "nll_loss": "1.142", "total": "179.6", "n_correct": "149.235", "ppl": "2.21", "accuracy": "83.093", "wps": "250.9", "ups": "1.4", "wpb": "179.6", "bsz": "9.5", "num_updates": "15400", "lr": "0.000445371", "gnorm": "21.905", "loss_scale": "128", "train_wall": "12", "gb_free": "75.7", "wall": "8562"}
[2026-06-13 14:08:56,118][train_inner][INFO] - {"epoch": 5, "update": 4.912, "loss": "48.06", "nll_loss": "1.11", "total": "178.735", "n_correct": "149.94", "ppl": "2.16", "accuracy": "83.89", "wps": "293.1", "ups": "1.64", "wpb": "178.7", "bsz": "8.9", "num_updates": "15600", "lr": "0.000432227", "gnorm": "21.911", "loss_scale": "128", "train_wall": "12", "gb_free": "75.7", "wall": "8683"}
[2026-06-13 14:11:01,909][train_inner][INFO] - {"epoch": 5, "update": 4.975, "loss": "42.43", "nll_loss": "1.084", "total": "179.115", "n_correct": "150.63", "ppl": "2.12", "accuracy": "84.097", "wps": "284.8", "ups": "1.59", "wpb": "179.1", "bsz": "10", "num_updates": "15800", "lr": "0.00041947", "gnorm": "20.582", "loss_scale": "128", "train_wall": "12", "gb_free": "75.7", "wall": "8809"}
[2026-06-13 14:11:43,202][main][INFO] - end of epoch 5 (average epoch stats below)
[2026-06-13 14:11:43,211][train][INFO] - {"epoch": 5, "train_loss": "45.764", "train_nll_loss": "1.189", "train_total": "179.799", "train_n_correct": "148.102", "train_ppl": "2.28", "train_accuracy": "82.371", "train_wps": "248.3", "train_ups": "1.38", "train_wpb": "179.8", "train_bsz": "9.7", "train_num_updates": "15880", "train_lr": "0.000414474", "train_gnorm": "21.823", "train_loss_scale": "128", "train_train_wall": "201", "train_gb_free": "75.7", "train_wall": "8851"}
[2026-06-13 14:11:43,842][trainer][INFO] - begin training epoch 6
[2026-06-13 14:11:43,842][main][INFO] - Start iterating over samples
[2026-06-13 14:12:58,507][train_inner][INFO] - {"epoch": 6, "update": 5.038, "loss": "42", "nll_loss": "0.982", "total": "179.67", "n_correct": "154.1", "ppl": "1.98", "accuracy": "85.768", "wps": "308.2", "ups": "1.72", "wpb": "179.7", "bsz": "9.8", "num_updates": "16000", "lr": "0.000407091", "gnorm": "19.023", "loss_scale": "128", "train_wall": "13", "gb_free": "75.7", "wall": "8926"}
[2026-06-13 14:15:12,451][train_inner][INFO] - {"epoch": 6, "update": 5.101, "loss": "40.878", "nll_loss": "0.94", "total": "181.555", "n_correct": "156.505", "ppl": "1.92", "accuracy": "86.203", "wps": "271.1", "ups": "1.49", "wpb": "181.6", "bsz": "10", "num_updates": "16200", "lr": "0.000395076", "gnorm": "20.146", "loss_scale": "128", "train_wall": "13", "gb_free": "75.7", "wall": "9060"}
[2026-06-13 14:17:41,256][train_inner][INFO] - {"epoch": 6, "update": 5.164, "loss": "44.198", "nll_loss": "0.94", "total": "176.39", "n_correct": "152.485", "ppl": "1.92", "accuracy": "86.448", "wps": "237.1", "ups": "1.34", "wpb": "176.4", "bsz": "9", "num_updates": "16400", "lr": "0.000383416", "gnorm": "20.114", "loss_scale": "256", "train_wall": "13", "gb_free": "75.7", "wall": "9209"}
[2026-06-13 14:19:50,763][train_inner][INFO] - {"epoch": 6, "update": 5.227, "loss": "41.205", "nll_loss": "0.957", "total": "181.675", "n_correct": "156.47", "ppl": "1.94", "accuracy": "86.126", "wps": "280.6", "ups": "1.54", "wpb": "181.7", "bsz": "10", "num_updates": "16600", "lr": "0.0003721", "gnorm": "19.253", "loss_scale": "256", "train_wall": "13", "gb_free": "75.7", "wall": "9338"}
[2026-06-13 14:21:52,913][train_inner][INFO] - {"epoch": 6, "update": 5.29, "loss": "39.537", "nll_loss": "0.894", "total": "183.545", "n_correct": "159.845", "ppl": "1.86", "accuracy": "87.088", "wps": "300.6", "ups": "1.64", "wpb": "183.5", "bsz": "10.2", "num_updates": "16800", "lr": "0.000361119", "gnorm": "18.237", "loss_scale": "256", "train_wall": "13", "gb_free": "75.7", "wall": "9460"}
[2026-06-13 14:23:33,806][train_inner][INFO] - {"epoch": 6, "update": 5.353, "loss": "41.722", "nll_loss": "0.938", "total": "179.29", "n_correct": "155.2", "ppl": "1.92", "accuracy": "86.564", "wps": "355.4", "ups": "1.98", "wpb": "179.3", "bsz": "9.6", "num_updates": "17000", "lr": "0.000350461", "gnorm": "19.358", "loss_scale": "256", "train_wall": "12", "gb_free": "75.7", "wall": "9561"}
[2026-06-13 14:25:16,428][train_inner][INFO] - {"epoch": 6, "update": 5.416, "loss": "42.849", "nll_loss": "0.956", "total": "182.66", "n_correct": "157.23", "ppl": "1.94", "accuracy": "86.078", "wps": "356", "ups": "1.95", "wpb": "182.7", "bsz": "9.6", "num_updates": "17200", "lr": "0.000340118", "gnorm": "20.176", "loss_scale": "256", "train_wall": "11", "gb_free": "75.7", "wall": "9664"}
[2026-06-13 14:27:08,715][train_inner][INFO] - {"epoch": 6, "update": 5.479, "loss": "43.053", "nll_loss": "0.919", "total": "177.635", "n_correct": "154.27", "ppl": "1.89", "accuracy": "86.847", "wps": "316.4", "ups": "1.78", "wpb": "177.6", "bsz": "9.2", "num_updates": "17400", "lr": "0.00033008", "gnorm": "18.779", "loss_scale": "256", "train_wall": "11", "gb_free": "75.7", "wall": "9776"}
[2026-06-13 14:28:50,597][train_inner][INFO] - {"epoch": 6, "update": 5.542, "loss": "41.408", "nll_loss": "0.902", "total": "180.2", "n_correct": "156.77", "ppl": "1.87", "accuracy": "86.998", "wps": "353.8", "ups": "1.96", "wpb": "180.2", "bsz": "9.6", "num_updates": "17600", "lr": "0.000320338", "gnorm": "18.804", "loss_scale": "256", "train_wall": "11", "gb_free": "75.7", "wall": "9878"}
[2026-06-13 14:30:12,834][train_inner][INFO] - {"epoch": 6, "update": 5.605, "loss": "41.962", "nll_loss": "0.884", "total": "183.14", "n_correct": "159.635", "ppl": "1.84", "accuracy": "87.166", "wps": "445.5", "ups": "2.43", "wpb": "183.1", "bsz": "9.6", "num_updates": "17800", "lr": "0.000310884", "gnorm": "18.53", "loss_scale": "256", "train_wall": "11", "gb_free": "75.7", "wall": "9960"}
[2026-06-13 14:31:35,354][train_inner][INFO] - {"epoch": 6, "update": 5.668, "loss": "38.675", "nll_loss": "0.927", "total": "176.32", "n_correct": "152.785", "ppl": "1.9", "accuracy": "86.652", "wps": "427.4", "ups": "2.42", "wpb": "176.3", "bsz": "10.2", "num_updates": "18000", "lr": "0.000301709", "gnorm": "18.328", "loss_scale": "256", "train_wall": "11", "gb_free": "75.7", "wall": "10043"}
[2026-06-13 14:32:59,412][train_inner][INFO] - {"epoch": 6, "update": 5.73, "loss": "40.551", "nll_loss": "0.901", "total": "179.7", "n_correct": "156.73", "ppl": "1.87", "accuracy": "87.218", "wps": "427.6", "ups": "2.38", "wpb": "179.7", "bsz": "9.8", "num_updates": "18200", "lr": "0.000292804", "gnorm": "18.993", "loss_scale": "256", "train_wall": "11", "gb_free": "75.7", "wall": "10127"}
[2026-06-13 14:34:37,930][train_inner][INFO] - {"epoch": 6, "update": 5.793, "loss": "40.275", "nll_loss": "0.897", "total": "180.685", "n_correct": "157.525", "ppl": "1.86", "accuracy": "87.182", "wps": "366.8", "ups": "2.03", "wpb": "180.7", "bsz": "9.9", "num_updates": "18400", "lr": "0.000284163", "gnorm": "17.571", "loss_scale": "256", "train_wall": "11", "gb_free": "75.7", "wall": "10225"}
[2026-06-13 14:36:27,843][train_inner][INFO] - {"epoch": 6, "update": 5.856, "loss": "37.941", "nll_loss": "0.874", "total": "179.465", "n_correct": "157.13", "ppl": "1.83", "accuracy": "87.555", "wps": "326.6", "ups": "1.82", "wpb": "179.5", "bsz": "10.3", "num_updates": "18600", "lr": "0.000275776", "gnorm": "17.293", "loss_scale": "256", "train_wall": "11", "gb_free": "75.7", "wall": "10335"}
[2026-06-13 14:38:00,207][train_inner][INFO] - {"epoch": 6, "update": 5.919, "loss": "40.224", "nll_loss": "0.882", "total": "179.14", "n_correct": "156.445", "ppl": "1.84", "accuracy": "87.331", "wps": "388", "ups": "2.17", "wpb": "179.1", "bsz": "9.7", "num_updates": "18800", "lr": "0.000267637", "gnorm": "18.287", "loss_scale": "256", "train_wall": "11", "gb_free": "75.7", "wall": "10428"}
[2026-06-13 14:39:37,359][train_inner][INFO] - {"epoch": 6, "update": 5.982, "loss": "44.049", "nll_loss": "0.869", "total": "175.545", "n_correct": "153.52", "ppl": "1.83", "accuracy": "87.453", "wps": "361.4", "ups": "2.06", "wpb": "175.5", "bsz": "8.7", "num_updates": "19000", "lr": "0.000259739", "gnorm": "19.613", "loss_scale": "256", "train_wall": "11", "gb_free": "75.7", "wall": "10525"}
[2026-06-13 14:40:06,933][main][INFO] - begin validation on "valid" subset
[2026-06-13 14:41:15,337][valid][INFO] - {"epoch": 6, "valid_loss": "40.039", "valid_nll_loss": "0.769", "valid_total": "178.205", "valid_n_correct": "157.89", "valid_ppl": "1.7", "valid_accuracy": "88.6", "valid_wps": "333.1", "valid_wpb": "178.2", "valid_bsz": "9.4", "valid_num_updates": "19056", "valid_best_accuracy": "88.6"}
[2026-06-13 14:41:15,338][fairseq.checkpoint_utils][INFO] - Preparing to save checkpoint for epoch 6 @ 19056 updates
[2026-06-13 14:41:15,338][trainer][INFO] - Saving checkpoint to checkpoints/checkpoint_best.pt
[2026-06-13 14:41:19,418][trainer][INFO] - Finished saving checkpoint to checkpoints/checkpoint_best.pt
[2026-06-13 14:41:25,135][fairseq.checkpoint_utils][INFO] - Saved checkpoint checkpoints/checkpoint_best.pt (epoch 6 @ 19056 updates, score 88.6) (writing took 9.796290955040604 seconds)
[2026-06-13 14:41:25,135][main][INFO] - end of epoch 6 (average epoch stats below)
[2026-06-13 14:41:25,145][train][INFO] - {"epoch": 6, "train_loss": "41.128", "train_nll_loss": "0.912", "train_total": "179.799", "train_n_correct": "156.176", "train_ppl": "1.88", "train_accuracy": "86.862", "train_wps": "320.5", "train_ups": "1.78", "train_wpb": "179.8", "train_bsz": "9.7", "train_num_updates": "19056", "train_lr": "0.000257569", "train_gnorm": "18.865", "train_loss_scale": "256", "train_train_wall": "185", "train_gb_free": "75.7", "train_wall": "10633"}
[2026-06-13 14:41:25,745][trainer][INFO] - begin training epoch 7
[2026-06-13 14:41:25,745][main][INFO] - Start iterating over samples
[2026-06-13 14:42:48,183][train_inner][INFO] - {"epoch": 7, "update": 6.045, "loss": "36.846", "nll_loss": "0.785", "total": "179.55", "n_correct": "160.18", "ppl": "1.72", "accuracy": "89.212", "wps": "188.2", "ups": "1.05", "wpb": "179.6", "bsz": "10.2", "num_updates": "19200", "lr": "0.000252073", "gnorm": "16.254", "loss_scale": "256", "train_wall": "11", "gb_free": "75.7", "wall": "10716"}
[2026-06-13 14:44:19,538][train_inner][INFO] - {"epoch": 7, "update": 6.108, "loss": "40.77", "nll_loss": "0.762", "total": "182.085", "n_correct": "162.81", "ppl": "1.7", "accuracy": "89.414", "wps": "398.7", "ups": "2.19", "wpb": "182.1", "bsz": "9.3", "num_updates": "19400", "lr": "0.000244633", "gnorm": "17.35", "loss_scale": "256", "train_wall": "11", "gb_free": "75.7", "wall": "10807"}
[2026-06-13 14:45:50,985][train_inner][INFO] - {"epoch": 7, "update": 6.171, "loss": "37.232", "nll_loss": "0.773", "total": "180.175", "n_correct": "160.785", "ppl": "1.71", "accuracy": "89.238", "wps": "394.1", "ups": "2.19", "wpb": "180.2", "bsz": "10.1", "num_updates": "19600", "lr": "0.000237414", "gnorm": "16.775", "loss_scale": "256", "train_wall": "11", "gb_free": "75.7", "wall": "10898"}
[2026-06-13 14:47:42,394][train_inner][INFO] - {"epoch": 7, "update": 6.234, "loss": "35.697", "nll_loss": "0.766", "total": "177.69", "n_correct": "158.685", "ppl": "1.7", "accuracy": "89.304", "wps": "319", "ups": "1.8", "wpb": "177.7", "bsz": "10.4", "num_updates": "19800", "lr": "0.000230407", "gnorm": "17.179", "loss_scale": "256", "train_wall": "11", "gb_free": "75.7", "wall": "11010"}
[2026-06-13 14:49:18,946][train_inner][INFO] - {"epoch": 7, "update": 6.297, "loss": "42.183", "nll_loss": "0.812", "total": "179.895", "n_correct": "159.43", "ppl": "1.76", "accuracy": "88.624", "wps": "372.7", "ups": "2.07", "wpb": "179.9", "bsz": "9.1", "num_updates": "20000", "lr": "0.000223607", "gnorm": "18.675", "loss_scale": "256", "train_wall": "11", "gb_free": "75.7", "wall": "11106"}
[2026-06-13 14:50:51,040][train_inner][INFO] - {"epoch": 7, "update": 6.36, "loss": "37.522", "nll_loss": "0.753", "total": "182.98", "n_correct": "164", "ppl": "1.68", "accuracy": "89.627", "wps": "397.4", "ups": "2.17", "wpb": "183", "bsz": "10.1", "num_updates": "20200", "lr": "0.000217007", "gnorm": "17.005", "loss_scale": "256", "train_wall": "11", "gb_free": "75.7", "wall": "11198"}
[2026-06-13 14:52:25,328][train_inner][INFO] - {"epoch": 7, "update": 6.423, "loss": "38.438", "nll_loss": "0.753", "total": "180.46", "n_correct": "161.74", "ppl": "1.69", "accuracy": "89.627", "wps": "382.8", "ups": "2.12", "wpb": "180.5", "bsz": "9.7", "num_updates": "20400", "lr": "0.000210603", "gnorm": "16.918", "loss_scale": "256", "train_wall": "11", "gb_free": "75.7", "wall": "11293"}
[2026-06-13 14:54:01,023][train_inner][INFO] - {"epoch": 7, "update": 6.486, "loss": "39.042", "nll_loss": "0.785", "total": "178.87", "n_correct": "159.355", "ppl": "1.72", "accuracy": "89.09", "wps": "373.9", "ups": "2.09", "wpb": "178.9", "bsz": "9.6", "num_updates": "20600", "lr": "0.000204387", "gnorm": "18.43", "loss_scale": "256", "train_wall": "11", "gb_free": "75.7", "wall": "11388"}
[2026-06-13 14:55:27,860][train_inner][INFO] - {"epoch": 7, "update": 6.549, "loss": "39.08", "nll_loss": "0.754", "total": "179.785", "n_correct": "160.97", "ppl": "1.69", "accuracy": "89.535", "wps": "414.1", "ups": "2.3", "wpb": "179.8", "bsz": "9.5", "num_updates": "20800", "lr": "0.000198355", "gnorm": "17.141", "loss_scale": "256", "train_wall": "11", "gb_free": "75.7", "wall": "11475"}
[2026-06-13 14:56:59,339][train_inner][INFO] - {"epoch": 7, "update": 6.612, "loss": "37.076", "nll_loss": "0.764", "total": "182.095", "n_correct": "162.585", "ppl": "1.7", "accuracy": "89.286", "wps": "398.2", "ups": "2.19", "wpb": "182.1", "bsz": "10.2", "num_updates": "21000", "lr": "0.000192501", "gnorm": "16.996", "loss_scale": "256", "train_wall": "11", "gb_free": "75.7", "wall": "11567"}
[2026-06-13 14:58:35,276][train_inner][INFO] - {"epoch": 7, "update": 6.675, "loss": "37.447", "nll_loss": "0.736", "total": "180.125", "n_correct": "161.855", "ppl": "1.67", "accuracy": "89.857", "wps": "375.5", "ups": "2.08", "wpb": "180.1", "bsz": "9.9", "num_updates": "21200", "lr": "0.00018682", "gnorm": "17.364", "loss_scale": "256", "train_wall": "11", "gb_free": "75.7", "wall": "11663"}
[2026-06-13 15:00:07,237][train_inner][INFO] - {"epoch": 7, "update": 6.738, "loss": "39.893", "nll_loss": "0.79", "total": "178.32", "n_correct": "158.73", "ppl": "1.73", "accuracy": "89.014", "wps": "387.9", "ups": "2.18", "wpb": "178.3", "bsz": "9.4", "num_updates": "21400", "lr": "0.000181306", "gnorm": "17.986", "loss_scale": "256", "train_wall": "11", "gb_free": "75.7", "wall": "11755"}
[2026-06-13 15:01:36,747][train_inner][INFO] - {"epoch": 7, "update": 6.801, "loss": "41.68", "nll_loss": "0.74", "total": "178.405", "n_correct": "160.17", "ppl": "1.67", "accuracy": "89.779", "wps": "398.7", "ups": "2.23", "wpb": "178.4", "bsz": "8.8", "num_updates": "21600", "lr": "0.000175955", "gnorm": "18.33", "loss_scale": "256", "train_wall": "11", "gb_free": "75.7", "wall": "11844"}
[2026-06-13 15:03:08,101][train_inner][INFO] - {"epoch": 7, "update": 6.864, "loss": "38.953", "nll_loss": "0.741", "total": "180", "n_correct": "161.445", "ppl": "1.67", "accuracy": "89.692", "wps": "394.1", "ups": "2.19", "wpb": "180", "bsz": "9.5", "num_updates": "21800", "lr": "0.000170762", "gnorm": "18.227", "loss_scale": "256", "train_wall": "11", "gb_free": "75.7", "wall": "11935"}
[2026-06-13 15:04:38,629][train_inner][INFO] - {"epoch": 7, "update": 6.927, "loss": "38.704", "nll_loss": "0.748", "total": "176.71", "n_correct": "158.6", "ppl": "1.68", "accuracy": "89.752", "wps": "390.4", "ups": "2.21", "wpb": "176.7", "bsz": "9.4", "num_updates": "22000", "lr": "0.000165723", "gnorm": "17.324", "loss_scale": "256", "train_wall": "11", "gb_free": "75.7", "wall": "12026"}
[2026-06-13 15:06:08,825][train_inner][INFO] - {"epoch": 7, "update": 6.99, "loss": "37.833", "nll_loss": "0.743", "total": "178.495", "n_correct": "160.11", "ppl": "1.67", "accuracy": "89.7", "wps": "395.8", "ups": "2.22", "wpb": "178.5", "bsz": "9.7", "num_updates": "22200", "lr": "0.000160832", "gnorm": "17.21", "loss_scale": "256", "train_wall": "11", "gb_free": "75.7", "wall": "12116"}
[2026-06-13 15:06:23,342][main][INFO] - end of epoch 7 (average epoch stats below)
[2026-06-13 15:06:23,352][train][INFO] - {"epoch": 7, "train_loss": "38.597", "train_nll_loss": "0.761", "train_total": "179.799", "train_n_correct": "160.811", "train_ppl": "1.7", "train_accuracy": "89.44", "train_wps": "381.2", "train_ups": "2.12", "train_wpb": "179.8", "train_bsz": "9.7", "train_num_updates": "22232", "train_lr": "0.000160063", "train_gnorm": "17.465", "train_loss_scale": "256", "train_train_wall": "172", "train_gb_free": "75.7", "train_wall": "12131"}
[2026-06-13 15:06:23,828][trainer][INFO] - begin training epoch 8
[2026-06-13 15:06:23,828][main][INFO] - Start iterating over samples
[2026-06-13 15:07:41,716][train_inner][INFO] - {"epoch": 8, "update": 7.053, "loss": "39.117", "nll_loss": "0.682", "total": "183.345", "n_correct": "166.7", "ppl": "1.6", "accuracy": "90.921", "wps": "394.8", "ups": "2.15", "wpb": "183.3", "bsz": "9.4", "num_updates": "22400", "lr": "0.000156085", "gnorm": "17.212", "loss_scale": "256", "train_wall": "11", "gb_free": "75.7", "wall": "12209"}
[2026-06-13 15:09:12,568][train_inner][INFO] - {"epoch": 8, "update": 7.116, "loss": "37.265", "nll_loss": "0.678", "total": "179.435", "n_correct": "162.63", "ppl": "1.6", "accuracy": "90.634", "wps": "395.1", "ups": "2.2", "wpb": "179.4", "bsz": "9.7", "num_updates": "22600", "lr": "0.000151479", "gnorm": "16.635", "loss_scale": "256", "train_wall": "11", "gb_free": "75.7", "wall": "12300"}
[2026-06-13 15:10:54,058][train_inner][INFO] - {"epoch": 8, "update": 7.179, "loss": "36.002", "nll_loss": "0.693", "total": "181.61", "n_correct": "164.905", "ppl": "1.62", "accuracy": "90.802", "wps": "357.9", "ups": "1.97", "wpb": "181.6", "bsz": "10.2", "num_updates": "22800", "lr": "0.000147008", "gnorm": "16.215", "loss_scale": "256", "train_wall": "11", "gb_free": "75.7", "wall": "12401"}
[2026-06-13 15:12:28,424][train_inner][INFO] - {"epoch": 8, "update": 7.242, "loss": "40.369", "nll_loss": "0.66", "total": "180.78", "n_correct": "164.68", "ppl": "1.58", "accuracy": "91.094", "wps": "383.2", "ups": "2.12", "wpb": "180.8", "bsz": "8.9", "num_updates": "23000", "lr": "0.000142669", "gnorm": "16.898", "loss_scale": "256", "train_wall": "11", "gb_free": "75.7", "wall": "12496"}
[2026-06-13 15:14:08,850][train_inner][INFO] - {"epoch": 8, "update": 7.305, "loss": "36.038", "nll_loss": "0.634", "total": "176.93", "n_correct": "162.32", "ppl": "1.55", "accuracy": "91.742", "wps": "352.4", "ups": "1.99", "wpb": "176.9", "bsz": "9.7", "num_updates": "23200", "lr": "0.000138459", "gnorm": "15.604", "loss_scale": "256", "train_wall": "11", "gb_free": "75.7", "wall": "12596"}
[2026-06-13 15:15:51,153][train_inner][INFO] - {"epoch": 8, "update": 7.368, "loss": "35.157", "nll_loss": "0.681", "total": "179.45", "n_correct": "163.015", "ppl": "1.6", "accuracy": "90.841", "wps": "350.9", "ups": "1.96", "wpb": "179.4", "bsz": "10.2", "num_updates": "23400", "lr": "0.000134372", "gnorm": "15.029", "loss_scale": "256", "train_wall": "11", "gb_free": "75.7", "wall": "12699"}
[2026-06-13 15:17:34,244][train_inner][INFO] - {"epoch": 8, "update": 7.431, "loss": "36.335", "nll_loss": "0.639", "total": "175.58", "n_correct": "160.41", "ppl": "1.56", "accuracy": "91.36", "wps": "340.7", "ups": "1.94", "wpb": "175.6", "bsz": "9.5", "num_updates": "23600", "lr": "0.000130407", "gnorm": "15.755", "loss_scale": "256", "train_wall": "11", "gb_free": "75.7", "wall": "12802"}
[2026-06-13 15:19:13,984][train_inner][INFO] - {"epoch": 8, "update": 7.494, "loss": "37.237", "nll_loss": "0.675", "total": "179.02", "n_correct": "162.935", "ppl": "1.6", "accuracy": "91.015", "wps": "359", "ups": "2.01", "wpb": "179", "bsz": "9.6", "num_updates": "23800", "lr": "0.000126558", "gnorm": "16.537", "loss_scale": "256", "train_wall": "11", "gb_free": "75.7", "wall": "12901"}
[2026-06-13 15:20:51,396][train_inner][INFO] - {"epoch": 8, "update": 7.557, "loss": "38.838", "nll_loss": "0.641", "total": "181.39", "n_correct": "166.05", "ppl": "1.56", "accuracy": "91.543", "wps": "372.5", "ups": "2.05", "wpb": "181.4", "bsz": "9.2", "num_updates": "24000", "lr": "0.000122823", "gnorm": "17.257", "loss_scale": "256", "train_wall": "11", "gb_free": "75.7", "wall": "12999"}
[2026-06-13 15:20:52,036][trainer][INFO] - NOTE: gradient overflow detected, ignoring gradient, setting loss scale to: 128.0
[2026-06-13 15:20:56,838][trainer][INFO] - NOTE: gradient overflow detected, ignoring gradient, setting loss scale to: 64.0
[2026-06-13 15:22:32,565][train_inner][INFO] - {"epoch": 8, "update": 7.62, "loss": "36.816", "nll_loss": "0.707", "total": "179.365", "n_correct": "161.83", "ppl": "1.63", "accuracy": "90.224", "wps": "354.6", "ups": "1.98", "wpb": "179.4", "bsz": "9.9", "num_updates": "24200", "lr": "0.000119198", "gnorm": "88.905", "loss_scale": "64", "train_wall": "20", "gb_free": "73.7", "wall": "13100"}
[2026-06-13 15:24:16,405][train_inner][INFO] - {"epoch": 8, "update": 7.683, "loss": "36.812", "nll_loss": "0.687", "total": "181.235", "n_correct": "164.36", "ppl": "1.61", "accuracy": "90.689", "wps": "349.1", "ups": "1.93", "wpb": "181.2", "bsz": "9.9", "num_updates": "24400", "lr": "0.00011568", "gnorm": "79.681", "loss_scale": "64", "train_wall": "17", "gb_free": "73.6", "wall": "13204"}
[2026-06-13 15:25:57,668][train_inner][INFO] - {"epoch": 8, "update": 7.746, "loss": "39.335", "nll_loss": "0.706", "total": "180.07", "n_correct": "162.67", "ppl": "1.63", "accuracy": "90.337", "wps": "355.7", "ups": "1.98", "wpb": "180.1", "bsz": "9.3", "num_updates": "24600", "lr": "0.000112266", "gnorm": "81.484", "loss_scale": "64", "train_wall": "16", "gb_free": "73.7", "wall": "13305"}
[2026-06-13 15:27:43,459][train_inner][INFO] - {"epoch": 8, "update": 7.809, "loss": "37.383", "nll_loss": "0.696", "total": "179.62", "n_correct": "162.065", "ppl": "1.62", "accuracy": "90.227", "wps": "339.6", "ups": "1.89", "wpb": "179.6", "bsz": "9.7", "num_updates": "24800", "lr": "0.000108953", "gnorm": "76.943", "loss_scale": "64", "train_wall": "16", "gb_free": "73.7", "wall": "13411"}
[2026-06-13 15:29:32,128][train_inner][INFO] - {"epoch": 8, "update": 7.872, "loss": "34.692", "nll_loss": "0.703", "total": "180.195", "n_correct": "162.85", "ppl": "1.63", "accuracy": "90.374", "wps": "331.7", "ups": "1.84", "wpb": "180.2", "bsz": "10.5", "num_updates": "25000", "lr": "0.000105737", "gnorm": "73.558", "loss_scale": "64", "train_wall": "16", "gb_free": "73.7", "wall": "13519"}
[2026-06-13 15:31:17,202][train_inner][INFO] - {"epoch": 8, "update": 7.935, "loss": "38.189", "nll_loss": "0.691", "total": "181.17", "n_correct": "163.94", "ppl": "1.61", "accuracy": "90.49", "wps": "344.9", "ups": "1.9", "wpb": "181.2", "bsz": "9.5", "num_updates": "25200", "lr": "0.000102617", "gnorm": "77.043", "loss_scale": "64", "train_wall": "16", "gb_free": "73.6", "wall": "13625"}
[2026-06-13 15:33:00,334][train_inner][INFO] - {"epoch": 8, "update": 7.998, "loss": "37.089", "nll_loss": "0.684", "total": "177.715", "n_correct": "161.48", "ppl": "1.61", "accuracy": "90.865", "wps": "344.7", "ups": "1.94", "wpb": "177.7", "bsz": "9.6", "num_updates": "25400", "lr": "9.9588e-05", "gnorm": "68.328", "loss_scale": "64", "train_wall": "16", "gb_free": "73.7", "wall": "13728"}
[2026-06-13 15:33:03,478][main][INFO] - begin validation on "valid" subset
[2026-06-13 15:34:05,902][valid][INFO] - {"epoch": 8, "valid_loss": "38.311", "valid_nll_loss": "0.668", "valid_total": "178.205", "valid_n_correct": "161.063", "valid_ppl": "1.59", "valid_accuracy": "90.381", "valid_wps": "365.7", "valid_wpb": "178.2", "valid_bsz": "9.4", "valid_num_updates": "25406", "valid_best_accuracy": "90.381"}
[2026-06-13 15:34:05,903][fairseq.checkpoint_utils][INFO] - Preparing to save checkpoint for epoch 8 @ 25406 updates
[2026-06-13 15:34:05,904][trainer][INFO] - Saving checkpoint to checkpoints/checkpoint_best.pt
[2026-06-13 15:34:10,258][trainer][INFO] - Finished saving checkpoint to checkpoints/checkpoint_best.pt
[2026-06-13 15:34:15,866][fairseq.checkpoint_utils][INFO] - Saved checkpoint checkpoints/checkpoint_best.pt (epoch 8 @ 25406 updates, score 90.381) (writing took 9.962922291946597 seconds)
[2026-06-13 15:34:15,867][main][INFO] - end of epoch 8 (average epoch stats below)
[2026-06-13 15:34:15,881][train][INFO] - {"epoch": 8, "train_loss": "37.15", "train_nll_loss": "0.677", "train_total": "179.802", "train_n_correct": "163.34", "train_ppl": "1.6", "train_accuracy": "90.844", "train_wps": "341.2", "train_ups": "1.9", "train_wpb": "179.8", "train_bsz": "9.7", "train_num_updates": "25406", "train_lr": "9.94985e-05", "train_gnorm": "43.582", "train_loss_scale": "64", "train_train_wall": "214", "train_gb_free": "73.7", "train_wall": "13803"}
[2026-06-13 15:34:16,394][trainer][INFO] - begin training epoch 9
[2026-06-13 15:34:16,394][main][INFO] - Start iterating over samples
[2026-06-13 15:35:52,913][train_inner][INFO] - {"epoch": 9, "update": 8.061, "loss": "37.844", "nll_loss": "0.586", "total": "179.075", "n_correct": "165.265", "ppl": "1.5", "accuracy": "92.288", "wps": "207.5", "ups": "1.16", "wpb": "179.1", "bsz": "9.1", "num_updates": "25600", "lr": "9.66488e-05", "gnorm": "64.4", "loss_scale": "64", "train_wall": "16", "gb_free": "73.6", "wall": "13900"}
[2026-06-13 15:37:38,679][train_inner][INFO] - {"epoch": 9, "update": 8.124, "loss": "35.312", "nll_loss": "0.586", "total": "178.83", "n_correct": "165.305", "ppl": "1.5", "accuracy": "92.437", "wps": "338.2", "ups": "1.89", "wpb": "178.8", "bsz": "9.7", "num_updates": "25800", "lr": "9.37964e-05", "gnorm": "63.79", "loss_scale": "64", "train_wall": "16", "gb_free": "73.8", "wall": "14006"}
[2026-06-13 15:39:25,294][train_inner][INFO] - {"epoch": 9, "update": 8.187, "loss": "34.936", "nll_loss": "0.593", "total": "179.635", "n_correct": "165.685", "ppl": "1.51", "accuracy": "92.234", "wps": "337", "ups": "1.88", "wpb": "179.6", "bsz": "9.9", "num_updates": "26000", "lr": "9.10282e-05", "gnorm": "57.406", "loss_scale": "64", "train_wall": "16", "gb_free": "74", "wall": "14113"}
[2026-06-13 15:41:07,021][train_inner][INFO] - {"epoch": 9, "update": 8.25, "loss": "36.028", "nll_loss": "0.581", "total": "176.08", "n_correct": "162.785", "ppl": "1.5", "accuracy": "92.449", "wps": "346.2", "ups": "1.97", "wpb": "176.1", "bsz": "9.4", "num_updates": "26200", "lr": "8.83417e-05", "gnorm": "62.093", "loss_scale": "64", "train_wall": "16", "gb_free": "73.7", "wall": "14214"}
[2026-06-13 15:42:45,362][train_inner][INFO] - {"epoch": 9, "update": 8.313, "loss": "35.14", "nll_loss": "0.598", "total": "180.595", "n_correct": "166.64", "ppl": "1.51", "accuracy": "92.273", "wps": "367.3", "ups": "2.03", "wpb": "180.6", "bsz": "9.9", "num_updates": "26400", "lr": "8.57345e-05", "gnorm": "63.771", "loss_scale": "64", "train_wall": "16", "gb_free": "74.5", "wall": "14313"}
[2026-06-13 15:44:27,985][train_inner][INFO] - {"epoch": 9, "update": 8.376, "loss": "34.697", "nll_loss": "0.599", "total": "180.66", "n_correct": "166.6", "ppl": "1.51", "accuracy": "92.217", "wps": "352.1", "ups": "1.95", "wpb": "180.7", "bsz": "10.1", "num_updates": "26600", "lr": "8.32042e-05", "gnorm": "58.879", "loss_scale": "64", "train_wall": "16", "gb_free": "73.6", "wall": "14415"}
[2026-06-13 15:46:07,718][train_inner][INFO] - {"epoch": 9, "update": 8.439, "loss": "36.504", "nll_loss": "0.592", "total": "177.2", "n_correct": "163.59", "ppl": "1.51", "accuracy": "92.319", "wps": "355.4", "ups": "2.01", "wpb": "177.2", "bsz": "9.3", "num_updates": "26800", "lr": "8.07486e-05", "gnorm": "60.03", "loss_scale": "64", "train_wall": "16", "gb_free": "73.8", "wall": "14515"}
[2026-06-13 15:47:52,324][train_inner][INFO] - {"epoch": 9, "update": 8.502, "loss": "36.255", "nll_loss": "0.596", "total": "178.76", "n_correct": "164.735", "ppl": "1.51", "accuracy": "92.154", "wps": "341.8", "ups": "1.91", "wpb": "178.8", "bsz": "9.5", "num_updates": "27000", "lr": "7.83654e-05", "gnorm": "62.692", "loss_scale": "64", "train_wall": "16", "gb_free": "73.7", "wall": "14620"}
[2026-06-13 15:49:38,103][train_inner][INFO] - {"epoch": 9, "update": 8.565, "loss": "34.69", "nll_loss": "0.598", "total": "181.465", "n_correct": "167.55", "ppl": "1.51", "accuracy": "92.332", "wps": "343.1", "ups": "1.89", "wpb": "181.5", "bsz": "10.1", "num_updates": "27200", "lr": "7.60526e-05", "gnorm": "59.984", "loss_scale": "64", "train_wall": "16", "gb_free": "74.4", "wall": "14725"}
[2026-06-13 15:51:23,147][train_inner][INFO] - {"epoch": 9, "update": 8.628, "loss": "33.399", "nll_loss": "0.594", "total": "180.845", "n_correct": "167.05", "ppl": "1.51", "accuracy": "92.372", "wps": "344.4", "ups": "1.9", "wpb": "180.8", "bsz": "10.4", "num_updates": "27400", "lr": "7.38081e-05", "gnorm": "55.132", "loss_scale": "64", "train_wall": "16", "gb_free": "73.7", "wall": "14831"}
[2026-06-13 15:53:00,362][train_inner][INFO] - {"epoch": 9, "update": 8.691, "loss": "37.844", "nll_loss": "0.584", "total": "180.3", "n_correct": "166.535", "ppl": "1.5", "accuracy": "92.366", "wps": "371", "ups": "2.06", "wpb": "180.3", "bsz": "9.1", "num_updates": "27600", "lr": "7.16298e-05", "gnorm": "61.522", "loss_scale": "64", "train_wall": "16", "gb_free": "73.7", "wall": "14928"}
[2026-06-13 15:54:47,305][train_inner][INFO] - {"epoch": 9, "update": 8.754, "loss": "33.963", "nll_loss": "0.583", "total": "180.435", "n_correct": "166.91", "ppl": "1.5", "accuracy": "92.504", "wps": "337.5", "ups": "1.87", "wpb": "180.4", "bsz": "10.2", "num_updates": "27800", "lr": "6.95158e-05", "gnorm": "58.071", "loss_scale": "64", "train_wall": "16", "gb_free": "73.7", "wall": "15035"}
[2026-06-13 15:56:30,302][train_inner][INFO] - {"epoch": 9, "update": 8.817, "loss": "34.682", "nll_loss": "0.594", "total": "181.965", "n_correct": "168", "ppl": "1.51", "accuracy": "92.325", "wps": "353.4", "ups": "1.94", "wpb": "182", "bsz": "10.1", "num_updates": "28000", "lr": "6.74641e-05", "gnorm": "60.67", "loss_scale": "64", "train_wall": "16", "gb_free": "73.7", "wall": "15138"}
[2026-06-13 15:58:11,799][train_inner][INFO] - {"epoch": 9, "update": 8.88, "loss": "34.523", "nll_loss": "0.583", "total": "178.62", "n_correct": "164.93", "ppl": "1.5", "accuracy": "92.336", "wps": "352", "ups": "1.97", "wpb": "178.6", "bsz": "9.9", "num_updates": "28200", "lr": "6.54731e-05", "gnorm": "58.721", "loss_scale": "64", "train_wall": "16", "gb_free": "74.3", "wall": "15239"}
[2026-06-13 15:59:56,630][train_inner][INFO] - {"epoch": 9, "update": 8.943, "loss": "36.869", "nll_loss": "0.55", "total": "182.69", "n_correct": "170.155", "ppl": "1.46", "accuracy": "93.139", "wps": "348.6", "ups": "1.91", "wpb": "182.7", "bsz": "9.3", "num_updates": "28400", "lr": "6.35408e-05", "gnorm": "57.059", "loss_scale": "64", "train_wall": "16", "gb_free": "73.7", "wall": "15344"}
[2026-06-13 16:01:27,474][main][INFO] - end of epoch 9 (average epoch stats below)
[2026-06-13 16:01:27,488][train][INFO] - {"epoch": 9, "train_loss": "35.639", "train_nll_loss": "0.588", "train_total": "179.799", "train_n_correct": "166.092", "train_ppl": "1.5", "train_accuracy": "92.377", "train_wps": "350", "train_ups": "1.95", "train_wpb": "179.8", "train_bsz": "9.7", "train_num_updates": "28582", "train_lr": "6.1832e-05", "train_gnorm": "60.311", "train_loss_scale": "64", "train_train_wall": "256", "train_gb_free": "73.4", "train_wall": "15435"}
[2026-06-13 16:01:28,005][trainer][INFO] - begin training epoch 10
[2026-06-13 16:01:28,005][main][INFO] - Start iterating over samples
[2026-06-13 16:01:37,875][train_inner][INFO] - {"epoch": 10, "update": 9.006, "loss": "38.341", "nll_loss": "0.582", "total": "179.88", "n_correct": "166.32", "ppl": "1.5", "accuracy": "92.462", "wps": "355.4", "ups": "1.98", "wpb": "179.9", "bsz": "9", "num_updates": "28600", "lr": "6.16655e-05", "gnorm": "59.01", "loss_scale": "64", "train_wall": "16", "gb_free": "73.7", "wall": "15445"}
[2026-06-13 16:03:23,535][train_inner][INFO] - {"epoch": 10, "update": 9.069, "loss": "33.767", "nll_loss": "0.492", "total": "183.4", "n_correct": "172.97", "ppl": "1.41", "accuracy": "94.313", "wps": "347.4", "ups": "1.89", "wpb": "183.4", "bsz": "10", "num_updates": "28800", "lr": "5.98455e-05", "gnorm": "42.736", "loss_scale": "64", "train_wall": "16", "gb_free": "73.9", "wall": "15551"}
[2026-06-13 16:05:02,136][train_inner][INFO] - {"epoch": 10, "update": 9.132, "loss": "34.434", "nll_loss": "0.493", "total": "176.765", "n_correct": "166.475", "ppl": "1.41", "accuracy": "94.179", "wps": "358.6", "ups": "2.03", "wpb": "176.8", "bsz": "9.4", "num_updates": "29000", "lr": "5.80793e-05", "gnorm": "48.426", "loss_scale": "64", "train_wall": "16", "gb_free": "73.7", "wall": "15650"}
[2026-06-13 16:08:31,443][train_inner][INFO] - {"epoch": 10, "update": 9.195, "loss": "34.829", "nll_loss": "0.495", "total": "179.725", "n_correct": "169.095", "ppl": "1.41", "accuracy": "94.085", "wps": "171.7", "ups": "0.96", "wpb": "179.7", "bsz": "9.5", "num_updates": "29200", "lr": "5.63652e-05", "gnorm": "51.991", "loss_scale": "64", "train_wall": "19", "gb_free": "74.3", "wall": "15859"}
[2026-06-13 16:11:37,946][train_inner][INFO] - {"epoch": 10, "update": 9.258, "loss": "35.262", "nll_loss": "0.486", "total": "178.05", "n_correct": "167.785", "ppl": "1.4", "accuracy": "94.235", "wps": "191", "ups": "1.07", "wpb": "178.1", "bsz": "9.2", "num_updates": "29400", "lr": "5.47017e-05", "gnorm": "47.054", "loss_scale": "64", "train_wall": "18", "gb_free": "73.7", "wall": "16045"}
[2026-06-13 16:15:15,412][train_inner][INFO] - {"epoch": 10, "update": 9.321, "loss": "35.421", "nll_loss": "0.503", "total": "181.44", "n_correct": "170.57", "ppl": "1.42", "accuracy": "94.009", "wps": "166.9", "ups": "0.92", "wpb": "181.4", "bsz": "9.4", "num_updates": "29600", "lr": "5.30873e-05", "gnorm": "47.541", "loss_scale": "64", "train_wall": "19", "gb_free": "73.7", "wall": "16263"}
[2026-06-13 16:19:53,939][train_inner][INFO] - {"epoch": 10, "update": 9.384, "loss": "32.144", "nll_loss": "0.518", "total": "181.68", "n_correct": "170.245", "ppl": "1.43", "accuracy": "93.706", "wps": "130.5", "ups": "0.72", "wpb": "181.7", "bsz": "10.5", "num_updates": "29800", "lr": "5.15205e-05", "gnorm": "48.386", "loss_scale": "64", "train_wall": "20", "gb_free": "73.6", "wall": "16541"}
[2026-06-13 16:23:40,662][train_inner][INFO] - {"epoch": 10, "update": 9.446, "loss": "33.464", "nll_loss": "0.474", "total": "179.875", "n_correct": "169.845", "ppl": "1.39", "accuracy": "94.424", "wps": "158.7", "ups": "0.88", "wpb": "179.9", "bsz": "9.8", "num_updates": "30000", "lr": "5e-05", "gnorm": "47.475", "loss_scale": "64", "train_wall": "19", "gb_free": "74.5", "wall": "16768"}
[2026-06-13 16:23:40,666][main][INFO] - Stopping training due to num_updates: 30000 >= max_update: 30000
[2026-06-13 16:23:40,667][main][INFO] - begin validation on "valid" subset
[2026-06-13 16:25:09,661][valid][INFO] - {"epoch": 10, "valid_loss": "37.333", "valid_nll_loss": "0.631", "valid_total": "178.205", "valid_n_correct": "162.89", "valid_ppl": "1.55", "valid_accuracy": "91.406", "valid_wps": "255.5", "valid_wpb": "178.2", "valid_bsz": "9.4", "valid_num_updates": "30000", "valid_best_accuracy": "91.406"}
[2026-06-13 16:25:09,662][fairseq.checkpoint_utils][INFO] - Preparing to save checkpoint for epoch 10 @ 30000 updates
[2026-06-13 16:25:09,663][trainer][INFO] - Saving checkpoint to checkpoints/checkpoint_best.pt
[2026-06-13 16:25:13,818][trainer][INFO] - Finished saving checkpoint to checkpoints/checkpoint_best.pt
[2026-06-13 16:25:19,733][fairseq.checkpoint_utils][INFO] - Saved checkpoint checkpoints/checkpoint_best.pt (epoch 10 @ 30000 updates, score 91.406) (writing took 10.0710171390092 seconds)
[2026-06-13 16:25:19,736][main][INFO] - end of epoch 10 (average epoch stats below)
[2026-06-13 16:25:19,749][train][INFO] - {"epoch": 10, "train_loss": "34.149", "train_nll_loss": "0.494", "train_total": "180.167", "train_n_correct": "169.602", "train_ppl": "1.41", "train_accuracy": "94.136", "train_wps": "178.4", "train_ups": "0.99", "train_wpb": "180.2", "train_bsz": "9.7", "train_num_updates": "30000", "train_lr": "5e-05", "train_gnorm": "47.559", "train_loss_scale": "64", "train_train_wall": "129", "train_gb_free": "74.5", "train_wall": "16867"}
[2026-06-13 16:25:19,750][main][INFO] - done training in 16865.9 seconds
