/base/project/AudioVideo2Txt/main.py:27: UserWarning: 
The version_base parameter is not specified.
Please specify a compatability version level, or None.
Will assume defaults for version 1.1
  @hydra.main(config_path="configs", config_name="video2text")
/opt/conda/envs/rzd/lib/python3.10/site-packages/hydra/core/default_element.py:124: UserWarning: In 'audiovideo2text.yaml': Usage of deprecated keyword in package header '# @package _group_'.
See https://hydra.cc/docs/1.2/upgrades/1.0_to_1.1/changes_to_package_header for more information
  deprecation_warning(
sys:1: UserWarning: 
'audiovideo2text.yaml' is validated against ConfigStore schema with the same name.
This behavior is deprecated in Hydra 1.1 and will be removed in Hydra 1.2.
See https://hydra.cc/docs/1.2/upgrades/1.0_to_1.1/automatic_schema_matching for migration instructions.
/opt/conda/envs/rzd/lib/python3.10/site-packages/hydra/main.py:94: UserWarning: 
'audiovideo2text.yaml' is validated against ConfigStore schema with the same name.
This behavior is deprecated in Hydra 1.1 and will be removed in Hydra 1.2.
See https://hydra.cc/docs/1.2/upgrades/1.0_to_1.1/automatic_schema_matching for migration instructions.
  _run_hydra(
/opt/conda/envs/rzd/lib/python3.10/site-packages/hydra/_internal/hydra.py:119: UserWarning: Future Hydra versions will no longer change working directory at job runtime by default.
See https://hydra.cc/docs/1.2/upgrades/1.1_to_1.2/changes_to_job_working_dir/ for more information.
  ret = run_job(
[2026-06-13 19:56:40,247][main][INFO] - {'_name': None, 'common': {'_name': None, 'no_progress_bar': False, 'log_interval': 200, 'log_format': json, 'log_file': None, 'tensorboard_logdir': 'tblog', 'wandb_project': None, 'azureml_logging': False, 'seed': 1337, 'cpu': False, 'tpu': False, 'bf16': False, 'memory_efficient_bf16': False, 'fp16': True, 'memory_efficient_fp16': False, 'fp16_no_flatten_grads': False, 'fp16_init_scale': 128, 'fp16_scale_window': None, 'fp16_scale_tolerance': 0.0, 'on_cpu_convert_precision': False, 'min_loss_scale': 0.0001, 'threshold_loss_scale': None, 'amp': False, 'amp_batch_retries': 2, 'amp_init_scale': 128, 'amp_scale_window': None, 'user_dir': '/base/project/AudioVideo2Txt', 'empty_cache_freq': 0, 'all_gather_list_size': 16384, 'model_parallel_size': 1, 'quantization_config_path': None, 'profile': False, 'reset_logging': False, 'suppress_crashes': False, 'use_plasma_view': False, 'plasma_path': '/tmp/plasma'}, 'common_eval': {'_name': None, 'path': None, 'post_process': None, 'quiet': False, 'model_overrides': '{}', 'results_path': None}, 'distributed_training': {'_name': None, 'distributed_world_size': 1, 'distributed_num_procs': 1, 'distributed_rank': 0, 'distributed_backend': 'nccl', 'distributed_init_method': None, 'distributed_port': -1, 'device_id': 0, 'distributed_no_spawn': False, 'ddp_backend': c10d, 'ddp_comm_hook': none, 'bucket_cap_mb': 25, 'fix_batches_to_gpus': False, 'find_unused_parameters': True, 'fast_stat_sync': False, 'heartbeat_timeout': -1, 'broadcast_buffers': False, 'slowmo_momentum': None, 'slowmo_algorithm': 'LocalSGD', 'localsgd_frequency': 3, 'nprocs_per_node': 1, 'pipeline_model_parallel': False, 'pipeline_balance': None, 'pipeline_devices': None, 'pipeline_chunks': 0, 'pipeline_encoder_balance': None, 'pipeline_encoder_devices': None, 'pipeline_decoder_balance': None, 'pipeline_decoder_devices': None, 'pipeline_checkpoint': never, 'zero_sharding': none, 'fp16': '${common.fp16}', 'memory_efficient_fp16': '${common.memory_efficient_fp16}', 'tpu': '${common.tpu}', 'no_reshard_after_forward': False, 'fp32_reduce_scatter': False, 'cpu_offload': False, 'use_sharded_state': False}, 'dataset': {'_name': None, 'num_workers': 0, 'skip_invalid_size_inputs_valid_test': False, 'max_tokens': 1000, 'batch_size': None, 'required_batch_size_multiple': 8, 'required_seq_len_multiple': 1, 'dataset_impl': None, 'data_buffer_size': 10, 'train_subset': 'train', 'valid_subset': 'valid', 'combine_valid_subsets': None, 'ignore_unused_valid_subsets': False, 'validate_interval': 2, 'validate_interval_updates': 0, 'validate_after_updates': 0, 'fixed_validation_seed': None, 'disable_validation': False, 'max_tokens_valid': '${dataset.max_tokens}', 'batch_size_valid': '${dataset.batch_size}', 'max_valid_steps': None, 'curriculum': 0, 'gen_subset': 'test', 'num_shards': 1, 'shard_id': 0}, 'optimization': {'_name': None, 'max_epoch': 0, 'max_update': 30000, 'stop_time_hours': 0.0, 'clip_norm': 0.0, 'sentence_avg': True, 'update_freq': [1], 'lr': [0.001], 'stop_min_lr': -1.0, 'use_bmuf': False}, 'checkpoint': {'_name': None, 'save_dir': 'checkpoints', 'restore_file': 'checkpoint_last.pt', 'finetune_from_model': None, 'reset_dataloader': False, 'reset_lr_scheduler': False, 'reset_meters': False, 'reset_optimizer': False, 'optimizer_overrides': '{}', 'save_interval': 2, 'save_interval_updates': 0, 'keep_interval_updates': 1, 'keep_interval_updates_pattern': -1, 'keep_last_epochs': -1, 'keep_best_checkpoints': -1, 'no_save': False, 'no_epoch_checkpoints': True, 'no_last_checkpoints': False, 'no_save_optimizer_state': False, 'best_checkpoint_metric': 'accuracy', 'maximize_best_checkpoint_metric': True, 'patience': -1, 'checkpoint_suffix': '', 'checkpoint_shard_count': 1, 'load_checkpoint_on_all_dp_ranks': False, 'write_checkpoints_asynchronously': False, 'model_parallel_size': '${common.model_parallel_size}'}, 'bmuf': {'_name': None, 'block_lr': 1.0, 'block_momentum': 0.875, 'global_sync_iter': 50, 'warmup_iterations': 500, 'use_nbm': False, 'average_sync': False, 'distributed_world_size': '${distributed_training.distributed_world_size}'}, 'generation': {'_name': None, 'beam': 5, 'nbest': 1, 'max_len_a': 0.0, 'max_len_b': 200, 'min_len': 1, 'match_source_len': False, 'unnormalized': False, 'no_early_stop': False, 'no_beamable_mm': False, 'lenpen': 1.0, 'unkpen': 0.0, 'replace_unk': None, 'sacrebleu': False, 'score_reference': False, 'prefix_size': 0, 'no_repeat_ngram_size': 0, 'sampling': False, 'sampling_topk': -1, 'sampling_topp': -1.0, 'constraints': None, 'temperature': 1.0, 'diverse_beam_groups': -1, 'diverse_beam_strength': 0.5, 'diversity_rate': -1.0, 'print_alignment': None, 'print_step': False, 'lm_path': None, 'lm_weight': 0.0, 'iter_decode_eos_penalty': 0.0, 'iter_decode_max_iter': 10, 'iter_decode_force_max_iter': False, 'iter_decode_with_beam': 1, 'iter_decode_with_external_reranker': False, 'retain_iter_history': False, 'retain_dropout': False, 'retain_dropout_modules': None, 'decoding_format': None, 'no_seed_provided': False}, 'eval_lm': {'_name': None, 'output_word_probs': False, 'output_word_stats': False, 'context_window': 0, 'softmax_batch': 9223372036854775807}, 'interactive': {'_name': None, 'buffer_size': 0, 'input': '-'}, 'task': {'_name': 'av_hubert_pretraining', 'data': '/data2/final_project_data/30h_data', 'labels': ['wrd'], 'label_dir': '/data2/final_project_data/30h_data', 'label_rate': -1, 'sample_rate': 16000, 'normalize': True, 'enable_padding': False, 'max_sample_size': 500, 'min_sample_size': None, 'max_trim_sample_size': '${task.max_sample_size}', 'single_target': True, 'random_crop': False, 'pad_audio': True, 'pdb': False, 'stack_order_audio': 4, 'skip_verify': False, 'image_aug': True, 'image_crop_size': 88, 'image_mean': 0.421, 'image_std': 0.165, 'modalities': ['video', 'audio'], 'is_s2s': True, 'tokenizer_bpe_name': 'sentencepiece', 'tokenizer_bpe_model': '/data2/final_project_data/spm1000/spm_unigram1000.model', 'fine_tuning': True}, 'model': {'_name': 'av_hubert_seq2seq', 'pretrained_path': '/data2/final_project_ckpt/pretrained_model.pth', 'apply_mask': False, 'mask_selection': 'static', 'mask_length': 10, 'mask_other': 0, 'mask_prob': 0.75, 'mask_channel_selection': 'static', 'mask_channel_length': 64, 'mask_channel_other': 0, 'mask_channel_prob': 0.5, 'layerdrop': 0.1, 'dropout': 0.0, 'activation_dropout': 0.1, 'attention_dropout': 0.0, 'feature_grad_mult': 1.0, 'modality_fuse': 'concat', 'modality_dropout': 0.03, 'audio_dropout': 0.3, 'modality_dropout_mode': 'span', 'modality_dropout_span_min': 10, 'modality_dropout_span_max': 30, 'decoder_layers': 6, 'decoder_dropout': 0.1, 'decoder_attention_dropout': 0.0, 'decoder_activation_dropout': 0.1, 'freeze_finetune_updates': 24000, 'share_decoder_input_output_embed': True, 'decoder_normalize_before': True}, 'criterion': {'_name': 'label_smoothed_cross_entropy', 'report_accuracy': True, 'label_smoothing': 0.1, 'focal_gamma': 0.0, 'confidence_penalty': 0.0, 'ignore_prefix_size': 0, 'sentence_avg': '${optimization.sentence_avg}'}, 'optimizer': {'_name': 'adam', 'adam_betas': '(0.9,0.98)', 'adam_eps': 1e-08, 'weight_decay': 0.0, "use_old_adam'": False, 'tpu': '${common.tpu}', 'lr': '${optimization.lr}'}, 'lr_scheduler': {'_name': 'tri_stage', 'warmup_steps': 10000, 'hold_steps': 0, 'decay_steps': 20000, 'final_lr_scale': 0.05, 'phase_ratio': '???', 'init_lr_scale': 0.01, 'max_update': '${optimization.max_update}', 'lr': '${optimization.lr}'}, 'scoring': None, 'bpe': None, 'tokenizer': None}
[2026-06-13 19:56:41,015][models.encoder_backbone][INFO] - EncoderBackbone Config: {'_name': 'av_hubert', 'label_rate': 25, 'input_modality': '${task.input_modality}', 'extractor_mode': default, 'encoder_layers': 12, 'encoder_embed_dim': 768, 'encoder_ffn_embed_dim': 3072, 'encoder_attention_heads': 12, 'activation_fn': gelu, 'dropout': 0.0, 'attention_dropout': 0.0, 'activation_dropout': 0.1, 'encoder_layerdrop': 0.1, 'dropout_input': 0.0, 'dropout_features': 0.1, 'final_dim': 256, 'untie_final_proj': True, 'layer_norm_first': True, 'conv_feature_layers': '[(512,10,5)] + [(512,3,2)] * 4 + [(512,2,2)] * 2', 'conv_bias': False, 'logit_temp': 0.1, 'target_glu': False, 'feature_grad_mult': 1.0, 'mask_length_audio': 10, 'mask_prob_audio': 0.8, 'mask_length_image': 5, 'mask_prob_image': 0.3, 'mask_selection': static, 'mask_other': 0.0, 'no_mask_overlap': False, 'mask_min_space': 1, 'mask_channel_length': 64, 'mask_channel_prob': 0.5, 'mask_channel_selection': static, 'mask_channel_other': 0.0, 'no_mask_channel_overlap': False, 'mask_channel_min_space': 1, 'conv_pos': 128, 'conv_pos_groups': 16, 'latent_temp': [2.0, 0.5, 0.999995], 'skip_masked': False, 'skip_nomask': False, 'resnet_relu_type': 'prelu', 'resnet_weights': None, 'sim_type': 'cosine', 'sub_encoder_layers': 0, 'audio_feat_dim': 104, 'modality_dropout': 0.03, 'audio_dropout': 0.3, 'modality_dropout_mode': 'span', 'modality_dropout_span_min': 10, 'modality_dropout_span_max': 30, 'modality_fuse': 'concat', 'selection_type': 'same_seq', 'masking_type': 'input', 'decoder_embed_dim': 768, 'decoder_ffn_embed_dim': 3072, 'decoder_layers': 6, 'decoder_layerdrop': 0.0, 'decoder_attention_heads': 4, 'decoder_learned_pos': False, 'decoder_normalize_before': False, 'no_token_positional_embeddings': False, 'decoder_dropout': 0.1, 'decoder_attention_dropout': 0.1, 'decoder_activation_dropout': 0.0, 'max_target_positions': 2048, 'share_decoder_input_output_embed': False, 'no_scale_embedding': True, 'apply_mask': False, 'mask_prob': 0.75, 'mask_length': 10}
/opt/conda/envs/rzd/lib/python3.10/site-packages/torch/nn/utils/weight_norm.py:30: UserWarning: torch.nn.utils.weight_norm is deprecated in favor of torch.nn.utils.parametrizations.weight_norm.
  warnings.warn("torch.nn.utils.weight_norm is deprecated in favor of torch.nn.utils.parametrizations.weight_norm.")
[2026-06-13 19:56:42,317][models.audio_video_model][INFO] - _IncompatibleKeys(missing_keys=[], unexpected_keys=['mask_emb', 'label_embs_concat', 'final_proj.weight', 'final_proj.bias'])
[2026-06-13 19:56:42,915][main][INFO] - AudioVideoModel(
  (encoder): EncoderBackboneWrapper(
    (pretrained_model): EncoderBackbone(
      (feature_extractor_audio): AudioEncoder(
        (proj): Linear(in_features=104, out_features=768, bias=True)
      )
      (feature_extractor_video): ResEncoder(
        (frontend3D): Sequential(
          (0): Conv3d(1, 64, kernel_size=(5, 7, 7), stride=(1, 2, 2), padding=(2, 3, 3), bias=False)
          (1): BatchNorm3d(64, eps=1e-05, momentum=0.1, affine=True, track_running_stats=True)
          (2): PReLU(num_parameters=64)
          (3): MaxPool3d(kernel_size=(1, 3, 3), stride=(1, 2, 2), padding=(0, 1, 1), dilation=1, ceil_mode=False)
        )
        (trunk): ResNet(
          (layer1): Sequential(
            (0): BasicBlock(
              (conv1): Conv2d(64, 64, kernel_size=(3, 3), stride=(1, 1), padding=(1, 1), bias=False)
              (bn1): BatchNorm2d(64, eps=1e-05, momentum=0.1, affine=True, track_running_stats=True)
              (relu1): PReLU(num_parameters=64)
              (conv2): Conv2d(64, 64, kernel_size=(3, 3), stride=(1, 1), padding=(1, 1), bias=False)
              (bn2): BatchNorm2d(64, eps=1e-05, momentum=0.1, affine=True, track_running_stats=True)
              (relu2): PReLU(num_parameters=64)
            )
            (1): BasicBlock(
              (conv1): Conv2d(64, 64, kernel_size=(3, 3), stride=(1, 1), padding=(1, 1), bias=False)
              (bn1): BatchNorm2d(64, eps=1e-05, momentum=0.1, affine=True, track_running_stats=True)
              (relu1): PReLU(num_parameters=64)
              (conv2): Conv2d(64, 64, kernel_size=(3, 3), stride=(1, 1), padding=(1, 1), bias=False)
              (bn2): BatchNorm2d(64, eps=1e-05, momentum=0.1, affine=True, track_running_stats=True)
              (relu2): PReLU(num_parameters=64)
            )
          )
          (layer2): Sequential(
            (0): BasicBlock(
              (conv1): Conv2d(64, 128, kernel_size=(3, 3), stride=(2, 2), padding=(1, 1), bias=False)
              (bn1): BatchNorm2d(128, eps=1e-05, momentum=0.1, affine=True, track_running_stats=True)
              (relu1): PReLU(num_parameters=128)
              (conv2): Conv2d(128, 128, kernel_size=(3, 3), stride=(1, 1), padding=(1, 1), bias=False)
              (bn2): BatchNorm2d(128, eps=1e-05, momentum=0.1, affine=True, track_running_stats=True)
              (relu2): PReLU(num_parameters=128)
              (downsample): Sequential(
                (0): Conv2d(64, 128, kernel_size=(1, 1), stride=(2, 2), bias=False)
                (1): BatchNorm2d(128, eps=1e-05, momentum=0.1, affine=True, track_running_stats=True)
              )
            )
            (1): BasicBlock(
              (conv1): Conv2d(128, 128, kernel_size=(3, 3), stride=(1, 1), padding=(1, 1), bias=False)
              (bn1): BatchNorm2d(128, eps=1e-05, momentum=0.1, affine=True, track_running_stats=True)
              (relu1): PReLU(num_parameters=128)
              (conv2): Conv2d(128, 128, kernel_size=(3, 3), stride=(1, 1), padding=(1, 1), bias=False)
              (bn2): BatchNorm2d(128, eps=1e-05, momentum=0.1, affine=True, track_running_stats=True)
              (relu2): PReLU(num_parameters=128)
            )
          )
          (layer3): Sequential(
            (0): BasicBlock(
              (conv1): Conv2d(128, 256, kernel_size=(3, 3), stride=(2, 2), padding=(1, 1), bias=False)
              (bn1): BatchNorm2d(256, eps=1e-05, momentum=0.1, affine=True, track_running_stats=True)
              (relu1): PReLU(num_parameters=256)
              (conv2): Conv2d(256, 256, kernel_size=(3, 3), stride=(1, 1), padding=(1, 1), bias=False)
              (bn2): BatchNorm2d(256, eps=1e-05, momentum=0.1, affine=True, track_running_stats=True)
              (relu2): PReLU(num_parameters=256)
              (downsample): Sequential(
                (0): Conv2d(128, 256, kernel_size=(1, 1), stride=(2, 2), bias=False)
                (1): BatchNorm2d(256, eps=1e-05, momentum=0.1, affine=True, track_running_stats=True)
              )
            )
            (1): BasicBlock(
              (conv1): Conv2d(256, 256, kernel_size=(3, 3), stride=(1, 1), padding=(1, 1), bias=False)
              (bn1): BatchNorm2d(256, eps=1e-05, momentum=0.1, affine=True, track_running_stats=True)
              (relu1): PReLU(num_parameters=256)
              (conv2): Conv2d(256, 256, kernel_size=(3, 3), stride=(1, 1), padding=(1, 1), bias=False)
              (bn2): BatchNorm2d(256, eps=1e-05, momentum=0.1, affine=True, track_running_stats=True)
              (relu2): PReLU(num_parameters=256)
            )
          )
          (layer4): Sequential(
            (0): BasicBlock(
              (conv1): Conv2d(256, 512, kernel_size=(3, 3), stride=(2, 2), padding=(1, 1), bias=False)
              (bn1): BatchNorm2d(512, eps=1e-05, momentum=0.1, affine=True, track_running_stats=True)
              (relu1): PReLU(num_parameters=512)
              (conv2): Conv2d(512, 512, kernel_size=(3, 3), stride=(1, 1), padding=(1, 1), bias=False)
              (bn2): BatchNorm2d(512, eps=1e-05, momentum=0.1, affine=True, track_running_stats=True)
              (relu2): PReLU(num_parameters=512)
              (downsample): Sequential(
                (0): Conv2d(256, 512, kernel_size=(1, 1), stride=(2, 2), bias=False)
                (1): BatchNorm2d(512, eps=1e-05, momentum=0.1, affine=True, track_running_stats=True)
              )
            )
            (1): BasicBlock(
              (conv1): Conv2d(512, 512, kernel_size=(3, 3), stride=(1, 1), padding=(1, 1), bias=False)
              (bn1): BatchNorm2d(512, eps=1e-05, momentum=0.1, affine=True, track_running_stats=True)
              (relu1): PReLU(num_parameters=512)
              (conv2): Conv2d(512, 512, kernel_size=(3, 3), stride=(1, 1), padding=(1, 1), bias=False)
              (bn2): BatchNorm2d(512, eps=1e-05, momentum=0.1, affine=True, track_running_stats=True)
              (relu2): PReLU(num_parameters=512)
            )
          )
          (avgpool): AdaptiveAvgPool2d(output_size=1)
        )
        (proj): Linear(in_features=512, out_features=768, bias=True)
      )
      (post_extract_proj): Linear(in_features=1536, out_features=768, bias=True)
      (encoder): TransformerEncoder(
        (pos_conv): Sequential(
          (0): Conv1d(768, 768, kernel_size=(128,), stride=(1,), padding=(64,), groups=16)
          (1): SamePad()
          (2): GELU(approximate='none')
        )
        (layers): ModuleList(
          (0-11): 12 x TransformerSentenceEncoderLayer(
            (self_attn): MultiheadAttention(
              (dropout_module): Dropout(p=0.0, inplace=False)
              (k_proj): Linear(in_features=768, out_features=768, bias=True)
              (v_proj): Linear(in_features=768, out_features=768, bias=True)
              (q_proj): Linear(in_features=768, out_features=768, bias=True)
              (out_proj): Linear(in_features=768, out_features=768, bias=True)
            )
            (dropout1): Dropout(p=0.0, inplace=False)
            (dropout2): Dropout(p=0.1, inplace=False)
            (dropout3): Dropout(p=0.0, inplace=False)
            (self_attn_layer_norm): LayerNorm((768,), eps=1e-05, elementwise_affine=True)
            (fc1): Linear(in_features=768, out_features=3072, bias=True)
            (fc2): Linear(in_features=3072, out_features=768, bias=True)
            (final_layer_norm): LayerNorm((768,), eps=1e-05, elementwise_affine=True)
          )
        )
        (layer_norm): LayerNorm((768,), eps=1e-05, elementwise_affine=True)
      )
      (layer_norm): LayerNorm((1536,), eps=1e-05, elementwise_affine=True)
      (dropout_input): Dropout(p=0.0, inplace=False)
      (dropout_features): Dropout(p=0.1, inplace=False)
    )
  )
  (decoder): TransformerDecoder(
    (embed_tokens): Embedding(1000, 768, padding_idx=1)
    (embed_positions): SinusoidalPositionalEmbedding()
    (layers): ModuleList(
      (0-5): 6 x TransformerDecoderLayer(
        (dropout_module): Dropout(p=0.1, inplace=False)
        (self_attn): MultiheadAttention(
          (dropout_module): Dropout(p=0.0, inplace=False)
          (k_proj): Linear(in_features=768, out_features=768, bias=True)
          (v_proj): Linear(in_features=768, out_features=768, bias=True)
          (q_proj): Linear(in_features=768, out_features=768, bias=True)
          (out_proj): Linear(in_features=768, out_features=768, bias=True)
        )
        (activation_dropout_module): Dropout(p=0.1, inplace=False)
        (self_attn_layer_norm): LayerNorm((768,), eps=1e-05, elementwise_affine=True)
        (encoder_attn): MultiheadAttention(
          (dropout_module): Dropout(p=0.0, inplace=False)
          (k_proj): Linear(in_features=768, out_features=768, bias=True)
          (v_proj): Linear(in_features=768, out_features=768, bias=True)
          (q_proj): Linear(in_features=768, out_features=768, bias=True)
          (out_proj): Linear(in_features=768, out_features=768, bias=True)
        )
        (encoder_attn_layer_norm): LayerNorm((768,), eps=1e-05, elementwise_affine=True)
        (fc1): Linear(in_features=768, out_features=3072, bias=True)
        (fc2): Linear(in_features=3072, out_features=768, bias=True)
        (final_layer_norm): LayerNorm((768,), eps=1e-05, elementwise_affine=True)
      )
    )
    (layer_norm): LayerNorm((768,), eps=1e-05, elementwise_affine=True)
  )
)
[2026-06-13 19:56:42,918][main][INFO] - model: AudioVideoModel
[2026-06-13 19:56:42,918][main][INFO] - criterion: LabelSmoothedCrossEntropyCriterion
[2026-06-13 19:56:42,921][main][INFO] - num. shared model params: 160,100,480 (num. trained: 160,100,480)
[2026-06-13 19:56:42,924][main][INFO] - num. expert model params: 0 (num. trained: 0)
[2026-06-13 19:56:42,924][dataset][INFO] - Using tokenizer
[2026-06-13 19:56:42,980][dataset][INFO] - max_keep=500, min_keep=None, loaded 30782, skipped 0 short and 0 long and 0 unaligned, longest-loaded=155, shortest-loaded=12
[2026-06-13 19:56:42,980][dataset][INFO] - image transform: Compose(
    Normalize(mean=0.0, std=255.0)
    RandomCrop(size=(88, 88))
    <utils.model_utils.HorizontalFlip object at 0x7f1a76e24a30>
    Normalize(mean=0.421, std=0.165)
)
[2026-06-13 19:56:42,991][dataset][INFO] - pad_audio=True, random_crop=False, normalize=True, max_sample_size=500, seqs2seq data=True,
[2026-06-13 19:56:42,991][dataset][INFO] - Using tokenizer
[2026-06-13 19:56:42,997][dataset][INFO] - max_keep=500, min_keep=None, loaded 1200, skipped 0 short and 0 long and 0 unaligned, longest-loaded=155, shortest-loaded=17
[2026-06-13 19:56:42,997][dataset][INFO] - image transform: Compose(
    Normalize(mean=0.0, std=255.0)
    <utils.model_utils.CenterCrop object at 0x7f1a76e5c760>
    Normalize(mean=0.421, std=0.165)
)
[2026-06-13 19:56:42,999][dataset][INFO] - pad_audio=True, random_crop=False, normalize=True, max_sample_size=500, seqs2seq data=True,
[2026-06-13 19:56:43,861][trainer][INFO] - detected shared parameter: encoder.pretrained_model.feature_extractor_video.frontend3D.0.bias <- encoder.pretrained_model.feature_extractor_video.trunk.layer1.0.conv1.bias
[2026-06-13 19:56:43,861][trainer][INFO] - detected shared parameter: encoder.pretrained_model.feature_extractor_video.frontend3D.0.bias <- encoder.pretrained_model.feature_extractor_video.trunk.layer1.0.conv2.bias
[2026-06-13 19:56:43,861][trainer][INFO] - detected shared parameter: encoder.pretrained_model.feature_extractor_video.frontend3D.0.bias <- encoder.pretrained_model.feature_extractor_video.trunk.layer1.1.conv1.bias
[2026-06-13 19:56:43,861][trainer][INFO] - detected shared parameter: encoder.pretrained_model.feature_extractor_video.frontend3D.0.bias <- encoder.pretrained_model.feature_extractor_video.trunk.layer1.1.conv2.bias
[2026-06-13 19:56:43,861][trainer][INFO] - detected shared parameter: encoder.pretrained_model.feature_extractor_video.frontend3D.0.bias <- encoder.pretrained_model.feature_extractor_video.trunk.layer2.0.conv1.bias
[2026-06-13 19:56:43,861][trainer][INFO] - detected shared parameter: encoder.pretrained_model.feature_extractor_video.frontend3D.0.bias <- encoder.pretrained_model.feature_extractor_video.trunk.layer2.0.conv2.bias
[2026-06-13 19:56:43,861][trainer][INFO] - detected shared parameter: encoder.pretrained_model.feature_extractor_video.frontend3D.0.bias <- encoder.pretrained_model.feature_extractor_video.trunk.layer2.0.downsample.0.bias
[2026-06-13 19:56:43,862][trainer][INFO] - detected shared parameter: encoder.pretrained_model.feature_extractor_video.frontend3D.0.bias <- encoder.pretrained_model.feature_extractor_video.trunk.layer2.1.conv1.bias
[2026-06-13 19:56:43,863][trainer][INFO] - detected shared parameter: encoder.pretrained_model.feature_extractor_video.frontend3D.0.bias <- encoder.pretrained_model.feature_extractor_video.trunk.layer2.1.conv2.bias
[2026-06-13 19:56:43,865][trainer][INFO] - detected shared parameter: encoder.pretrained_model.feature_extractor_video.frontend3D.0.bias <- encoder.pretrained_model.feature_extractor_video.trunk.layer3.0.conv1.bias
[2026-06-13 19:56:43,865][trainer][INFO] - detected shared parameter: encoder.pretrained_model.feature_extractor_video.frontend3D.0.bias <- encoder.pretrained_model.feature_extractor_video.trunk.layer3.0.conv2.bias
[2026-06-13 19:56:43,866][trainer][INFO] - detected shared parameter: encoder.pretrained_model.feature_extractor_video.frontend3D.0.bias <- encoder.pretrained_model.feature_extractor_video.trunk.layer3.0.downsample.0.bias
[2026-06-13 19:56:43,866][trainer][INFO] - detected shared parameter: encoder.pretrained_model.feature_extractor_video.frontend3D.0.bias <- encoder.pretrained_model.feature_extractor_video.trunk.layer3.1.conv1.bias
[2026-06-13 19:56:43,866][trainer][INFO] - detected shared parameter: encoder.pretrained_model.feature_extractor_video.frontend3D.0.bias <- encoder.pretrained_model.feature_extractor_video.trunk.layer3.1.conv2.bias
[2026-06-13 19:56:43,867][trainer][INFO] - detected shared parameter: encoder.pretrained_model.feature_extractor_video.frontend3D.0.bias <- encoder.pretrained_model.feature_extractor_video.trunk.layer4.0.conv1.bias
[2026-06-13 19:56:43,867][trainer][INFO] - detected shared parameter: encoder.pretrained_model.feature_extractor_video.frontend3D.0.bias <- encoder.pretrained_model.feature_extractor_video.trunk.layer4.0.conv2.bias
[2026-06-13 19:56:43,867][trainer][INFO] - detected shared parameter: encoder.pretrained_model.feature_extractor_video.frontend3D.0.bias <- encoder.pretrained_model.feature_extractor_video.trunk.layer4.0.downsample.0.bias
[2026-06-13 19:56:43,868][trainer][INFO] - detected shared parameter: encoder.pretrained_model.feature_extractor_video.frontend3D.0.bias <- encoder.pretrained_model.feature_extractor_video.trunk.layer4.1.conv1.bias
[2026-06-13 19:56:43,868][trainer][INFO] - detected shared parameter: encoder.pretrained_model.feature_extractor_video.frontend3D.0.bias <- encoder.pretrained_model.feature_extractor_video.trunk.layer4.1.conv2.bias
[2026-06-13 19:56:43,868][fairseq.utils][INFO] - ***********************CUDA enviroments for all 1 workers***********************
[2026-06-13 19:56:43,869][fairseq.utils][INFO] - rank   0: capabilities =  9.0  ; total memory = 79.179 GB ; name = NVIDIA H100 80GB HBM3                   
[2026-06-13 19:56:43,869][fairseq.utils][INFO] - ***********************CUDA enviroments for all 1 workers***********************
[2026-06-13 19:56:43,869][main][INFO] - training on 1 devices (GPUs/TPUs)
[2026-06-13 19:56:43,870][main][INFO] - max tokens per device = 1000 and max sentences per device = None
[2026-06-13 19:56:43,871][trainer][INFO] - Preparing to load checkpoint checkpoints/checkpoint_last.pt
[2026-06-13 19:56:43,871][trainer][INFO] - No existing checkpoint found checkpoints/checkpoint_last.pt
[2026-06-13 19:56:44,779][trainer][INFO] - begin training epoch 1
[2026-06-13 19:56:44,779][main][INFO] - Start iterating over samples
[2026-06-13 19:58:43,433][train_inner][INFO] - {"epoch": 1, "update": 0.063, "loss": "155.063", "nll_loss": "8.515", "total": "178.305", "n_correct": "10.75", "ppl": "365.93", "accuracy": "6.029", "wps": "302", "ups": "1.69", "wpb": "178.3", "bsz": "10.1", "num_updates": "200", "lr": "2.98e-05", "gnorm": "93.98", "loss_scale": "128", "train_wall": "16", "gb_free": "75.7", "wall": "120"}
[2026-06-13 20:00:36,338][train_inner][INFO] - {"epoch": 1, "update": 0.126, "loss": "169.441", "nll_loss": "8.149", "total": "181.27", "n_correct": "12.29", "ppl": "283.79", "accuracy": "6.78", "wps": "321.1", "ups": "1.77", "wpb": "181.3", "bsz": "9", "num_updates": "400", "lr": "4.96e-05", "gnorm": "67.43", "loss_scale": "128", "train_wall": "12", "gb_free": "75.7", "wall": "232"}
[2026-06-13 20:02:28,694][train_inner][INFO] - {"epoch": 1, "update": 0.189, "loss": "155.758", "nll_loss": "8.023", "total": "177.86", "n_correct": "14.5", "ppl": "260.18", "accuracy": "8.152", "wps": "316.6", "ups": "1.78", "wpb": "177.9", "bsz": "9.5", "num_updates": "600", "lr": "6.94e-05", "gnorm": "53.917", "loss_scale": "128", "train_wall": "11", "gb_free": "75.7", "wall": "345"}
[2026-06-13 20:04:20,423][train_inner][INFO] - {"epoch": 1, "update": 0.252, "loss": "148.575", "nll_loss": "7.831", "total": "179.33", "n_correct": "19.905", "ppl": "227.71", "accuracy": "11.1", "wps": "321", "ups": "1.79", "wpb": "179.3", "bsz": "9.9", "num_updates": "800", "lr": "8.92e-05", "gnorm": "50.573", "loss_scale": "128", "train_wall": "11", "gb_free": "75.7", "wall": "457"}
[2026-06-13 20:06:13,676][train_inner][INFO] - {"epoch": 1, "update": 0.315, "loss": "152.256", "nll_loss": "7.657", "total": "176.56", "n_correct": "22.215", "ppl": "201.85", "accuracy": "12.582", "wps": "311.8", "ups": "1.77", "wpb": "176.6", "bsz": "9.3", "num_updates": "1000", "lr": "0.000109", "gnorm": "51.114", "loss_scale": "128", "train_wall": "11", "gb_free": "75.7", "wall": "570"}
[2026-06-13 20:08:09,598][train_inner][INFO] - {"epoch": 1, "update": 0.378, "loss": "149.577", "nll_loss": "7.474", "total": "177.705", "n_correct": "24.405", "ppl": "177.73", "accuracy": "13.733", "wps": "306.6", "ups": "1.73", "wpb": "177.7", "bsz": "9.3", "num_updates": "1200", "lr": "0.0001288", "gnorm": "53.055", "loss_scale": "128", "train_wall": "11", "gb_free": "75.7", "wall": "686"}
[2026-06-13 20:10:07,121][train_inner][INFO] - {"epoch": 1, "update": 0.441, "loss": "136.4", "nll_loss": "7.271", "total": "180.08", "n_correct": "27.635", "ppl": "154.47", "accuracy": "15.346", "wps": "306.5", "ups": "1.7", "wpb": "180.1", "bsz": "10.2", "num_updates": "1400", "lr": "0.0001486", "gnorm": "49.836", "loss_scale": "128", "train_wall": "11", "gb_free": "75.7", "wall": "803"}
[2026-06-13 20:12:00,306][train_inner][INFO] - {"epoch": 1, "update": 0.504, "loss": "144.986", "nll_loss": "7.199", "total": "179.95", "n_correct": "28.115", "ppl": "146.92", "accuracy": "15.624", "wps": "318", "ups": "1.77", "wpb": "179.9", "bsz": "9.5", "num_updates": "1600", "lr": "0.0001684", "gnorm": "50.878", "loss_scale": "128", "train_wall": "11", "gb_free": "75.7", "wall": "916"}
[2026-06-13 20:13:59,955][train_inner][INFO] - {"epoch": 1, "update": 0.567, "loss": "127.504", "nll_loss": "6.911", "total": "181.98", "n_correct": "32.61", "ppl": "120.37", "accuracy": "17.92", "wps": "304.2", "ups": "1.67", "wpb": "182", "bsz": "10.5", "num_updates": "1800", "lr": "0.0001882", "gnorm": "47.674", "loss_scale": "128", "train_wall": "11", "gb_free": "75.7", "wall": "1036"}
[2026-06-13 20:15:55,630][train_inner][INFO] - {"epoch": 1, "update": 0.63, "loss": "136.259", "nll_loss": "6.855", "total": "182.14", "n_correct": "32.2", "ppl": "115.8", "accuracy": "17.679", "wps": "315", "ups": "1.73", "wpb": "182.1", "bsz": "9.8", "num_updates": "2000", "lr": "0.000208", "gnorm": "49.399", "loss_scale": "128", "train_wall": "11", "gb_free": "75.7", "wall": "1152"}
[2026-06-13 20:17:42,545][train_inner][INFO] - {"epoch": 1, "update": 0.693, "loss": "137.02", "nll_loss": "6.744", "total": "178.665", "n_correct": "32.195", "ppl": "107.21", "accuracy": "18.02", "wps": "334.3", "ups": "1.87", "wpb": "178.7", "bsz": "9.4", "num_updates": "2200", "lr": "0.0002278", "gnorm": "50.231", "loss_scale": "128", "train_wall": "11", "gb_free": "75.7", "wall": "1259"}
[2026-06-13 20:19:34,042][train_inner][INFO] - {"epoch": 1, "update": 0.756, "loss": "137.318", "nll_loss": "6.628", "total": "180.825", "n_correct": "34.025", "ppl": "98.89", "accuracy": "18.817", "wps": "324.4", "ups": "1.79", "wpb": "180.8", "bsz": "9.4", "num_updates": "2400", "lr": "0.0002476", "gnorm": "51.283", "loss_scale": "128", "train_wall": "11", "gb_free": "75.7", "wall": "1370"}
[2026-06-13 20:21:19,395][train_inner][INFO] - {"epoch": 1, "update": 0.819, "loss": "130.366", "nll_loss": "6.411", "total": "181.03", "n_correct": "36.38", "ppl": "85.07", "accuracy": "20.096", "wps": "343.7", "ups": "1.9", "wpb": "181", "bsz": "9.7", "num_updates": "2600", "lr": "0.0002674", "gnorm": "50.579", "loss_scale": "128", "train_wall": "11", "gb_free": "75.7", "wall": "1476"}
[2026-06-13 20:22:57,556][train_inner][INFO] - {"epoch": 1, "update": 0.882, "loss": "124.74", "nll_loss": "6.192", "total": "175.29", "n_correct": "37.525", "ppl": "73.13", "accuracy": "21.407", "wps": "357.2", "ups": "2.04", "wpb": "175.3", "bsz": "9.5", "num_updates": "2800", "lr": "0.0002872", "gnorm": "49.877", "loss_scale": "128", "train_wall": "11", "gb_free": "75.7", "wall": "1574"}
[2026-06-13 20:24:36,333][train_inner][INFO] - {"epoch": 1, "update": 0.945, "loss": "126.307", "nll_loss": "6.129", "total": "183.02", "n_correct": "39.52", "ppl": "70", "accuracy": "21.593", "wps": "370.6", "ups": "2.02", "wpb": "183", "bsz": "9.7", "num_updates": "3000", "lr": "0.000307", "gnorm": "51.469", "loss_scale": "128", "train_wall": "11", "gb_free": "75.7", "wall": "1672"}
[2026-06-13 20:26:21,333][main][INFO] - end of epoch 1 (average epoch stats below)
[2026-06-13 20:26:21,345][train][INFO] - {"epoch": 1, "train_loss": "140.407", "train_nll_loss": "7.126", "train_total": "179.799", "train_n_correct": "27.8196", "train_ppl": "139.67", "train_accuracy": "15.473", "train_wps": "321.5", "train_ups": "1.79", "train_wpb": "179.8", "train_bsz": "9.7", "train_num_updates": "3176", "train_lr": "0.000324424", "train_gnorm": "54.534", "train_loss_scale": "128", "train_train_wall": "185", "train_gb_free": "75.7", "train_wall": "1777"}
[2026-06-13 20:26:21,846][trainer][INFO] - begin training epoch 2
[2026-06-13 20:26:21,846][main][INFO] - Start iterating over samples
[2026-06-13 20:26:35,231][train_inner][INFO] - {"epoch": 2, "update": 1.008, "loss": "118.249", "nll_loss": "5.921", "total": "181.945", "n_correct": "42.42", "ppl": "60.59", "accuracy": "23.315", "wps": "306.1", "ups": "1.68", "wpb": "181.9", "bsz": "10.1", "num_updates": "3200", "lr": "0.0003268", "gnorm": "51.002", "loss_scale": "128", "train_wall": "12", "gb_free": "75.7", "wall": "1791"}
[2026-06-13 20:28:29,000][train_inner][INFO] - {"epoch": 2, "update": 1.071, "loss": "118.797", "nll_loss": "5.763", "total": "181.22", "n_correct": "42.295", "ppl": "54.32", "accuracy": "23.339", "wps": "318.6", "ups": "1.76", "wpb": "181.2", "bsz": "9.8", "num_updates": "3400", "lr": "0.0003466", "gnorm": "52.445", "loss_scale": "128", "train_wall": "11", "gb_free": "75.7", "wall": "1905"}
[2026-06-13 20:30:25,349][train_inner][INFO] - {"epoch": 2, "update": 1.134, "loss": "111.648", "nll_loss": "5.516", "total": "184.03", "n_correct": "47.15", "ppl": "45.77", "accuracy": "25.621", "wps": "316.4", "ups": "1.72", "wpb": "184", "bsz": "10.2", "num_updates": "3600", "lr": "0.0003664", "gnorm": "53.119", "loss_scale": "128", "train_wall": "11", "gb_free": "75.7", "wall": "2021"}
[2026-06-13 20:32:14,071][train_inner][INFO] - {"epoch": 2, "update": 1.196, "loss": "118.418", "nll_loss": "5.375", "total": "177.94", "n_correct": "46.96", "ppl": "41.5", "accuracy": "26.391", "wps": "327.4", "ups": "1.84", "wpb": "177.9", "bsz": "9.1", "num_updates": "3800", "lr": "0.0003862", "gnorm": "56.394", "loss_scale": "128", "train_wall": "11", "gb_free": "75.7", "wall": "2130"}
[2026-06-13 20:34:02,951][train_inner][INFO] - {"epoch": 2, "update": 1.259, "loss": "109.943", "nll_loss": "5.083", "total": "176.96", "n_correct": "51.46", "ppl": "33.89", "accuracy": "29.08", "wps": "325.1", "ups": "1.84", "wpb": "177", "bsz": "9.4", "num_updates": "4000", "lr": "0.000406", "gnorm": "58.482", "loss_scale": "128", "train_wall": "11", "gb_free": "75.7", "wall": "2239"}
[2026-06-13 20:35:52,157][train_inner][INFO] - {"epoch": 2, "update": 1.322, "loss": "110.286", "nll_loss": "4.915", "total": "182.315", "n_correct": "55.785", "ppl": "30.17", "accuracy": "30.598", "wps": "333.9", "ups": "1.83", "wpb": "182.3", "bsz": "9.4", "num_updates": "4200", "lr": "0.0004258", "gnorm": "60.314", "loss_scale": "128", "train_wall": "11", "gb_free": "75.7", "wall": "2348"}
[2026-06-13 20:37:47,707][train_inner][INFO] - {"epoch": 2, "update": 1.385, "loss": "94.806", "nll_loss": "4.567", "total": "178.705", "n_correct": "60.64", "ppl": "23.7", "accuracy": "33.933", "wps": "309.3", "ups": "1.73", "wpb": "178.7", "bsz": "10.2", "num_updates": "4400", "lr": "0.0004456", "gnorm": "57.5", "loss_scale": "128", "train_wall": "11", "gb_free": "75.7", "wall": "2464"}
[2026-06-13 20:39:51,407][train_inner][INFO] - {"epoch": 2, "update": 1.448, "loss": "89.306", "nll_loss": "4.359", "total": "182.91", "n_correct": "66.63", "ppl": "20.52", "accuracy": "36.428", "wps": "295.8", "ups": "1.62", "wpb": "182.9", "bsz": "10.7", "num_updates": "4600", "lr": "0.0004654", "gnorm": "55.939", "loss_scale": "128", "train_wall": "11", "gb_free": "75.7", "wall": "2588"}
[2026-06-13 20:41:42,181][train_inner][INFO] - {"epoch": 2, "update": 1.511, "loss": "94.992", "nll_loss": "4.309", "total": "178.54", "n_correct": "65.465", "ppl": "19.82", "accuracy": "36.667", "wps": "322.4", "ups": "1.81", "wpb": "178.5", "bsz": "9.7", "num_updates": "4800", "lr": "0.0004852", "gnorm": "56.705", "loss_scale": "128", "train_wall": "11", "gb_free": "75.7", "wall": "2698"}
[2026-06-13 20:43:37,704][train_inner][INFO] - {"epoch": 2, "update": 1.574, "loss": "90.934", "nll_loss": "4.151", "total": "181.955", "n_correct": "70.485", "ppl": "17.76", "accuracy": "38.738", "wps": "315", "ups": "1.73", "wpb": "182", "bsz": "10.1", "num_updates": "5000", "lr": "0.000505", "gnorm": "56.671", "loss_scale": "128", "train_wall": "11", "gb_free": "75.7", "wall": "2814"}
[2026-06-13 20:45:40,274][train_inner][INFO] - {"epoch": 2, "update": 1.637, "loss": "86.457", "nll_loss": "3.984", "total": "178.205", "n_correct": "72.44", "ppl": "15.83", "accuracy": "40.65", "wps": "290.8", "ups": "1.63", "wpb": "178.2", "bsz": "10.1", "num_updates": "5200", "lr": "0.0005248", "gnorm": "54.024", "loss_scale": "128", "train_wall": "12", "gb_free": "75.7", "wall": "2936"}
[2026-06-13 20:47:41,618][train_inner][INFO] - {"epoch": 2, "update": 1.7, "loss": "83.835", "nll_loss": "3.871", "total": "177.005", "n_correct": "74.96", "ppl": "14.63", "accuracy": "42.349", "wps": "291.8", "ups": "1.65", "wpb": "177", "bsz": "10.1", "num_updates": "5400", "lr": "0.0005446", "gnorm": "54.927", "loss_scale": "128", "train_wall": "11", "gb_free": "75.7", "wall": "3058"}
[2026-06-13 20:49:35,925][train_inner][INFO] - {"epoch": 2, "update": 1.763, "loss": "100.02", "nll_loss": "3.925", "total": "181.805", "n_correct": "75.695", "ppl": "15.19", "accuracy": "41.635", "wps": "318.1", "ups": "1.75", "wpb": "181.8", "bsz": "8.8", "num_updates": "5600", "lr": "0.0005644", "gnorm": "57.513", "loss_scale": "128", "train_wall": "12", "gb_free": "75.7", "wall": "3172"}
[2026-06-13 20:51:29,549][train_inner][INFO] - {"epoch": 2, "update": 1.826, "loss": "93.514", "nll_loss": "3.708", "total": "179.055", "n_correct": "79.375", "ppl": "13.07", "accuracy": "44.33", "wps": "315.2", "ups": "1.76", "wpb": "179.1", "bsz": "8.9", "num_updates": "5800", "lr": "0.0005842", "gnorm": "55.253", "loss_scale": "128", "train_wall": "11", "gb_free": "75.7", "wall": "3286"}
[2026-06-13 20:53:22,255][train_inner][INFO] - {"epoch": 2, "update": 1.889, "loss": "90.875", "nll_loss": "3.66", "total": "178.135", "n_correct": "80.125", "ppl": "12.64", "accuracy": "44.98", "wps": "316.1", "ups": "1.77", "wpb": "178.1", "bsz": "9.1", "num_updates": "6000", "lr": "0.000604", "gnorm": "54.438", "loss_scale": "128", "train_wall": "12", "gb_free": "75.7", "wall": "3398"}
[2026-06-13 20:55:21,151][train_inner][INFO] - {"epoch": 2, "update": 1.952, "loss": "81.733", "nll_loss": "3.456", "total": "180.595", "n_correct": "86.165", "ppl": "10.97", "accuracy": "47.712", "wps": "303.8", "ups": "1.68", "wpb": "180.6", "bsz": "9.8", "num_updates": "6200", "lr": "0.0006238", "gnorm": "49.252", "loss_scale": "128", "train_wall": "12", "gb_free": "75.7", "wall": "3517"}
[2026-06-13 20:56:53,907][main][INFO] - begin validation on "valid" subset
[2026-06-13 20:58:09,382][valid][INFO] - {"epoch": 2, "valid_loss": "80.248", "valid_nll_loss": "3.198", "valid_total": "178.205", "valid_n_correct": "89.6614", "valid_ppl": "9.18", "valid_accuracy": "50.314", "valid_wps": "302.2", "valid_wpb": "178.2", "valid_bsz": "9.4", "valid_num_updates": "6352"}
[2026-06-13 20:58:09,383][fairseq.checkpoint_utils][INFO] - Preparing to save checkpoint for epoch 2 @ 6352 updates
[2026-06-13 20:58:09,383][trainer][INFO] - Saving checkpoint to checkpoints/checkpoint_best.pt
[2026-06-13 20:58:13,232][trainer][INFO] - Finished saving checkpoint to checkpoints/checkpoint_best.pt
[2026-06-13 20:58:18,563][fairseq.checkpoint_utils][INFO] - Saved checkpoint checkpoints/checkpoint_best.pt (epoch 2 @ 6352 updates, score 50.314) (writing took 9.180336878984235 seconds)
[2026-06-13 20:58:18,564][main][INFO] - end of epoch 2 (average epoch stats below)
[2026-06-13 20:58:18,577][train][INFO] - {"epoch": 2, "train_loss": "97.554", "train_nll_loss": "4.405", "train_total": "179.799", "train_n_correct": "65.8542", "train_ppl": "21.19", "train_accuracy": "36.627", "train_wps": "297.8", "train_ups": "1.66", "train_wpb": "179.8", "train_bsz": "9.7", "train_num_updates": "6352", "train_lr": "0.000638848", "train_gnorm": "55.179", "train_loss_scale": "128", "train_train_wall": "181", "train_gb_free": "75.7", "train_wall": "3695"}
[2026-06-13 20:58:19,080][trainer][INFO] - begin training epoch 3
[2026-06-13 20:58:19,081][main][INFO] - Start iterating over samples
[2026-06-13 20:58:46,241][train_inner][INFO] - {"epoch": 3, "update": 2.015, "loss": "80.349", "nll_loss": "3.349", "total": "177.825", "n_correct": "86.855", "ppl": "10.19", "accuracy": "48.843", "wps": "173.4", "ups": "0.98", "wpb": "177.8", "bsz": "9.6", "num_updates": "6400", "lr": "0.0006436", "gnorm": "48.657", "loss_scale": "128", "train_wall": "11", "gb_free": "75.7", "wall": "3722"}
[2026-06-13 21:00:44,973][train_inner][INFO] - {"epoch": 3, "update": 2.078, "loss": "77.035", "nll_loss": "3.196", "total": "183.205", "n_correct": "92.405", "ppl": "9.17", "accuracy": "50.438", "wps": "308.6", "ups": "1.68", "wpb": "183.2", "bsz": "10.1", "num_updates": "6600", "lr": "0.0006634", "gnorm": "48.117", "loss_scale": "128", "train_wall": "11", "gb_free": "75.7", "wall": "3841"}
[2026-06-13 21:02:41,957][train_inner][INFO] - {"epoch": 3, "update": 2.141, "loss": "74.842", "nll_loss": "3.064", "total": "177.205", "n_correct": "92.975", "ppl": "8.36", "accuracy": "52.467", "wps": "303", "ups": "1.71", "wpb": "177.2", "bsz": "9.8", "num_updates": "6800", "lr": "0.0006832", "gnorm": "45.043", "loss_scale": "128", "train_wall": "11", "gb_free": "75.7", "wall": "3958"}
[2026-06-13 21:04:39,152][train_inner][INFO] - {"epoch": 3, "update": 2.204, "loss": "75.163", "nll_loss": "3.118", "total": "178.395", "n_correct": "93.21", "ppl": "8.68", "accuracy": "52.249", "wps": "304.5", "ups": "1.71", "wpb": "178.4", "bsz": "9.9", "num_updates": "7000", "lr": "0.000703", "gnorm": "45.143", "loss_scale": "128", "train_wall": "11", "gb_free": "75.7", "wall": "4075"}
[2026-06-13 21:06:38,841][train_inner][INFO] - {"epoch": 3, "update": 2.267, "loss": "79.184", "nll_loss": "3.08", "total": "185.385", "n_correct": "98.285", "ppl": "8.46", "accuracy": "53.017", "wps": "309.8", "ups": "1.67", "wpb": "185.4", "bsz": "9.7", "num_updates": "7200", "lr": "0.0007228", "gnorm": "46.452", "loss_scale": "128", "train_wall": "12", "gb_free": "75.7", "wall": "4195"}
[2026-06-13 21:08:30,211][train_inner][INFO] - {"epoch": 3, "update": 2.33, "loss": "77.802", "nll_loss": "2.949", "total": "178.965", "n_correct": "98.5", "ppl": "7.72", "accuracy": "55.039", "wps": "321.4", "ups": "1.8", "wpb": "179", "bsz": "9.2", "num_updates": "7400", "lr": "0.0007426", "gnorm": "42.638", "loss_scale": "128", "train_wall": "11", "gb_free": "75.7", "wall": "4306"}
[2026-06-13 21:10:29,666][train_inner][INFO] - {"epoch": 3, "update": 2.393, "loss": "74.878", "nll_loss": "2.979", "total": "183.475", "n_correct": "99.66", "ppl": "7.89", "accuracy": "54.318", "wps": "307.2", "ups": "1.67", "wpb": "183.5", "bsz": "9.9", "num_updates": "7600", "lr": "0.0007624", "gnorm": "43.262", "loss_scale": "128", "train_wall": "11", "gb_free": "75.7", "wall": "4426"}
[2026-06-13 21:12:19,288][train_inner][INFO] - {"epoch": 3, "update": 2.456, "loss": "76.249", "nll_loss": "2.832", "total": "179.125", "n_correct": "101.26", "ppl": "7.12", "accuracy": "56.53", "wps": "326.8", "ups": "1.82", "wpb": "179.1", "bsz": "9.2", "num_updates": "7800", "lr": "0.0007822", "gnorm": "41.991", "loss_scale": "128", "train_wall": "11", "gb_free": "75.7", "wall": "4535"}
[2026-06-13 21:14:18,244][train_inner][INFO] - {"epoch": 3, "update": 2.519, "loss": "70.788", "nll_loss": "2.79", "total": "182.37", "n_correct": "104.735", "ppl": "6.91", "accuracy": "57.43", "wps": "306.7", "ups": "1.68", "wpb": "182.4", "bsz": "10", "num_updates": "8000", "lr": "0.000802", "gnorm": "40.278", "loss_scale": "128", "train_wall": "11", "gb_free": "75.7", "wall": "4654"}
[2026-06-13 21:16:15,558][train_inner][INFO] - {"epoch": 3, "update": 2.582, "loss": "71.009", "nll_loss": "2.739", "total": "179.46", "n_correct": "104.245", "ppl": "6.68", "accuracy": "58.088", "wps": "306", "ups": "1.7", "wpb": "179.5", "bsz": "9.7", "num_updates": "8200", "lr": "0.0008218", "gnorm": "39.125", "loss_scale": "128", "train_wall": "11", "gb_free": "75.7", "wall": "4772"}
[2026-06-13 21:18:16,542][train_inner][INFO] - {"epoch": 3, "update": 2.645, "loss": "69.745", "nll_loss": "2.673", "total": "178.09", "n_correct": "105.605", "ppl": "6.38", "accuracy": "59.299", "wps": "294.4", "ups": "1.65", "wpb": "178.1", "bsz": "9.6", "num_updates": "8400", "lr": "0.0008416", "gnorm": "37.748", "loss_scale": "128", "train_wall": "11", "gb_free": "75.7", "wall": "4893"}
[2026-06-13 21:20:10,835][train_inner][INFO] - {"epoch": 3, "update": 2.708, "loss": "72.666", "nll_loss": "2.609", "total": "177.395", "n_correct": "106.4", "ppl": "6.1", "accuracy": "59.979", "wps": "310.4", "ups": "1.75", "wpb": "177.4", "bsz": "9.1", "num_updates": "8600", "lr": "0.0008614", "gnorm": "37.675", "loss_scale": "128", "train_wall": "11", "gb_free": "75.7", "wall": "5007"}
[2026-06-13 21:22:08,099][train_inner][INFO] - {"epoch": 3, "update": 2.771, "loss": "67.714", "nll_loss": "2.564", "total": "181.54", "n_correct": "110.605", "ppl": "5.91", "accuracy": "60.926", "wps": "309.7", "ups": "1.71", "wpb": "181.5", "bsz": "9.9", "num_updates": "8800", "lr": "0.0008812", "gnorm": "36.71", "loss_scale": "128", "train_wall": "11", "gb_free": "75.7", "wall": "5124"}
[2026-06-13 21:24:07,141][train_inner][INFO] - {"epoch": 3, "update": 2.834, "loss": "63.688", "nll_loss": "2.497", "total": "175.895", "n_correct": "109.33", "ppl": "5.65", "accuracy": "62.156", "wps": "295.5", "ups": "1.68", "wpb": "175.9", "bsz": "10", "num_updates": "9000", "lr": "0.000901", "gnorm": "35.57", "loss_scale": "128", "train_wall": "12", "gb_free": "75.7", "wall": "5243"}
[2026-06-13 21:26:05,291][train_inner][INFO] - {"epoch": 3, "update": 2.897, "loss": "66.221", "nll_loss": "2.478", "total": "178.905", "n_correct": "111.365", "ppl": "5.57", "accuracy": "62.248", "wps": "302.9", "ups": "1.69", "wpb": "178.9", "bsz": "9.7", "num_updates": "9200", "lr": "0.0009208", "gnorm": "34.384", "loss_scale": "128", "train_wall": "11", "gb_free": "75.7", "wall": "5361"}
[2026-06-13 21:28:02,422][train_inner][INFO] - {"epoch": 3, "update": 2.96, "loss": "64.348", "nll_loss": "2.344", "total": "179", "n_correct": "115.365", "ppl": "5.08", "accuracy": "64.45", "wps": "306.1", "ups": "1.71", "wpb": "179", "bsz": "9.7", "num_updates": "9400", "lr": "0.0009406", "gnorm": "33.132", "loss_scale": "128", "train_wall": "11", "gb_free": "75.7", "wall": "5478"}
[2026-06-13 21:29:17,284][main][INFO] - end of epoch 3 (average epoch stats below)
[2026-06-13 21:29:17,295][train][INFO] - {"epoch": 3, "train_loss": "71.782", "train_nll_loss": "2.782", "train_total": "179.799", "train_n_correct": "103.267", "train_ppl": "6.88", "train_accuracy": "57.435", "train_wps": "307.2", "train_ups": "1.71", "train_wpb": "179.8", "train_bsz": "9.7", "train_num_updates": "9528", "train_lr": "0.000953272", "train_gnorm": "40.271", "train_loss_scale": "128", "train_train_wall": "181", "train_gb_free": "75.7", "train_wall": "5553"}
[2026-06-13 21:29:17,793][trainer][INFO] - begin training epoch 4
[2026-06-13 21:29:17,794][main][INFO] - Start iterating over samples
[2026-06-13 21:30:02,841][train_inner][INFO] - {"epoch": 4, "update": 3.023, "loss": "59.012", "nll_loss": "2.225", "total": "176.035", "n_correct": "116.15", "ppl": "4.68", "accuracy": "65.981", "wps": "292.4", "ups": "1.66", "wpb": "176", "bsz": "10.1", "num_updates": "9600", "lr": "0.0009604", "gnorm": "31.552", "loss_scale": "128", "train_wall": "11", "gb_free": "75.7", "wall": "5599"}
[2026-06-13 21:32:03,175][train_inner][INFO] - {"epoch": 4, "update": 3.086, "loss": "57.579", "nll_loss": "2.155", "total": "178.395", "n_correct": "119.575", "ppl": "4.45", "accuracy": "67.028", "wps": "296.5", "ups": "1.66", "wpb": "178.4", "bsz": "10.3", "num_updates": "9800", "lr": "0.0009802", "gnorm": "30.387", "loss_scale": "128", "train_wall": "12", "gb_free": "75.7", "wall": "5719"}
[2026-06-13 21:33:56,000][train_inner][INFO] - {"epoch": 4, "update": 3.149, "loss": "64.048", "nll_loss": "2.099", "total": "177.085", "n_correct": "120.005", "ppl": "4.29", "accuracy": "67.767", "wps": "313.9", "ups": "1.77", "wpb": "177.1", "bsz": "9.1", "num_updates": "10000", "lr": "0.001", "gnorm": "32.106", "loss_scale": "128", "train_wall": "11", "gb_free": "75.7", "wall": "5832"}
[2026-06-13 21:35:55,919][train_inner][INFO] - {"epoch": 4, "update": 3.212, "loss": "56.519", "nll_loss": "2.016", "total": "176.615", "n_correct": "121.695", "ppl": "4.04", "accuracy": "68.904", "wps": "294.6", "ups": "1.67", "wpb": "176.6", "bsz": "10", "num_updates": "10200", "lr": "0.000970487", "gnorm": "29.03", "loss_scale": "128", "train_wall": "11", "gb_free": "75.7", "wall": "5952"}
[2026-06-13 21:37:50,174][train_inner][INFO] - {"epoch": 4, "update": 3.275, "loss": "60.638", "nll_loss": "2.058", "total": "179.855", "n_correct": "123.865", "ppl": "4.16", "accuracy": "68.869", "wps": "314.9", "ups": "1.75", "wpb": "179.9", "bsz": "9.6", "num_updates": "10400", "lr": "0.000941845", "gnorm": "30.139", "loss_scale": "128", "train_wall": "11", "gb_free": "75.7", "wall": "6066"}
[2026-06-13 21:39:43,999][train_inner][INFO] - {"epoch": 4, "update": 3.338, "loss": "62.358", "nll_loss": "1.964", "total": "179.76", "n_correct": "125.835", "ppl": "3.9", "accuracy": "70.002", "wps": "315.9", "ups": "1.76", "wpb": "179.8", "bsz": "9.1", "num_updates": "10600", "lr": "0.000914048", "gnorm": "30.007", "loss_scale": "128", "train_wall": "11", "gb_free": "75.7", "wall": "6180"}
[2026-06-13 21:41:43,699][train_inner][INFO] - {"epoch": 4, "update": 3.401, "loss": "56.734", "nll_loss": "1.89", "total": "177.71", "n_correct": "126.44", "ppl": "3.71", "accuracy": "71.15", "wps": "296.9", "ups": "1.67", "wpb": "177.7", "bsz": "9.7", "num_updates": "10800", "lr": "0.000887072", "gnorm": "28.067", "loss_scale": "128", "train_wall": "11", "gb_free": "75.7", "wall": "6300"}
[2026-06-13 21:43:33,736][train_inner][INFO] - {"epoch": 4, "update": 3.463, "loss": "58.101", "nll_loss": "1.88", "total": "182.28", "n_correct": "130.655", "ppl": "3.68", "accuracy": "71.678", "wps": "331.4", "ups": "1.82", "wpb": "182.3", "bsz": "9.7", "num_updates": "11000", "lr": "0.000860892", "gnorm": "28.974", "loss_scale": "128", "train_wall": "11", "gb_free": "75.7", "wall": "6410"}
[2026-06-13 21:45:16,255][train_inner][INFO] - {"epoch": 4, "update": 3.526, "loss": "60.339", "nll_loss": "1.853", "total": "181.47", "n_correct": "130.365", "ppl": "3.61", "accuracy": "71.838", "wps": "354.1", "ups": "1.95", "wpb": "181.5", "bsz": "9.2", "num_updates": "11200", "lr": "0.000835484", "gnorm": "29.569", "loss_scale": "128", "train_wall": "11", "gb_free": "75.7", "wall": "6512"}
[2026-06-13 21:47:02,567][train_inner][INFO] - {"epoch": 4, "update": 3.589, "loss": "54.708", "nll_loss": "1.73", "total": "181.29", "n_correct": "133.51", "ppl": "3.32", "accuracy": "73.644", "wps": "341.1", "ups": "1.88", "wpb": "181.3", "bsz": "9.8", "num_updates": "11400", "lr": "0.000810826", "gnorm": "26.702", "loss_scale": "128", "train_wall": "11", "gb_free": "75.7", "wall": "6619"}
[2026-06-13 21:48:47,868][train_inner][INFO] - {"epoch": 4, "update": 3.652, "loss": "56.723", "nll_loss": "1.718", "total": "180.505", "n_correct": "133.815", "ppl": "3.29", "accuracy": "74.134", "wps": "342.9", "ups": "1.9", "wpb": "180.5", "bsz": "9.3", "num_updates": "11600", "lr": "0.000786896", "gnorm": "27.873", "loss_scale": "128", "train_wall": "11", "gb_free": "75.7", "wall": "6724"}
[2026-06-13 21:50:28,694][train_inner][INFO] - {"epoch": 4, "update": 3.715, "loss": "55.366", "nll_loss": "1.635", "total": "179.3", "n_correct": "134.83", "ppl": "3.11", "accuracy": "75.198", "wps": "355.7", "ups": "1.98", "wpb": "179.3", "bsz": "9.3", "num_updates": "11800", "lr": "0.000763673", "gnorm": "25.732", "loss_scale": "128", "train_wall": "11", "gb_free": "75.7", "wall": "6825"}
[2026-06-13 21:52:11,938][train_inner][INFO] - {"epoch": 4, "update": 3.778, "loss": "55.615", "nll_loss": "1.641", "total": "183.885", "n_correct": "138.195", "ppl": "3.12", "accuracy": "75.153", "wps": "356.2", "ups": "1.94", "wpb": "183.9", "bsz": "9.5", "num_updates": "12000", "lr": "0.000741134", "gnorm": "28.273", "loss_scale": "128", "train_wall": "11", "gb_free": "75.7", "wall": "6928"}
[2026-06-13 21:53:56,022][train_inner][INFO] - {"epoch": 4, "update": 3.841, "loss": "44.74", "nll_loss": "1.47", "total": "181.22", "n_correct": "141.24", "ppl": "2.77", "accuracy": "77.938", "wps": "348.3", "ups": "1.92", "wpb": "181.2", "bsz": "11", "num_updates": "12200", "lr": "0.000719261", "gnorm": "22.441", "loss_scale": "128", "train_wall": "11", "gb_free": "75.7", "wall": "7032"}
[2026-06-13 21:55:31,343][train_inner][INFO] - {"epoch": 4, "update": 3.904, "loss": "50.752", "nll_loss": "1.552", "total": "181.525", "n_correct": "139.045", "ppl": "2.93", "accuracy": "76.598", "wps": "380.9", "ups": "2.1", "wpb": "181.5", "bsz": "10", "num_updates": "12400", "lr": "0.000698034", "gnorm": "24.902", "loss_scale": "128", "train_wall": "10", "gb_free": "75.7", "wall": "7127"}
[2026-06-13 21:57:04,269][train_inner][INFO] - {"epoch": 4, "update": 3.967, "loss": "52.908", "nll_loss": "1.504", "total": "180.67", "n_correct": "140.22", "ppl": "2.84", "accuracy": "77.611", "wps": "388.9", "ups": "2.15", "wpb": "180.7", "bsz": "9.4", "num_updates": "12600", "lr": "0.000677433", "gnorm": "24.757", "loss_scale": "128", "train_wall": "11", "gb_free": "75.7", "wall": "7220"}
[2026-06-13 21:57:52,214][main][INFO] - begin validation on "valid" subset
[2026-06-13 21:58:51,372][valid][INFO] - {"epoch": 4, "valid_loss": "47.342", "valid_nll_loss": "1.186", "valid_total": "178.205", "valid_n_correct": "145.323", "valid_ppl": "2.27", "valid_accuracy": "81.548", "valid_wps": "385.1", "valid_wpb": "178.2", "valid_bsz": "9.4", "valid_num_updates": "12704", "valid_best_accuracy": "81.548"}
[2026-06-13 21:58:51,373][fairseq.checkpoint_utils][INFO] - Preparing to save checkpoint for epoch 4 @ 12704 updates
[2026-06-13 21:58:51,374][trainer][INFO] - Saving checkpoint to checkpoints/checkpoint_best.pt
[2026-06-13 21:58:55,267][trainer][INFO] - Finished saving checkpoint to checkpoints/checkpoint_best.pt
[2026-06-13 21:59:00,631][fairseq.checkpoint_utils][INFO] - Saved checkpoint checkpoints/checkpoint_best.pt (epoch 4 @ 12704 updates, score 81.548) (writing took 9.257180668995716 seconds)
[2026-06-13 21:59:00,631][main][INFO] - end of epoch 4 (average epoch stats below)
[2026-06-13 21:59:00,642][train][INFO] - {"epoch": 4, "train_loss": "55.905", "train_nll_loss": "1.802", "train_total": "179.799", "train_n_correct": "130.587", "train_ppl": "3.49", "train_accuracy": "72.63", "train_wps": "320.2", "train_ups": "1.78", "train_wpb": "179.8", "train_bsz": "9.7", "train_num_updates": "12704", "train_lr": "0.000666961", "train_gnorm": "27.795", "train_loss_scale": "128", "train_train_wall": "174", "train_gb_free": "75.7", "train_wall": "7337"}
[2026-06-13 21:59:01,125][trainer][INFO] - begin training epoch 5
[2026-06-13 21:59:01,125][main][INFO] - Start iterating over samples
[2026-06-13 21:59:46,563][train_inner][INFO] - {"epoch": 5, "update": 4.03, "loss": "46.942", "nll_loss": "1.349", "total": "176.29", "n_correct": "140.45", "ppl": "2.55", "accuracy": "79.67", "wps": "217.3", "ups": "1.23", "wpb": "176.3", "bsz": "9.8", "num_updates": "12800", "lr": "0.00065744", "gnorm": "21.987", "loss_scale": "128", "train_wall": "11", "gb_free": "75.7", "wall": "7383"}
[2026-06-13 22:01:17,072][train_inner][INFO] - {"epoch": 5, "update": 4.093, "loss": "49.83", "nll_loss": "1.306", "total": "178.905", "n_correct": "143.925", "ppl": "2.47", "accuracy": "80.448", "wps": "395.4", "ups": "2.21", "wpb": "178.9", "bsz": "9.2", "num_updates": "13000", "lr": "0.000638036", "gnorm": "24.148", "loss_scale": "128", "train_wall": "11", "gb_free": "75.7", "wall": "7473"}
[2026-06-13 22:02:48,898][train_inner][INFO] - {"epoch": 5, "update": 4.156, "loss": "47.902", "nll_loss": "1.266", "total": "181.26", "n_correct": "146.495", "ppl": "2.4", "accuracy": "80.82", "wps": "394.8", "ups": "2.18", "wpb": "181.3", "bsz": "9.6", "num_updates": "13200", "lr": "0.000619206", "gnorm": "23.019", "loss_scale": "128", "train_wall": "11", "gb_free": "75.7", "wall": "7565"}
[2026-06-13 22:04:18,318][train_inner][INFO] - {"epoch": 5, "update": 4.219, "loss": "48.055", "nll_loss": "1.247", "total": "180.4", "n_correct": "146.21", "ppl": "2.37", "accuracy": "81.048", "wps": "403.5", "ups": "2.24", "wpb": "180.4", "bsz": "9.5", "num_updates": "13400", "lr": "0.000600931", "gnorm": "22.904", "loss_scale": "128", "train_wall": "11", "gb_free": "75.7", "wall": "7654"}
[2026-06-13 22:05:54,967][train_inner][INFO] - {"epoch": 5, "update": 4.282, "loss": "45.29", "nll_loss": "1.258", "total": "181.74", "n_correct": "147.215", "ppl": "2.39", "accuracy": "81.003", "wps": "376.1", "ups": "2.07", "wpb": "181.7", "bsz": "10.2", "num_updates": "13600", "lr": "0.000583196", "gnorm": "21.705", "loss_scale": "128", "train_wall": "11", "gb_free": "75.7", "wall": "7751"}
[2026-06-13 22:07:29,755][train_inner][INFO] - {"epoch": 5, "update": 4.345, "loss": "44.782", "nll_loss": "1.226", "total": "182.53", "n_correct": "149.12", "ppl": "2.34", "accuracy": "81.696", "wps": "385.2", "ups": "2.11", "wpb": "182.5", "bsz": "10.2", "num_updates": "13800", "lr": "0.000565984", "gnorm": "22.052", "loss_scale": "128", "train_wall": "11", "gb_free": "75.7", "wall": "7846"}
[2026-06-13 22:09:02,956][train_inner][INFO] - {"epoch": 5, "update": 4.408, "loss": "47.478", "nll_loss": "1.196", "total": "185.455", "n_correct": "152.39", "ppl": "2.29", "accuracy": "82.171", "wps": "398", "ups": "2.15", "wpb": "185.5", "bsz": "9.7", "num_updates": "14000", "lr": "0.00054928", "gnorm": "22.085", "loss_scale": "128", "train_wall": "11", "gb_free": "75.7", "wall": "7939"}
[2026-06-13 22:10:32,327][train_inner][INFO] - {"epoch": 5, "update": 4.471, "loss": "48.296", "nll_loss": "1.203", "total": "176.07", "n_correct": "145.115", "ppl": "2.3", "accuracy": "82.419", "wps": "394.1", "ups": "2.24", "wpb": "176.1", "bsz": "9", "num_updates": "14200", "lr": "0.000533069", "gnorm": "22.056", "loss_scale": "128", "train_wall": "11", "gb_free": "75.7", "wall": "8028"}
[2026-06-13 22:12:11,210][train_inner][INFO] - {"epoch": 5, "update": 4.534, "loss": "40.985", "nll_loss": "1.172", "total": "177.155", "n_correct": "146.47", "ppl": "2.25", "accuracy": "82.679", "wps": "358.4", "ups": "2.02", "wpb": "177.2", "bsz": "10.6", "num_updates": "14400", "lr": "0.000517337", "gnorm": "19.611", "loss_scale": "128", "train_wall": "11", "gb_free": "75.7", "wall": "8127"}
[2026-06-13 22:13:51,566][train_inner][INFO] - {"epoch": 5, "update": 4.597, "loss": "43.78", "nll_loss": "1.187", "total": "182.485", "n_correct": "150.645", "ppl": "2.28", "accuracy": "82.552", "wps": "363.7", "ups": "1.99", "wpb": "182.5", "bsz": "10.3", "num_updates": "14600", "lr": "0.000502069", "gnorm": "21.588", "loss_scale": "128", "train_wall": "11", "gb_free": "75.7", "wall": "8228"}
[2026-06-13 22:15:26,771][train_inner][INFO] - {"epoch": 5, "update": 4.66, "loss": "45.465", "nll_loss": "1.154", "total": "179.22", "n_correct": "148.58", "ppl": "2.23", "accuracy": "82.904", "wps": "376.5", "ups": "2.1", "wpb": "179.2", "bsz": "9.6", "num_updates": "14800", "lr": "0.000487251", "gnorm": "21.052", "loss_scale": "128", "train_wall": "11", "gb_free": "75.7", "wall": "8323"}
[2026-06-13 22:17:00,376][train_inner][INFO] - {"epoch": 5, "update": 4.723, "loss": "43.108", "nll_loss": "1.108", "total": "179.57", "n_correct": "150.4", "ppl": "2.16", "accuracy": "83.756", "wps": "383.7", "ups": "2.14", "wpb": "179.6", "bsz": "10", "num_updates": "15000", "lr": "0.000472871", "gnorm": "20.44", "loss_scale": "128", "train_wall": "11", "gb_free": "75.7", "wall": "8416"}
[2026-06-13 22:18:28,728][train_inner][INFO] - {"epoch": 5, "update": 4.786, "loss": "45.505", "nll_loss": "1.107", "total": "177.655", "n_correct": "148.86", "ppl": "2.15", "accuracy": "83.792", "wps": "402.2", "ups": "2.26", "wpb": "177.7", "bsz": "9.3", "num_updates": "15200", "lr": "0.000458915", "gnorm": "20.742", "loss_scale": "128", "train_wall": "10", "gb_free": "75.7", "wall": "8505"}
[2026-06-13 22:19:57,710][train_inner][INFO] - {"epoch": 5, "update": 4.849, "loss": "45.656", "nll_loss": "1.134", "total": "179.6", "n_correct": "149.435", "ppl": "2.19", "accuracy": "83.204", "wps": "403.7", "ups": "2.25", "wpb": "179.6", "bsz": "9.5", "num_updates": "15400", "lr": "0.000445371", "gnorm": "21.923", "loss_scale": "128", "train_wall": "11", "gb_free": "75.7", "wall": "8594"}
[2026-06-13 22:21:25,821][train_inner][INFO] - {"epoch": 5, "update": 4.912, "loss": "47.833", "nll_loss": "1.097", "total": "178.735", "n_correct": "150.395", "ppl": "2.14", "accuracy": "84.144", "wps": "405.8", "ups": "2.27", "wpb": "178.7", "bsz": "8.9", "num_updates": "15600", "lr": "0.000432227", "gnorm": "21.207", "loss_scale": "128", "train_wall": "10", "gb_free": "75.7", "wall": "8682"}
[2026-06-13 22:22:56,620][train_inner][INFO] - {"epoch": 5, "update": 4.975, "loss": "42.327", "nll_loss": "1.075", "total": "179.115", "n_correct": "150.995", "ppl": "2.11", "accuracy": "84.301", "wps": "394.6", "ups": "2.2", "wpb": "179.1", "bsz": "10", "num_updates": "15800", "lr": "0.00041947", "gnorm": "20.202", "loss_scale": "128", "train_wall": "10", "gb_free": "75.7", "wall": "8773"}
[2026-06-13 22:23:31,295][main][INFO] - end of epoch 5 (average epoch stats below)
[2026-06-13 22:23:31,304][train][INFO] - {"epoch": 5, "train_loss": "45.669", "train_nll_loss": "1.182", "train_total": "179.799", "train_n_correct": "148.246", "train_ppl": "2.27", "train_accuracy": "82.451", "train_wps": "388.3", "train_ups": "2.16", "train_wpb": "179.8", "train_bsz": "9.7", "train_num_updates": "15880", "train_lr": "0.000414474", "train_gnorm": "21.613", "train_loss_scale": "128", "train_train_wall": "168", "train_gb_free": "75.7", "train_wall": "8807"}
[2026-06-13 22:23:31,726][trainer][INFO] - begin training epoch 6
[2026-06-13 22:23:31,726][main][INFO] - Start iterating over samples
[2026-06-13 22:24:29,539][train_inner][INFO] - {"epoch": 6, "update": 5.038, "loss": "41.992", "nll_loss": "0.981", "total": "179.67", "n_correct": "153.865", "ppl": "1.97", "accuracy": "85.638", "wps": "386.8", "ups": "2.15", "wpb": "179.7", "bsz": "9.8", "num_updates": "16000", "lr": "0.000407091", "gnorm": "19.535", "loss_scale": "128", "train_wall": "11", "gb_free": "75.7", "wall": "8866"}
[2026-06-13 22:26:04,765][train_inner][INFO] - {"epoch": 6, "update": 5.101, "loss": "40.821", "nll_loss": "0.936", "total": "181.555", "n_correct": "156.64", "ppl": "1.91", "accuracy": "86.277", "wps": "381.4", "ups": "2.1", "wpb": "181.6", "bsz": "10", "num_updates": "16200", "lr": "0.000395076", "gnorm": "19.643", "loss_scale": "128", "train_wall": "11", "gb_free": "75.7", "wall": "8961"}
[2026-06-13 22:27:35,294][train_inner][INFO] - {"epoch": 6, "update": 5.164, "loss": "44.17", "nll_loss": "0.938", "total": "176.39", "n_correct": "152.24", "ppl": "1.92", "accuracy": "86.309", "wps": "389.8", "ups": "2.21", "wpb": "176.4", "bsz": "9", "num_updates": "16400", "lr": "0.000383416", "gnorm": "20.058", "loss_scale": "256", "train_wall": "11", "gb_free": "75.7", "wall": "9051"}
[2026-06-13 22:29:11,717][train_inner][INFO] - {"epoch": 6, "update": 5.227, "loss": "41.132", "nll_loss": "0.95", "total": "181.675", "n_correct": "156.43", "ppl": "1.93", "accuracy": "86.104", "wps": "376.9", "ups": "2.07", "wpb": "181.7", "bsz": "10", "num_updates": "16600", "lr": "0.0003721", "gnorm": "19.338", "loss_scale": "256", "train_wall": "11", "gb_free": "75.7", "wall": "9148"}
[2026-06-13 22:30:46,903][train_inner][INFO] - {"epoch": 6, "update": 5.29, "loss": "39.631", "nll_loss": "0.901", "total": "183.545", "n_correct": "159.515", "ppl": "1.87", "accuracy": "86.908", "wps": "385.7", "ups": "2.1", "wpb": "183.5", "bsz": "10.2", "num_updates": "16800", "lr": "0.000361119", "gnorm": "18.427", "loss_scale": "256", "train_wall": "11", "gb_free": "75.7", "wall": "9243"}
[2026-06-13 22:32:18,779][train_inner][INFO] - {"epoch": 6, "update": 5.353, "loss": "41.619", "nll_loss": "0.932", "total": "179.29", "n_correct": "155.165", "ppl": "1.91", "accuracy": "86.544", "wps": "390.3", "ups": "2.18", "wpb": "179.3", "bsz": "9.6", "num_updates": "17000", "lr": "0.000350461", "gnorm": "19.252", "loss_scale": "256", "train_wall": "11", "gb_free": "75.7", "wall": "9335"}
[2026-06-13 22:33:46,703][train_inner][INFO] - {"epoch": 6, "update": 5.416, "loss": "42.712", "nll_loss": "0.946", "total": "182.66", "n_correct": "158.005", "ppl": "1.93", "accuracy": "86.502", "wps": "415.6", "ups": "2.28", "wpb": "182.7", "bsz": "9.6", "num_updates": "17200", "lr": "0.000340118", "gnorm": "19.321", "loss_scale": "256", "train_wall": "10", "gb_free": "75.7", "wall": "9423"}
[2026-06-13 22:35:16,642][train_inner][INFO] - {"epoch": 6, "update": 5.479, "loss": "43.196", "nll_loss": "0.927", "total": "177.635", "n_correct": "153.905", "ppl": "1.9", "accuracy": "86.641", "wps": "395.1", "ups": "2.22", "wpb": "177.6", "bsz": "9.2", "num_updates": "17400", "lr": "0.00033008", "gnorm": "19.246", "loss_scale": "256", "train_wall": "11", "gb_free": "75.7", "wall": "9513"}
[2026-06-13 22:36:48,656][train_inner][INFO] - {"epoch": 6, "update": 5.542, "loss": "41.36", "nll_loss": "0.9", "total": "180.2", "n_correct": "156.96", "ppl": "1.87", "accuracy": "87.103", "wps": "391.7", "ups": "2.17", "wpb": "180.2", "bsz": "9.6", "num_updates": "17600", "lr": "0.000320338", "gnorm": "18.4", "loss_scale": "256", "train_wall": "11", "gb_free": "75.7", "wall": "9605"}
[2026-06-13 22:38:20,584][train_inner][INFO] - {"epoch": 6, "update": 5.605, "loss": "41.979", "nll_loss": "0.885", "total": "183.14", "n_correct": "159.995", "ppl": "1.85", "accuracy": "87.362", "wps": "398.5", "ups": "2.18", "wpb": "183.1", "bsz": "9.6", "num_updates": "17800", "lr": "0.000310884", "gnorm": "18.708", "loss_scale": "256", "train_wall": "11", "gb_free": "75.7", "wall": "9697"}
[2026-06-13 22:39:51,610][train_inner][INFO] - {"epoch": 6, "update": 5.668, "loss": "38.377", "nll_loss": "0.906", "total": "176.32", "n_correct": "153.305", "ppl": "1.87", "accuracy": "86.947", "wps": "387.5", "ups": "2.2", "wpb": "176.3", "bsz": "10.2", "num_updates": "18000", "lr": "0.000301709", "gnorm": "18.443", "loss_scale": "256", "train_wall": "11", "gb_free": "75.7", "wall": "9788"}
[2026-06-13 22:41:26,181][train_inner][INFO] - {"epoch": 6, "update": 5.73, "loss": "40.345", "nll_loss": "0.888", "total": "179.7", "n_correct": "157.245", "ppl": "1.85", "accuracy": "87.504", "wps": "380.1", "ups": "2.12", "wpb": "179.7", "bsz": "9.8", "num_updates": "18200", "lr": "0.000292804", "gnorm": "18.46", "loss_scale": "256", "train_wall": "11", "gb_free": "75.7", "wall": "9882"}
[2026-06-13 22:42:59,719][train_inner][INFO] - {"epoch": 6, "update": 5.793, "loss": "40.174", "nll_loss": "0.891", "total": "180.685", "n_correct": "157.775", "ppl": "1.85", "accuracy": "87.32", "wps": "386.4", "ups": "2.14", "wpb": "180.7", "bsz": "9.9", "num_updates": "18400", "lr": "0.000284163", "gnorm": "17.794", "loss_scale": "256", "train_wall": "11", "gb_free": "75.7", "wall": "9976"}
[2026-06-13 22:44:33,510][train_inner][INFO] - {"epoch": 6, "update": 5.856, "loss": "37.779", "nll_loss": "0.865", "total": "179.465", "n_correct": "157.56", "ppl": "1.82", "accuracy": "87.794", "wps": "382.7", "ups": "2.13", "wpb": "179.5", "bsz": "10.3", "num_updates": "18600", "lr": "0.000275776", "gnorm": "17.029", "loss_scale": "256", "train_wall": "11", "gb_free": "75.7", "wall": "10070"}
[2026-06-13 22:46:06,502][train_inner][INFO] - {"epoch": 6, "update": 5.919, "loss": "40.204", "nll_loss": "0.88", "total": "179.14", "n_correct": "156.735", "ppl": "1.84", "accuracy": "87.493", "wps": "385.3", "ups": "2.15", "wpb": "179.1", "bsz": "9.7", "num_updates": "18800", "lr": "0.000267637", "gnorm": "18.806", "loss_scale": "256", "train_wall": "11", "gb_free": "75.7", "wall": "10163"}
[2026-06-13 22:47:33,765][train_inner][INFO] - {"epoch": 6, "update": 5.982, "loss": "43.876", "nll_loss": "0.858", "total": "175.545", "n_correct": "154.27", "ppl": "1.81", "accuracy": "87.881", "wps": "402.4", "ups": "2.29", "wpb": "175.5", "bsz": "8.7", "num_updates": "19000", "lr": "0.000259739", "gnorm": "18.928", "loss_scale": "256", "train_wall": "11", "gb_free": "75.7", "wall": "10250"}
[2026-06-13 22:47:59,115][main][INFO] - begin validation on "valid" subset
[2026-06-13 22:48:57,211][valid][INFO] - {"epoch": 6, "valid_loss": "40.048", "valid_nll_loss": "0.758", "valid_total": "178.205", "valid_n_correct": "158.512", "valid_ppl": "1.69", "valid_accuracy": "88.949", "valid_wps": "392", "valid_wpb": "178.2", "valid_bsz": "9.4", "valid_num_updates": "19056", "valid_best_accuracy": "88.949"}
[2026-06-13 22:48:57,212][fairseq.checkpoint_utils][INFO] - Preparing to save checkpoint for epoch 6 @ 19056 updates
[2026-06-13 22:48:57,213][trainer][INFO] - Saving checkpoint to checkpoints/checkpoint_best.pt
[2026-06-13 22:49:01,197][trainer][INFO] - Finished saving checkpoint to checkpoints/checkpoint_best.pt
[2026-06-13 22:49:06,532][fairseq.checkpoint_utils][INFO] - Saved checkpoint checkpoints/checkpoint_best.pt (epoch 6 @ 19056 updates, score 88.949) (writing took 9.319523792946711 seconds)
[2026-06-13 22:49:06,532][main][INFO] - end of epoch 6 (average epoch stats below)
[2026-06-13 22:49:06,542][train][INFO] - {"epoch": 6, "train_loss": "41.06", "train_nll_loss": "0.908", "train_total": "179.799", "train_n_correct": "156.359", "train_ppl": "1.88", "train_accuracy": "86.963", "train_wps": "372", "train_ups": "2.07", "train_wpb": "179.8", "train_bsz": "9.7", "train_num_updates": "19056", "train_lr": "0.000257569", "train_gnorm": "18.804", "train_loss_scale": "256", "train_train_wall": "169", "train_gb_free": "75.7", "train_wall": "10343"}
[2026-06-13 22:49:07,022][trainer][INFO] - begin training epoch 7
[2026-06-13 22:49:07,022][main][INFO] - Start iterating over samples
[2026-06-13 22:50:16,871][train_inner][INFO] - {"epoch": 7, "update": 6.045, "loss": "36.924", "nll_loss": "0.79", "total": "179.55", "n_correct": "159.735", "ppl": "1.73", "accuracy": "88.964", "wps": "220.2", "ups": "1.23", "wpb": "179.6", "bsz": "10.2", "num_updates": "19200", "lr": "0.000252073", "gnorm": "16.879", "loss_scale": "256", "train_wall": "11", "gb_free": "75.7", "wall": "10413"}
[2026-06-13 22:51:48,265][train_inner][INFO] - {"epoch": 7, "update": 6.108, "loss": "40.632", "nll_loss": "0.755", "total": "182.085", "n_correct": "162.695", "ppl": "1.69", "accuracy": "89.351", "wps": "398.5", "ups": "2.19", "wpb": "182.1", "bsz": "9.3", "num_updates": "19400", "lr": "0.000244633", "gnorm": "17.018", "loss_scale": "256", "train_wall": "11", "gb_free": "75.7", "wall": "10504"}
[2026-06-13 22:53:22,612][train_inner][INFO] - {"epoch": 7, "update": 6.171, "loss": "37.179", "nll_loss": "0.77", "total": "180.175", "n_correct": "160.57", "ppl": "1.71", "accuracy": "89.119", "wps": "382", "ups": "2.12", "wpb": "180.2", "bsz": "10.1", "num_updates": "19600", "lr": "0.000237414", "gnorm": "17.343", "loss_scale": "256", "train_wall": "11", "gb_free": "75.7", "wall": "10599"}
[2026-06-13 22:55:00,151][train_inner][INFO] - {"epoch": 7, "update": 6.234, "loss": "35.624", "nll_loss": "0.761", "total": "177.69", "n_correct": "158.5", "ppl": "1.7", "accuracy": "89.2", "wps": "364.4", "ups": "2.05", "wpb": "177.7", "bsz": "10.4", "num_updates": "19800", "lr": "0.000230407", "gnorm": "17.005", "loss_scale": "256", "train_wall": "11", "gb_free": "75.7", "wall": "10696"}
[2026-06-13 22:56:33,420][train_inner][INFO] - {"epoch": 7, "update": 6.297, "loss": "41.919", "nll_loss": "0.797", "total": "179.895", "n_correct": "159.91", "ppl": "1.74", "accuracy": "88.891", "wps": "385.8", "ups": "2.14", "wpb": "179.9", "bsz": "9.1", "num_updates": "20000", "lr": "0.000223607", "gnorm": "18.232", "loss_scale": "256", "train_wall": "11", "gb_free": "75.7", "wall": "10790"}
[2026-06-13 22:58:10,484][train_inner][INFO] - {"epoch": 7, "update": 6.36, "loss": "37.337", "nll_loss": "0.741", "total": "182.98", "n_correct": "164.385", "ppl": "1.67", "accuracy": "89.838", "wps": "377.1", "ups": "2.06", "wpb": "183", "bsz": "10.1", "num_updates": "20200", "lr": "0.000217007", "gnorm": "16.537", "loss_scale": "256", "train_wall": "11", "gb_free": "75.7", "wall": "10887"}
[2026-06-13 22:59:46,154][train_inner][INFO] - {"epoch": 7, "update": 6.423, "loss": "38.304", "nll_loss": "0.744", "total": "180.46", "n_correct": "162.06", "ppl": "1.67", "accuracy": "89.804", "wps": "377.3", "ups": "2.09", "wpb": "180.5", "bsz": "9.7", "num_updates": "20400", "lr": "0.000210603", "gnorm": "17.201", "loss_scale": "256", "train_wall": "11", "gb_free": "75.7", "wall": "10982"}
[2026-06-13 23:01:19,789][train_inner][INFO] - {"epoch": 7, "update": 6.486, "loss": "38.829", "nll_loss": "0.773", "total": "178.87", "n_correct": "159.795", "ppl": "1.71", "accuracy": "89.336", "wps": "382.1", "ups": "2.14", "wpb": "178.9", "bsz": "9.6", "num_updates": "20600", "lr": "0.000204387", "gnorm": "18.136", "loss_scale": "256", "train_wall": "11", "gb_free": "75.7", "wall": "11076"}
[2026-06-13 23:02:50,538][train_inner][INFO] - {"epoch": 7, "update": 6.549, "loss": "39.175", "nll_loss": "0.761", "total": "179.785", "n_correct": "160.84", "ppl": "1.69", "accuracy": "89.462", "wps": "396.3", "ups": "2.2", "wpb": "179.8", "bsz": "9.5", "num_updates": "20800", "lr": "0.000198355", "gnorm": "17.361", "loss_scale": "256", "train_wall": "11", "gb_free": "75.7", "wall": "11167"}
[2026-06-13 23:04:25,965][train_inner][INFO] - {"epoch": 7, "update": 6.612, "loss": "36.956", "nll_loss": "0.756", "total": "182.095", "n_correct": "162.97", "ppl": "1.69", "accuracy": "89.497", "wps": "381.7", "ups": "2.1", "wpb": "182.1", "bsz": "10.2", "num_updates": "21000", "lr": "0.000192501", "gnorm": "16.731", "loss_scale": "256", "train_wall": "11", "gb_free": "75.7", "wall": "11262"}
[2026-06-13 23:06:00,109][train_inner][INFO] - {"epoch": 7, "update": 6.675, "loss": "37.421", "nll_loss": "0.733", "total": "180.125", "n_correct": "161.845", "ppl": "1.66", "accuracy": "89.851", "wps": "382.7", "ups": "2.12", "wpb": "180.1", "bsz": "9.9", "num_updates": "21200", "lr": "0.00018682", "gnorm": "17.274", "loss_scale": "256", "train_wall": "11", "gb_free": "75.7", "wall": "11356"}
[2026-06-13 23:07:32,758][train_inner][INFO] - {"epoch": 7, "update": 6.738, "loss": "39.86", "nll_loss": "0.788", "total": "178.32", "n_correct": "158.875", "ppl": "1.73", "accuracy": "89.095", "wps": "385", "ups": "2.16", "wpb": "178.3", "bsz": "9.4", "num_updates": "21400", "lr": "0.000181306", "gnorm": "17.973", "loss_scale": "256", "train_wall": "11", "gb_free": "75.7", "wall": "11449"}
[2026-06-13 23:09:01,013][train_inner][INFO] - {"epoch": 7, "update": 6.801, "loss": "41.723", "nll_loss": "0.742", "total": "178.405", "n_correct": "159.97", "ppl": "1.67", "accuracy": "89.667", "wps": "404.4", "ups": "2.27", "wpb": "178.4", "bsz": "8.8", "num_updates": "21600", "lr": "0.000175955", "gnorm": "18.347", "loss_scale": "256", "train_wall": "11", "gb_free": "75.7", "wall": "11537"}
[2026-06-13 23:10:32,328][train_inner][INFO] - {"epoch": 7, "update": 6.864, "loss": "38.909", "nll_loss": "0.737", "total": "180", "n_correct": "161.665", "ppl": "1.67", "accuracy": "89.814", "wps": "394.3", "ups": "2.19", "wpb": "180", "bsz": "9.5", "num_updates": "21800", "lr": "0.000170762", "gnorm": "17.75", "loss_scale": "256", "train_wall": "11", "gb_free": "75.7", "wall": "11628"}
[2026-06-13 23:12:05,511][train_inner][INFO] - {"epoch": 7, "update": 6.927, "loss": "38.687", "nll_loss": "0.747", "total": "176.71", "n_correct": "158.41", "ppl": "1.68", "accuracy": "89.644", "wps": "379.3", "ups": "2.15", "wpb": "176.7", "bsz": "9.4", "num_updates": "22000", "lr": "0.000165723", "gnorm": "17.037", "loss_scale": "256", "train_wall": "11", "gb_free": "75.7", "wall": "11722"}
[2026-06-13 23:13:41,402][train_inner][INFO] - {"epoch": 7, "update": 6.99, "loss": "37.761", "nll_loss": "0.738", "total": "178.495", "n_correct": "160.05", "ppl": "1.67", "accuracy": "89.666", "wps": "372.3", "ups": "2.09", "wpb": "178.5", "bsz": "9.7", "num_updates": "22200", "lr": "0.000160832", "gnorm": "17.237", "loss_scale": "256", "train_wall": "11", "gb_free": "75.7", "wall": "11818"}
[2026-06-13 23:13:55,395][main][INFO] - end of epoch 7 (average epoch stats below)
[2026-06-13 23:13:55,407][train][INFO] - {"epoch": 7, "train_loss": "38.523", "train_nll_loss": "0.757", "train_total": "179.799", "train_n_correct": "160.872", "train_ppl": "1.69", "train_accuracy": "89.473", "train_wps": "383.5", "train_ups": "2.13", "train_wpb": "179.8", "train_bsz": "9.7", "train_num_updates": "22232", "train_lr": "0.000160063", "train_gnorm": "17.374", "train_loss_scale": "256", "train_train_wall": "171", "train_gb_free": "75.7", "train_wall": "11832"}
[2026-06-13 23:13:55,880][trainer][INFO] - begin training epoch 8
[2026-06-13 23:13:55,880][main][INFO] - Start iterating over samples
[2026-06-13 23:15:14,486][train_inner][INFO] - {"epoch": 8, "update": 7.053, "loss": "39.008", "nll_loss": "0.675", "total": "183.345", "n_correct": "166.41", "ppl": "1.6", "accuracy": "90.763", "wps": "394", "ups": "2.15", "wpb": "183.3", "bsz": "9.4", "num_updates": "22400", "lr": "0.000156085", "gnorm": "16.961", "loss_scale": "256", "train_wall": "11", "gb_free": "75.7", "wall": "11911"}
[2026-06-13 23:16:45,702][train_inner][INFO] - {"epoch": 8, "update": 7.116, "loss": "37.222", "nll_loss": "0.676", "total": "179.435", "n_correct": "163.165", "ppl": "1.6", "accuracy": "90.933", "wps": "393.5", "ups": "2.19", "wpb": "179.4", "bsz": "9.7", "num_updates": "22600", "lr": "0.000151479", "gnorm": "16.266", "loss_scale": "256", "train_wall": "11", "gb_free": "75.7", "wall": "12002"}
[2026-06-13 23:18:21,749][train_inner][INFO] - {"epoch": 8, "update": 7.179, "loss": "36.067", "nll_loss": "0.698", "total": "181.61", "n_correct": "164.44", "ppl": "1.62", "accuracy": "90.546", "wps": "378.2", "ups": "2.08", "wpb": "181.6", "bsz": "10.2", "num_updates": "22800", "lr": "0.000147008", "gnorm": "16.222", "loss_scale": "256", "train_wall": "11", "gb_free": "75.7", "wall": "12098"}
[2026-06-13 23:19:54,231][train_inner][INFO] - {"epoch": 8, "update": 7.242, "loss": "40.408", "nll_loss": "0.663", "total": "180.78", "n_correct": "164.725", "ppl": "1.58", "accuracy": "91.119", "wps": "391", "ups": "2.16", "wpb": "180.8", "bsz": "8.9", "num_updates": "23000", "lr": "0.000142669", "gnorm": "17.326", "loss_scale": "256", "train_wall": "11", "gb_free": "75.7", "wall": "12190"}
[2026-06-13 23:21:27,521][train_inner][INFO] - {"epoch": 8, "update": 7.305, "loss": "36.093", "nll_loss": "0.637", "total": "176.93", "n_correct": "161.94", "ppl": "1.56", "accuracy": "91.528", "wps": "379.4", "ups": "2.14", "wpb": "176.9", "bsz": "9.7", "num_updates": "23200", "lr": "0.000138459", "gnorm": "15.433", "loss_scale": "256", "train_wall": "11", "gb_free": "75.7", "wall": "12284"}
[2026-06-13 23:22:57,845][train_inner][INFO] - {"epoch": 8, "update": 7.368, "loss": "35.155", "nll_loss": "0.683", "total": "179.45", "n_correct": "162.83", "ppl": "1.61", "accuracy": "90.738", "wps": "397.4", "ups": "2.21", "wpb": "179.4", "bsz": "10.2", "num_updates": "23400", "lr": "0.000134372", "gnorm": "15.108", "loss_scale": "256", "train_wall": "11", "gb_free": "75.7", "wall": "12374"}
[2026-06-13 23:24:27,524][train_inner][INFO] - {"epoch": 8, "update": 7.431, "loss": "36.348", "nll_loss": "0.64", "total": "175.58", "n_correct": "160.685", "ppl": "1.56", "accuracy": "91.517", "wps": "391.6", "ups": "2.23", "wpb": "175.6", "bsz": "9.5", "num_updates": "23600", "lr": "0.000130407", "gnorm": "16.135", "loss_scale": "256", "train_wall": "11", "gb_free": "75.7", "wall": "12464"}
[2026-06-13 23:26:00,740][train_inner][INFO] - {"epoch": 8, "update": 7.494, "loss": "37.283", "nll_loss": "0.679", "total": "179.02", "n_correct": "162.545", "ppl": "1.6", "accuracy": "90.797", "wps": "384.7", "ups": "2.15", "wpb": "179", "bsz": "9.6", "num_updates": "23800", "lr": "0.000126558", "gnorm": "16.752", "loss_scale": "256", "train_wall": "10", "gb_free": "75.7", "wall": "12557"}
[2026-06-13 23:27:31,688][train_inner][INFO] - {"epoch": 8, "update": 7.557, "loss": "38.721", "nll_loss": "0.633", "total": "181.39", "n_correct": "166.07", "ppl": "1.55", "accuracy": "91.554", "wps": "399", "ups": "2.2", "wpb": "181.4", "bsz": "9.2", "num_updates": "24000", "lr": "0.000122823", "gnorm": "17.037", "loss_scale": "256", "train_wall": "11", "gb_free": "75.7", "wall": "12648"}
[2026-06-13 23:27:38,251][trainer][INFO] - NOTE: gradient overflow detected, ignoring gradient, setting loss scale to: 128.0
[2026-06-13 23:27:42,480][trainer][INFO] - NOTE: gradient overflow detected, ignoring gradient, setting loss scale to: 64.0
[2026-06-13 23:29:05,794][train_inner][INFO] - {"epoch": 8, "update": 7.62, "loss": "36.442", "nll_loss": "0.688", "total": "179.01", "n_correct": "162.365", "ppl": "1.61", "accuracy": "90.702", "wps": "380.5", "ups": "2.13", "wpb": "179", "bsz": "9.9", "num_updates": "24200", "lr": "0.000119198", "gnorm": "84.133", "loss_scale": "64", "train_wall": "19", "gb_free": "73.7", "wall": "12742"}
[2026-06-13 23:30:43,785][train_inner][INFO] - {"epoch": 8, "update": 7.683, "loss": "36.775", "nll_loss": "0.685", "total": "181.235", "n_correct": "164.7", "ppl": "1.61", "accuracy": "90.876", "wps": "369.9", "ups": "2.04", "wpb": "181.2", "bsz": "9.9", "num_updates": "24400", "lr": "0.00011568", "gnorm": "77.823", "loss_scale": "64", "train_wall": "17", "gb_free": "73.6", "wall": "12840"}
[2026-06-13 23:32:16,396][train_inner][INFO] - {"epoch": 8, "update": 7.746, "loss": "39.318", "nll_loss": "0.705", "total": "180.07", "n_correct": "162.82", "ppl": "1.63", "accuracy": "90.42", "wps": "388.9", "ups": "2.16", "wpb": "180.1", "bsz": "9.3", "num_updates": "24600", "lr": "0.000112266", "gnorm": "78.351", "loss_scale": "64", "train_wall": "16", "gb_free": "73.7", "wall": "12933"}
[2026-06-13 23:33:50,136][train_inner][INFO] - {"epoch": 8, "update": 7.809, "loss": "37.386", "nll_loss": "0.696", "total": "179.62", "n_correct": "162.395", "ppl": "1.62", "accuracy": "90.41", "wps": "383.3", "ups": "2.13", "wpb": "179.6", "bsz": "9.7", "num_updates": "24800", "lr": "0.000108953", "gnorm": "75.865", "loss_scale": "64", "train_wall": "16", "gb_free": "73.7", "wall": "13026"}
[2026-06-13 23:35:25,368][train_inner][INFO] - {"epoch": 8, "update": 7.872, "loss": "34.767", "nll_loss": "0.707", "total": "180.195", "n_correct": "162.73", "ppl": "1.63", "accuracy": "90.308", "wps": "378.5", "ups": "2.1", "wpb": "180.2", "bsz": "10.5", "num_updates": "25000", "lr": "0.000105737", "gnorm": "74.33", "loss_scale": "64", "train_wall": "16", "gb_free": "73.7", "wall": "13121"}
[2026-06-13 23:36:55,190][train_inner][INFO] - {"epoch": 8, "update": 7.935, "loss": "38.06", "nll_loss": "0.684", "total": "181.17", "n_correct": "164.12", "ppl": "1.61", "accuracy": "90.589", "wps": "403.4", "ups": "2.23", "wpb": "181.2", "bsz": "9.5", "num_updates": "25200", "lr": "0.000102617", "gnorm": "75.379", "loss_scale": "64", "train_wall": "16", "gb_free": "73.6", "wall": "13211"}
[2026-06-13 23:38:25,051][train_inner][INFO] - {"epoch": 8, "update": 7.998, "loss": "37.172", "nll_loss": "0.689", "total": "177.715", "n_correct": "160.95", "ppl": "1.61", "accuracy": "90.566", "wps": "395.6", "ups": "2.23", "wpb": "177.7", "bsz": "9.6", "num_updates": "25400", "lr": "9.9588e-05", "gnorm": "68.171", "loss_scale": "64", "train_wall": "16", "gb_free": "73.7", "wall": "13301"}
[2026-06-13 23:38:27,997][main][INFO] - begin validation on "valid" subset
[2026-06-13 23:39:23,240][valid][INFO] - {"epoch": 8, "valid_loss": "38.22", "valid_nll_loss": "0.664", "valid_total": "178.205", "valid_n_correct": "161.528", "valid_ppl": "1.58", "valid_accuracy": "90.642", "valid_wps": "412.7", "valid_wpb": "178.2", "valid_bsz": "9.4", "valid_num_updates": "25406", "valid_best_accuracy": "90.642"}
[2026-06-13 23:39:23,241][fairseq.checkpoint_utils][INFO] - Preparing to save checkpoint for epoch 8 @ 25406 updates
[2026-06-13 23:39:23,242][trainer][INFO] - Saving checkpoint to checkpoints/checkpoint_best.pt
[2026-06-13 23:39:27,317][trainer][INFO] - Finished saving checkpoint to checkpoints/checkpoint_best.pt
[2026-06-13 23:39:32,678][fairseq.checkpoint_utils][INFO] - Saved checkpoint checkpoints/checkpoint_best.pt (epoch 8 @ 25406 updates, score 90.642) (writing took 9.436563801951706 seconds)
[2026-06-13 23:39:32,678][main][INFO] - end of epoch 8 (average epoch stats below)
[2026-06-13 23:39:32,690][train][INFO] - {"epoch": 8, "train_loss": "37.124", "train_nll_loss": "0.676", "train_total": "179.78", "train_n_correct": "163.336", "train_ppl": "1.6", "train_accuracy": "90.853", "train_wps": "371.2", "train_ups": "2.06", "train_wpb": "179.8", "train_bsz": "9.7", "train_num_updates": "25406", "train_lr": "9.94985e-05", "train_gnorm": "42.886", "train_loss_scale": "64", "train_train_wall": "210", "train_gb_free": "73.7", "train_wall": "13369"}
[2026-06-13 23:39:33,122][trainer][INFO] - begin training epoch 9
[2026-06-13 23:39:33,122][main][INFO] - Start iterating over samples
[2026-06-13 23:40:59,429][train_inner][INFO] - {"epoch": 9, "update": 8.061, "loss": "37.941", "nll_loss": "0.591", "total": "179.075", "n_correct": "165.155", "ppl": "1.51", "accuracy": "92.227", "wps": "232", "ups": "1.3", "wpb": "179.1", "bsz": "9.1", "num_updates": "25600", "lr": "9.66488e-05", "gnorm": "62.971", "loss_scale": "64", "train_wall": "16", "gb_free": "73.6", "wall": "13456"}
[2026-06-13 23:42:32,083][train_inner][INFO] - {"epoch": 9, "update": 8.124, "loss": "35.34", "nll_loss": "0.589", "total": "178.83", "n_correct": "165.145", "ppl": "1.5", "accuracy": "92.347", "wps": "386.1", "ups": "2.16", "wpb": "178.8", "bsz": "9.7", "num_updates": "25800", "lr": "9.37964e-05", "gnorm": "61.966", "loss_scale": "64", "train_wall": "16", "gb_free": "73.8", "wall": "13548"}
[2026-06-13 23:44:08,753][train_inner][INFO] - {"epoch": 9, "update": 8.187, "loss": "34.93", "nll_loss": "0.592", "total": "179.635", "n_correct": "166.015", "ppl": "1.51", "accuracy": "92.418", "wps": "371.7", "ups": "2.07", "wpb": "179.6", "bsz": "9.9", "num_updates": "26000", "lr": "9.10282e-05", "gnorm": "58.224", "loss_scale": "64", "train_wall": "16", "gb_free": "74", "wall": "13645"}
[2026-06-13 23:44:59,558][trainer][INFO] - NOTE: gradient overflow detected, ignoring gradient, setting loss scale to: 32.0
[2026-06-13 23:45:44,073][train_inner][INFO] - {"epoch": 9, "update": 8.25, "loss": "35.467", "nll_loss": "0.568", "total": "175.98", "n_correct": "162.89", "ppl": "1.48", "accuracy": "92.562", "wps": "369.3", "ups": "2.1", "wpb": "176", "bsz": "9.5", "num_updates": "26200", "lr": "8.83417e-05", "gnorm": "62.09", "loss_scale": "32", "train_wall": "16", "gb_free": "74", "wall": "13740"}
[2026-06-13 23:47:22,456][train_inner][INFO] - {"epoch": 9, "update": 8.313, "loss": "35.304", "nll_loss": "0.593", "total": "180.37", "n_correct": "166.35", "ppl": "1.51", "accuracy": "92.227", "wps": "366.7", "ups": "2.03", "wpb": "180.4", "bsz": "9.8", "num_updates": "26400", "lr": "8.57345e-05", "gnorm": "62.202", "loss_scale": "32", "train_wall": "16", "gb_free": "74.7", "wall": "13839"}
[2026-06-13 23:48:55,823][train_inner][INFO] - {"epoch": 9, "update": 8.376, "loss": "34.599", "nll_loss": "0.597", "total": "181.005", "n_correct": "167.075", "ppl": "1.51", "accuracy": "92.304", "wps": "387.8", "ups": "2.14", "wpb": "181", "bsz": "10.1", "num_updates": "26600", "lr": "8.32042e-05", "gnorm": "61.385", "loss_scale": "32", "train_wall": "16", "gb_free": "73.8", "wall": "13932"}
[2026-06-13 23:50:30,430][train_inner][INFO] - {"epoch": 9, "update": 8.439, "loss": "36.252", "nll_loss": "0.593", "total": "177.355", "n_correct": "163.73", "ppl": "1.51", "accuracy": "92.318", "wps": "375", "ups": "2.11", "wpb": "177.4", "bsz": "9.4", "num_updates": "26800", "lr": "8.07486e-05", "gnorm": "61.685", "loss_scale": "32", "train_wall": "16", "gb_free": "73.6", "wall": "14027"}
[2026-06-13 23:52:03,537][train_inner][INFO] - {"epoch": 9, "update": 8.502, "loss": "36.702", "nll_loss": "0.596", "total": "178.47", "n_correct": "164.325", "ppl": "1.51", "accuracy": "92.074", "wps": "383.4", "ups": "2.15", "wpb": "178.5", "bsz": "9.4", "num_updates": "27000", "lr": "7.83654e-05", "gnorm": "59.232", "loss_scale": "32", "train_wall": "15", "gb_free": "73.8", "wall": "14120"}
[2026-06-13 23:53:41,526][train_inner][INFO] - {"epoch": 9, "update": 8.565, "loss": "34.545", "nll_loss": "0.593", "total": "181.27", "n_correct": "167.15", "ppl": "1.51", "accuracy": "92.211", "wps": "370.1", "ups": "2.04", "wpb": "181.3", "bsz": "10.1", "num_updates": "27200", "lr": "7.60526e-05", "gnorm": "57.71", "loss_scale": "32", "train_wall": "16", "gb_free": "74.7", "wall": "14218"}
[2026-06-13 23:55:17,789][train_inner][INFO] - {"epoch": 9, "update": 8.628, "loss": "33.21", "nll_loss": "0.595", "total": "181.19", "n_correct": "167.5", "ppl": "1.51", "accuracy": "92.444", "wps": "376.5", "ups": "2.08", "wpb": "181.2", "bsz": "10.5", "num_updates": "27400", "lr": "7.38081e-05", "gnorm": "54.128", "loss_scale": "32", "train_wall": "16", "gb_free": "74", "wall": "14314"}
[2026-06-13 23:56:45,988][train_inner][INFO] - {"epoch": 9, "update": 8.691, "loss": "37.956", "nll_loss": "0.572", "total": "180.09", "n_correct": "166.855", "ppl": "1.49", "accuracy": "92.651", "wps": "408.4", "ups": "2.27", "wpb": "180.1", "bsz": "9.1", "num_updates": "27600", "lr": "7.16298e-05", "gnorm": "60.573", "loss_scale": "32", "train_wall": "16", "gb_free": "73.5", "wall": "14402"}
[2026-06-13 23:58:20,758][train_inner][INFO] - {"epoch": 9, "update": 8.754, "loss": "33.494", "nll_loss": "0.572", "total": "180.775", "n_correct": "167.455", "ppl": "1.49", "accuracy": "92.632", "wps": "381.5", "ups": "2.11", "wpb": "180.8", "bsz": "10.3", "num_updates": "27800", "lr": "6.95158e-05", "gnorm": "56.548", "loss_scale": "32", "train_wall": "16", "gb_free": "73.6", "wall": "14497"}
[2026-06-13 23:59:47,259][train_inner][INFO] - {"epoch": 9, "update": 8.817, "loss": "35.039", "nll_loss": "0.59", "total": "181.72", "n_correct": "167.775", "ppl": "1.51", "accuracy": "92.326", "wps": "420.2", "ups": "2.31", "wpb": "181.7", "bsz": "10", "num_updates": "28000", "lr": "6.74641e-05", "gnorm": "62.352", "loss_scale": "32", "train_wall": "16", "gb_free": "73.6", "wall": "14583"}
[2026-06-14 00:01:08,329][train_inner][INFO] - {"epoch": 9, "update": 8.88, "loss": "34.17", "nll_loss": "0.581", "total": "178.56", "n_correct": "165.215", "ppl": "1.5", "accuracy": "92.526", "wps": "440.6", "ups": "2.47", "wpb": "178.6", "bsz": "10", "num_updates": "28200", "lr": "6.54731e-05", "gnorm": "54.858", "loss_scale": "32", "train_wall": "15", "gb_free": "74", "wall": "14664"}
[2026-06-14 00:02:27,908][train_inner][INFO] - {"epoch": 9, "update": 8.943, "loss": "37.198", "nll_loss": "0.547", "total": "182.72", "n_correct": "170.015", "ppl": "1.46", "accuracy": "93.047", "wps": "459.3", "ups": "2.51", "wpb": "182.7", "bsz": "9.3", "num_updates": "28400", "lr": "6.35408e-05", "gnorm": "58.936", "loss_scale": "32", "train_wall": "16", "gb_free": "73.5", "wall": "14744"}
[2026-06-14 00:03:38,853][main][INFO] - end of epoch 9 (average epoch stats below)
[2026-06-14 00:03:38,869][train][INFO] - {"epoch": 9, "train_loss": "35.592", "train_nll_loss": "0.585", "train_total": "179.792", "train_n_correct": "166.15", "train_ppl": "1.5", "train_accuracy": "92.412", "train_wps": "394.7", "train_ups": "2.2", "train_wpb": "179.8", "train_bsz": "9.7", "train_num_updates": "28581", "train_lr": "6.18412e-05", "train_gnorm": "59.537", "train_loss_scale": "32", "train_train_wall": "250", "train_gb_free": "73.4", "train_wall": "14815"}
[2026-06-14 00:03:39,272][trainer][INFO] - begin training epoch 10
[2026-06-14 00:03:39,272][main][INFO] - Start iterating over samples
[2026-06-14 00:03:47,245][train_inner][INFO] - {"epoch": 10, "update": 9.006, "loss": "38.306", "nll_loss": "0.58", "total": "179.855", "n_correct": "166.395", "ppl": "1.5", "accuracy": "92.516", "wps": "453.5", "ups": "2.52", "wpb": "179.9", "bsz": "9", "num_updates": "28600", "lr": "6.16655e-05", "gnorm": "57.218", "loss_scale": "32", "train_wall": "15", "gb_free": "73.8", "wall": "14823"}
[2026-06-14 00:05:14,388][train_inner][INFO] - {"epoch": 10, "update": 9.069, "loss": "33.705", "nll_loss": "0.498", "total": "183.5", "n_correct": "172.67", "ppl": "1.41", "accuracy": "94.098", "wps": "421.4", "ups": "2.3", "wpb": "183.5", "bsz": "10", "num_updates": "28800", "lr": "5.98455e-05", "gnorm": "44.364", "loss_scale": "32", "train_wall": "16", "gb_free": "73.9", "wall": "14910"}
[2026-06-14 00:06:32,190][train_inner][INFO] - {"epoch": 10, "update": 9.132, "loss": "34.445", "nll_loss": "0.488", "total": "176.545", "n_correct": "166.21", "ppl": "1.4", "accuracy": "94.146", "wps": "453.9", "ups": "2.57", "wpb": "176.5", "bsz": "9.4", "num_updates": "29000", "lr": "5.80793e-05", "gnorm": "47.353", "loss_scale": "32", "train_wall": "15", "gb_free": "74.1", "wall": "14988"}
[2026-06-14 00:07:50,723][train_inner][INFO] - {"epoch": 10, "update": 9.195, "loss": "34.813", "nll_loss": "0.494", "total": "179.705", "n_correct": "168.805", "ppl": "1.41", "accuracy": "93.935", "wps": "457.7", "ups": "2.55", "wpb": "179.7", "bsz": "9.5", "num_updates": "29200", "lr": "5.63652e-05", "gnorm": "49.866", "loss_scale": "32", "train_wall": "16", "gb_free": "74.5", "wall": "15067"}
[2026-06-14 00:09:07,676][train_inner][INFO] - {"epoch": 10, "update": 9.258, "loss": "35.369", "nll_loss": "0.488", "total": "178.255", "n_correct": "168.085", "ppl": "1.4", "accuracy": "94.295", "wps": "463.3", "ups": "2.6", "wpb": "178.3", "bsz": "9.2", "num_updates": "29400", "lr": "5.47017e-05", "gnorm": "45.026", "loss_scale": "32", "train_wall": "15", "gb_free": "73.7", "wall": "15144"}
[2026-06-14 00:10:27,435][train_inner][INFO] - {"epoch": 10, "update": 9.321, "loss": "35.063", "nll_loss": "0.487", "total": "181.02", "n_correct": "170.72", "ppl": "1.4", "accuracy": "94.31", "wps": "454", "ups": "2.51", "wpb": "181", "bsz": "9.5", "num_updates": "29600", "lr": "5.30873e-05", "gnorm": "48.297", "loss_scale": "32", "train_wall": "16", "gb_free": "74.9", "wall": "15224"}
[2026-06-14 00:11:51,791][train_inner][INFO] - {"epoch": 10, "update": 9.384, "loss": "32.13", "nll_loss": "0.508", "total": "182.265", "n_correct": "170.915", "ppl": "1.42", "accuracy": "93.773", "wps": "432.2", "ups": "2.37", "wpb": "182.3", "bsz": "10.5", "num_updates": "29800", "lr": "5.15205e-05", "gnorm": "49.8", "loss_scale": "32", "train_wall": "16", "gb_free": "73.7", "wall": "15308"}
[2026-06-14 00:13:12,606][train_inner][INFO] - {"epoch": 10, "update": 9.447, "loss": "33.391", "nll_loss": "0.471", "total": "179.715", "n_correct": "169.96", "ppl": "1.39", "accuracy": "94.572", "wps": "444.8", "ups": "2.48", "wpb": "179.7", "bsz": "9.8", "num_updates": "30000", "lr": "5e-05", "gnorm": "45.86", "loss_scale": "32", "train_wall": "16", "gb_free": "73.6", "wall": "15389"}
[2026-06-14 00:13:12,607][main][INFO] - Stopping training due to num_updates: 30000 >= max_update: 30000
[2026-06-14 00:13:12,607][main][INFO] - begin validation on "valid" subset
[2026-06-14 00:14:01,368][valid][INFO] - {"epoch": 10, "valid_loss": "37.242", "valid_nll_loss": "0.626", "valid_total": "178.205", "valid_n_correct": "163.15", "valid_ppl": "1.54", "valid_accuracy": "91.552", "valid_wps": "468.5", "valid_wpb": "178.2", "valid_bsz": "9.4", "valid_num_updates": "30000", "valid_best_accuracy": "91.552"}
[2026-06-14 00:14:01,371][fairseq.checkpoint_utils][INFO] - Preparing to save checkpoint for epoch 10 @ 30000 updates
[2026-06-14 00:14:01,372][trainer][INFO] - Saving checkpoint to checkpoints/checkpoint_best.pt
[2026-06-14 00:14:05,126][trainer][INFO] - Finished saving checkpoint to checkpoints/checkpoint_best.pt
[2026-06-14 00:14:10,024][fairseq.checkpoint_utils][INFO] - Saved checkpoint checkpoints/checkpoint_best.pt (epoch 10 @ 30000 updates, score 91.552) (writing took 8.652771474095061 seconds)
[2026-06-14 00:14:10,026][main][INFO] - end of epoch 10 (average epoch stats below)
[2026-06-14 00:14:10,038][train][INFO] - {"epoch": 10, "train_loss": "34.098", "train_nll_loss": "0.49", "train_total": "180.173", "train_n_correct": "169.663", "train_ppl": "1.4", "train_accuracy": "94.167", "train_wps": "405.1", "train_ups": "2.25", "train_wpb": "180.2", "train_bsz": "9.7", "train_num_updates": "30000", "train_lr": "5e-05", "train_gnorm": "47.248", "train_loss_scale": "32", "train_train_wall": "111", "train_gb_free": "73.6", "train_wall": "15446"}
[2026-06-14 00:14:10,039][main][INFO] - done training in 15445.3 seconds
