/base/project/AudioVideo2Txt/main.py:27: UserWarning: 
The version_base parameter is not specified.
Please specify a compatability version level, or None.
Will assume defaults for version 1.1
  @hydra.main(config_path="configs", config_name="video2text")
/opt/conda/envs/rzd/lib/python3.10/site-packages/hydra/core/default_element.py:124: UserWarning: In 'audiovideo2text.yaml': Usage of deprecated keyword in package header '# @package _group_'.
See https://hydra.cc/docs/1.2/upgrades/1.0_to_1.1/changes_to_package_header for more information
  deprecation_warning(
sys:1: UserWarning: 
'audiovideo2text.yaml' is validated against ConfigStore schema with the same name.
This behavior is deprecated in Hydra 1.1 and will be removed in Hydra 1.2.
See https://hydra.cc/docs/1.2/upgrades/1.0_to_1.1/automatic_schema_matching for migration instructions.
/opt/conda/envs/rzd/lib/python3.10/site-packages/hydra/main.py:94: UserWarning: 
'audiovideo2text.yaml' is validated against ConfigStore schema with the same name.
This behavior is deprecated in Hydra 1.1 and will be removed in Hydra 1.2.
See https://hydra.cc/docs/1.2/upgrades/1.0_to_1.1/automatic_schema_matching for migration instructions.
  _run_hydra(
/opt/conda/envs/rzd/lib/python3.10/site-packages/hydra/_internal/hydra.py:119: UserWarning: Future Hydra versions will no longer change working directory at job runtime by default.
See https://hydra.cc/docs/1.2/upgrades/1.1_to_1.2/changes_to_job_working_dir/ for more information.
  ret = run_job(
[2026-06-13 16:27:14,502][main][INFO] - {'_name': None, 'common': {'_name': None, 'no_progress_bar': False, 'log_interval': 200, 'log_format': json, 'log_file': None, 'tensorboard_logdir': 'tblog', 'wandb_project': None, 'azureml_logging': False, 'seed': 1337, 'cpu': False, 'tpu': False, 'bf16': False, 'memory_efficient_bf16': False, 'fp16': True, 'memory_efficient_fp16': False, 'fp16_no_flatten_grads': False, 'fp16_init_scale': 128, 'fp16_scale_window': None, 'fp16_scale_tolerance': 0.0, 'on_cpu_convert_precision': False, 'min_loss_scale': 0.0001, 'threshold_loss_scale': None, 'amp': False, 'amp_batch_retries': 2, 'amp_init_scale': 128, 'amp_scale_window': None, 'user_dir': '/base/project/AudioVideo2Txt', 'empty_cache_freq': 0, 'all_gather_list_size': 16384, 'model_parallel_size': 1, 'quantization_config_path': None, 'profile': False, 'reset_logging': False, 'suppress_crashes': False, 'use_plasma_view': False, 'plasma_path': '/tmp/plasma'}, 'common_eval': {'_name': None, 'path': None, 'post_process': None, 'quiet': False, 'model_overrides': '{}', 'results_path': None}, 'distributed_training': {'_name': None, 'distributed_world_size': 1, 'distributed_num_procs': 1, 'distributed_rank': 0, 'distributed_backend': 'nccl', 'distributed_init_method': None, 'distributed_port': -1, 'device_id': 0, 'distributed_no_spawn': False, 'ddp_backend': c10d, 'ddp_comm_hook': none, 'bucket_cap_mb': 25, 'fix_batches_to_gpus': False, 'find_unused_parameters': True, 'fast_stat_sync': False, 'heartbeat_timeout': -1, 'broadcast_buffers': False, 'slowmo_momentum': None, 'slowmo_algorithm': 'LocalSGD', 'localsgd_frequency': 3, 'nprocs_per_node': 1, 'pipeline_model_parallel': False, 'pipeline_balance': None, 'pipeline_devices': None, 'pipeline_chunks': 0, 'pipeline_encoder_balance': None, 'pipeline_encoder_devices': None, 'pipeline_decoder_balance': None, 'pipeline_decoder_devices': None, 'pipeline_checkpoint': never, 'zero_sharding': none, 'fp16': '${common.fp16}', 'memory_efficient_fp16': '${common.memory_efficient_fp16}', 'tpu': '${common.tpu}', 'no_reshard_after_forward': False, 'fp32_reduce_scatter': False, 'cpu_offload': False, 'use_sharded_state': False}, 'dataset': {'_name': None, 'num_workers': 0, 'skip_invalid_size_inputs_valid_test': False, 'max_tokens': 1000, 'batch_size': None, 'required_batch_size_multiple': 8, 'required_seq_len_multiple': 1, 'dataset_impl': None, 'data_buffer_size': 10, 'train_subset': 'train', 'valid_subset': 'valid', 'combine_valid_subsets': None, 'ignore_unused_valid_subsets': False, 'validate_interval': 2, 'validate_interval_updates': 0, 'validate_after_updates': 0, 'fixed_validation_seed': None, 'disable_validation': False, 'max_tokens_valid': '${dataset.max_tokens}', 'batch_size_valid': '${dataset.batch_size}', 'max_valid_steps': None, 'curriculum': 0, 'gen_subset': 'test', 'num_shards': 1, 'shard_id': 0}, 'optimization': {'_name': None, 'max_epoch': 0, 'max_update': 30000, 'stop_time_hours': 0.0, 'clip_norm': 0.0, 'sentence_avg': True, 'update_freq': [1], 'lr': [0.001], 'stop_min_lr': -1.0, 'use_bmuf': False}, 'checkpoint': {'_name': None, 'save_dir': 'checkpoints', 'restore_file': 'checkpoint_last.pt', 'finetune_from_model': None, 'reset_dataloader': False, 'reset_lr_scheduler': False, 'reset_meters': False, 'reset_optimizer': False, 'optimizer_overrides': '{}', 'save_interval': 2, 'save_interval_updates': 0, 'keep_interval_updates': 1, 'keep_interval_updates_pattern': -1, 'keep_last_epochs': -1, 'keep_best_checkpoints': -1, 'no_save': False, 'no_epoch_checkpoints': True, 'no_last_checkpoints': False, 'no_save_optimizer_state': False, 'best_checkpoint_metric': 'accuracy', 'maximize_best_checkpoint_metric': True, 'patience': -1, 'checkpoint_suffix': '', 'checkpoint_shard_count': 1, 'load_checkpoint_on_all_dp_ranks': False, 'write_checkpoints_asynchronously': False, 'model_parallel_size': '${common.model_parallel_size}'}, 'bmuf': {'_name': None, 'block_lr': 1.0, 'block_momentum': 0.875, 'global_sync_iter': 50, 'warmup_iterations': 500, 'use_nbm': False, 'average_sync': False, 'distributed_world_size': '${distributed_training.distributed_world_size}'}, 'generation': {'_name': None, 'beam': 5, 'nbest': 1, 'max_len_a': 0.0, 'max_len_b': 200, 'min_len': 1, 'match_source_len': False, 'unnormalized': False, 'no_early_stop': False, 'no_beamable_mm': False, 'lenpen': 1.0, 'unkpen': 0.0, 'replace_unk': None, 'sacrebleu': False, 'score_reference': False, 'prefix_size': 0, 'no_repeat_ngram_size': 0, 'sampling': False, 'sampling_topk': -1, 'sampling_topp': -1.0, 'constraints': None, 'temperature': 1.0, 'diverse_beam_groups': -1, 'diverse_beam_strength': 0.5, 'diversity_rate': -1.0, 'print_alignment': None, 'print_step': False, 'lm_path': None, 'lm_weight': 0.0, 'iter_decode_eos_penalty': 0.0, 'iter_decode_max_iter': 10, 'iter_decode_force_max_iter': False, 'iter_decode_with_beam': 1, 'iter_decode_with_external_reranker': False, 'retain_iter_history': False, 'retain_dropout': False, 'retain_dropout_modules': None, 'decoding_format': None, 'no_seed_provided': False}, 'eval_lm': {'_name': None, 'output_word_probs': False, 'output_word_stats': False, 'context_window': 0, 'softmax_batch': 9223372036854775807}, 'interactive': {'_name': None, 'buffer_size': 0, 'input': '-'}, 'task': {'_name': 'av_hubert_pretraining', 'data': '/data2/final_project_data/30h_data', 'labels': ['wrd'], 'label_dir': '/data2/final_project_data/30h_data', 'label_rate': -1, 'sample_rate': 16000, 'normalize': True, 'enable_padding': False, 'max_sample_size': 500, 'min_sample_size': None, 'max_trim_sample_size': '${task.max_sample_size}', 'single_target': True, 'random_crop': False, 'pad_audio': True, 'pdb': False, 'stack_order_audio': 4, 'skip_verify': False, 'image_aug': True, 'image_crop_size': 88, 'image_mean': 0.421, 'image_std': 0.165, 'modalities': ['video', 'audio'], 'is_s2s': True, 'tokenizer_bpe_name': 'sentencepiece', 'tokenizer_bpe_model': '/data2/final_project_data/spm1000/spm_unigram1000.model', 'fine_tuning': True}, 'model': {'_name': 'av_hubert_seq2seq', 'pretrained_path': '/data2/final_project_ckpt/pretrained_model.pth', 'apply_mask': False, 'mask_selection': 'static', 'mask_length': 10, 'mask_other': 0, 'mask_prob': 0.75, 'mask_channel_selection': 'static', 'mask_channel_length': 64, 'mask_channel_other': 0, 'mask_channel_prob': 0.5, 'layerdrop': 0.1, 'dropout': 0.0, 'activation_dropout': 0.1, 'attention_dropout': 0.0, 'feature_grad_mult': 1.0, 'modality_fuse': 'concat', 'modality_dropout': 0.05, 'audio_dropout': 0.3, 'modality_dropout_mode': 'span', 'modality_dropout_span_min': 20, 'modality_dropout_span_max': 50, 'decoder_layers': 6, 'decoder_dropout': 0.1, 'decoder_attention_dropout': 0.0, 'decoder_activation_dropout': 0.1, 'freeze_finetune_updates': 24000, 'share_decoder_input_output_embed': True, 'decoder_normalize_before': True}, 'criterion': {'_name': 'label_smoothed_cross_entropy', 'report_accuracy': True, 'label_smoothing': 0.1, 'focal_gamma': 0.0, 'confidence_penalty': 0.0, 'ignore_prefix_size': 0, 'sentence_avg': '${optimization.sentence_avg}'}, 'optimizer': {'_name': 'adam', 'adam_betas': '(0.9,0.98)', 'adam_eps': 1e-08, 'weight_decay': 0.0, "use_old_adam'": False, 'tpu': '${common.tpu}', 'lr': '${optimization.lr}'}, 'lr_scheduler': {'_name': 'tri_stage', 'warmup_steps': 10000, 'hold_steps': 0, 'decay_steps': 20000, 'final_lr_scale': 0.05, 'phase_ratio': '???', 'init_lr_scale': 0.01, 'max_update': '${optimization.max_update}', 'lr': '${optimization.lr}'}, 'scoring': None, 'bpe': None, 'tokenizer': None}
[2026-06-13 16:27:15,515][models.encoder_backbone][INFO] - EncoderBackbone Config: {'_name': 'av_hubert', 'label_rate': 25, 'input_modality': '${task.input_modality}', 'extractor_mode': default, 'encoder_layers': 12, 'encoder_embed_dim': 768, 'encoder_ffn_embed_dim': 3072, 'encoder_attention_heads': 12, 'activation_fn': gelu, 'dropout': 0.0, 'attention_dropout': 0.0, 'activation_dropout': 0.1, 'encoder_layerdrop': 0.1, 'dropout_input': 0.0, 'dropout_features': 0.1, 'final_dim': 256, 'untie_final_proj': True, 'layer_norm_first': True, 'conv_feature_layers': '[(512,10,5)] + [(512,3,2)] * 4 + [(512,2,2)] * 2', 'conv_bias': False, 'logit_temp': 0.1, 'target_glu': False, 'feature_grad_mult': 1.0, 'mask_length_audio': 10, 'mask_prob_audio': 0.8, 'mask_length_image': 5, 'mask_prob_image': 0.3, 'mask_selection': static, 'mask_other': 0.0, 'no_mask_overlap': False, 'mask_min_space': 1, 'mask_channel_length': 64, 'mask_channel_prob': 0.5, 'mask_channel_selection': static, 'mask_channel_other': 0.0, 'no_mask_channel_overlap': False, 'mask_channel_min_space': 1, 'conv_pos': 128, 'conv_pos_groups': 16, 'latent_temp': [2.0, 0.5, 0.999995], 'skip_masked': False, 'skip_nomask': False, 'resnet_relu_type': 'prelu', 'resnet_weights': None, 'sim_type': 'cosine', 'sub_encoder_layers': 0, 'audio_feat_dim': 104, 'modality_dropout': 0.05, 'audio_dropout': 0.3, 'modality_dropout_mode': 'span', 'modality_dropout_span_min': 20, 'modality_dropout_span_max': 50, 'modality_fuse': 'concat', 'selection_type': 'same_seq', 'masking_type': 'input', 'decoder_embed_dim': 768, 'decoder_ffn_embed_dim': 3072, 'decoder_layers': 6, 'decoder_layerdrop': 0.0, 'decoder_attention_heads': 4, 'decoder_learned_pos': False, 'decoder_normalize_before': False, 'no_token_positional_embeddings': False, 'decoder_dropout': 0.1, 'decoder_attention_dropout': 0.1, 'decoder_activation_dropout': 0.0, 'max_target_positions': 2048, 'share_decoder_input_output_embed': False, 'no_scale_embedding': True, 'apply_mask': False, 'mask_prob': 0.75, 'mask_length': 10}
/opt/conda/envs/rzd/lib/python3.10/site-packages/torch/nn/utils/weight_norm.py:30: UserWarning: torch.nn.utils.weight_norm is deprecated in favor of torch.nn.utils.parametrizations.weight_norm.
  warnings.warn("torch.nn.utils.weight_norm is deprecated in favor of torch.nn.utils.parametrizations.weight_norm.")
[2026-06-13 16:27:23,580][models.audio_video_model][INFO] - _IncompatibleKeys(missing_keys=[], unexpected_keys=['mask_emb', 'label_embs_concat', 'final_proj.weight', 'final_proj.bias'])
[2026-06-13 16:27:24,558][main][INFO] - AudioVideoModel(
  (encoder): EncoderBackboneWrapper(
    (pretrained_model): EncoderBackbone(
      (feature_extractor_audio): AudioEncoder(
        (proj): Linear(in_features=104, out_features=768, bias=True)
      )
      (feature_extractor_video): ResEncoder(
        (frontend3D): Sequential(
          (0): Conv3d(1, 64, kernel_size=(5, 7, 7), stride=(1, 2, 2), padding=(2, 3, 3), bias=False)
          (1): BatchNorm3d(64, eps=1e-05, momentum=0.1, affine=True, track_running_stats=True)
          (2): PReLU(num_parameters=64)
          (3): MaxPool3d(kernel_size=(1, 3, 3), stride=(1, 2, 2), padding=(0, 1, 1), dilation=1, ceil_mode=False)
        )
        (trunk): ResNet(
          (layer1): Sequential(
            (0): BasicBlock(
              (conv1): Conv2d(64, 64, kernel_size=(3, 3), stride=(1, 1), padding=(1, 1), bias=False)
              (bn1): BatchNorm2d(64, eps=1e-05, momentum=0.1, affine=True, track_running_stats=True)
              (relu1): PReLU(num_parameters=64)
              (conv2): Conv2d(64, 64, kernel_size=(3, 3), stride=(1, 1), padding=(1, 1), bias=False)
              (bn2): BatchNorm2d(64, eps=1e-05, momentum=0.1, affine=True, track_running_stats=True)
              (relu2): PReLU(num_parameters=64)
            )
            (1): BasicBlock(
              (conv1): Conv2d(64, 64, kernel_size=(3, 3), stride=(1, 1), padding=(1, 1), bias=False)
              (bn1): BatchNorm2d(64, eps=1e-05, momentum=0.1, affine=True, track_running_stats=True)
              (relu1): PReLU(num_parameters=64)
              (conv2): Conv2d(64, 64, kernel_size=(3, 3), stride=(1, 1), padding=(1, 1), bias=False)
              (bn2): BatchNorm2d(64, eps=1e-05, momentum=0.1, affine=True, track_running_stats=True)
              (relu2): PReLU(num_parameters=64)
            )
          )
          (layer2): Sequential(
            (0): BasicBlock(
              (conv1): Conv2d(64, 128, kernel_size=(3, 3), stride=(2, 2), padding=(1, 1), bias=False)
              (bn1): BatchNorm2d(128, eps=1e-05, momentum=0.1, affine=True, track_running_stats=True)
              (relu1): PReLU(num_parameters=128)
              (conv2): Conv2d(128, 128, kernel_size=(3, 3), stride=(1, 1), padding=(1, 1), bias=False)
              (bn2): BatchNorm2d(128, eps=1e-05, momentum=0.1, affine=True, track_running_stats=True)
              (relu2): PReLU(num_parameters=128)
              (downsample): Sequential(
                (0): Conv2d(64, 128, kernel_size=(1, 1), stride=(2, 2), bias=False)
                (1): BatchNorm2d(128, eps=1e-05, momentum=0.1, affine=True, track_running_stats=True)
              )
            )
            (1): BasicBlock(
              (conv1): Conv2d(128, 128, kernel_size=(3, 3), stride=(1, 1), padding=(1, 1), bias=False)
              (bn1): BatchNorm2d(128, eps=1e-05, momentum=0.1, affine=True, track_running_stats=True)
              (relu1): PReLU(num_parameters=128)
              (conv2): Conv2d(128, 128, kernel_size=(3, 3), stride=(1, 1), padding=(1, 1), bias=False)
              (bn2): BatchNorm2d(128, eps=1e-05, momentum=0.1, affine=True, track_running_stats=True)
              (relu2): PReLU(num_parameters=128)
            )
          )
          (layer3): Sequential(
            (0): BasicBlock(
              (conv1): Conv2d(128, 256, kernel_size=(3, 3), stride=(2, 2), padding=(1, 1), bias=False)
              (bn1): BatchNorm2d(256, eps=1e-05, momentum=0.1, affine=True, track_running_stats=True)
              (relu1): PReLU(num_parameters=256)
              (conv2): Conv2d(256, 256, kernel_size=(3, 3), stride=(1, 1), padding=(1, 1), bias=False)
              (bn2): BatchNorm2d(256, eps=1e-05, momentum=0.1, affine=True, track_running_stats=True)
              (relu2): PReLU(num_parameters=256)
              (downsample): Sequential(
                (0): Conv2d(128, 256, kernel_size=(1, 1), stride=(2, 2), bias=False)
                (1): BatchNorm2d(256, eps=1e-05, momentum=0.1, affine=True, track_running_stats=True)
              )
            )
            (1): BasicBlock(
              (conv1): Conv2d(256, 256, kernel_size=(3, 3), stride=(1, 1), padding=(1, 1), bias=False)
              (bn1): BatchNorm2d(256, eps=1e-05, momentum=0.1, affine=True, track_running_stats=True)
              (relu1): PReLU(num_parameters=256)
              (conv2): Conv2d(256, 256, kernel_size=(3, 3), stride=(1, 1), padding=(1, 1), bias=False)
              (bn2): BatchNorm2d(256, eps=1e-05, momentum=0.1, affine=True, track_running_stats=True)
              (relu2): PReLU(num_parameters=256)
            )
          )
          (layer4): Sequential(
            (0): BasicBlock(
              (conv1): Conv2d(256, 512, kernel_size=(3, 3), stride=(2, 2), padding=(1, 1), bias=False)
              (bn1): BatchNorm2d(512, eps=1e-05, momentum=0.1, affine=True, track_running_stats=True)
              (relu1): PReLU(num_parameters=512)
              (conv2): Conv2d(512, 512, kernel_size=(3, 3), stride=(1, 1), padding=(1, 1), bias=False)
              (bn2): BatchNorm2d(512, eps=1e-05, momentum=0.1, affine=True, track_running_stats=True)
              (relu2): PReLU(num_parameters=512)
              (downsample): Sequential(
                (0): Conv2d(256, 512, kernel_size=(1, 1), stride=(2, 2), bias=False)
                (1): BatchNorm2d(512, eps=1e-05, momentum=0.1, affine=True, track_running_stats=True)
              )
            )
            (1): BasicBlock(
              (conv1): Conv2d(512, 512, kernel_size=(3, 3), stride=(1, 1), padding=(1, 1), bias=False)
              (bn1): BatchNorm2d(512, eps=1e-05, momentum=0.1, affine=True, track_running_stats=True)
              (relu1): PReLU(num_parameters=512)
              (conv2): Conv2d(512, 512, kernel_size=(3, 3), stride=(1, 1), padding=(1, 1), bias=False)
              (bn2): BatchNorm2d(512, eps=1e-05, momentum=0.1, affine=True, track_running_stats=True)
              (relu2): PReLU(num_parameters=512)
            )
          )
          (avgpool): AdaptiveAvgPool2d(output_size=1)
        )
        (proj): Linear(in_features=512, out_features=768, bias=True)
      )
      (post_extract_proj): Linear(in_features=1536, out_features=768, bias=True)
      (encoder): TransformerEncoder(
        (pos_conv): Sequential(
          (0): Conv1d(768, 768, kernel_size=(128,), stride=(1,), padding=(64,), groups=16)
          (1): SamePad()
          (2): GELU(approximate='none')
        )
        (layers): ModuleList(
          (0-11): 12 x TransformerSentenceEncoderLayer(
            (self_attn): MultiheadAttention(
              (dropout_module): Dropout(p=0.0, inplace=False)
              (k_proj): Linear(in_features=768, out_features=768, bias=True)
              (v_proj): Linear(in_features=768, out_features=768, bias=True)
              (q_proj): Linear(in_features=768, out_features=768, bias=True)
              (out_proj): Linear(in_features=768, out_features=768, bias=True)
            )
            (dropout1): Dropout(p=0.0, inplace=False)
            (dropout2): Dropout(p=0.1, inplace=False)
            (dropout3): Dropout(p=0.0, inplace=False)
            (self_attn_layer_norm): LayerNorm((768,), eps=1e-05, elementwise_affine=True)
            (fc1): Linear(in_features=768, out_features=3072, bias=True)
            (fc2): Linear(in_features=3072, out_features=768, bias=True)
            (final_layer_norm): LayerNorm((768,), eps=1e-05, elementwise_affine=True)
          )
        )
        (layer_norm): LayerNorm((768,), eps=1e-05, elementwise_affine=True)
      )
      (layer_norm): LayerNorm((1536,), eps=1e-05, elementwise_affine=True)
      (dropout_input): Dropout(p=0.0, inplace=False)
      (dropout_features): Dropout(p=0.1, inplace=False)
    )
  )
  (decoder): TransformerDecoder(
    (embed_tokens): Embedding(1000, 768, padding_idx=1)
    (embed_positions): SinusoidalPositionalEmbedding()
    (layers): ModuleList(
      (0-5): 6 x TransformerDecoderLayer(
        (dropout_module): Dropout(p=0.1, inplace=False)
        (self_attn): MultiheadAttention(
          (dropout_module): Dropout(p=0.0, inplace=False)
          (k_proj): Linear(in_features=768, out_features=768, bias=True)
          (v_proj): Linear(in_features=768, out_features=768, bias=True)
          (q_proj): Linear(in_features=768, out_features=768, bias=True)
          (out_proj): Linear(in_features=768, out_features=768, bias=True)
        )
        (activation_dropout_module): Dropout(p=0.1, inplace=False)
        (self_attn_layer_norm): LayerNorm((768,), eps=1e-05, elementwise_affine=True)
        (encoder_attn): MultiheadAttention(
          (dropout_module): Dropout(p=0.0, inplace=False)
          (k_proj): Linear(in_features=768, out_features=768, bias=True)
          (v_proj): Linear(in_features=768, out_features=768, bias=True)
          (q_proj): Linear(in_features=768, out_features=768, bias=True)
          (out_proj): Linear(in_features=768, out_features=768, bias=True)
        )
        (encoder_attn_layer_norm): LayerNorm((768,), eps=1e-05, elementwise_affine=True)
        (fc1): Linear(in_features=768, out_features=3072, bias=True)
        (fc2): Linear(in_features=3072, out_features=768, bias=True)
        (final_layer_norm): LayerNorm((768,), eps=1e-05, elementwise_affine=True)
      )
    )
    (layer_norm): LayerNorm((768,), eps=1e-05, elementwise_affine=True)
  )
)
[2026-06-13 16:27:24,583][main][INFO] - model: AudioVideoModel
[2026-06-13 16:27:24,583][main][INFO] - criterion: LabelSmoothedCrossEntropyCriterion
[2026-06-13 16:27:24,589][main][INFO] - num. shared model params: 160,100,480 (num. trained: 160,100,480)
[2026-06-13 16:27:24,591][main][INFO] - num. expert model params: 0 (num. trained: 0)
[2026-06-13 16:27:24,591][dataset][INFO] - Using tokenizer
[2026-06-13 16:27:24,710][dataset][INFO] - max_keep=500, min_keep=None, loaded 30782, skipped 0 short and 0 long and 0 unaligned, longest-loaded=155, shortest-loaded=12
[2026-06-13 16:27:24,712][dataset][INFO] - image transform: Compose(
    Normalize(mean=0.0, std=255.0)
    RandomCrop(size=(88, 88))
    <utils.model_utils.HorizontalFlip object at 0x7f88273ac4c0>
    Normalize(mean=0.421, std=0.165)
)
[2026-06-13 16:27:24,731][dataset][INFO] - pad_audio=True, random_crop=False, normalize=True, max_sample_size=500, seqs2seq data=True,
[2026-06-13 16:27:24,733][dataset][INFO] - Using tokenizer
[2026-06-13 16:27:24,747][dataset][INFO] - max_keep=500, min_keep=None, loaded 1200, skipped 0 short and 0 long and 0 unaligned, longest-loaded=155, shortest-loaded=17
[2026-06-13 16:27:24,748][dataset][INFO] - image transform: Compose(
    Normalize(mean=0.0, std=255.0)
    <utils.model_utils.CenterCrop object at 0x7f8904b34640>
    Normalize(mean=0.421, std=0.165)
)
[2026-06-13 16:27:24,751][dataset][INFO] - pad_audio=True, random_crop=False, normalize=True, max_sample_size=500, seqs2seq data=True,
[2026-06-13 16:27:31,573][trainer][INFO] - detected shared parameter: encoder.pretrained_model.feature_extractor_video.frontend3D.0.bias <- encoder.pretrained_model.feature_extractor_video.trunk.layer1.0.conv1.bias
[2026-06-13 16:27:31,574][trainer][INFO] - detected shared parameter: encoder.pretrained_model.feature_extractor_video.frontend3D.0.bias <- encoder.pretrained_model.feature_extractor_video.trunk.layer1.0.conv2.bias
[2026-06-13 16:27:31,575][trainer][INFO] - detected shared parameter: encoder.pretrained_model.feature_extractor_video.frontend3D.0.bias <- encoder.pretrained_model.feature_extractor_video.trunk.layer1.1.conv1.bias
[2026-06-13 16:27:31,575][trainer][INFO] - detected shared parameter: encoder.pretrained_model.feature_extractor_video.frontend3D.0.bias <- encoder.pretrained_model.feature_extractor_video.trunk.layer1.1.conv2.bias
[2026-06-13 16:27:31,576][trainer][INFO] - detected shared parameter: encoder.pretrained_model.feature_extractor_video.frontend3D.0.bias <- encoder.pretrained_model.feature_extractor_video.trunk.layer2.0.conv1.bias
[2026-06-13 16:27:31,577][trainer][INFO] - detected shared parameter: encoder.pretrained_model.feature_extractor_video.frontend3D.0.bias <- encoder.pretrained_model.feature_extractor_video.trunk.layer2.0.conv2.bias
[2026-06-13 16:27:31,577][trainer][INFO] - detected shared parameter: encoder.pretrained_model.feature_extractor_video.frontend3D.0.bias <- encoder.pretrained_model.feature_extractor_video.trunk.layer2.0.downsample.0.bias
[2026-06-13 16:27:31,577][trainer][INFO] - detected shared parameter: encoder.pretrained_model.feature_extractor_video.frontend3D.0.bias <- encoder.pretrained_model.feature_extractor_video.trunk.layer2.1.conv1.bias
[2026-06-13 16:27:31,577][trainer][INFO] - detected shared parameter: encoder.pretrained_model.feature_extractor_video.frontend3D.0.bias <- encoder.pretrained_model.feature_extractor_video.trunk.layer2.1.conv2.bias
[2026-06-13 16:27:31,578][trainer][INFO] - detected shared parameter: encoder.pretrained_model.feature_extractor_video.frontend3D.0.bias <- encoder.pretrained_model.feature_extractor_video.trunk.layer3.0.conv1.bias
[2026-06-13 16:27:31,578][trainer][INFO] - detected shared parameter: encoder.pretrained_model.feature_extractor_video.frontend3D.0.bias <- encoder.pretrained_model.feature_extractor_video.trunk.layer3.0.conv2.bias
[2026-06-13 16:27:31,578][trainer][INFO] - detected shared parameter: encoder.pretrained_model.feature_extractor_video.frontend3D.0.bias <- encoder.pretrained_model.feature_extractor_video.trunk.layer3.0.downsample.0.bias
[2026-06-13 16:27:31,579][trainer][INFO] - detected shared parameter: encoder.pretrained_model.feature_extractor_video.frontend3D.0.bias <- encoder.pretrained_model.feature_extractor_video.trunk.layer3.1.conv1.bias
[2026-06-13 16:27:31,579][trainer][INFO] - detected shared parameter: encoder.pretrained_model.feature_extractor_video.frontend3D.0.bias <- encoder.pretrained_model.feature_extractor_video.trunk.layer3.1.conv2.bias
[2026-06-13 16:27:31,580][trainer][INFO] - detected shared parameter: encoder.pretrained_model.feature_extractor_video.frontend3D.0.bias <- encoder.pretrained_model.feature_extractor_video.trunk.layer4.0.conv1.bias
[2026-06-13 16:27:31,580][trainer][INFO] - detected shared parameter: encoder.pretrained_model.feature_extractor_video.frontend3D.0.bias <- encoder.pretrained_model.feature_extractor_video.trunk.layer4.0.conv2.bias
[2026-06-13 16:27:31,581][trainer][INFO] - detected shared parameter: encoder.pretrained_model.feature_extractor_video.frontend3D.0.bias <- encoder.pretrained_model.feature_extractor_video.trunk.layer4.0.downsample.0.bias
[2026-06-13 16:27:31,581][trainer][INFO] - detected shared parameter: encoder.pretrained_model.feature_extractor_video.frontend3D.0.bias <- encoder.pretrained_model.feature_extractor_video.trunk.layer4.1.conv1.bias
[2026-06-13 16:27:31,581][trainer][INFO] - detected shared parameter: encoder.pretrained_model.feature_extractor_video.frontend3D.0.bias <- encoder.pretrained_model.feature_extractor_video.trunk.layer4.1.conv2.bias
[2026-06-13 16:27:31,582][fairseq.utils][INFO] - ***********************CUDA enviroments for all 1 workers***********************
[2026-06-13 16:27:31,583][fairseq.utils][INFO] - rank   0: capabilities =  9.0  ; total memory = 79.179 GB ; name = NVIDIA H100 80GB HBM3                   
[2026-06-13 16:27:31,583][fairseq.utils][INFO] - ***********************CUDA enviroments for all 1 workers***********************
[2026-06-13 16:27:31,584][main][INFO] - training on 1 devices (GPUs/TPUs)
[2026-06-13 16:27:31,584][main][INFO] - max tokens per device = 1000 and max sentences per device = None
[2026-06-13 16:27:31,585][trainer][INFO] - Preparing to load checkpoint checkpoints/checkpoint_last.pt
[2026-06-13 16:27:31,585][trainer][INFO] - No existing checkpoint found checkpoints/checkpoint_last.pt
[2026-06-13 16:27:34,731][trainer][INFO] - begin training epoch 1
[2026-06-13 16:27:34,732][main][INFO] - Start iterating over samples
[2026-06-13 16:31:31,175][train_inner][INFO] - {"epoch": 1, "update": 0.063, "loss": "155.053", "nll_loss": "8.515", "total": "178.305", "n_correct": "10.7", "ppl": "365.76", "accuracy": "6.001", "wps": "152.3", "ups": "0.85", "wpb": "178.3", "bsz": "10.1", "num_updates": "200", "lr": "2.98e-05", "gnorm": "93.969", "loss_scale": "128", "train_wall": "20", "gb_free": "75.7", "wall": "240"}
[2026-06-13 16:35:23,483][train_inner][INFO] - {"epoch": 1, "update": 0.126, "loss": "169.43", "nll_loss": "8.148", "total": "181.27", "n_correct": "12.29", "ppl": "283.65", "accuracy": "6.78", "wps": "156.1", "ups": "0.86", "wpb": "181.3", "bsz": "9", "num_updates": "400", "lr": "4.96e-05", "gnorm": "67.381", "loss_scale": "128", "train_wall": "14", "gb_free": "75.7", "wall": "472"}
[2026-06-13 16:38:33,773][train_inner][INFO] - {"epoch": 1, "update": 0.189, "loss": "155.767", "nll_loss": "8.024", "total": "177.86", "n_correct": "14.545", "ppl": "260.26", "accuracy": "8.178", "wps": "186.9", "ups": "1.05", "wpb": "177.9", "bsz": "9.5", "num_updates": "600", "lr": "6.94e-05", "gnorm": "53.894", "loss_scale": "128", "train_wall": "13", "gb_free": "75.7", "wall": "662"}
[2026-06-13 16:42:31,782][train_inner][INFO] - {"epoch": 1, "update": 0.252, "loss": "148.628", "nll_loss": "7.834", "total": "179.33", "n_correct": "19.735", "ppl": "228.24", "accuracy": "11.005", "wps": "150.7", "ups": "0.84", "wpb": "179.3", "bsz": "9.9", "num_updates": "800", "lr": "8.92e-05", "gnorm": "50.475", "loss_scale": "128", "train_wall": "14", "gb_free": "75.7", "wall": "900"}
[2026-06-13 16:46:52,165][train_inner][INFO] - {"epoch": 1, "update": 0.315, "loss": "152.33", "nll_loss": "7.662", "total": "176.56", "n_correct": "22.15", "ppl": "202.49", "accuracy": "12.545", "wps": "135.7", "ups": "0.77", "wpb": "176.6", "bsz": "9.3", "num_updates": "1000", "lr": "0.000109", "gnorm": "51.039", "loss_scale": "128", "train_wall": "14", "gb_free": "75.7", "wall": "1160"}
[2026-06-13 16:50:14,989][train_inner][INFO] - {"epoch": 1, "update": 0.378, "loss": "149.61", "nll_loss": "7.476", "total": "177.705", "n_correct": "24.275", "ppl": "177.99", "accuracy": "13.66", "wps": "175.2", "ups": "0.99", "wpb": "177.7", "bsz": "9.3", "num_updates": "1200", "lr": "0.0001288", "gnorm": "52.977", "loss_scale": "128", "train_wall": "12", "gb_free": "75.7", "wall": "1363"}
[2026-06-13 16:54:26,830][train_inner][INFO] - {"epoch": 1, "update": 0.441, "loss": "136.486", "nll_loss": "7.277", "total": "180.08", "n_correct": "27.29", "ppl": "155.1", "accuracy": "15.154", "wps": "143", "ups": "0.79", "wpb": "180.1", "bsz": "10.2", "num_updates": "1400", "lr": "0.0001486", "gnorm": "50.087", "loss_scale": "128", "train_wall": "13", "gb_free": "75.7", "wall": "1615"}
[2026-06-13 16:58:46,933][train_inner][INFO] - {"epoch": 1, "update": 0.504, "loss": "145.102", "nll_loss": "7.206", "total": "179.95", "n_correct": "27.8", "ppl": "147.65", "accuracy": "15.449", "wps": "138.4", "ups": "0.77", "wpb": "179.9", "bsz": "9.5", "num_updates": "1600", "lr": "0.0001684", "gnorm": "50.842", "loss_scale": "128", "train_wall": "13", "gb_free": "75.7", "wall": "1875"}
[2026-06-13 17:02:22,386][train_inner][INFO] - {"epoch": 1, "update": 0.567, "loss": "127.719", "nll_loss": "6.926", "total": "181.98", "n_correct": "32.46", "ppl": "121.56", "accuracy": "17.837", "wps": "168.9", "ups": "0.93", "wpb": "182", "bsz": "10.5", "num_updates": "1800", "lr": "0.0001882", "gnorm": "47.446", "loss_scale": "128", "train_wall": "13", "gb_free": "75.7", "wall": "2091"}
[2026-06-13 17:05:52,226][train_inner][INFO] - {"epoch": 1, "update": 0.63, "loss": "136.354", "nll_loss": "6.862", "total": "182.14", "n_correct": "32.165", "ppl": "116.29", "accuracy": "17.659", "wps": "173.6", "ups": "0.95", "wpb": "182.1", "bsz": "9.8", "num_updates": "2000", "lr": "0.000208", "gnorm": "49.504", "loss_scale": "128", "train_wall": "13", "gb_free": "75.7", "wall": "2301"}
[2026-06-13 17:08:40,582][train_inner][INFO] - {"epoch": 1, "update": 0.693, "loss": "137.255", "nll_loss": "6.76", "total": "178.665", "n_correct": "32.2", "ppl": "108.37", "accuracy": "18.023", "wps": "212.3", "ups": "1.19", "wpb": "178.7", "bsz": "9.4", "num_updates": "2200", "lr": "0.0002278", "gnorm": "49.707", "loss_scale": "128", "train_wall": "12", "gb_free": "75.7", "wall": "2469"}
[2026-06-13 17:12:17,677][train_inner][INFO] - {"epoch": 1, "update": 0.756, "loss": "137.524", "nll_loss": "6.641", "total": "180.825", "n_correct": "33.455", "ppl": "99.77", "accuracy": "18.501", "wps": "166.6", "ups": "0.92", "wpb": "180.8", "bsz": "9.4", "num_updates": "2400", "lr": "0.0002476", "gnorm": "51.032", "loss_scale": "128", "train_wall": "13", "gb_free": "75.7", "wall": "2686"}
[2026-06-13 17:15:34,665][train_inner][INFO] - {"epoch": 1, "update": 0.819, "loss": "130.518", "nll_loss": "6.42", "total": "181.03", "n_correct": "36.04", "ppl": "85.64", "accuracy": "19.908", "wps": "183.8", "ups": "1.02", "wpb": "181", "bsz": "9.7", "num_updates": "2600", "lr": "0.0002674", "gnorm": "50.528", "loss_scale": "128", "train_wall": "13", "gb_free": "75.7", "wall": "2883"}
[2026-06-13 17:19:13,203][train_inner][INFO] - {"epoch": 1, "update": 0.882, "loss": "124.87", "nll_loss": "6.201", "total": "175.29", "n_correct": "37.515", "ppl": "73.56", "accuracy": "21.402", "wps": "160.4", "ups": "0.92", "wpb": "175.3", "bsz": "9.5", "num_updates": "2800", "lr": "0.0002872", "gnorm": "49.491", "loss_scale": "128", "train_wall": "13", "gb_free": "75.7", "wall": "3102"}
[2026-06-13 17:22:54,358][train_inner][INFO] - {"epoch": 1, "update": 0.945, "loss": "126.463", "nll_loss": "6.139", "total": "183.02", "n_correct": "39.365", "ppl": "70.45", "accuracy": "21.509", "wps": "165.5", "ups": "0.9", "wpb": "183", "bsz": "9.7", "num_updates": "3000", "lr": "0.000307", "gnorm": "51.046", "loss_scale": "128", "train_wall": "13", "gb_free": "75.7", "wall": "3323"}
[2026-06-13 17:25:18,707][main][INFO] - end of epoch 1 (average epoch stats below)
[2026-06-13 17:25:18,724][train][INFO] - {"epoch": 1, "train_loss": "140.497", "train_nll_loss": "7.132", "train_total": "179.799", "train_n_correct": "27.698", "train_ppl": "140.22", "train_accuracy": "15.405", "train_wps": "165", "train_ups": "0.92", "train_wpb": "179.8", "train_bsz": "9.7", "train_num_updates": "3176", "train_lr": "0.000324424", "train_gnorm": "54.405", "train_loss_scale": "128", "train_train_wall": "214", "train_gb_free": "75.7", "train_wall": "3467"}
[2026-06-13 17:25:19,294][trainer][INFO] - begin training epoch 2
[2026-06-13 17:25:19,294][main][INFO] - Start iterating over samples
[2026-06-13 17:25:39,360][train_inner][INFO] - {"epoch": 2, "update": 1.008, "loss": "118.176", "nll_loss": "5.916", "total": "181.945", "n_correct": "42.775", "ppl": "60.38", "accuracy": "23.51", "wps": "220.6", "ups": "1.21", "wpb": "181.9", "bsz": "10.1", "num_updates": "3200", "lr": "0.0003268", "gnorm": "50.887", "loss_scale": "128", "train_wall": "12", "gb_free": "75.7", "wall": "3488"}
[2026-06-13 17:28:27,187][train_inner][INFO] - {"epoch": 2, "update": 1.071, "loss": "118.657", "nll_loss": "5.754", "total": "181.22", "n_correct": "43.11", "ppl": "53.97", "accuracy": "23.789", "wps": "216", "ups": "1.19", "wpb": "181.2", "bsz": "9.8", "num_updates": "3400", "lr": "0.0003466", "gnorm": "51.794", "loss_scale": "128", "train_wall": "12", "gb_free": "75.7", "wall": "3656"}
[2026-06-13 17:31:17,267][train_inner][INFO] - {"epoch": 2, "update": 1.134, "loss": "111.963", "nll_loss": "5.537", "total": "184.03", "n_correct": "47.14", "ppl": "46.44", "accuracy": "25.615", "wps": "216.4", "ups": "1.18", "wpb": "184", "bsz": "10.2", "num_updates": "3600", "lr": "0.0003664", "gnorm": "52.491", "loss_scale": "128", "train_wall": "12", "gb_free": "75.7", "wall": "3826"}
[2026-06-13 17:33:41,438][train_inner][INFO] - {"epoch": 2, "update": 1.196, "loss": "118.568", "nll_loss": "5.385", "total": "177.94", "n_correct": "47.21", "ppl": "41.78", "accuracy": "26.531", "wps": "246.9", "ups": "1.39", "wpb": "177.9", "bsz": "9.1", "num_updates": "3800", "lr": "0.0003862", "gnorm": "55.492", "loss_scale": "128", "train_wall": "12", "gb_free": "75.7", "wall": "3970"}
[2026-06-13 17:35:57,486][train_inner][INFO] - {"epoch": 2, "update": 1.259, "loss": "110.298", "nll_loss": "5.105", "total": "176.96", "n_correct": "51.035", "ppl": "34.42", "accuracy": "28.84", "wps": "260.2", "ups": "1.47", "wpb": "177", "bsz": "9.4", "num_updates": "4000", "lr": "0.000406", "gnorm": "56.983", "loss_scale": "128", "train_wall": "12", "gb_free": "75.7", "wall": "4106"}
[2026-06-13 17:38:03,563][train_inner][INFO] - {"epoch": 2, "update": 1.322, "loss": "110.457", "nll_loss": "4.925", "total": "182.315", "n_correct": "55.295", "ppl": "30.37", "accuracy": "30.329", "wps": "289.2", "ups": "1.59", "wpb": "182.3", "bsz": "9.4", "num_updates": "4200", "lr": "0.0004258", "gnorm": "59.646", "loss_scale": "128", "train_wall": "12", "gb_free": "75.7", "wall": "4232"}
[2026-06-13 17:40:03,605][train_inner][INFO] - {"epoch": 2, "update": 1.385, "loss": "94.858", "nll_loss": "4.571", "total": "178.705", "n_correct": "60.445", "ppl": "23.76", "accuracy": "33.824", "wps": "297.8", "ups": "1.67", "wpb": "178.7", "bsz": "10.2", "num_updates": "4400", "lr": "0.0004456", "gnorm": "55.207", "loss_scale": "128", "train_wall": "12", "gb_free": "75.7", "wall": "4352"}
[2026-06-13 17:42:08,104][train_inner][INFO] - {"epoch": 2, "update": 1.448, "loss": "89.6", "nll_loss": "4.379", "total": "182.91", "n_correct": "66.25", "ppl": "20.81", "accuracy": "36.22", "wps": "293.9", "ups": "1.61", "wpb": "182.9", "bsz": "10.7", "num_updates": "4600", "lr": "0.0004654", "gnorm": "55.577", "loss_scale": "128", "train_wall": "12", "gb_free": "75.7", "wall": "4477"}
[2026-06-13 17:44:05,222][train_inner][INFO] - {"epoch": 2, "update": 1.511, "loss": "95.215", "nll_loss": "4.325", "total": "178.54", "n_correct": "65.7", "ppl": "20.04", "accuracy": "36.798", "wps": "304.9", "ups": "1.71", "wpb": "178.5", "bsz": "9.7", "num_updates": "4800", "lr": "0.0004852", "gnorm": "55.815", "loss_scale": "128", "train_wall": "12", "gb_free": "75.7", "wall": "4594"}
[2026-06-13 17:46:04,872][train_inner][INFO] - {"epoch": 2, "update": 1.574, "loss": "91.289", "nll_loss": "4.174", "total": "181.955", "n_correct": "69.96", "ppl": "18.04", "accuracy": "38.449", "wps": "304.2", "ups": "1.67", "wpb": "182", "bsz": "10.1", "num_updates": "5000", "lr": "0.000505", "gnorm": "55.105", "loss_scale": "128", "train_wall": "12", "gb_free": "75.7", "wall": "4713"}
[2026-06-13 17:48:04,796][train_inner][INFO] - {"epoch": 2, "update": 1.637, "loss": "86.793", "nll_loss": "4.006", "total": "178.205", "n_correct": "71.39", "ppl": "16.07", "accuracy": "40.061", "wps": "297.2", "ups": "1.67", "wpb": "178.2", "bsz": "10.1", "num_updates": "5200", "lr": "0.0005248", "gnorm": "52.885", "loss_scale": "128", "train_wall": "11", "gb_free": "75.7", "wall": "4833"}
[2026-06-13 17:50:03,533][train_inner][INFO] - {"epoch": 2, "update": 1.7, "loss": "83.916", "nll_loss": "3.877", "total": "177.005", "n_correct": "74.745", "ppl": "14.69", "accuracy": "42.228", "wps": "298.2", "ups": "1.68", "wpb": "177", "bsz": "10.1", "num_updates": "5400", "lr": "0.0005446", "gnorm": "52.681", "loss_scale": "128", "train_wall": "11", "gb_free": "75.7", "wall": "4952"}
[2026-06-13 17:51:57,963][train_inner][INFO] - {"epoch": 2, "update": 1.763, "loss": "100.359", "nll_loss": "3.946", "total": "181.805", "n_correct": "74.645", "ppl": "15.41", "accuracy": "41.058", "wps": "317.8", "ups": "1.75", "wpb": "181.8", "bsz": "8.8", "num_updates": "5600", "lr": "0.0005644", "gnorm": "58.396", "loss_scale": "128", "train_wall": "11", "gb_free": "75.7", "wall": "5066"}
[2026-06-13 17:53:52,443][train_inner][INFO] - {"epoch": 2, "update": 1.826, "loss": "94.18", "nll_loss": "3.748", "total": "179.055", "n_correct": "78.24", "ppl": "13.44", "accuracy": "43.696", "wps": "312.8", "ups": "1.75", "wpb": "179.1", "bsz": "8.9", "num_updates": "5800", "lr": "0.0005842", "gnorm": "54.128", "loss_scale": "128", "train_wall": "11", "gb_free": "75.7", "wall": "5181"}
[2026-06-13 17:55:44,143][train_inner][INFO] - {"epoch": 2, "update": 1.889, "loss": "90.851", "nll_loss": "3.659", "total": "178.135", "n_correct": "80.415", "ppl": "12.63", "accuracy": "45.143", "wps": "319", "ups": "1.79", "wpb": "178.1", "bsz": "9.1", "num_updates": "6000", "lr": "0.000604", "gnorm": "53.304", "loss_scale": "128", "train_wall": "11", "gb_free": "75.7", "wall": "5293"}
[2026-06-13 17:57:41,143][train_inner][INFO] - {"epoch": 2, "update": 1.952, "loss": "81.675", "nll_loss": "3.453", "total": "180.595", "n_correct": "85.96", "ppl": "10.95", "accuracy": "47.598", "wps": "308.8", "ups": "1.71", "wpb": "180.6", "bsz": "9.8", "num_updates": "6200", "lr": "0.0006238", "gnorm": "48.325", "loss_scale": "128", "train_wall": "11", "gb_free": "75.7", "wall": "5410"}
[2026-06-13 17:59:10,748][main][INFO] - begin validation on "valid" subset
[2026-06-13 18:00:23,991][valid][INFO] - {"epoch": 2, "valid_loss": "77.657", "valid_nll_loss": "3.058", "valid_total": "178.205", "valid_n_correct": "93.3701", "valid_ppl": "8.33", "valid_accuracy": "52.395", "valid_wps": "310.9", "valid_wpb": "178.2", "valid_bsz": "9.4", "valid_num_updates": "6352"}
[2026-06-13 18:00:23,992][fairseq.checkpoint_utils][INFO] - Preparing to save checkpoint for epoch 2 @ 6352 updates
[2026-06-13 18:00:23,993][trainer][INFO] - Saving checkpoint to checkpoints/checkpoint_best.pt
[2026-06-13 18:00:27,617][trainer][INFO] - Finished saving checkpoint to checkpoints/checkpoint_best.pt
[2026-06-13 18:00:32,926][fairseq.checkpoint_utils][INFO] - Saved checkpoint checkpoints/checkpoint_best.pt (epoch 2 @ 6352 updates, score 52.395) (writing took 8.9342867230298 seconds)
[2026-06-13 18:00:32,926][main][INFO] - end of epoch 2 (average epoch stats below)
[2026-06-13 18:00:32,937][train][INFO] - {"epoch": 2, "train_loss": "97.76", "train_nll_loss": "4.418", "train_total": "179.799", "train_n_correct": "65.5882", "train_ppl": "21.38", "train_accuracy": "36.479", "train_wps": "270.1", "train_ups": "1.5", "train_wpb": "179.8", "train_bsz": "9.7", "train_num_updates": "6352", "train_lr": "0.000638848", "train_gnorm": "54.192", "train_loss_scale": "128", "train_train_wall": "184", "train_gb_free": "75.7", "train_wall": "5581"}
[2026-06-13 18:00:33,643][trainer][INFO] - begin training epoch 3
[2026-06-13 18:00:33,644][main][INFO] - Start iterating over samples
[2026-06-13 18:01:01,668][train_inner][INFO] - {"epoch": 3, "update": 2.015, "loss": "80.181", "nll_loss": "3.338", "total": "177.825", "n_correct": "87.36", "ppl": "10.11", "accuracy": "49.127", "wps": "177.4", "ups": "1", "wpb": "177.8", "bsz": "9.6", "num_updates": "6400", "lr": "0.0006436", "gnorm": "47.833", "loss_scale": "128", "train_wall": "11", "gb_free": "75.7", "wall": "5610"}
[2026-06-13 18:02:55,711][train_inner][INFO] - {"epoch": 3, "update": 2.078, "loss": "77.14", "nll_loss": "3.206", "total": "183.205", "n_correct": "92.68", "ppl": "9.23", "accuracy": "50.588", "wps": "321.3", "ups": "1.75", "wpb": "183.2", "bsz": "10.1", "num_updates": "6600", "lr": "0.0006634", "gnorm": "46.39", "loss_scale": "128", "train_wall": "11", "gb_free": "75.7", "wall": "5724"}
[2026-06-13 18:04:50,561][train_inner][INFO] - {"epoch": 3, "update": 2.141, "loss": "75.256", "nll_loss": "3.093", "total": "177.205", "n_correct": "93.265", "ppl": "8.53", "accuracy": "52.631", "wps": "308.6", "ups": "1.74", "wpb": "177.2", "bsz": "9.8", "num_updates": "6800", "lr": "0.0006832", "gnorm": "44.798", "loss_scale": "128", "train_wall": "11", "gb_free": "75.7", "wall": "5839"}
[2026-06-13 18:06:51,553][train_inner][INFO] - {"epoch": 3, "update": 2.204, "loss": "75.369", "nll_loss": "3.136", "total": "178.395", "n_correct": "92.99", "ppl": "8.79", "accuracy": "52.126", "wps": "294.9", "ups": "1.65", "wpb": "178.4", "bsz": "9.9", "num_updates": "7000", "lr": "0.000703", "gnorm": "43.715", "loss_scale": "128", "train_wall": "11", "gb_free": "75.7", "wall": "5960"}
[2026-06-13 18:08:53,547][train_inner][INFO] - {"epoch": 3, "update": 2.267, "loss": "79.278", "nll_loss": "3.089", "total": "185.385", "n_correct": "98.535", "ppl": "8.51", "accuracy": "53.152", "wps": "304", "ups": "1.64", "wpb": "185.4", "bsz": "9.7", "num_updates": "7200", "lr": "0.0007228", "gnorm": "45.986", "loss_scale": "128", "train_wall": "11", "gb_free": "75.7", "wall": "6082"}
[2026-06-13 18:10:47,489][train_inner][INFO] - {"epoch": 3, "update": 2.33, "loss": "78.101", "nll_loss": "2.971", "total": "178.965", "n_correct": "98.065", "ppl": "7.84", "accuracy": "54.796", "wps": "314.2", "ups": "1.76", "wpb": "179", "bsz": "9.2", "num_updates": "7400", "lr": "0.0007426", "gnorm": "43.04", "loss_scale": "128", "train_wall": "11", "gb_free": "75.7", "wall": "6196"}
[2026-06-13 18:12:47,500][train_inner][INFO] - {"epoch": 3, "update": 2.393, "loss": "74.291", "nll_loss": "2.942", "total": "183.475", "n_correct": "101.4", "ppl": "7.68", "accuracy": "55.266", "wps": "305.8", "ups": "1.67", "wpb": "183.5", "bsz": "9.9", "num_updates": "7600", "lr": "0.0007624", "gnorm": "42.703", "loss_scale": "128", "train_wall": "11", "gb_free": "75.7", "wall": "6316"}
[2026-06-13 18:14:38,247][train_inner][INFO] - {"epoch": 3, "update": 2.456, "loss": "76.256", "nll_loss": "2.835", "total": "179.125", "n_correct": "102.105", "ppl": "7.13", "accuracy": "57.002", "wps": "323.5", "ups": "1.81", "wpb": "179.1", "bsz": "9.2", "num_updates": "7800", "lr": "0.0007822", "gnorm": "41.165", "loss_scale": "128", "train_wall": "11", "gb_free": "75.7", "wall": "6427"}
[2026-06-13 18:16:39,343][train_inner][INFO] - {"epoch": 3, "update": 2.519, "loss": "71.093", "nll_loss": "2.81", "total": "182.37", "n_correct": "104.215", "ppl": "7.01", "accuracy": "57.145", "wps": "301.2", "ups": "1.65", "wpb": "182.4", "bsz": "10", "num_updates": "8000", "lr": "0.000802", "gnorm": "40.355", "loss_scale": "128", "train_wall": "11", "gb_free": "75.7", "wall": "6548"}
[2026-06-13 18:18:36,651][train_inner][INFO] - {"epoch": 3, "update": 2.582, "loss": "70.908", "nll_loss": "2.733", "total": "179.46", "n_correct": "104.77", "ppl": "6.65", "accuracy": "58.381", "wps": "306", "ups": "1.71", "wpb": "179.5", "bsz": "9.7", "num_updates": "8200", "lr": "0.0008218", "gnorm": "38.117", "loss_scale": "128", "train_wall": "11", "gb_free": "75.7", "wall": "6665"}
[2026-06-13 18:20:34,002][train_inner][INFO] - {"epoch": 3, "update": 2.645, "loss": "69.999", "nll_loss": "2.69", "total": "178.09", "n_correct": "105.08", "ppl": "6.46", "accuracy": "59.004", "wps": "303.6", "ups": "1.7", "wpb": "178.1", "bsz": "9.6", "num_updates": "8400", "lr": "0.0008416", "gnorm": "38.11", "loss_scale": "128", "train_wall": "11", "gb_free": "75.7", "wall": "6782"}
[2026-06-13 18:22:28,067][train_inner][INFO] - {"epoch": 3, "update": 2.708, "loss": "72.983", "nll_loss": "2.631", "total": "177.395", "n_correct": "106.39", "ppl": "6.2", "accuracy": "59.974", "wps": "311.1", "ups": "1.75", "wpb": "177.4", "bsz": "9.1", "num_updates": "8600", "lr": "0.0008614", "gnorm": "37.64", "loss_scale": "128", "train_wall": "11", "gb_free": "75.7", "wall": "6896"}
[2026-06-13 18:24:28,000][train_inner][INFO] - {"epoch": 3, "update": 2.771, "loss": "67.4", "nll_loss": "2.546", "total": "181.54", "n_correct": "111", "ppl": "5.84", "accuracy": "61.144", "wps": "302.8", "ups": "1.67", "wpb": "181.5", "bsz": "9.9", "num_updates": "8800", "lr": "0.0008812", "gnorm": "35.683", "loss_scale": "128", "train_wall": "11", "gb_free": "75.7", "wall": "7016"}
[2026-06-13 18:26:25,111][train_inner][INFO] - {"epoch": 3, "update": 2.834, "loss": "63.416", "nll_loss": "2.481", "total": "175.895", "n_correct": "109.57", "ppl": "5.58", "accuracy": "62.293", "wps": "300.4", "ups": "1.71", "wpb": "175.9", "bsz": "10", "num_updates": "9000", "lr": "0.000901", "gnorm": "34.181", "loss_scale": "128", "train_wall": "11", "gb_free": "75.7", "wall": "7134"}
[2026-06-13 18:28:22,546][train_inner][INFO] - {"epoch": 3, "update": 2.897, "loss": "67.109", "nll_loss": "2.537", "total": "178.905", "n_correct": "110.025", "ppl": "5.8", "accuracy": "61.499", "wps": "304.7", "ups": "1.7", "wpb": "178.9", "bsz": "9.7", "num_updates": "9200", "lr": "0.0009208", "gnorm": "35.473", "loss_scale": "128", "train_wall": "11", "gb_free": "75.7", "wall": "7251"}
[2026-06-13 18:30:19,095][train_inner][INFO] - {"epoch": 3, "update": 2.96, "loss": "64.802", "nll_loss": "2.374", "total": "179", "n_correct": "114.825", "ppl": "5.19", "accuracy": "64.148", "wps": "307.2", "ups": "1.72", "wpb": "179", "bsz": "9.7", "num_updates": "9400", "lr": "0.0009406", "gnorm": "33.554", "loss_scale": "128", "train_wall": "11", "gb_free": "75.7", "wall": "7367"}
[2026-06-13 18:31:31,989][main][INFO] - end of epoch 3 (average epoch stats below)
[2026-06-13 18:31:32,000][train][INFO] - {"epoch": 3, "train_loss": "71.915", "train_nll_loss": "2.793", "train_total": "179.799", "train_n_correct": "103.331", "train_ppl": "6.93", "train_accuracy": "57.47", "train_wps": "307.2", "train_ups": "1.71", "train_wpb": "179.8", "train_bsz": "9.7", "train_num_updates": "9528", "train_lr": "0.000953272", "train_gnorm": "39.887", "train_loss_scale": "128", "train_train_wall": "178", "train_gb_free": "75.7", "train_wall": "7440"}
[2026-06-13 18:31:32,504][trainer][INFO] - begin training epoch 4
[2026-06-13 18:31:32,504][main][INFO] - Start iterating over samples
[2026-06-13 18:32:13,458][train_inner][INFO] - {"epoch": 4, "update": 3.023, "loss": "59.378", "nll_loss": "2.251", "total": "176.035", "n_correct": "115.94", "ppl": "4.76", "accuracy": "65.862", "wps": "307.9", "ups": "1.75", "wpb": "176", "bsz": "10.1", "num_updates": "9600", "lr": "0.0009604", "gnorm": "32.133", "loss_scale": "128", "train_wall": "11", "gb_free": "75.7", "wall": "7482"}
[2026-06-13 18:34:08,804][train_inner][INFO] - {"epoch": 4, "update": 3.086, "loss": "57.697", "nll_loss": "2.165", "total": "178.395", "n_correct": "119.215", "ppl": "4.49", "accuracy": "66.826", "wps": "309.4", "ups": "1.73", "wpb": "178.4", "bsz": "10.3", "num_updates": "9800", "lr": "0.0009802", "gnorm": "30.49", "loss_scale": "128", "train_wall": "11", "gb_free": "75.7", "wall": "7597"}
[2026-06-13 18:36:02,174][train_inner][INFO] - {"epoch": 4, "update": 3.149, "loss": "64.833", "nll_loss": "2.15", "total": "177.085", "n_correct": "118.52", "ppl": "4.44", "accuracy": "66.928", "wps": "312.4", "ups": "1.76", "wpb": "177.1", "bsz": "9.1", "num_updates": "10000", "lr": "0.001", "gnorm": "33.402", "loss_scale": "128", "train_wall": "11", "gb_free": "75.7", "wall": "7711"}
[2026-06-13 18:37:59,883][train_inner][INFO] - {"epoch": 4, "update": 3.212, "loss": "56.957", "nll_loss": "2.047", "total": "176.615", "n_correct": "121.535", "ppl": "4.13", "accuracy": "68.814", "wps": "300.1", "ups": "1.7", "wpb": "176.6", "bsz": "10", "num_updates": "10200", "lr": "0.000970487", "gnorm": "28.764", "loss_scale": "128", "train_wall": "11", "gb_free": "75.7", "wall": "7828"}
[2026-06-13 18:39:54,046][train_inner][INFO] - {"epoch": 4, "update": 3.275, "loss": "61.034", "nll_loss": "2.083", "total": "179.855", "n_correct": "123.165", "ppl": "4.24", "accuracy": "68.48", "wps": "315.1", "ups": "1.75", "wpb": "179.9", "bsz": "9.6", "num_updates": "10400", "lr": "0.000941845", "gnorm": "30.499", "loss_scale": "128", "train_wall": "11", "gb_free": "75.7", "wall": "7942"}
[2026-06-13 18:41:50,034][train_inner][INFO] - {"epoch": 4, "update": 3.338, "loss": "62.474", "nll_loss": "1.971", "total": "179.76", "n_correct": "125.775", "ppl": "3.92", "accuracy": "69.968", "wps": "310", "ups": "1.72", "wpb": "179.8", "bsz": "9.1", "num_updates": "10600", "lr": "0.000914048", "gnorm": "30.033", "loss_scale": "128", "train_wall": "11", "gb_free": "75.7", "wall": "8058"}
[2026-06-13 18:43:45,028][train_inner][INFO] - {"epoch": 4, "update": 3.401, "loss": "57.093", "nll_loss": "1.914", "total": "177.71", "n_correct": "126.1", "ppl": "3.77", "accuracy": "70.958", "wps": "309.1", "ups": "1.74", "wpb": "177.7", "bsz": "9.7", "num_updates": "10800", "lr": "0.000887072", "gnorm": "28.391", "loss_scale": "128", "train_wall": "11", "gb_free": "75.7", "wall": "8173"}
[2026-06-13 18:45:37,147][train_inner][INFO] - {"epoch": 4, "update": 3.463, "loss": "58.064", "nll_loss": "1.878", "total": "182.28", "n_correct": "130.84", "ppl": "3.68", "accuracy": "71.78", "wps": "325.2", "ups": "1.78", "wpb": "182.3", "bsz": "9.7", "num_updates": "11000", "lr": "0.000860892", "gnorm": "28.417", "loss_scale": "128", "train_wall": "11", "gb_free": "75.7", "wall": "8286"}
[2026-06-13 18:47:33,227][train_inner][INFO] - {"epoch": 4, "update": 3.526, "loss": "60.403", "nll_loss": "1.86", "total": "181.47", "n_correct": "131.18", "ppl": "3.63", "accuracy": "72.287", "wps": "312.7", "ups": "1.72", "wpb": "181.5", "bsz": "9.2", "num_updates": "11200", "lr": "0.000835484", "gnorm": "28.671", "loss_scale": "128", "train_wall": "11", "gb_free": "75.7", "wall": "8402"}
[2026-06-13 18:49:28,597][train_inner][INFO] - {"epoch": 4, "update": 3.589, "loss": "54.995", "nll_loss": "1.746", "total": "181.29", "n_correct": "133.345", "ppl": "3.36", "accuracy": "73.553", "wps": "314.3", "ups": "1.73", "wpb": "181.3", "bsz": "9.8", "num_updates": "11400", "lr": "0.000810826", "gnorm": "26.431", "loss_scale": "128", "train_wall": "11", "gb_free": "75.7", "wall": "8517"}
[2026-06-13 18:51:19,904][train_inner][INFO] - {"epoch": 4, "update": 3.652, "loss": "57.282", "nll_loss": "1.753", "total": "180.505", "n_correct": "132.875", "ppl": "3.37", "accuracy": "73.613", "wps": "324.4", "ups": "1.8", "wpb": "180.5", "bsz": "9.3", "num_updates": "11600", "lr": "0.000786896", "gnorm": "28.807", "loss_scale": "128", "train_wall": "11", "gb_free": "75.7", "wall": "8628"}
[2026-06-13 18:53:09,976][train_inner][INFO] - {"epoch": 4, "update": 3.715, "loss": "55.915", "nll_loss": "1.668", "total": "179.3", "n_correct": "134.075", "ppl": "3.18", "accuracy": "74.777", "wps": "325.8", "ups": "1.82", "wpb": "179.3", "bsz": "9.3", "num_updates": "11800", "lr": "0.000763673", "gnorm": "26.648", "loss_scale": "128", "train_wall": "11", "gb_free": "75.7", "wall": "8738"}
[2026-06-13 18:55:05,398][train_inner][INFO] - {"epoch": 4, "update": 3.778, "loss": "55.907", "nll_loss": "1.66", "total": "183.885", "n_correct": "137.665", "ppl": "3.16", "accuracy": "74.865", "wps": "318.7", "ups": "1.73", "wpb": "183.9", "bsz": "9.5", "num_updates": "12000", "lr": "0.000741134", "gnorm": "27.48", "loss_scale": "128", "train_wall": "11", "gb_free": "75.7", "wall": "8854"}
[2026-06-13 18:57:06,633][train_inner][INFO] - {"epoch": 4, "update": 3.841, "loss": "45.187", "nll_loss": "1.501", "total": "181.22", "n_correct": "140.31", "ppl": "2.83", "accuracy": "77.425", "wps": "299", "ups": "1.65", "wpb": "181.2", "bsz": "11", "num_updates": "12200", "lr": "0.000719261", "gnorm": "22.377", "loss_scale": "128", "train_wall": "11", "gb_free": "75.7", "wall": "8975"}
[2026-06-13 18:59:05,359][train_inner][INFO] - {"epoch": 4, "update": 3.904, "loss": "51.255", "nll_loss": "1.585", "total": "181.525", "n_correct": "138.51", "ppl": "3", "accuracy": "76.304", "wps": "305.8", "ups": "1.68", "wpb": "181.5", "bsz": "10", "num_updates": "12400", "lr": "0.000698034", "gnorm": "25.174", "loss_scale": "128", "train_wall": "11", "gb_free": "75.7", "wall": "9094"}
[2026-06-13 19:01:01,280][train_inner][INFO] - {"epoch": 4, "update": 3.967, "loss": "53.002", "nll_loss": "1.51", "total": "180.67", "n_correct": "139.9", "ppl": "2.85", "accuracy": "77.434", "wps": "311.7", "ups": "1.73", "wpb": "180.7", "bsz": "9.4", "num_updates": "12600", "lr": "0.000677433", "gnorm": "25.247", "loss_scale": "128", "train_wall": "11", "gb_free": "75.7", "wall": "9210"}
[2026-06-13 19:02:04,430][main][INFO] - begin validation on "valid" subset
[2026-06-13 19:03:16,380][valid][INFO] - {"epoch": 4, "valid_loss": "47.167", "valid_nll_loss": "1.16", "valid_total": "178.205", "valid_n_correct": "145.961", "valid_ppl": "2.24", "valid_accuracy": "81.906", "valid_wps": "316.7", "valid_wpb": "178.2", "valid_bsz": "9.4", "valid_num_updates": "12704", "valid_best_accuracy": "81.906"}
[2026-06-13 19:03:16,381][fairseq.checkpoint_utils][INFO] - Preparing to save checkpoint for epoch 4 @ 12704 updates
[2026-06-13 19:03:16,382][trainer][INFO] - Saving checkpoint to checkpoints/checkpoint_best.pt
[2026-06-13 19:03:20,235][trainer][INFO] - Finished saving checkpoint to checkpoints/checkpoint_best.pt
[2026-06-13 19:03:25,626][fairseq.checkpoint_utils][INFO] - Saved checkpoint checkpoints/checkpoint_best.pt (epoch 4 @ 12704 updates, score 81.906) (writing took 9.2444505559979 seconds)
[2026-06-13 19:03:25,627][main][INFO] - end of epoch 4 (average epoch stats below)
[2026-06-13 19:03:25,638][train][INFO] - {"epoch": 4, "train_loss": "56.239", "train_nll_loss": "1.824", "train_total": "179.799", "train_n_correct": "130.183", "train_ppl": "3.54", "train_accuracy": "72.405", "train_wps": "298.4", "train_ups": "1.66", "train_wpb": "179.8", "train_bsz": "9.7", "train_num_updates": "12704", "train_lr": "0.000666961", "train_gnorm": "27.944", "train_loss_scale": "128", "train_train_wall": "178", "train_gb_free": "75.7", "train_wall": "9354"}
[2026-06-13 19:03:26,201][trainer][INFO] - begin training epoch 5
[2026-06-13 19:03:26,201][main][INFO] - Start iterating over samples
[2026-06-13 19:04:21,476][train_inner][INFO] - {"epoch": 5, "update": 4.03, "loss": "47.526", "nll_loss": "1.387", "total": "176.29", "n_correct": "139.545", "ppl": "2.61", "accuracy": "79.157", "wps": "176.1", "ups": "1", "wpb": "176.3", "bsz": "9.8", "num_updates": "12800", "lr": "0.00065744", "gnorm": "22.183", "loss_scale": "128", "train_wall": "12", "gb_free": "75.7", "wall": "9410"}
[2026-06-13 19:06:12,850][train_inner][INFO] - {"epoch": 5, "update": 4.093, "loss": "50.078", "nll_loss": "1.321", "total": "178.905", "n_correct": "143.75", "ppl": "2.5", "accuracy": "80.35", "wps": "321.3", "ups": "1.8", "wpb": "178.9", "bsz": "9.2", "num_updates": "13000", "lr": "0.000638036", "gnorm": "23.16", "loss_scale": "128", "train_wall": "11", "gb_free": "75.7", "wall": "9521"}
[2026-06-13 19:08:07,850][train_inner][INFO] - {"epoch": 5, "update": 4.156, "loss": "48.457", "nll_loss": "1.301", "total": "181.26", "n_correct": "145.375", "ppl": "2.46", "accuracy": "80.202", "wps": "315.3", "ups": "1.74", "wpb": "181.3", "bsz": "9.6", "num_updates": "13200", "lr": "0.000619206", "gnorm": "22.839", "loss_scale": "128", "train_wall": "11", "gb_free": "75.7", "wall": "9636"}
[2026-06-13 19:10:04,483][train_inner][INFO] - {"epoch": 5, "update": 4.219, "loss": "48.678", "nll_loss": "1.283", "total": "180.4", "n_correct": "145.09", "ppl": "2.43", "accuracy": "80.427", "wps": "309.4", "ups": "1.71", "wpb": "180.4", "bsz": "9.5", "num_updates": "13400", "lr": "0.000600931", "gnorm": "22.745", "loss_scale": "128", "train_wall": "11", "gb_free": "75.7", "wall": "9753"}
[2026-06-13 19:12:02,633][train_inner][INFO] - {"epoch": 5, "update": 4.282, "loss": "45.812", "nll_loss": "1.293", "total": "181.74", "n_correct": "146.285", "ppl": "2.45", "accuracy": "80.491", "wps": "307.7", "ups": "1.69", "wpb": "181.7", "bsz": "10.2", "num_updates": "13600", "lr": "0.000583196", "gnorm": "21.476", "loss_scale": "128", "train_wall": "11", "gb_free": "75.7", "wall": "9871"}
[2026-06-13 19:13:57,384][train_inner][INFO] - {"epoch": 5, "update": 4.345, "loss": "45.123", "nll_loss": "1.248", "total": "182.53", "n_correct": "148.6", "ppl": "2.37", "accuracy": "81.411", "wps": "318.2", "ups": "1.74", "wpb": "182.5", "bsz": "10.2", "num_updates": "13800", "lr": "0.000565984", "gnorm": "21.753", "loss_scale": "128", "train_wall": "11", "gb_free": "75.7", "wall": "9986"}
[2026-06-13 19:15:53,218][train_inner][INFO] - {"epoch": 5, "update": 4.408, "loss": "47.866", "nll_loss": "1.22", "total": "185.455", "n_correct": "151.41", "ppl": "2.33", "accuracy": "81.642", "wps": "320.2", "ups": "1.73", "wpb": "185.5", "bsz": "9.7", "num_updates": "14000", "lr": "0.00054928", "gnorm": "22.806", "loss_scale": "128", "train_wall": "11", "gb_free": "75.7", "wall": "10102"}
[2026-06-13 19:17:46,844][train_inner][INFO] - {"epoch": 5, "update": 4.471, "loss": "48.851", "nll_loss": "1.237", "total": "176.07", "n_correct": "144.265", "ppl": "2.36", "accuracy": "81.936", "wps": "309.9", "ups": "1.76", "wpb": "176.1", "bsz": "9", "num_updates": "14200", "lr": "0.000533069", "gnorm": "22.66", "loss_scale": "128", "train_wall": "11", "gb_free": "75.7", "wall": "10215"}
[2026-06-13 19:19:42,825][train_inner][INFO] - {"epoch": 5, "update": 4.534, "loss": "41.406", "nll_loss": "1.202", "total": "177.155", "n_correct": "145.955", "ppl": "2.3", "accuracy": "82.388", "wps": "305.5", "ups": "1.72", "wpb": "177.2", "bsz": "10.6", "num_updates": "14400", "lr": "0.000517337", "gnorm": "19.509", "loss_scale": "128", "train_wall": "11", "gb_free": "75.7", "wall": "10331"}
[2026-06-13 19:21:39,232][train_inner][INFO] - {"epoch": 5, "update": 4.597, "loss": "43.945", "nll_loss": "1.197", "total": "182.485", "n_correct": "150.215", "ppl": "2.29", "accuracy": "82.316", "wps": "313.6", "ups": "1.72", "wpb": "182.5", "bsz": "10.3", "num_updates": "14600", "lr": "0.000502069", "gnorm": "20.902", "loss_scale": "128", "train_wall": "11", "gb_free": "75.7", "wall": "10448"}
[2026-06-13 19:23:26,566][train_inner][INFO] - {"epoch": 5, "update": 4.66, "loss": "45.987", "nll_loss": "1.186", "total": "179.22", "n_correct": "147.64", "ppl": "2.28", "accuracy": "82.379", "wps": "334", "ups": "1.86", "wpb": "179.2", "bsz": "9.6", "num_updates": "14800", "lr": "0.000487251", "gnorm": "21.894", "loss_scale": "128", "train_wall": "11", "gb_free": "75.7", "wall": "10555"}
[2026-06-13 19:25:17,298][train_inner][INFO] - {"epoch": 5, "update": 4.723, "loss": "43.296", "nll_loss": "1.118", "total": "179.57", "n_correct": "150.195", "ppl": "2.17", "accuracy": "83.641", "wps": "324.4", "ups": "1.81", "wpb": "179.6", "bsz": "10", "num_updates": "15000", "lr": "0.000472871", "gnorm": "20.367", "loss_scale": "128", "train_wall": "11", "gb_free": "75.7", "wall": "10666"}
[2026-06-13 19:27:04,309][train_inner][INFO] - {"epoch": 5, "update": 4.786, "loss": "45.632", "nll_loss": "1.115", "total": "177.655", "n_correct": "148.285", "ppl": "2.17", "accuracy": "83.468", "wps": "332.1", "ups": "1.87", "wpb": "177.7", "bsz": "9.3", "num_updates": "15200", "lr": "0.000458915", "gnorm": "20.628", "loss_scale": "128", "train_wall": "11", "gb_free": "75.7", "wall": "10773"}
[2026-06-13 19:28:55,871][train_inner][INFO] - {"epoch": 5, "update": 4.849, "loss": "46.088", "nll_loss": "1.163", "total": "179.6", "n_correct": "148.935", "ppl": "2.24", "accuracy": "82.926", "wps": "322", "ups": "1.79", "wpb": "179.6", "bsz": "9.5", "num_updates": "15400", "lr": "0.000445371", "gnorm": "21.4", "loss_scale": "128", "train_wall": "11", "gb_free": "75.7", "wall": "10884"}
[2026-06-13 19:30:41,729][train_inner][INFO] - {"epoch": 5, "update": 4.912, "loss": "47.918", "nll_loss": "1.102", "total": "178.735", "n_correct": "149.8", "ppl": "2.15", "accuracy": "83.811", "wps": "337.7", "ups": "1.89", "wpb": "178.7", "bsz": "8.9", "num_updates": "15600", "lr": "0.000432227", "gnorm": "21.698", "loss_scale": "128", "train_wall": "11", "gb_free": "75.7", "wall": "10990"}
[2026-06-13 19:32:40,370][train_inner][INFO] - {"epoch": 5, "update": 4.975, "loss": "42.431", "nll_loss": "1.082", "total": "179.115", "n_correct": "150.875", "ppl": "2.12", "accuracy": "84.234", "wps": "302", "ups": "1.69", "wpb": "179.1", "bsz": "10", "num_updates": "15800", "lr": "0.00041947", "gnorm": "20.216", "loss_scale": "128", "train_wall": "11", "gb_free": "75.7", "wall": "11109"}
[2026-06-13 19:33:23,168][main][INFO] - end of epoch 5 (average epoch stats below)
[2026-06-13 19:33:23,178][train][INFO] - {"epoch": 5, "train_loss": "46.025", "train_nll_loss": "1.205", "train_total": "179.799", "train_n_correct": "147.61", "train_ppl": "2.31", "train_accuracy": "82.097", "train_wps": "317.7", "train_ups": "1.77", "train_wpb": "179.8", "train_bsz": "9.7", "train_num_updates": "15880", "train_lr": "0.000414474", "train_gnorm": "21.565", "train_loss_scale": "128", "train_train_wall": "178", "train_gb_free": "75.7", "train_wall": "11152"}
[2026-06-13 19:33:23,714][trainer][INFO] - begin training epoch 6
[2026-06-13 19:33:23,714][main][INFO] - Start iterating over samples
[2026-06-13 19:34:28,372][train_inner][INFO] - {"epoch": 6, "update": 5.038, "loss": "42.214", "nll_loss": "0.996", "total": "179.67", "n_correct": "153.425", "ppl": "1.99", "accuracy": "85.393", "wps": "332.7", "ups": "1.85", "wpb": "179.7", "bsz": "9.8", "num_updates": "16000", "lr": "0.000407091", "gnorm": "19.393", "loss_scale": "128", "train_wall": "11", "gb_free": "75.7", "wall": "11217"}
[2026-06-13 19:36:10,728][train_inner][INFO] - {"epoch": 6, "update": 5.101, "loss": "41.187", "nll_loss": "0.961", "total": "181.555", "n_correct": "155.96", "ppl": "1.95", "accuracy": "85.902", "wps": "354.8", "ups": "1.95", "wpb": "181.6", "bsz": "10", "num_updates": "16200", "lr": "0.000395076", "gnorm": "19.739", "loss_scale": "128", "train_wall": "11", "gb_free": "75.7", "wall": "11319"}
[2026-06-13 19:37:52,908][train_inner][INFO] - {"epoch": 6, "update": 5.164, "loss": "44.438", "nll_loss": "0.954", "total": "176.39", "n_correct": "151.965", "ppl": "1.94", "accuracy": "86.153", "wps": "345.3", "ups": "1.96", "wpb": "176.4", "bsz": "9", "num_updates": "16400", "lr": "0.000383416", "gnorm": "19.915", "loss_scale": "256", "train_wall": "11", "gb_free": "75.7", "wall": "11421"}
[2026-06-13 19:39:49,690][train_inner][INFO] - {"epoch": 6, "update": 5.227, "loss": "41.328", "nll_loss": "0.964", "total": "181.675", "n_correct": "156.56", "ppl": "1.95", "accuracy": "86.176", "wps": "311.2", "ups": "1.71", "wpb": "181.7", "bsz": "10", "num_updates": "16600", "lr": "0.0003721", "gnorm": "18.868", "loss_scale": "256", "train_wall": "11", "gb_free": "75.7", "wall": "11538"}
[2026-06-13 19:41:48,536][train_inner][INFO] - {"epoch": 6, "update": 5.29, "loss": "39.833", "nll_loss": "0.913", "total": "183.545", "n_correct": "159.05", "ppl": "1.88", "accuracy": "86.654", "wps": "308.9", "ups": "1.68", "wpb": "183.5", "bsz": "10.2", "num_updates": "16800", "lr": "0.000361119", "gnorm": "18.285", "loss_scale": "256", "train_wall": "11", "gb_free": "75.7", "wall": "11657"}
[2026-06-13 19:43:40,726][train_inner][INFO] - {"epoch": 6, "update": 5.353, "loss": "41.928", "nll_loss": "0.952", "total": "179.29", "n_correct": "154.99", "ppl": "1.93", "accuracy": "86.447", "wps": "319.7", "ups": "1.78", "wpb": "179.3", "bsz": "9.6", "num_updates": "17000", "lr": "0.000350461", "gnorm": "19.479", "loss_scale": "256", "train_wall": "11", "gb_free": "75.7", "wall": "11769"}
[2026-06-13 19:45:37,226][train_inner][INFO] - {"epoch": 6, "update": 5.416, "loss": "43.008", "nll_loss": "0.965", "total": "182.66", "n_correct": "157.09", "ppl": "1.95", "accuracy": "86.001", "wps": "313.6", "ups": "1.72", "wpb": "182.7", "bsz": "9.6", "num_updates": "17200", "lr": "0.000340118", "gnorm": "19.455", "loss_scale": "256", "train_wall": "11", "gb_free": "75.7", "wall": "11886"}
[2026-06-13 19:47:27,846][train_inner][INFO] - {"epoch": 6, "update": 5.479, "loss": "43.471", "nll_loss": "0.944", "total": "177.635", "n_correct": "153.595", "ppl": "1.92", "accuracy": "86.467", "wps": "321.2", "ups": "1.81", "wpb": "177.6", "bsz": "9.2", "num_updates": "17400", "lr": "0.00033008", "gnorm": "19.211", "loss_scale": "256", "train_wall": "11", "gb_free": "75.7", "wall": "11996"}
[2026-06-13 19:49:18,299][train_inner][INFO] - {"epoch": 6, "update": 5.542, "loss": "41.574", "nll_loss": "0.913", "total": "180.2", "n_correct": "156.675", "ppl": "1.88", "accuracy": "86.945", "wps": "326.3", "ups": "1.81", "wpb": "180.2", "bsz": "9.6", "num_updates": "17600", "lr": "0.000320338", "gnorm": "18.877", "loss_scale": "256", "train_wall": "11", "gb_free": "75.7", "wall": "12107"}
[2026-06-13 19:51:01,841][trainer][INFO] - NOTE: gradient overflow detected, ignoring gradient, setting loss scale to: 128.0
[2026-06-13 19:51:15,420][train_inner][INFO] - {"epoch": 6, "update": 5.605, "loss": "42.1", "nll_loss": "0.899", "total": "182.83", "n_correct": "159.21", "ppl": "1.86", "accuracy": "87.081", "wps": "312.3", "ups": "1.71", "wpb": "182.8", "bsz": "9.6", "num_updates": "17800", "lr": "0.000310884", "gnorm": "18.947", "loss_scale": "128", "train_wall": "11", "gb_free": "75.7", "wall": "12224"}
[2026-06-13 19:53:12,141][train_inner][INFO] - {"epoch": 6, "update": 5.668, "loss": "38.876", "nll_loss": "0.942", "total": "176.31", "n_correct": "152.285", "ppl": "1.92", "accuracy": "86.373", "wps": "302.1", "ups": "1.71", "wpb": "176.3", "bsz": "10.2", "num_updates": "18000", "lr": "0.000301709", "gnorm": "17.875", "loss_scale": "128", "train_wall": "11", "gb_free": "75.7", "wall": "12341"}
[2026-06-13 19:55:02,770][train_inner][INFO] - {"epoch": 6, "update": 5.731, "loss": "40.858", "nll_loss": "0.919", "total": "179.72", "n_correct": "156.37", "ppl": "1.89", "accuracy": "87.008", "wps": "324.9", "ups": "1.81", "wpb": "179.7", "bsz": "9.8", "num_updates": "18200", "lr": "0.000292804", "gnorm": "19.204", "loss_scale": "128", "train_wall": "11", "gb_free": "75.7", "wall": "12451"}
[2026-06-13 19:56:52,278][train_inner][INFO] - {"epoch": 6, "update": 5.794, "loss": "40.376", "nll_loss": "0.899", "total": "180.965", "n_correct": "157.8", "ppl": "1.86", "accuracy": "87.199", "wps": "330.5", "ups": "1.83", "wpb": "181", "bsz": "9.9", "num_updates": "18400", "lr": "0.000284163", "gnorm": "17.778", "loss_scale": "128", "train_wall": "11", "gb_free": "75.7", "wall": "12561"}
[2026-06-13 19:58:51,975][train_inner][INFO] - {"epoch": 6, "update": 5.857, "loss": "38.099", "nll_loss": "0.891", "total": "178.985", "n_correct": "156.005", "ppl": "1.85", "accuracy": "87.161", "wps": "299.1", "ups": "1.67", "wpb": "179", "bsz": "10.3", "num_updates": "18600", "lr": "0.000275776", "gnorm": "17.361", "loss_scale": "128", "train_wall": "11", "gb_free": "75.7", "wall": "12680"}
[2026-06-13 20:00:53,062][train_inner][INFO] - {"epoch": 6, "update": 5.92, "loss": "40.237", "nll_loss": "0.885", "total": "179.545", "n_correct": "156.95", "ppl": "1.85", "accuracy": "87.415", "wps": "296.6", "ups": "1.65", "wpb": "179.5", "bsz": "9.8", "num_updates": "18800", "lr": "0.000267637", "gnorm": "18.637", "loss_scale": "128", "train_wall": "11", "gb_free": "75.7", "wall": "12801"}
[2026-06-13 20:02:47,605][train_inner][INFO] - {"epoch": 6, "update": 5.983, "loss": "44.312", "nll_loss": "0.885", "total": "175.565", "n_correct": "153.3", "ppl": "1.85", "accuracy": "87.318", "wps": "306.6", "ups": "1.75", "wpb": "175.6", "bsz": "8.7", "num_updates": "19000", "lr": "0.000259739", "gnorm": "18.295", "loss_scale": "128", "train_wall": "11", "gb_free": "75.7", "wall": "12916"}
[2026-06-13 20:03:19,006][main][INFO] - begin validation on "valid" subset
[2026-06-13 20:04:30,053][valid][INFO] - {"epoch": 6, "valid_loss": "40.187", "valid_nll_loss": "0.776", "valid_total": "178.205", "valid_n_correct": "157.913", "valid_ppl": "1.71", "valid_accuracy": "88.613", "valid_wps": "320.7", "valid_wpb": "178.2", "valid_bsz": "9.4", "valid_num_updates": "19055", "valid_best_accuracy": "88.613"}
[2026-06-13 20:04:30,054][fairseq.checkpoint_utils][INFO] - Preparing to save checkpoint for epoch 6 @ 19055 updates
[2026-06-13 20:04:30,055][trainer][INFO] - Saving checkpoint to checkpoints/checkpoint_best.pt
[2026-06-13 20:04:34,324][trainer][INFO] - Finished saving checkpoint to checkpoints/checkpoint_best.pt
[2026-06-13 20:04:39,747][fairseq.checkpoint_utils][INFO] - Saved checkpoint checkpoints/checkpoint_best.pt (epoch 6 @ 19055 updates, score 88.613) (writing took 9.69195582694374 seconds)
[2026-06-13 20:04:39,747][main][INFO] - end of epoch 6 (average epoch stats below)
[2026-06-13 20:04:39,757][train][INFO] - {"epoch": 6, "train_loss": "41.34", "train_nll_loss": "0.926", "train_total": "179.784", "train_n_correct": "155.827", "train_ppl": "1.9", "train_accuracy": "86.675", "train_wps": "304.2", "train_ups": "1.69", "train_wpb": "179.8", "train_bsz": "9.7", "train_num_updates": "19055", "train_lr": "0.000257608", "train_gnorm": "18.803", "train_loss_scale": "128", "train_train_wall": "177", "train_gb_free": "75.7", "train_wall": "13028"}
[2026-06-13 20:04:40,304][trainer][INFO] - begin training epoch 7
[2026-06-13 20:04:40,305][main][INFO] - Start iterating over samples
[2026-06-13 20:06:10,939][train_inner][INFO] - {"epoch": 7, "update": 6.046, "loss": "37.239", "nll_loss": "0.801", "total": "179.425", "n_correct": "159.565", "ppl": "1.74", "accuracy": "88.931", "wps": "176.5", "ups": "0.98", "wpb": "179.4", "bsz": "10.2", "num_updates": "19200", "lr": "0.000252073", "gnorm": "16.653", "loss_scale": "128", "train_wall": "12", "gb_free": "75.7", "wall": "13119"}
[2026-06-13 20:08:07,103][train_inner][INFO] - {"epoch": 7, "update": 6.109, "loss": "41.015", "nll_loss": "0.776", "total": "182.065", "n_correct": "162.175", "ppl": "1.71", "accuracy": "89.075", "wps": "313.5", "ups": "1.72", "wpb": "182.1", "bsz": "9.3", "num_updates": "19400", "lr": "0.000244633", "gnorm": "17.599", "loss_scale": "128", "train_wall": "12", "gb_free": "75.7", "wall": "13236"}
[2026-06-13 20:10:11,048][train_inner][INFO] - {"epoch": 7, "update": 6.172, "loss": "37.54", "nll_loss": "0.797", "total": "179.965", "n_correct": "160.06", "ppl": "1.74", "accuracy": "88.94", "wps": "290.4", "ups": "1.61", "wpb": "180", "bsz": "10.1", "num_updates": "19600", "lr": "0.000237414", "gnorm": "16.996", "loss_scale": "128", "train_wall": "12", "gb_free": "75.7", "wall": "13359"}
[2026-06-13 20:12:12,152][train_inner][INFO] - {"epoch": 7, "update": 6.235, "loss": "35.904", "nll_loss": "0.776", "total": "177.895", "n_correct": "158.67", "ppl": "1.71", "accuracy": "89.193", "wps": "293.8", "ups": "1.65", "wpb": "177.9", "bsz": "10.4", "num_updates": "19800", "lr": "0.000230407", "gnorm": "16.261", "loss_scale": "128", "train_wall": "12", "gb_free": "75.7", "wall": "13481"}
[2026-06-13 20:14:07,571][train_inner][INFO] - {"epoch": 7, "update": 6.298, "loss": "42.106", "nll_loss": "0.804", "total": "180.025", "n_correct": "159.875", "ppl": "1.75", "accuracy": "88.807", "wps": "312", "ups": "1.73", "wpb": "180", "bsz": "9.1", "num_updates": "20000", "lr": "0.000223607", "gnorm": "18.238", "loss_scale": "128", "train_wall": "11", "gb_free": "75.7", "wall": "13596"}
[2026-06-13 20:16:07,030][train_inner][INFO] - {"epoch": 7, "update": 6.361, "loss": "37.438", "nll_loss": "0.756", "total": "182.5", "n_correct": "163.195", "ppl": "1.69", "accuracy": "89.422", "wps": "305.6", "ups": "1.67", "wpb": "182.5", "bsz": "10.1", "num_updates": "20200", "lr": "0.000217007", "gnorm": "17.259", "loss_scale": "128", "train_wall": "12", "gb_free": "75.7", "wall": "13715"}
[2026-06-13 20:18:04,135][train_inner][INFO] - {"epoch": 7, "update": 6.423, "loss": "38.774", "nll_loss": "0.772", "total": "180.585", "n_correct": "161.07", "ppl": "1.71", "accuracy": "89.193", "wps": "308.4", "ups": "1.71", "wpb": "180.6", "bsz": "9.7", "num_updates": "20400", "lr": "0.000210603", "gnorm": "16.906", "loss_scale": "128", "train_wall": "12", "gb_free": "75.7", "wall": "13833"}
[2026-06-13 20:20:01,348][train_inner][INFO] - {"epoch": 7, "update": 6.486, "loss": "39.154", "nll_loss": "0.799", "total": "179.15", "n_correct": "159.16", "ppl": "1.74", "accuracy": "88.842", "wps": "305.7", "ups": "1.71", "wpb": "179.2", "bsz": "9.7", "num_updates": "20600", "lr": "0.000204387", "gnorm": "18.516", "loss_scale": "128", "train_wall": "12", "gb_free": "75.7", "wall": "13950"}
[2026-06-13 20:21:49,265][train_inner][INFO] - {"epoch": 7, "update": 6.549, "loss": "39.643", "nll_loss": "0.779", "total": "179.685", "n_correct": "160.39", "ppl": "1.72", "accuracy": "89.262", "wps": "333", "ups": "1.85", "wpb": "179.7", "bsz": "9.5", "num_updates": "20800", "lr": "0.000198355", "gnorm": "16.987", "loss_scale": "128", "train_wall": "11", "gb_free": "75.7", "wall": "14058"}
[2026-06-13 20:23:34,630][train_inner][INFO] - {"epoch": 7, "update": 6.612, "loss": "37.109", "nll_loss": "0.776", "total": "182.245", "n_correct": "162.43", "ppl": "1.71", "accuracy": "89.127", "wps": "346", "ups": "1.9", "wpb": "182.2", "bsz": "10.3", "num_updates": "21000", "lr": "0.000192501", "gnorm": "16.924", "loss_scale": "128", "train_wall": "11", "gb_free": "75.7", "wall": "14163"}
[2026-06-13 20:25:22,524][train_inner][INFO] - {"epoch": 7, "update": 6.675, "loss": "37.819", "nll_loss": "0.747", "total": "179.945", "n_correct": "161.61", "ppl": "1.68", "accuracy": "89.811", "wps": "333.6", "ups": "1.85", "wpb": "179.9", "bsz": "9.8", "num_updates": "21200", "lr": "0.00018682", "gnorm": "17.14", "loss_scale": "128", "train_wall": "11", "gb_free": "75.7", "wall": "14271"}
[2026-06-13 20:27:22,415][train_inner][INFO] - {"epoch": 7, "update": 6.738, "loss": "40.399", "nll_loss": "0.821", "total": "178.41", "n_correct": "158.205", "ppl": "1.77", "accuracy": "88.675", "wps": "297.6", "ups": "1.67", "wpb": "178.4", "bsz": "9.4", "num_updates": "21400", "lr": "0.000181306", "gnorm": "18.262", "loss_scale": "128", "train_wall": "11", "gb_free": "75.7", "wall": "14391"}
[2026-06-13 20:29:14,777][train_inner][INFO] - {"epoch": 7, "update": 6.801, "loss": "41.978", "nll_loss": "0.757", "total": "178.38", "n_correct": "159.715", "ppl": "1.69", "accuracy": "89.536", "wps": "317.6", "ups": "1.78", "wpb": "178.4", "bsz": "8.8", "num_updates": "21600", "lr": "0.000175955", "gnorm": "18.141", "loss_scale": "128", "train_wall": "11", "gb_free": "75.7", "wall": "14503"}
[2026-06-13 20:31:09,456][train_inner][INFO] - {"epoch": 7, "update": 6.864, "loss": "39.164", "nll_loss": "0.754", "total": "180.045", "n_correct": "161.415", "ppl": "1.69", "accuracy": "89.653", "wps": "314", "ups": "1.74", "wpb": "180", "bsz": "9.5", "num_updates": "21800", "lr": "0.000170762", "gnorm": "18.298", "loss_scale": "128", "train_wall": "11", "gb_free": "75.7", "wall": "14618"}
[2026-06-13 20:33:02,756][train_inner][INFO] - {"epoch": 7, "update": 6.927, "loss": "38.956", "nll_loss": "0.77", "total": "176.305", "n_correct": "157.385", "ppl": "1.71", "accuracy": "89.269", "wps": "311.3", "ups": "1.77", "wpb": "176.3", "bsz": "9.4", "num_updates": "22000", "lr": "0.000165723", "gnorm": "17.356", "loss_scale": "128", "train_wall": "12", "gb_free": "75.7", "wall": "14731"}
[2026-06-13 20:34:56,786][train_inner][INFO] - {"epoch": 7, "update": 6.99, "loss": "38.171", "nll_loss": "0.762", "total": "178.67", "n_correct": "159.92", "ppl": "1.7", "accuracy": "89.506", "wps": "313.4", "ups": "1.75", "wpb": "178.7", "bsz": "9.7", "num_updates": "22200", "lr": "0.000160832", "gnorm": "16.776", "loss_scale": "128", "train_wall": "12", "gb_free": "75.7", "wall": "14845"}
[2026-06-13 20:35:12,978][main][INFO] - end of epoch 7 (average epoch stats below)
[2026-06-13 20:35:12,989][train][INFO] - {"epoch": 7, "train_loss": "38.836", "train_nll_loss": "0.776", "train_total": "179.799", "train_n_correct": "160.421", "train_ppl": "1.71", "train_accuracy": "89.222", "train_wps": "311.5", "train_ups": "1.73", "train_wpb": "179.8", "train_bsz": "9.7", "train_num_updates": "22231", "train_lr": "0.000160087", "train_gnorm": "17.381", "train_loss_scale": "128", "train_train_wall": "183", "train_gb_free": "75.7", "train_wall": "14861"}
[2026-06-13 20:35:13,580][trainer][INFO] - begin training epoch 8
[2026-06-13 20:35:13,581][main][INFO] - Start iterating over samples
[2026-06-13 20:36:55,508][train_inner][INFO] - {"epoch": 8, "update": 7.053, "loss": "39.198", "nll_loss": "0.687", "total": "183.31", "n_correct": "166.245", "ppl": "1.61", "accuracy": "90.691", "wps": "308.8", "ups": "1.68", "wpb": "183.3", "bsz": "9.4", "num_updates": "22400", "lr": "0.000156085", "gnorm": "16.989", "loss_scale": "128", "train_wall": "12", "gb_free": "75.7", "wall": "14964"}
[2026-06-13 20:38:50,821][train_inner][INFO] - {"epoch": 8, "update": 7.116, "loss": "37.682", "nll_loss": "0.696", "total": "179.79", "n_correct": "162.98", "ppl": "1.62", "accuracy": "90.65", "wps": "311.9", "ups": "1.73", "wpb": "179.8", "bsz": "9.7", "num_updates": "22600", "lr": "0.000151479", "gnorm": "16.378", "loss_scale": "128", "train_wall": "11", "gb_free": "75.7", "wall": "15079"}
[2026-06-13 20:40:46,065][train_inner][INFO] - {"epoch": 8, "update": 7.179, "loss": "36.32", "nll_loss": "0.714", "total": "181.545", "n_correct": "164.01", "ppl": "1.64", "accuracy": "90.341", "wps": "315.1", "ups": "1.74", "wpb": "181.5", "bsz": "10.2", "num_updates": "22800", "lr": "0.000147008", "gnorm": "16.43", "loss_scale": "128", "train_wall": "11", "gb_free": "75.7", "wall": "15194"}
[2026-06-13 20:42:27,145][train_inner][INFO] - {"epoch": 8, "update": 7.242, "loss": "40.115", "nll_loss": "0.666", "total": "180.945", "n_correct": "164.645", "ppl": "1.59", "accuracy": "90.992", "wps": "358.1", "ups": "1.98", "wpb": "180.9", "bsz": "9", "num_updates": "23000", "lr": "0.000142669", "gnorm": "16.715", "loss_scale": "128", "train_wall": "11", "gb_free": "75.7", "wall": "15296"}
[2026-06-13 20:44:23,597][train_inner][INFO] - {"epoch": 8, "update": 7.305, "loss": "36.575", "nll_loss": "0.648", "total": "176.72", "n_correct": "161.6", "ppl": "1.57", "accuracy": "91.444", "wps": "303.5", "ups": "1.72", "wpb": "176.7", "bsz": "9.6", "num_updates": "23200", "lr": "0.000138459", "gnorm": "15.653", "loss_scale": "128", "train_wall": "11", "gb_free": "75.7", "wall": "15412"}
[2026-06-13 20:46:23,662][train_inner][INFO] - {"epoch": 8, "update": 7.368, "loss": "35.14", "nll_loss": "0.693", "total": "179.4", "n_correct": "162.655", "ppl": "1.62", "accuracy": "90.666", "wps": "298.9", "ups": "1.67", "wpb": "179.4", "bsz": "10.3", "num_updates": "23400", "lr": "0.000134372", "gnorm": "15.513", "loss_scale": "128", "train_wall": "11", "gb_free": "75.7", "wall": "15532"}
[2026-06-13 20:48:20,917][train_inner][INFO] - {"epoch": 8, "update": 7.431, "loss": "36.411", "nll_loss": "0.637", "total": "175.32", "n_correct": "160.53", "ppl": "1.55", "accuracy": "91.564", "wps": "299.1", "ups": "1.71", "wpb": "175.3", "bsz": "9.5", "num_updates": "23600", "lr": "0.000130407", "gnorm": "15.717", "loss_scale": "128", "train_wall": "11", "gb_free": "75.7", "wall": "15649"}
[2026-06-13 20:50:20,355][train_inner][INFO] - {"epoch": 8, "update": 7.494, "loss": "37.626", "nll_loss": "0.696", "total": "179.27", "n_correct": "162.505", "ppl": "1.62", "accuracy": "90.648", "wps": "300.2", "ups": "1.67", "wpb": "179.3", "bsz": "9.6", "num_updates": "23800", "lr": "0.000126558", "gnorm": "16.342", "loss_scale": "128", "train_wall": "11", "gb_free": "75.7", "wall": "15769"}
[2026-06-13 20:52:17,590][train_inner][INFO] - {"epoch": 8, "update": 7.557, "loss": "38.863", "nll_loss": "0.64", "total": "181.455", "n_correct": "165.875", "ppl": "1.56", "accuracy": "91.414", "wps": "309.6", "ups": "1.71", "wpb": "181.5", "bsz": "9.2", "num_updates": "24000", "lr": "0.000122823", "gnorm": "16.824", "loss_scale": "128", "train_wall": "11", "gb_free": "75.7", "wall": "15886"}
[2026-06-13 20:52:33,571][trainer][INFO] - NOTE: gradient overflow detected, ignoring gradient, setting loss scale to: 64.0
[2026-06-13 20:54:17,756][train_inner][INFO] - {"epoch": 8, "update": 7.62, "loss": "37.122", "nll_loss": "0.729", "total": "179.17", "n_correct": "161.285", "ppl": "1.66", "accuracy": "90.018", "wps": "298.2", "ups": "1.66", "wpb": "179.2", "bsz": "9.9", "num_updates": "24200", "lr": "0.000119198", "gnorm": "92.329", "loss_scale": "64", "train_wall": "21", "gb_free": "73.7", "wall": "16006"}
[2026-06-13 20:56:21,602][train_inner][INFO] - {"epoch": 8, "update": 7.683, "loss": "37.008", "nll_loss": "0.7", "total": "181.235", "n_correct": "163.975", "ppl": "1.62", "accuracy": "90.476", "wps": "292.7", "ups": "1.62", "wpb": "181.2", "bsz": "9.9", "num_updates": "24400", "lr": "0.00011568", "gnorm": "78.721", "loss_scale": "64", "train_wall": "17", "gb_free": "73.6", "wall": "16130"}
[2026-06-13 20:58:19,250][train_inner][INFO] - {"epoch": 8, "update": 7.746, "loss": "39.428", "nll_loss": "0.712", "total": "180.07", "n_correct": "162.495", "ppl": "1.64", "accuracy": "90.24", "wps": "306.2", "ups": "1.7", "wpb": "180.1", "bsz": "9.3", "num_updates": "24600", "lr": "0.000112266", "gnorm": "77.906", "loss_scale": "64", "train_wall": "17", "gb_free": "73.7", "wall": "16248"}
[2026-06-13 21:00:17,062][train_inner][INFO] - {"epoch": 8, "update": 7.809, "loss": "37.525", "nll_loss": "0.705", "total": "179.62", "n_correct": "162.02", "ppl": "1.63", "accuracy": "90.202", "wps": "305", "ups": "1.7", "wpb": "179.6", "bsz": "9.7", "num_updates": "24800", "lr": "0.000108953", "gnorm": "75.585", "loss_scale": "64", "train_wall": "17", "gb_free": "73.7", "wall": "16365"}
[2026-06-13 21:02:25,412][train_inner][INFO] - {"epoch": 8, "update": 7.872, "loss": "34.914", "nll_loss": "0.718", "total": "180.195", "n_correct": "162.495", "ppl": "1.64", "accuracy": "90.177", "wps": "280.8", "ups": "1.56", "wpb": "180.2", "bsz": "10.5", "num_updates": "25000", "lr": "0.000105737", "gnorm": "72.848", "loss_scale": "64", "train_wall": "17", "gb_free": "73.7", "wall": "16494"}
[2026-06-13 21:04:22,790][train_inner][INFO] - {"epoch": 8, "update": 7.935, "loss": "38.139", "nll_loss": "0.687", "total": "181.17", "n_correct": "163.95", "ppl": "1.61", "accuracy": "90.495", "wps": "308.8", "ups": "1.7", "wpb": "181.2", "bsz": "9.5", "num_updates": "25200", "lr": "0.000102617", "gnorm": "72.923", "loss_scale": "64", "train_wall": "17", "gb_free": "73.6", "wall": "16611"}
[2026-06-13 21:06:19,658][train_inner][INFO] - {"epoch": 8, "update": 7.998, "loss": "37.361", "nll_loss": "0.702", "total": "177.715", "n_correct": "160.58", "ppl": "1.63", "accuracy": "90.358", "wps": "304.2", "ups": "1.71", "wpb": "177.7", "bsz": "9.6", "num_updates": "25400", "lr": "9.9588e-05", "gnorm": "72.046", "loss_scale": "64", "train_wall": "17", "gb_free": "73.7", "wall": "16728"}
[2026-06-13 21:06:23,275][main][INFO] - begin validation on "valid" subset
[2026-06-13 21:07:34,275][valid][INFO] - {"epoch": 8, "valid_loss": "38.341", "valid_nll_loss": "0.674", "valid_total": "178.205", "valid_n_correct": "160.984", "valid_ppl": "1.6", "valid_accuracy": "90.337", "valid_wps": "320.9", "valid_wpb": "178.2", "valid_bsz": "9.4", "valid_num_updates": "25406", "valid_best_accuracy": "90.337"}
[2026-06-13 21:07:34,276][fairseq.checkpoint_utils][INFO] - Preparing to save checkpoint for epoch 8 @ 25406 updates
[2026-06-13 21:07:34,277][trainer][INFO] - Saving checkpoint to checkpoints/checkpoint_best.pt
[2026-06-13 21:07:38,299][trainer][INFO] - Finished saving checkpoint to checkpoints/checkpoint_best.pt
[2026-06-13 21:07:43,711][fairseq.checkpoint_utils][INFO] - Saved checkpoint checkpoints/checkpoint_best.pt (epoch 8 @ 25406 updates, score 90.337) (writing took 9.434792934916914 seconds)
[2026-06-13 21:07:43,712][main][INFO] - end of epoch 8 (average epoch stats below)
[2026-06-13 21:07:43,723][train][INFO] - {"epoch": 8, "train_loss": "37.334", "train_nll_loss": "0.688", "train_total": "179.792", "train_n_correct": "163.01", "train_ppl": "1.61", "train_accuracy": "90.666", "train_wps": "292.6", "train_ups": "1.63", "train_wpb": "179.8", "train_bsz": "9.7", "train_num_updates": "25406", "train_lr": "9.94985e-05", "train_gnorm": "43.322", "train_loss_scale": "64", "train_train_wall": "224", "train_gb_free": "73.7", "train_wall": "16812"}
[2026-06-13 21:07:44,270][trainer][INFO] - begin training epoch 9
[2026-06-13 21:07:44,271][main][INFO] - Start iterating over samples
[2026-06-13 21:09:39,421][train_inner][INFO] - {"epoch": 9, "update": 8.061, "loss": "38.145", "nll_loss": "0.603", "total": "179.075", "n_correct": "164.88", "ppl": "1.52", "accuracy": "92.073", "wps": "179.3", "ups": "1", "wpb": "179.1", "bsz": "9.1", "num_updates": "25600", "lr": "9.66488e-05", "gnorm": "64.713", "loss_scale": "64", "train_wall": "18", "gb_free": "73.6", "wall": "16928"}
[2026-06-13 21:11:40,904][train_inner][INFO] - {"epoch": 9, "update": 8.124, "loss": "35.441", "nll_loss": "0.595", "total": "178.83", "n_correct": "164.65", "ppl": "1.51", "accuracy": "92.071", "wps": "294.5", "ups": "1.65", "wpb": "178.8", "bsz": "9.7", "num_updates": "25800", "lr": "9.37964e-05", "gnorm": "64.015", "loss_scale": "64", "train_wall": "17", "gb_free": "73.8", "wall": "17049"}
[2026-06-13 21:13:38,455][train_inner][INFO] - {"epoch": 9, "update": 8.187, "loss": "35.264", "nll_loss": "0.613", "total": "179.635", "n_correct": "165.01", "ppl": "1.53", "accuracy": "91.858", "wps": "305.7", "ups": "1.7", "wpb": "179.6", "bsz": "9.9", "num_updates": "26000", "lr": "9.10282e-05", "gnorm": "61.018", "loss_scale": "64", "train_wall": "17", "gb_free": "74", "wall": "17167"}
[2026-06-13 21:15:33,976][train_inner][INFO] - {"epoch": 9, "update": 8.25, "loss": "36.062", "nll_loss": "0.583", "total": "176.08", "n_correct": "162.725", "ppl": "1.5", "accuracy": "92.415", "wps": "304.9", "ups": "1.73", "wpb": "176.1", "bsz": "9.4", "num_updates": "26200", "lr": "8.83417e-05", "gnorm": "61.705", "loss_scale": "64", "train_wall": "17", "gb_free": "73.7", "wall": "17282"}
[2026-06-13 21:17:31,635][train_inner][INFO] - {"epoch": 9, "update": 8.313, "loss": "35.229", "nll_loss": "0.603", "total": "180.595", "n_correct": "166.15", "ppl": "1.52", "accuracy": "92.001", "wps": "307", "ups": "1.7", "wpb": "180.6", "bsz": "9.9", "num_updates": "26400", "lr": "8.57345e-05", "gnorm": "60.596", "loss_scale": "64", "train_wall": "17", "gb_free": "74.5", "wall": "17400"}
[2026-06-13 21:19:30,064][train_inner][INFO] - {"epoch": 9, "update": 8.376, "loss": "34.745", "nll_loss": "0.602", "total": "180.66", "n_correct": "166.55", "ppl": "1.52", "accuracy": "92.19", "wps": "305.1", "ups": "1.69", "wpb": "180.7", "bsz": "10.1", "num_updates": "26600", "lr": "8.32042e-05", "gnorm": "59.849", "loss_scale": "64", "train_wall": "17", "gb_free": "73.6", "wall": "17518"}
[2026-06-13 21:21:22,427][train_inner][INFO] - {"epoch": 9, "update": 8.439, "loss": "36.795", "nll_loss": "0.609", "total": "177.2", "n_correct": "163.125", "ppl": "1.52", "accuracy": "92.057", "wps": "315.4", "ups": "1.78", "wpb": "177.2", "bsz": "9.3", "num_updates": "26800", "lr": "8.07486e-05", "gnorm": "63.941", "loss_scale": "64", "train_wall": "17", "gb_free": "73.8", "wall": "17631"}
[2026-06-13 21:23:18,204][train_inner][INFO] - {"epoch": 9, "update": 8.502, "loss": "36.502", "nll_loss": "0.611", "total": "178.76", "n_correct": "164.475", "ppl": "1.53", "accuracy": "92.009", "wps": "308.8", "ups": "1.73", "wpb": "178.8", "bsz": "9.5", "num_updates": "27000", "lr": "7.83654e-05", "gnorm": "61.775", "loss_scale": "64", "train_wall": "17", "gb_free": "73.7", "wall": "17747"}
[2026-06-13 21:25:17,213][train_inner][INFO] - {"epoch": 9, "update": 8.565, "loss": "34.911", "nll_loss": "0.612", "total": "181.465", "n_correct": "167.105", "ppl": "1.53", "accuracy": "92.087", "wps": "305", "ups": "1.68", "wpb": "181.5", "bsz": "10.1", "num_updates": "27200", "lr": "7.60526e-05", "gnorm": "59.465", "loss_scale": "64", "train_wall": "17", "gb_free": "74.4", "wall": "17866"}
[2026-06-13 21:27:16,855][train_inner][INFO] - {"epoch": 9, "update": 8.628, "loss": "33.634", "nll_loss": "0.61", "total": "180.845", "n_correct": "166.58", "ppl": "1.53", "accuracy": "92.112", "wps": "302.3", "ups": "1.67", "wpb": "180.8", "bsz": "10.4", "num_updates": "27400", "lr": "7.38081e-05", "gnorm": "56.649", "loss_scale": "64", "train_wall": "17", "gb_free": "73.7", "wall": "17985"}
[2026-06-13 21:29:12,497][train_inner][INFO] - {"epoch": 9, "update": 8.691, "loss": "37.933", "nll_loss": "0.589", "total": "180.3", "n_correct": "166.49", "ppl": "1.5", "accuracy": "92.341", "wps": "311.9", "ups": "1.73", "wpb": "180.3", "bsz": "9.1", "num_updates": "27600", "lr": "7.16298e-05", "gnorm": "60.626", "loss_scale": "64", "train_wall": "17", "gb_free": "73.7", "wall": "18101"}
[2026-06-13 21:31:11,253][train_inner][INFO] - {"epoch": 9, "update": 8.754, "loss": "33.971", "nll_loss": "0.582", "total": "180.435", "n_correct": "167.065", "ppl": "1.5", "accuracy": "92.59", "wps": "303.9", "ups": "1.68", "wpb": "180.4", "bsz": "10.2", "num_updates": "27800", "lr": "6.95158e-05", "gnorm": "56.997", "loss_scale": "64", "train_wall": "17", "gb_free": "73.7", "wall": "18220"}
[2026-06-13 21:33:06,541][train_inner][INFO] - {"epoch": 9, "update": 8.817, "loss": "34.889", "nll_loss": "0.606", "total": "181.965", "n_correct": "167.685", "ppl": "1.52", "accuracy": "92.152", "wps": "315.7", "ups": "1.73", "wpb": "182", "bsz": "10.1", "num_updates": "28000", "lr": "6.74641e-05", "gnorm": "65.677", "loss_scale": "64", "train_wall": "17", "gb_free": "73.7", "wall": "18335"}
[2026-06-13 21:35:02,961][train_inner][INFO] - {"epoch": 9, "update": 8.88, "loss": "34.784", "nll_loss": "0.601", "total": "178.62", "n_correct": "164.595", "ppl": "1.52", "accuracy": "92.148", "wps": "306.9", "ups": "1.72", "wpb": "178.6", "bsz": "9.9", "num_updates": "28200", "lr": "6.54731e-05", "gnorm": "60.403", "loss_scale": "64", "train_wall": "17", "gb_free": "74.3", "wall": "18451"}
[2026-06-13 21:36:55,801][train_inner][INFO] - {"epoch": 9, "update": 8.943, "loss": "37.043", "nll_loss": "0.56", "total": "182.69", "n_correct": "169.845", "ppl": "1.47", "accuracy": "92.969", "wps": "323.8", "ups": "1.77", "wpb": "182.7", "bsz": "9.3", "num_updates": "28400", "lr": "6.35408e-05", "gnorm": "57.093", "loss_scale": "64", "train_wall": "17", "gb_free": "73.7", "wall": "18564"}
[2026-06-13 21:38:38,198][main][INFO] - end of epoch 9 (average epoch stats below)
[2026-06-13 21:38:38,210][train][INFO] - {"epoch": 9, "train_loss": "35.815", "train_nll_loss": "0.599", "train_total": "179.799", "train_n_correct": "165.77", "train_ppl": "1.51", "train_accuracy": "92.197", "train_wps": "307.9", "train_ups": "1.71", "train_wpb": "179.8", "train_bsz": "9.7", "train_num_updates": "28582", "train_lr": "6.1832e-05", "train_gnorm": "60.893", "train_loss_scale": "64", "train_train_wall": "271", "train_gb_free": "73.4", "train_wall": "18667"}
[2026-06-13 21:38:38,796][trainer][INFO] - begin training epoch 10
[2026-06-13 21:38:38,796][main][INFO] - Start iterating over samples
[2026-06-13 21:38:49,248][train_inner][INFO] - {"epoch": 10, "update": 9.006, "loss": "38.473", "nll_loss": "0.589", "total": "179.88", "n_correct": "166.015", "ppl": "1.5", "accuracy": "92.292", "wps": "317.1", "ups": "1.76", "wpb": "179.9", "bsz": "9", "num_updates": "28600", "lr": "6.16655e-05", "gnorm": "58.426", "loss_scale": "64", "train_wall": "17", "gb_free": "73.7", "wall": "18678"}
[2026-06-13 21:40:49,724][train_inner][INFO] - {"epoch": 10, "update": 9.069, "loss": "33.997", "nll_loss": "0.506", "total": "183.4", "n_correct": "172.51", "ppl": "1.42", "accuracy": "94.062", "wps": "304.6", "ups": "1.66", "wpb": "183.4", "bsz": "10", "num_updates": "28800", "lr": "5.98455e-05", "gnorm": "47.754", "loss_scale": "64", "train_wall": "17", "gb_free": "73.9", "wall": "18798"}
[2026-06-13 21:42:43,109][train_inner][INFO] - {"epoch": 10, "update": 9.132, "loss": "34.531", "nll_loss": "0.5", "total": "176.765", "n_correct": "166.11", "ppl": "1.41", "accuracy": "93.972", "wps": "311.8", "ups": "1.76", "wpb": "176.8", "bsz": "9.4", "num_updates": "29000", "lr": "5.80793e-05", "gnorm": "49.39", "loss_scale": "64", "train_wall": "17", "gb_free": "73.7", "wall": "18912"}
[2026-06-13 21:44:26,978][train_inner][INFO] - {"epoch": 10, "update": 9.195, "loss": "35.103", "nll_loss": "0.512", "total": "179.725", "n_correct": "168.55", "ppl": "1.43", "accuracy": "93.782", "wps": "346.1", "ups": "1.93", "wpb": "179.7", "bsz": "9.5", "num_updates": "29200", "lr": "5.63652e-05", "gnorm": "52.633", "loss_scale": "64", "train_wall": "17", "gb_free": "74.3", "wall": "19015"}
[2026-06-13 21:46:08,608][train_inner][INFO] - {"epoch": 10, "update": 9.258, "loss": "35.45", "nll_loss": "0.497", "total": "178.05", "n_correct": "167.375", "ppl": "1.41", "accuracy": "94.004", "wps": "350.4", "ups": "1.97", "wpb": "178.1", "bsz": "9.2", "num_updates": "29400", "lr": "5.47017e-05", "gnorm": "45.99", "loss_scale": "64", "train_wall": "17", "gb_free": "73.7", "wall": "19117"}
[2026-06-13 21:47:54,299][train_inner][INFO] - {"epoch": 10, "update": 9.321, "loss": "35.467", "nll_loss": "0.504", "total": "181.44", "n_correct": "170.55", "ppl": "1.42", "accuracy": "93.998", "wps": "343.4", "ups": "1.89", "wpb": "181.4", "bsz": "9.4", "num_updates": "29600", "lr": "5.30873e-05", "gnorm": "47.914", "loss_scale": "64", "train_wall": "17", "gb_free": "73.7", "wall": "19223"}
[2026-06-13 21:49:45,761][train_inner][INFO] - {"epoch": 10, "update": 9.384, "loss": "32.396", "nll_loss": "0.535", "total": "181.68", "n_correct": "169.595", "ppl": "1.45", "accuracy": "93.348", "wps": "326", "ups": "1.79", "wpb": "181.7", "bsz": "10.5", "num_updates": "29800", "lr": "5.15205e-05", "gnorm": "49.022", "loss_scale": "64", "train_wall": "17", "gb_free": "73.6", "wall": "19334"}
[2026-06-13 21:51:31,297][train_inner][INFO] - {"epoch": 10, "update": 9.446, "loss": "33.604", "nll_loss": "0.482", "total": "179.875", "n_correct": "169.755", "ppl": "1.4", "accuracy": "94.374", "wps": "340.9", "ups": "1.9", "wpb": "179.9", "bsz": "9.8", "num_updates": "30000", "lr": "5e-05", "gnorm": "47.799", "loss_scale": "64", "train_wall": "17", "gb_free": "74.5", "wall": "19440"}
[2026-06-13 21:51:31,297][main][INFO] - Stopping training due to num_updates: 30000 >= max_update: 30000
[2026-06-13 21:51:31,298][main][INFO] - begin validation on "valid" subset
[2026-06-13 21:52:29,373][valid][INFO] - {"epoch": 10, "valid_loss": "37.323", "valid_nll_loss": "0.626", "valid_total": "178.205", "valid_n_correct": "162.906", "valid_ppl": "1.54", "valid_accuracy": "91.415", "valid_wps": "392.9", "valid_wpb": "178.2", "valid_bsz": "9.4", "valid_num_updates": "30000", "valid_best_accuracy": "91.415"}
[2026-06-13 21:52:29,375][fairseq.checkpoint_utils][INFO] - Preparing to save checkpoint for epoch 10 @ 30000 updates
[2026-06-13 21:52:29,375][trainer][INFO] - Saving checkpoint to checkpoints/checkpoint_best.pt
[2026-06-13 21:52:33,414][trainer][INFO] - Finished saving checkpoint to checkpoints/checkpoint_best.pt
[2026-06-13 21:52:38,874][fairseq.checkpoint_utils][INFO] - Saved checkpoint checkpoints/checkpoint_best.pt (epoch 10 @ 30000 updates, score 91.415) (writing took 9.499445435008965 seconds)
[2026-06-13 21:52:38,875][main][INFO] - end of epoch 10 (average epoch stats below)
[2026-06-13 21:52:38,885][train][INFO] - {"epoch": 10, "train_loss": "34.323", "train_nll_loss": "0.505", "train_total": "180.167", "train_n_correct": "169.248", "train_ppl": "1.42", "train_accuracy": "93.939", "train_wps": "303.9", "train_ups": "1.69", "train_wpb": "180.2", "train_bsz": "9.7", "train_num_updates": "30000", "train_lr": "5e-05", "train_gnorm": "48.617", "train_loss_scale": "64", "train_train_wall": "120", "train_gb_free": "74.5", "train_wall": "19507"}
[2026-06-13 21:52:38,885][main][INFO] - done training in 19504.2 seconds
