/base/project/AudioVideo2Txt/main.py:27: UserWarning: 
The version_base parameter is not specified.
Please specify a compatability version level, or None.
Will assume defaults for version 1.1
  @hydra.main(config_path="configs", config_name="video2text")
/opt/conda/envs/rzd/lib/python3.10/site-packages/hydra/core/default_element.py:124: UserWarning: In 'audiovideo2text.yaml': Usage of deprecated keyword in package header '# @package _group_'.
See https://hydra.cc/docs/1.2/upgrades/1.0_to_1.1/changes_to_package_header for more information
  deprecation_warning(
sys:1: UserWarning: 
'audiovideo2text.yaml' is validated against ConfigStore schema with the same name.
This behavior is deprecated in Hydra 1.1 and will be removed in Hydra 1.2.
See https://hydra.cc/docs/1.2/upgrades/1.0_to_1.1/automatic_schema_matching for migration instructions.
/opt/conda/envs/rzd/lib/python3.10/site-packages/hydra/main.py:94: UserWarning: 
'audiovideo2text.yaml' is validated against ConfigStore schema with the same name.
This behavior is deprecated in Hydra 1.1 and will be removed in Hydra 1.2.
See https://hydra.cc/docs/1.2/upgrades/1.0_to_1.1/automatic_schema_matching for migration instructions.
  _run_hydra(
/opt/conda/envs/rzd/lib/python3.10/site-packages/hydra/_internal/hydra.py:119: UserWarning: Future Hydra versions will no longer change working directory at job runtime by default.
See https://hydra.cc/docs/1.2/upgrades/1.1_to_1.2/changes_to_job_working_dir/ for more information.
  ret = run_job(
[2026-06-13 14:13:47,851][main][INFO] - {'_name': None, 'common': {'_name': None, 'no_progress_bar': False, 'log_interval': 200, 'log_format': json, 'log_file': None, 'tensorboard_logdir': 'tblog', 'wandb_project': None, 'azureml_logging': False, 'seed': 1337, 'cpu': False, 'tpu': False, 'bf16': False, 'memory_efficient_bf16': False, 'fp16': True, 'memory_efficient_fp16': False, 'fp16_no_flatten_grads': False, 'fp16_init_scale': 128, 'fp16_scale_window': None, 'fp16_scale_tolerance': 0.0, 'on_cpu_convert_precision': False, 'min_loss_scale': 0.0001, 'threshold_loss_scale': None, 'amp': False, 'amp_batch_retries': 2, 'amp_init_scale': 128, 'amp_scale_window': None, 'user_dir': '/base/project/AudioVideo2Txt', 'empty_cache_freq': 0, 'all_gather_list_size': 16384, 'model_parallel_size': 1, 'quantization_config_path': None, 'profile': False, 'reset_logging': False, 'suppress_crashes': False, 'use_plasma_view': False, 'plasma_path': '/tmp/plasma'}, 'common_eval': {'_name': None, 'path': None, 'post_process': None, 'quiet': False, 'model_overrides': '{}', 'results_path': None}, 'distributed_training': {'_name': None, 'distributed_world_size': 1, 'distributed_num_procs': 1, 'distributed_rank': 0, 'distributed_backend': 'nccl', 'distributed_init_method': None, 'distributed_port': -1, 'device_id': 0, 'distributed_no_spawn': False, 'ddp_backend': c10d, 'ddp_comm_hook': none, 'bucket_cap_mb': 25, 'fix_batches_to_gpus': False, 'find_unused_parameters': True, 'fast_stat_sync': False, 'heartbeat_timeout': -1, 'broadcast_buffers': False, 'slowmo_momentum': None, 'slowmo_algorithm': 'LocalSGD', 'localsgd_frequency': 3, 'nprocs_per_node': 1, 'pipeline_model_parallel': False, 'pipeline_balance': None, 'pipeline_devices': None, 'pipeline_chunks': 0, 'pipeline_encoder_balance': None, 'pipeline_encoder_devices': None, 'pipeline_decoder_balance': None, 'pipeline_decoder_devices': None, 'pipeline_checkpoint': never, 'zero_sharding': none, 'fp16': '${common.fp16}', 'memory_efficient_fp16': '${common.memory_efficient_fp16}', 'tpu': '${common.tpu}', 'no_reshard_after_forward': False, 'fp32_reduce_scatter': False, 'cpu_offload': False, 'use_sharded_state': False}, 'dataset': {'_name': None, 'num_workers': 0, 'skip_invalid_size_inputs_valid_test': False, 'max_tokens': 1000, 'batch_size': None, 'required_batch_size_multiple': 8, 'required_seq_len_multiple': 1, 'dataset_impl': None, 'data_buffer_size': 10, 'train_subset': 'train', 'valid_subset': 'valid', 'combine_valid_subsets': None, 'ignore_unused_valid_subsets': False, 'validate_interval': 2, 'validate_interval_updates': 0, 'validate_after_updates': 0, 'fixed_validation_seed': None, 'disable_validation': False, 'max_tokens_valid': '${dataset.max_tokens}', 'batch_size_valid': '${dataset.batch_size}', 'max_valid_steps': None, 'curriculum': 0, 'gen_subset': 'test', 'num_shards': 1, 'shard_id': 0}, 'optimization': {'_name': None, 'max_epoch': 0, 'max_update': 30000, 'stop_time_hours': 0.0, 'clip_norm': 0.0, 'sentence_avg': True, 'update_freq': [1], 'lr': [0.001], 'stop_min_lr': -1.0, 'use_bmuf': False}, 'checkpoint': {'_name': None, 'save_dir': 'checkpoints', 'restore_file': 'checkpoint_last.pt', 'finetune_from_model': None, 'reset_dataloader': False, 'reset_lr_scheduler': False, 'reset_meters': False, 'reset_optimizer': False, 'optimizer_overrides': '{}', 'save_interval': 2, 'save_interval_updates': 0, 'keep_interval_updates': 1, 'keep_interval_updates_pattern': -1, 'keep_last_epochs': -1, 'keep_best_checkpoints': -1, 'no_save': False, 'no_epoch_checkpoints': True, 'no_last_checkpoints': False, 'no_save_optimizer_state': False, 'best_checkpoint_metric': 'accuracy', 'maximize_best_checkpoint_metric': True, 'patience': -1, 'checkpoint_suffix': '', 'checkpoint_shard_count': 1, 'load_checkpoint_on_all_dp_ranks': False, 'write_checkpoints_asynchronously': False, 'model_parallel_size': '${common.model_parallel_size}'}, 'bmuf': {'_name': None, 'block_lr': 1.0, 'block_momentum': 0.875, 'global_sync_iter': 50, 'warmup_iterations': 500, 'use_nbm': False, 'average_sync': False, 'distributed_world_size': '${distributed_training.distributed_world_size}'}, 'generation': {'_name': None, 'beam': 5, 'nbest': 1, 'max_len_a': 0.0, 'max_len_b': 200, 'min_len': 1, 'match_source_len': False, 'unnormalized': False, 'no_early_stop': False, 'no_beamable_mm': False, 'lenpen': 1.0, 'unkpen': 0.0, 'replace_unk': None, 'sacrebleu': False, 'score_reference': False, 'prefix_size': 0, 'no_repeat_ngram_size': 0, 'sampling': False, 'sampling_topk': -1, 'sampling_topp': -1.0, 'constraints': None, 'temperature': 1.0, 'diverse_beam_groups': -1, 'diverse_beam_strength': 0.5, 'diversity_rate': -1.0, 'print_alignment': None, 'print_step': False, 'lm_path': None, 'lm_weight': 0.0, 'iter_decode_eos_penalty': 0.0, 'iter_decode_max_iter': 10, 'iter_decode_force_max_iter': False, 'iter_decode_with_beam': 1, 'iter_decode_with_external_reranker': False, 'retain_iter_history': False, 'retain_dropout': False, 'retain_dropout_modules': None, 'decoding_format': None, 'no_seed_provided': False}, 'eval_lm': {'_name': None, 'output_word_probs': False, 'output_word_stats': False, 'context_window': 0, 'softmax_batch': 9223372036854775807}, 'interactive': {'_name': None, 'buffer_size': 0, 'input': '-'}, 'task': {'_name': 'av_hubert_pretraining', 'data': '/data2/final_project_data/30h_data', 'labels': ['wrd'], 'label_dir': '/data2/final_project_data/30h_data', 'label_rate': -1, 'sample_rate': 16000, 'normalize': True, 'enable_padding': False, 'max_sample_size': 500, 'min_sample_size': None, 'max_trim_sample_size': '${task.max_sample_size}', 'single_target': True, 'random_crop': False, 'pad_audio': True, 'pdb': False, 'stack_order_audio': 4, 'skip_verify': False, 'image_aug': True, 'image_crop_size': 88, 'image_mean': 0.421, 'image_std': 0.165, 'modalities': ['video', 'audio'], 'is_s2s': True, 'tokenizer_bpe_name': 'sentencepiece', 'tokenizer_bpe_model': '/data2/final_project_data/spm1000/spm_unigram1000.model', 'fine_tuning': True}, 'model': {'_name': 'av_hubert_seq2seq', 'pretrained_path': '/data2/final_project_ckpt/pretrained_model.pth', 'apply_mask': False, 'mask_selection': 'static', 'mask_length': 10, 'mask_other': 0, 'mask_prob': 0.75, 'mask_channel_selection': 'static', 'mask_channel_length': 64, 'mask_channel_other': 0, 'mask_channel_prob': 0.5, 'layerdrop': 0.1, 'dropout': 0.0, 'activation_dropout': 0.1, 'attention_dropout': 0.0, 'feature_grad_mult': 1.0, 'modality_fuse': 'concat', 'modality_dropout': 0.02, 'audio_dropout': 0.3, 'modality_dropout_mode': 'span', 'modality_dropout_span_min': 10, 'modality_dropout_span_max': 30, 'decoder_layers': 6, 'decoder_dropout': 0.1, 'decoder_attention_dropout': 0.0, 'decoder_activation_dropout': 0.1, 'freeze_finetune_updates': 24000, 'share_decoder_input_output_embed': True, 'decoder_normalize_before': True}, 'criterion': {'_name': 'label_smoothed_cross_entropy', 'report_accuracy': True, 'label_smoothing': 0.1, 'focal_gamma': 0.0, 'confidence_penalty': 0.0, 'ignore_prefix_size': 0, 'sentence_avg': '${optimization.sentence_avg}'}, 'optimizer': {'_name': 'adam', 'adam_betas': '(0.9,0.98)', 'adam_eps': 1e-08, 'weight_decay': 0.0, "use_old_adam'": False, 'tpu': '${common.tpu}', 'lr': '${optimization.lr}'}, 'lr_scheduler': {'_name': 'tri_stage', 'warmup_steps': 10000, 'hold_steps': 0, 'decay_steps': 20000, 'final_lr_scale': 0.05, 'phase_ratio': '???', 'init_lr_scale': 0.01, 'max_update': '${optimization.max_update}', 'lr': '${optimization.lr}'}, 'scoring': None, 'bpe': None, 'tokenizer': None}
[2026-06-13 14:13:48,793][models.encoder_backbone][INFO] - EncoderBackbone Config: {'_name': 'av_hubert', 'label_rate': 25, 'input_modality': '${task.input_modality}', 'extractor_mode': default, 'encoder_layers': 12, 'encoder_embed_dim': 768, 'encoder_ffn_embed_dim': 3072, 'encoder_attention_heads': 12, 'activation_fn': gelu, 'dropout': 0.0, 'attention_dropout': 0.0, 'activation_dropout': 0.1, 'encoder_layerdrop': 0.1, 'dropout_input': 0.0, 'dropout_features': 0.1, 'final_dim': 256, 'untie_final_proj': True, 'layer_norm_first': True, 'conv_feature_layers': '[(512,10,5)] + [(512,3,2)] * 4 + [(512,2,2)] * 2', 'conv_bias': False, 'logit_temp': 0.1, 'target_glu': False, 'feature_grad_mult': 1.0, 'mask_length_audio': 10, 'mask_prob_audio': 0.8, 'mask_length_image': 5, 'mask_prob_image': 0.3, 'mask_selection': static, 'mask_other': 0.0, 'no_mask_overlap': False, 'mask_min_space': 1, 'mask_channel_length': 64, 'mask_channel_prob': 0.5, 'mask_channel_selection': static, 'mask_channel_other': 0.0, 'no_mask_channel_overlap': False, 'mask_channel_min_space': 1, 'conv_pos': 128, 'conv_pos_groups': 16, 'latent_temp': [2.0, 0.5, 0.999995], 'skip_masked': False, 'skip_nomask': False, 'resnet_relu_type': 'prelu', 'resnet_weights': None, 'sim_type': 'cosine', 'sub_encoder_layers': 0, 'audio_feat_dim': 104, 'modality_dropout': 0.02, 'audio_dropout': 0.3, 'modality_dropout_mode': 'span', 'modality_dropout_span_min': 10, 'modality_dropout_span_max': 30, 'modality_fuse': 'concat', 'selection_type': 'same_seq', 'masking_type': 'input', 'decoder_embed_dim': 768, 'decoder_ffn_embed_dim': 3072, 'decoder_layers': 6, 'decoder_layerdrop': 0.0, 'decoder_attention_heads': 4, 'decoder_learned_pos': False, 'decoder_normalize_before': False, 'no_token_positional_embeddings': False, 'decoder_dropout': 0.1, 'decoder_attention_dropout': 0.1, 'decoder_activation_dropout': 0.0, 'max_target_positions': 2048, 'share_decoder_input_output_embed': False, 'no_scale_embedding': True, 'apply_mask': False, 'mask_prob': 0.75, 'mask_length': 10}
/opt/conda/envs/rzd/lib/python3.10/site-packages/torch/nn/utils/weight_norm.py:30: UserWarning: torch.nn.utils.weight_norm is deprecated in favor of torch.nn.utils.parametrizations.weight_norm.
  warnings.warn("torch.nn.utils.weight_norm is deprecated in favor of torch.nn.utils.parametrizations.weight_norm.")
[2026-06-13 14:13:50,201][models.audio_video_model][INFO] - _IncompatibleKeys(missing_keys=[], unexpected_keys=['mask_emb', 'label_embs_concat', 'final_proj.weight', 'final_proj.bias'])
[2026-06-13 14:13:50,854][main][INFO] - AudioVideoModel(
  (encoder): EncoderBackboneWrapper(
    (pretrained_model): EncoderBackbone(
      (feature_extractor_audio): AudioEncoder(
        (proj): Linear(in_features=104, out_features=768, bias=True)
      )
      (feature_extractor_video): ResEncoder(
        (frontend3D): Sequential(
          (0): Conv3d(1, 64, kernel_size=(5, 7, 7), stride=(1, 2, 2), padding=(2, 3, 3), bias=False)
          (1): BatchNorm3d(64, eps=1e-05, momentum=0.1, affine=True, track_running_stats=True)
          (2): PReLU(num_parameters=64)
          (3): MaxPool3d(kernel_size=(1, 3, 3), stride=(1, 2, 2), padding=(0, 1, 1), dilation=1, ceil_mode=False)
        )
        (trunk): ResNet(
          (layer1): Sequential(
            (0): BasicBlock(
              (conv1): Conv2d(64, 64, kernel_size=(3, 3), stride=(1, 1), padding=(1, 1), bias=False)
              (bn1): BatchNorm2d(64, eps=1e-05, momentum=0.1, affine=True, track_running_stats=True)
              (relu1): PReLU(num_parameters=64)
              (conv2): Conv2d(64, 64, kernel_size=(3, 3), stride=(1, 1), padding=(1, 1), bias=False)
              (bn2): BatchNorm2d(64, eps=1e-05, momentum=0.1, affine=True, track_running_stats=True)
              (relu2): PReLU(num_parameters=64)
            )
            (1): BasicBlock(
              (conv1): Conv2d(64, 64, kernel_size=(3, 3), stride=(1, 1), padding=(1, 1), bias=False)
              (bn1): BatchNorm2d(64, eps=1e-05, momentum=0.1, affine=True, track_running_stats=True)
              (relu1): PReLU(num_parameters=64)
              (conv2): Conv2d(64, 64, kernel_size=(3, 3), stride=(1, 1), padding=(1, 1), bias=False)
              (bn2): BatchNorm2d(64, eps=1e-05, momentum=0.1, affine=True, track_running_stats=True)
              (relu2): PReLU(num_parameters=64)
            )
          )
          (layer2): Sequential(
            (0): BasicBlock(
              (conv1): Conv2d(64, 128, kernel_size=(3, 3), stride=(2, 2), padding=(1, 1), bias=False)
              (bn1): BatchNorm2d(128, eps=1e-05, momentum=0.1, affine=True, track_running_stats=True)
              (relu1): PReLU(num_parameters=128)
              (conv2): Conv2d(128, 128, kernel_size=(3, 3), stride=(1, 1), padding=(1, 1), bias=False)
              (bn2): BatchNorm2d(128, eps=1e-05, momentum=0.1, affine=True, track_running_stats=True)
              (relu2): PReLU(num_parameters=128)
              (downsample): Sequential(
                (0): Conv2d(64, 128, kernel_size=(1, 1), stride=(2, 2), bias=False)
                (1): BatchNorm2d(128, eps=1e-05, momentum=0.1, affine=True, track_running_stats=True)
              )
            )
            (1): BasicBlock(
              (conv1): Conv2d(128, 128, kernel_size=(3, 3), stride=(1, 1), padding=(1, 1), bias=False)
              (bn1): BatchNorm2d(128, eps=1e-05, momentum=0.1, affine=True, track_running_stats=True)
              (relu1): PReLU(num_parameters=128)
              (conv2): Conv2d(128, 128, kernel_size=(3, 3), stride=(1, 1), padding=(1, 1), bias=False)
              (bn2): BatchNorm2d(128, eps=1e-05, momentum=0.1, affine=True, track_running_stats=True)
              (relu2): PReLU(num_parameters=128)
            )
          )
          (layer3): Sequential(
            (0): BasicBlock(
              (conv1): Conv2d(128, 256, kernel_size=(3, 3), stride=(2, 2), padding=(1, 1), bias=False)
              (bn1): BatchNorm2d(256, eps=1e-05, momentum=0.1, affine=True, track_running_stats=True)
              (relu1): PReLU(num_parameters=256)
              (conv2): Conv2d(256, 256, kernel_size=(3, 3), stride=(1, 1), padding=(1, 1), bias=False)
              (bn2): BatchNorm2d(256, eps=1e-05, momentum=0.1, affine=True, track_running_stats=True)
              (relu2): PReLU(num_parameters=256)
              (downsample): Sequential(
                (0): Conv2d(128, 256, kernel_size=(1, 1), stride=(2, 2), bias=False)
                (1): BatchNorm2d(256, eps=1e-05, momentum=0.1, affine=True, track_running_stats=True)
              )
            )
            (1): BasicBlock(
              (conv1): Conv2d(256, 256, kernel_size=(3, 3), stride=(1, 1), padding=(1, 1), bias=False)
              (bn1): BatchNorm2d(256, eps=1e-05, momentum=0.1, affine=True, track_running_stats=True)
              (relu1): PReLU(num_parameters=256)
              (conv2): Conv2d(256, 256, kernel_size=(3, 3), stride=(1, 1), padding=(1, 1), bias=False)
              (bn2): BatchNorm2d(256, eps=1e-05, momentum=0.1, affine=True, track_running_stats=True)
              (relu2): PReLU(num_parameters=256)
            )
          )
          (layer4): Sequential(
            (0): BasicBlock(
              (conv1): Conv2d(256, 512, kernel_size=(3, 3), stride=(2, 2), padding=(1, 1), bias=False)
              (bn1): BatchNorm2d(512, eps=1e-05, momentum=0.1, affine=True, track_running_stats=True)
              (relu1): PReLU(num_parameters=512)
              (conv2): Conv2d(512, 512, kernel_size=(3, 3), stride=(1, 1), padding=(1, 1), bias=False)
              (bn2): BatchNorm2d(512, eps=1e-05, momentum=0.1, affine=True, track_running_stats=True)
              (relu2): PReLU(num_parameters=512)
              (downsample): Sequential(
                (0): Conv2d(256, 512, kernel_size=(1, 1), stride=(2, 2), bias=False)
                (1): BatchNorm2d(512, eps=1e-05, momentum=0.1, affine=True, track_running_stats=True)
              )
            )
            (1): BasicBlock(
              (conv1): Conv2d(512, 512, kernel_size=(3, 3), stride=(1, 1), padding=(1, 1), bias=False)
              (bn1): BatchNorm2d(512, eps=1e-05, momentum=0.1, affine=True, track_running_stats=True)
              (relu1): PReLU(num_parameters=512)
              (conv2): Conv2d(512, 512, kernel_size=(3, 3), stride=(1, 1), padding=(1, 1), bias=False)
              (bn2): BatchNorm2d(512, eps=1e-05, momentum=0.1, affine=True, track_running_stats=True)
              (relu2): PReLU(num_parameters=512)
            )
          )
          (avgpool): AdaptiveAvgPool2d(output_size=1)
        )
        (proj): Linear(in_features=512, out_features=768, bias=True)
      )
      (post_extract_proj): Linear(in_features=1536, out_features=768, bias=True)
      (encoder): TransformerEncoder(
        (pos_conv): Sequential(
          (0): Conv1d(768, 768, kernel_size=(128,), stride=(1,), padding=(64,), groups=16)
          (1): SamePad()
          (2): GELU(approximate='none')
        )
        (layers): ModuleList(
          (0-11): 12 x TransformerSentenceEncoderLayer(
            (self_attn): MultiheadAttention(
              (dropout_module): Dropout(p=0.0, inplace=False)
              (k_proj): Linear(in_features=768, out_features=768, bias=True)
              (v_proj): Linear(in_features=768, out_features=768, bias=True)
              (q_proj): Linear(in_features=768, out_features=768, bias=True)
              (out_proj): Linear(in_features=768, out_features=768, bias=True)
            )
            (dropout1): Dropout(p=0.0, inplace=False)
            (dropout2): Dropout(p=0.1, inplace=False)
            (dropout3): Dropout(p=0.0, inplace=False)
            (self_attn_layer_norm): LayerNorm((768,), eps=1e-05, elementwise_affine=True)
            (fc1): Linear(in_features=768, out_features=3072, bias=True)
            (fc2): Linear(in_features=3072, out_features=768, bias=True)
            (final_layer_norm): LayerNorm((768,), eps=1e-05, elementwise_affine=True)
          )
        )
        (layer_norm): LayerNorm((768,), eps=1e-05, elementwise_affine=True)
      )
      (layer_norm): LayerNorm((1536,), eps=1e-05, elementwise_affine=True)
      (dropout_input): Dropout(p=0.0, inplace=False)
      (dropout_features): Dropout(p=0.1, inplace=False)
    )
  )
  (decoder): TransformerDecoder(
    (embed_tokens): Embedding(1000, 768, padding_idx=1)
    (embed_positions): SinusoidalPositionalEmbedding()
    (layers): ModuleList(
      (0-5): 6 x TransformerDecoderLayer(
        (dropout_module): Dropout(p=0.1, inplace=False)
        (self_attn): MultiheadAttention(
          (dropout_module): Dropout(p=0.0, inplace=False)
          (k_proj): Linear(in_features=768, out_features=768, bias=True)
          (v_proj): Linear(in_features=768, out_features=768, bias=True)
          (q_proj): Linear(in_features=768, out_features=768, bias=True)
          (out_proj): Linear(in_features=768, out_features=768, bias=True)
        )
        (activation_dropout_module): Dropout(p=0.1, inplace=False)
        (self_attn_layer_norm): LayerNorm((768,), eps=1e-05, elementwise_affine=True)
        (encoder_attn): MultiheadAttention(
          (dropout_module): Dropout(p=0.0, inplace=False)
          (k_proj): Linear(in_features=768, out_features=768, bias=True)
          (v_proj): Linear(in_features=768, out_features=768, bias=True)
          (q_proj): Linear(in_features=768, out_features=768, bias=True)
          (out_proj): Linear(in_features=768, out_features=768, bias=True)
        )
        (encoder_attn_layer_norm): LayerNorm((768,), eps=1e-05, elementwise_affine=True)
        (fc1): Linear(in_features=768, out_features=3072, bias=True)
        (fc2): Linear(in_features=3072, out_features=768, bias=True)
        (final_layer_norm): LayerNorm((768,), eps=1e-05, elementwise_affine=True)
      )
    )
    (layer_norm): LayerNorm((768,), eps=1e-05, elementwise_affine=True)
  )
)
[2026-06-13 14:13:50,857][main][INFO] - model: AudioVideoModel
[2026-06-13 14:13:50,858][main][INFO] - criterion: LabelSmoothedCrossEntropyCriterion
[2026-06-13 14:13:50,860][main][INFO] - num. shared model params: 160,100,480 (num. trained: 160,100,480)
[2026-06-13 14:13:50,861][main][INFO] - num. expert model params: 0 (num. trained: 0)
[2026-06-13 14:13:50,861][dataset][INFO] - Using tokenizer
[2026-06-13 14:13:50,919][dataset][INFO] - max_keep=500, min_keep=None, loaded 30782, skipped 0 short and 0 long and 0 unaligned, longest-loaded=155, shortest-loaded=12
[2026-06-13 14:13:50,920][dataset][INFO] - image transform: Compose(
    Normalize(mean=0.0, std=255.0)
    RandomCrop(size=(88, 88))
    <utils.model_utils.HorizontalFlip object at 0x7f9f41120ca0>
    Normalize(mean=0.421, std=0.165)
)
[2026-06-13 14:13:50,930][dataset][INFO] - pad_audio=True, random_crop=False, normalize=True, max_sample_size=500, seqs2seq data=True,
[2026-06-13 14:13:50,930][dataset][INFO] - Using tokenizer
[2026-06-13 14:13:50,935][dataset][INFO] - max_keep=500, min_keep=None, loaded 1200, skipped 0 short and 0 long and 0 unaligned, longest-loaded=155, shortest-loaded=17
[2026-06-13 14:13:50,935][dataset][INFO] - image transform: Compose(
    Normalize(mean=0.0, std=255.0)
    <utils.model_utils.CenterCrop object at 0x7f9f40f605e0>
    Normalize(mean=0.421, std=0.165)
)
[2026-06-13 14:13:50,937][dataset][INFO] - pad_audio=True, random_crop=False, normalize=True, max_sample_size=500, seqs2seq data=True,
[2026-06-13 14:13:51,980][trainer][INFO] - detected shared parameter: encoder.pretrained_model.feature_extractor_video.frontend3D.0.bias <- encoder.pretrained_model.feature_extractor_video.trunk.layer1.0.conv1.bias
[2026-06-13 14:13:51,981][trainer][INFO] - detected shared parameter: encoder.pretrained_model.feature_extractor_video.frontend3D.0.bias <- encoder.pretrained_model.feature_extractor_video.trunk.layer1.0.conv2.bias
[2026-06-13 14:13:51,981][trainer][INFO] - detected shared parameter: encoder.pretrained_model.feature_extractor_video.frontend3D.0.bias <- encoder.pretrained_model.feature_extractor_video.trunk.layer1.1.conv1.bias
[2026-06-13 14:13:51,981][trainer][INFO] - detected shared parameter: encoder.pretrained_model.feature_extractor_video.frontend3D.0.bias <- encoder.pretrained_model.feature_extractor_video.trunk.layer1.1.conv2.bias
[2026-06-13 14:13:51,981][trainer][INFO] - detected shared parameter: encoder.pretrained_model.feature_extractor_video.frontend3D.0.bias <- encoder.pretrained_model.feature_extractor_video.trunk.layer2.0.conv1.bias
[2026-06-13 14:13:51,982][trainer][INFO] - detected shared parameter: encoder.pretrained_model.feature_extractor_video.frontend3D.0.bias <- encoder.pretrained_model.feature_extractor_video.trunk.layer2.0.conv2.bias
[2026-06-13 14:13:51,982][trainer][INFO] - detected shared parameter: encoder.pretrained_model.feature_extractor_video.frontend3D.0.bias <- encoder.pretrained_model.feature_extractor_video.trunk.layer2.0.downsample.0.bias
[2026-06-13 14:13:51,982][trainer][INFO] - detected shared parameter: encoder.pretrained_model.feature_extractor_video.frontend3D.0.bias <- encoder.pretrained_model.feature_extractor_video.trunk.layer2.1.conv1.bias
[2026-06-13 14:13:51,982][trainer][INFO] - detected shared parameter: encoder.pretrained_model.feature_extractor_video.frontend3D.0.bias <- encoder.pretrained_model.feature_extractor_video.trunk.layer2.1.conv2.bias
[2026-06-13 14:13:51,983][trainer][INFO] - detected shared parameter: encoder.pretrained_model.feature_extractor_video.frontend3D.0.bias <- encoder.pretrained_model.feature_extractor_video.trunk.layer3.0.conv1.bias
[2026-06-13 14:13:51,983][trainer][INFO] - detected shared parameter: encoder.pretrained_model.feature_extractor_video.frontend3D.0.bias <- encoder.pretrained_model.feature_extractor_video.trunk.layer3.0.conv2.bias
[2026-06-13 14:13:51,983][trainer][INFO] - detected shared parameter: encoder.pretrained_model.feature_extractor_video.frontend3D.0.bias <- encoder.pretrained_model.feature_extractor_video.trunk.layer3.0.downsample.0.bias
[2026-06-13 14:13:51,984][trainer][INFO] - detected shared parameter: encoder.pretrained_model.feature_extractor_video.frontend3D.0.bias <- encoder.pretrained_model.feature_extractor_video.trunk.layer3.1.conv1.bias
[2026-06-13 14:13:51,984][trainer][INFO] - detected shared parameter: encoder.pretrained_model.feature_extractor_video.frontend3D.0.bias <- encoder.pretrained_model.feature_extractor_video.trunk.layer3.1.conv2.bias
[2026-06-13 14:13:51,985][trainer][INFO] - detected shared parameter: encoder.pretrained_model.feature_extractor_video.frontend3D.0.bias <- encoder.pretrained_model.feature_extractor_video.trunk.layer4.0.conv1.bias
[2026-06-13 14:13:51,985][trainer][INFO] - detected shared parameter: encoder.pretrained_model.feature_extractor_video.frontend3D.0.bias <- encoder.pretrained_model.feature_extractor_video.trunk.layer4.0.conv2.bias
[2026-06-13 14:13:51,985][trainer][INFO] - detected shared parameter: encoder.pretrained_model.feature_extractor_video.frontend3D.0.bias <- encoder.pretrained_model.feature_extractor_video.trunk.layer4.0.downsample.0.bias
[2026-06-13 14:13:51,985][trainer][INFO] - detected shared parameter: encoder.pretrained_model.feature_extractor_video.frontend3D.0.bias <- encoder.pretrained_model.feature_extractor_video.trunk.layer4.1.conv1.bias
[2026-06-13 14:13:51,986][trainer][INFO] - detected shared parameter: encoder.pretrained_model.feature_extractor_video.frontend3D.0.bias <- encoder.pretrained_model.feature_extractor_video.trunk.layer4.1.conv2.bias
[2026-06-13 14:13:51,986][fairseq.utils][INFO] - ***********************CUDA enviroments for all 1 workers***********************
[2026-06-13 14:13:51,986][fairseq.utils][INFO] - rank   0: capabilities =  9.0  ; total memory = 79.179 GB ; name = NVIDIA H100 80GB HBM3                   
[2026-06-13 14:13:51,987][fairseq.utils][INFO] - ***********************CUDA enviroments for all 1 workers***********************
[2026-06-13 14:13:51,987][main][INFO] - training on 1 devices (GPUs/TPUs)
[2026-06-13 14:13:51,988][main][INFO] - max tokens per device = 1000 and max sentences per device = None
[2026-06-13 14:13:51,989][trainer][INFO] - Preparing to load checkpoint checkpoints/checkpoint_last.pt
[2026-06-13 14:13:51,989][trainer][INFO] - No existing checkpoint found checkpoints/checkpoint_last.pt
[2026-06-13 14:13:53,034][trainer][INFO] - begin training epoch 1
[2026-06-13 14:13:53,034][main][INFO] - Start iterating over samples
[2026-06-13 14:16:07,588][train_inner][INFO] - {"epoch": 1, "update": 0.063, "loss": "155.063", "nll_loss": "8.515", "total": "178.305", "n_correct": "10.835", "ppl": "365.93", "accuracy": "6.077", "wps": "266.2", "ups": "1.49", "wpb": "178.3", "bsz": "10.1", "num_updates": "200", "lr": "2.98e-05", "gnorm": "93.828", "loss_scale": "128", "train_wall": "17", "gb_free": "75.7", "wall": "136"}
[2026-06-13 14:18:45,848][train_inner][INFO] - {"epoch": 1, "update": 0.126, "loss": "169.44", "nll_loss": "8.149", "total": "181.27", "n_correct": "12.36", "ppl": "283.78", "accuracy": "6.819", "wps": "229.1", "ups": "1.26", "wpb": "181.3", "bsz": "9", "num_updates": "400", "lr": "4.96e-05", "gnorm": "67.377", "loss_scale": "128", "train_wall": "12", "gb_free": "75.7", "wall": "294"}
[2026-06-13 14:20:41,811][train_inner][INFO] - {"epoch": 1, "update": 0.189, "loss": "155.766", "nll_loss": "8.024", "total": "177.86", "n_correct": "14.39", "ppl": "260.27", "accuracy": "8.091", "wps": "306.8", "ups": "1.72", "wpb": "177.9", "bsz": "9.5", "num_updates": "600", "lr": "6.94e-05", "gnorm": "53.927", "loss_scale": "128", "train_wall": "12", "gb_free": "75.7", "wall": "410"}
[2026-06-13 14:22:30,482][train_inner][INFO] - {"epoch": 1, "update": 0.252, "loss": "148.591", "nll_loss": "7.832", "total": "179.33", "n_correct": "19.885", "ppl": "227.88", "accuracy": "11.088", "wps": "330.2", "ups": "1.84", "wpb": "179.3", "bsz": "9.9", "num_updates": "800", "lr": "8.92e-05", "gnorm": "50.592", "loss_scale": "128", "train_wall": "11", "gb_free": "75.7", "wall": "518"}
[2026-06-13 14:24:04,686][train_inner][INFO] - {"epoch": 1, "update": 0.315, "loss": "152.293", "nll_loss": "7.659", "total": "176.56", "n_correct": "22.185", "ppl": "202.16", "accuracy": "12.565", "wps": "374.9", "ups": "2.12", "wpb": "176.6", "bsz": "9.3", "num_updates": "1000", "lr": "0.000109", "gnorm": "51.065", "loss_scale": "128", "train_wall": "11", "gb_free": "75.7", "wall": "613"}
[2026-06-13 14:25:50,446][train_inner][INFO] - {"epoch": 1, "update": 0.378, "loss": "149.55", "nll_loss": "7.472", "total": "177.705", "n_correct": "24.38", "ppl": "177.53", "accuracy": "13.719", "wps": "336.1", "ups": "1.89", "wpb": "177.7", "bsz": "9.3", "num_updates": "1200", "lr": "0.0001288", "gnorm": "52.934", "loss_scale": "128", "train_wall": "11", "gb_free": "75.7", "wall": "718"}
[2026-06-13 14:27:45,154][train_inner][INFO] - {"epoch": 1, "update": 0.441, "loss": "136.437", "nll_loss": "7.274", "total": "180.08", "n_correct": "27.68", "ppl": "154.73", "accuracy": "15.371", "wps": "314", "ups": "1.74", "wpb": "180.1", "bsz": "10.2", "num_updates": "1400", "lr": "0.0001486", "gnorm": "49.874", "loss_scale": "128", "train_wall": "11", "gb_free": "75.7", "wall": "833"}
[2026-06-13 14:29:18,616][train_inner][INFO] - {"epoch": 1, "update": 0.504, "loss": "145", "nll_loss": "7.2", "total": "179.95", "n_correct": "28.145", "ppl": "147.04", "accuracy": "15.64", "wps": "385.1", "ups": "2.14", "wpb": "179.9", "bsz": "9.5", "num_updates": "1600", "lr": "0.0001684", "gnorm": "50.808", "loss_scale": "128", "train_wall": "11", "gb_free": "75.7", "wall": "927"}
[2026-06-13 14:30:45,539][train_inner][INFO] - {"epoch": 1, "update": 0.567, "loss": "127.492", "nll_loss": "6.91", "total": "181.98", "n_correct": "32.8", "ppl": "120.28", "accuracy": "18.024", "wps": "418.8", "ups": "2.3", "wpb": "182", "bsz": "10.5", "num_updates": "1800", "lr": "0.0001882", "gnorm": "47.67", "loss_scale": "128", "train_wall": "11", "gb_free": "75.7", "wall": "1014"}
[2026-06-13 14:32:16,500][train_inner][INFO] - {"epoch": 1, "update": 0.63, "loss": "136.241", "nll_loss": "6.854", "total": "182.14", "n_correct": "32.47", "ppl": "115.7", "accuracy": "17.827", "wps": "400.5", "ups": "2.2", "wpb": "182.1", "bsz": "9.8", "num_updates": "2000", "lr": "0.000208", "gnorm": "49.416", "loss_scale": "128", "train_wall": "11", "gb_free": "75.7", "wall": "1105"}
[2026-06-13 14:33:36,712][train_inner][INFO] - {"epoch": 1, "update": 0.693, "loss": "137.004", "nll_loss": "6.743", "total": "178.665", "n_correct": "32.395", "ppl": "107.14", "accuracy": "18.132", "wps": "445.5", "ups": "2.49", "wpb": "178.7", "bsz": "9.4", "num_updates": "2200", "lr": "0.0002278", "gnorm": "49.925", "loss_scale": "128", "train_wall": "11", "gb_free": "75.7", "wall": "1185"}
[2026-06-13 14:35:20,950][train_inner][INFO] - {"epoch": 1, "update": 0.756, "loss": "137.232", "nll_loss": "6.622", "total": "180.825", "n_correct": "33.79", "ppl": "98.53", "accuracy": "18.687", "wps": "347", "ups": "1.92", "wpb": "180.8", "bsz": "9.4", "num_updates": "2400", "lr": "0.0002476", "gnorm": "51.173", "loss_scale": "128", "train_wall": "11", "gb_free": "75.7", "wall": "1289"}
[2026-06-13 14:37:00,134][train_inner][INFO] - {"epoch": 1, "update": 0.819, "loss": "130.39", "nll_loss": "6.411", "total": "181.03", "n_correct": "36.62", "ppl": "85.12", "accuracy": "20.229", "wps": "365.1", "ups": "2.02", "wpb": "181", "bsz": "9.7", "num_updates": "2600", "lr": "0.0002674", "gnorm": "50.616", "loss_scale": "128", "train_wall": "11", "gb_free": "75.7", "wall": "1388"}
[2026-06-13 14:38:28,653][train_inner][INFO] - {"epoch": 1, "update": 0.882, "loss": "124.798", "nll_loss": "6.196", "total": "175.29", "n_correct": "37.265", "ppl": "73.33", "accuracy": "21.259", "wps": "396.1", "ups": "2.26", "wpb": "175.3", "bsz": "9.5", "num_updates": "2800", "lr": "0.0002872", "gnorm": "49.873", "loss_scale": "128", "train_wall": "11", "gb_free": "75.7", "wall": "1477"}
[2026-06-13 14:40:19,131][train_inner][INFO] - {"epoch": 1, "update": 0.945, "loss": "126.037", "nll_loss": "6.113", "total": "183.02", "n_correct": "39.68", "ppl": "69.19", "accuracy": "21.681", "wps": "331.4", "ups": "1.81", "wpb": "183", "bsz": "9.7", "num_updates": "3000", "lr": "0.000307", "gnorm": "51.356", "loss_scale": "128", "train_wall": "11", "gb_free": "75.7", "wall": "1587"}
[2026-06-13 14:41:57,155][main][INFO] - end of epoch 1 (average epoch stats below)
[2026-06-13 14:41:57,168][train][INFO] - {"epoch": 1, "train_loss": "140.375", "train_nll_loss": "7.124", "train_total": "179.799", "train_n_correct": "27.8611", "train_ppl": "139.46", "train_accuracy": "15.496", "train_wps": "339.2", "train_ups": "1.89", "train_wpb": "179.8", "train_bsz": "9.7", "train_num_updates": "3176", "train_lr": "0.000324424", "train_gnorm": "54.495", "train_loss_scale": "128", "train_train_wall": "182", "train_gb_free": "75.7", "train_wall": "1685"}
[2026-06-13 14:41:57,575][trainer][INFO] - begin training epoch 2
[2026-06-13 14:41:57,575][main][INFO] - Start iterating over samples
[2026-06-13 14:42:10,525][train_inner][INFO] - {"epoch": 2, "update": 1.008, "loss": "118.029", "nll_loss": "5.906", "total": "181.945", "n_correct": "42.27", "ppl": "59.95", "accuracy": "23.232", "wps": "326.7", "ups": "1.8", "wpb": "181.9", "bsz": "10.1", "num_updates": "3200", "lr": "0.0003268", "gnorm": "51.402", "loss_scale": "128", "train_wall": "11", "gb_free": "75.7", "wall": "1699"}
[2026-06-13 14:43:46,626][train_inner][INFO] - {"epoch": 2, "update": 1.071, "loss": "118.684", "nll_loss": "5.756", "total": "181.22", "n_correct": "42.72", "ppl": "54.03", "accuracy": "23.574", "wps": "377.2", "ups": "2.08", "wpb": "181.2", "bsz": "9.8", "num_updates": "3400", "lr": "0.0003466", "gnorm": "52.298", "loss_scale": "128", "train_wall": "11", "gb_free": "75.7", "wall": "1795"}
[2026-06-13 14:45:18,992][train_inner][INFO] - {"epoch": 2, "update": 1.134, "loss": "111.553", "nll_loss": "5.51", "total": "184.03", "n_correct": "47.11", "ppl": "45.56", "accuracy": "25.599", "wps": "398.5", "ups": "2.17", "wpb": "184", "bsz": "10.2", "num_updates": "3600", "lr": "0.0003664", "gnorm": "52.028", "loss_scale": "128", "train_wall": "11", "gb_free": "75.7", "wall": "1887"}
[2026-06-13 14:47:02,893][train_inner][INFO] - {"epoch": 2, "update": 1.196, "loss": "118.267", "nll_loss": "5.366", "total": "177.94", "n_correct": "47.245", "ppl": "41.23", "accuracy": "26.551", "wps": "342.6", "ups": "1.93", "wpb": "177.9", "bsz": "9.1", "num_updates": "3800", "lr": "0.0003862", "gnorm": "55.85", "loss_scale": "128", "train_wall": "11", "gb_free": "75.7", "wall": "1991"}
[2026-06-13 14:48:41,378][train_inner][INFO] - {"epoch": 2, "update": 1.259, "loss": "110.108", "nll_loss": "5.093", "total": "176.96", "n_correct": "51.67", "ppl": "34.14", "accuracy": "29.199", "wps": "359.4", "ups": "2.03", "wpb": "177", "bsz": "9.4", "num_updates": "4000", "lr": "0.000406", "gnorm": "58.581", "loss_scale": "128", "train_wall": "11", "gb_free": "75.7", "wall": "2089"}
[2026-06-13 14:50:11,780][train_inner][INFO] - {"epoch": 2, "update": 1.322, "loss": "109.987", "nll_loss": "4.897", "total": "182.315", "n_correct": "56.175", "ppl": "29.79", "accuracy": "30.812", "wps": "403.4", "ups": "2.21", "wpb": "182.3", "bsz": "9.4", "num_updates": "4200", "lr": "0.0004258", "gnorm": "59.946", "loss_scale": "128", "train_wall": "11", "gb_free": "75.7", "wall": "2180"}
[2026-06-13 14:51:46,629][train_inner][INFO] - {"epoch": 2, "update": 1.385, "loss": "94.432", "nll_loss": "4.542", "total": "178.705", "n_correct": "61.205", "ppl": "23.29", "accuracy": "34.249", "wps": "376.9", "ups": "2.11", "wpb": "178.7", "bsz": "10.2", "num_updates": "4400", "lr": "0.0004456", "gnorm": "57.677", "loss_scale": "128", "train_wall": "11", "gb_free": "75.7", "wall": "2275"}
[2026-06-13 14:53:26,458][train_inner][INFO] - {"epoch": 2, "update": 1.448, "loss": "89.079", "nll_loss": "4.342", "total": "182.91", "n_correct": "67.33", "ppl": "20.28", "accuracy": "36.81", "wps": "366.5", "ups": "2", "wpb": "182.9", "bsz": "10.7", "num_updates": "4600", "lr": "0.0004654", "gnorm": "57.224", "loss_scale": "128", "train_wall": "11", "gb_free": "75.7", "wall": "2374"}
[2026-06-13 14:54:50,566][train_inner][INFO] - {"epoch": 2, "update": 1.511, "loss": "94.937", "nll_loss": "4.306", "total": "178.54", "n_correct": "65.51", "ppl": "19.79", "accuracy": "36.692", "wps": "424.6", "ups": "2.38", "wpb": "178.5", "bsz": "9.7", "num_updates": "4800", "lr": "0.0004852", "gnorm": "56.921", "loss_scale": "128", "train_wall": "11", "gb_free": "75.7", "wall": "2459"}
[2026-06-13 14:56:14,334][train_inner][INFO] - {"epoch": 2, "update": 1.574, "loss": "90.901", "nll_loss": "4.147", "total": "181.955", "n_correct": "70.44", "ppl": "17.72", "accuracy": "38.713", "wps": "434.5", "ups": "2.39", "wpb": "182", "bsz": "10.1", "num_updates": "5000", "lr": "0.000505", "gnorm": "55.773", "loss_scale": "128", "train_wall": "11", "gb_free": "75.7", "wall": "2542"}
[2026-06-13 14:57:44,674][train_inner][INFO] - {"epoch": 2, "update": 1.637, "loss": "86.288", "nll_loss": "3.974", "total": "178.205", "n_correct": "72.32", "ppl": "15.71", "accuracy": "40.582", "wps": "394.6", "ups": "2.21", "wpb": "178.2", "bsz": "10.1", "num_updates": "5200", "lr": "0.0005248", "gnorm": "54.22", "loss_scale": "128", "train_wall": "11", "gb_free": "75.7", "wall": "2633"}
[2026-06-13 14:59:19,094][train_inner][INFO] - {"epoch": 2, "update": 1.7, "loss": "83.576", "nll_loss": "3.855", "total": "177.005", "n_correct": "75.535", "ppl": "14.47", "accuracy": "42.674", "wps": "375", "ups": "2.12", "wpb": "177", "bsz": "10.1", "num_updates": "5400", "lr": "0.0005446", "gnorm": "52.709", "loss_scale": "128", "train_wall": "11", "gb_free": "75.7", "wall": "2727"}
[2026-06-13 15:00:45,456][train_inner][INFO] - {"epoch": 2, "update": 1.763, "loss": "99.712", "nll_loss": "3.908", "total": "181.805", "n_correct": "75.775", "ppl": "15.02", "accuracy": "41.679", "wps": "421.1", "ups": "2.32", "wpb": "181.8", "bsz": "8.8", "num_updates": "5600", "lr": "0.0005644", "gnorm": "58.293", "loss_scale": "128", "train_wall": "11", "gb_free": "75.7", "wall": "2813"}
[2026-06-13 15:02:15,858][train_inner][INFO] - {"epoch": 2, "update": 1.826, "loss": "93.458", "nll_loss": "3.704", "total": "179.055", "n_correct": "79.315", "ppl": "13.03", "accuracy": "44.296", "wps": "396.2", "ups": "2.21", "wpb": "179.1", "bsz": "8.9", "num_updates": "5800", "lr": "0.0005842", "gnorm": "55.139", "loss_scale": "128", "train_wall": "11", "gb_free": "75.7", "wall": "2904"}
[2026-06-13 15:03:45,814][train_inner][INFO] - {"epoch": 2, "update": 1.889, "loss": "90.598", "nll_loss": "3.644", "total": "178.135", "n_correct": "80.76", "ppl": "12.5", "accuracy": "45.336", "wps": "396.1", "ups": "2.22", "wpb": "178.1", "bsz": "9.1", "num_updates": "6000", "lr": "0.000604", "gnorm": "54.069", "loss_scale": "128", "train_wall": "11", "gb_free": "75.7", "wall": "2994"}
[2026-06-13 15:05:20,019][train_inner][INFO] - {"epoch": 2, "update": 1.952, "loss": "81.409", "nll_loss": "3.436", "total": "180.595", "n_correct": "86.335", "ppl": "10.82", "accuracy": "47.806", "wps": "383.5", "ups": "2.12", "wpb": "180.6", "bsz": "9.8", "num_updates": "6200", "lr": "0.0006238", "gnorm": "50.692", "loss_scale": "128", "train_wall": "11", "gb_free": "75.7", "wall": "3088"}
[2026-06-13 15:06:27,448][main][INFO] - begin validation on "valid" subset
[2026-06-13 15:07:25,996][valid][INFO] - {"epoch": 2, "valid_loss": "77.59", "valid_nll_loss": "3.033", "valid_total": "178.205", "valid_n_correct": "93.4882", "valid_ppl": "8.19", "valid_accuracy": "52.461", "valid_wps": "388.6", "valid_wpb": "178.2", "valid_bsz": "9.4", "valid_num_updates": "6352"}
[2026-06-13 15:07:25,997][fairseq.checkpoint_utils][INFO] - Preparing to save checkpoint for epoch 2 @ 6352 updates
[2026-06-13 15:07:25,998][trainer][INFO] - Saving checkpoint to checkpoints/checkpoint_best.pt
[2026-06-13 15:07:29,927][trainer][INFO] - Finished saving checkpoint to checkpoints/checkpoint_best.pt
[2026-06-13 15:07:34,911][fairseq.checkpoint_utils][INFO] - Saved checkpoint checkpoints/checkpoint_best.pt (epoch 2 @ 6352 updates, score 52.461) (writing took 8.914022578042932 seconds)
[2026-06-13 15:07:34,912][main][INFO] - end of epoch 2 (average epoch stats below)
[2026-06-13 15:07:34,924][train][INFO] - {"epoch": 2, "train_loss": "97.352", "train_nll_loss": "4.392", "train_total": "179.799", "train_n_correct": "66.1492", "train_ppl": "21", "train_accuracy": "36.791", "train_wps": "371.3", "train_ups": "2.07", "train_wpb": "179.8", "train_bsz": "9.7", "train_num_updates": "6352", "train_lr": "0.000638848", "train_gnorm": "55.077", "train_loss_scale": "128", "train_train_wall": "172", "train_gb_free": "75.7", "train_wall": "3223"}
[2026-06-13 15:07:35,437][trainer][INFO] - begin training epoch 3
[2026-06-13 15:07:35,437][main][INFO] - Start iterating over samples
[2026-06-13 15:07:58,245][train_inner][INFO] - {"epoch": 3, "update": 2.015, "loss": "79.34", "nll_loss": "3.284", "total": "177.825", "n_correct": "88.7", "ppl": "9.74", "accuracy": "49.881", "wps": "224.8", "ups": "1.26", "wpb": "177.8", "bsz": "9.6", "num_updates": "6400", "lr": "0.0006436", "gnorm": "49.035", "loss_scale": "128", "train_wall": "11", "gb_free": "75.7", "wall": "3246"}
[2026-06-13 15:09:33,668][train_inner][INFO] - {"epoch": 3, "update": 2.078, "loss": "76.287", "nll_loss": "3.148", "total": "183.205", "n_correct": "94.28", "ppl": "8.87", "accuracy": "51.461", "wps": "384.1", "ups": "2.1", "wpb": "183.2", "bsz": "10.1", "num_updates": "6600", "lr": "0.0006634", "gnorm": "47.943", "loss_scale": "128", "train_wall": "11", "gb_free": "75.7", "wall": "3342"}
[2026-06-13 15:11:06,779][train_inner][INFO] - {"epoch": 3, "update": 2.141, "loss": "74.868", "nll_loss": "3.069", "total": "177.205", "n_correct": "93.56", "ppl": "8.39", "accuracy": "52.798", "wps": "380.7", "ups": "2.15", "wpb": "177.2", "bsz": "9.8", "num_updates": "6800", "lr": "0.0006832", "gnorm": "46.705", "loss_scale": "128", "train_wall": "11", "gb_free": "75.7", "wall": "3435"}
[2026-06-13 15:12:44,199][train_inner][INFO] - {"epoch": 3, "update": 2.204, "loss": "74.241", "nll_loss": "3.061", "total": "178.395", "n_correct": "94.375", "ppl": "8.34", "accuracy": "52.902", "wps": "366.3", "ups": "2.05", "wpb": "178.4", "bsz": "9.9", "num_updates": "7000", "lr": "0.000703", "gnorm": "44.198", "loss_scale": "128", "train_wall": "11", "gb_free": "75.7", "wall": "3532"}
[2026-06-13 15:14:28,340][train_inner][INFO] - {"epoch": 3, "update": 2.267, "loss": "78.135", "nll_loss": "3.014", "total": "185.385", "n_correct": "99.715", "ppl": "8.08", "accuracy": "53.788", "wps": "356.1", "ups": "1.92", "wpb": "185.4", "bsz": "9.7", "num_updates": "7200", "lr": "0.0007228", "gnorm": "46.92", "loss_scale": "128", "train_wall": "11", "gb_free": "75.7", "wall": "3636"}
[2026-06-13 15:16:07,365][train_inner][INFO] - {"epoch": 3, "update": 2.33, "loss": "77.335", "nll_loss": "2.923", "total": "178.965", "n_correct": "98.735", "ppl": "7.59", "accuracy": "55.17", "wps": "361.5", "ups": "2.02", "wpb": "179", "bsz": "9.2", "num_updates": "7400", "lr": "0.0007426", "gnorm": "44.543", "loss_scale": "128", "train_wall": "11", "gb_free": "75.7", "wall": "3735"}
[2026-06-13 15:17:51,206][train_inner][INFO] - {"epoch": 3, "update": 2.393, "loss": "74.056", "nll_loss": "2.928", "total": "183.475", "n_correct": "100.85", "ppl": "7.61", "accuracy": "54.967", "wps": "353.4", "ups": "1.93", "wpb": "183.5", "bsz": "9.9", "num_updates": "7600", "lr": "0.0007624", "gnorm": "44.006", "loss_scale": "128", "train_wall": "11", "gb_free": "75.7", "wall": "3839"}
[2026-06-13 15:19:33,276][train_inner][INFO] - {"epoch": 3, "update": 2.456, "loss": "75.556", "nll_loss": "2.791", "total": "179.125", "n_correct": "102.8", "ppl": "6.92", "accuracy": "57.39", "wps": "351", "ups": "1.96", "wpb": "179.1", "bsz": "9.2", "num_updates": "7800", "lr": "0.0007822", "gnorm": "42.844", "loss_scale": "128", "train_wall": "11", "gb_free": "75.7", "wall": "3941"}
[2026-06-13 15:21:18,783][train_inner][INFO] - {"epoch": 3, "update": 2.519, "loss": "69.8", "nll_loss": "2.726", "total": "182.37", "n_correct": "106.45", "ppl": "6.62", "accuracy": "58.37", "wps": "345.7", "ups": "1.9", "wpb": "182.4", "bsz": "10", "num_updates": "8000", "lr": "0.000802", "gnorm": "41.223", "loss_scale": "128", "train_wall": "11", "gb_free": "75.7", "wall": "4047"}
[2026-06-13 15:23:03,285][train_inner][INFO] - {"epoch": 3, "update": 2.582, "loss": "70.169", "nll_loss": "2.688", "total": "179.46", "n_correct": "106.03", "ppl": "6.44", "accuracy": "59.083", "wps": "343.5", "ups": "1.91", "wpb": "179.5", "bsz": "9.7", "num_updates": "8200", "lr": "0.0008218", "gnorm": "40.188", "loss_scale": "128", "train_wall": "11", "gb_free": "75.7", "wall": "4151"}
[2026-06-13 15:24:43,610][train_inner][INFO] - {"epoch": 3, "update": 2.645, "loss": "69.266", "nll_loss": "2.643", "total": "178.09", "n_correct": "106.53", "ppl": "6.24", "accuracy": "59.818", "wps": "355.1", "ups": "1.99", "wpb": "178.1", "bsz": "9.6", "num_updates": "8400", "lr": "0.0008416", "gnorm": "38.896", "loss_scale": "128", "train_wall": "11", "gb_free": "75.7", "wall": "4252"}
[2026-06-13 15:26:22,769][train_inner][INFO] - {"epoch": 3, "update": 2.708, "loss": "72.015", "nll_loss": "2.572", "total": "177.395", "n_correct": "107.515", "ppl": "5.95", "accuracy": "60.608", "wps": "357.9", "ups": "2.02", "wpb": "177.4", "bsz": "9.1", "num_updates": "8600", "lr": "0.0008614", "gnorm": "38.293", "loss_scale": "128", "train_wall": "11", "gb_free": "75.7", "wall": "4351"}
[2026-06-13 15:28:12,121][train_inner][INFO] - {"epoch": 3, "update": 2.771, "loss": "66.93", "nll_loss": "2.514", "total": "181.54", "n_correct": "111.88", "ppl": "5.71", "accuracy": "61.628", "wps": "332.1", "ups": "1.83", "wpb": "181.5", "bsz": "9.9", "num_updates": "8800", "lr": "0.0008812", "gnorm": "37.409", "loss_scale": "128", "train_wall": "11", "gb_free": "75.7", "wall": "4460"}
[2026-06-13 15:29:57,342][train_inner][INFO] - {"epoch": 3, "update": 2.834, "loss": "62.718", "nll_loss": "2.433", "total": "175.895", "n_correct": "111.19", "ppl": "5.4", "accuracy": "63.214", "wps": "334.4", "ups": "1.9", "wpb": "175.9", "bsz": "10", "num_updates": "9000", "lr": "0.000901", "gnorm": "35.96", "loss_scale": "128", "train_wall": "11", "gb_free": "75.7", "wall": "4565"}
[2026-06-13 15:31:43,334][train_inner][INFO] - {"epoch": 3, "update": 2.897, "loss": "65.007", "nll_loss": "2.401", "total": "178.905", "n_correct": "113.345", "ppl": "5.28", "accuracy": "63.355", "wps": "337.6", "ups": "1.89", "wpb": "178.9", "bsz": "9.7", "num_updates": "9200", "lr": "0.0009208", "gnorm": "34.493", "loss_scale": "128", "train_wall": "11", "gb_free": "75.7", "wall": "4671"}
[2026-06-13 15:33:26,830][train_inner][INFO] - {"epoch": 3, "update": 2.96, "loss": "63.579", "nll_loss": "2.294", "total": "179", "n_correct": "116.535", "ppl": "4.9", "accuracy": "65.103", "wps": "346", "ups": "1.93", "wpb": "179", "bsz": "9.7", "num_updates": "9400", "lr": "0.0009406", "gnorm": "33.897", "loss_scale": "128", "train_wall": "11", "gb_free": "75.7", "wall": "4775"}
[2026-06-13 15:34:36,012][main][INFO] - end of epoch 3 (average epoch stats below)
[2026-06-13 15:34:36,021][train][INFO] - {"epoch": 3, "train_loss": "71.009", "train_nll_loss": "2.734", "train_total": "179.799", "train_n_correct": "104.631", "train_ppl": "6.65", "train_accuracy": "58.194", "train_wps": "352.3", "train_ups": "1.96", "train_wpb": "179.8", "train_bsz": "9.7", "train_num_updates": "9528", "train_lr": "0.000953272", "train_gnorm": "40.982", "train_loss_scale": "128", "train_train_wall": "173", "train_gb_free": "75.7", "train_wall": "4844"}
[2026-06-13 15:34:36,559][trainer][INFO] - begin training epoch 4
[2026-06-13 15:34:36,559][main][INFO] - Start iterating over samples
[2026-06-13 15:35:15,913][train_inner][INFO] - {"epoch": 4, "update": 3.023, "loss": "58.223", "nll_loss": "2.173", "total": "176.035", "n_correct": "117.97", "ppl": "4.51", "accuracy": "67.015", "wps": "322.8", "ups": "1.83", "wpb": "176", "bsz": "10.1", "num_updates": "9600", "lr": "0.0009604", "gnorm": "32.02", "loss_scale": "128", "train_wall": "12", "gb_free": "75.7", "wall": "4884"}
[2026-06-13 15:37:04,536][train_inner][INFO] - {"epoch": 4, "update": 3.086, "loss": "57.169", "nll_loss": "2.129", "total": "178.395", "n_correct": "119.955", "ppl": "4.37", "accuracy": "67.241", "wps": "328.5", "ups": "1.84", "wpb": "178.4", "bsz": "10.3", "num_updates": "9800", "lr": "0.0009802", "gnorm": "30.829", "loss_scale": "128", "train_wall": "11", "gb_free": "75.7", "wall": "4993"}
[2026-06-13 15:38:46,364][train_inner][INFO] - {"epoch": 4, "update": 3.149, "loss": "63.861", "nll_loss": "2.09", "total": "177.085", "n_correct": "120.08", "ppl": "4.26", "accuracy": "67.809", "wps": "347.9", "ups": "1.96", "wpb": "177.1", "bsz": "9.1", "num_updates": "10000", "lr": "0.001", "gnorm": "32.85", "loss_scale": "128", "train_wall": "11", "gb_free": "75.7", "wall": "5094"}
[2026-06-13 15:40:33,895][train_inner][INFO] - {"epoch": 4, "update": 3.212, "loss": "56.536", "nll_loss": "2.018", "total": "176.615", "n_correct": "121.555", "ppl": "4.05", "accuracy": "68.825", "wps": "328.5", "ups": "1.86", "wpb": "176.6", "bsz": "10", "num_updates": "10200", "lr": "0.000970487", "gnorm": "29.435", "loss_scale": "128", "train_wall": "11", "gb_free": "75.7", "wall": "5202"}
[2026-06-13 15:42:17,558][train_inner][INFO] - {"epoch": 4, "update": 3.275, "loss": "60.57", "nll_loss": "2.054", "total": "179.855", "n_correct": "124.06", "ppl": "4.15", "accuracy": "68.978", "wps": "347", "ups": "1.93", "wpb": "179.9", "bsz": "9.6", "num_updates": "10400", "lr": "0.000941845", "gnorm": "31.588", "loss_scale": "128", "train_wall": "11", "gb_free": "75.7", "wall": "5306"}
[2026-06-13 15:44:00,425][train_inner][INFO] - {"epoch": 4, "update": 3.338, "loss": "62.048", "nll_loss": "1.946", "total": "179.76", "n_correct": "126.05", "ppl": "3.85", "accuracy": "70.121", "wps": "349.6", "ups": "1.94", "wpb": "179.8", "bsz": "9.1", "num_updates": "10600", "lr": "0.000914048", "gnorm": "29.846", "loss_scale": "128", "train_wall": "11", "gb_free": "75.7", "wall": "5408"}
[2026-06-13 15:45:45,608][train_inner][INFO] - {"epoch": 4, "update": 3.401, "loss": "56.459", "nll_loss": "1.874", "total": "177.71", "n_correct": "126.64", "ppl": "3.66", "accuracy": "71.262", "wps": "337.9", "ups": "1.9", "wpb": "177.7", "bsz": "9.7", "num_updates": "10800", "lr": "0.000887072", "gnorm": "28.674", "loss_scale": "128", "train_wall": "11", "gb_free": "75.7", "wall": "5514"}
[2026-06-13 15:47:32,565][train_inner][INFO] - {"epoch": 4, "update": 3.463, "loss": "57.416", "nll_loss": "1.836", "total": "182.28", "n_correct": "131.315", "ppl": "3.57", "accuracy": "72.04", "wps": "340.9", "ups": "1.87", "wpb": "182.3", "bsz": "9.7", "num_updates": "11000", "lr": "0.000860892", "gnorm": "29.003", "loss_scale": "128", "train_wall": "11", "gb_free": "75.7", "wall": "5621"}
[2026-06-13 15:49:13,654][train_inner][INFO] - {"epoch": 4, "update": 3.526, "loss": "59.633", "nll_loss": "1.812", "total": "181.47", "n_correct": "131.455", "ppl": "3.51", "accuracy": "72.439", "wps": "359.1", "ups": "1.98", "wpb": "181.5", "bsz": "9.2", "num_updates": "11200", "lr": "0.000835484", "gnorm": "29.766", "loss_scale": "128", "train_wall": "11", "gb_free": "75.7", "wall": "5722"}
[2026-06-13 15:50:56,945][train_inner][INFO] - {"epoch": 4, "update": 3.589, "loss": "54.379", "nll_loss": "1.709", "total": "181.29", "n_correct": "134.145", "ppl": "3.27", "accuracy": "73.995", "wps": "351.1", "ups": "1.94", "wpb": "181.3", "bsz": "9.8", "num_updates": "11400", "lr": "0.000810826", "gnorm": "27.213", "loss_scale": "128", "train_wall": "11", "gb_free": "75.7", "wall": "5825"}
[2026-06-13 15:52:39,455][train_inner][INFO] - {"epoch": 4, "update": 3.652, "loss": "56.672", "nll_loss": "1.715", "total": "180.505", "n_correct": "133.355", "ppl": "3.28", "accuracy": "73.879", "wps": "352.2", "ups": "1.95", "wpb": "180.5", "bsz": "9.3", "num_updates": "11600", "lr": "0.000786896", "gnorm": "29.035", "loss_scale": "128", "train_wall": "11", "gb_free": "75.7", "wall": "5927"}
[2026-06-13 15:54:24,007][train_inner][INFO] - {"epoch": 4, "update": 3.715, "loss": "55.638", "nll_loss": "1.653", "total": "179.3", "n_correct": "134.31", "ppl": "3.14", "accuracy": "74.908", "wps": "343", "ups": "1.91", "wpb": "179.3", "bsz": "9.3", "num_updates": "11800", "lr": "0.000763673", "gnorm": "26.256", "loss_scale": "128", "train_wall": "11", "gb_free": "75.7", "wall": "6032"}
[2026-06-13 15:56:11,533][train_inner][INFO] - {"epoch": 4, "update": 3.778, "loss": "55.503", "nll_loss": "1.634", "total": "183.885", "n_correct": "138.16", "ppl": "3.1", "accuracy": "75.134", "wps": "342.1", "ups": "1.86", "wpb": "183.9", "bsz": "9.5", "num_updates": "12000", "lr": "0.000741134", "gnorm": "28.222", "loss_scale": "128", "train_wall": "11", "gb_free": "75.7", "wall": "6140"}
[2026-06-13 15:58:03,705][train_inner][INFO] - {"epoch": 4, "update": 3.841, "loss": "44.935", "nll_loss": "1.483", "total": "181.22", "n_correct": "141.12", "ppl": "2.8", "accuracy": "77.872", "wps": "323.1", "ups": "1.78", "wpb": "181.2", "bsz": "11", "num_updates": "12200", "lr": "0.000719261", "gnorm": "23.759", "loss_scale": "128", "train_wall": "11", "gb_free": "75.7", "wall": "6252"}
[2026-06-13 15:59:53,621][train_inner][INFO] - {"epoch": 4, "update": 3.904, "loss": "50.712", "nll_loss": "1.55", "total": "181.525", "n_correct": "139.01", "ppl": "2.93", "accuracy": "76.579", "wps": "330.3", "ups": "1.82", "wpb": "181.5", "bsz": "10", "num_updates": "12400", "lr": "0.000698034", "gnorm": "24.745", "loss_scale": "128", "train_wall": "11", "gb_free": "75.7", "wall": "6362"}
[2026-06-13 16:01:38,293][train_inner][INFO] - {"epoch": 4, "update": 3.967, "loss": "52.856", "nll_loss": "1.501", "total": "180.67", "n_correct": "140.215", "ppl": "2.83", "accuracy": "77.608", "wps": "345.2", "ups": "1.91", "wpb": "180.7", "bsz": "9.4", "num_updates": "12600", "lr": "0.000677433", "gnorm": "25.42", "loss_scale": "128", "train_wall": "11", "gb_free": "75.7", "wall": "6466"}
[2026-06-13 16:02:31,700][main][INFO] - begin validation on "valid" subset
[2026-06-13 16:03:38,387][valid][INFO] - {"epoch": 4, "valid_loss": "47.157", "valid_nll_loss": "1.172", "valid_total": "178.205", "valid_n_correct": "145.677", "valid_ppl": "2.25", "valid_accuracy": "81.747", "valid_wps": "341.6", "valid_wpb": "178.2", "valid_bsz": "9.4", "valid_num_updates": "12704", "valid_best_accuracy": "81.747"}
[2026-06-13 16:03:38,388][fairseq.checkpoint_utils][INFO] - Preparing to save checkpoint for epoch 4 @ 12704 updates
[2026-06-13 16:03:38,388][trainer][INFO] - Saving checkpoint to checkpoints/checkpoint_best.pt
[2026-06-13 16:03:42,285][trainer][INFO] - Finished saving checkpoint to checkpoints/checkpoint_best.pt
[2026-06-13 16:03:48,034][fairseq.checkpoint_utils][INFO] - Saved checkpoint checkpoints/checkpoint_best.pt (epoch 4 @ 12704 updates, score 81.747) (writing took 9.646043968037702 seconds)
[2026-06-13 16:03:48,035][main][INFO] - end of epoch 4 (average epoch stats below)
[2026-06-13 16:03:48,053][train][INFO] - {"epoch": 4, "train_loss": "55.722", "train_nll_loss": "1.791", "train_total": "179.799", "train_n_correct": "130.761", "train_ppl": "3.46", "train_accuracy": "72.726", "train_wps": "325.9", "train_ups": "1.81", "train_wpb": "179.8", "train_bsz": "9.7", "train_num_updates": "12704", "train_lr": "0.000666961", "train_gnorm": "28.294", "train_loss_scale": "128", "train_train_wall": "178", "train_gb_free": "75.7", "train_wall": "6596"}
[2026-06-13 16:03:48,556][trainer][INFO] - begin training epoch 5
[2026-06-13 16:03:48,556][main][INFO] - Start iterating over samples
[2026-06-13 16:04:35,416][train_inner][INFO] - {"epoch": 5, "update": 4.03, "loss": "47.229", "nll_loss": "1.368", "total": "176.29", "n_correct": "140.155", "ppl": "2.58", "accuracy": "79.503", "wps": "199.1", "ups": "1.13", "wpb": "176.3", "bsz": "9.8", "num_updates": "12800", "lr": "0.00065744", "gnorm": "22.443", "loss_scale": "128", "train_wall": "11", "gb_free": "75.7", "wall": "6643"}
[2026-06-13 16:07:02,310][train_inner][INFO] - {"epoch": 5, "update": 4.093, "loss": "49.549", "nll_loss": "1.288", "total": "178.905", "n_correct": "144.28", "ppl": "2.44", "accuracy": "80.646", "wps": "243.7", "ups": "1.36", "wpb": "178.9", "bsz": "9.2", "num_updates": "13000", "lr": "0.000638036", "gnorm": "23.055", "loss_scale": "128", "train_wall": "12", "gb_free": "75.7", "wall": "6790"}
[2026-06-13 16:10:58,213][train_inner][INFO] - {"epoch": 5, "update": 4.156, "loss": "47.801", "nll_loss": "1.259", "total": "181.26", "n_correct": "146.87", "ppl": "2.39", "accuracy": "81.027", "wps": "153.7", "ups": "0.85", "wpb": "181.3", "bsz": "9.6", "num_updates": "13200", "lr": "0.000619206", "gnorm": "22.875", "loss_scale": "128", "train_wall": "13", "gb_free": "75.7", "wall": "7026"}
[2026-06-13 16:14:36,634][train_inner][INFO] - {"epoch": 5, "update": 4.219, "loss": "48.121", "nll_loss": "1.25", "total": "180.4", "n_correct": "146.39", "ppl": "2.38", "accuracy": "81.147", "wps": "165.2", "ups": "0.92", "wpb": "180.4", "bsz": "9.5", "num_updates": "13400", "lr": "0.000600931", "gnorm": "22.841", "loss_scale": "128", "train_wall": "13", "gb_free": "75.7", "wall": "7245"}
[2026-06-13 16:19:05,536][train_inner][INFO] - {"epoch": 5, "update": 4.282, "loss": "45.516", "nll_loss": "1.271", "total": "181.74", "n_correct": "146.835", "ppl": "2.41", "accuracy": "80.794", "wps": "135.2", "ups": "0.74", "wpb": "181.7", "bsz": "10.2", "num_updates": "13600", "lr": "0.000583196", "gnorm": "22.435", "loss_scale": "128", "train_wall": "14", "gb_free": "75.7", "wall": "7514"}
[2026-06-13 16:22:59,518][train_inner][INFO] - {"epoch": 5, "update": 4.345, "loss": "44.958", "nll_loss": "1.236", "total": "182.53", "n_correct": "148.56", "ppl": "2.36", "accuracy": "81.389", "wps": "156", "ups": "0.85", "wpb": "182.5", "bsz": "10.2", "num_updates": "13800", "lr": "0.000565984", "gnorm": "22.343", "loss_scale": "128", "train_wall": "13", "gb_free": "75.7", "wall": "7748"}
[2026-06-13 16:25:45,501][train_inner][INFO] - {"epoch": 5, "update": 4.408, "loss": "47.368", "nll_loss": "1.189", "total": "185.455", "n_correct": "152.395", "ppl": "2.28", "accuracy": "82.174", "wps": "223.5", "ups": "1.21", "wpb": "185.5", "bsz": "9.7", "num_updates": "14000", "lr": "0.00054928", "gnorm": "22.003", "loss_scale": "128", "train_wall": "12", "gb_free": "75.7", "wall": "7913"}
[2026-06-13 16:30:06,091][train_inner][INFO] - {"epoch": 5, "update": 4.471, "loss": "48.052", "nll_loss": "1.187", "total": "176.07", "n_correct": "145.07", "ppl": "2.28", "accuracy": "82.393", "wps": "135.1", "ups": "0.77", "wpb": "176.1", "bsz": "9", "num_updates": "14200", "lr": "0.000533069", "gnorm": "22.277", "loss_scale": "128", "train_wall": "14", "gb_free": "75.7", "wall": "8174"}
[2026-06-13 16:33:40,949][train_inner][INFO] - {"epoch": 5, "update": 4.534, "loss": "40.834", "nll_loss": "1.162", "total": "177.155", "n_correct": "146.93", "ppl": "2.24", "accuracy": "82.939", "wps": "164.9", "ups": "0.93", "wpb": "177.2", "bsz": "10.6", "num_updates": "14400", "lr": "0.000517337", "gnorm": "20.066", "loss_scale": "128", "train_wall": "13", "gb_free": "75.7", "wall": "8389"}
[2026-06-13 16:37:32,328][train_inner][INFO] - {"epoch": 5, "update": 4.597, "loss": "43.462", "nll_loss": "1.165", "total": "182.485", "n_correct": "151.04", "ppl": "2.24", "accuracy": "82.768", "wps": "157.7", "ups": "0.86", "wpb": "182.5", "bsz": "10.3", "num_updates": "14600", "lr": "0.000502069", "gnorm": "21.177", "loss_scale": "128", "train_wall": "13", "gb_free": "75.7", "wall": "8620"}
[2026-06-13 16:41:38,340][train_inner][INFO] - {"epoch": 5, "update": 4.66, "loss": "45.248", "nll_loss": "1.139", "total": "179.22", "n_correct": "149.075", "ppl": "2.2", "accuracy": "83.18", "wps": "145.7", "ups": "0.81", "wpb": "179.2", "bsz": "9.6", "num_updates": "14800", "lr": "0.000487251", "gnorm": "21.142", "loss_scale": "128", "train_wall": "13", "gb_free": "75.7", "wall": "8866"}
[2026-06-13 16:45:09,473][train_inner][INFO] - {"epoch": 5, "update": 4.723, "loss": "42.946", "nll_loss": "1.099", "total": "179.57", "n_correct": "150.595", "ppl": "2.14", "accuracy": "83.864", "wps": "170.1", "ups": "0.95", "wpb": "179.6", "bsz": "10", "num_updates": "15000", "lr": "0.000472871", "gnorm": "20.385", "loss_scale": "128", "train_wall": "13", "gb_free": "75.7", "wall": "9077"}
[2026-06-13 16:49:19,796][train_inner][INFO] - {"epoch": 5, "update": 4.786, "loss": "45.639", "nll_loss": "1.117", "total": "177.655", "n_correct": "148.59", "ppl": "2.17", "accuracy": "83.64", "wps": "141.9", "ups": "0.8", "wpb": "177.7", "bsz": "9.3", "num_updates": "15200", "lr": "0.000458915", "gnorm": "21.844", "loss_scale": "128", "train_wall": "13", "gb_free": "75.7", "wall": "9328"}
[2026-06-13 16:53:08,107][train_inner][INFO] - {"epoch": 5, "update": 4.849, "loss": "45.517", "nll_loss": "1.125", "total": "179.6", "n_correct": "149.745", "ppl": "2.18", "accuracy": "83.377", "wps": "157.3", "ups": "0.88", "wpb": "179.6", "bsz": "9.5", "num_updates": "15400", "lr": "0.000445371", "gnorm": "21.187", "loss_scale": "128", "train_wall": "13", "gb_free": "75.7", "wall": "9556"}
[2026-06-13 16:57:50,186][train_inner][INFO] - {"epoch": 5, "update": 4.912, "loss": "47.717", "nll_loss": "1.09", "total": "178.735", "n_correct": "149.995", "ppl": "2.13", "accuracy": "83.92", "wps": "126.7", "ups": "0.71", "wpb": "178.7", "bsz": "8.9", "num_updates": "15600", "lr": "0.000432227", "gnorm": "21.608", "loss_scale": "128", "train_wall": "14", "gb_free": "75.7", "wall": "9838"}
[2026-06-13 17:01:17,342][train_inner][INFO] - {"epoch": 5, "update": 4.975, "loss": "42.399", "nll_loss": "1.082", "total": "179.115", "n_correct": "150.81", "ppl": "2.12", "accuracy": "84.197", "wps": "172.9", "ups": "0.97", "wpb": "179.1", "bsz": "10", "num_updates": "15800", "lr": "0.00041947", "gnorm": "20.336", "loss_scale": "128", "train_wall": "13", "gb_free": "75.7", "wall": "10045"}
[2026-06-13 17:02:57,123][main][INFO] - end of epoch 5 (average epoch stats below)
[2026-06-13 17:02:57,151][train][INFO] - {"epoch": 5, "train_loss": "45.612", "train_nll_loss": "1.179", "train_total": "179.799", "train_n_correct": "148.293", "train_ppl": "2.26", "train_accuracy": "82.477", "train_wps": "160.9", "train_ups": "0.89", "train_wpb": "179.8", "train_bsz": "9.7", "train_num_updates": "15880", "train_lr": "0.000414474", "train_gnorm": "21.697", "train_loss_scale": "128", "train_train_wall": "206", "train_gb_free": "75.7", "train_wall": "10145"}
[2026-06-13 17:02:57,854][trainer][INFO] - begin training epoch 6
[2026-06-13 17:02:57,854][main][INFO] - Start iterating over samples
[2026-06-13 17:04:59,669][train_inner][INFO] - {"epoch": 6, "update": 5.038, "loss": "41.938", "nll_loss": "0.978", "total": "179.67", "n_correct": "154.15", "ppl": "1.97", "accuracy": "85.796", "wps": "161.6", "ups": "0.9", "wpb": "179.7", "bsz": "9.8", "num_updates": "16000", "lr": "0.000407091", "gnorm": "19.005", "loss_scale": "128", "train_wall": "13", "gb_free": "75.7", "wall": "10268"}
[2026-06-13 17:07:57,156][train_inner][INFO] - {"epoch": 6, "update": 5.101, "loss": "40.735", "nll_loss": "0.931", "total": "181.555", "n_correct": "156.8", "ppl": "1.91", "accuracy": "86.365", "wps": "204.6", "ups": "1.13", "wpb": "181.6", "bsz": "10", "num_updates": "16200", "lr": "0.000395076", "gnorm": "19.635", "loss_scale": "128", "train_wall": "12", "gb_free": "75.7", "wall": "10445"}
[2026-06-13 17:11:31,724][train_inner][INFO] - {"epoch": 6, "update": 5.164, "loss": "43.98", "nll_loss": "0.926", "total": "176.39", "n_correct": "152.525", "ppl": "1.9", "accuracy": "86.47", "wps": "164.4", "ups": "0.93", "wpb": "176.4", "bsz": "9", "num_updates": "16400", "lr": "0.000383416", "gnorm": "19.767", "loss_scale": "256", "train_wall": "12", "gb_free": "75.7", "wall": "10660"}
[2026-06-13 17:14:39,126][train_inner][INFO] - {"epoch": 6, "update": 5.227, "loss": "40.967", "nll_loss": "0.94", "total": "181.675", "n_correct": "156.885", "ppl": "1.92", "accuracy": "86.355", "wps": "193.9", "ups": "1.07", "wpb": "181.7", "bsz": "10", "num_updates": "16600", "lr": "0.0003721", "gnorm": "18.956", "loss_scale": "256", "train_wall": "12", "gb_free": "75.7", "wall": "10847"}
[2026-06-13 17:18:23,374][train_inner][INFO] - {"epoch": 6, "update": 5.29, "loss": "39.507", "nll_loss": "0.891", "total": "183.545", "n_correct": "159.915", "ppl": "1.86", "accuracy": "87.126", "wps": "163.7", "ups": "0.89", "wpb": "183.5", "bsz": "10.2", "num_updates": "16800", "lr": "0.000361119", "gnorm": "18.452", "loss_scale": "256", "train_wall": "12", "gb_free": "75.7", "wall": "11071"}
[2026-06-13 17:22:06,932][train_inner][INFO] - {"epoch": 6, "update": 5.353, "loss": "41.509", "nll_loss": "0.925", "total": "179.29", "n_correct": "155.435", "ppl": "1.9", "accuracy": "86.695", "wps": "160.4", "ups": "0.89", "wpb": "179.3", "bsz": "9.6", "num_updates": "17000", "lr": "0.000350461", "gnorm": "19.097", "loss_scale": "256", "train_wall": "13", "gb_free": "75.7", "wall": "11295"}
[2026-06-13 17:24:41,930][train_inner][INFO] - {"epoch": 6, "update": 5.416, "loss": "42.656", "nll_loss": "0.945", "total": "182.66", "n_correct": "157.6", "ppl": "1.92", "accuracy": "86.281", "wps": "235.7", "ups": "1.29", "wpb": "182.7", "bsz": "9.6", "num_updates": "17200", "lr": "0.000340118", "gnorm": "20.03", "loss_scale": "256", "train_wall": "12", "gb_free": "75.7", "wall": "11450"}
[2026-06-13 17:27:34,106][train_inner][INFO] - {"epoch": 6, "update": 5.479, "loss": "43.02", "nll_loss": "0.916", "total": "177.635", "n_correct": "154.455", "ppl": "1.89", "accuracy": "86.951", "wps": "206.4", "ups": "1.16", "wpb": "177.6", "bsz": "9.2", "num_updates": "17400", "lr": "0.00033008", "gnorm": "18.876", "loss_scale": "256", "train_wall": "12", "gb_free": "75.7", "wall": "11622"}
[2026-06-13 17:29:44,618][train_inner][INFO] - {"epoch": 6, "update": 5.542, "loss": "41.284", "nll_loss": "0.895", "total": "180.2", "n_correct": "157.075", "ppl": "1.86", "accuracy": "87.167", "wps": "276.2", "ups": "1.53", "wpb": "180.2", "bsz": "9.6", "num_updates": "17600", "lr": "0.000320338", "gnorm": "18.382", "loss_scale": "256", "train_wall": "11", "gb_free": "75.7", "wall": "11753"}
[2026-06-13 17:32:37,229][train_inner][INFO] - {"epoch": 6, "update": 5.605, "loss": "41.873", "nll_loss": "0.877", "total": "183.14", "n_correct": "160.1", "ppl": "1.84", "accuracy": "87.419", "wps": "212.2", "ups": "1.16", "wpb": "183.1", "bsz": "9.6", "num_updates": "17800", "lr": "0.000310884", "gnorm": "19.293", "loss_scale": "256", "train_wall": "12", "gb_free": "75.7", "wall": "11925"}
[2026-06-13 17:34:46,473][train_inner][INFO] - {"epoch": 6, "update": 5.668, "loss": "38.36", "nll_loss": "0.906", "total": "176.32", "n_correct": "153.12", "ppl": "1.87", "accuracy": "86.842", "wps": "272.9", "ups": "1.55", "wpb": "176.3", "bsz": "10.2", "num_updates": "18000", "lr": "0.000301709", "gnorm": "18.173", "loss_scale": "256", "train_wall": "11", "gb_free": "75.7", "wall": "12054"}
[2026-06-13 17:36:54,883][train_inner][INFO] - {"epoch": 6, "update": 5.73, "loss": "40.388", "nll_loss": "0.891", "total": "179.7", "n_correct": "157.03", "ppl": "1.85", "accuracy": "87.385", "wps": "279.9", "ups": "1.56", "wpb": "179.7", "bsz": "9.8", "num_updates": "18200", "lr": "0.000292804", "gnorm": "19.122", "loss_scale": "256", "train_wall": "11", "gb_free": "75.7", "wall": "12183"}
[2026-06-13 17:38:51,026][train_inner][INFO] - {"epoch": 6, "update": 5.793, "loss": "40.136", "nll_loss": "0.888", "total": "180.685", "n_correct": "158.01", "ppl": "1.85", "accuracy": "87.451", "wps": "311.2", "ups": "1.72", "wpb": "180.7", "bsz": "9.9", "num_updates": "18400", "lr": "0.000284163", "gnorm": "17.74", "loss_scale": "256", "train_wall": "11", "gb_free": "75.7", "wall": "12299"}
[2026-06-13 17:40:47,541][train_inner][INFO] - {"epoch": 6, "update": 5.856, "loss": "37.598", "nll_loss": "0.853", "total": "179.465", "n_correct": "157.67", "ppl": "1.81", "accuracy": "87.856", "wps": "308.1", "ups": "1.72", "wpb": "179.5", "bsz": "10.3", "num_updates": "18600", "lr": "0.000275776", "gnorm": "16.856", "loss_scale": "256", "train_wall": "11", "gb_free": "75.7", "wall": "12416"}
[2026-06-13 17:42:39,856][train_inner][INFO] - {"epoch": 6, "update": 5.919, "loss": "40.171", "nll_loss": "0.878", "total": "179.14", "n_correct": "156.75", "ppl": "1.84", "accuracy": "87.501", "wps": "319", "ups": "1.78", "wpb": "179.1", "bsz": "9.7", "num_updates": "18800", "lr": "0.000267637", "gnorm": "18.383", "loss_scale": "256", "train_wall": "11", "gb_free": "75.7", "wall": "12528"}
[2026-06-13 17:44:24,429][train_inner][INFO] - {"epoch": 6, "update": 5.982, "loss": "43.713", "nll_loss": "0.85", "total": "175.545", "n_correct": "154.37", "ppl": "1.8", "accuracy": "87.938", "wps": "335.8", "ups": "1.91", "wpb": "175.5", "bsz": "8.7", "num_updates": "19000", "lr": "0.000259739", "gnorm": "18.74", "loss_scale": "256", "train_wall": "11", "gb_free": "75.7", "wall": "12632"}
[2026-06-13 17:44:55,886][main][INFO] - begin validation on "valid" subset
[2026-06-13 17:46:06,601][valid][INFO] - {"epoch": 6, "valid_loss": "40.07", "valid_nll_loss": "0.768", "valid_total": "178.205", "valid_n_correct": "158.228", "valid_ppl": "1.7", "valid_accuracy": "88.79", "valid_wps": "321.9", "valid_wpb": "178.2", "valid_bsz": "9.4", "valid_num_updates": "19056", "valid_best_accuracy": "88.79"}
[2026-06-13 17:46:06,602][fairseq.checkpoint_utils][INFO] - Preparing to save checkpoint for epoch 6 @ 19056 updates
[2026-06-13 17:46:06,603][trainer][INFO] - Saving checkpoint to checkpoints/checkpoint_best.pt
[2026-06-13 17:46:10,832][trainer][INFO] - Finished saving checkpoint to checkpoints/checkpoint_best.pt
[2026-06-13 17:46:16,531][fairseq.checkpoint_utils][INFO] - Saved checkpoint checkpoints/checkpoint_best.pt (epoch 6 @ 19056 updates, score 88.79) (writing took 9.928701017983258 seconds)
[2026-06-13 17:46:16,531][main][INFO] - end of epoch 6 (average epoch stats below)
[2026-06-13 17:46:16,541][train][INFO] - {"epoch": 6, "train_loss": "40.964", "train_nll_loss": "0.902", "train_total": "179.799", "train_n_correct": "156.495", "train_ppl": "1.87", "train_accuracy": "87.039", "train_wps": "219.7", "train_ups": "1.22", "train_wpb": "179.8", "train_bsz": "9.7", "train_num_updates": "19056", "train_lr": "0.000257569", "train_gnorm": "18.737", "train_loss_scale": "256", "train_train_wall": "184", "train_gb_free": "75.7", "train_wall": "12745"}
[2026-06-13 17:46:17,087][trainer][INFO] - begin training epoch 7
[2026-06-13 17:46:17,088][main][INFO] - Start iterating over samples
[2026-06-13 17:47:42,938][train_inner][INFO] - {"epoch": 7, "update": 6.045, "loss": "36.834", "nll_loss": "0.785", "total": "179.55", "n_correct": "159.81", "ppl": "1.72", "accuracy": "89.006", "wps": "180.9", "ups": "1.01", "wpb": "179.6", "bsz": "10.2", "num_updates": "19200", "lr": "0.000252073", "gnorm": "16.318", "loss_scale": "256", "train_wall": "11", "gb_free": "75.7", "wall": "12831"}
[2026-06-13 17:49:36,317][train_inner][INFO] - {"epoch": 7, "update": 6.108, "loss": "40.607", "nll_loss": "0.752", "total": "182.085", "n_correct": "162.9", "ppl": "1.68", "accuracy": "89.464", "wps": "321.2", "ups": "1.76", "wpb": "182.1", "bsz": "9.3", "num_updates": "19400", "lr": "0.000244633", "gnorm": "17.535", "loss_scale": "256", "train_wall": "11", "gb_free": "75.7", "wall": "12944"}
[2026-06-13 17:51:35,011][train_inner][INFO] - {"epoch": 7, "update": 6.171, "loss": "36.951", "nll_loss": "0.754", "total": "180.175", "n_correct": "161.12", "ppl": "1.69", "accuracy": "89.424", "wps": "303.6", "ups": "1.69", "wpb": "180.2", "bsz": "10.1", "num_updates": "19600", "lr": "0.000237414", "gnorm": "16.488", "loss_scale": "256", "train_wall": "11", "gb_free": "75.7", "wall": "13063"}
[2026-06-13 17:53:36,711][train_inner][INFO] - {"epoch": 7, "update": 6.234, "loss": "35.526", "nll_loss": "0.754", "total": "177.69", "n_correct": "158.63", "ppl": "1.69", "accuracy": "89.273", "wps": "292", "ups": "1.64", "wpb": "177.7", "bsz": "10.4", "num_updates": "19800", "lr": "0.000230407", "gnorm": "16.724", "loss_scale": "256", "train_wall": "11", "gb_free": "75.7", "wall": "13185"}
[2026-06-13 17:55:26,997][train_inner][INFO] - {"epoch": 7, "update": 6.297, "loss": "41.908", "nll_loss": "0.797", "total": "179.895", "n_correct": "159.73", "ppl": "1.74", "accuracy": "88.791", "wps": "326.3", "ups": "1.81", "wpb": "179.9", "bsz": "9.1", "num_updates": "20000", "lr": "0.000223607", "gnorm": "17.941", "loss_scale": "256", "train_wall": "11", "gb_free": "75.7", "wall": "13295"}
[2026-06-13 17:57:24,549][train_inner][INFO] - {"epoch": 7, "update": 6.36, "loss": "37.319", "nll_loss": "0.739", "total": "182.98", "n_correct": "164.36", "ppl": "1.67", "accuracy": "89.824", "wps": "311.4", "ups": "1.7", "wpb": "183", "bsz": "10.1", "num_updates": "20200", "lr": "0.000217007", "gnorm": "16.684", "loss_scale": "256", "train_wall": "11", "gb_free": "75.7", "wall": "13413"}
[2026-06-13 17:59:17,222][train_inner][INFO] - {"epoch": 7, "update": 6.423, "loss": "38.17", "nll_loss": "0.736", "total": "180.46", "n_correct": "161.9", "ppl": "1.67", "accuracy": "89.715", "wps": "320.4", "ups": "1.78", "wpb": "180.5", "bsz": "9.7", "num_updates": "20400", "lr": "0.000210603", "gnorm": "16.83", "loss_scale": "256", "train_wall": "11", "gb_free": "75.7", "wall": "13525"}
[2026-06-13 18:01:06,160][train_inner][INFO] - {"epoch": 7, "update": 6.486, "loss": "38.95", "nll_loss": "0.78", "total": "178.87", "n_correct": "159.41", "ppl": "1.72", "accuracy": "89.121", "wps": "328.4", "ups": "1.84", "wpb": "178.9", "bsz": "9.6", "num_updates": "20600", "lr": "0.000204387", "gnorm": "18.276", "loss_scale": "256", "train_wall": "11", "gb_free": "75.7", "wall": "13634"}
[2026-06-13 18:02:58,900][train_inner][INFO] - {"epoch": 7, "update": 6.549, "loss": "38.881", "nll_loss": "0.742", "total": "179.785", "n_correct": "161.16", "ppl": "1.67", "accuracy": "89.64", "wps": "319", "ups": "1.77", "wpb": "179.8", "bsz": "9.5", "num_updates": "20800", "lr": "0.000198355", "gnorm": "17.065", "loss_scale": "256", "train_wall": "11", "gb_free": "75.7", "wall": "13747"}
[2026-06-13 18:04:56,177][train_inner][INFO] - {"epoch": 7, "update": 6.612, "loss": "36.929", "nll_loss": "0.754", "total": "182.095", "n_correct": "162.84", "ppl": "1.69", "accuracy": "89.426", "wps": "310.6", "ups": "1.71", "wpb": "182.1", "bsz": "10.2", "num_updates": "21000", "lr": "0.000192501", "gnorm": "17.085", "loss_scale": "256", "train_wall": "11", "gb_free": "75.7", "wall": "13864"}
[2026-06-13 18:06:51,596][train_inner][INFO] - {"epoch": 7, "update": 6.675, "loss": "37.376", "nll_loss": "0.731", "total": "180.125", "n_correct": "161.95", "ppl": "1.66", "accuracy": "89.91", "wps": "312.2", "ups": "1.73", "wpb": "180.1", "bsz": "9.9", "num_updates": "21200", "lr": "0.00018682", "gnorm": "17.039", "loss_scale": "256", "train_wall": "11", "gb_free": "75.7", "wall": "13980"}
[2026-06-13 18:08:43,888][train_inner][INFO] - {"epoch": 7, "update": 6.738, "loss": "39.721", "nll_loss": "0.78", "total": "178.32", "n_correct": "159.18", "ppl": "1.72", "accuracy": "89.266", "wps": "317.7", "ups": "1.78", "wpb": "178.3", "bsz": "9.4", "num_updates": "21400", "lr": "0.000181306", "gnorm": "17.917", "loss_scale": "256", "train_wall": "11", "gb_free": "75.7", "wall": "14092"}
[2026-06-13 18:10:34,697][train_inner][INFO] - {"epoch": 7, "update": 6.801, "loss": "41.562", "nll_loss": "0.733", "total": "178.405", "n_correct": "160.555", "ppl": "1.66", "accuracy": "89.995", "wps": "322", "ups": "1.81", "wpb": "178.4", "bsz": "8.8", "num_updates": "21600", "lr": "0.000175955", "gnorm": "18.469", "loss_scale": "256", "train_wall": "11", "gb_free": "75.7", "wall": "14203"}
[2026-06-13 18:12:29,119][train_inner][INFO] - {"epoch": 7, "update": 6.864, "loss": "38.828", "nll_loss": "0.733", "total": "180", "n_correct": "161.64", "ppl": "1.66", "accuracy": "89.8", "wps": "314.7", "ups": "1.75", "wpb": "180", "bsz": "9.5", "num_updates": "21800", "lr": "0.000170762", "gnorm": "17.955", "loss_scale": "256", "train_wall": "11", "gb_free": "75.7", "wall": "14317"}
[2026-06-13 18:14:22,391][train_inner][INFO] - {"epoch": 7, "update": 6.927, "loss": "38.679", "nll_loss": "0.747", "total": "176.71", "n_correct": "158.265", "ppl": "1.68", "accuracy": "89.562", "wps": "312.1", "ups": "1.77", "wpb": "176.7", "bsz": "9.4", "num_updates": "22000", "lr": "0.000165723", "gnorm": "17.668", "loss_scale": "256", "train_wall": "11", "gb_free": "75.7", "wall": "14430"}
[2026-06-13 18:16:15,880][train_inner][INFO] - {"epoch": 7, "update": 6.99, "loss": "37.533", "nll_loss": "0.723", "total": "178.495", "n_correct": "160.35", "ppl": "1.65", "accuracy": "89.834", "wps": "314.6", "ups": "1.76", "wpb": "178.5", "bsz": "9.7", "num_updates": "22200", "lr": "0.000160832", "gnorm": "16.774", "loss_scale": "256", "train_wall": "11", "gb_free": "75.7", "wall": "14544"}
[2026-06-13 18:16:33,837][main][INFO] - end of epoch 7 (average epoch stats below)
[2026-06-13 18:16:33,848][train][INFO] - {"epoch": 7, "train_loss": "38.426", "train_nll_loss": "0.751", "train_total": "179.799", "train_n_correct": "160.972", "train_ppl": "1.68", "train_accuracy": "89.529", "train_wps": "314.2", "train_ups": "1.75", "train_wpb": "179.8", "train_bsz": "9.7", "train_num_updates": "22232", "train_lr": "0.000160063", "train_gnorm": "17.293", "train_loss_scale": "256", "train_train_wall": "177", "train_gb_free": "75.7", "train_wall": "14562"}
[2026-06-13 18:16:34,398][trainer][INFO] - begin training epoch 8
[2026-06-13 18:16:34,398][main][INFO] - Start iterating over samples
[2026-06-13 18:18:12,324][train_inner][INFO] - {"epoch": 8, "update": 7.053, "loss": "38.939", "nll_loss": "0.67", "total": "183.345", "n_correct": "166.52", "ppl": "1.59", "accuracy": "90.823", "wps": "314.9", "ups": "1.72", "wpb": "183.3", "bsz": "9.4", "num_updates": "22400", "lr": "0.000156085", "gnorm": "17.364", "loss_scale": "256", "train_wall": "11", "gb_free": "75.7", "wall": "14660"}
[2026-06-13 18:20:06,468][train_inner][INFO] - {"epoch": 8, "update": 7.116, "loss": "37.174", "nll_loss": "0.673", "total": "179.435", "n_correct": "162.925", "ppl": "1.59", "accuracy": "90.799", "wps": "314.4", "ups": "1.75", "wpb": "179.4", "bsz": "9.7", "num_updates": "22600", "lr": "0.000151479", "gnorm": "16.066", "loss_scale": "256", "train_wall": "11", "gb_free": "75.7", "wall": "14774"}
[2026-06-13 18:22:06,533][train_inner][INFO] - {"epoch": 8, "update": 7.179, "loss": "35.825", "nll_loss": "0.681", "total": "181.61", "n_correct": "164.475", "ppl": "1.6", "accuracy": "90.565", "wps": "302.6", "ups": "1.67", "wpb": "181.6", "bsz": "10.2", "num_updates": "22800", "lr": "0.000147008", "gnorm": "16.33", "loss_scale": "256", "train_wall": "11", "gb_free": "75.7", "wall": "14895"}
[2026-06-13 18:24:03,949][train_inner][INFO] - {"epoch": 8, "update": 7.242, "loss": "40.089", "nll_loss": "0.644", "total": "180.78", "n_correct": "165.07", "ppl": "1.56", "accuracy": "91.31", "wps": "308", "ups": "1.7", "wpb": "180.8", "bsz": "8.9", "num_updates": "23000", "lr": "0.000142669", "gnorm": "16.378", "loss_scale": "256", "train_wall": "11", "gb_free": "75.7", "wall": "15012"}
[2026-06-13 18:25:57,961][train_inner][INFO] - {"epoch": 8, "update": 7.305, "loss": "36.028", "nll_loss": "0.633", "total": "176.93", "n_correct": "162.25", "ppl": "1.55", "accuracy": "91.703", "wps": "310.4", "ups": "1.75", "wpb": "176.9", "bsz": "9.7", "num_updates": "23200", "lr": "0.000138459", "gnorm": "15.423", "loss_scale": "256", "train_wall": "11", "gb_free": "75.7", "wall": "15126"}
[2026-06-13 18:27:59,232][train_inner][INFO] - {"epoch": 8, "update": 7.368, "loss": "35.067", "nll_loss": "0.675", "total": "179.45", "n_correct": "163.03", "ppl": "1.6", "accuracy": "90.85", "wps": "296", "ups": "1.65", "wpb": "179.4", "bsz": "10.2", "num_updates": "23400", "lr": "0.000134372", "gnorm": "15.412", "loss_scale": "256", "train_wall": "11", "gb_free": "75.7", "wall": "15247"}
[2026-06-13 18:29:56,212][train_inner][INFO] - {"epoch": 8, "update": 7.431, "loss": "36.142", "nll_loss": "0.626", "total": "175.58", "n_correct": "161.145", "ppl": "1.54", "accuracy": "91.779", "wps": "300.2", "ups": "1.71", "wpb": "175.6", "bsz": "9.5", "num_updates": "23600", "lr": "0.000130407", "gnorm": "15.513", "loss_scale": "256", "train_wall": "11", "gb_free": "75.7", "wall": "15364"}
[2026-06-13 18:31:47,550][train_inner][INFO] - {"epoch": 8, "update": 7.494, "loss": "37.094", "nll_loss": "0.667", "total": "179.02", "n_correct": "162.81", "ppl": "1.59", "accuracy": "90.945", "wps": "321.6", "ups": "1.8", "wpb": "179", "bsz": "9.6", "num_updates": "23800", "lr": "0.000126558", "gnorm": "16.032", "loss_scale": "256", "train_wall": "11", "gb_free": "75.7", "wall": "15476"}
[2026-06-13 18:33:40,715][train_inner][INFO] - {"epoch": 8, "update": 7.557, "loss": "38.71", "nll_loss": "0.632", "total": "181.39", "n_correct": "166.415", "ppl": "1.55", "accuracy": "91.744", "wps": "320.6", "ups": "1.77", "wpb": "181.4", "bsz": "9.2", "num_updates": "24000", "lr": "0.000122823", "gnorm": "17.07", "loss_scale": "256", "train_wall": "11", "gb_free": "75.7", "wall": "15589"}
[2026-06-13 18:33:47,628][trainer][INFO] - NOTE: gradient overflow detected, ignoring gradient, setting loss scale to: 128.0
[2026-06-13 18:35:40,794][train_inner][INFO] - {"epoch": 8, "update": 7.62, "loss": "36.458", "nll_loss": "0.686", "total": "179.265", "n_correct": "162.45", "ppl": "1.61", "accuracy": "90.62", "wps": "298.6", "ups": "1.67", "wpb": "179.3", "bsz": "9.9", "num_updates": "24200", "lr": "0.000119198", "gnorm": "85.714", "loss_scale": "128", "train_wall": "21", "gb_free": "73.7", "wall": "15709"}
[2026-06-13 18:37:41,758][train_inner][INFO] - {"epoch": 8, "update": 7.683, "loss": "36.652", "nll_loss": "0.679", "total": "181.01", "n_correct": "164.39", "ppl": "1.6", "accuracy": "90.818", "wps": "299.3", "ups": "1.65", "wpb": "181", "bsz": "9.9", "num_updates": "24400", "lr": "0.00011568", "gnorm": "77.952", "loss_scale": "128", "train_wall": "17", "gb_free": "74.6", "wall": "15830"}
[2026-06-13 18:39:32,547][train_inner][INFO] - {"epoch": 8, "update": 7.746, "loss": "39.086", "nll_loss": "0.691", "total": "180.115", "n_correct": "163.015", "ppl": "1.61", "accuracy": "90.506", "wps": "325.2", "ups": "1.81", "wpb": "180.1", "bsz": "9.3", "num_updates": "24600", "lr": "0.000112266", "gnorm": "79.177", "loss_scale": "128", "train_wall": "17", "gb_free": "74.4", "wall": "15941"}
[2026-06-13 18:41:24,867][train_inner][INFO] - {"epoch": 8, "update": 7.809, "loss": "37.201", "nll_loss": "0.684", "total": "179.705", "n_correct": "163.17", "ppl": "1.61", "accuracy": "90.799", "wps": "320", "ups": "1.78", "wpb": "179.7", "bsz": "9.7", "num_updates": "24800", "lr": "0.000108953", "gnorm": "74.526", "loss_scale": "128", "train_wall": "16", "gb_free": "73.6", "wall": "16053"}
[2026-06-13 18:43:24,022][train_inner][INFO] - {"epoch": 8, "update": 7.872, "loss": "34.713", "nll_loss": "0.703", "total": "180.24", "n_correct": "162.94", "ppl": "1.63", "accuracy": "90.402", "wps": "302.6", "ups": "1.68", "wpb": "180.2", "bsz": "10.5", "num_updates": "25000", "lr": "0.000105737", "gnorm": "73.683", "loss_scale": "128", "train_wall": "16", "gb_free": "73.5", "wall": "16172"}
[2026-06-13 18:45:15,063][train_inner][INFO] - {"epoch": 8, "update": 7.935, "loss": "38.089", "nll_loss": "0.683", "total": "181.23", "n_correct": "164.245", "ppl": "1.61", "accuracy": "90.628", "wps": "326.4", "ups": "1.8", "wpb": "181.2", "bsz": "9.5", "num_updates": "25200", "lr": "0.000102617", "gnorm": "75.68", "loss_scale": "128", "train_wall": "16", "gb_free": "73.7", "wall": "16283"}
[2026-06-13 18:47:12,050][train_inner][INFO] - {"epoch": 8, "update": 7.998, "loss": "36.813", "nll_loss": "0.668", "total": "177.53", "n_correct": "161.485", "ppl": "1.59", "accuracy": "90.962", "wps": "303.6", "ups": "1.71", "wpb": "177.5", "bsz": "9.6", "num_updates": "25400", "lr": "9.9588e-05", "gnorm": "65.464", "loss_scale": "128", "train_wall": "17", "gb_free": "74.2", "wall": "16400"}
[2026-06-13 18:47:16,448][main][INFO] - begin validation on "valid" subset
[2026-06-13 18:48:28,728][valid][INFO] - {"epoch": 8, "valid_loss": "38.206", "valid_nll_loss": "0.665", "valid_total": "178.205", "valid_n_correct": "161.465", "valid_ppl": "1.59", "valid_accuracy": "90.606", "valid_wps": "315.1", "valid_wpb": "178.2", "valid_bsz": "9.4", "valid_num_updates": "25407", "valid_best_accuracy": "90.606"}
[2026-06-13 18:48:28,729][fairseq.checkpoint_utils][INFO] - Preparing to save checkpoint for epoch 8 @ 25407 updates
[2026-06-13 18:48:28,730][trainer][INFO] - Saving checkpoint to checkpoints/checkpoint_best.pt
[2026-06-13 18:48:33,147][trainer][INFO] - Finished saving checkpoint to checkpoints/checkpoint_best.pt
[2026-06-13 18:48:38,613][fairseq.checkpoint_utils][INFO] - Saved checkpoint checkpoints/checkpoint_best.pt (epoch 8 @ 25407 updates, score 90.606) (writing took 9.883688982925378 seconds)
[2026-06-13 18:48:38,613][main][INFO] - end of epoch 8 (average epoch stats below)
[2026-06-13 18:48:38,634][train][INFO] - {"epoch": 8, "train_loss": "37", "train_nll_loss": "0.667", "train_total": "179.792", "train_n_correct": "163.563", "train_ppl": "1.59", "train_accuracy": "90.973", "train_wps": "296.6", "train_ups": "1.65", "train_wpb": "179.8", "train_bsz": "9.7", "train_num_updates": "25407", "train_lr": "9.94836e-05", "train_gnorm": "42.65", "train_loss_scale": "128", "train_train_wall": "219", "train_gb_free": "73.7", "train_wall": "16487"}
[2026-06-13 18:48:39,170][trainer][INFO] - begin training epoch 9
[2026-06-13 18:48:39,170][main][INFO] - Start iterating over samples
[2026-06-13 18:50:26,027][train_inner][INFO] - {"epoch": 9, "update": 8.061, "loss": "37.768", "nll_loss": "0.58", "total": "179.15", "n_correct": "165.47", "ppl": "1.49", "accuracy": "92.364", "wps": "184.7", "ups": "1.03", "wpb": "179.2", "bsz": "9.1", "num_updates": "25600", "lr": "9.66488e-05", "gnorm": "63.255", "loss_scale": "128", "train_wall": "17", "gb_free": "73.5", "wall": "16594"}
[2026-06-13 18:52:18,695][train_inner][INFO] - {"epoch": 9, "update": 8.124, "loss": "35.117", "nll_loss": "0.574", "total": "178.85", "n_correct": "165.46", "ppl": "1.49", "accuracy": "92.513", "wps": "317.5", "ups": "1.78", "wpb": "178.8", "bsz": "9.7", "num_updates": "25800", "lr": "9.37964e-05", "gnorm": "61.132", "loss_scale": "128", "train_wall": "17", "gb_free": "74.1", "wall": "16707"}
[2026-06-13 18:54:14,349][train_inner][INFO] - {"epoch": 9, "update": 8.187, "loss": "35.136", "nll_loss": "0.587", "total": "179.465", "n_correct": "166.04", "ppl": "1.5", "accuracy": "92.519", "wps": "310.4", "ups": "1.73", "wpb": "179.5", "bsz": "9.8", "num_updates": "26000", "lr": "9.10282e-05", "gnorm": "58.885", "loss_scale": "128", "train_wall": "16", "gb_free": "74.3", "wall": "16822"}
[2026-06-13 18:56:09,169][train_inner][INFO] - {"epoch": 9, "update": 8.25, "loss": "36.048", "nll_loss": "0.572", "total": "176.035", "n_correct": "162.64", "ppl": "1.49", "accuracy": "92.391", "wps": "306.7", "ups": "1.74", "wpb": "176", "bsz": "9.3", "num_updates": "26200", "lr": "8.83417e-05", "gnorm": "63.899", "loss_scale": "128", "train_wall": "17", "gb_free": "74.8", "wall": "16937"}
[2026-06-13 18:58:07,930][train_inner][INFO] - {"epoch": 9, "update": 8.313, "loss": "34.706", "nll_loss": "0.592", "total": "180.955", "n_correct": "166.945", "ppl": "1.51", "accuracy": "92.258", "wps": "304.8", "ups": "1.68", "wpb": "181", "bsz": "10", "num_updates": "26400", "lr": "8.57345e-05", "gnorm": "61.716", "loss_scale": "128", "train_wall": "17", "gb_free": "73.7", "wall": "17056"}
[2026-06-13 19:00:08,759][train_inner][INFO] - {"epoch": 9, "update": 8.376, "loss": "34.627", "nll_loss": "0.591", "total": "180.305", "n_correct": "166.5", "ppl": "1.51", "accuracy": "92.344", "wps": "298.5", "ups": "1.66", "wpb": "180.3", "bsz": "10", "num_updates": "26600", "lr": "8.32042e-05", "gnorm": "58.79", "loss_scale": "128", "train_wall": "17", "gb_free": "73.9", "wall": "17177"}
[2026-06-13 19:02:03,994][train_inner][INFO] - {"epoch": 9, "update": 8.439, "loss": "36.335", "nll_loss": "0.585", "total": "177.59", "n_correct": "164.195", "ppl": "1.5", "accuracy": "92.457", "wps": "308.3", "ups": "1.74", "wpb": "177.6", "bsz": "9.4", "num_updates": "26800", "lr": "8.07486e-05", "gnorm": "61.4", "loss_scale": "128", "train_wall": "16", "gb_free": "73.7", "wall": "17292"}
[2026-06-13 19:03:55,540][train_inner][INFO] - {"epoch": 9, "update": 8.502, "loss": "36.274", "nll_loss": "0.603", "total": "178.65", "n_correct": "164.41", "ppl": "1.52", "accuracy": "92.029", "wps": "320.4", "ups": "1.79", "wpb": "178.7", "bsz": "9.5", "num_updates": "27000", "lr": "7.83654e-05", "gnorm": "61.814", "loss_scale": "128", "train_wall": "16", "gb_free": "73.6", "wall": "17404"}
[2026-06-13 19:05:52,078][train_inner][INFO] - {"epoch": 9, "update": 8.565, "loss": "34.46", "nll_loss": "0.581", "total": "181.505", "n_correct": "167.81", "ppl": "1.5", "accuracy": "92.455", "wps": "311.5", "ups": "1.72", "wpb": "181.5", "bsz": "10.1", "num_updates": "27200", "lr": "7.60526e-05", "gnorm": "58.501", "loss_scale": "128", "train_wall": "17", "gb_free": "73.6", "wall": "17520"}
[2026-06-13 19:07:44,709][train_inner][INFO] - {"epoch": 9, "update": 8.628, "loss": "33.579", "nll_loss": "0.591", "total": "180.685", "n_correct": "166.605", "ppl": "1.51", "accuracy": "92.207", "wps": "320.9", "ups": "1.78", "wpb": "180.7", "bsz": "10.3", "num_updates": "27400", "lr": "7.38081e-05", "gnorm": "54.001", "loss_scale": "128", "train_wall": "16", "gb_free": "74.3", "wall": "17633"}
[2026-06-13 19:09:38,173][train_inner][INFO] - {"epoch": 9, "update": 8.69, "loss": "37.194", "nll_loss": "0.566", "total": "180.335", "n_correct": "167.02", "ppl": "1.48", "accuracy": "92.617", "wps": "317.9", "ups": "1.76", "wpb": "180.3", "bsz": "9.2", "num_updates": "27600", "lr": "7.16298e-05", "gnorm": "59.139", "loss_scale": "128", "train_wall": "17", "gb_free": "73.7", "wall": "17746"}
[2026-06-13 19:11:38,326][train_inner][INFO] - {"epoch": 9, "update": 8.753, "loss": "33.977", "nll_loss": "0.581", "total": "180.315", "n_correct": "166.71", "ppl": "1.5", "accuracy": "92.455", "wps": "300.2", "ups": "1.66", "wpb": "180.3", "bsz": "10.2", "num_updates": "27800", "lr": "6.95158e-05", "gnorm": "56.619", "loss_scale": "128", "train_wall": "17", "gb_free": "73.6", "wall": "17866"}
[2026-06-13 19:13:36,914][train_inner][INFO] - {"epoch": 9, "update": 8.816, "loss": "34.561", "nll_loss": "0.586", "total": "182.16", "n_correct": "168.405", "ppl": "1.5", "accuracy": "92.449", "wps": "307.2", "ups": "1.69", "wpb": "182.2", "bsz": "10.1", "num_updates": "28000", "lr": "6.74641e-05", "gnorm": "58.168", "loss_scale": "128", "train_wall": "17", "gb_free": "74.3", "wall": "17985"}
[2026-06-13 19:15:30,083][train_inner][INFO] - {"epoch": 9, "update": 8.879, "loss": "34.581", "nll_loss": "0.575", "total": "178.695", "n_correct": "165.45", "ppl": "1.49", "accuracy": "92.588", "wps": "315.8", "ups": "1.77", "wpb": "178.7", "bsz": "9.9", "num_updates": "28200", "lr": "6.54731e-05", "gnorm": "55.688", "loss_scale": "128", "train_wall": "17", "gb_free": "73.6", "wall": "18098"}
[2026-06-13 19:17:27,263][train_inner][INFO] - {"epoch": 9, "update": 8.942, "loss": "36.498", "nll_loss": "0.539", "total": "182.63", "n_correct": "170.26", "ppl": "1.45", "accuracy": "93.227", "wps": "311.7", "ups": "1.71", "wpb": "182.6", "bsz": "9.4", "num_updates": "28400", "lr": "6.35408e-05", "gnorm": "54.646", "loss_scale": "128", "train_wall": "17", "gb_free": "73.8", "wall": "18215"}
[2026-06-13 19:19:10,286][main][INFO] - end of epoch 9 (average epoch stats below)
[2026-06-13 19:19:10,306][train][INFO] - {"epoch": 9, "train_loss": "35.528", "train_nll_loss": "0.581", "train_total": "179.799", "train_n_correct": "166.221", "train_ppl": "1.5", "train_accuracy": "92.449", "train_wps": "311.8", "train_ups": "1.73", "train_wpb": "179.8", "train_bsz": "9.7", "train_num_updates": "28583", "train_lr": "6.18227e-05", "train_gnorm": "59.44", "train_loss_scale": "128", "train_train_wall": "264", "train_gb_free": "73.4", "train_wall": "18318"}
[2026-06-13 19:19:10,897][trainer][INFO] - begin training epoch 10
[2026-06-13 19:19:10,897][main][INFO] - Start iterating over samples
[2026-06-13 19:19:21,608][train_inner][INFO] - {"epoch": 10, "update": 9.005, "loss": "38.352", "nll_loss": "0.584", "total": "179.775", "n_correct": "166.205", "ppl": "1.5", "accuracy": "92.452", "wps": "314.5", "ups": "1.75", "wpb": "179.8", "bsz": "9", "num_updates": "28600", "lr": "6.16655e-05", "gnorm": "61.976", "loss_scale": "128", "train_wall": "17", "gb_free": "74.1", "wall": "18330"}
[2026-06-13 19:21:21,313][train_inner][INFO] - {"epoch": 10, "update": 9.068, "loss": "33.59", "nll_loss": "0.478", "total": "183.52", "n_correct": "173.485", "ppl": "1.39", "accuracy": "94.532", "wps": "306.7", "ups": "1.67", "wpb": "183.5", "bsz": "10", "num_updates": "28800", "lr": "5.98455e-05", "gnorm": "43.856", "loss_scale": "128", "train_wall": "17", "gb_free": "73.6", "wall": "18449"}
[2026-06-13 19:23:14,386][train_inner][INFO] - {"epoch": 10, "update": 9.131, "loss": "34.361", "nll_loss": "0.488", "total": "176.655", "n_correct": "166.405", "ppl": "1.4", "accuracy": "94.198", "wps": "312.5", "ups": "1.77", "wpb": "176.7", "bsz": "9.4", "num_updates": "29000", "lr": "5.80793e-05", "gnorm": "46.791", "loss_scale": "128", "train_wall": "17", "gb_free": "73.5", "wall": "18562"}
[2026-06-13 19:25:10,060][train_inner][INFO] - {"epoch": 10, "update": 9.194, "loss": "34.713", "nll_loss": "0.486", "total": "179.87", "n_correct": "169.53", "ppl": "1.4", "accuracy": "94.251", "wps": "311", "ups": "1.73", "wpb": "179.9", "bsz": "9.5", "num_updates": "29200", "lr": "5.63652e-05", "gnorm": "49.323", "loss_scale": "128", "train_wall": "17", "gb_free": "74.4", "wall": "18678"}
[2026-06-13 19:27:04,289][train_inner][INFO] - {"epoch": 10, "update": 9.257, "loss": "35.108", "nll_loss": "0.481", "total": "177.915", "n_correct": "167.85", "ppl": "1.4", "accuracy": "94.343", "wps": "311.5", "ups": "1.75", "wpb": "177.9", "bsz": "9.3", "num_updates": "29400", "lr": "5.47017e-05", "gnorm": "45.69", "loss_scale": "128", "train_wall": "17", "gb_free": "74.4", "wall": "18792"}
[2026-06-13 19:29:03,852][train_inner][INFO] - {"epoch": 10, "update": 9.32, "loss": "35.113", "nll_loss": "0.482", "total": "181.47", "n_correct": "171.115", "ppl": "1.4", "accuracy": "94.294", "wps": "303.6", "ups": "1.67", "wpb": "181.5", "bsz": "9.4", "num_updates": "29600", "lr": "5.30873e-05", "gnorm": "46.586", "loss_scale": "128", "train_wall": "17", "gb_free": "74", "wall": "18912"}
[2026-06-13 19:29:08,397][trainer][INFO] - NOTE: gradient overflow detected, ignoring gradient, setting loss scale to: 64.0
[2026-06-13 19:31:05,901][train_inner][INFO] - {"epoch": 10, "update": 9.384, "loss": "31.862", "nll_loss": "0.501", "total": "181.675", "n_correct": "170.74", "ppl": "1.41", "accuracy": "93.981", "wps": "297.7", "ups": "1.64", "wpb": "181.7", "bsz": "10.5", "num_updates": "29800", "lr": "5.15205e-05", "gnorm": "47.577", "loss_scale": "64", "train_wall": "17", "gb_free": "73.6", "wall": "19034"}
[2026-06-13 19:33:03,090][train_inner][INFO] - {"epoch": 10, "update": 9.446, "loss": "33.374", "nll_loss": "0.468", "total": "179.875", "n_correct": "170.39", "ppl": "1.38", "accuracy": "94.727", "wps": "307", "ups": "1.71", "wpb": "179.9", "bsz": "9.8", "num_updates": "30000", "lr": "5e-05", "gnorm": "44.41", "loss_scale": "64", "train_wall": "17", "gb_free": "74.5", "wall": "19151"}
[2026-06-13 19:33:03,091][main][INFO] - Stopping training due to num_updates: 30000 >= max_update: 30000
[2026-06-13 19:33:03,092][main][INFO] - begin validation on "valid" subset
[2026-06-13 19:34:05,561][valid][INFO] - {"epoch": 10, "valid_loss": "37.177", "valid_nll_loss": "0.617", "valid_total": "178.205", "valid_n_correct": "163.063", "valid_ppl": "1.53", "valid_accuracy": "91.503", "valid_wps": "365.7", "valid_wpb": "178.2", "valid_bsz": "9.4", "valid_num_updates": "30000", "valid_best_accuracy": "91.503"}
[2026-06-13 19:34:05,562][fairseq.checkpoint_utils][INFO] - Preparing to save checkpoint for epoch 10 @ 30000 updates
[2026-06-13 19:34:05,563][trainer][INFO] - Saving checkpoint to checkpoints/checkpoint_best.pt
[2026-06-13 19:34:09,609][trainer][INFO] - Finished saving checkpoint to checkpoints/checkpoint_best.pt
[2026-06-13 19:34:15,282][fairseq.checkpoint_utils][INFO] - Saved checkpoint checkpoints/checkpoint_best.pt (epoch 10 @ 30000 updates, score 91.503) (writing took 9.720170359010808 seconds)
[2026-06-13 19:34:15,284][main][INFO] - end of epoch 10 (average epoch stats below)
[2026-06-13 19:34:15,299][train][INFO] - {"epoch": 10, "train_loss": "33.967", "train_nll_loss": "0.483", "train_total": "180.166", "train_n_correct": "169.958", "train_ppl": "1.4", "train_accuracy": "94.334", "train_wps": "282.1", "train_ups": "1.57", "train_wpb": "180.2", "train_bsz": "9.7", "train_num_updates": "30000", "train_lr": "5e-05", "train_gnorm": "46.245", "train_loss_scale": "64", "train_train_wall": "119", "train_gb_free": "74.5", "train_wall": "19223"}
[2026-06-13 19:34:15,299][main][INFO] - done training in 19222.3 seconds
