/base/project/AudioVideo2Txt/main.py:27: UserWarning: 
The version_base parameter is not specified.
Please specify a compatability version level, or None.
Will assume defaults for version 1.1
  @hydra.main(config_path="configs", config_name="video2text")
/opt/conda/envs/rzd/lib/python3.10/site-packages/hydra/core/default_element.py:124: UserWarning: In 'audiovideo2text.yaml': Usage of deprecated keyword in package header '# @package _group_'.
See https://hydra.cc/docs/1.2/upgrades/1.0_to_1.1/changes_to_package_header for more information
  deprecation_warning(
sys:1: UserWarning: 
'audiovideo2text.yaml' is validated against ConfigStore schema with the same name.
This behavior is deprecated in Hydra 1.1 and will be removed in Hydra 1.2.
See https://hydra.cc/docs/1.2/upgrades/1.0_to_1.1/automatic_schema_matching for migration instructions.
/opt/conda/envs/rzd/lib/python3.10/site-packages/hydra/main.py:94: UserWarning: 
'audiovideo2text.yaml' is validated against ConfigStore schema with the same name.
This behavior is deprecated in Hydra 1.1 and will be removed in Hydra 1.2.
See https://hydra.cc/docs/1.2/upgrades/1.0_to_1.1/automatic_schema_matching for migration instructions.
  _run_hydra(
/opt/conda/envs/rzd/lib/python3.10/site-packages/hydra/_internal/hydra.py:119: UserWarning: Future Hydra versions will no longer change working directory at job runtime by default.
See https://hydra.cc/docs/1.2/upgrades/1.1_to_1.2/changes_to_job_working_dir/ for more information.
  ret = run_job(
[2026-06-13 16:08:32,080][main][INFO] - {'_name': None, 'common': {'_name': None, 'no_progress_bar': False, 'log_interval': 200, 'log_format': json, 'log_file': None, 'tensorboard_logdir': 'tblog', 'wandb_project': None, 'azureml_logging': False, 'seed': 1337, 'cpu': False, 'tpu': False, 'bf16': False, 'memory_efficient_bf16': False, 'fp16': True, 'memory_efficient_fp16': False, 'fp16_no_flatten_grads': False, 'fp16_init_scale': 128, 'fp16_scale_window': None, 'fp16_scale_tolerance': 0.0, 'on_cpu_convert_precision': False, 'min_loss_scale': 0.0001, 'threshold_loss_scale': None, 'amp': False, 'amp_batch_retries': 2, 'amp_init_scale': 128, 'amp_scale_window': None, 'user_dir': '/base/project/AudioVideo2Txt', 'empty_cache_freq': 0, 'all_gather_list_size': 16384, 'model_parallel_size': 1, 'quantization_config_path': None, 'profile': False, 'reset_logging': False, 'suppress_crashes': False, 'use_plasma_view': False, 'plasma_path': '/tmp/plasma'}, 'common_eval': {'_name': None, 'path': None, 'post_process': None, 'quiet': False, 'model_overrides': '{}', 'results_path': None}, 'distributed_training': {'_name': None, 'distributed_world_size': 1, 'distributed_num_procs': 1, 'distributed_rank': 0, 'distributed_backend': 'nccl', 'distributed_init_method': None, 'distributed_port': -1, 'device_id': 0, 'distributed_no_spawn': False, 'ddp_backend': c10d, 'ddp_comm_hook': none, 'bucket_cap_mb': 25, 'fix_batches_to_gpus': False, 'find_unused_parameters': True, 'fast_stat_sync': False, 'heartbeat_timeout': -1, 'broadcast_buffers': False, 'slowmo_momentum': None, 'slowmo_algorithm': 'LocalSGD', 'localsgd_frequency': 3, 'nprocs_per_node': 1, 'pipeline_model_parallel': False, 'pipeline_balance': None, 'pipeline_devices': None, 'pipeline_chunks': 0, 'pipeline_encoder_balance': None, 'pipeline_encoder_devices': None, 'pipeline_decoder_balance': None, 'pipeline_decoder_devices': None, 'pipeline_checkpoint': never, 'zero_sharding': none, 'fp16': '${common.fp16}', 'memory_efficient_fp16': '${common.memory_efficient_fp16}', 'tpu': '${common.tpu}', 'no_reshard_after_forward': False, 'fp32_reduce_scatter': False, 'cpu_offload': False, 'use_sharded_state': False}, 'dataset': {'_name': None, 'num_workers': 0, 'skip_invalid_size_inputs_valid_test': False, 'max_tokens': 1000, 'batch_size': None, 'required_batch_size_multiple': 8, 'required_seq_len_multiple': 1, 'dataset_impl': None, 'data_buffer_size': 10, 'train_subset': 'train', 'valid_subset': 'valid', 'combine_valid_subsets': None, 'ignore_unused_valid_subsets': False, 'validate_interval': 2, 'validate_interval_updates': 0, 'validate_after_updates': 0, 'fixed_validation_seed': None, 'disable_validation': False, 'max_tokens_valid': '${dataset.max_tokens}', 'batch_size_valid': '${dataset.batch_size}', 'max_valid_steps': None, 'curriculum': 0, 'gen_subset': 'test', 'num_shards': 1, 'shard_id': 0}, 'optimization': {'_name': None, 'max_epoch': 0, 'max_update': 30000, 'stop_time_hours': 0.0, 'clip_norm': 0.0, 'sentence_avg': True, 'update_freq': [1], 'lr': [0.001], 'stop_min_lr': -1.0, 'use_bmuf': False}, 'checkpoint': {'_name': None, 'save_dir': 'checkpoints', 'restore_file': 'checkpoint_last.pt', 'finetune_from_model': None, 'reset_dataloader': False, 'reset_lr_scheduler': False, 'reset_meters': False, 'reset_optimizer': False, 'optimizer_overrides': '{}', 'save_interval': 2, 'save_interval_updates': 0, 'keep_interval_updates': 1, 'keep_interval_updates_pattern': -1, 'keep_last_epochs': -1, 'keep_best_checkpoints': -1, 'no_save': False, 'no_epoch_checkpoints': True, 'no_last_checkpoints': False, 'no_save_optimizer_state': False, 'best_checkpoint_metric': 'accuracy', 'maximize_best_checkpoint_metric': True, 'patience': -1, 'checkpoint_suffix': '', 'checkpoint_shard_count': 1, 'load_checkpoint_on_all_dp_ranks': False, 'write_checkpoints_asynchronously': False, 'model_parallel_size': '${common.model_parallel_size}'}, 'bmuf': {'_name': None, 'block_lr': 1.0, 'block_momentum': 0.875, 'global_sync_iter': 50, 'warmup_iterations': 500, 'use_nbm': False, 'average_sync': False, 'distributed_world_size': '${distributed_training.distributed_world_size}'}, 'generation': {'_name': None, 'beam': 5, 'nbest': 1, 'max_len_a': 0.0, 'max_len_b': 200, 'min_len': 1, 'match_source_len': False, 'unnormalized': False, 'no_early_stop': False, 'no_beamable_mm': False, 'lenpen': 1.0, 'unkpen': 0.0, 'replace_unk': None, 'sacrebleu': False, 'score_reference': False, 'prefix_size': 0, 'no_repeat_ngram_size': 0, 'sampling': False, 'sampling_topk': -1, 'sampling_topp': -1.0, 'constraints': None, 'temperature': 1.0, 'diverse_beam_groups': -1, 'diverse_beam_strength': 0.5, 'diversity_rate': -1.0, 'print_alignment': None, 'print_step': False, 'lm_path': None, 'lm_weight': 0.0, 'iter_decode_eos_penalty': 0.0, 'iter_decode_max_iter': 10, 'iter_decode_force_max_iter': False, 'iter_decode_with_beam': 1, 'iter_decode_with_external_reranker': False, 'retain_iter_history': False, 'retain_dropout': False, 'retain_dropout_modules': None, 'decoding_format': None, 'no_seed_provided': False}, 'eval_lm': {'_name': None, 'output_word_probs': False, 'output_word_stats': False, 'context_window': 0, 'softmax_batch': 9223372036854775807}, 'interactive': {'_name': None, 'buffer_size': 0, 'input': '-'}, 'task': {'_name': 'av_hubert_pretraining', 'data': '/data2/final_project_data/30h_data', 'labels': ['wrd'], 'label_dir': '/data2/final_project_data/30h_data', 'label_rate': -1, 'sample_rate': 16000, 'normalize': True, 'enable_padding': False, 'max_sample_size': 500, 'min_sample_size': None, 'max_trim_sample_size': '${task.max_sample_size}', 'single_target': True, 'random_crop': False, 'pad_audio': True, 'pdb': False, 'stack_order_audio': 4, 'skip_verify': False, 'image_aug': True, 'image_crop_size': 88, 'image_mean': 0.421, 'image_std': 0.165, 'modalities': ['video', 'audio'], 'is_s2s': True, 'tokenizer_bpe_name': 'sentencepiece', 'tokenizer_bpe_model': '/data2/final_project_data/spm1000/spm_unigram1000.model', 'fine_tuning': True}, 'model': {'_name': 'av_hubert_seq2seq', 'pretrained_path': '/data2/final_project_ckpt/pretrained_model.pth', 'apply_mask': False, 'mask_selection': 'static', 'mask_length': 10, 'mask_other': 0, 'mask_prob': 0.75, 'mask_channel_selection': 'static', 'mask_channel_length': 64, 'mask_channel_other': 0, 'mask_channel_prob': 0.5, 'layerdrop': 0.1, 'dropout': 0.0, 'activation_dropout': 0.1, 'attention_dropout': 0.0, 'feature_grad_mult': 1.0, 'modality_fuse': 'concat', 'modality_dropout': 0.05, 'audio_dropout': 0.3, 'modality_dropout_mode': 'span', 'modality_dropout_span_min': 5, 'modality_dropout_span_max': 15, 'decoder_layers': 6, 'decoder_dropout': 0.1, 'decoder_attention_dropout': 0.0, 'decoder_activation_dropout': 0.1, 'freeze_finetune_updates': 24000, 'share_decoder_input_output_embed': True, 'decoder_normalize_before': True}, 'criterion': {'_name': 'label_smoothed_cross_entropy', 'report_accuracy': True, 'label_smoothing': 0.1, 'focal_gamma': 0.0, 'confidence_penalty': 0.0, 'ignore_prefix_size': 0, 'sentence_avg': '${optimization.sentence_avg}'}, 'optimizer': {'_name': 'adam', 'adam_betas': '(0.9,0.98)', 'adam_eps': 1e-08, 'weight_decay': 0.0, "use_old_adam'": False, 'tpu': '${common.tpu}', 'lr': '${optimization.lr}'}, 'lr_scheduler': {'_name': 'tri_stage', 'warmup_steps': 10000, 'hold_steps': 0, 'decay_steps': 20000, 'final_lr_scale': 0.05, 'phase_ratio': '???', 'init_lr_scale': 0.01, 'max_update': '${optimization.max_update}', 'lr': '${optimization.lr}'}, 'scoring': None, 'bpe': None, 'tokenizer': None}
[2026-06-13 16:08:33,053][models.encoder_backbone][INFO] - EncoderBackbone Config: {'_name': 'av_hubert', 'label_rate': 25, 'input_modality': '${task.input_modality}', 'extractor_mode': default, 'encoder_layers': 12, 'encoder_embed_dim': 768, 'encoder_ffn_embed_dim': 3072, 'encoder_attention_heads': 12, 'activation_fn': gelu, 'dropout': 0.0, 'attention_dropout': 0.0, 'activation_dropout': 0.1, 'encoder_layerdrop': 0.1, 'dropout_input': 0.0, 'dropout_features': 0.1, 'final_dim': 256, 'untie_final_proj': True, 'layer_norm_first': True, 'conv_feature_layers': '[(512,10,5)] + [(512,3,2)] * 4 + [(512,2,2)] * 2', 'conv_bias': False, 'logit_temp': 0.1, 'target_glu': False, 'feature_grad_mult': 1.0, 'mask_length_audio': 10, 'mask_prob_audio': 0.8, 'mask_length_image': 5, 'mask_prob_image': 0.3, 'mask_selection': static, 'mask_other': 0.0, 'no_mask_overlap': False, 'mask_min_space': 1, 'mask_channel_length': 64, 'mask_channel_prob': 0.5, 'mask_channel_selection': static, 'mask_channel_other': 0.0, 'no_mask_channel_overlap': False, 'mask_channel_min_space': 1, 'conv_pos': 128, 'conv_pos_groups': 16, 'latent_temp': [2.0, 0.5, 0.999995], 'skip_masked': False, 'skip_nomask': False, 'resnet_relu_type': 'prelu', 'resnet_weights': None, 'sim_type': 'cosine', 'sub_encoder_layers': 0, 'audio_feat_dim': 104, 'modality_dropout': 0.05, 'audio_dropout': 0.3, 'modality_dropout_mode': 'span', 'modality_dropout_span_min': 5, 'modality_dropout_span_max': 15, 'modality_fuse': 'concat', 'selection_type': 'same_seq', 'masking_type': 'input', 'decoder_embed_dim': 768, 'decoder_ffn_embed_dim': 3072, 'decoder_layers': 6, 'decoder_layerdrop': 0.0, 'decoder_attention_heads': 4, 'decoder_learned_pos': False, 'decoder_normalize_before': False, 'no_token_positional_embeddings': False, 'decoder_dropout': 0.1, 'decoder_attention_dropout': 0.1, 'decoder_activation_dropout': 0.0, 'max_target_positions': 2048, 'share_decoder_input_output_embed': False, 'no_scale_embedding': True, 'apply_mask': False, 'mask_prob': 0.75, 'mask_length': 10}
/opt/conda/envs/rzd/lib/python3.10/site-packages/torch/nn/utils/weight_norm.py:30: UserWarning: torch.nn.utils.weight_norm is deprecated in favor of torch.nn.utils.parametrizations.weight_norm.
  warnings.warn("torch.nn.utils.weight_norm is deprecated in favor of torch.nn.utils.parametrizations.weight_norm.")
[2026-06-13 16:08:36,079][models.audio_video_model][INFO] - _IncompatibleKeys(missing_keys=[], unexpected_keys=['mask_emb', 'label_embs_concat', 'final_proj.weight', 'final_proj.bias'])
[2026-06-13 16:08:36,930][main][INFO] - AudioVideoModel(
  (encoder): EncoderBackboneWrapper(
    (pretrained_model): EncoderBackbone(
      (feature_extractor_audio): AudioEncoder(
        (proj): Linear(in_features=104, out_features=768, bias=True)
      )
      (feature_extractor_video): ResEncoder(
        (frontend3D): Sequential(
          (0): Conv3d(1, 64, kernel_size=(5, 7, 7), stride=(1, 2, 2), padding=(2, 3, 3), bias=False)
          (1): BatchNorm3d(64, eps=1e-05, momentum=0.1, affine=True, track_running_stats=True)
          (2): PReLU(num_parameters=64)
          (3): MaxPool3d(kernel_size=(1, 3, 3), stride=(1, 2, 2), padding=(0, 1, 1), dilation=1, ceil_mode=False)
        )
        (trunk): ResNet(
          (layer1): Sequential(
            (0): BasicBlock(
              (conv1): Conv2d(64, 64, kernel_size=(3, 3), stride=(1, 1), padding=(1, 1), bias=False)
              (bn1): BatchNorm2d(64, eps=1e-05, momentum=0.1, affine=True, track_running_stats=True)
              (relu1): PReLU(num_parameters=64)
              (conv2): Conv2d(64, 64, kernel_size=(3, 3), stride=(1, 1), padding=(1, 1), bias=False)
              (bn2): BatchNorm2d(64, eps=1e-05, momentum=0.1, affine=True, track_running_stats=True)
              (relu2): PReLU(num_parameters=64)
            )
            (1): BasicBlock(
              (conv1): Conv2d(64, 64, kernel_size=(3, 3), stride=(1, 1), padding=(1, 1), bias=False)
              (bn1): BatchNorm2d(64, eps=1e-05, momentum=0.1, affine=True, track_running_stats=True)
              (relu1): PReLU(num_parameters=64)
              (conv2): Conv2d(64, 64, kernel_size=(3, 3), stride=(1, 1), padding=(1, 1), bias=False)
              (bn2): BatchNorm2d(64, eps=1e-05, momentum=0.1, affine=True, track_running_stats=True)
              (relu2): PReLU(num_parameters=64)
            )
          )
          (layer2): Sequential(
            (0): BasicBlock(
              (conv1): Conv2d(64, 128, kernel_size=(3, 3), stride=(2, 2), padding=(1, 1), bias=False)
              (bn1): BatchNorm2d(128, eps=1e-05, momentum=0.1, affine=True, track_running_stats=True)
              (relu1): PReLU(num_parameters=128)
              (conv2): Conv2d(128, 128, kernel_size=(3, 3), stride=(1, 1), padding=(1, 1), bias=False)
              (bn2): BatchNorm2d(128, eps=1e-05, momentum=0.1, affine=True, track_running_stats=True)
              (relu2): PReLU(num_parameters=128)
              (downsample): Sequential(
                (0): Conv2d(64, 128, kernel_size=(1, 1), stride=(2, 2), bias=False)
                (1): BatchNorm2d(128, eps=1e-05, momentum=0.1, affine=True, track_running_stats=True)
              )
            )
            (1): BasicBlock(
              (conv1): Conv2d(128, 128, kernel_size=(3, 3), stride=(1, 1), padding=(1, 1), bias=False)
              (bn1): BatchNorm2d(128, eps=1e-05, momentum=0.1, affine=True, track_running_stats=True)
              (relu1): PReLU(num_parameters=128)
              (conv2): Conv2d(128, 128, kernel_size=(3, 3), stride=(1, 1), padding=(1, 1), bias=False)
              (bn2): BatchNorm2d(128, eps=1e-05, momentum=0.1, affine=True, track_running_stats=True)
              (relu2): PReLU(num_parameters=128)
            )
          )
          (layer3): Sequential(
            (0): BasicBlock(
              (conv1): Conv2d(128, 256, kernel_size=(3, 3), stride=(2, 2), padding=(1, 1), bias=False)
              (bn1): BatchNorm2d(256, eps=1e-05, momentum=0.1, affine=True, track_running_stats=True)
              (relu1): PReLU(num_parameters=256)
              (conv2): Conv2d(256, 256, kernel_size=(3, 3), stride=(1, 1), padding=(1, 1), bias=False)
              (bn2): BatchNorm2d(256, eps=1e-05, momentum=0.1, affine=True, track_running_stats=True)
              (relu2): PReLU(num_parameters=256)
              (downsample): Sequential(
                (0): Conv2d(128, 256, kernel_size=(1, 1), stride=(2, 2), bias=False)
                (1): BatchNorm2d(256, eps=1e-05, momentum=0.1, affine=True, track_running_stats=True)
              )
            )
            (1): BasicBlock(
              (conv1): Conv2d(256, 256, kernel_size=(3, 3), stride=(1, 1), padding=(1, 1), bias=False)
              (bn1): BatchNorm2d(256, eps=1e-05, momentum=0.1, affine=True, track_running_stats=True)
              (relu1): PReLU(num_parameters=256)
              (conv2): Conv2d(256, 256, kernel_size=(3, 3), stride=(1, 1), padding=(1, 1), bias=False)
              (bn2): BatchNorm2d(256, eps=1e-05, momentum=0.1, affine=True, track_running_stats=True)
              (relu2): PReLU(num_parameters=256)
            )
          )
          (layer4): Sequential(
            (0): BasicBlock(
              (conv1): Conv2d(256, 512, kernel_size=(3, 3), stride=(2, 2), padding=(1, 1), bias=False)
              (bn1): BatchNorm2d(512, eps=1e-05, momentum=0.1, affine=True, track_running_stats=True)
              (relu1): PReLU(num_parameters=512)
              (conv2): Conv2d(512, 512, kernel_size=(3, 3), stride=(1, 1), padding=(1, 1), bias=False)
              (bn2): BatchNorm2d(512, eps=1e-05, momentum=0.1, affine=True, track_running_stats=True)
              (relu2): PReLU(num_parameters=512)
              (downsample): Sequential(
                (0): Conv2d(256, 512, kernel_size=(1, 1), stride=(2, 2), bias=False)
                (1): BatchNorm2d(512, eps=1e-05, momentum=0.1, affine=True, track_running_stats=True)
              )
            )
            (1): BasicBlock(
              (conv1): Conv2d(512, 512, kernel_size=(3, 3), stride=(1, 1), padding=(1, 1), bias=False)
              (bn1): BatchNorm2d(512, eps=1e-05, momentum=0.1, affine=True, track_running_stats=True)
              (relu1): PReLU(num_parameters=512)
              (conv2): Conv2d(512, 512, kernel_size=(3, 3), stride=(1, 1), padding=(1, 1), bias=False)
              (bn2): BatchNorm2d(512, eps=1e-05, momentum=0.1, affine=True, track_running_stats=True)
              (relu2): PReLU(num_parameters=512)
            )
          )
          (avgpool): AdaptiveAvgPool2d(output_size=1)
        )
        (proj): Linear(in_features=512, out_features=768, bias=True)
      )
      (post_extract_proj): Linear(in_features=1536, out_features=768, bias=True)
      (encoder): TransformerEncoder(
        (pos_conv): Sequential(
          (0): Conv1d(768, 768, kernel_size=(128,), stride=(1,), padding=(64,), groups=16)
          (1): SamePad()
          (2): GELU(approximate='none')
        )
        (layers): ModuleList(
          (0-11): 12 x TransformerSentenceEncoderLayer(
            (self_attn): MultiheadAttention(
              (dropout_module): Dropout(p=0.0, inplace=False)
              (k_proj): Linear(in_features=768, out_features=768, bias=True)
              (v_proj): Linear(in_features=768, out_features=768, bias=True)
              (q_proj): Linear(in_features=768, out_features=768, bias=True)
              (out_proj): Linear(in_features=768, out_features=768, bias=True)
            )
            (dropout1): Dropout(p=0.0, inplace=False)
            (dropout2): Dropout(p=0.1, inplace=False)
            (dropout3): Dropout(p=0.0, inplace=False)
            (self_attn_layer_norm): LayerNorm((768,), eps=1e-05, elementwise_affine=True)
            (fc1): Linear(in_features=768, out_features=3072, bias=True)
            (fc2): Linear(in_features=3072, out_features=768, bias=True)
            (final_layer_norm): LayerNorm((768,), eps=1e-05, elementwise_affine=True)
          )
        )
        (layer_norm): LayerNorm((768,), eps=1e-05, elementwise_affine=True)
      )
      (layer_norm): LayerNorm((1536,), eps=1e-05, elementwise_affine=True)
      (dropout_input): Dropout(p=0.0, inplace=False)
      (dropout_features): Dropout(p=0.1, inplace=False)
    )
  )
  (decoder): TransformerDecoder(
    (embed_tokens): Embedding(1000, 768, padding_idx=1)
    (embed_positions): SinusoidalPositionalEmbedding()
    (layers): ModuleList(
      (0-5): 6 x TransformerDecoderLayer(
        (dropout_module): Dropout(p=0.1, inplace=False)
        (self_attn): MultiheadAttention(
          (dropout_module): Dropout(p=0.0, inplace=False)
          (k_proj): Linear(in_features=768, out_features=768, bias=True)
          (v_proj): Linear(in_features=768, out_features=768, bias=True)
          (q_proj): Linear(in_features=768, out_features=768, bias=True)
          (out_proj): Linear(in_features=768, out_features=768, bias=True)
        )
        (activation_dropout_module): Dropout(p=0.1, inplace=False)
        (self_attn_layer_norm): LayerNorm((768,), eps=1e-05, elementwise_affine=True)
        (encoder_attn): MultiheadAttention(
          (dropout_module): Dropout(p=0.0, inplace=False)
          (k_proj): Linear(in_features=768, out_features=768, bias=True)
          (v_proj): Linear(in_features=768, out_features=768, bias=True)
          (q_proj): Linear(in_features=768, out_features=768, bias=True)
          (out_proj): Linear(in_features=768, out_features=768, bias=True)
        )
        (encoder_attn_layer_norm): LayerNorm((768,), eps=1e-05, elementwise_affine=True)
        (fc1): Linear(in_features=768, out_features=3072, bias=True)
        (fc2): Linear(in_features=3072, out_features=768, bias=True)
        (final_layer_norm): LayerNorm((768,), eps=1e-05, elementwise_affine=True)
      )
    )
    (layer_norm): LayerNorm((768,), eps=1e-05, elementwise_affine=True)
  )
)
[2026-06-13 16:08:36,937][main][INFO] - model: AudioVideoModel
[2026-06-13 16:08:36,938][main][INFO] - criterion: LabelSmoothedCrossEntropyCriterion
[2026-06-13 16:08:36,944][main][INFO] - num. shared model params: 160,100,480 (num. trained: 160,100,480)
[2026-06-13 16:08:36,946][main][INFO] - num. expert model params: 0 (num. trained: 0)
[2026-06-13 16:08:36,947][dataset][INFO] - Using tokenizer
[2026-06-13 16:08:37,046][dataset][INFO] - max_keep=500, min_keep=None, loaded 30782, skipped 0 short and 0 long and 0 unaligned, longest-loaded=155, shortest-loaded=12
[2026-06-13 16:08:37,051][dataset][INFO] - image transform: Compose(
    Normalize(mean=0.0, std=255.0)
    RandomCrop(size=(88, 88))
    <utils.model_utils.HorizontalFlip object at 0x7fd05d1b42e0>
    Normalize(mean=0.421, std=0.165)
)
[2026-06-13 16:08:37,076][dataset][INFO] - pad_audio=True, random_crop=False, normalize=True, max_sample_size=500, seqs2seq data=True,
[2026-06-13 16:08:37,077][dataset][INFO] - Using tokenizer
[2026-06-13 16:08:37,089][dataset][INFO] - max_keep=500, min_keep=None, loaded 1200, skipped 0 short and 0 long and 0 unaligned, longest-loaded=155, shortest-loaded=17
[2026-06-13 16:08:37,089][dataset][INFO] - image transform: Compose(
    Normalize(mean=0.0, std=255.0)
    <utils.model_utils.CenterCrop object at 0x7fd13ab3c880>
    Normalize(mean=0.421, std=0.165)
)
[2026-06-13 16:08:37,094][dataset][INFO] - pad_audio=True, random_crop=False, normalize=True, max_sample_size=500, seqs2seq data=True,
[2026-06-13 16:08:40,253][trainer][INFO] - detected shared parameter: encoder.pretrained_model.feature_extractor_video.frontend3D.0.bias <- encoder.pretrained_model.feature_extractor_video.trunk.layer1.0.conv1.bias
[2026-06-13 16:08:40,253][trainer][INFO] - detected shared parameter: encoder.pretrained_model.feature_extractor_video.frontend3D.0.bias <- encoder.pretrained_model.feature_extractor_video.trunk.layer1.0.conv2.bias
[2026-06-13 16:08:40,253][trainer][INFO] - detected shared parameter: encoder.pretrained_model.feature_extractor_video.frontend3D.0.bias <- encoder.pretrained_model.feature_extractor_video.trunk.layer1.1.conv1.bias
[2026-06-13 16:08:40,253][trainer][INFO] - detected shared parameter: encoder.pretrained_model.feature_extractor_video.frontend3D.0.bias <- encoder.pretrained_model.feature_extractor_video.trunk.layer1.1.conv2.bias
[2026-06-13 16:08:40,253][trainer][INFO] - detected shared parameter: encoder.pretrained_model.feature_extractor_video.frontend3D.0.bias <- encoder.pretrained_model.feature_extractor_video.trunk.layer2.0.conv1.bias
[2026-06-13 16:08:40,253][trainer][INFO] - detected shared parameter: encoder.pretrained_model.feature_extractor_video.frontend3D.0.bias <- encoder.pretrained_model.feature_extractor_video.trunk.layer2.0.conv2.bias
[2026-06-13 16:08:40,253][trainer][INFO] - detected shared parameter: encoder.pretrained_model.feature_extractor_video.frontend3D.0.bias <- encoder.pretrained_model.feature_extractor_video.trunk.layer2.0.downsample.0.bias
[2026-06-13 16:08:40,253][trainer][INFO] - detected shared parameter: encoder.pretrained_model.feature_extractor_video.frontend3D.0.bias <- encoder.pretrained_model.feature_extractor_video.trunk.layer2.1.conv1.bias
[2026-06-13 16:08:40,253][trainer][INFO] - detected shared parameter: encoder.pretrained_model.feature_extractor_video.frontend3D.0.bias <- encoder.pretrained_model.feature_extractor_video.trunk.layer2.1.conv2.bias
[2026-06-13 16:08:40,253][trainer][INFO] - detected shared parameter: encoder.pretrained_model.feature_extractor_video.frontend3D.0.bias <- encoder.pretrained_model.feature_extractor_video.trunk.layer3.0.conv1.bias
[2026-06-13 16:08:40,253][trainer][INFO] - detected shared parameter: encoder.pretrained_model.feature_extractor_video.frontend3D.0.bias <- encoder.pretrained_model.feature_extractor_video.trunk.layer3.0.conv2.bias
[2026-06-13 16:08:40,253][trainer][INFO] - detected shared parameter: encoder.pretrained_model.feature_extractor_video.frontend3D.0.bias <- encoder.pretrained_model.feature_extractor_video.trunk.layer3.0.downsample.0.bias
[2026-06-13 16:08:40,253][trainer][INFO] - detected shared parameter: encoder.pretrained_model.feature_extractor_video.frontend3D.0.bias <- encoder.pretrained_model.feature_extractor_video.trunk.layer3.1.conv1.bias
[2026-06-13 16:08:40,253][trainer][INFO] - detected shared parameter: encoder.pretrained_model.feature_extractor_video.frontend3D.0.bias <- encoder.pretrained_model.feature_extractor_video.trunk.layer3.1.conv2.bias
[2026-06-13 16:08:40,253][trainer][INFO] - detected shared parameter: encoder.pretrained_model.feature_extractor_video.frontend3D.0.bias <- encoder.pretrained_model.feature_extractor_video.trunk.layer4.0.conv1.bias
[2026-06-13 16:08:40,254][trainer][INFO] - detected shared parameter: encoder.pretrained_model.feature_extractor_video.frontend3D.0.bias <- encoder.pretrained_model.feature_extractor_video.trunk.layer4.0.conv2.bias
[2026-06-13 16:08:40,254][trainer][INFO] - detected shared parameter: encoder.pretrained_model.feature_extractor_video.frontend3D.0.bias <- encoder.pretrained_model.feature_extractor_video.trunk.layer4.0.downsample.0.bias
[2026-06-13 16:08:40,254][trainer][INFO] - detected shared parameter: encoder.pretrained_model.feature_extractor_video.frontend3D.0.bias <- encoder.pretrained_model.feature_extractor_video.trunk.layer4.1.conv1.bias
[2026-06-13 16:08:40,254][trainer][INFO] - detected shared parameter: encoder.pretrained_model.feature_extractor_video.frontend3D.0.bias <- encoder.pretrained_model.feature_extractor_video.trunk.layer4.1.conv2.bias
[2026-06-13 16:08:40,254][fairseq.utils][INFO] - ***********************CUDA enviroments for all 1 workers***********************
[2026-06-13 16:08:40,255][fairseq.utils][INFO] - rank   0: capabilities =  9.0  ; total memory = 79.179 GB ; name = NVIDIA H100 80GB HBM3                   
[2026-06-13 16:08:40,255][fairseq.utils][INFO] - ***********************CUDA enviroments for all 1 workers***********************
[2026-06-13 16:08:40,256][main][INFO] - training on 1 devices (GPUs/TPUs)
[2026-06-13 16:08:40,256][main][INFO] - max tokens per device = 1000 and max sentences per device = None
[2026-06-13 16:08:40,257][trainer][INFO] - Preparing to load checkpoint checkpoints/checkpoint_last.pt
[2026-06-13 16:08:40,257][trainer][INFO] - No existing checkpoint found checkpoints/checkpoint_last.pt
[2026-06-13 16:08:41,985][trainer][INFO] - begin training epoch 1
[2026-06-13 16:08:41,986][main][INFO] - Start iterating over samples
[2026-06-13 16:11:51,150][train_inner][INFO] - {"epoch": 1, "update": 0.063, "loss": "155.049", "nll_loss": "8.515", "total": "178.305", "n_correct": "10.7", "ppl": "365.71", "accuracy": "6.001", "wps": "189.1", "ups": "1.06", "wpb": "178.3", "bsz": "10.1", "num_updates": "200", "lr": "2.98e-05", "gnorm": "93.955", "loss_scale": "128", "train_wall": "18", "gb_free": "75.7", "wall": "191"}
[2026-06-13 16:15:22,268][train_inner][INFO] - {"epoch": 1, "update": 0.126, "loss": "169.427", "nll_loss": "8.148", "total": "181.27", "n_correct": "12.29", "ppl": "283.62", "accuracy": "6.78", "wps": "171.7", "ups": "0.95", "wpb": "181.3", "bsz": "9", "num_updates": "400", "lr": "4.96e-05", "gnorm": "67.389", "loss_scale": "128", "train_wall": "13", "gb_free": "75.7", "wall": "402"}
[2026-06-13 16:19:41,871][train_inner][INFO] - {"epoch": 1, "update": 0.189, "loss": "155.761", "nll_loss": "8.023", "total": "177.86", "n_correct": "14.58", "ppl": "260.19", "accuracy": "8.197", "wps": "137", "ups": "0.77", "wpb": "177.9", "bsz": "9.5", "num_updates": "600", "lr": "6.94e-05", "gnorm": "53.91", "loss_scale": "128", "train_wall": "13", "gb_free": "75.7", "wall": "662"}
[2026-06-13 16:23:20,155][train_inner][INFO] - {"epoch": 1, "update": 0.252, "loss": "148.605", "nll_loss": "7.833", "total": "179.33", "n_correct": "19.805", "ppl": "228.01", "accuracy": "11.044", "wps": "164.3", "ups": "0.92", "wpb": "179.3", "bsz": "9.9", "num_updates": "800", "lr": "8.92e-05", "gnorm": "50.475", "loss_scale": "128", "train_wall": "12", "gb_free": "75.7", "wall": "880"}
[2026-06-13 16:26:00,847][train_inner][INFO] - {"epoch": 1, "update": 0.315, "loss": "152.298", "nll_loss": "7.66", "total": "176.56", "n_correct": "22.16", "ppl": "202.21", "accuracy": "12.551", "wps": "219.8", "ups": "1.24", "wpb": "176.6", "bsz": "9.3", "num_updates": "1000", "lr": "0.000109", "gnorm": "51.057", "loss_scale": "128", "train_wall": "12", "gb_free": "75.7", "wall": "1041"}
[2026-06-13 16:30:17,464][train_inner][INFO] - {"epoch": 1, "update": 0.378, "loss": "149.543", "nll_loss": "7.472", "total": "177.705", "n_correct": "24.395", "ppl": "177.49", "accuracy": "13.728", "wps": "138.5", "ups": "0.78", "wpb": "177.7", "bsz": "9.3", "num_updates": "1200", "lr": "0.0001288", "gnorm": "52.972", "loss_scale": "128", "train_wall": "13", "gb_free": "75.7", "wall": "1297"}
[2026-06-13 16:33:59,276][train_inner][INFO] - {"epoch": 1, "update": 0.441, "loss": "136.409", "nll_loss": "7.272", "total": "180.08", "n_correct": "27.56", "ppl": "154.55", "accuracy": "15.304", "wps": "162.4", "ups": "0.9", "wpb": "180.1", "bsz": "10.2", "num_updates": "1400", "lr": "0.0001486", "gnorm": "50.198", "loss_scale": "128", "train_wall": "13", "gb_free": "75.7", "wall": "1519"}
[2026-06-13 16:37:32,065][train_inner][INFO] - {"epoch": 1, "update": 0.504, "loss": "145.008", "nll_loss": "7.2", "total": "179.95", "n_correct": "27.93", "ppl": "147.05", "accuracy": "15.521", "wps": "169.1", "ups": "0.94", "wpb": "179.9", "bsz": "9.5", "num_updates": "1600", "lr": "0.0001684", "gnorm": "50.877", "loss_scale": "128", "train_wall": "12", "gb_free": "75.7", "wall": "1732"}
[2026-06-13 16:41:50,267][train_inner][INFO] - {"epoch": 1, "update": 0.567, "loss": "127.576", "nll_loss": "6.916", "total": "181.98", "n_correct": "32.7", "ppl": "120.74", "accuracy": "17.969", "wps": "141", "ups": "0.77", "wpb": "182", "bsz": "10.5", "num_updates": "1800", "lr": "0.0001882", "gnorm": "47.387", "loss_scale": "128", "train_wall": "13", "gb_free": "75.7", "wall": "1990"}
[2026-06-13 16:45:36,916][train_inner][INFO] - {"epoch": 1, "update": 0.63, "loss": "136.279", "nll_loss": "6.857", "total": "182.14", "n_correct": "32.34", "ppl": "115.89", "accuracy": "17.756", "wps": "160.7", "ups": "0.88", "wpb": "182.1", "bsz": "9.8", "num_updates": "2000", "lr": "0.000208", "gnorm": "49.672", "loss_scale": "128", "train_wall": "13", "gb_free": "75.7", "wall": "2217"}
[2026-06-13 16:49:34,057][train_inner][INFO] - {"epoch": 1, "update": 0.693, "loss": "137.15", "nll_loss": "6.753", "total": "178.665", "n_correct": "32.37", "ppl": "107.87", "accuracy": "18.118", "wps": "150.7", "ups": "0.84", "wpb": "178.7", "bsz": "9.4", "num_updates": "2200", "lr": "0.0002278", "gnorm": "49.866", "loss_scale": "128", "train_wall": "13", "gb_free": "75.7", "wall": "2454"}
[2026-06-13 16:53:25,529][train_inner][INFO] - {"epoch": 1, "update": 0.756, "loss": "137.459", "nll_loss": "6.636", "total": "180.825", "n_correct": "33.62", "ppl": "99.49", "accuracy": "18.593", "wps": "156.2", "ups": "0.86", "wpb": "180.8", "bsz": "9.4", "num_updates": "2400", "lr": "0.0002476", "gnorm": "51.357", "loss_scale": "128", "train_wall": "13", "gb_free": "75.7", "wall": "2685"}
[2026-06-13 16:58:08,305][train_inner][INFO] - {"epoch": 1, "update": 0.819, "loss": "130.432", "nll_loss": "6.415", "total": "181.03", "n_correct": "36.645", "ppl": "85.32", "accuracy": "20.243", "wps": "128", "ups": "0.71", "wpb": "181", "bsz": "9.7", "num_updates": "2600", "lr": "0.0002674", "gnorm": "50.332", "loss_scale": "128", "train_wall": "13", "gb_free": "75.7", "wall": "2968"}
[2026-06-13 17:01:29,258][train_inner][INFO] - {"epoch": 1, "update": 0.882, "loss": "125.05", "nll_loss": "6.212", "total": "175.29", "n_correct": "36.685", "ppl": "74.15", "accuracy": "20.928", "wps": "174.5", "ups": "1", "wpb": "175.3", "bsz": "9.5", "num_updates": "2800", "lr": "0.0002872", "gnorm": "50.318", "loss_scale": "128", "train_wall": "13", "gb_free": "75.7", "wall": "3169"}
[2026-06-13 17:05:08,190][train_inner][INFO] - {"epoch": 1, "update": 0.945, "loss": "126.268", "nll_loss": "6.127", "total": "183.02", "n_correct": "39.27", "ppl": "69.87", "accuracy": "21.457", "wps": "167.2", "ups": "0.91", "wpb": "183", "bsz": "9.7", "num_updates": "3000", "lr": "0.000307", "gnorm": "50.952", "loss_scale": "128", "train_wall": "13", "gb_free": "75.7", "wall": "3388"}
[2026-06-13 17:07:47,518][main][INFO] - end of epoch 1 (average epoch stats below)
[2026-06-13 17:07:47,553][train][INFO] - {"epoch": 1, "train_loss": "140.446", "train_nll_loss": "7.128", "train_total": "179.799", "train_n_correct": "27.7601", "train_ppl": "139.92", "train_accuracy": "15.44", "train_wps": "161.1", "train_ups": "0.9", "train_wpb": "179.8", "train_bsz": "9.7", "train_num_updates": "3176", "train_lr": "0.000324424", "train_gnorm": "54.498", "train_loss_scale": "128", "train_train_wall": "207", "train_gb_free": "75.7", "train_wall": "3547"}
[2026-06-13 17:07:48,470][trainer][INFO] - begin training epoch 2
[2026-06-13 17:07:48,471][main][INFO] - Start iterating over samples
[2026-06-13 17:08:08,710][train_inner][INFO] - {"epoch": 2, "update": 1.008, "loss": "118.161", "nll_loss": "5.915", "total": "181.945", "n_correct": "42.7", "ppl": "60.34", "accuracy": "23.469", "wps": "201.6", "ups": "1.11", "wpb": "181.9", "bsz": "10.1", "num_updates": "3200", "lr": "0.0003268", "gnorm": "51.11", "loss_scale": "128", "train_wall": "12", "gb_free": "75.7", "wall": "3568"}
[2026-06-13 17:11:51,818][train_inner][INFO] - {"epoch": 2, "update": 1.071, "loss": "118.695", "nll_loss": "5.756", "total": "181.22", "n_correct": "42.75", "ppl": "54.06", "accuracy": "23.59", "wps": "162.5", "ups": "0.9", "wpb": "181.2", "bsz": "9.8", "num_updates": "3400", "lr": "0.0003466", "gnorm": "51.911", "loss_scale": "128", "train_wall": "13", "gb_free": "75.7", "wall": "3792"}
[2026-06-13 17:15:02,906][train_inner][INFO] - {"epoch": 2, "update": 1.134, "loss": "111.632", "nll_loss": "5.515", "total": "184.03", "n_correct": "47.175", "ppl": "45.72", "accuracy": "25.634", "wps": "192.6", "ups": "1.05", "wpb": "184", "bsz": "10.2", "num_updates": "3600", "lr": "0.0003664", "gnorm": "52.21", "loss_scale": "128", "train_wall": "12", "gb_free": "75.7", "wall": "3983"}
[2026-06-13 17:18:25,799][train_inner][INFO] - {"epoch": 2, "update": 1.196, "loss": "118.529", "nll_loss": "5.382", "total": "177.94", "n_correct": "46.755", "ppl": "41.71", "accuracy": "26.276", "wps": "175.4", "ups": "0.99", "wpb": "177.9", "bsz": "9.1", "num_updates": "3800", "lr": "0.0003862", "gnorm": "55.78", "loss_scale": "128", "train_wall": "12", "gb_free": "75.7", "wall": "4186"}
[2026-06-13 17:22:03,215][train_inner][INFO] - {"epoch": 2, "update": 1.259, "loss": "110.298", "nll_loss": "5.104", "total": "176.96", "n_correct": "50.865", "ppl": "34.39", "accuracy": "28.744", "wps": "162.8", "ups": "0.92", "wpb": "177", "bsz": "9.4", "num_updates": "4000", "lr": "0.000406", "gnorm": "57.684", "loss_scale": "128", "train_wall": "12", "gb_free": "75.7", "wall": "4403"}
[2026-06-13 17:24:43,105][train_inner][INFO] - {"epoch": 2, "update": 1.322, "loss": "110.195", "nll_loss": "4.909", "total": "182.315", "n_correct": "55.78", "ppl": "30.04", "accuracy": "30.595", "wps": "228.1", "ups": "1.25", "wpb": "182.3", "bsz": "9.4", "num_updates": "4200", "lr": "0.0004258", "gnorm": "59.591", "loss_scale": "128", "train_wall": "12", "gb_free": "75.7", "wall": "4563"}
[2026-06-13 17:27:40,676][train_inner][INFO] - {"epoch": 2, "update": 1.385, "loss": "94.482", "nll_loss": "4.545", "total": "178.705", "n_correct": "61.04", "ppl": "23.34", "accuracy": "34.157", "wps": "201.3", "ups": "1.13", "wpb": "178.7", "bsz": "10.2", "num_updates": "4400", "lr": "0.0004456", "gnorm": "56.769", "loss_scale": "128", "train_wall": "12", "gb_free": "75.7", "wall": "4740"}
[2026-06-13 17:30:04,477][train_inner][INFO] - {"epoch": 2, "update": 1.448, "loss": "89.179", "nll_loss": "4.35", "total": "182.91", "n_correct": "66.79", "ppl": "20.4", "accuracy": "36.515", "wps": "254.4", "ups": "1.39", "wpb": "182.9", "bsz": "10.7", "num_updates": "4600", "lr": "0.0004654", "gnorm": "56.638", "loss_scale": "128", "train_wall": "12", "gb_free": "75.7", "wall": "4884"}
[2026-06-13 17:32:58,485][train_inner][INFO] - {"epoch": 2, "update": 1.511, "loss": "95.641", "nll_loss": "4.35", "total": "178.54", "n_correct": "64.465", "ppl": "20.39", "accuracy": "36.107", "wps": "205.2", "ups": "1.15", "wpb": "178.5", "bsz": "9.7", "num_updates": "4800", "lr": "0.0004852", "gnorm": "57.68", "loss_scale": "128", "train_wall": "12", "gb_free": "75.7", "wall": "5058"}
[2026-06-13 17:35:17,716][train_inner][INFO] - {"epoch": 2, "update": 1.574, "loss": "90.896", "nll_loss": "4.147", "total": "181.955", "n_correct": "70.72", "ppl": "17.72", "accuracy": "38.867", "wps": "261.4", "ups": "1.44", "wpb": "182", "bsz": "10.1", "num_updates": "5000", "lr": "0.000505", "gnorm": "54.82", "loss_scale": "128", "train_wall": "11", "gb_free": "75.7", "wall": "5197"}
[2026-06-13 17:37:26,679][train_inner][INFO] - {"epoch": 2, "update": 1.637, "loss": "86.485", "nll_loss": "3.984", "total": "178.205", "n_correct": "72.335", "ppl": "15.83", "accuracy": "40.591", "wps": "276.4", "ups": "1.55", "wpb": "178.2", "bsz": "10.1", "num_updates": "5200", "lr": "0.0005248", "gnorm": "53.112", "loss_scale": "128", "train_wall": "11", "gb_free": "75.7", "wall": "5326"}
[2026-06-13 17:39:23,204][train_inner][INFO] - {"epoch": 2, "update": 1.7, "loss": "83.78", "nll_loss": "3.867", "total": "177.005", "n_correct": "74.915", "ppl": "14.59", "accuracy": "42.324", "wps": "303.8", "ups": "1.72", "wpb": "177", "bsz": "10.1", "num_updates": "5400", "lr": "0.0005446", "gnorm": "52.694", "loss_scale": "128", "train_wall": "11", "gb_free": "75.7", "wall": "5443"}
[2026-06-13 17:41:17,233][train_inner][INFO] - {"epoch": 2, "update": 1.763, "loss": "99.894", "nll_loss": "3.918", "total": "181.805", "n_correct": "75.105", "ppl": "15.12", "accuracy": "41.311", "wps": "318.9", "ups": "1.75", "wpb": "181.8", "bsz": "8.8", "num_updates": "5600", "lr": "0.0005644", "gnorm": "58.347", "loss_scale": "128", "train_wall": "11", "gb_free": "75.7", "wall": "5557"}
[2026-06-13 17:43:09,691][train_inner][INFO] - {"epoch": 2, "update": 1.826, "loss": "93.646", "nll_loss": "3.716", "total": "179.055", "n_correct": "78.765", "ppl": "13.14", "accuracy": "43.989", "wps": "318.5", "ups": "1.78", "wpb": "179.1", "bsz": "8.9", "num_updates": "5800", "lr": "0.0005842", "gnorm": "54.386", "loss_scale": "128", "train_wall": "11", "gb_free": "75.7", "wall": "5669"}
[2026-06-13 17:45:02,885][train_inner][INFO] - {"epoch": 2, "update": 1.889, "loss": "90.752", "nll_loss": "3.651", "total": "178.135", "n_correct": "79.91", "ppl": "12.56", "accuracy": "44.859", "wps": "314.8", "ups": "1.77", "wpb": "178.1", "bsz": "9.1", "num_updates": "6000", "lr": "0.000604", "gnorm": "54.709", "loss_scale": "128", "train_wall": "11", "gb_free": "75.7", "wall": "5783"}
[2026-06-13 17:47:01,203][train_inner][INFO] - {"epoch": 2, "update": 1.952, "loss": "81.561", "nll_loss": "3.444", "total": "180.595", "n_correct": "85.56", "ppl": "10.89", "accuracy": "47.377", "wps": "305.3", "ups": "1.69", "wpb": "180.6", "bsz": "9.8", "num_updates": "6200", "lr": "0.0006238", "gnorm": "49.73", "loss_scale": "128", "train_wall": "11", "gb_free": "75.7", "wall": "5901"}
[2026-06-13 17:48:29,185][main][INFO] - begin validation on "valid" subset
[2026-06-13 17:49:42,203][valid][INFO] - {"epoch": 2, "valid_loss": "78.483", "valid_nll_loss": "3.111", "valid_total": "178.205", "valid_n_correct": "92.3701", "valid_ppl": "8.64", "valid_accuracy": "51.834", "valid_wps": "312.1", "valid_wpb": "178.2", "valid_bsz": "9.4", "valid_num_updates": "6352"}
[2026-06-13 17:49:42,204][fairseq.checkpoint_utils][INFO] - Preparing to save checkpoint for epoch 2 @ 6352 updates
[2026-06-13 17:49:42,204][trainer][INFO] - Saving checkpoint to checkpoints/checkpoint_best.pt
[2026-06-13 17:49:46,308][trainer][INFO] - Finished saving checkpoint to checkpoints/checkpoint_best.pt
[2026-06-13 17:49:51,867][fairseq.checkpoint_utils][INFO] - Saved checkpoint checkpoints/checkpoint_best.pt (epoch 2 @ 6352 updates, score 51.834) (writing took 9.663138099946082 seconds)
[2026-06-13 17:49:51,868][main][INFO] - end of epoch 2 (average epoch stats below)
[2026-06-13 17:49:51,881][train][INFO] - {"epoch": 2, "train_loss": "97.553", "train_nll_loss": "4.404", "train_total": "179.799", "train_n_correct": "65.7062", "train_ppl": "21.18", "train_accuracy": "36.544", "train_wps": "226.2", "train_ups": "1.26", "train_wpb": "179.8", "train_bsz": "9.7", "train_num_updates": "6352", "train_lr": "0.000638848", "train_gnorm": "54.71", "train_loss_scale": "128", "train_train_wall": "185", "train_gb_free": "75.7", "train_wall": "6072"}
[2026-06-13 17:49:52,422][trainer][INFO] - begin training epoch 3
[2026-06-13 17:49:52,422][main][INFO] - Start iterating over samples
[2026-06-13 17:50:20,911][train_inner][INFO] - {"epoch": 3, "update": 2.015, "loss": "79.957", "nll_loss": "3.324", "total": "177.825", "n_correct": "87.45", "ppl": "10.01", "accuracy": "49.178", "wps": "178.1", "ups": "1", "wpb": "177.8", "bsz": "9.6", "num_updates": "6400", "lr": "0.0006436", "gnorm": "48.036", "loss_scale": "128", "train_wall": "12", "gb_free": "75.7", "wall": "6101"}
[2026-06-13 17:52:23,030][train_inner][INFO] - {"epoch": 3, "update": 2.078, "loss": "76.92", "nll_loss": "3.192", "total": "183.205", "n_correct": "92.87", "ppl": "9.14", "accuracy": "50.692", "wps": "300.1", "ups": "1.64", "wpb": "183.2", "bsz": "10.1", "num_updates": "6600", "lr": "0.0006634", "gnorm": "47.685", "loss_scale": "128", "train_wall": "12", "gb_free": "75.7", "wall": "6223"}
[2026-06-13 17:54:21,850][train_inner][INFO] - {"epoch": 3, "update": 2.141, "loss": "75.339", "nll_loss": "3.097", "total": "177.205", "n_correct": "93", "ppl": "8.56", "accuracy": "52.482", "wps": "298.3", "ups": "1.68", "wpb": "177.2", "bsz": "9.8", "num_updates": "6800", "lr": "0.0006832", "gnorm": "45.454", "loss_scale": "128", "train_wall": "12", "gb_free": "75.7", "wall": "6342"}
[2026-06-13 17:56:20,289][train_inner][INFO] - {"epoch": 3, "update": 2.204, "loss": "74.439", "nll_loss": "3.073", "total": "178.395", "n_correct": "94.175", "ppl": "8.42", "accuracy": "52.79", "wps": "301.3", "ups": "1.69", "wpb": "178.4", "bsz": "9.9", "num_updates": "7000", "lr": "0.000703", "gnorm": "43.455", "loss_scale": "128", "train_wall": "12", "gb_free": "75.7", "wall": "6460"}
[2026-06-13 17:58:18,511][train_inner][INFO] - {"epoch": 3, "update": 2.267, "loss": "78.714", "nll_loss": "3.052", "total": "185.385", "n_correct": "98.88", "ppl": "8.29", "accuracy": "53.338", "wps": "313.7", "ups": "1.69", "wpb": "185.4", "bsz": "9.7", "num_updates": "7200", "lr": "0.0007228", "gnorm": "46.428", "loss_scale": "128", "train_wall": "12", "gb_free": "75.7", "wall": "6578"}
[2026-06-13 18:00:10,889][train_inner][INFO] - {"epoch": 3, "update": 2.33, "loss": "77.656", "nll_loss": "2.942", "total": "178.965", "n_correct": "98.465", "ppl": "7.69", "accuracy": "55.019", "wps": "318.5", "ups": "1.78", "wpb": "179", "bsz": "9.2", "num_updates": "7400", "lr": "0.0007426", "gnorm": "43.46", "loss_scale": "128", "train_wall": "12", "gb_free": "75.7", "wall": "6691"}
[2026-06-13 18:02:10,279][train_inner][INFO] - {"epoch": 3, "update": 2.393, "loss": "74.432", "nll_loss": "2.951", "total": "183.475", "n_correct": "101.185", "ppl": "7.73", "accuracy": "55.149", "wps": "307.4", "ups": "1.68", "wpb": "183.5", "bsz": "9.9", "num_updates": "7600", "lr": "0.0007624", "gnorm": "43.401", "loss_scale": "128", "train_wall": "12", "gb_free": "75.7", "wall": "6810"}
[2026-06-13 18:04:02,804][train_inner][INFO] - {"epoch": 3, "update": 2.456, "loss": "75.981", "nll_loss": "2.818", "total": "179.125", "n_correct": "101.97", "ppl": "7.05", "accuracy": "56.927", "wps": "318.4", "ups": "1.78", "wpb": "179.1", "bsz": "9.2", "num_updates": "7800", "lr": "0.0007822", "gnorm": "42.461", "loss_scale": "128", "train_wall": "12", "gb_free": "75.7", "wall": "6923"}
[2026-06-13 18:06:04,527][train_inner][INFO] - {"epoch": 3, "update": 2.519, "loss": "70.621", "nll_loss": "2.78", "total": "182.37", "n_correct": "104.895", "ppl": "6.87", "accuracy": "57.518", "wps": "299.7", "ups": "1.64", "wpb": "182.4", "bsz": "10", "num_updates": "8000", "lr": "0.000802", "gnorm": "41.598", "loss_scale": "128", "train_wall": "12", "gb_free": "75.7", "wall": "7044"}
[2026-06-13 18:08:04,902][train_inner][INFO] - {"epoch": 3, "update": 2.582, "loss": "70.744", "nll_loss": "2.722", "total": "179.46", "n_correct": "104.225", "ppl": "6.6", "accuracy": "58.077", "wps": "298.2", "ups": "1.66", "wpb": "179.5", "bsz": "9.7", "num_updates": "8200", "lr": "0.0008218", "gnorm": "38.867", "loss_scale": "128", "train_wall": "12", "gb_free": "75.7", "wall": "7165"}
[2026-06-13 18:10:00,095][train_inner][INFO] - {"epoch": 3, "update": 2.645, "loss": "69.617", "nll_loss": "2.666", "total": "178.09", "n_correct": "105.845", "ppl": "6.35", "accuracy": "59.433", "wps": "309.2", "ups": "1.74", "wpb": "178.1", "bsz": "9.6", "num_updates": "8400", "lr": "0.0008416", "gnorm": "37.664", "loss_scale": "128", "train_wall": "11", "gb_free": "75.7", "wall": "7280"}
[2026-06-13 18:11:53,729][train_inner][INFO] - {"epoch": 3, "update": 2.708, "loss": "72.404", "nll_loss": "2.595", "total": "177.395", "n_correct": "106.61", "ppl": "6.04", "accuracy": "60.098", "wps": "312.3", "ups": "1.76", "wpb": "177.4", "bsz": "9.1", "num_updates": "8600", "lr": "0.0008614", "gnorm": "37.657", "loss_scale": "128", "train_wall": "12", "gb_free": "75.7", "wall": "7393"}
[2026-06-13 18:13:46,671][train_inner][INFO] - {"epoch": 3, "update": 2.771, "loss": "67.241", "nll_loss": "2.534", "total": "181.54", "n_correct": "111.125", "ppl": "5.79", "accuracy": "61.212", "wps": "321.5", "ups": "1.77", "wpb": "181.5", "bsz": "9.9", "num_updates": "8800", "lr": "0.0008812", "gnorm": "36.463", "loss_scale": "128", "train_wall": "11", "gb_free": "75.7", "wall": "7506"}
[2026-06-13 18:15:42,025][train_inner][INFO] - {"epoch": 3, "update": 2.834, "loss": "63.182", "nll_loss": "2.464", "total": "175.895", "n_correct": "110.255", "ppl": "5.52", "accuracy": "62.682", "wps": "305", "ups": "1.73", "wpb": "175.9", "bsz": "10", "num_updates": "9000", "lr": "0.000901", "gnorm": "34.715", "loss_scale": "128", "train_wall": "11", "gb_free": "75.7", "wall": "7622"}
[2026-06-13 18:17:37,764][train_inner][INFO] - {"epoch": 3, "update": 2.897, "loss": "65.718", "nll_loss": "2.447", "total": "178.905", "n_correct": "112.205", "ppl": "5.45", "accuracy": "62.718", "wps": "309.2", "ups": "1.73", "wpb": "178.9", "bsz": "9.7", "num_updates": "9200", "lr": "0.0009208", "gnorm": "34.536", "loss_scale": "128", "train_wall": "12", "gb_free": "75.7", "wall": "7737"}
[2026-06-13 18:19:36,991][train_inner][INFO] - {"epoch": 3, "update": 2.96, "loss": "64.182", "nll_loss": "2.334", "total": "179", "n_correct": "115.725", "ppl": "5.04", "accuracy": "64.651", "wps": "300.3", "ups": "1.68", "wpb": "179", "bsz": "9.7", "num_updates": "9400", "lr": "0.0009406", "gnorm": "34.036", "loss_scale": "128", "train_wall": "12", "gb_free": "75.7", "wall": "7857"}
[2026-06-13 18:20:52,776][main][INFO] - end of epoch 3 (average epoch stats below)
[2026-06-13 18:20:52,788][train][INFO] - {"epoch": 3, "train_loss": "71.484", "train_nll_loss": "2.764", "train_total": "179.799", "train_n_correct": "103.802", "train_ppl": "6.79", "train_accuracy": "57.732", "train_wps": "306.9", "train_ups": "1.71", "train_wpb": "179.8", "train_bsz": "9.7", "train_num_updates": "9528", "train_lr": "0.000953272", "train_gnorm": "40.319", "train_loss_scale": "128", "train_train_wall": "184", "train_gb_free": "75.7", "train_wall": "7933"}
[2026-06-13 18:20:53,464][trainer][INFO] - begin training epoch 4
[2026-06-13 18:20:53,464][main][INFO] - Start iterating over samples
[2026-06-13 18:21:37,327][train_inner][INFO] - {"epoch": 4, "update": 3.023, "loss": "58.433", "nll_loss": "2.185", "total": "176.035", "n_correct": "117.585", "ppl": "4.55", "accuracy": "66.796", "wps": "292.6", "ups": "1.66", "wpb": "176", "bsz": "10.1", "num_updates": "9600", "lr": "0.0009604", "gnorm": "31.394", "loss_scale": "128", "train_wall": "12", "gb_free": "75.7", "wall": "7977"}
[2026-06-13 18:23:44,119][train_inner][INFO] - {"epoch": 4, "update": 3.086, "loss": "56.925", "nll_loss": "2.113", "total": "178.395", "n_correct": "120.73", "ppl": "4.33", "accuracy": "67.676", "wps": "281.4", "ups": "1.58", "wpb": "178.4", "bsz": "10.3", "num_updates": "9800", "lr": "0.0009802", "gnorm": "29.663", "loss_scale": "128", "train_wall": "12", "gb_free": "75.7", "wall": "8104"}
[2026-06-13 18:25:39,287][train_inner][INFO] - {"epoch": 4, "update": 3.149, "loss": "64.779", "nll_loss": "2.145", "total": "177.085", "n_correct": "118.545", "ppl": "4.42", "accuracy": "66.942", "wps": "307.6", "ups": "1.74", "wpb": "177.1", "bsz": "9.1", "num_updates": "10000", "lr": "0.001", "gnorm": "34.358", "loss_scale": "128", "train_wall": "12", "gb_free": "75.7", "wall": "8219"}
[2026-06-13 18:27:38,853][train_inner][INFO] - {"epoch": 4, "update": 3.212, "loss": "56.813", "nll_loss": "2.035", "total": "176.615", "n_correct": "121.385", "ppl": "4.1", "accuracy": "68.729", "wps": "295.5", "ups": "1.67", "wpb": "176.6", "bsz": "10", "num_updates": "10200", "lr": "0.000970487", "gnorm": "29.931", "loss_scale": "128", "train_wall": "12", "gb_free": "75.7", "wall": "8339"}
[2026-06-13 18:29:41,688][train_inner][INFO] - {"epoch": 4, "update": 3.275, "loss": "60.865", "nll_loss": "2.072", "total": "179.855", "n_correct": "123.38", "ppl": "4.21", "accuracy": "68.6", "wps": "292.9", "ups": "1.63", "wpb": "179.9", "bsz": "9.6", "num_updates": "10400", "lr": "0.000941845", "gnorm": "31.605", "loss_scale": "128", "train_wall": "11", "gb_free": "75.7", "wall": "8461"}
[2026-06-13 18:31:31,878][train_inner][INFO] - {"epoch": 4, "update": 3.338, "loss": "62.497", "nll_loss": "1.972", "total": "179.76", "n_correct": "125.915", "ppl": "3.92", "accuracy": "70.046", "wps": "326.3", "ups": "1.82", "wpb": "179.8", "bsz": "9.1", "num_updates": "10600", "lr": "0.000914048", "gnorm": "30.378", "loss_scale": "128", "train_wall": "11", "gb_free": "75.7", "wall": "8572"}
[2026-06-13 18:33:27,179][train_inner][INFO] - {"epoch": 4, "update": 3.401, "loss": "56.811", "nll_loss": "1.896", "total": "177.71", "n_correct": "126.105", "ppl": "3.72", "accuracy": "70.961", "wps": "308.3", "ups": "1.73", "wpb": "177.7", "bsz": "9.7", "num_updates": "10800", "lr": "0.000887072", "gnorm": "28.978", "loss_scale": "128", "train_wall": "11", "gb_free": "75.7", "wall": "8687"}
[2026-06-13 18:35:23,875][train_inner][INFO] - {"epoch": 4, "update": 3.463, "loss": "57.973", "nll_loss": "1.872", "total": "182.28", "n_correct": "130.375", "ppl": "3.66", "accuracy": "71.525", "wps": "312.4", "ups": "1.71", "wpb": "182.3", "bsz": "9.7", "num_updates": "11000", "lr": "0.000860892", "gnorm": "29.125", "loss_scale": "128", "train_wall": "12", "gb_free": "75.7", "wall": "8804"}
[2026-06-13 18:37:14,952][train_inner][INFO] - {"epoch": 4, "update": 3.526, "loss": "60.048", "nll_loss": "1.837", "total": "181.47", "n_correct": "130.94", "ppl": "3.57", "accuracy": "72.155", "wps": "326.8", "ups": "1.8", "wpb": "181.5", "bsz": "9.2", "num_updates": "11200", "lr": "0.000835484", "gnorm": "28.589", "loss_scale": "128", "train_wall": "12", "gb_free": "75.7", "wall": "8915"}
[2026-06-13 18:39:14,294][train_inner][INFO] - {"epoch": 4, "update": 3.589, "loss": "54.541", "nll_loss": "1.718", "total": "181.29", "n_correct": "133.945", "ppl": "3.29", "accuracy": "73.884", "wps": "303.8", "ups": "1.68", "wpb": "181.3", "bsz": "9.8", "num_updates": "11400", "lr": "0.000810826", "gnorm": "27.072", "loss_scale": "128", "train_wall": "12", "gb_free": "75.7", "wall": "9034"}
[2026-06-13 18:41:07,223][train_inner][INFO] - {"epoch": 4, "update": 3.652, "loss": "57.382", "nll_loss": "1.758", "total": "180.505", "n_correct": "132.1", "ppl": "3.38", "accuracy": "73.184", "wps": "319.7", "ups": "1.77", "wpb": "180.5", "bsz": "9.3", "num_updates": "11600", "lr": "0.000786896", "gnorm": "28.649", "loss_scale": "128", "train_wall": "11", "gb_free": "75.7", "wall": "9147"}
[2026-06-13 18:43:00,967][train_inner][INFO] - {"epoch": 4, "update": 3.715, "loss": "55.75", "nll_loss": "1.659", "total": "179.3", "n_correct": "134.08", "ppl": "3.16", "accuracy": "74.78", "wps": "315.3", "ups": "1.76", "wpb": "179.3", "bsz": "9.3", "num_updates": "11800", "lr": "0.000763673", "gnorm": "25.774", "loss_scale": "128", "train_wall": "11", "gb_free": "75.7", "wall": "9261"}
[2026-06-13 18:44:53,047][train_inner][INFO] - {"epoch": 4, "update": 3.778, "loss": "55.901", "nll_loss": "1.657", "total": "183.885", "n_correct": "137.375", "ppl": "3.15", "accuracy": "74.707", "wps": "328.2", "ups": "1.78", "wpb": "183.9", "bsz": "9.5", "num_updates": "12000", "lr": "0.000741134", "gnorm": "28.822", "loss_scale": "128", "train_wall": "12", "gb_free": "75.7", "wall": "9373"}
[2026-06-13 18:46:55,699][train_inner][INFO] - {"epoch": 4, "update": 3.841, "loss": "44.847", "nll_loss": "1.477", "total": "181.22", "n_correct": "141.015", "ppl": "2.78", "accuracy": "77.814", "wps": "295.5", "ups": "1.63", "wpb": "181.2", "bsz": "11", "num_updates": "12200", "lr": "0.000719261", "gnorm": "22.623", "loss_scale": "128", "train_wall": "12", "gb_free": "75.7", "wall": "9495"}
[2026-06-13 18:48:52,824][train_inner][INFO] - {"epoch": 4, "update": 3.904, "loss": "50.852", "nll_loss": "1.559", "total": "181.525", "n_correct": "139.22", "ppl": "2.95", "accuracy": "76.695", "wps": "310", "ups": "1.71", "wpb": "181.5", "bsz": "10", "num_updates": "12400", "lr": "0.000698034", "gnorm": "25.049", "loss_scale": "128", "train_wall": "12", "gb_free": "75.7", "wall": "9613"}
[2026-06-13 18:50:44,241][train_inner][INFO] - {"epoch": 4, "update": 3.967, "loss": "52.923", "nll_loss": "1.505", "total": "180.67", "n_correct": "140.285", "ppl": "2.84", "accuracy": "77.647", "wps": "324.3", "ups": "1.8", "wpb": "180.7", "bsz": "9.4", "num_updates": "12600", "lr": "0.000677433", "gnorm": "25.331", "loss_scale": "128", "train_wall": "12", "gb_free": "75.7", "wall": "9724"}
[2026-06-13 18:51:42,225][main][INFO] - begin validation on "valid" subset
[2026-06-13 18:52:53,826][valid][INFO] - {"epoch": 4, "valid_loss": "47.372", "valid_nll_loss": "1.183", "valid_total": "178.205", "valid_n_correct": "145.598", "valid_ppl": "2.27", "valid_accuracy": "81.703", "valid_wps": "318.5", "valid_wpb": "178.2", "valid_bsz": "9.4", "valid_num_updates": "12704", "valid_best_accuracy": "81.703"}
[2026-06-13 18:52:53,827][fairseq.checkpoint_utils][INFO] - Preparing to save checkpoint for epoch 4 @ 12704 updates
[2026-06-13 18:52:53,828][trainer][INFO] - Saving checkpoint to checkpoints/checkpoint_best.pt
[2026-06-13 18:52:57,884][trainer][INFO] - Finished saving checkpoint to checkpoints/checkpoint_best.pt
[2026-06-13 18:53:03,634][fairseq.checkpoint_utils][INFO] - Saved checkpoint checkpoints/checkpoint_best.pt (epoch 4 @ 12704 updates, score 81.703) (writing took 9.807181009906344 seconds)
[2026-06-13 18:53:03,634][main][INFO] - end of epoch 4 (average epoch stats below)
[2026-06-13 18:53:03,649][train][INFO] - {"epoch": 4, "train_loss": "56.004", "train_nll_loss": "1.809", "train_total": "179.799", "train_n_correct": "130.357", "train_ppl": "3.5", "train_accuracy": "72.502", "train_wps": "295.7", "train_ups": "1.64", "train_wpb": "179.8", "train_bsz": "9.7", "train_num_updates": "12704", "train_lr": "0.000666961", "train_gnorm": "28.245", "train_loss_scale": "128", "train_train_wall": "184", "train_gb_free": "75.7", "train_wall": "9863"}
[2026-06-13 18:53:04,169][trainer][INFO] - begin training epoch 5
[2026-06-13 18:53:04,169][main][INFO] - Start iterating over samples
[2026-06-13 18:53:58,875][train_inner][INFO] - {"epoch": 5, "update": 4.03, "loss": "47.262", "nll_loss": "1.37", "total": "176.29", "n_correct": "139.735", "ppl": "2.59", "accuracy": "79.264", "wps": "181.2", "ups": "1.03", "wpb": "176.3", "bsz": "9.8", "num_updates": "12800", "lr": "0.00065744", "gnorm": "22.444", "loss_scale": "128", "train_wall": "12", "gb_free": "75.7", "wall": "9919"}
[2026-06-13 18:55:52,276][train_inner][INFO] - {"epoch": 5, "update": 4.093, "loss": "49.639", "nll_loss": "1.295", "total": "178.905", "n_correct": "144.785", "ppl": "2.45", "accuracy": "80.928", "wps": "315.6", "ups": "1.76", "wpb": "178.9", "bsz": "9.2", "num_updates": "13000", "lr": "0.000638036", "gnorm": "23.667", "loss_scale": "128", "train_wall": "12", "gb_free": "75.7", "wall": "10032"}
[2026-06-13 18:57:45,879][train_inner][INFO] - {"epoch": 5, "update": 4.156, "loss": "48.148", "nll_loss": "1.281", "total": "181.26", "n_correct": "146.37", "ppl": "2.43", "accuracy": "80.751", "wps": "319.1", "ups": "1.76", "wpb": "181.3", "bsz": "9.6", "num_updates": "13200", "lr": "0.000619206", "gnorm": "22.576", "loss_scale": "128", "train_wall": "12", "gb_free": "75.7", "wall": "10146"}
[2026-06-13 18:59:43,883][train_inner][INFO] - {"epoch": 5, "update": 4.219, "loss": "48.417", "nll_loss": "1.27", "total": "180.4", "n_correct": "145.695", "ppl": "2.41", "accuracy": "80.762", "wps": "305.8", "ups": "1.7", "wpb": "180.4", "bsz": "9.5", "num_updates": "13400", "lr": "0.000600931", "gnorm": "22.74", "loss_scale": "128", "train_wall": "12", "gb_free": "75.7", "wall": "10264"}
[2026-06-13 19:01:43,769][train_inner][INFO] - {"epoch": 5, "update": 4.282, "loss": "45.395", "nll_loss": "1.264", "total": "181.74", "n_correct": "147.055", "ppl": "2.4", "accuracy": "80.915", "wps": "303.2", "ups": "1.67", "wpb": "181.7", "bsz": "10.2", "num_updates": "13600", "lr": "0.000583196", "gnorm": "22.185", "loss_scale": "128", "train_wall": "12", "gb_free": "75.7", "wall": "10384"}
[2026-06-13 19:03:43,853][train_inner][INFO] - {"epoch": 5, "update": 4.345, "loss": "44.917", "nll_loss": "1.234", "total": "182.53", "n_correct": "148.99", "ppl": "2.35", "accuracy": "81.625", "wps": "304.1", "ups": "1.67", "wpb": "182.5", "bsz": "10.2", "num_updates": "13800", "lr": "0.000565984", "gnorm": "22.035", "loss_scale": "128", "train_wall": "12", "gb_free": "75.7", "wall": "10504"}
[2026-06-13 19:05:43,958][train_inner][INFO] - {"epoch": 5, "update": 4.408, "loss": "47.61", "nll_loss": "1.204", "total": "185.455", "n_correct": "152.4", "ppl": "2.3", "accuracy": "82.176", "wps": "308.9", "ups": "1.67", "wpb": "185.5", "bsz": "9.7", "num_updates": "14000", "lr": "0.00054928", "gnorm": "22.576", "loss_scale": "128", "train_wall": "12", "gb_free": "75.7", "wall": "10624"}
[2026-06-13 19:07:36,324][train_inner][INFO] - {"epoch": 5, "update": 4.471, "loss": "48.499", "nll_loss": "1.215", "total": "176.07", "n_correct": "144.2", "ppl": "2.32", "accuracy": "81.899", "wps": "313.4", "ups": "1.78", "wpb": "176.1", "bsz": "9", "num_updates": "14200", "lr": "0.000533069", "gnorm": "22.99", "loss_scale": "128", "train_wall": "12", "gb_free": "75.7", "wall": "10736"}
[2026-06-13 19:09:34,803][train_inner][INFO] - {"epoch": 5, "update": 4.534, "loss": "41.037", "nll_loss": "1.177", "total": "177.155", "n_correct": "146.16", "ppl": "2.26", "accuracy": "82.504", "wps": "299.1", "ups": "1.69", "wpb": "177.2", "bsz": "10.6", "num_updates": "14400", "lr": "0.000517337", "gnorm": "19.76", "loss_scale": "128", "train_wall": "12", "gb_free": "75.7", "wall": "10855"}
[2026-06-13 19:11:37,499][train_inner][INFO] - {"epoch": 5, "update": 4.597, "loss": "43.65", "nll_loss": "1.178", "total": "182.485", "n_correct": "150.74", "ppl": "2.26", "accuracy": "82.604", "wps": "297.5", "ups": "1.63", "wpb": "182.5", "bsz": "10.3", "num_updates": "14600", "lr": "0.000502069", "gnorm": "21.426", "loss_scale": "128", "train_wall": "12", "gb_free": "75.7", "wall": "10977"}
[2026-06-13 19:13:33,662][train_inner][INFO] - {"epoch": 5, "update": 4.66, "loss": "45.615", "nll_loss": "1.164", "total": "179.22", "n_correct": "148.03", "ppl": "2.24", "accuracy": "82.597", "wps": "308.6", "ups": "1.72", "wpb": "179.2", "bsz": "9.6", "num_updates": "14800", "lr": "0.000487251", "gnorm": "21.558", "loss_scale": "128", "train_wall": "12", "gb_free": "75.7", "wall": "11093"}
[2026-06-13 19:15:30,360][train_inner][INFO] - {"epoch": 5, "update": 4.723, "loss": "42.836", "nll_loss": "1.089", "total": "179.57", "n_correct": "150.345", "ppl": "2.13", "accuracy": "83.725", "wps": "307.8", "ups": "1.71", "wpb": "179.6", "bsz": "10", "num_updates": "15000", "lr": "0.000472871", "gnorm": "19.933", "loss_scale": "128", "train_wall": "12", "gb_free": "75.7", "wall": "11210"}
[2026-06-13 19:17:27,884][train_inner][INFO] - {"epoch": 5, "update": 4.786, "loss": "45.563", "nll_loss": "1.111", "total": "177.655", "n_correct": "148.535", "ppl": "2.16", "accuracy": "83.609", "wps": "302.4", "ups": "1.7", "wpb": "177.7", "bsz": "9.3", "num_updates": "15200", "lr": "0.000458915", "gnorm": "21.561", "loss_scale": "128", "train_wall": "12", "gb_free": "75.7", "wall": "11328"}
[2026-06-13 19:19:20,916][train_inner][INFO] - {"epoch": 5, "update": 4.849, "loss": "45.6", "nll_loss": "1.131", "total": "179.6", "n_correct": "149.675", "ppl": "2.19", "accuracy": "83.338", "wps": "317.8", "ups": "1.77", "wpb": "179.6", "bsz": "9.5", "num_updates": "15400", "lr": "0.000445371", "gnorm": "21.29", "loss_scale": "128", "train_wall": "12", "gb_free": "75.7", "wall": "11441"}
[2026-06-13 19:21:10,304][train_inner][INFO] - {"epoch": 5, "update": 4.912, "loss": "47.808", "nll_loss": "1.096", "total": "178.735", "n_correct": "150.1", "ppl": "2.14", "accuracy": "83.979", "wps": "326.8", "ups": "1.83", "wpb": "178.7", "bsz": "8.9", "num_updates": "15600", "lr": "0.000432227", "gnorm": "21.473", "loss_scale": "128", "train_wall": "11", "gb_free": "75.7", "wall": "11550"}
[2026-06-13 19:23:07,917][train_inner][INFO] - {"epoch": 5, "update": 4.975, "loss": "42.395", "nll_loss": "1.08", "total": "179.115", "n_correct": "150.71", "ppl": "2.11", "accuracy": "84.141", "wps": "304.6", "ups": "1.7", "wpb": "179.1", "bsz": "10", "num_updates": "15800", "lr": "0.00041947", "gnorm": "20.573", "loss_scale": "128", "train_wall": "12", "gb_free": "75.7", "wall": "11668"}
[2026-06-13 19:23:52,085][main][INFO] - end of epoch 5 (average epoch stats below)
[2026-06-13 19:23:52,094][train][INFO] - {"epoch": 5, "train_loss": "45.73", "train_nll_loss": "1.186", "train_total": "179.799", "train_n_correct": "148.062", "train_ppl": "2.28", "train_accuracy": "82.349", "train_wps": "308.9", "train_ups": "1.72", "train_wpb": "179.8", "train_bsz": "9.7", "train_num_updates": "15880", "train_lr": "0.000414474", "train_gnorm": "21.73", "train_loss_scale": "128", "train_train_wall": "186", "train_gb_free": "75.7", "train_wall": "11712"}
[2026-06-13 19:23:52,651][trainer][INFO] - begin training epoch 6
[2026-06-13 19:23:52,651][main][INFO] - Start iterating over samples
[2026-06-13 19:25:07,371][train_inner][INFO] - {"epoch": 6, "update": 5.038, "loss": "41.972", "nll_loss": "0.981", "total": "179.67", "n_correct": "153.375", "ppl": "1.97", "accuracy": "85.365", "wps": "300.8", "ups": "1.67", "wpb": "179.7", "bsz": "9.8", "num_updates": "16000", "lr": "0.000407091", "gnorm": "19.337", "loss_scale": "128", "train_wall": "12", "gb_free": "75.7", "wall": "11787"}
[2026-06-13 19:27:04,216][train_inner][INFO] - {"epoch": 6, "update": 5.101, "loss": "40.819", "nll_loss": "0.937", "total": "181.555", "n_correct": "156.68", "ppl": "1.92", "accuracy": "86.299", "wps": "310.8", "ups": "1.71", "wpb": "181.6", "bsz": "10", "num_updates": "16200", "lr": "0.000395076", "gnorm": "19.622", "loss_scale": "128", "train_wall": "12", "gb_free": "75.7", "wall": "11904"}
[2026-06-13 19:28:56,387][train_inner][INFO] - {"epoch": 6, "update": 5.164, "loss": "44.169", "nll_loss": "0.938", "total": "176.39", "n_correct": "152.245", "ppl": "1.92", "accuracy": "86.312", "wps": "314.6", "ups": "1.78", "wpb": "176.4", "bsz": "9", "num_updates": "16400", "lr": "0.000383416", "gnorm": "20.065", "loss_scale": "256", "train_wall": "12", "gb_free": "75.7", "wall": "12016"}
[2026-06-13 19:30:54,557][train_inner][INFO] - {"epoch": 6, "update": 5.227, "loss": "41.239", "nll_loss": "0.958", "total": "181.675", "n_correct": "156.52", "ppl": "1.94", "accuracy": "86.154", "wps": "307.5", "ups": "1.69", "wpb": "181.7", "bsz": "10", "num_updates": "16600", "lr": "0.0003721", "gnorm": "19.356", "loss_scale": "256", "train_wall": "12", "gb_free": "75.7", "wall": "12134"}
[2026-06-13 19:32:57,285][train_inner][INFO] - {"epoch": 6, "update": 5.29, "loss": "39.585", "nll_loss": "0.897", "total": "183.545", "n_correct": "159.44", "ppl": "1.86", "accuracy": "86.867", "wps": "299.1", "ups": "1.63", "wpb": "183.5", "bsz": "10.2", "num_updates": "16800", "lr": "0.000361119", "gnorm": "18.853", "loss_scale": "256", "train_wall": "12", "gb_free": "75.7", "wall": "12257"}
[2026-06-13 19:34:42,775][train_inner][INFO] - {"epoch": 6, "update": 5.353, "loss": "41.753", "nll_loss": "0.941", "total": "179.29", "n_correct": "154.685", "ppl": "1.92", "accuracy": "86.276", "wps": "340", "ups": "1.9", "wpb": "179.3", "bsz": "9.6", "num_updates": "17000", "lr": "0.000350461", "gnorm": "19.593", "loss_scale": "256", "train_wall": "11", "gb_free": "75.7", "wall": "12363"}
[2026-06-13 19:36:26,690][train_inner][INFO] - {"epoch": 6, "update": 5.416, "loss": "42.81", "nll_loss": "0.953", "total": "182.66", "n_correct": "157.375", "ppl": "1.94", "accuracy": "86.157", "wps": "351.6", "ups": "1.92", "wpb": "182.7", "bsz": "9.6", "num_updates": "17200", "lr": "0.000340118", "gnorm": "20.116", "loss_scale": "256", "train_wall": "11", "gb_free": "75.7", "wall": "12466"}
[2026-06-13 19:38:15,203][train_inner][INFO] - {"epoch": 6, "update": 5.479, "loss": "43.063", "nll_loss": "0.919", "total": "177.635", "n_correct": "154.33", "ppl": "1.89", "accuracy": "86.88", "wps": "327.4", "ups": "1.84", "wpb": "177.6", "bsz": "9.2", "num_updates": "17400", "lr": "0.00033008", "gnorm": "18.989", "loss_scale": "256", "train_wall": "12", "gb_free": "75.7", "wall": "12575"}
[2026-06-13 19:40:13,208][train_inner][INFO] - {"epoch": 6, "update": 5.542, "loss": "41.352", "nll_loss": "0.898", "total": "180.2", "n_correct": "156.73", "ppl": "1.86", "accuracy": "86.976", "wps": "305.5", "ups": "1.7", "wpb": "180.2", "bsz": "9.6", "num_updates": "17600", "lr": "0.000320338", "gnorm": "19.018", "loss_scale": "256", "train_wall": "11", "gb_free": "75.7", "wall": "12693"}
[2026-06-13 19:42:12,175][train_inner][INFO] - {"epoch": 6, "update": 5.605, "loss": "42.073", "nll_loss": "0.89", "total": "183.14", "n_correct": "159.605", "ppl": "1.85", "accuracy": "87.149", "wps": "307.9", "ups": "1.68", "wpb": "183.1", "bsz": "9.6", "num_updates": "17800", "lr": "0.000310884", "gnorm": "18.758", "loss_scale": "256", "train_wall": "12", "gb_free": "75.7", "wall": "12812"}
[2026-06-13 19:44:11,146][train_inner][INFO] - {"epoch": 6, "update": 5.668, "loss": "38.576", "nll_loss": "0.921", "total": "176.32", "n_correct": "152.725", "ppl": "1.89", "accuracy": "86.618", "wps": "296.5", "ups": "1.68", "wpb": "176.3", "bsz": "10.2", "num_updates": "18000", "lr": "0.000301709", "gnorm": "17.731", "loss_scale": "256", "train_wall": "12", "gb_free": "75.7", "wall": "12931"}
[2026-06-13 19:46:09,516][train_inner][INFO] - {"epoch": 6, "update": 5.73, "loss": "40.301", "nll_loss": "0.884", "total": "179.7", "n_correct": "157.175", "ppl": "1.85", "accuracy": "87.465", "wps": "303.7", "ups": "1.69", "wpb": "179.7", "bsz": "9.8", "num_updates": "18200", "lr": "0.000292804", "gnorm": "18.706", "loss_scale": "256", "train_wall": "12", "gb_free": "75.7", "wall": "13049"}
[2026-06-13 19:48:07,785][train_inner][INFO] - {"epoch": 6, "update": 5.793, "loss": "40.288", "nll_loss": "0.899", "total": "180.685", "n_correct": "157.31", "ppl": "1.86", "accuracy": "87.063", "wps": "305.6", "ups": "1.69", "wpb": "180.7", "bsz": "9.9", "num_updates": "18400", "lr": "0.000284163", "gnorm": "18.55", "loss_scale": "256", "train_wall": "12", "gb_free": "75.7", "wall": "13168"}
[2026-06-13 19:50:08,153][train_inner][INFO] - {"epoch": 6, "update": 5.856, "loss": "37.875", "nll_loss": "0.87", "total": "179.465", "n_correct": "156.97", "ppl": "1.83", "accuracy": "87.466", "wps": "298.2", "ups": "1.66", "wpb": "179.5", "bsz": "10.3", "num_updates": "18600", "lr": "0.000275776", "gnorm": "17.673", "loss_scale": "256", "train_wall": "12", "gb_free": "75.7", "wall": "13288"}
[2026-06-13 19:52:06,436][train_inner][INFO] - {"epoch": 6, "update": 5.919, "loss": "40.086", "nll_loss": "0.872", "total": "179.14", "n_correct": "156.88", "ppl": "1.83", "accuracy": "87.574", "wps": "302.9", "ups": "1.69", "wpb": "179.1", "bsz": "9.7", "num_updates": "18800", "lr": "0.000267637", "gnorm": "18.343", "loss_scale": "256", "train_wall": "12", "gb_free": "75.7", "wall": "13406"}
[2026-06-13 19:53:54,455][train_inner][INFO] - {"epoch": 6, "update": 5.982, "loss": "43.735", "nll_loss": "0.851", "total": "175.545", "n_correct": "154.045", "ppl": "1.8", "accuracy": "87.752", "wps": "325.1", "ups": "1.85", "wpb": "175.5", "bsz": "8.7", "num_updates": "19000", "lr": "0.000259739", "gnorm": "18.535", "loss_scale": "256", "train_wall": "11", "gb_free": "75.7", "wall": "13514"}
[2026-06-13 19:54:22,827][main][INFO] - begin validation on "valid" subset
[2026-06-13 19:55:29,230][valid][INFO] - {"epoch": 6, "valid_loss": "40.327", "valid_nll_loss": "0.781", "valid_total": "178.205", "valid_n_correct": "157.669", "valid_ppl": "1.72", "valid_accuracy": "88.476", "valid_wps": "343.2", "valid_wpb": "178.2", "valid_bsz": "9.4", "valid_num_updates": "19056", "valid_best_accuracy": "88.476"}
[2026-06-13 19:55:29,232][fairseq.checkpoint_utils][INFO] - Preparing to save checkpoint for epoch 6 @ 19056 updates
[2026-06-13 19:55:29,232][trainer][INFO] - Saving checkpoint to checkpoints/checkpoint_best.pt
[2026-06-13 19:55:33,234][trainer][INFO] - Finished saving checkpoint to checkpoints/checkpoint_best.pt
[2026-06-13 19:55:38,750][fairseq.checkpoint_utils][INFO] - Saved checkpoint checkpoints/checkpoint_best.pt (epoch 6 @ 19056 updates, score 88.476) (writing took 9.518282771925442 seconds)
[2026-06-13 19:55:38,750][main][INFO] - end of epoch 6 (average epoch stats below)
[2026-06-13 19:55:38,763][train][INFO] - {"epoch": 6, "train_loss": "41.079", "train_nll_loss": "0.909", "train_total": "179.799", "train_n_correct": "156.137", "train_ppl": "1.88", "train_accuracy": "86.84", "train_wps": "299.5", "train_ups": "1.67", "train_wpb": "179.8", "train_bsz": "9.7", "train_num_updates": "19056", "train_lr": "0.000257569", "train_gnorm": "18.921", "train_loss_scale": "256", "train_train_wall": "185", "train_gb_free": "75.7", "train_wall": "13618"}
[2026-06-13 19:55:39,275][trainer][INFO] - begin training epoch 7
[2026-06-13 19:55:39,276][main][INFO] - Start iterating over samples
[2026-06-13 19:56:58,573][train_inner][INFO] - {"epoch": 7, "update": 6.045, "loss": "36.888", "nll_loss": "0.787", "total": "179.55", "n_correct": "159.315", "ppl": "1.73", "accuracy": "88.73", "wps": "195.1", "ups": "1.09", "wpb": "179.6", "bsz": "10.2", "num_updates": "19200", "lr": "0.000252073", "gnorm": "17.17", "loss_scale": "256", "train_wall": "11", "gb_free": "75.7", "wall": "13698"}
[2026-06-13 19:58:55,744][train_inner][INFO] - {"epoch": 7, "update": 6.108, "loss": "40.721", "nll_loss": "0.759", "total": "182.085", "n_correct": "162.84", "ppl": "1.69", "accuracy": "89.431", "wps": "310.9", "ups": "1.71", "wpb": "182.1", "bsz": "9.3", "num_updates": "19400", "lr": "0.000244633", "gnorm": "17.508", "loss_scale": "256", "train_wall": "12", "gb_free": "75.7", "wall": "13815"}
[2026-06-13 20:00:54,172][train_inner][INFO] - {"epoch": 7, "update": 6.171, "loss": "37.23", "nll_loss": "0.773", "total": "180.175", "n_correct": "160.715", "ppl": "1.71", "accuracy": "89.199", "wps": "304.3", "ups": "1.69", "wpb": "180.2", "bsz": "10.1", "num_updates": "19600", "lr": "0.000237414", "gnorm": "16.79", "loss_scale": "256", "train_wall": "12", "gb_free": "75.7", "wall": "13934"}
[2026-06-13 20:02:54,196][train_inner][INFO] - {"epoch": 7, "update": 6.234, "loss": "35.638", "nll_loss": "0.762", "total": "177.69", "n_correct": "158.72", "ppl": "1.7", "accuracy": "89.324", "wps": "296.2", "ups": "1.67", "wpb": "177.7", "bsz": "10.4", "num_updates": "19800", "lr": "0.000230407", "gnorm": "16.678", "loss_scale": "256", "train_wall": "12", "gb_free": "75.7", "wall": "14054"}
[2026-06-13 20:04:42,706][train_inner][INFO] - {"epoch": 7, "update": 6.297, "loss": "41.847", "nll_loss": "0.792", "total": "179.895", "n_correct": "159.79", "ppl": "1.73", "accuracy": "88.824", "wps": "331.6", "ups": "1.84", "wpb": "179.9", "bsz": "9.1", "num_updates": "20000", "lr": "0.000223607", "gnorm": "17.785", "loss_scale": "256", "train_wall": "12", "gb_free": "75.7", "wall": "14162"}
[2026-06-13 20:06:44,860][train_inner][INFO] - {"epoch": 7, "update": 6.36, "loss": "37.328", "nll_loss": "0.739", "total": "182.98", "n_correct": "164.18", "ppl": "1.67", "accuracy": "89.726", "wps": "299.6", "ups": "1.64", "wpb": "183", "bsz": "10.1", "num_updates": "20200", "lr": "0.000217007", "gnorm": "16.604", "loss_scale": "256", "train_wall": "12", "gb_free": "75.7", "wall": "14285"}
[2026-06-13 20:08:43,847][train_inner][INFO] - {"epoch": 7, "update": 6.423, "loss": "38.29", "nll_loss": "0.744", "total": "180.46", "n_correct": "161.785", "ppl": "1.67", "accuracy": "89.651", "wps": "303.4", "ups": "1.68", "wpb": "180.5", "bsz": "9.7", "num_updates": "20400", "lr": "0.000210603", "gnorm": "16.73", "loss_scale": "256", "train_wall": "12", "gb_free": "75.7", "wall": "14404"}
[2026-06-13 20:10:44,135][train_inner][INFO] - {"epoch": 7, "update": 6.486, "loss": "38.979", "nll_loss": "0.782", "total": "178.87", "n_correct": "159.01", "ppl": "1.72", "accuracy": "88.897", "wps": "297.5", "ups": "1.66", "wpb": "178.9", "bsz": "9.6", "num_updates": "20600", "lr": "0.000204387", "gnorm": "18.022", "loss_scale": "256", "train_wall": "12", "gb_free": "75.7", "wall": "14524"}
[2026-06-13 20:12:42,564][train_inner][INFO] - {"epoch": 7, "update": 6.549, "loss": "39.026", "nll_loss": "0.751", "total": "179.785", "n_correct": "160.95", "ppl": "1.68", "accuracy": "89.524", "wps": "303.7", "ups": "1.69", "wpb": "179.8", "bsz": "9.5", "num_updates": "20800", "lr": "0.000198355", "gnorm": "17.464", "loss_scale": "256", "train_wall": "12", "gb_free": "75.7", "wall": "14642"}
[2026-06-13 20:14:42,610][train_inner][INFO] - {"epoch": 7, "update": 6.612, "loss": "37.058", "nll_loss": "0.764", "total": "182.095", "n_correct": "162.25", "ppl": "1.7", "accuracy": "89.102", "wps": "303.4", "ups": "1.67", "wpb": "182.1", "bsz": "10.2", "num_updates": "21000", "lr": "0.000192501", "gnorm": "17.092", "loss_scale": "256", "train_wall": "12", "gb_free": "75.7", "wall": "14762"}
[2026-06-13 20:16:37,392][train_inner][INFO] - {"epoch": 7, "update": 6.675, "loss": "37.55", "nll_loss": "0.741", "total": "180.125", "n_correct": "161.595", "ppl": "1.67", "accuracy": "89.713", "wps": "313.9", "ups": "1.74", "wpb": "180.1", "bsz": "9.9", "num_updates": "21200", "lr": "0.00018682", "gnorm": "17.396", "loss_scale": "256", "train_wall": "12", "gb_free": "75.7", "wall": "14877"}
[2026-06-13 20:18:29,982][train_inner][INFO] - {"epoch": 7, "update": 6.738, "loss": "39.758", "nll_loss": "0.781", "total": "178.32", "n_correct": "158.83", "ppl": "1.72", "accuracy": "89.07", "wps": "316.8", "ups": "1.78", "wpb": "178.3", "bsz": "9.4", "num_updates": "21400", "lr": "0.000181306", "gnorm": "17.575", "loss_scale": "256", "train_wall": "12", "gb_free": "75.7", "wall": "14990"}
[2026-06-13 20:20:22,745][train_inner][INFO] - {"epoch": 7, "update": 6.801, "loss": "41.764", "nll_loss": "0.744", "total": "178.405", "n_correct": "159.865", "ppl": "1.67", "accuracy": "89.608", "wps": "316.5", "ups": "1.77", "wpb": "178.4", "bsz": "8.8", "num_updates": "21600", "lr": "0.000175955", "gnorm": "18.618", "loss_scale": "256", "train_wall": "12", "gb_free": "75.7", "wall": "15102"}
[2026-06-13 20:22:08,728][train_inner][INFO] - {"epoch": 7, "update": 6.864, "loss": "38.843", "nll_loss": "0.733", "total": "180", "n_correct": "161.58", "ppl": "1.66", "accuracy": "89.767", "wps": "339.7", "ups": "1.89", "wpb": "180", "bsz": "9.5", "num_updates": "21800", "lr": "0.000170762", "gnorm": "18.108", "loss_scale": "256", "train_wall": "11", "gb_free": "75.7", "wall": "15208"}
[2026-06-13 20:23:48,081][train_inner][INFO] - {"epoch": 7, "update": 6.927, "loss": "38.715", "nll_loss": "0.75", "total": "176.71", "n_correct": "158.425", "ppl": "1.68", "accuracy": "89.653", "wps": "355.8", "ups": "2.01", "wpb": "176.7", "bsz": "9.4", "num_updates": "22000", "lr": "0.000165723", "gnorm": "17.511", "loss_scale": "256", "train_wall": "11", "gb_free": "75.7", "wall": "15308"}
[2026-06-13 20:25:36,107][train_inner][INFO] - {"epoch": 7, "update": 6.99, "loss": "37.714", "nll_loss": "0.735", "total": "178.495", "n_correct": "160.225", "ppl": "1.66", "accuracy": "89.764", "wps": "330.5", "ups": "1.85", "wpb": "178.5", "bsz": "9.7", "num_updates": "22200", "lr": "0.000160832", "gnorm": "16.508", "loss_scale": "256", "train_wall": "11", "gb_free": "75.7", "wall": "15416"}
[2026-06-13 20:25:54,128][main][INFO] - end of epoch 7 (average epoch stats below)
[2026-06-13 20:25:54,140][train][INFO] - {"epoch": 7, "train_loss": "38.53", "train_nll_loss": "0.757", "train_total": "179.799", "train_n_correct": "160.744", "train_ppl": "1.69", "train_accuracy": "89.402", "train_wps": "314.6", "train_ups": "1.75", "train_wpb": "179.8", "train_bsz": "9.7", "train_num_updates": "22232", "train_lr": "0.000160063", "train_gnorm": "17.325", "train_loss_scale": "256", "train_train_wall": "184", "train_gb_free": "75.7", "train_wall": "15434"}
[2026-06-13 20:25:54,692][trainer][INFO] - begin training epoch 8
[2026-06-13 20:25:54,692][main][INFO] - Start iterating over samples
[2026-06-13 20:27:36,326][train_inner][INFO] - {"epoch": 8, "update": 7.053, "loss": "39.069", "nll_loss": "0.679", "total": "183.345", "n_correct": "166.465", "ppl": "1.6", "accuracy": "90.793", "wps": "305", "ups": "1.66", "wpb": "183.3", "bsz": "9.4", "num_updates": "22400", "lr": "0.000156085", "gnorm": "16.746", "loss_scale": "256", "train_wall": "12", "gb_free": "75.7", "wall": "15536"}
[2026-06-13 20:29:32,126][train_inner][INFO] - {"epoch": 8, "update": 7.116, "loss": "37.195", "nll_loss": "0.672", "total": "179.435", "n_correct": "162.94", "ppl": "1.59", "accuracy": "90.807", "wps": "309.9", "ups": "1.73", "wpb": "179.4", "bsz": "9.7", "num_updates": "22600", "lr": "0.000151479", "gnorm": "16.605", "loss_scale": "256", "train_wall": "12", "gb_free": "75.7", "wall": "15652"}
[2026-06-13 20:31:29,716][train_inner][INFO] - {"epoch": 8, "update": 7.179, "loss": "35.894", "nll_loss": "0.685", "total": "181.61", "n_correct": "164.51", "ppl": "1.61", "accuracy": "90.584", "wps": "308.9", "ups": "1.7", "wpb": "181.6", "bsz": "10.2", "num_updates": "22800", "lr": "0.000147008", "gnorm": "16.077", "loss_scale": "256", "train_wall": "12", "gb_free": "75.7", "wall": "15769"}
[2026-06-13 20:33:20,284][train_inner][INFO] - {"epoch": 8, "update": 7.242, "loss": "40.335", "nll_loss": "0.658", "total": "180.78", "n_correct": "164.935", "ppl": "1.58", "accuracy": "91.235", "wps": "327.1", "ups": "1.81", "wpb": "180.8", "bsz": "8.9", "num_updates": "23000", "lr": "0.000142669", "gnorm": "16.992", "loss_scale": "256", "train_wall": "12", "gb_free": "75.7", "wall": "15880"}
[2026-06-13 20:35:15,378][train_inner][INFO] - {"epoch": 8, "update": 7.305, "loss": "35.996", "nll_loss": "0.63", "total": "176.93", "n_correct": "162.135", "ppl": "1.55", "accuracy": "91.638", "wps": "307.5", "ups": "1.74", "wpb": "176.9", "bsz": "9.7", "num_updates": "23200", "lr": "0.000138459", "gnorm": "15.471", "loss_scale": "256", "train_wall": "11", "gb_free": "75.7", "wall": "15995"}
[2026-06-13 20:37:11,525][train_inner][INFO] - {"epoch": 8, "update": 7.368, "loss": "35.077", "nll_loss": "0.676", "total": "179.45", "n_correct": "163.08", "ppl": "1.6", "accuracy": "90.878", "wps": "309", "ups": "1.72", "wpb": "179.4", "bsz": "10.2", "num_updates": "23400", "lr": "0.000134372", "gnorm": "15.369", "loss_scale": "256", "train_wall": "12", "gb_free": "75.7", "wall": "16111"}
[2026-06-13 20:39:04,849][train_inner][INFO] - {"epoch": 8, "update": 7.431, "loss": "36.239", "nll_loss": "0.632", "total": "175.58", "n_correct": "160.675", "ppl": "1.55", "accuracy": "91.511", "wps": "309.9", "ups": "1.77", "wpb": "175.6", "bsz": "9.5", "num_updates": "23600", "lr": "0.000130407", "gnorm": "15.852", "loss_scale": "256", "train_wall": "12", "gb_free": "75.7", "wall": "16225"}
[2026-06-13 20:40:57,605][train_inner][INFO] - {"epoch": 8, "update": 7.494, "loss": "37.09", "nll_loss": "0.669", "total": "179.02", "n_correct": "163.065", "ppl": "1.59", "accuracy": "91.088", "wps": "317.6", "ups": "1.77", "wpb": "179", "bsz": "9.6", "num_updates": "23800", "lr": "0.000126558", "gnorm": "16.094", "loss_scale": "256", "train_wall": "11", "gb_free": "75.7", "wall": "16337"}
[2026-06-13 20:42:39,463][train_inner][INFO] - {"epoch": 8, "update": 7.557, "loss": "38.795", "nll_loss": "0.637", "total": "181.39", "n_correct": "166.32", "ppl": "1.56", "accuracy": "91.692", "wps": "356.2", "ups": "1.96", "wpb": "181.4", "bsz": "9.2", "num_updates": "24000", "lr": "0.000122823", "gnorm": "16.652", "loss_scale": "256", "train_wall": "11", "gb_free": "75.7", "wall": "16439"}
[2026-06-13 20:42:42,071][trainer][INFO] - NOTE: gradient overflow detected, ignoring gradient, setting loss scale to: 128.0
[2026-06-13 20:42:43,235][trainer][INFO] - NOTE: gradient overflow detected, ignoring gradient, setting loss scale to: 64.0
[2026-06-13 20:44:37,356][train_inner][INFO] - {"epoch": 8, "update": 7.62, "loss": "36.886", "nll_loss": "0.713", "total": "179.135", "n_correct": "161.45", "ppl": "1.64", "accuracy": "90.128", "wps": "303.9", "ups": "1.7", "wpb": "179.1", "bsz": "9.9", "num_updates": "24200", "lr": "0.000119198", "gnorm": "91.666", "loss_scale": "64", "train_wall": "21", "gb_free": "73.7", "wall": "16557"}
[2026-06-13 20:46:31,049][train_inner][INFO] - {"epoch": 8, "update": 7.683, "loss": "36.733", "nll_loss": "0.68", "total": "181.235", "n_correct": "164.77", "ppl": "1.6", "accuracy": "90.915", "wps": "318.9", "ups": "1.76", "wpb": "181.2", "bsz": "9.9", "num_updates": "24400", "lr": "0.00011568", "gnorm": "78.288", "loss_scale": "64", "train_wall": "17", "gb_free": "73.6", "wall": "16671"}
[2026-06-13 20:48:25,572][train_inner][INFO] - {"epoch": 8, "update": 7.746, "loss": "39.224", "nll_loss": "0.699", "total": "180.07", "n_correct": "162.825", "ppl": "1.62", "accuracy": "90.423", "wps": "314.5", "ups": "1.75", "wpb": "180.1", "bsz": "9.3", "num_updates": "24600", "lr": "0.000112266", "gnorm": "79.61", "loss_scale": "64", "train_wall": "17", "gb_free": "73.7", "wall": "16785"}
[2026-06-13 20:50:17,673][train_inner][INFO] - {"epoch": 8, "update": 7.809, "loss": "37.409", "nll_loss": "0.697", "total": "179.62", "n_correct": "162.245", "ppl": "1.62", "accuracy": "90.327", "wps": "320.5", "ups": "1.78", "wpb": "179.6", "bsz": "9.7", "num_updates": "24800", "lr": "0.000108953", "gnorm": "72.138", "loss_scale": "64", "train_wall": "17", "gb_free": "73.7", "wall": "16897"}
[2026-06-13 20:52:19,289][train_inner][INFO] - {"epoch": 8, "update": 7.872, "loss": "34.718", "nll_loss": "0.703", "total": "180.195", "n_correct": "162.97", "ppl": "1.63", "accuracy": "90.441", "wps": "296.4", "ups": "1.64", "wpb": "180.2", "bsz": "10.5", "num_updates": "25000", "lr": "0.000105737", "gnorm": "73.016", "loss_scale": "64", "train_wall": "17", "gb_free": "73.7", "wall": "17019"}
[2026-06-13 20:54:10,859][train_inner][INFO] - {"epoch": 8, "update": 7.935, "loss": "38.185", "nll_loss": "0.691", "total": "181.17", "n_correct": "164.095", "ppl": "1.61", "accuracy": "90.575", "wps": "324.8", "ups": "1.79", "wpb": "181.2", "bsz": "9.5", "num_updates": "25200", "lr": "0.000102617", "gnorm": "77.309", "loss_scale": "64", "train_wall": "17", "gb_free": "73.6", "wall": "17131"}
[2026-06-13 20:56:05,981][train_inner][INFO] - {"epoch": 8, "update": 7.998, "loss": "36.989", "nll_loss": "0.678", "total": "177.715", "n_correct": "161.17", "ppl": "1.6", "accuracy": "90.69", "wps": "308.8", "ups": "1.74", "wpb": "177.7", "bsz": "9.6", "num_updates": "25400", "lr": "9.9588e-05", "gnorm": "66.533", "loss_scale": "64", "train_wall": "17", "gb_free": "73.7", "wall": "17246"}
[2026-06-13 20:56:09,523][main][INFO] - begin validation on "valid" subset
[2026-06-13 20:57:21,154][valid][INFO] - {"epoch": 8, "valid_loss": "38.531", "valid_nll_loss": "0.678", "valid_total": "178.205", "valid_n_correct": "160.976", "valid_ppl": "1.6", "valid_accuracy": "90.332", "valid_wps": "317.5", "valid_wpb": "178.2", "valid_bsz": "9.4", "valid_num_updates": "25406", "valid_best_accuracy": "90.332"}
[2026-06-13 20:57:21,156][fairseq.checkpoint_utils][INFO] - Preparing to save checkpoint for epoch 8 @ 25406 updates
[2026-06-13 20:57:21,156][trainer][INFO] - Saving checkpoint to checkpoints/checkpoint_best.pt
[2026-06-13 20:57:25,033][trainer][INFO] - Finished saving checkpoint to checkpoints/checkpoint_best.pt
[2026-06-13 20:57:30,797][fairseq.checkpoint_utils][INFO] - Saved checkpoint checkpoints/checkpoint_best.pt (epoch 8 @ 25406 updates, score 90.332) (writing took 9.641478306031786 seconds)
[2026-06-13 20:57:30,797][main][INFO] - end of epoch 8 (average epoch stats below)
[2026-06-13 20:57:30,811][train][INFO] - {"epoch": 8, "train_loss": "37.1", "train_nll_loss": "0.674", "train_total": "179.788", "train_n_correct": "163.385", "train_ppl": "1.6", "train_accuracy": "90.877", "train_wps": "300.9", "train_ups": "1.67", "train_wpb": "179.8", "train_bsz": "9.7", "train_num_updates": "25406", "train_lr": "9.94985e-05", "train_gnorm": "43.058", "train_loss_scale": "64", "train_train_wall": "226", "train_gb_free": "73.7", "train_wall": "17331"}
[2026-06-13 20:57:31,428][trainer][INFO] - begin training epoch 9
[2026-06-13 20:57:31,428][main][INFO] - Start iterating over samples
[2026-06-13 20:59:18,615][train_inner][INFO] - {"epoch": 9, "update": 8.061, "loss": "38", "nll_loss": "0.594", "total": "179.075", "n_correct": "165.155", "ppl": "1.51", "accuracy": "92.227", "wps": "185.9", "ups": "1.04", "wpb": "179.1", "bsz": "9.1", "num_updates": "25600", "lr": "9.66488e-05", "gnorm": "64.569", "loss_scale": "64", "train_wall": "17", "gb_free": "73.6", "wall": "17438"}
[2026-06-13 21:01:16,131][train_inner][INFO] - {"epoch": 9, "update": 8.124, "loss": "35.256", "nll_loss": "0.583", "total": "178.83", "n_correct": "165.165", "ppl": "1.5", "accuracy": "92.359", "wps": "304.4", "ups": "1.7", "wpb": "178.8", "bsz": "9.7", "num_updates": "25800", "lr": "9.37964e-05", "gnorm": "62.705", "loss_scale": "64", "train_wall": "17", "gb_free": "73.8", "wall": "17556"}
[2026-06-13 21:03:09,245][train_inner][INFO] - {"epoch": 9, "update": 8.187, "loss": "35.028", "nll_loss": "0.598", "total": "179.635", "n_correct": "165.635", "ppl": "1.51", "accuracy": "92.206", "wps": "317.6", "ups": "1.77", "wpb": "179.6", "bsz": "9.9", "num_updates": "26000", "lr": "9.10282e-05", "gnorm": "57.085", "loss_scale": "64", "train_wall": "17", "gb_free": "74", "wall": "17669"}
[2026-06-13 21:05:00,171][train_inner][INFO] - {"epoch": 9, "update": 8.25, "loss": "36.075", "nll_loss": "0.584", "total": "176.08", "n_correct": "162.45", "ppl": "1.5", "accuracy": "92.259", "wps": "317.5", "ups": "1.8", "wpb": "176.1", "bsz": "9.4", "num_updates": "26200", "lr": "8.83417e-05", "gnorm": "64.308", "loss_scale": "64", "train_wall": "17", "gb_free": "73.7", "wall": "17780"}
[2026-06-13 21:06:52,557][train_inner][INFO] - {"epoch": 9, "update": 8.313, "loss": "34.959", "nll_loss": "0.587", "total": "180.595", "n_correct": "166.64", "ppl": "1.5", "accuracy": "92.273", "wps": "321.4", "ups": "1.78", "wpb": "180.6", "bsz": "9.9", "num_updates": "26400", "lr": "8.57345e-05", "gnorm": "59.219", "loss_scale": "64", "train_wall": "17", "gb_free": "74.5", "wall": "17892"}
[2026-06-13 21:08:52,048][train_inner][INFO] - {"epoch": 9, "update": 8.376, "loss": "34.616", "nll_loss": "0.593", "total": "180.66", "n_correct": "166.8", "ppl": "1.51", "accuracy": "92.328", "wps": "302.4", "ups": "1.67", "wpb": "180.7", "bsz": "10.1", "num_updates": "26600", "lr": "8.32042e-05", "gnorm": "56.668", "loss_scale": "64", "train_wall": "17", "gb_free": "73.6", "wall": "18012"}
[2026-06-13 21:10:49,581][train_inner][INFO] - {"epoch": 9, "update": 8.439, "loss": "36.532", "nll_loss": "0.593", "total": "177.2", "n_correct": "163.54", "ppl": "1.51", "accuracy": "92.291", "wps": "301.6", "ups": "1.7", "wpb": "177.2", "bsz": "9.3", "num_updates": "26800", "lr": "8.07486e-05", "gnorm": "59.103", "loss_scale": "64", "train_wall": "17", "gb_free": "73.8", "wall": "18129"}
[2026-06-13 21:12:45,299][train_inner][INFO] - {"epoch": 9, "update": 8.502, "loss": "36.217", "nll_loss": "0.593", "total": "178.76", "n_correct": "164.59", "ppl": "1.51", "accuracy": "92.073", "wps": "309", "ups": "1.73", "wpb": "178.8", "bsz": "9.5", "num_updates": "27000", "lr": "7.83654e-05", "gnorm": "59.616", "loss_scale": "64", "train_wall": "17", "gb_free": "73.7", "wall": "18245"}
[2026-06-13 21:14:46,629][train_inner][INFO] - {"epoch": 9, "update": 8.565, "loss": "34.635", "nll_loss": "0.595", "total": "181.465", "n_correct": "167.245", "ppl": "1.51", "accuracy": "92.164", "wps": "299.2", "ups": "1.65", "wpb": "181.5", "bsz": "10.1", "num_updates": "27200", "lr": "7.60526e-05", "gnorm": "57.735", "loss_scale": "64", "train_wall": "17", "gb_free": "74.4", "wall": "18366"}
[2026-06-13 21:16:46,016][train_inner][INFO] - {"epoch": 9, "update": 8.628, "loss": "33.337", "nll_loss": "0.59", "total": "180.845", "n_correct": "167.24", "ppl": "1.51", "accuracy": "92.477", "wps": "303", "ups": "1.68", "wpb": "180.8", "bsz": "10.4", "num_updates": "27400", "lr": "7.38081e-05", "gnorm": "54.625", "loss_scale": "64", "train_wall": "17", "gb_free": "73.7", "wall": "18486"}
[2026-06-13 21:18:38,459][train_inner][INFO] - {"epoch": 9, "update": 8.691, "loss": "37.725", "nll_loss": "0.576", "total": "180.3", "n_correct": "166.82", "ppl": "1.49", "accuracy": "92.524", "wps": "320.7", "ups": "1.78", "wpb": "180.3", "bsz": "9.1", "num_updates": "27600", "lr": "7.16298e-05", "gnorm": "61.311", "loss_scale": "64", "train_wall": "17", "gb_free": "73.7", "wall": "18598"}
[2026-06-13 21:20:35,217][train_inner][INFO] - {"epoch": 9, "update": 8.754, "loss": "33.921", "nll_loss": "0.579", "total": "180.435", "n_correct": "166.95", "ppl": "1.49", "accuracy": "92.526", "wps": "309.1", "ups": "1.71", "wpb": "180.4", "bsz": "10.2", "num_updates": "27800", "lr": "6.95158e-05", "gnorm": "57.019", "loss_scale": "64", "train_wall": "17", "gb_free": "73.7", "wall": "18715"}
[2026-06-13 21:22:40,377][train_inner][INFO] - {"epoch": 9, "update": 8.817, "loss": "34.689", "nll_loss": "0.594", "total": "181.965", "n_correct": "167.875", "ppl": "1.51", "accuracy": "92.257", "wps": "290.8", "ups": "1.6", "wpb": "182", "bsz": "10.1", "num_updates": "28000", "lr": "6.74641e-05", "gnorm": "60.698", "loss_scale": "64", "train_wall": "17", "gb_free": "73.7", "wall": "18840"}
[2026-06-13 21:24:37,168][train_inner][INFO] - {"epoch": 9, "update": 8.88, "loss": "34.515", "nll_loss": "0.583", "total": "178.62", "n_correct": "165.185", "ppl": "1.5", "accuracy": "92.478", "wps": "305.9", "ups": "1.71", "wpb": "178.6", "bsz": "9.9", "num_updates": "28200", "lr": "6.54731e-05", "gnorm": "57.309", "loss_scale": "64", "train_wall": "17", "gb_free": "74.3", "wall": "18957"}
[2026-06-13 21:26:34,482][train_inner][INFO] - {"epoch": 9, "update": 8.943, "loss": "36.744", "nll_loss": "0.541", "total": "182.69", "n_correct": "170.35", "ppl": "1.45", "accuracy": "93.245", "wps": "311.5", "ups": "1.71", "wpb": "182.7", "bsz": "9.3", "num_updates": "28400", "lr": "6.35408e-05", "gnorm": "54.68", "loss_scale": "64", "train_wall": "17", "gb_free": "73.7", "wall": "19074"}
[2026-06-13 21:28:18,503][main][INFO] - end of epoch 9 (average epoch stats below)
[2026-06-13 21:28:18,519][train][INFO] - {"epoch": 9, "train_loss": "35.609", "train_nll_loss": "0.586", "train_total": "179.799", "train_n_correct": "166.084", "train_ppl": "1.5", "train_accuracy": "92.372", "train_wps": "309.1", "train_ups": "1.72", "train_wpb": "179.8", "train_bsz": "9.7", "train_num_updates": "28582", "train_lr": "6.1832e-05", "train_gnorm": "59.067", "train_loss_scale": "64", "train_train_wall": "273", "train_gb_free": "73.4", "train_wall": "19178"}
[2026-06-13 21:28:19,033][trainer][INFO] - begin training epoch 10
[2026-06-13 21:28:19,033][main][INFO] - Start iterating over samples
[2026-06-13 21:28:30,135][train_inner][INFO] - {"epoch": 10, "update": 9.006, "loss": "38.338", "nll_loss": "0.583", "total": "179.88", "n_correct": "166.315", "ppl": "1.5", "accuracy": "92.459", "wps": "311.1", "ups": "1.73", "wpb": "179.9", "bsz": "9", "num_updates": "28600", "lr": "6.16655e-05", "gnorm": "56.998", "loss_scale": "64", "train_wall": "17", "gb_free": "73.7", "wall": "19190"}
[2026-06-13 21:30:29,623][train_inner][INFO] - {"epoch": 10, "update": 9.069, "loss": "33.661", "nll_loss": "0.484", "total": "183.4", "n_correct": "172.995", "ppl": "1.4", "accuracy": "94.327", "wps": "307.1", "ups": "1.67", "wpb": "183.4", "bsz": "10", "num_updates": "28800", "lr": "5.98455e-05", "gnorm": "44.108", "loss_scale": "64", "train_wall": "18", "gb_free": "73.9", "wall": "19309"}
[2026-06-13 21:32:25,380][train_inner][INFO] - {"epoch": 10, "update": 9.132, "loss": "34.365", "nll_loss": "0.49", "total": "176.765", "n_correct": "166.57", "ppl": "1.4", "accuracy": "94.232", "wps": "305.5", "ups": "1.73", "wpb": "176.8", "bsz": "9.4", "num_updates": "29000", "lr": "5.80793e-05", "gnorm": "47.462", "loss_scale": "64", "train_wall": "17", "gb_free": "73.7", "wall": "19425"}
[2026-06-13 21:34:21,202][train_inner][INFO] - {"epoch": 10, "update": 9.195, "loss": "34.756", "nll_loss": "0.489", "total": "179.725", "n_correct": "169.09", "ppl": "1.4", "accuracy": "94.083", "wps": "310.4", "ups": "1.73", "wpb": "179.7", "bsz": "9.5", "num_updates": "29200", "lr": "5.63652e-05", "gnorm": "47.83", "loss_scale": "64", "train_wall": "17", "gb_free": "74.3", "wall": "19541"}
[2026-06-13 21:36:17,639][train_inner][INFO] - {"epoch": 10, "update": 9.258, "loss": "35.299", "nll_loss": "0.488", "total": "178.05", "n_correct": "167.615", "ppl": "1.4", "accuracy": "94.139", "wps": "305.9", "ups": "1.72", "wpb": "178.1", "bsz": "9.2", "num_updates": "29400", "lr": "5.47017e-05", "gnorm": "44.754", "loss_scale": "64", "train_wall": "17", "gb_free": "73.7", "wall": "19657"}
[2026-06-13 21:38:14,373][train_inner][INFO] - {"epoch": 10, "update": 9.321, "loss": "35.289", "nll_loss": "0.494", "total": "181.44", "n_correct": "170.63", "ppl": "1.41", "accuracy": "94.042", "wps": "310.9", "ups": "1.71", "wpb": "181.4", "bsz": "9.4", "num_updates": "29600", "lr": "5.30873e-05", "gnorm": "47.317", "loss_scale": "64", "train_wall": "17", "gb_free": "73.7", "wall": "19774"}
[2026-06-13 21:40:17,727][train_inner][INFO] - {"epoch": 10, "update": 9.384, "loss": "32.033", "nll_loss": "0.511", "total": "181.68", "n_correct": "170.125", "ppl": "1.42", "accuracy": "93.64", "wps": "294.6", "ups": "1.62", "wpb": "181.7", "bsz": "10.5", "num_updates": "29800", "lr": "5.15205e-05", "gnorm": "48.626", "loss_scale": "64", "train_wall": "17", "gb_free": "73.6", "wall": "19897"}
[2026-06-13 21:42:15,350][train_inner][INFO] - {"epoch": 10, "update": 9.446, "loss": "33.404", "nll_loss": "0.47", "total": "179.875", "n_correct": "169.865", "ppl": "1.39", "accuracy": "94.435", "wps": "305.9", "ups": "1.7", "wpb": "179.9", "bsz": "9.8", "num_updates": "30000", "lr": "5e-05", "gnorm": "46.103", "loss_scale": "64", "train_wall": "17", "gb_free": "74.5", "wall": "20015"}
[2026-06-13 21:42:15,351][main][INFO] - Stopping training due to num_updates: 30000 >= max_update: 30000
[2026-06-13 21:42:15,351][main][INFO] - begin validation on "valid" subset
[2026-06-13 21:43:18,896][valid][INFO] - {"epoch": 10, "valid_loss": "37.483", "valid_nll_loss": "0.632", "valid_total": "178.205", "valid_n_correct": "162.677", "valid_ppl": "1.55", "valid_accuracy": "91.287", "valid_wps": "359.3", "valid_wpb": "178.2", "valid_bsz": "9.4", "valid_num_updates": "30000", "valid_best_accuracy": "91.287"}
[2026-06-13 21:43:18,897][fairseq.checkpoint_utils][INFO] - Preparing to save checkpoint for epoch 10 @ 30000 updates
[2026-06-13 21:43:18,897][trainer][INFO] - Saving checkpoint to checkpoints/checkpoint_best.pt
[2026-06-13 21:43:23,073][trainer][INFO] - Finished saving checkpoint to checkpoints/checkpoint_best.pt
[2026-06-13 21:43:28,808][fairseq.checkpoint_utils][INFO] - Saved checkpoint checkpoints/checkpoint_best.pt (epoch 10 @ 30000 updates, score 91.287) (writing took 9.910573491943069 seconds)
[2026-06-13 21:43:28,809][main][INFO] - end of epoch 10 (average epoch stats below)
[2026-06-13 21:43:28,820][train][INFO] - {"epoch": 10, "train_loss": "34.077", "train_nll_loss": "0.49", "train_total": "180.167", "train_n_correct": "169.59", "train_ppl": "1.4", "train_accuracy": "94.129", "train_wps": "280.7", "train_ups": "1.56", "train_wpb": "180.2", "train_bsz": "9.7", "train_num_updates": "30000", "train_lr": "5e-05", "train_gnorm": "46.547", "train_loss_scale": "64", "train_train_wall": "123", "train_gb_free": "74.5", "train_wall": "20089"}
[2026-06-13 21:43:28,820][main][INFO] - done training in 20086.9 seconds
