/base/project/AudioVideo2Txt/main.py:27: UserWarning: 
The version_base parameter is not specified.
Please specify a compatability version level, or None.
Will assume defaults for version 1.1
  @hydra.main(config_path="configs", config_name="video2text")
/opt/conda/envs/rzd/lib/python3.10/site-packages/hydra/core/default_element.py:124: UserWarning: In 'audiovideo2text.yaml': Usage of deprecated keyword in package header '# @package _group_'.
See https://hydra.cc/docs/1.2/upgrades/1.0_to_1.1/changes_to_package_header for more information
  deprecation_warning(
sys:1: UserWarning: 
'audiovideo2text.yaml' is validated against ConfigStore schema with the same name.
This behavior is deprecated in Hydra 1.1 and will be removed in Hydra 1.2.
See https://hydra.cc/docs/1.2/upgrades/1.0_to_1.1/automatic_schema_matching for migration instructions.
/opt/conda/envs/rzd/lib/python3.10/site-packages/hydra/main.py:94: UserWarning: 
'audiovideo2text.yaml' is validated against ConfigStore schema with the same name.
This behavior is deprecated in Hydra 1.1 and will be removed in Hydra 1.2.
See https://hydra.cc/docs/1.2/upgrades/1.0_to_1.1/automatic_schema_matching for migration instructions.
  _run_hydra(
/opt/conda/envs/rzd/lib/python3.10/site-packages/hydra/_internal/hydra.py:119: UserWarning: Future Hydra versions will no longer change working directory at job runtime by default.
See https://hydra.cc/docs/1.2/upgrades/1.1_to_1.2/changes_to_job_working_dir/ for more information.
  ret = run_job(
[2026-06-13 14:33:37,632][main][INFO] - {'_name': None, 'common': {'_name': None, 'no_progress_bar': False, 'log_interval': 200, 'log_format': json, 'log_file': None, 'tensorboard_logdir': 'tblog', 'wandb_project': None, 'azureml_logging': False, 'seed': 1337, 'cpu': False, 'tpu': False, 'bf16': False, 'memory_efficient_bf16': False, 'fp16': True, 'memory_efficient_fp16': False, 'fp16_no_flatten_grads': False, 'fp16_init_scale': 128, 'fp16_scale_window': None, 'fp16_scale_tolerance': 0.0, 'on_cpu_convert_precision': False, 'min_loss_scale': 0.0001, 'threshold_loss_scale': None, 'amp': False, 'amp_batch_retries': 2, 'amp_init_scale': 128, 'amp_scale_window': None, 'user_dir': '/base/project/AudioVideo2Txt', 'empty_cache_freq': 0, 'all_gather_list_size': 16384, 'model_parallel_size': 1, 'quantization_config_path': None, 'profile': False, 'reset_logging': False, 'suppress_crashes': False, 'use_plasma_view': False, 'plasma_path': '/tmp/plasma'}, 'common_eval': {'_name': None, 'path': None, 'post_process': None, 'quiet': False, 'model_overrides': '{}', 'results_path': None}, 'distributed_training': {'_name': None, 'distributed_world_size': 1, 'distributed_num_procs': 1, 'distributed_rank': 0, 'distributed_backend': 'nccl', 'distributed_init_method': None, 'distributed_port': -1, 'device_id': 0, 'distributed_no_spawn': False, 'ddp_backend': c10d, 'ddp_comm_hook': none, 'bucket_cap_mb': 25, 'fix_batches_to_gpus': False, 'find_unused_parameters': True, 'fast_stat_sync': False, 'heartbeat_timeout': -1, 'broadcast_buffers': False, 'slowmo_momentum': None, 'slowmo_algorithm': 'LocalSGD', 'localsgd_frequency': 3, 'nprocs_per_node': 1, 'pipeline_model_parallel': False, 'pipeline_balance': None, 'pipeline_devices': None, 'pipeline_chunks': 0, 'pipeline_encoder_balance': None, 'pipeline_encoder_devices': None, 'pipeline_decoder_balance': None, 'pipeline_decoder_devices': None, 'pipeline_checkpoint': never, 'zero_sharding': none, 'fp16': '${common.fp16}', 'memory_efficient_fp16': '${common.memory_efficient_fp16}', 'tpu': '${common.tpu}', 'no_reshard_after_forward': False, 'fp32_reduce_scatter': False, 'cpu_offload': False, 'use_sharded_state': False}, 'dataset': {'_name': None, 'num_workers': 0, 'skip_invalid_size_inputs_valid_test': False, 'max_tokens': 1000, 'batch_size': None, 'required_batch_size_multiple': 8, 'required_seq_len_multiple': 1, 'dataset_impl': None, 'data_buffer_size': 10, 'train_subset': 'train', 'valid_subset': 'valid', 'combine_valid_subsets': None, 'ignore_unused_valid_subsets': False, 'validate_interval': 2, 'validate_interval_updates': 0, 'validate_after_updates': 0, 'fixed_validation_seed': None, 'disable_validation': False, 'max_tokens_valid': '${dataset.max_tokens}', 'batch_size_valid': '${dataset.batch_size}', 'max_valid_steps': None, 'curriculum': 0, 'gen_subset': 'test', 'num_shards': 1, 'shard_id': 0}, 'optimization': {'_name': None, 'max_epoch': 0, 'max_update': 30000, 'stop_time_hours': 0.0, 'clip_norm': 0.0, 'sentence_avg': True, 'update_freq': [1], 'lr': [0.001], 'stop_min_lr': -1.0, 'use_bmuf': False}, 'checkpoint': {'_name': None, 'save_dir': 'checkpoints', 'restore_file': 'checkpoint_last.pt', 'finetune_from_model': None, 'reset_dataloader': False, 'reset_lr_scheduler': False, 'reset_meters': False, 'reset_optimizer': False, 'optimizer_overrides': '{}', 'save_interval': 2, 'save_interval_updates': 0, 'keep_interval_updates': 1, 'keep_interval_updates_pattern': -1, 'keep_last_epochs': -1, 'keep_best_checkpoints': -1, 'no_save': False, 'no_epoch_checkpoints': True, 'no_last_checkpoints': False, 'no_save_optimizer_state': False, 'best_checkpoint_metric': 'accuracy', 'maximize_best_checkpoint_metric': True, 'patience': -1, 'checkpoint_suffix': '', 'checkpoint_shard_count': 1, 'load_checkpoint_on_all_dp_ranks': False, 'write_checkpoints_asynchronously': False, 'model_parallel_size': '${common.model_parallel_size}'}, 'bmuf': {'_name': None, 'block_lr': 1.0, 'block_momentum': 0.875, 'global_sync_iter': 50, 'warmup_iterations': 500, 'use_nbm': False, 'average_sync': False, 'distributed_world_size': '${distributed_training.distributed_world_size}'}, 'generation': {'_name': None, 'beam': 5, 'nbest': 1, 'max_len_a': 0.0, 'max_len_b': 200, 'min_len': 1, 'match_source_len': False, 'unnormalized': False, 'no_early_stop': False, 'no_beamable_mm': False, 'lenpen': 1.0, 'unkpen': 0.0, 'replace_unk': None, 'sacrebleu': False, 'score_reference': False, 'prefix_size': 0, 'no_repeat_ngram_size': 0, 'sampling': False, 'sampling_topk': -1, 'sampling_topp': -1.0, 'constraints': None, 'temperature': 1.0, 'diverse_beam_groups': -1, 'diverse_beam_strength': 0.5, 'diversity_rate': -1.0, 'print_alignment': None, 'print_step': False, 'lm_path': None, 'lm_weight': 0.0, 'iter_decode_eos_penalty': 0.0, 'iter_decode_max_iter': 10, 'iter_decode_force_max_iter': False, 'iter_decode_with_beam': 1, 'iter_decode_with_external_reranker': False, 'retain_iter_history': False, 'retain_dropout': False, 'retain_dropout_modules': None, 'decoding_format': None, 'no_seed_provided': False}, 'eval_lm': {'_name': None, 'output_word_probs': False, 'output_word_stats': False, 'context_window': 0, 'softmax_batch': 9223372036854775807}, 'interactive': {'_name': None, 'buffer_size': 0, 'input': '-'}, 'task': {'_name': 'av_hubert_pretraining', 'data': '/data2/final_project_data/30h_data', 'labels': ['wrd'], 'label_dir': '/data2/final_project_data/30h_data', 'label_rate': -1, 'sample_rate': 16000, 'normalize': True, 'enable_padding': False, 'max_sample_size': 500, 'min_sample_size': None, 'max_trim_sample_size': '${task.max_sample_size}', 'single_target': True, 'random_crop': False, 'pad_audio': True, 'pdb': False, 'stack_order_audio': 4, 'skip_verify': False, 'image_aug': True, 'image_crop_size': 88, 'image_mean': 0.421, 'image_std': 0.165, 'modalities': ['video', 'audio'], 'is_s2s': True, 'tokenizer_bpe_name': 'sentencepiece', 'tokenizer_bpe_model': '/data2/final_project_data/spm1000/spm_unigram1000.model', 'fine_tuning': True}, 'model': {'_name': 'av_hubert_seq2seq', 'pretrained_path': '/data2/final_project_ckpt/pretrained_model.pth', 'apply_mask': False, 'mask_selection': 'static', 'mask_length': 10, 'mask_other': 0, 'mask_prob': 0.75, 'mask_channel_selection': 'static', 'mask_channel_length': 64, 'mask_channel_other': 0, 'mask_channel_prob': 0.5, 'layerdrop': 0.1, 'dropout': 0.0, 'activation_dropout': 0.1, 'attention_dropout': 0.0, 'feature_grad_mult': 1.0, 'modality_fuse': 'concat', 'modality_dropout': 0.1, 'audio_dropout': 0.3, 'modality_dropout_mode': 'span', 'modality_dropout_span_min': 10, 'modality_dropout_span_max': 30, 'decoder_layers': 6, 'decoder_dropout': 0.1, 'decoder_attention_dropout': 0.0, 'decoder_activation_dropout': 0.1, 'freeze_finetune_updates': 24000, 'share_decoder_input_output_embed': True, 'decoder_normalize_before': True}, 'criterion': {'_name': 'label_smoothed_cross_entropy', 'report_accuracy': True, 'label_smoothing': 0.1, 'focal_gamma': 0.0, 'confidence_penalty': 0.0, 'ignore_prefix_size': 0, 'sentence_avg': '${optimization.sentence_avg}'}, 'optimizer': {'_name': 'adam', 'adam_betas': '(0.9,0.98)', 'adam_eps': 1e-08, 'weight_decay': 0.0, "use_old_adam'": False, 'tpu': '${common.tpu}', 'lr': '${optimization.lr}'}, 'lr_scheduler': {'_name': 'tri_stage', 'warmup_steps': 10000, 'hold_steps': 0, 'decay_steps': 20000, 'final_lr_scale': 0.05, 'phase_ratio': '???', 'init_lr_scale': 0.01, 'max_update': '${optimization.max_update}', 'lr': '${optimization.lr}'}, 'scoring': None, 'bpe': None, 'tokenizer': None}
[2026-06-13 14:33:38,324][models.encoder_backbone][INFO] - EncoderBackbone Config: {'_name': 'av_hubert', 'label_rate': 25, 'input_modality': '${task.input_modality}', 'extractor_mode': default, 'encoder_layers': 12, 'encoder_embed_dim': 768, 'encoder_ffn_embed_dim': 3072, 'encoder_attention_heads': 12, 'activation_fn': gelu, 'dropout': 0.0, 'attention_dropout': 0.0, 'activation_dropout': 0.1, 'encoder_layerdrop': 0.1, 'dropout_input': 0.0, 'dropout_features': 0.1, 'final_dim': 256, 'untie_final_proj': True, 'layer_norm_first': True, 'conv_feature_layers': '[(512,10,5)] + [(512,3,2)] * 4 + [(512,2,2)] * 2', 'conv_bias': False, 'logit_temp': 0.1, 'target_glu': False, 'feature_grad_mult': 1.0, 'mask_length_audio': 10, 'mask_prob_audio': 0.8, 'mask_length_image': 5, 'mask_prob_image': 0.3, 'mask_selection': static, 'mask_other': 0.0, 'no_mask_overlap': False, 'mask_min_space': 1, 'mask_channel_length': 64, 'mask_channel_prob': 0.5, 'mask_channel_selection': static, 'mask_channel_other': 0.0, 'no_mask_channel_overlap': False, 'mask_channel_min_space': 1, 'conv_pos': 128, 'conv_pos_groups': 16, 'latent_temp': [2.0, 0.5, 0.999995], 'skip_masked': False, 'skip_nomask': False, 'resnet_relu_type': 'prelu', 'resnet_weights': None, 'sim_type': 'cosine', 'sub_encoder_layers': 0, 'audio_feat_dim': 104, 'modality_dropout': 0.1, 'audio_dropout': 0.3, 'modality_dropout_mode': 'span', 'modality_dropout_span_min': 10, 'modality_dropout_span_max': 30, 'modality_fuse': 'concat', 'selection_type': 'same_seq', 'masking_type': 'input', 'decoder_embed_dim': 768, 'decoder_ffn_embed_dim': 3072, 'decoder_layers': 6, 'decoder_layerdrop': 0.0, 'decoder_attention_heads': 4, 'decoder_learned_pos': False, 'decoder_normalize_before': False, 'no_token_positional_embeddings': False, 'decoder_dropout': 0.1, 'decoder_attention_dropout': 0.1, 'decoder_activation_dropout': 0.0, 'max_target_positions': 2048, 'share_decoder_input_output_embed': False, 'no_scale_embedding': True, 'apply_mask': False, 'mask_prob': 0.75, 'mask_length': 10}
/opt/conda/envs/rzd/lib/python3.10/site-packages/torch/nn/utils/weight_norm.py:30: UserWarning: torch.nn.utils.weight_norm is deprecated in favor of torch.nn.utils.parametrizations.weight_norm.
  warnings.warn("torch.nn.utils.weight_norm is deprecated in favor of torch.nn.utils.parametrizations.weight_norm.")
[2026-06-13 14:33:39,590][models.audio_video_model][INFO] - _IncompatibleKeys(missing_keys=[], unexpected_keys=['mask_emb', 'label_embs_concat', 'final_proj.weight', 'final_proj.bias'])
[2026-06-13 14:33:40,119][main][INFO] - AudioVideoModel(
  (encoder): EncoderBackboneWrapper(
    (pretrained_model): EncoderBackbone(
      (feature_extractor_audio): AudioEncoder(
        (proj): Linear(in_features=104, out_features=768, bias=True)
      )
      (feature_extractor_video): ResEncoder(
        (frontend3D): Sequential(
          (0): Conv3d(1, 64, kernel_size=(5, 7, 7), stride=(1, 2, 2), padding=(2, 3, 3), bias=False)
          (1): BatchNorm3d(64, eps=1e-05, momentum=0.1, affine=True, track_running_stats=True)
          (2): PReLU(num_parameters=64)
          (3): MaxPool3d(kernel_size=(1, 3, 3), stride=(1, 2, 2), padding=(0, 1, 1), dilation=1, ceil_mode=False)
        )
        (trunk): ResNet(
          (layer1): Sequential(
            (0): BasicBlock(
              (conv1): Conv2d(64, 64, kernel_size=(3, 3), stride=(1, 1), padding=(1, 1), bias=False)
              (bn1): BatchNorm2d(64, eps=1e-05, momentum=0.1, affine=True, track_running_stats=True)
              (relu1): PReLU(num_parameters=64)
              (conv2): Conv2d(64, 64, kernel_size=(3, 3), stride=(1, 1), padding=(1, 1), bias=False)
              (bn2): BatchNorm2d(64, eps=1e-05, momentum=0.1, affine=True, track_running_stats=True)
              (relu2): PReLU(num_parameters=64)
            )
            (1): BasicBlock(
              (conv1): Conv2d(64, 64, kernel_size=(3, 3), stride=(1, 1), padding=(1, 1), bias=False)
              (bn1): BatchNorm2d(64, eps=1e-05, momentum=0.1, affine=True, track_running_stats=True)
              (relu1): PReLU(num_parameters=64)
              (conv2): Conv2d(64, 64, kernel_size=(3, 3), stride=(1, 1), padding=(1, 1), bias=False)
              (bn2): BatchNorm2d(64, eps=1e-05, momentum=0.1, affine=True, track_running_stats=True)
              (relu2): PReLU(num_parameters=64)
            )
          )
          (layer2): Sequential(
            (0): BasicBlock(
              (conv1): Conv2d(64, 128, kernel_size=(3, 3), stride=(2, 2), padding=(1, 1), bias=False)
              (bn1): BatchNorm2d(128, eps=1e-05, momentum=0.1, affine=True, track_running_stats=True)
              (relu1): PReLU(num_parameters=128)
              (conv2): Conv2d(128, 128, kernel_size=(3, 3), stride=(1, 1), padding=(1, 1), bias=False)
              (bn2): BatchNorm2d(128, eps=1e-05, momentum=0.1, affine=True, track_running_stats=True)
              (relu2): PReLU(num_parameters=128)
              (downsample): Sequential(
                (0): Conv2d(64, 128, kernel_size=(1, 1), stride=(2, 2), bias=False)
                (1): BatchNorm2d(128, eps=1e-05, momentum=0.1, affine=True, track_running_stats=True)
              )
            )
            (1): BasicBlock(
              (conv1): Conv2d(128, 128, kernel_size=(3, 3), stride=(1, 1), padding=(1, 1), bias=False)
              (bn1): BatchNorm2d(128, eps=1e-05, momentum=0.1, affine=True, track_running_stats=True)
              (relu1): PReLU(num_parameters=128)
              (conv2): Conv2d(128, 128, kernel_size=(3, 3), stride=(1, 1), padding=(1, 1), bias=False)
              (bn2): BatchNorm2d(128, eps=1e-05, momentum=0.1, affine=True, track_running_stats=True)
              (relu2): PReLU(num_parameters=128)
            )
          )
          (layer3): Sequential(
            (0): BasicBlock(
              (conv1): Conv2d(128, 256, kernel_size=(3, 3), stride=(2, 2), padding=(1, 1), bias=False)
              (bn1): BatchNorm2d(256, eps=1e-05, momentum=0.1, affine=True, track_running_stats=True)
              (relu1): PReLU(num_parameters=256)
              (conv2): Conv2d(256, 256, kernel_size=(3, 3), stride=(1, 1), padding=(1, 1), bias=False)
              (bn2): BatchNorm2d(256, eps=1e-05, momentum=0.1, affine=True, track_running_stats=True)
              (relu2): PReLU(num_parameters=256)
              (downsample): Sequential(
                (0): Conv2d(128, 256, kernel_size=(1, 1), stride=(2, 2), bias=False)
                (1): BatchNorm2d(256, eps=1e-05, momentum=0.1, affine=True, track_running_stats=True)
              )
            )
            (1): BasicBlock(
              (conv1): Conv2d(256, 256, kernel_size=(3, 3), stride=(1, 1), padding=(1, 1), bias=False)
              (bn1): BatchNorm2d(256, eps=1e-05, momentum=0.1, affine=True, track_running_stats=True)
              (relu1): PReLU(num_parameters=256)
              (conv2): Conv2d(256, 256, kernel_size=(3, 3), stride=(1, 1), padding=(1, 1), bias=False)
              (bn2): BatchNorm2d(256, eps=1e-05, momentum=0.1, affine=True, track_running_stats=True)
              (relu2): PReLU(num_parameters=256)
            )
          )
          (layer4): Sequential(
            (0): BasicBlock(
              (conv1): Conv2d(256, 512, kernel_size=(3, 3), stride=(2, 2), padding=(1, 1), bias=False)
              (bn1): BatchNorm2d(512, eps=1e-05, momentum=0.1, affine=True, track_running_stats=True)
              (relu1): PReLU(num_parameters=512)
              (conv2): Conv2d(512, 512, kernel_size=(3, 3), stride=(1, 1), padding=(1, 1), bias=False)
              (bn2): BatchNorm2d(512, eps=1e-05, momentum=0.1, affine=True, track_running_stats=True)
              (relu2): PReLU(num_parameters=512)
              (downsample): Sequential(
                (0): Conv2d(256, 512, kernel_size=(1, 1), stride=(2, 2), bias=False)
                (1): BatchNorm2d(512, eps=1e-05, momentum=0.1, affine=True, track_running_stats=True)
              )
            )
            (1): BasicBlock(
              (conv1): Conv2d(512, 512, kernel_size=(3, 3), stride=(1, 1), padding=(1, 1), bias=False)
              (bn1): BatchNorm2d(512, eps=1e-05, momentum=0.1, affine=True, track_running_stats=True)
              (relu1): PReLU(num_parameters=512)
              (conv2): Conv2d(512, 512, kernel_size=(3, 3), stride=(1, 1), padding=(1, 1), bias=False)
              (bn2): BatchNorm2d(512, eps=1e-05, momentum=0.1, affine=True, track_running_stats=True)
              (relu2): PReLU(num_parameters=512)
            )
          )
          (avgpool): AdaptiveAvgPool2d(output_size=1)
        )
        (proj): Linear(in_features=512, out_features=768, bias=True)
      )
      (post_extract_proj): Linear(in_features=1536, out_features=768, bias=True)
      (encoder): TransformerEncoder(
        (pos_conv): Sequential(
          (0): Conv1d(768, 768, kernel_size=(128,), stride=(1,), padding=(64,), groups=16)
          (1): SamePad()
          (2): GELU(approximate='none')
        )
        (layers): ModuleList(
          (0-11): 12 x TransformerSentenceEncoderLayer(
            (self_attn): MultiheadAttention(
              (dropout_module): Dropout(p=0.0, inplace=False)
              (k_proj): Linear(in_features=768, out_features=768, bias=True)
              (v_proj): Linear(in_features=768, out_features=768, bias=True)
              (q_proj): Linear(in_features=768, out_features=768, bias=True)
              (out_proj): Linear(in_features=768, out_features=768, bias=True)
            )
            (dropout1): Dropout(p=0.0, inplace=False)
            (dropout2): Dropout(p=0.1, inplace=False)
            (dropout3): Dropout(p=0.0, inplace=False)
            (self_attn_layer_norm): LayerNorm((768,), eps=1e-05, elementwise_affine=True)
            (fc1): Linear(in_features=768, out_features=3072, bias=True)
            (fc2): Linear(in_features=3072, out_features=768, bias=True)
            (final_layer_norm): LayerNorm((768,), eps=1e-05, elementwise_affine=True)
          )
        )
        (layer_norm): LayerNorm((768,), eps=1e-05, elementwise_affine=True)
      )
      (layer_norm): LayerNorm((1536,), eps=1e-05, elementwise_affine=True)
      (dropout_input): Dropout(p=0.0, inplace=False)
      (dropout_features): Dropout(p=0.1, inplace=False)
    )
  )
  (decoder): TransformerDecoder(
    (embed_tokens): Embedding(1000, 768, padding_idx=1)
    (embed_positions): SinusoidalPositionalEmbedding()
    (layers): ModuleList(
      (0-5): 6 x TransformerDecoderLayer(
        (dropout_module): Dropout(p=0.1, inplace=False)
        (self_attn): MultiheadAttention(
          (dropout_module): Dropout(p=0.0, inplace=False)
          (k_proj): Linear(in_features=768, out_features=768, bias=True)
          (v_proj): Linear(in_features=768, out_features=768, bias=True)
          (q_proj): Linear(in_features=768, out_features=768, bias=True)
          (out_proj): Linear(in_features=768, out_features=768, bias=True)
        )
        (activation_dropout_module): Dropout(p=0.1, inplace=False)
        (self_attn_layer_norm): LayerNorm((768,), eps=1e-05, elementwise_affine=True)
        (encoder_attn): MultiheadAttention(
          (dropout_module): Dropout(p=0.0, inplace=False)
          (k_proj): Linear(in_features=768, out_features=768, bias=True)
          (v_proj): Linear(in_features=768, out_features=768, bias=True)
          (q_proj): Linear(in_features=768, out_features=768, bias=True)
          (out_proj): Linear(in_features=768, out_features=768, bias=True)
        )
        (encoder_attn_layer_norm): LayerNorm((768,), eps=1e-05, elementwise_affine=True)
        (fc1): Linear(in_features=768, out_features=3072, bias=True)
        (fc2): Linear(in_features=3072, out_features=768, bias=True)
        (final_layer_norm): LayerNorm((768,), eps=1e-05, elementwise_affine=True)
      )
    )
    (layer_norm): LayerNorm((768,), eps=1e-05, elementwise_affine=True)
  )
)
[2026-06-13 14:33:40,124][main][INFO] - model: AudioVideoModel
[2026-06-13 14:33:40,124][main][INFO] - criterion: LabelSmoothedCrossEntropyCriterion
[2026-06-13 14:33:40,127][main][INFO] - num. shared model params: 160,100,480 (num. trained: 160,100,480)
[2026-06-13 14:33:40,129][main][INFO] - num. expert model params: 0 (num. trained: 0)
[2026-06-13 14:33:40,129][dataset][INFO] - Using tokenizer
[2026-06-13 14:33:40,185][dataset][INFO] - max_keep=500, min_keep=None, loaded 30782, skipped 0 short and 0 long and 0 unaligned, longest-loaded=155, shortest-loaded=12
[2026-06-13 14:33:40,186][dataset][INFO] - image transform: Compose(
    Normalize(mean=0.0, std=255.0)
    RandomCrop(size=(88, 88))
    <utils.model_utils.HorizontalFlip object at 0x7ffa05820e80>
    Normalize(mean=0.421, std=0.165)
)
[2026-06-13 14:33:40,195][dataset][INFO] - pad_audio=True, random_crop=False, normalize=True, max_sample_size=500, seqs2seq data=True,
[2026-06-13 14:33:40,195][dataset][INFO] - Using tokenizer
[2026-06-13 14:33:40,201][dataset][INFO] - max_keep=500, min_keep=None, loaded 1200, skipped 0 short and 0 long and 0 unaligned, longest-loaded=155, shortest-loaded=17
[2026-06-13 14:33:40,201][dataset][INFO] - image transform: Compose(
    Normalize(mean=0.0, std=255.0)
    <utils.model_utils.CenterCrop object at 0x7ffa056642e0>
    Normalize(mean=0.421, std=0.165)
)
[2026-06-13 14:33:40,203][dataset][INFO] - pad_audio=True, random_crop=False, normalize=True, max_sample_size=500, seqs2seq data=True,
[2026-06-13 14:33:41,182][trainer][INFO] - detected shared parameter: encoder.pretrained_model.feature_extractor_video.frontend3D.0.bias <- encoder.pretrained_model.feature_extractor_video.trunk.layer1.0.conv1.bias
[2026-06-13 14:33:41,182][trainer][INFO] - detected shared parameter: encoder.pretrained_model.feature_extractor_video.frontend3D.0.bias <- encoder.pretrained_model.feature_extractor_video.trunk.layer1.0.conv2.bias
[2026-06-13 14:33:41,182][trainer][INFO] - detected shared parameter: encoder.pretrained_model.feature_extractor_video.frontend3D.0.bias <- encoder.pretrained_model.feature_extractor_video.trunk.layer1.1.conv1.bias
[2026-06-13 14:33:41,183][trainer][INFO] - detected shared parameter: encoder.pretrained_model.feature_extractor_video.frontend3D.0.bias <- encoder.pretrained_model.feature_extractor_video.trunk.layer1.1.conv2.bias
[2026-06-13 14:33:41,183][trainer][INFO] - detected shared parameter: encoder.pretrained_model.feature_extractor_video.frontend3D.0.bias <- encoder.pretrained_model.feature_extractor_video.trunk.layer2.0.conv1.bias
[2026-06-13 14:33:41,183][trainer][INFO] - detected shared parameter: encoder.pretrained_model.feature_extractor_video.frontend3D.0.bias <- encoder.pretrained_model.feature_extractor_video.trunk.layer2.0.conv2.bias
[2026-06-13 14:33:41,183][trainer][INFO] - detected shared parameter: encoder.pretrained_model.feature_extractor_video.frontend3D.0.bias <- encoder.pretrained_model.feature_extractor_video.trunk.layer2.0.downsample.0.bias
[2026-06-13 14:33:41,183][trainer][INFO] - detected shared parameter: encoder.pretrained_model.feature_extractor_video.frontend3D.0.bias <- encoder.pretrained_model.feature_extractor_video.trunk.layer2.1.conv1.bias
[2026-06-13 14:33:41,184][trainer][INFO] - detected shared parameter: encoder.pretrained_model.feature_extractor_video.frontend3D.0.bias <- encoder.pretrained_model.feature_extractor_video.trunk.layer2.1.conv2.bias
[2026-06-13 14:33:41,184][trainer][INFO] - detected shared parameter: encoder.pretrained_model.feature_extractor_video.frontend3D.0.bias <- encoder.pretrained_model.feature_extractor_video.trunk.layer3.0.conv1.bias
[2026-06-13 14:33:41,184][trainer][INFO] - detected shared parameter: encoder.pretrained_model.feature_extractor_video.frontend3D.0.bias <- encoder.pretrained_model.feature_extractor_video.trunk.layer3.0.conv2.bias
[2026-06-13 14:33:41,184][trainer][INFO] - detected shared parameter: encoder.pretrained_model.feature_extractor_video.frontend3D.0.bias <- encoder.pretrained_model.feature_extractor_video.trunk.layer3.0.downsample.0.bias
[2026-06-13 14:33:41,184][trainer][INFO] - detected shared parameter: encoder.pretrained_model.feature_extractor_video.frontend3D.0.bias <- encoder.pretrained_model.feature_extractor_video.trunk.layer3.1.conv1.bias
[2026-06-13 14:33:41,184][trainer][INFO] - detected shared parameter: encoder.pretrained_model.feature_extractor_video.frontend3D.0.bias <- encoder.pretrained_model.feature_extractor_video.trunk.layer3.1.conv2.bias
[2026-06-13 14:33:41,185][trainer][INFO] - detected shared parameter: encoder.pretrained_model.feature_extractor_video.frontend3D.0.bias <- encoder.pretrained_model.feature_extractor_video.trunk.layer4.0.conv1.bias
[2026-06-13 14:33:41,185][trainer][INFO] - detected shared parameter: encoder.pretrained_model.feature_extractor_video.frontend3D.0.bias <- encoder.pretrained_model.feature_extractor_video.trunk.layer4.0.conv2.bias
[2026-06-13 14:33:41,185][trainer][INFO] - detected shared parameter: encoder.pretrained_model.feature_extractor_video.frontend3D.0.bias <- encoder.pretrained_model.feature_extractor_video.trunk.layer4.0.downsample.0.bias
[2026-06-13 14:33:41,185][trainer][INFO] - detected shared parameter: encoder.pretrained_model.feature_extractor_video.frontend3D.0.bias <- encoder.pretrained_model.feature_extractor_video.trunk.layer4.1.conv1.bias
[2026-06-13 14:33:41,185][trainer][INFO] - detected shared parameter: encoder.pretrained_model.feature_extractor_video.frontend3D.0.bias <- encoder.pretrained_model.feature_extractor_video.trunk.layer4.1.conv2.bias
[2026-06-13 14:33:41,186][fairseq.utils][INFO] - ***********************CUDA enviroments for all 1 workers***********************
[2026-06-13 14:33:41,186][fairseq.utils][INFO] - rank   0: capabilities =  9.0  ; total memory = 79.179 GB ; name = NVIDIA H100 80GB HBM3                   
[2026-06-13 14:33:41,186][fairseq.utils][INFO] - ***********************CUDA enviroments for all 1 workers***********************
[2026-06-13 14:33:41,187][main][INFO] - training on 1 devices (GPUs/TPUs)
[2026-06-13 14:33:41,187][main][INFO] - max tokens per device = 1000 and max sentences per device = None
[2026-06-13 14:33:41,188][trainer][INFO] - Preparing to load checkpoint checkpoints/checkpoint_last.pt
[2026-06-13 14:33:41,188][trainer][INFO] - No existing checkpoint found checkpoints/checkpoint_last.pt
[2026-06-13 14:33:42,061][trainer][INFO] - begin training epoch 1
[2026-06-13 14:33:42,061][main][INFO] - Start iterating over samples
[2026-06-13 14:35:31,278][train_inner][INFO] - {"epoch": 1, "update": 0.063, "loss": "155.045", "nll_loss": "8.514", "total": "178.305", "n_correct": "10.705", "ppl": "365.62", "accuracy": "6.004", "wps": "327.8", "ups": "1.84", "wpb": "178.3", "bsz": "10.1", "num_updates": "200", "lr": "2.98e-05", "gnorm": "94.115", "loss_scale": "128", "train_wall": "16", "gb_free": "75.7", "wall": "110"}
[2026-06-13 14:37:06,561][train_inner][INFO] - {"epoch": 1, "update": 0.126, "loss": "169.438", "nll_loss": "8.148", "total": "181.27", "n_correct": "12.015", "ppl": "283.74", "accuracy": "6.628", "wps": "380.5", "ups": "2.1", "wpb": "181.3", "bsz": "9", "num_updates": "400", "lr": "4.96e-05", "gnorm": "67.451", "loss_scale": "128", "train_wall": "12", "gb_free": "75.7", "wall": "205"}
[2026-06-13 14:38:34,705][train_inner][INFO] - {"epoch": 1, "update": 0.189, "loss": "155.757", "nll_loss": "8.023", "total": "177.86", "n_correct": "14.445", "ppl": "260.16", "accuracy": "8.122", "wps": "403.6", "ups": "2.27", "wpb": "177.9", "bsz": "9.5", "num_updates": "600", "lr": "6.94e-05", "gnorm": "53.907", "loss_scale": "128", "train_wall": "11", "gb_free": "75.7", "wall": "294"}
[2026-06-13 14:40:27,608][train_inner][INFO] - {"epoch": 1, "update": 0.252, "loss": "148.639", "nll_loss": "7.835", "total": "179.33", "n_correct": "19.7", "ppl": "228.37", "accuracy": "10.985", "wps": "317.7", "ups": "1.77", "wpb": "179.3", "bsz": "9.9", "num_updates": "800", "lr": "8.92e-05", "gnorm": "50.367", "loss_scale": "128", "train_wall": "12", "gb_free": "75.7", "wall": "406"}
[2026-06-13 14:42:15,052][train_inner][INFO] - {"epoch": 1, "update": 0.315, "loss": "152.39", "nll_loss": "7.665", "total": "176.56", "n_correct": "22.26", "ppl": "202.98", "accuracy": "12.608", "wps": "328.7", "ups": "1.86", "wpb": "176.6", "bsz": "9.3", "num_updates": "1000", "lr": "0.000109", "gnorm": "50.925", "loss_scale": "128", "train_wall": "11", "gb_free": "75.7", "wall": "514"}
[2026-06-13 14:43:48,670][train_inner][INFO] - {"epoch": 1, "update": 0.378, "loss": "149.732", "nll_loss": "7.483", "total": "177.705", "n_correct": "24.24", "ppl": "178.92", "accuracy": "13.641", "wps": "379.7", "ups": "2.14", "wpb": "177.7", "bsz": "9.3", "num_updates": "1200", "lr": "0.0001288", "gnorm": "52.871", "loss_scale": "128", "train_wall": "11", "gb_free": "75.7", "wall": "607"}
[2026-06-13 14:45:18,430][train_inner][INFO] - {"epoch": 1, "update": 0.441, "loss": "136.468", "nll_loss": "7.276", "total": "180.08", "n_correct": "27.605", "ppl": "154.95", "accuracy": "15.329", "wps": "401.3", "ups": "2.23", "wpb": "180.1", "bsz": "10.2", "num_updates": "1400", "lr": "0.0001486", "gnorm": "49.768", "loss_scale": "128", "train_wall": "11", "gb_free": "75.7", "wall": "697"}
[2026-06-13 14:47:03,133][train_inner][INFO] - {"epoch": 1, "update": 0.504, "loss": "145.104", "nll_loss": "7.206", "total": "179.95", "n_correct": "27.84", "ppl": "147.67", "accuracy": "15.471", "wps": "343.8", "ups": "1.91", "wpb": "179.9", "bsz": "9.5", "num_updates": "1600", "lr": "0.0001684", "gnorm": "50.7", "loss_scale": "128", "train_wall": "11", "gb_free": "75.7", "wall": "802"}
[2026-06-13 14:48:50,233][train_inner][INFO] - {"epoch": 1, "update": 0.567, "loss": "127.646", "nll_loss": "6.92", "total": "181.98", "n_correct": "32.6", "ppl": "121.11", "accuracy": "17.914", "wps": "339.9", "ups": "1.87", "wpb": "182", "bsz": "10.5", "num_updates": "1800", "lr": "0.0001882", "gnorm": "47.671", "loss_scale": "128", "train_wall": "11", "gb_free": "75.7", "wall": "909"}
[2026-06-13 14:50:19,714][train_inner][INFO] - {"epoch": 1, "update": 0.63, "loss": "136.433", "nll_loss": "6.866", "total": "182.14", "n_correct": "32.18", "ppl": "116.67", "accuracy": "17.668", "wps": "407.2", "ups": "2.24", "wpb": "182.1", "bsz": "9.8", "num_updates": "2000", "lr": "0.000208", "gnorm": "49.485", "loss_scale": "128", "train_wall": "11", "gb_free": "75.7", "wall": "999"}
[2026-06-13 14:51:49,458][train_inner][INFO] - {"epoch": 1, "update": 0.693, "loss": "137.191", "nll_loss": "6.756", "total": "178.665", "n_correct": "32.295", "ppl": "108.07", "accuracy": "18.076", "wps": "398.2", "ups": "2.23", "wpb": "178.7", "bsz": "9.4", "num_updates": "2200", "lr": "0.0002278", "gnorm": "50.165", "loss_scale": "128", "train_wall": "11", "gb_free": "75.7", "wall": "1088"}
[2026-06-13 14:53:24,623][train_inner][INFO] - {"epoch": 1, "update": 0.756, "loss": "137.044", "nll_loss": "6.611", "total": "180.825", "n_correct": "34.005", "ppl": "97.74", "accuracy": "18.805", "wps": "380.1", "ups": "2.1", "wpb": "180.8", "bsz": "9.4", "num_updates": "2400", "lr": "0.0002476", "gnorm": "50.962", "loss_scale": "128", "train_wall": "11", "gb_free": "75.7", "wall": "1183"}
[2026-06-13 14:54:48,711][train_inner][INFO] - {"epoch": 1, "update": 0.819, "loss": "130.487", "nll_loss": "6.418", "total": "181.03", "n_correct": "36.13", "ppl": "85.51", "accuracy": "19.958", "wps": "430.6", "ups": "2.38", "wpb": "181", "bsz": "9.7", "num_updates": "2600", "lr": "0.0002674", "gnorm": "51.386", "loss_scale": "128", "train_wall": "11", "gb_free": "75.7", "wall": "1268"}
[2026-06-13 14:56:08,077][train_inner][INFO] - {"epoch": 1, "update": 0.882, "loss": "124.903", "nll_loss": "6.202", "total": "175.29", "n_correct": "37.235", "ppl": "73.63", "accuracy": "21.242", "wps": "441.8", "ups": "2.52", "wpb": "175.3", "bsz": "9.5", "num_updates": "2800", "lr": "0.0002872", "gnorm": "50.393", "loss_scale": "128", "train_wall": "11", "gb_free": "75.7", "wall": "1347"}
[2026-06-13 14:57:36,604][train_inner][INFO] - {"epoch": 1, "update": 0.945, "loss": "126.15", "nll_loss": "6.119", "total": "183.02", "n_correct": "39.945", "ppl": "69.51", "accuracy": "21.825", "wps": "413.5", "ups": "2.26", "wpb": "183", "bsz": "9.7", "num_updates": "3000", "lr": "0.000307", "gnorm": "50.948", "loss_scale": "128", "train_wall": "11", "gb_free": "75.7", "wall": "1435"}
[2026-06-13 14:59:03,208][main][INFO] - end of epoch 1 (average epoch stats below)
[2026-06-13 14:59:03,220][train][INFO] - {"epoch": 1, "train_loss": "140.48", "train_nll_loss": "7.13", "train_total": "179.799", "train_n_correct": "27.733", "train_ppl": "140.1", "train_accuracy": "15.424", "train_wps": "375.5", "train_ups": "2.09", "train_wpb": "179.8", "train_bsz": "9.7", "train_num_updates": "3176", "train_lr": "0.000324424", "train_gnorm": "54.533", "train_loss_scale": "128", "train_train_wall": "179", "train_gb_free": "75.7", "train_wall": "1522"}
[2026-06-13 14:59:03,691][trainer][INFO] - begin training epoch 2
[2026-06-13 14:59:03,691][main][INFO] - Start iterating over samples
[2026-06-13 14:59:13,863][train_inner][INFO] - {"epoch": 2, "update": 1.008, "loss": "118.586", "nll_loss": "5.942", "total": "181.945", "n_correct": "42", "ppl": "61.48", "accuracy": "23.084", "wps": "374.2", "ups": "2.06", "wpb": "181.9", "bsz": "10.1", "num_updates": "3200", "lr": "0.0003268", "gnorm": "51.259", "loss_scale": "128", "train_wall": "11", "gb_free": "75.7", "wall": "1533"}
[2026-06-13 15:00:47,497][train_inner][INFO] - {"epoch": 2, "update": 1.071, "loss": "118.712", "nll_loss": "5.758", "total": "181.22", "n_correct": "42.64", "ppl": "54.1", "accuracy": "23.529", "wps": "387.1", "ups": "2.14", "wpb": "181.2", "bsz": "9.8", "num_updates": "3400", "lr": "0.0003466", "gnorm": "51.06", "loss_scale": "128", "train_wall": "11", "gb_free": "75.7", "wall": "1626"}
[2026-06-13 15:02:22,583][train_inner][INFO] - {"epoch": 2, "update": 1.134, "loss": "111.439", "nll_loss": "5.503", "total": "184.03", "n_correct": "47.8", "ppl": "45.36", "accuracy": "25.974", "wps": "387.1", "ups": "2.1", "wpb": "184", "bsz": "10.2", "num_updates": "3600", "lr": "0.0003664", "gnorm": "52.627", "loss_scale": "128", "train_wall": "11", "gb_free": "75.7", "wall": "1721"}
[2026-06-13 15:03:50,997][train_inner][INFO] - {"epoch": 2, "update": 1.196, "loss": "118.282", "nll_loss": "5.366", "total": "177.94", "n_correct": "46.96", "ppl": "41.23", "accuracy": "26.391", "wps": "402.6", "ups": "2.26", "wpb": "177.9", "bsz": "9.1", "num_updates": "3800", "lr": "0.0003862", "gnorm": "56.515", "loss_scale": "128", "train_wall": "11", "gb_free": "75.7", "wall": "1810"}
[2026-06-13 15:05:19,298][train_inner][INFO] - {"epoch": 2, "update": 1.259, "loss": "110.3", "nll_loss": "5.104", "total": "176.96", "n_correct": "51.255", "ppl": "34.4", "accuracy": "28.964", "wps": "400.9", "ups": "2.27", "wpb": "177", "bsz": "9.4", "num_updates": "4000", "lr": "0.000406", "gnorm": "58.709", "loss_scale": "128", "train_wall": "11", "gb_free": "75.7", "wall": "1898"}
[2026-06-13 15:06:49,114][train_inner][INFO] - {"epoch": 2, "update": 1.322, "loss": "110.424", "nll_loss": "4.924", "total": "182.315", "n_correct": "55.705", "ppl": "30.35", "accuracy": "30.554", "wps": "406", "ups": "2.23", "wpb": "182.3", "bsz": "9.4", "num_updates": "4200", "lr": "0.0004258", "gnorm": "59.501", "loss_scale": "128", "train_wall": "11", "gb_free": "75.7", "wall": "1988"}
[2026-06-13 15:08:24,593][train_inner][INFO] - {"epoch": 2, "update": 1.385, "loss": "94.819", "nll_loss": "4.569", "total": "178.705", "n_correct": "60.73", "ppl": "23.73", "accuracy": "33.983", "wps": "374.4", "ups": "2.09", "wpb": "178.7", "bsz": "10.2", "num_updates": "4400", "lr": "0.0004456", "gnorm": "56.382", "loss_scale": "128", "train_wall": "11", "gb_free": "75.7", "wall": "2083"}
[2026-06-13 15:10:05,213][train_inner][INFO] - {"epoch": 2, "update": 1.448, "loss": "89.701", "nll_loss": "4.386", "total": "182.91", "n_correct": "66.315", "ppl": "20.9", "accuracy": "36.256", "wps": "363.6", "ups": "1.99", "wpb": "182.9", "bsz": "10.7", "num_updates": "4600", "lr": "0.0004654", "gnorm": "55.695", "loss_scale": "128", "train_wall": "11", "gb_free": "75.7", "wall": "2184"}
[2026-06-13 15:11:38,216][train_inner][INFO] - {"epoch": 2, "update": 1.511, "loss": "95.118", "nll_loss": "4.316", "total": "178.54", "n_correct": "65.53", "ppl": "19.92", "accuracy": "36.703", "wps": "384", "ups": "2.15", "wpb": "178.5", "bsz": "9.7", "num_updates": "4800", "lr": "0.0004852", "gnorm": "55.187", "loss_scale": "128", "train_wall": "11", "gb_free": "75.7", "wall": "2277"}
[2026-06-13 15:13:23,751][train_inner][INFO] - {"epoch": 2, "update": 1.574, "loss": "90.801", "nll_loss": "4.14", "total": "181.955", "n_correct": "71.095", "ppl": "17.63", "accuracy": "39.073", "wps": "344.9", "ups": "1.9", "wpb": "182", "bsz": "10.1", "num_updates": "5000", "lr": "0.000505", "gnorm": "54.722", "loss_scale": "128", "train_wall": "11", "gb_free": "75.7", "wall": "2383"}
[2026-06-13 15:15:08,024][train_inner][INFO] - {"epoch": 2, "update": 1.637, "loss": "86.916", "nll_loss": "4.015", "total": "178.205", "n_correct": "71.5", "ppl": "16.17", "accuracy": "40.122", "wps": "341.8", "ups": "1.92", "wpb": "178.2", "bsz": "10.1", "num_updates": "5200", "lr": "0.0005248", "gnorm": "53.729", "loss_scale": "128", "train_wall": "11", "gb_free": "75.7", "wall": "2487"}
[2026-06-13 15:16:53,114][train_inner][INFO] - {"epoch": 2, "update": 1.7, "loss": "84.04", "nll_loss": "3.884", "total": "177.005", "n_correct": "74.57", "ppl": "14.77", "accuracy": "42.129", "wps": "336.9", "ups": "1.9", "wpb": "177", "bsz": "10.1", "num_updates": "5400", "lr": "0.0005446", "gnorm": "52.79", "loss_scale": "128", "train_wall": "11", "gb_free": "75.7", "wall": "2592"}
[2026-06-13 15:18:34,567][train_inner][INFO] - {"epoch": 2, "update": 1.763, "loss": "100.116", "nll_loss": "3.931", "total": "181.805", "n_correct": "75.59", "ppl": "15.25", "accuracy": "41.578", "wps": "358.4", "ups": "1.97", "wpb": "181.8", "bsz": "8.8", "num_updates": "5600", "lr": "0.0005644", "gnorm": "57.595", "loss_scale": "128", "train_wall": "11", "gb_free": "75.7", "wall": "2693"}
[2026-06-13 15:20:12,041][train_inner][INFO] - {"epoch": 2, "update": 1.826, "loss": "93.428", "nll_loss": "3.703", "total": "179.055", "n_correct": "79.295", "ppl": "13.02", "accuracy": "44.285", "wps": "367.4", "ups": "2.05", "wpb": "179.1", "bsz": "8.9", "num_updates": "5800", "lr": "0.0005842", "gnorm": "53.53", "loss_scale": "128", "train_wall": "11", "gb_free": "75.7", "wall": "2791"}
[2026-06-13 15:21:52,608][train_inner][INFO] - {"epoch": 2, "update": 1.889, "loss": "90.618", "nll_loss": "3.643", "total": "178.135", "n_correct": "80.27", "ppl": "12.5", "accuracy": "45.061", "wps": "354.3", "ups": "1.99", "wpb": "178.1", "bsz": "9.1", "num_updates": "6000", "lr": "0.000604", "gnorm": "53.818", "loss_scale": "128", "train_wall": "11", "gb_free": "75.7", "wall": "2891"}
[2026-06-13 15:23:39,240][train_inner][INFO] - {"epoch": 2, "update": 1.952, "loss": "81.762", "nll_loss": "3.458", "total": "180.595", "n_correct": "86.04", "ppl": "10.99", "accuracy": "47.643", "wps": "338.8", "ups": "1.88", "wpb": "180.6", "bsz": "9.8", "num_updates": "6200", "lr": "0.0006238", "gnorm": "50.504", "loss_scale": "128", "train_wall": "11", "gb_free": "75.7", "wall": "2998"}
[2026-06-13 15:24:56,803][main][INFO] - begin validation on "valid" subset
[2026-06-13 15:26:01,813][valid][INFO] - {"epoch": 2, "valid_loss": "79.888", "valid_nll_loss": "3.188", "valid_total": "178.205", "valid_n_correct": "89.748", "valid_ppl": "9.11", "valid_accuracy": "50.362", "valid_wps": "351.3", "valid_wpb": "178.2", "valid_bsz": "9.4", "valid_num_updates": "6352"}
[2026-06-13 15:26:01,814][fairseq.checkpoint_utils][INFO] - Preparing to save checkpoint for epoch 2 @ 6352 updates
[2026-06-13 15:26:01,815][trainer][INFO] - Saving checkpoint to checkpoints/checkpoint_best.pt
[2026-06-13 15:26:05,645][trainer][INFO] - Finished saving checkpoint to checkpoints/checkpoint_best.pt
[2026-06-13 15:26:10,719][fairseq.checkpoint_utils][INFO] - Saved checkpoint checkpoints/checkpoint_best.pt (epoch 2 @ 6352 updates, score 50.362) (writing took 8.904528088052757 seconds)
[2026-06-13 15:26:10,719][main][INFO] - end of epoch 2 (average epoch stats below)
[2026-06-13 15:26:10,730][train][INFO] - {"epoch": 2, "train_loss": "97.596", "train_nll_loss": "4.407", "train_total": "179.799", "train_n_correct": "65.8659", "train_ppl": "21.22", "train_accuracy": "36.633", "train_wps": "350.9", "train_ups": "1.95", "train_wpb": "179.8", "train_bsz": "9.7", "train_num_updates": "6352", "train_lr": "0.000638848", "train_gnorm": "54.488", "train_loss_scale": "128", "train_train_wall": "173", "train_gb_free": "75.7", "train_wall": "3150"}
[2026-06-13 15:26:11,230][trainer][INFO] - begin training epoch 3
[2026-06-13 15:26:11,231][main][INFO] - Start iterating over samples
[2026-06-13 15:26:34,990][train_inner][INFO] - {"epoch": 3, "update": 2.015, "loss": "79.812", "nll_loss": "3.316", "total": "177.825", "n_correct": "87.515", "ppl": "9.96", "accuracy": "49.214", "wps": "202.4", "ups": "1.14", "wpb": "177.8", "bsz": "9.6", "num_updates": "6400", "lr": "0.0006436", "gnorm": "48.527", "loss_scale": "128", "train_wall": "11", "gb_free": "75.7", "wall": "3174"}
[2026-06-13 15:28:26,346][train_inner][INFO] - {"epoch": 3, "update": 2.078, "loss": "77.04", "nll_loss": "3.199", "total": "183.205", "n_correct": "92.715", "ppl": "9.18", "accuracy": "50.607", "wps": "329.1", "ups": "1.8", "wpb": "183.2", "bsz": "10.1", "num_updates": "6600", "lr": "0.0006634", "gnorm": "47.853", "loss_scale": "128", "train_wall": "12", "gb_free": "75.7", "wall": "3285"}
[2026-06-13 15:30:12,570][train_inner][INFO] - {"epoch": 3, "update": 2.141, "loss": "75.238", "nll_loss": "3.091", "total": "177.205", "n_correct": "93.1", "ppl": "8.52", "accuracy": "52.538", "wps": "333.7", "ups": "1.88", "wpb": "177.2", "bsz": "9.8", "num_updates": "6800", "lr": "0.0006832", "gnorm": "45.239", "loss_scale": "128", "train_wall": "11", "gb_free": "75.7", "wall": "3391"}
[2026-06-13 15:31:55,695][train_inner][INFO] - {"epoch": 3, "update": 2.204, "loss": "74.273", "nll_loss": "3.062", "total": "178.395", "n_correct": "94.39", "ppl": "8.35", "accuracy": "52.911", "wps": "346", "ups": "1.94", "wpb": "178.4", "bsz": "9.9", "num_updates": "7000", "lr": "0.000703", "gnorm": "44.282", "loss_scale": "128", "train_wall": "11", "gb_free": "75.7", "wall": "3494"}
[2026-06-13 15:33:42,720][train_inner][INFO] - {"epoch": 3, "update": 2.267, "loss": "78.926", "nll_loss": "3.065", "total": "185.385", "n_correct": "99.11", "ppl": "8.37", "accuracy": "53.462", "wps": "346.5", "ups": "1.87", "wpb": "185.4", "bsz": "9.7", "num_updates": "7200", "lr": "0.0007228", "gnorm": "47.552", "loss_scale": "128", "train_wall": "11", "gb_free": "75.7", "wall": "3602"}
[2026-06-13 15:35:27,596][train_inner][INFO] - {"epoch": 3, "update": 2.33, "loss": "77.617", "nll_loss": "2.942", "total": "178.965", "n_correct": "98.33", "ppl": "7.69", "accuracy": "54.944", "wps": "341.3", "ups": "1.91", "wpb": "179", "bsz": "9.2", "num_updates": "7400", "lr": "0.0007426", "gnorm": "42.359", "loss_scale": "128", "train_wall": "11", "gb_free": "75.7", "wall": "3706"}
[2026-06-13 15:37:11,214][train_inner][INFO] - {"epoch": 3, "update": 2.393, "loss": "74.014", "nll_loss": "2.924", "total": "183.475", "n_correct": "101.58", "ppl": "7.59", "accuracy": "55.364", "wps": "354.2", "ups": "1.93", "wpb": "183.5", "bsz": "9.9", "num_updates": "7600", "lr": "0.0007624", "gnorm": "43.291", "loss_scale": "128", "train_wall": "11", "gb_free": "75.7", "wall": "3810"}
[2026-06-13 15:38:48,719][train_inner][INFO] - {"epoch": 3, "update": 2.456, "loss": "76.002", "nll_loss": "2.82", "total": "179.125", "n_correct": "102.145", "ppl": "7.06", "accuracy": "57.024", "wps": "367.5", "ups": "2.05", "wpb": "179.1", "bsz": "9.2", "num_updates": "7800", "lr": "0.0007822", "gnorm": "42.547", "loss_scale": "128", "train_wall": "11", "gb_free": "75.7", "wall": "3908"}
[2026-06-13 15:40:32,422][train_inner][INFO] - {"epoch": 3, "update": 2.519, "loss": "70.467", "nll_loss": "2.771", "total": "182.37", "n_correct": "105.38", "ppl": "6.82", "accuracy": "57.784", "wps": "351.7", "ups": "1.93", "wpb": "182.4", "bsz": "10", "num_updates": "8000", "lr": "0.000802", "gnorm": "41.332", "loss_scale": "128", "train_wall": "11", "gb_free": "75.7", "wall": "4011"}
[2026-06-13 15:42:18,990][train_inner][INFO] - {"epoch": 3, "update": 2.582, "loss": "70.733", "nll_loss": "2.722", "total": "179.46", "n_correct": "104.985", "ppl": "6.6", "accuracy": "58.501", "wps": "336.8", "ups": "1.88", "wpb": "179.5", "bsz": "9.7", "num_updates": "8200", "lr": "0.0008218", "gnorm": "39.711", "loss_scale": "128", "train_wall": "11", "gb_free": "75.7", "wall": "4118"}
[2026-06-13 15:44:01,417][train_inner][INFO] - {"epoch": 3, "update": 2.645, "loss": "69.344", "nll_loss": "2.649", "total": "178.09", "n_correct": "106.46", "ppl": "6.27", "accuracy": "59.779", "wps": "347.8", "ups": "1.95", "wpb": "178.1", "bsz": "9.6", "num_updates": "8400", "lr": "0.0008416", "gnorm": "39.088", "loss_scale": "128", "train_wall": "11", "gb_free": "75.7", "wall": "4220"}
[2026-06-13 15:45:39,723][train_inner][INFO] - {"epoch": 3, "update": 2.708, "loss": "72.107", "nll_loss": "2.578", "total": "177.395", "n_correct": "107.965", "ppl": "5.97", "accuracy": "60.861", "wps": "360.9", "ups": "2.03", "wpb": "177.4", "bsz": "9.1", "num_updates": "8600", "lr": "0.0008614", "gnorm": "37.824", "loss_scale": "128", "train_wall": "11", "gb_free": "75.7", "wall": "4319"}
[2026-06-13 15:47:30,796][train_inner][INFO] - {"epoch": 3, "update": 2.771, "loss": "67.028", "nll_loss": "2.521", "total": "181.54", "n_correct": "111.79", "ppl": "5.74", "accuracy": "61.579", "wps": "326.9", "ups": "1.8", "wpb": "181.5", "bsz": "9.9", "num_updates": "8800", "lr": "0.0008812", "gnorm": "37.759", "loss_scale": "128", "train_wall": "11", "gb_free": "75.7", "wall": "4430"}
[2026-06-13 15:49:16,947][train_inner][INFO] - {"epoch": 3, "update": 2.834, "loss": "63.059", "nll_loss": "2.457", "total": "175.895", "n_correct": "109.95", "ppl": "5.49", "accuracy": "62.509", "wps": "331.4", "ups": "1.88", "wpb": "175.9", "bsz": "10", "num_updates": "9000", "lr": "0.000901", "gnorm": "34.759", "loss_scale": "128", "train_wall": "11", "gb_free": "75.7", "wall": "4536"}
[2026-06-13 15:50:58,938][train_inner][INFO] - {"epoch": 3, "update": 2.897, "loss": "65.667", "nll_loss": "2.444", "total": "178.905", "n_correct": "112.77", "ppl": "5.44", "accuracy": "63.033", "wps": "350.9", "ups": "1.96", "wpb": "178.9", "bsz": "9.7", "num_updates": "9200", "lr": "0.0009208", "gnorm": "34.707", "loss_scale": "128", "train_wall": "11", "gb_free": "75.7", "wall": "4638"}
[2026-06-13 15:52:38,866][train_inner][INFO] - {"epoch": 3, "update": 2.96, "loss": "64.214", "nll_loss": "2.339", "total": "179", "n_correct": "116.135", "ppl": "5.06", "accuracy": "64.88", "wps": "358.3", "ups": "2", "wpb": "179", "bsz": "9.7", "num_updates": "9400", "lr": "0.0009406", "gnorm": "33.974", "loss_scale": "128", "train_wall": "11", "gb_free": "75.7", "wall": "4738"}
[2026-06-13 15:53:44,871][main][INFO] - end of epoch 3 (average epoch stats below)
[2026-06-13 15:53:44,884][train][INFO] - {"epoch": 3, "train_loss": "71.401", "train_nll_loss": "2.76", "train_total": "179.799", "train_n_correct": "104.101", "train_ppl": "6.77", "train_accuracy": "57.899", "train_wps": "345.2", "train_ups": "1.92", "train_wpb": "179.8", "train_bsz": "9.7", "train_num_updates": "9528", "train_lr": "0.000953272", "train_gnorm": "40.618", "train_loss_scale": "128", "train_train_wall": "178", "train_gb_free": "75.7", "train_wall": "4804"}
[2026-06-13 15:53:45,435][trainer][INFO] - begin training epoch 4
[2026-06-13 15:53:45,435][main][INFO] - Start iterating over samples
[2026-06-13 15:54:24,194][train_inner][INFO] - {"epoch": 4, "update": 3.023, "loss": "58.667", "nll_loss": "2.203", "total": "176.035", "n_correct": "117.08", "ppl": "4.61", "accuracy": "66.51", "wps": "334.3", "ups": "1.9", "wpb": "176", "bsz": "10.1", "num_updates": "9600", "lr": "0.0009604", "gnorm": "31.831", "loss_scale": "128", "train_wall": "11", "gb_free": "75.7", "wall": "4843"}
[2026-06-13 15:56:08,974][train_inner][INFO] - {"epoch": 4, "update": 3.086, "loss": "56.948", "nll_loss": "2.115", "total": "178.395", "n_correct": "120.905", "ppl": "4.33", "accuracy": "67.774", "wps": "340.5", "ups": "1.91", "wpb": "178.4", "bsz": "10.3", "num_updates": "9800", "lr": "0.0009802", "gnorm": "29.953", "loss_scale": "128", "train_wall": "11", "gb_free": "75.7", "wall": "4948"}
[2026-06-13 15:57:47,149][train_inner][INFO] - {"epoch": 4, "update": 3.149, "loss": "64.126", "nll_loss": "2.107", "total": "177.085", "n_correct": "119.605", "ppl": "4.31", "accuracy": "67.541", "wps": "360.8", "ups": "2.04", "wpb": "177.1", "bsz": "9.1", "num_updates": "10000", "lr": "0.001", "gnorm": "33.563", "loss_scale": "128", "train_wall": "11", "gb_free": "75.7", "wall": "5046"}
[2026-06-13 15:59:33,419][train_inner][INFO] - {"epoch": 4, "update": 3.212, "loss": "56.533", "nll_loss": "2.02", "total": "176.615", "n_correct": "122.37", "ppl": "4.05", "accuracy": "69.286", "wps": "332.4", "ups": "1.88", "wpb": "176.6", "bsz": "10", "num_updates": "10200", "lr": "0.000970487", "gnorm": "29.445", "loss_scale": "128", "train_wall": "11", "gb_free": "75.7", "wall": "5152"}
[2026-06-13 16:01:14,729][train_inner][INFO] - {"epoch": 4, "update": 3.275, "loss": "60.65", "nll_loss": "2.061", "total": "179.855", "n_correct": "124.135", "ppl": "4.17", "accuracy": "69.019", "wps": "355.1", "ups": "1.97", "wpb": "179.9", "bsz": "9.6", "num_updates": "10400", "lr": "0.000941845", "gnorm": "31.41", "loss_scale": "128", "train_wall": "11", "gb_free": "75.7", "wall": "5254"}
[2026-06-13 16:02:55,274][train_inner][INFO] - {"epoch": 4, "update": 3.338, "loss": "62.273", "nll_loss": "1.959", "total": "179.76", "n_correct": "125.865", "ppl": "3.89", "accuracy": "70.018", "wps": "357.6", "ups": "1.99", "wpb": "179.8", "bsz": "9.1", "num_updates": "10600", "lr": "0.000914048", "gnorm": "31.011", "loss_scale": "128", "train_wall": "11", "gb_free": "75.7", "wall": "5354"}
[2026-06-13 16:04:35,403][train_inner][INFO] - {"epoch": 4, "update": 3.401, "loss": "56.85", "nll_loss": "1.9", "total": "177.71", "n_correct": "126.1", "ppl": "3.73", "accuracy": "70.958", "wps": "355", "ups": "2", "wpb": "177.7", "bsz": "9.7", "num_updates": "10800", "lr": "0.000887072", "gnorm": "28.855", "loss_scale": "128", "train_wall": "11", "gb_free": "75.7", "wall": "5454"}
[2026-06-13 16:06:40,480][train_inner][INFO] - {"epoch": 4, "update": 3.463, "loss": "58.216", "nll_loss": "1.889", "total": "182.28", "n_correct": "130.23", "ppl": "3.7", "accuracy": "71.445", "wps": "292", "ups": "1.6", "wpb": "182.3", "bsz": "9.7", "num_updates": "11000", "lr": "0.000860892", "gnorm": "29.343", "loss_scale": "128", "train_wall": "12", "gb_free": "75.7", "wall": "5579"}
[2026-06-13 16:10:44,668][train_inner][INFO] - {"epoch": 4, "update": 3.526, "loss": "60.005", "nll_loss": "1.837", "total": "181.47", "n_correct": "131.205", "ppl": "3.57", "accuracy": "72.301", "wps": "148.6", "ups": "0.82", "wpb": "181.5", "bsz": "9.2", "num_updates": "11200", "lr": "0.000835484", "gnorm": "28.508", "loss_scale": "128", "train_wall": "13", "gb_free": "75.7", "wall": "5823"}
[2026-06-13 16:14:17,728][train_inner][INFO] - {"epoch": 4, "update": 3.589, "loss": "54.99", "nll_loss": "1.747", "total": "181.29", "n_correct": "133.155", "ppl": "3.36", "accuracy": "73.449", "wps": "170.2", "ups": "0.94", "wpb": "181.3", "bsz": "9.8", "num_updates": "11400", "lr": "0.000810826", "gnorm": "27.008", "loss_scale": "128", "train_wall": "13", "gb_free": "75.7", "wall": "6037"}
[2026-06-13 16:18:34,656][train_inner][INFO] - {"epoch": 4, "update": 3.652, "loss": "56.829", "nll_loss": "1.726", "total": "180.505", "n_correct": "133.735", "ppl": "3.31", "accuracy": "74.089", "wps": "140.5", "ups": "0.78", "wpb": "180.5", "bsz": "9.3", "num_updates": "11600", "lr": "0.000786896", "gnorm": "28.121", "loss_scale": "128", "train_wall": "14", "gb_free": "75.7", "wall": "6293"}
[2026-06-13 16:22:08,048][train_inner][INFO] - {"epoch": 4, "update": 3.715, "loss": "55.714", "nll_loss": "1.659", "total": "179.3", "n_correct": "134.62", "ppl": "3.16", "accuracy": "75.081", "wps": "168.1", "ups": "0.94", "wpb": "179.3", "bsz": "9.3", "num_updates": "11800", "lr": "0.000763673", "gnorm": "26.118", "loss_scale": "128", "train_wall": "13", "gb_free": "75.7", "wall": "6507"}
[2026-06-13 16:25:16,946][train_inner][INFO] - {"epoch": 4, "update": 3.778, "loss": "55.743", "nll_loss": "1.65", "total": "183.885", "n_correct": "138.13", "ppl": "3.14", "accuracy": "75.118", "wps": "194.7", "ups": "1.06", "wpb": "183.9", "bsz": "9.5", "num_updates": "12000", "lr": "0.000741134", "gnorm": "27.455", "loss_scale": "128", "train_wall": "12", "gb_free": "75.7", "wall": "6696"}
[2026-06-13 16:29:42,802][train_inner][INFO] - {"epoch": 4, "update": 3.841, "loss": "45.049", "nll_loss": "1.493", "total": "181.22", "n_correct": "141.22", "ppl": "2.81", "accuracy": "77.927", "wps": "136.3", "ups": "0.75", "wpb": "181.2", "bsz": "11", "num_updates": "12200", "lr": "0.000719261", "gnorm": "22.63", "loss_scale": "128", "train_wall": "13", "gb_free": "75.7", "wall": "6962"}
[2026-06-13 16:33:11,330][train_inner][INFO] - {"epoch": 4, "update": 3.904, "loss": "50.94", "nll_loss": "1.568", "total": "181.525", "n_correct": "138.985", "ppl": "2.96", "accuracy": "76.565", "wps": "174.1", "ups": "0.96", "wpb": "181.5", "bsz": "10", "num_updates": "12400", "lr": "0.000698034", "gnorm": "24.613", "loss_scale": "128", "train_wall": "13", "gb_free": "75.7", "wall": "7170"}
[2026-06-13 16:37:03,559][train_inner][INFO] - {"epoch": 4, "update": 3.967, "loss": "52.887", "nll_loss": "1.503", "total": "180.67", "n_correct": "140.08", "ppl": "2.84", "accuracy": "77.534", "wps": "155.6", "ups": "0.86", "wpb": "180.7", "bsz": "9.4", "num_updates": "12600", "lr": "0.000677433", "gnorm": "25.145", "loss_scale": "128", "train_wall": "13", "gb_free": "75.7", "wall": "7402"}
[2026-06-13 16:38:58,172][main][INFO] - begin validation on "valid" subset
[2026-06-13 16:41:41,519][valid][INFO] - {"epoch": 4, "valid_loss": "46.65", "valid_nll_loss": "1.148", "valid_total": "178.205", "valid_n_correct": "146.583", "valid_ppl": "2.22", "valid_accuracy": "82.255", "valid_wps": "140.9", "valid_wpb": "178.2", "valid_bsz": "9.4", "valid_num_updates": "12704", "valid_best_accuracy": "82.255"}
[2026-06-13 16:41:41,529][fairseq.checkpoint_utils][INFO] - Preparing to save checkpoint for epoch 4 @ 12704 updates
[2026-06-13 16:41:41,530][trainer][INFO] - Saving checkpoint to checkpoints/checkpoint_best.pt
[2026-06-13 16:41:46,264][trainer][INFO] - Finished saving checkpoint to checkpoints/checkpoint_best.pt
[2026-06-13 16:41:52,795][fairseq.checkpoint_utils][INFO] - Saved checkpoint checkpoints/checkpoint_best.pt (epoch 4 @ 12704 updates, score 82.255) (writing took 11.266160705010407 seconds)
[2026-06-13 16:41:52,796][main][INFO] - end of epoch 4 (average epoch stats below)
[2026-06-13 16:41:52,812][train][INFO] - {"epoch": 4, "train_loss": "55.94", "train_nll_loss": "1.806", "train_total": "179.799", "train_n_correct": "130.685", "train_ppl": "3.5", "train_accuracy": "72.684", "train_wps": "197.7", "train_ups": "1.1", "train_wpb": "179.8", "train_bsz": "9.7", "train_num_updates": "12704", "train_lr": "0.000666961", "train_gnorm": "28.083", "train_loss_scale": "128", "train_train_wall": "195", "train_gb_free": "75.7", "train_wall": "7692"}
[2026-06-13 16:41:53,404][trainer][INFO] - begin training epoch 5
[2026-06-13 16:41:53,404][main][INFO] - Start iterating over samples
[2026-06-13 16:43:24,037][train_inner][INFO] - {"epoch": 5, "update": 4.03, "loss": "47.33", "nll_loss": "1.377", "total": "176.29", "n_correct": "139.975", "ppl": "2.6", "accuracy": "79.4", "wps": "92.7", "ups": "0.53", "wpb": "176.3", "bsz": "9.8", "num_updates": "12800", "lr": "0.00065744", "gnorm": "23.188", "loss_scale": "128", "train_wall": "13", "gb_free": "75.7", "wall": "7783"}
[2026-06-13 16:48:01,397][train_inner][INFO] - {"epoch": 5, "update": 4.093, "loss": "49.702", "nll_loss": "1.301", "total": "178.905", "n_correct": "144.345", "ppl": "2.46", "accuracy": "80.682", "wps": "129", "ups": "0.72", "wpb": "178.9", "bsz": "9.2", "num_updates": "13000", "lr": "0.000638036", "gnorm": "23.249", "loss_scale": "128", "train_wall": "14", "gb_free": "75.7", "wall": "8060"}
[2026-06-13 16:51:40,675][train_inner][INFO] - {"epoch": 5, "update": 4.156, "loss": "48.171", "nll_loss": "1.285", "total": "181.26", "n_correct": "146.11", "ppl": "2.44", "accuracy": "80.608", "wps": "165.3", "ups": "0.91", "wpb": "181.3", "bsz": "9.6", "num_updates": "13200", "lr": "0.000619206", "gnorm": "22.641", "loss_scale": "128", "train_wall": "13", "gb_free": "75.7", "wall": "8279"}
[2026-06-13 16:55:59,017][train_inner][INFO] - {"epoch": 5, "update": 4.219, "loss": "48.149", "nll_loss": "1.254", "total": "180.4", "n_correct": "146.415", "ppl": "2.39", "accuracy": "81.161", "wps": "139.7", "ups": "0.77", "wpb": "180.4", "bsz": "9.5", "num_updates": "13400", "lr": "0.000600931", "gnorm": "22.656", "loss_scale": "128", "train_wall": "14", "gb_free": "75.7", "wall": "8538"}
[2026-06-13 16:59:54,249][train_inner][INFO] - {"epoch": 5, "update": 4.282, "loss": "45.701", "nll_loss": "1.285", "total": "181.74", "n_correct": "146.865", "ppl": "2.44", "accuracy": "80.81", "wps": "154.5", "ups": "0.85", "wpb": "181.7", "bsz": "10.2", "num_updates": "13600", "lr": "0.000583196", "gnorm": "22.265", "loss_scale": "128", "train_wall": "13", "gb_free": "75.7", "wall": "8773"}
[2026-06-13 17:03:45,265][train_inner][INFO] - {"epoch": 5, "update": 4.345, "loss": "45.074", "nll_loss": "1.246", "total": "182.53", "n_correct": "148.825", "ppl": "2.37", "accuracy": "81.535", "wps": "158", "ups": "0.87", "wpb": "182.5", "bsz": "10.2", "num_updates": "13800", "lr": "0.000565984", "gnorm": "22.209", "loss_scale": "128", "train_wall": "13", "gb_free": "75.7", "wall": "9004"}
[2026-06-13 17:06:54,997][train_inner][INFO] - {"epoch": 5, "update": 4.408, "loss": "47.885", "nll_loss": "1.223", "total": "185.455", "n_correct": "151.935", "ppl": "2.33", "accuracy": "81.926", "wps": "195.5", "ups": "1.05", "wpb": "185.5", "bsz": "9.7", "num_updates": "14000", "lr": "0.00054928", "gnorm": "22.538", "loss_scale": "128", "train_wall": "13", "gb_free": "75.7", "wall": "9194"}
[2026-06-13 17:10:10,424][train_inner][INFO] - {"epoch": 5, "update": 4.471, "loss": "48.445", "nll_loss": "1.214", "total": "176.07", "n_correct": "144.775", "ppl": "2.32", "accuracy": "82.226", "wps": "180.2", "ups": "1.02", "wpb": "176.1", "bsz": "9", "num_updates": "14200", "lr": "0.000533069", "gnorm": "22.363", "loss_scale": "128", "train_wall": "13", "gb_free": "75.7", "wall": "9389"}
[2026-06-13 17:13:31,728][train_inner][INFO] - {"epoch": 5, "update": 4.534, "loss": "41.323", "nll_loss": "1.198", "total": "177.155", "n_correct": "145.74", "ppl": "2.29", "accuracy": "82.267", "wps": "176", "ups": "0.99", "wpb": "177.2", "bsz": "10.6", "num_updates": "14400", "lr": "0.000517337", "gnorm": "20.428", "loss_scale": "128", "train_wall": "13", "gb_free": "75.7", "wall": "9591"}
[2026-06-13 17:16:54,109][train_inner][INFO] - {"epoch": 5, "update": 4.597, "loss": "43.608", "nll_loss": "1.177", "total": "182.485", "n_correct": "150.94", "ppl": "2.26", "accuracy": "82.714", "wps": "180.4", "ups": "0.99", "wpb": "182.5", "bsz": "10.3", "num_updates": "14600", "lr": "0.000502069", "gnorm": "20.828", "loss_scale": "128", "train_wall": "13", "gb_free": "75.7", "wall": "9793"}
[2026-06-13 17:20:43,028][train_inner][INFO] - {"epoch": 5, "update": 4.66, "loss": "45.753", "nll_loss": "1.172", "total": "179.22", "n_correct": "148.405", "ppl": "2.25", "accuracy": "82.806", "wps": "156.6", "ups": "0.87", "wpb": "179.2", "bsz": "9.6", "num_updates": "14800", "lr": "0.000487251", "gnorm": "21.833", "loss_scale": "128", "train_wall": "13", "gb_free": "75.7", "wall": "10022"}
[2026-06-13 17:23:38,084][train_inner][INFO] - {"epoch": 5, "update": 4.723, "loss": "43.251", "nll_loss": "1.118", "total": "179.57", "n_correct": "150.04", "ppl": "2.17", "accuracy": "83.555", "wps": "205.2", "ups": "1.14", "wpb": "179.6", "bsz": "10", "num_updates": "15000", "lr": "0.000472871", "gnorm": "20.49", "loss_scale": "128", "train_wall": "13", "gb_free": "75.7", "wall": "10197"}
[2026-06-13 17:26:23,324][train_inner][INFO] - {"epoch": 5, "update": 4.786, "loss": "45.797", "nll_loss": "1.126", "total": "177.655", "n_correct": "148.47", "ppl": "2.18", "accuracy": "83.572", "wps": "215", "ups": "1.21", "wpb": "177.7", "bsz": "9.3", "num_updates": "15200", "lr": "0.000458915", "gnorm": "21.265", "loss_scale": "128", "train_wall": "12", "gb_free": "75.7", "wall": "10362"}
[2026-06-13 17:28:51,677][train_inner][INFO] - {"epoch": 5, "update": 4.849, "loss": "45.732", "nll_loss": "1.14", "total": "179.6", "n_correct": "149.54", "ppl": "2.2", "accuracy": "83.263", "wps": "242.1", "ups": "1.35", "wpb": "179.6", "bsz": "9.5", "num_updates": "15400", "lr": "0.000445371", "gnorm": "21.405", "loss_scale": "128", "train_wall": "12", "gb_free": "75.7", "wall": "10510"}
[2026-06-13 17:31:31,203][train_inner][INFO] - {"epoch": 5, "update": 4.912, "loss": "48.023", "nll_loss": "1.111", "total": "178.735", "n_correct": "149.985", "ppl": "2.16", "accuracy": "83.915", "wps": "224.2", "ups": "1.25", "wpb": "178.7", "bsz": "8.9", "num_updates": "15600", "lr": "0.000432227", "gnorm": "21.087", "loss_scale": "128", "train_wall": "12", "gb_free": "75.7", "wall": "10670"}
[2026-06-13 17:33:49,986][train_inner][INFO] - {"epoch": 5, "update": 4.975, "loss": "42.438", "nll_loss": "1.086", "total": "179.115", "n_correct": "150.92", "ppl": "2.12", "accuracy": "84.259", "wps": "258.2", "ups": "1.44", "wpb": "179.1", "bsz": "10", "num_updates": "15800", "lr": "0.00041947", "gnorm": "20.67", "loss_scale": "128", "train_wall": "12", "gb_free": "75.7", "wall": "10809"}
[2026-06-13 17:34:37,426][main][INFO] - end of epoch 5 (average epoch stats below)
[2026-06-13 17:34:37,442][train][INFO] - {"epoch": 5, "train_loss": "45.866", "train_nll_loss": "1.197", "train_total": "179.799", "train_n_correct": "148.031", "train_ppl": "2.29", "train_accuracy": "82.332", "train_wps": "180.4", "train_ups": "1", "train_wpb": "179.8", "train_bsz": "9.7", "train_num_updates": "15880", "train_lr": "0.000414474", "train_gnorm": "21.745", "train_loss_scale": "128", "train_train_wall": "204", "train_gb_free": "75.7", "train_wall": "10856"}
[2026-06-13 17:34:38,126][trainer][INFO] - begin training epoch 6
[2026-06-13 17:34:38,127][main][INFO] - Start iterating over samples
[2026-06-13 17:36:03,107][train_inner][INFO] - {"epoch": 6, "update": 5.038, "loss": "41.992", "nll_loss": "0.983", "total": "179.67", "n_correct": "153.885", "ppl": "1.98", "accuracy": "85.649", "wps": "270", "ups": "1.5", "wpb": "179.7", "bsz": "9.8", "num_updates": "16000", "lr": "0.000407091", "gnorm": "19.057", "loss_scale": "128", "train_wall": "12", "gb_free": "75.7", "wall": "10942"}
[2026-06-13 17:38:06,610][train_inner][INFO] - {"epoch": 6, "update": 5.101, "loss": "41.087", "nll_loss": "0.957", "total": "181.555", "n_correct": "156.31", "ppl": "1.94", "accuracy": "86.095", "wps": "294", "ups": "1.62", "wpb": "181.6", "bsz": "10", "num_updates": "16200", "lr": "0.000395076", "gnorm": "20.102", "loss_scale": "128", "train_wall": "12", "gb_free": "75.7", "wall": "11065"}
[2026-06-13 17:39:55,449][train_inner][INFO] - {"epoch": 6, "update": 5.164, "loss": "44.378", "nll_loss": "0.951", "total": "176.39", "n_correct": "152", "ppl": "1.93", "accuracy": "86.173", "wps": "324.2", "ups": "1.84", "wpb": "176.4", "bsz": "9", "num_updates": "16400", "lr": "0.000383416", "gnorm": "20.091", "loss_scale": "256", "train_wall": "11", "gb_free": "75.7", "wall": "11174"}
[2026-06-13 17:41:52,776][train_inner][INFO] - {"epoch": 6, "update": 5.227, "loss": "41.238", "nll_loss": "0.96", "total": "181.675", "n_correct": "156.35", "ppl": "1.95", "accuracy": "86.06", "wps": "309.7", "ups": "1.7", "wpb": "181.7", "bsz": "10", "num_updates": "16600", "lr": "0.0003721", "gnorm": "19.514", "loss_scale": "256", "train_wall": "11", "gb_free": "75.7", "wall": "11292"}
[2026-06-13 17:43:48,853][train_inner][INFO] - {"epoch": 6, "update": 5.29, "loss": "39.701", "nll_loss": "0.905", "total": "183.545", "n_correct": "159.65", "ppl": "1.87", "accuracy": "86.981", "wps": "316.3", "ups": "1.72", "wpb": "183.5", "bsz": "10.2", "num_updates": "16800", "lr": "0.000361119", "gnorm": "18.396", "loss_scale": "256", "train_wall": "11", "gb_free": "75.7", "wall": "11408"}
[2026-06-13 17:45:40,285][train_inner][INFO] - {"epoch": 6, "update": 5.353, "loss": "41.976", "nll_loss": "0.956", "total": "179.29", "n_correct": "154.96", "ppl": "1.94", "accuracy": "86.43", "wps": "321.8", "ups": "1.8", "wpb": "179.3", "bsz": "9.6", "num_updates": "17000", "lr": "0.000350461", "gnorm": "19.404", "loss_scale": "256", "train_wall": "11", "gb_free": "75.7", "wall": "11519"}
[2026-06-13 17:47:34,575][train_inner][INFO] - {"epoch": 6, "update": 5.416, "loss": "42.871", "nll_loss": "0.958", "total": "182.66", "n_correct": "157.4", "ppl": "1.94", "accuracy": "86.171", "wps": "319.7", "ups": "1.75", "wpb": "182.7", "bsz": "9.6", "num_updates": "17200", "lr": "0.000340118", "gnorm": "19.399", "loss_scale": "256", "train_wall": "11", "gb_free": "75.7", "wall": "11633"}
[2026-06-13 17:49:23,871][train_inner][INFO] - {"epoch": 6, "update": 5.479, "loss": "43.447", "nll_loss": "0.944", "total": "177.635", "n_correct": "153.355", "ppl": "1.92", "accuracy": "86.332", "wps": "325.1", "ups": "1.83", "wpb": "177.6", "bsz": "9.2", "num_updates": "17400", "lr": "0.00033008", "gnorm": "19.397", "loss_scale": "256", "train_wall": "11", "gb_free": "75.7", "wall": "11743"}
[2026-06-13 17:51:18,081][train_inner][INFO] - {"epoch": 6, "update": 5.542, "loss": "41.475", "nll_loss": "0.907", "total": "180.2", "n_correct": "156.955", "ppl": "1.88", "accuracy": "87.1", "wps": "315.6", "ups": "1.75", "wpb": "180.2", "bsz": "9.6", "num_updates": "17600", "lr": "0.000320338", "gnorm": "18.953", "loss_scale": "256", "train_wall": "11", "gb_free": "75.7", "wall": "11857"}
[2026-06-13 17:53:17,059][train_inner][INFO] - {"epoch": 6, "update": 5.605, "loss": "42.176", "nll_loss": "0.897", "total": "183.14", "n_correct": "159.56", "ppl": "1.86", "accuracy": "87.125", "wps": "307.9", "ups": "1.68", "wpb": "183.1", "bsz": "9.6", "num_updates": "17800", "lr": "0.000310884", "gnorm": "19.169", "loss_scale": "256", "train_wall": "11", "gb_free": "75.7", "wall": "11976"}
[2026-06-13 17:55:11,040][train_inner][INFO] - {"epoch": 6, "update": 5.668, "loss": "38.824", "nll_loss": "0.938", "total": "176.32", "n_correct": "152.585", "ppl": "1.92", "accuracy": "86.539", "wps": "309.4", "ups": "1.75", "wpb": "176.3", "bsz": "10.2", "num_updates": "18000", "lr": "0.000301709", "gnorm": "18.109", "loss_scale": "256", "train_wall": "11", "gb_free": "75.7", "wall": "12090"}
[2026-06-13 17:57:02,474][train_inner][INFO] - {"epoch": 6, "update": 5.73, "loss": "40.559", "nll_loss": "0.901", "total": "179.7", "n_correct": "156.735", "ppl": "1.87", "accuracy": "87.22", "wps": "322.6", "ups": "1.79", "wpb": "179.7", "bsz": "9.8", "num_updates": "18200", "lr": "0.000292804", "gnorm": "19.006", "loss_scale": "256", "train_wall": "11", "gb_free": "75.7", "wall": "12201"}
[2026-06-13 17:58:56,936][train_inner][INFO] - {"epoch": 6, "update": 5.793, "loss": "40.422", "nll_loss": "0.908", "total": "180.685", "n_correct": "157.54", "ppl": "1.88", "accuracy": "87.19", "wps": "315.8", "ups": "1.75", "wpb": "180.7", "bsz": "9.9", "num_updates": "18400", "lr": "0.000284163", "gnorm": "17.751", "loss_scale": "256", "train_wall": "11", "gb_free": "75.7", "wall": "12316"}
[2026-06-13 18:00:51,194][train_inner][INFO] - {"epoch": 6, "update": 5.856, "loss": "38.127", "nll_loss": "0.889", "total": "179.465", "n_correct": "156.955", "ppl": "1.85", "accuracy": "87.457", "wps": "314.2", "ups": "1.75", "wpb": "179.5", "bsz": "10.3", "num_updates": "18600", "lr": "0.000275776", "gnorm": "17.503", "loss_scale": "256", "train_wall": "11", "gb_free": "75.7", "wall": "12430"}
[2026-06-13 18:02:43,201][train_inner][INFO] - {"epoch": 6, "update": 5.919, "loss": "40.375", "nll_loss": "0.892", "total": "179.14", "n_correct": "156.715", "ppl": "1.86", "accuracy": "87.482", "wps": "319.9", "ups": "1.79", "wpb": "179.1", "bsz": "9.7", "num_updates": "18800", "lr": "0.000267637", "gnorm": "18.286", "loss_scale": "256", "train_wall": "11", "gb_free": "75.7", "wall": "12542"}
[2026-06-13 18:04:32,474][train_inner][INFO] - {"epoch": 6, "update": 5.982, "loss": "44.1", "nll_loss": "0.873", "total": "175.545", "n_correct": "153.82", "ppl": "1.83", "accuracy": "87.624", "wps": "321.3", "ups": "1.83", "wpb": "175.5", "bsz": "8.7", "num_updates": "19000", "lr": "0.000259739", "gnorm": "19.687", "loss_scale": "256", "train_wall": "11", "gb_free": "75.7", "wall": "12651"}
[2026-06-13 18:05:02,180][main][INFO] - begin validation on "valid" subset
[2026-06-13 18:06:13,048][valid][INFO] - {"epoch": 6, "valid_loss": "40.009", "valid_nll_loss": "0.761", "valid_total": "178.205", "valid_n_correct": "158.362", "valid_ppl": "1.69", "valid_accuracy": "88.865", "valid_wps": "321.3", "valid_wpb": "178.2", "valid_bsz": "9.4", "valid_num_updates": "19056", "valid_best_accuracy": "88.865"}
[2026-06-13 18:06:13,049][fairseq.checkpoint_utils][INFO] - Preparing to save checkpoint for epoch 6 @ 19056 updates
[2026-06-13 18:06:13,050][trainer][INFO] - Saving checkpoint to checkpoints/checkpoint_best.pt
[2026-06-13 18:06:16,956][trainer][INFO] - Finished saving checkpoint to checkpoints/checkpoint_best.pt
[2026-06-13 18:06:22,526][fairseq.checkpoint_utils][INFO] - Saved checkpoint checkpoints/checkpoint_best.pt (epoch 6 @ 19056 updates, score 88.865) (writing took 9.476813305984251 seconds)
[2026-06-13 18:06:22,526][main][INFO] - end of epoch 6 (average epoch stats below)
[2026-06-13 18:06:22,536][train][INFO] - {"epoch": 6, "train_loss": "41.278", "train_nll_loss": "0.923", "train_total": "179.799", "train_n_correct": "156.048", "train_ppl": "1.9", "train_accuracy": "86.79", "train_wps": "299.7", "train_ups": "1.67", "train_wpb": "179.8", "train_bsz": "9.7", "train_num_updates": "19056", "train_lr": "0.000257569", "train_gnorm": "18.969", "train_loss_scale": "256", "train_train_wall": "181", "train_gb_free": "75.7", "train_wall": "12761"}
[2026-06-13 18:06:23,120][trainer][INFO] - begin training epoch 7
[2026-06-13 18:06:23,121][main][INFO] - Start iterating over samples
[2026-06-13 18:07:50,911][train_inner][INFO] - {"epoch": 7, "update": 6.045, "loss": "37.081", "nll_loss": "0.803", "total": "179.55", "n_correct": "159.575", "ppl": "1.74", "accuracy": "88.875", "wps": "181", "ups": "1.01", "wpb": "179.6", "bsz": "10.2", "num_updates": "19200", "lr": "0.000252073", "gnorm": "16.578", "loss_scale": "256", "train_wall": "11", "gb_free": "75.7", "wall": "12850"}
[2026-06-13 18:09:45,003][train_inner][INFO] - {"epoch": 7, "update": 6.108, "loss": "40.987", "nll_loss": "0.777", "total": "182.085", "n_correct": "162.24", "ppl": "1.71", "accuracy": "89.101", "wps": "319.3", "ups": "1.75", "wpb": "182.1", "bsz": "9.3", "num_updates": "19400", "lr": "0.000244633", "gnorm": "17.54", "loss_scale": "256", "train_wall": "11", "gb_free": "75.7", "wall": "12964"}
[2026-06-13 18:11:46,526][train_inner][INFO] - {"epoch": 7, "update": 6.171, "loss": "37.421", "nll_loss": "0.786", "total": "180.175", "n_correct": "160.285", "ppl": "1.72", "accuracy": "88.961", "wps": "296.6", "ups": "1.65", "wpb": "180.2", "bsz": "10.1", "num_updates": "19600", "lr": "0.000237414", "gnorm": "16.694", "loss_scale": "256", "train_wall": "12", "gb_free": "75.7", "wall": "13085"}
[2026-06-13 18:13:42,430][train_inner][INFO] - {"epoch": 7, "update": 6.234, "loss": "35.715", "nll_loss": "0.769", "total": "177.69", "n_correct": "158.555", "ppl": "1.7", "accuracy": "89.231", "wps": "306.6", "ups": "1.73", "wpb": "177.7", "bsz": "10.4", "num_updates": "19800", "lr": "0.000230407", "gnorm": "17.198", "loss_scale": "256", "train_wall": "11", "gb_free": "75.7", "wall": "13201"}
[2026-06-13 18:15:32,224][train_inner][INFO] - {"epoch": 7, "update": 6.297, "loss": "42.029", "nll_loss": "0.804", "total": "179.895", "n_correct": "159.565", "ppl": "1.75", "accuracy": "88.699", "wps": "327.7", "ups": "1.82", "wpb": "179.9", "bsz": "9.1", "num_updates": "20000", "lr": "0.000223607", "gnorm": "18.629", "loss_scale": "256", "train_wall": "12", "gb_free": "75.7", "wall": "13311"}
[2026-06-13 18:17:30,828][train_inner][INFO] - {"epoch": 7, "update": 6.36, "loss": "37.724", "nll_loss": "0.768", "total": "182.98", "n_correct": "163.76", "ppl": "1.7", "accuracy": "89.496", "wps": "308.6", "ups": "1.69", "wpb": "183", "bsz": "10.1", "num_updates": "20200", "lr": "0.000217007", "gnorm": "16.617", "loss_scale": "256", "train_wall": "11", "gb_free": "75.7", "wall": "13430"}
[2026-06-13 18:19:24,740][train_inner][INFO] - {"epoch": 7, "update": 6.423, "loss": "38.676", "nll_loss": "0.769", "total": "180.46", "n_correct": "161.315", "ppl": "1.7", "accuracy": "89.391", "wps": "316.9", "ups": "1.76", "wpb": "180.5", "bsz": "9.7", "num_updates": "20400", "lr": "0.000210603", "gnorm": "17.111", "loss_scale": "256", "train_wall": "11", "gb_free": "75.7", "wall": "13544"}
[2026-06-13 18:21:18,187][train_inner][INFO] - {"epoch": 7, "update": 6.486, "loss": "39.171", "nll_loss": "0.796", "total": "178.87", "n_correct": "159.095", "ppl": "1.74", "accuracy": "88.944", "wps": "315.4", "ups": "1.76", "wpb": "178.9", "bsz": "9.6", "num_updates": "20600", "lr": "0.000204387", "gnorm": "17.965", "loss_scale": "256", "train_wall": "11", "gb_free": "75.7", "wall": "13657"}
[2026-06-13 18:23:19,933][train_inner][INFO] - {"epoch": 7, "update": 6.549, "loss": "39.371", "nll_loss": "0.775", "total": "179.785", "n_correct": "160.325", "ppl": "1.71", "accuracy": "89.176", "wps": "295.4", "ups": "1.64", "wpb": "179.8", "bsz": "9.5", "num_updates": "20800", "lr": "0.000198355", "gnorm": "17.492", "loss_scale": "256", "train_wall": "12", "gb_free": "75.7", "wall": "13779"}
[2026-06-13 18:25:19,978][train_inner][INFO] - {"epoch": 7, "update": 6.612, "loss": "37.22", "nll_loss": "0.775", "total": "182.095", "n_correct": "162.535", "ppl": "1.71", "accuracy": "89.258", "wps": "303.4", "ups": "1.67", "wpb": "182.1", "bsz": "10.2", "num_updates": "21000", "lr": "0.000192501", "gnorm": "16.842", "loss_scale": "256", "train_wall": "12", "gb_free": "75.7", "wall": "13899"}
[2026-06-13 18:27:18,460][train_inner][INFO] - {"epoch": 7, "update": 6.675, "loss": "37.648", "nll_loss": "0.749", "total": "180.125", "n_correct": "161.635", "ppl": "1.68", "accuracy": "89.735", "wps": "304.1", "ups": "1.69", "wpb": "180.1", "bsz": "9.9", "num_updates": "21200", "lr": "0.00018682", "gnorm": "17.396", "loss_scale": "256", "train_wall": "12", "gb_free": "75.7", "wall": "14017"}
[2026-06-13 18:29:14,680][train_inner][INFO] - {"epoch": 7, "update": 6.738, "loss": "40.178", "nll_loss": "0.809", "total": "178.32", "n_correct": "158.275", "ppl": "1.75", "accuracy": "88.759", "wps": "306.9", "ups": "1.72", "wpb": "178.3", "bsz": "9.4", "num_updates": "21400", "lr": "0.000181306", "gnorm": "18.36", "loss_scale": "256", "train_wall": "12", "gb_free": "75.7", "wall": "14133"}
[2026-06-13 18:31:06,694][train_inner][INFO] - {"epoch": 7, "update": 6.801, "loss": "41.936", "nll_loss": "0.755", "total": "178.405", "n_correct": "160.055", "ppl": "1.69", "accuracy": "89.714", "wps": "318.6", "ups": "1.79", "wpb": "178.4", "bsz": "8.8", "num_updates": "21600", "lr": "0.000175955", "gnorm": "18.328", "loss_scale": "256", "train_wall": "12", "gb_free": "75.7", "wall": "14245"}
[2026-06-13 18:33:02,437][train_inner][INFO] - {"epoch": 7, "update": 6.864, "loss": "39.015", "nll_loss": "0.745", "total": "180", "n_correct": "161.515", "ppl": "1.68", "accuracy": "89.731", "wps": "311.1", "ups": "1.73", "wpb": "180", "bsz": "9.5", "num_updates": "21800", "lr": "0.000170762", "gnorm": "17.8", "loss_scale": "256", "train_wall": "12", "gb_free": "75.7", "wall": "14361"}
[2026-06-13 18:34:55,105][train_inner][INFO] - {"epoch": 7, "update": 6.927, "loss": "39.075", "nll_loss": "0.772", "total": "176.71", "n_correct": "157.965", "ppl": "1.71", "accuracy": "89.392", "wps": "313.7", "ups": "1.78", "wpb": "176.7", "bsz": "9.4", "num_updates": "22000", "lr": "0.000165723", "gnorm": "17.489", "loss_scale": "256", "train_wall": "11", "gb_free": "75.7", "wall": "14474"}
[2026-06-13 18:36:49,389][train_inner][INFO] - {"epoch": 7, "update": 6.99, "loss": "37.876", "nll_loss": "0.747", "total": "178.495", "n_correct": "160.13", "ppl": "1.68", "accuracy": "89.711", "wps": "312.4", "ups": "1.75", "wpb": "178.5", "bsz": "9.7", "num_updates": "22200", "lr": "0.000160832", "gnorm": "16.735", "loss_scale": "256", "train_wall": "11", "gb_free": "75.7", "wall": "14588"}
[2026-06-13 18:37:06,774][main][INFO] - end of epoch 7 (average epoch stats below)
[2026-06-13 18:37:06,783][train][INFO] - {"epoch": 7, "train_loss": "38.764", "train_nll_loss": "0.773", "train_total": "179.799", "train_n_correct": "160.528", "train_ppl": "1.71", "train_accuracy": "89.282", "train_wps": "309.6", "train_ups": "1.72", "train_wpb": "179.8", "train_bsz": "9.7", "train_num_updates": "22232", "train_lr": "0.000160063", "train_gnorm": "17.411", "train_loss_scale": "256", "train_train_wall": "183", "train_gb_free": "75.7", "train_wall": "14606"}
[2026-06-13 18:37:07,387][trainer][INFO] - begin training epoch 8
[2026-06-13 18:37:07,387][main][INFO] - Start iterating over samples
[2026-06-13 18:38:46,267][train_inner][INFO] - {"epoch": 8, "update": 7.053, "loss": "39.198", "nll_loss": "0.688", "total": "183.345", "n_correct": "166.03", "ppl": "1.61", "accuracy": "90.556", "wps": "313.8", "ups": "1.71", "wpb": "183.3", "bsz": "9.4", "num_updates": "22400", "lr": "0.000156085", "gnorm": "17.057", "loss_scale": "256", "train_wall": "12", "gb_free": "75.7", "wall": "14705"}
[2026-06-13 18:40:40,676][train_inner][INFO] - {"epoch": 8, "update": 7.116, "loss": "37.323", "nll_loss": "0.682", "total": "179.435", "n_correct": "162.815", "ppl": "1.6", "accuracy": "90.738", "wps": "313.7", "ups": "1.75", "wpb": "179.4", "bsz": "9.7", "num_updates": "22600", "lr": "0.000151479", "gnorm": "16.944", "loss_scale": "256", "train_wall": "11", "gb_free": "75.7", "wall": "14819"}
[2026-06-13 18:42:42,240][train_inner][INFO] - {"epoch": 8, "update": 7.179, "loss": "36.191", "nll_loss": "0.707", "total": "181.61", "n_correct": "164.4", "ppl": "1.63", "accuracy": "90.524", "wps": "298.8", "ups": "1.65", "wpb": "181.6", "bsz": "10.2", "num_updates": "22800", "lr": "0.000147008", "gnorm": "16.815", "loss_scale": "256", "train_wall": "11", "gb_free": "75.7", "wall": "14941"}
[2026-06-13 18:44:29,635][train_inner][INFO] - {"epoch": 8, "update": 7.242, "loss": "40.433", "nll_loss": "0.665", "total": "180.78", "n_correct": "164.725", "ppl": "1.59", "accuracy": "91.119", "wps": "336.7", "ups": "1.86", "wpb": "180.8", "bsz": "8.9", "num_updates": "23000", "lr": "0.000142669", "gnorm": "16.804", "loss_scale": "256", "train_wall": "11", "gb_free": "75.7", "wall": "15048"}
[2026-06-13 18:46:17,247][train_inner][INFO] - {"epoch": 8, "update": 7.305, "loss": "36.298", "nll_loss": "0.651", "total": "176.93", "n_correct": "162", "ppl": "1.57", "accuracy": "91.562", "wps": "328.9", "ups": "1.86", "wpb": "176.9", "bsz": "9.7", "num_updates": "23200", "lr": "0.000138459", "gnorm": "15.486", "loss_scale": "256", "train_wall": "11", "gb_free": "75.7", "wall": "15156"}
[2026-06-13 18:48:14,673][train_inner][INFO] - {"epoch": 8, "update": 7.368, "loss": "35.399", "nll_loss": "0.699", "total": "179.45", "n_correct": "162.43", "ppl": "1.62", "accuracy": "90.515", "wps": "305.7", "ups": "1.7", "wpb": "179.4", "bsz": "10.2", "num_updates": "23400", "lr": "0.000134372", "gnorm": "15.342", "loss_scale": "256", "train_wall": "11", "gb_free": "75.7", "wall": "15273"}
[2026-06-13 18:50:06,265][train_inner][INFO] - {"epoch": 8, "update": 7.431, "loss": "36.544", "nll_loss": "0.653", "total": "175.58", "n_correct": "160.26", "ppl": "1.57", "accuracy": "91.275", "wps": "314.7", "ups": "1.79", "wpb": "175.6", "bsz": "9.5", "num_updates": "23600", "lr": "0.000130407", "gnorm": "15.825", "loss_scale": "256", "train_wall": "11", "gb_free": "75.7", "wall": "15385"}
[2026-06-13 18:51:59,727][train_inner][INFO] - {"epoch": 8, "update": 7.494, "loss": "37.384", "nll_loss": "0.687", "total": "179.02", "n_correct": "162.49", "ppl": "1.61", "accuracy": "90.766", "wps": "315.6", "ups": "1.76", "wpb": "179", "bsz": "9.6", "num_updates": "23800", "lr": "0.000126558", "gnorm": "16.409", "loss_scale": "256", "train_wall": "11", "gb_free": "75.7", "wall": "15499"}
[2026-06-13 18:53:52,821][train_inner][INFO] - {"epoch": 8, "update": 7.557, "loss": "38.976", "nll_loss": "0.649", "total": "181.39", "n_correct": "165.845", "ppl": "1.57", "accuracy": "91.43", "wps": "320.8", "ups": "1.77", "wpb": "181.4", "bsz": "9.2", "num_updates": "24000", "lr": "0.000122823", "gnorm": "16.906", "loss_scale": "256", "train_wall": "12", "gb_free": "75.7", "wall": "15612"}
[2026-06-13 18:53:58,609][trainer][INFO] - NOTE: gradient overflow detected, ignoring gradient, setting loss scale to: 128.0
[2026-06-13 18:54:07,774][trainer][INFO] - NOTE: gradient overflow detected, ignoring gradient, setting loss scale to: 64.0
[2026-06-13 18:54:20,641][trainer][INFO] - NOTE: gradient overflow detected, ignoring gradient, setting loss scale to: 32.0
[2026-06-13 18:55:49,960][train_inner][INFO] - {"epoch": 8, "update": 7.621, "loss": "37.082", "nll_loss": "0.729", "total": "179.09", "n_correct": "161.32", "ppl": "1.66", "accuracy": "90.078", "wps": "305.8", "ups": "1.71", "wpb": "179.1", "bsz": "9.9", "num_updates": "24200", "lr": "0.000119198", "gnorm": "94.445", "loss_scale": "32", "train_wall": "21", "gb_free": "74", "wall": "15729"}
[2026-06-13 18:57:45,226][train_inner][INFO] - {"epoch": 8, "update": 7.684, "loss": "36.829", "nll_loss": "0.686", "total": "181.41", "n_correct": "164.485", "ppl": "1.61", "accuracy": "90.67", "wps": "314.8", "ups": "1.74", "wpb": "181.4", "bsz": "9.9", "num_updates": "24400", "lr": "0.00011568", "gnorm": "76.494", "loss_scale": "32", "train_wall": "18", "gb_free": "73.4", "wall": "15844"}
[2026-06-13 18:59:40,829][train_inner][INFO] - {"epoch": 8, "update": 7.747, "loss": "39.106", "nll_loss": "0.711", "total": "180.245", "n_correct": "162.53", "ppl": "1.64", "accuracy": "90.172", "wps": "311.9", "ups": "1.73", "wpb": "180.2", "bsz": "9.4", "num_updates": "24600", "lr": "0.000112266", "gnorm": "83.212", "loss_scale": "32", "train_wall": "18", "gb_free": "73.5", "wall": "15960"}
[2026-06-13 19:01:36,643][train_inner][INFO] - {"epoch": 8, "update": 7.81, "loss": "37.678", "nll_loss": "0.699", "total": "179.265", "n_correct": "161.96", "ppl": "1.62", "accuracy": "90.347", "wps": "309.6", "ups": "1.73", "wpb": "179.3", "bsz": "9.6", "num_updates": "24800", "lr": "0.000108953", "gnorm": "78.206", "loss_scale": "32", "train_wall": "17", "gb_free": "73.6", "wall": "16075"}
[2026-06-13 19:03:37,358][train_inner][INFO] - {"epoch": 8, "update": 7.872, "loss": "34.836", "nll_loss": "0.716", "total": "180.045", "n_correct": "162.305", "ppl": "1.64", "accuracy": "90.147", "wps": "298.3", "ups": "1.66", "wpb": "180", "bsz": "10.5", "num_updates": "25000", "lr": "0.000105737", "gnorm": "74.773", "loss_scale": "32", "train_wall": "17", "gb_free": "74", "wall": "16196"}
[2026-06-13 19:05:34,213][train_inner][INFO] - {"epoch": 8, "update": 7.935, "loss": "38.017", "nll_loss": "0.689", "total": "181.265", "n_correct": "164.02", "ppl": "1.61", "accuracy": "90.486", "wps": "310.3", "ups": "1.71", "wpb": "181.3", "bsz": "9.6", "num_updates": "25200", "lr": "0.000102617", "gnorm": "76.342", "loss_scale": "32", "train_wall": "17", "gb_free": "74", "wall": "16313"}
[2026-06-13 19:07:29,547][train_inner][INFO] - {"epoch": 8, "update": 7.998, "loss": "37.453", "nll_loss": "0.695", "total": "177.69", "n_correct": "161.02", "ppl": "1.62", "accuracy": "90.618", "wps": "308.2", "ups": "1.73", "wpb": "177.7", "bsz": "9.6", "num_updates": "25400", "lr": "9.9588e-05", "gnorm": "71.859", "loss_scale": "32", "train_wall": "17", "gb_free": "73.7", "wall": "16428"}
[2026-06-13 19:07:32,795][main][INFO] - begin validation on "valid" subset
[2026-06-13 19:08:47,282][valid][INFO] - {"epoch": 8, "valid_loss": "38.304", "valid_nll_loss": "0.673", "valid_total": "178.205", "valid_n_correct": "161.142", "valid_ppl": "1.59", "valid_accuracy": "90.425", "valid_wps": "305.8", "valid_wpb": "178.2", "valid_bsz": "9.4", "valid_num_updates": "25405", "valid_best_accuracy": "90.425"}
[2026-06-13 19:08:47,283][fairseq.checkpoint_utils][INFO] - Preparing to save checkpoint for epoch 8 @ 25405 updates
[2026-06-13 19:08:47,283][trainer][INFO] - Saving checkpoint to checkpoints/checkpoint_best.pt
[2026-06-13 19:08:51,765][trainer][INFO] - Finished saving checkpoint to checkpoints/checkpoint_best.pt
[2026-06-13 19:08:57,459][fairseq.checkpoint_utils][INFO] - Saved checkpoint checkpoints/checkpoint_best.pt (epoch 8 @ 25405 updates, score 90.425) (writing took 10.175845002988353 seconds)
[2026-06-13 19:08:57,459][main][INFO] - end of epoch 8 (average epoch stats below)
[2026-06-13 19:08:57,475][train][INFO] - {"epoch": 8, "train_loss": "37.28", "train_nll_loss": "0.686", "train_total": "179.784", "train_n_correct": "163.081", "train_ppl": "1.61", "train_accuracy": "90.709", "train_wps": "298.6", "train_ups": "1.66", "train_wpb": "179.8", "train_bsz": "9.7", "train_num_updates": "25405", "train_lr": "9.95134e-05", "train_gnorm": "44.202", "train_loss_scale": "32", "train_train_wall": "227", "train_gb_free": "73.7", "train_wall": "16516"}
[2026-06-13 19:08:58,055][trainer][INFO] - begin training epoch 9
[2026-06-13 19:08:58,056][main][INFO] - Start iterating over samples
[2026-06-13 19:10:52,220][train_inner][INFO] - {"epoch": 9, "update": 8.061, "loss": "37.79", "nll_loss": "0.593", "total": "179.28", "n_correct": "165.41", "ppl": "1.51", "accuracy": "92.263", "wps": "176.9", "ups": "0.99", "wpb": "179.3", "bsz": "9.2", "num_updates": "25600", "lr": "9.66488e-05", "gnorm": "64.894", "loss_scale": "32", "train_wall": "17", "gb_free": "73.8", "wall": "16631"}
[2026-06-13 19:12:51,552][train_inner][INFO] - {"epoch": 9, "update": 8.124, "loss": "35.696", "nll_loss": "0.602", "total": "178.775", "n_correct": "164.58", "ppl": "1.52", "accuracy": "92.06", "wps": "299.7", "ups": "1.68", "wpb": "178.8", "bsz": "9.7", "num_updates": "25800", "lr": "9.37964e-05", "gnorm": "65.89", "loss_scale": "32", "train_wall": "17", "gb_free": "73.6", "wall": "16750"}
[2026-06-13 19:14:49,352][train_inner][INFO] - {"epoch": 9, "update": 8.187, "loss": "35.15", "nll_loss": "0.607", "total": "179.53", "n_correct": "165.145", "ppl": "1.52", "accuracy": "91.987", "wps": "304.8", "ups": "1.7", "wpb": "179.5", "bsz": "9.9", "num_updates": "26000", "lr": "9.10282e-05", "gnorm": "66.706", "loss_scale": "32", "train_wall": "17", "gb_free": "73.8", "wall": "16868"}
[2026-06-13 19:16:42,498][train_inner][INFO] - {"epoch": 9, "update": 8.25, "loss": "35.846", "nll_loss": "0.592", "total": "176.115", "n_correct": "162.435", "ppl": "1.51", "accuracy": "92.232", "wps": "311.3", "ups": "1.77", "wpb": "176.1", "bsz": "9.5", "num_updates": "26200", "lr": "8.83417e-05", "gnorm": "65.603", "loss_scale": "32", "train_wall": "17", "gb_free": "74", "wall": "16981"}
[2026-06-13 19:18:37,987][train_inner][INFO] - {"epoch": 9, "update": 8.313, "loss": "35.313", "nll_loss": "0.593", "total": "180.37", "n_correct": "166.415", "ppl": "1.51", "accuracy": "92.263", "wps": "312.4", "ups": "1.73", "wpb": "180.4", "bsz": "9.8", "num_updates": "26400", "lr": "8.57345e-05", "gnorm": "61.384", "loss_scale": "32", "train_wall": "17", "gb_free": "74.7", "wall": "17097"}
[2026-06-13 19:20:36,485][train_inner][INFO] - {"epoch": 9, "update": 8.376, "loss": "34.906", "nll_loss": "0.619", "total": "181.005", "n_correct": "166.37", "ppl": "1.54", "accuracy": "91.915", "wps": "305.5", "ups": "1.69", "wpb": "181", "bsz": "10.1", "num_updates": "26600", "lr": "8.32042e-05", "gnorm": "62.105", "loss_scale": "32", "train_wall": "17", "gb_free": "73.8", "wall": "17215"}
[2026-06-13 19:22:31,314][train_inner][INFO] - {"epoch": 9, "update": 8.439, "loss": "36.415", "nll_loss": "0.604", "total": "177.355", "n_correct": "163.36", "ppl": "1.52", "accuracy": "92.109", "wps": "308.9", "ups": "1.74", "wpb": "177.4", "bsz": "9.4", "num_updates": "26800", "lr": "8.07486e-05", "gnorm": "62.039", "loss_scale": "32", "train_wall": "17", "gb_free": "73.6", "wall": "17330"}
[2026-06-13 19:24:24,266][train_inner][INFO] - {"epoch": 9, "update": 8.502, "loss": "36.829", "nll_loss": "0.605", "total": "178.47", "n_correct": "164.1", "ppl": "1.52", "accuracy": "91.948", "wps": "316.1", "ups": "1.77", "wpb": "178.5", "bsz": "9.4", "num_updates": "27000", "lr": "7.83654e-05", "gnorm": "65.879", "loss_scale": "32", "train_wall": "17", "gb_free": "73.8", "wall": "17443"}
[2026-06-13 19:26:27,159][train_inner][INFO] - {"epoch": 9, "update": 8.565, "loss": "34.71", "nll_loss": "0.603", "total": "181.27", "n_correct": "167.05", "ppl": "1.52", "accuracy": "92.155", "wps": "295", "ups": "1.63", "wpb": "181.3", "bsz": "10.1", "num_updates": "27200", "lr": "7.60526e-05", "gnorm": "62.3", "loss_scale": "32", "train_wall": "18", "gb_free": "74.7", "wall": "17566"}
[2026-06-13 19:28:30,330][train_inner][INFO] - {"epoch": 9, "update": 8.628, "loss": "33.461", "nll_loss": "0.613", "total": "181.19", "n_correct": "167.125", "ppl": "1.53", "accuracy": "92.237", "wps": "294.2", "ups": "1.62", "wpb": "181.2", "bsz": "10.5", "num_updates": "27400", "lr": "7.38081e-05", "gnorm": "57.536", "loss_scale": "32", "train_wall": "17", "gb_free": "74", "wall": "17689"}
[2026-06-13 19:30:21,939][train_inner][INFO] - {"epoch": 9, "update": 8.691, "loss": "37.981", "nll_loss": "0.574", "total": "180.09", "n_correct": "166.86", "ppl": "1.49", "accuracy": "92.654", "wps": "322.8", "ups": "1.79", "wpb": "180.1", "bsz": "9.1", "num_updates": "27600", "lr": "7.16298e-05", "gnorm": "59.423", "loss_scale": "32", "train_wall": "17", "gb_free": "73.5", "wall": "17801"}
[2026-06-13 19:32:21,166][train_inner][INFO] - {"epoch": 9, "update": 8.754, "loss": "33.597", "nll_loss": "0.58", "total": "180.775", "n_correct": "167.165", "ppl": "1.49", "accuracy": "92.471", "wps": "303.3", "ups": "1.68", "wpb": "180.8", "bsz": "10.3", "num_updates": "27800", "lr": "6.95158e-05", "gnorm": "57.964", "loss_scale": "32", "train_wall": "17", "gb_free": "73.6", "wall": "17920"}
[2026-06-13 19:34:12,133][train_inner][INFO] - {"epoch": 9, "update": 8.817, "loss": "35.165", "nll_loss": "0.598", "total": "181.72", "n_correct": "167.59", "ppl": "1.51", "accuracy": "92.224", "wps": "327.6", "ups": "1.8", "wpb": "181.7", "bsz": "10", "num_updates": "28000", "lr": "6.74641e-05", "gnorm": "60.482", "loss_scale": "32", "train_wall": "17", "gb_free": "73.6", "wall": "18031"}
[2026-06-13 19:35:57,983][train_inner][INFO] - {"epoch": 9, "update": 8.88, "loss": "34.36", "nll_loss": "0.596", "total": "178.56", "n_correct": "164.735", "ppl": "1.51", "accuracy": "92.258", "wps": "337.4", "ups": "1.89", "wpb": "178.6", "bsz": "10", "num_updates": "28200", "lr": "6.54731e-05", "gnorm": "58.794", "loss_scale": "32", "train_wall": "17", "gb_free": "74", "wall": "18137"}
[2026-06-13 19:37:47,049][train_inner][INFO] - {"epoch": 9, "update": 8.943, "loss": "37.315", "nll_loss": "0.555", "total": "182.72", "n_correct": "169.955", "ppl": "1.47", "accuracy": "93.014", "wps": "335.1", "ups": "1.83", "wpb": "182.7", "bsz": "9.3", "num_updates": "28400", "lr": "6.35408e-05", "gnorm": "56.266", "loss_scale": "32", "train_wall": "17", "gb_free": "73.5", "wall": "18246"}
[2026-06-13 19:39:29,831][main][INFO] - end of epoch 9 (average epoch stats below)
[2026-06-13 19:39:29,841][train][INFO] - {"epoch": 9, "train_loss": "35.762", "train_nll_loss": "0.596", "train_total": "179.799", "train_n_correct": "165.858", "train_ppl": "1.51", "train_accuracy": "92.246", "train_wps": "311.6", "train_ups": "1.73", "train_wpb": "179.8", "train_bsz": "9.7", "train_num_updates": "28581", "train_lr": "6.18412e-05", "train_gnorm": "61.942", "train_loss_scale": "32", "train_train_wall": "271", "train_gb_free": "73.4", "train_wall": "18349"}
[2026-06-13 19:39:30,369][trainer][INFO] - begin training epoch 10
[2026-06-13 19:39:30,370][main][INFO] - Start iterating over samples
[2026-06-13 19:39:42,198][train_inner][INFO] - {"epoch": 10, "update": 9.006, "loss": "38.536", "nll_loss": "0.594", "total": "179.855", "n_correct": "166.09", "ppl": "1.51", "accuracy": "92.347", "wps": "312.4", "ups": "1.74", "wpb": "179.9", "bsz": "9", "num_updates": "28600", "lr": "6.16655e-05", "gnorm": "62.29", "loss_scale": "32", "train_wall": "18", "gb_free": "73.8", "wall": "18361"}
[2026-06-13 19:41:45,831][train_inner][INFO] - {"epoch": 10, "update": 9.069, "loss": "33.894", "nll_loss": "0.51", "total": "183.5", "n_correct": "172.545", "ppl": "1.42", "accuracy": "94.03", "wps": "297", "ups": "1.62", "wpb": "183.5", "bsz": "10", "num_updates": "28800", "lr": "5.98455e-05", "gnorm": "45.804", "loss_scale": "32", "train_wall": "17", "gb_free": "73.9", "wall": "18485"}
[2026-06-13 19:43:44,064][train_inner][INFO] - {"epoch": 10, "update": 9.132, "loss": "34.514", "nll_loss": "0.493", "total": "176.545", "n_correct": "166.15", "ppl": "1.41", "accuracy": "94.112", "wps": "298.7", "ups": "1.69", "wpb": "176.5", "bsz": "9.4", "num_updates": "29000", "lr": "5.80793e-05", "gnorm": "48.58", "loss_scale": "32", "train_wall": "17", "gb_free": "74.1", "wall": "18603"}
[2026-06-13 19:45:38,355][train_inner][INFO] - {"epoch": 10, "update": 9.195, "loss": "35.083", "nll_loss": "0.512", "total": "179.705", "n_correct": "168.705", "ppl": "1.43", "accuracy": "93.879", "wps": "314.5", "ups": "1.75", "wpb": "179.7", "bsz": "9.5", "num_updates": "29200", "lr": "5.63652e-05", "gnorm": "52.242", "loss_scale": "32", "train_wall": "17", "gb_free": "74.5", "wall": "18717"}
[2026-06-13 19:47:32,129][train_inner][INFO] - {"epoch": 10, "update": 9.258, "loss": "35.449", "nll_loss": "0.494", "total": "178.255", "n_correct": "167.95", "ppl": "1.41", "accuracy": "94.219", "wps": "313.4", "ups": "1.76", "wpb": "178.3", "bsz": "9.2", "num_updates": "29400", "lr": "5.47017e-05", "gnorm": "46.524", "loss_scale": "32", "train_wall": "17", "gb_free": "73.7", "wall": "18831"}
[2026-06-13 19:49:29,799][train_inner][INFO] - {"epoch": 10, "update": 9.321, "loss": "35.447", "nll_loss": "0.511", "total": "181.02", "n_correct": "170.12", "ppl": "1.42", "accuracy": "93.979", "wps": "307.7", "ups": "1.7", "wpb": "181", "bsz": "9.5", "num_updates": "29600", "lr": "5.30873e-05", "gnorm": "49.202", "loss_scale": "32", "train_wall": "17", "gb_free": "74.9", "wall": "18949"}
[2026-06-13 19:51:34,817][train_inner][INFO] - {"epoch": 10, "update": 9.384, "loss": "32.464", "nll_loss": "0.532", "total": "182.265", "n_correct": "170.275", "ppl": "1.45", "accuracy": "93.422", "wps": "291.6", "ups": "1.6", "wpb": "182.3", "bsz": "10.5", "num_updates": "29800", "lr": "5.15205e-05", "gnorm": "51.894", "loss_scale": "32", "train_wall": "17", "gb_free": "73.7", "wall": "19074"}
[2026-06-13 19:53:29,953][train_inner][INFO] - {"epoch": 10, "update": 9.447, "loss": "33.494", "nll_loss": "0.479", "total": "179.715", "n_correct": "169.63", "ppl": "1.39", "accuracy": "94.388", "wps": "312.2", "ups": "1.74", "wpb": "179.7", "bsz": "9.8", "num_updates": "30000", "lr": "5e-05", "gnorm": "47.568", "loss_scale": "32", "train_wall": "17", "gb_free": "73.6", "wall": "19189"}
[2026-06-13 19:53:29,953][main][INFO] - Stopping training due to num_updates: 30000 >= max_update: 30000
[2026-06-13 19:53:29,954][main][INFO] - begin validation on "valid" subset
[2026-06-13 19:54:34,339][valid][INFO] - {"epoch": 10, "valid_loss": "37.362", "valid_nll_loss": "0.624", "valid_total": "178.205", "valid_n_correct": "163.197", "valid_ppl": "1.54", "valid_accuracy": "91.578", "valid_wps": "354.2", "valid_wpb": "178.2", "valid_bsz": "9.4", "valid_num_updates": "30000", "valid_best_accuracy": "91.578"}
[2026-06-13 19:54:34,340][fairseq.checkpoint_utils][INFO] - Preparing to save checkpoint for epoch 10 @ 30000 updates
[2026-06-13 19:54:34,342][trainer][INFO] - Saving checkpoint to checkpoints/checkpoint_best.pt
[2026-06-13 19:54:38,270][trainer][INFO] - Finished saving checkpoint to checkpoints/checkpoint_best.pt
[2026-06-13 19:54:43,791][fairseq.checkpoint_utils][INFO] - Saved checkpoint checkpoints/checkpoint_best.pt (epoch 10 @ 30000 updates, score 91.578) (writing took 9.450438651954755 seconds)
[2026-06-13 19:54:43,792][main][INFO] - end of epoch 10 (average epoch stats below)
[2026-06-13 19:54:43,803][train][INFO] - {"epoch": 10, "train_loss": "34.303", "train_nll_loss": "0.504", "train_total": "180.173", "train_n_correct": "169.372", "train_ppl": "1.42", "train_accuracy": "94.005", "train_wps": "279.7", "train_ups": "1.55", "train_wpb": "180.2", "train_bsz": "9.7", "train_num_updates": "30000", "train_lr": "5e-05", "train_gnorm": "48.819", "train_loss_scale": "32", "train_train_wall": "121", "train_gb_free": "73.6", "train_wall": "19263"}
[2026-06-13 19:54:43,803][main][INFO] - done training in 19261.7 seconds
