/base/project/AudioVideo2Txt/main.py:27: UserWarning: 
The version_base parameter is not specified.
Please specify a compatability version level, or None.
Will assume defaults for version 1.1
  @hydra.main(config_path="configs", config_name="video2text")
/opt/conda/envs/rzd/lib/python3.10/site-packages/hydra/core/default_element.py:124: UserWarning: In 'audiovideo2text.yaml': Usage of deprecated keyword in package header '# @package _group_'.
See https://hydra.cc/docs/1.2/upgrades/1.0_to_1.1/changes_to_package_header for more information
  deprecation_warning(
sys:1: UserWarning: 
'audiovideo2text.yaml' is validated against ConfigStore schema with the same name.
This behavior is deprecated in Hydra 1.1 and will be removed in Hydra 1.2.
See https://hydra.cc/docs/1.2/upgrades/1.0_to_1.1/automatic_schema_matching for migration instructions.
/opt/conda/envs/rzd/lib/python3.10/site-packages/hydra/main.py:94: UserWarning: 
'audiovideo2text.yaml' is validated against ConfigStore schema with the same name.
This behavior is deprecated in Hydra 1.1 and will be removed in Hydra 1.2.
See https://hydra.cc/docs/1.2/upgrades/1.0_to_1.1/automatic_schema_matching for migration instructions.
  _run_hydra(
/opt/conda/envs/rzd/lib/python3.10/site-packages/hydra/_internal/hydra.py:119: UserWarning: Future Hydra versions will no longer change working directory at job runtime by default.
See https://hydra.cc/docs/1.2/upgrades/1.1_to_1.2/changes_to_job_working_dir/ for more information.
  ret = run_job(
[2026-06-13 20:42:20,257][main][INFO] - {'_name': None, 'common': {'_name': None, 'no_progress_bar': False, 'log_interval': 200, 'log_format': json, 'log_file': None, 'tensorboard_logdir': 'tblog', 'wandb_project': None, 'azureml_logging': False, 'seed': 1337, 'cpu': False, 'tpu': False, 'bf16': False, 'memory_efficient_bf16': False, 'fp16': True, 'memory_efficient_fp16': False, 'fp16_no_flatten_grads': False, 'fp16_init_scale': 128, 'fp16_scale_window': None, 'fp16_scale_tolerance': 0.0, 'on_cpu_convert_precision': False, 'min_loss_scale': 0.0001, 'threshold_loss_scale': None, 'amp': False, 'amp_batch_retries': 2, 'amp_init_scale': 128, 'amp_scale_window': None, 'user_dir': '/base/project/AudioVideo2Txt', 'empty_cache_freq': 0, 'all_gather_list_size': 16384, 'model_parallel_size': 1, 'quantization_config_path': None, 'profile': False, 'reset_logging': False, 'suppress_crashes': False, 'use_plasma_view': False, 'plasma_path': '/tmp/plasma'}, 'common_eval': {'_name': None, 'path': None, 'post_process': None, 'quiet': False, 'model_overrides': '{}', 'results_path': None}, 'distributed_training': {'_name': None, 'distributed_world_size': 1, 'distributed_num_procs': 1, 'distributed_rank': 0, 'distributed_backend': 'nccl', 'distributed_init_method': None, 'distributed_port': -1, 'device_id': 0, 'distributed_no_spawn': False, 'ddp_backend': c10d, 'ddp_comm_hook': none, 'bucket_cap_mb': 25, 'fix_batches_to_gpus': False, 'find_unused_parameters': True, 'fast_stat_sync': False, 'heartbeat_timeout': -1, 'broadcast_buffers': False, 'slowmo_momentum': None, 'slowmo_algorithm': 'LocalSGD', 'localsgd_frequency': 3, 'nprocs_per_node': 1, 'pipeline_model_parallel': False, 'pipeline_balance': None, 'pipeline_devices': None, 'pipeline_chunks': 0, 'pipeline_encoder_balance': None, 'pipeline_encoder_devices': None, 'pipeline_decoder_balance': None, 'pipeline_decoder_devices': None, 'pipeline_checkpoint': never, 'zero_sharding': none, 'fp16': '${common.fp16}', 'memory_efficient_fp16': '${common.memory_efficient_fp16}', 'tpu': '${common.tpu}', 'no_reshard_after_forward': False, 'fp32_reduce_scatter': False, 'cpu_offload': False, 'use_sharded_state': False}, 'dataset': {'_name': None, 'num_workers': 0, 'skip_invalid_size_inputs_valid_test': False, 'max_tokens': 1000, 'batch_size': None, 'required_batch_size_multiple': 8, 'required_seq_len_multiple': 1, 'dataset_impl': None, 'data_buffer_size': 10, 'train_subset': 'train', 'valid_subset': 'valid', 'combine_valid_subsets': None, 'ignore_unused_valid_subsets': False, 'validate_interval': 2, 'validate_interval_updates': 0, 'validate_after_updates': 0, 'fixed_validation_seed': None, 'disable_validation': False, 'max_tokens_valid': '${dataset.max_tokens}', 'batch_size_valid': '${dataset.batch_size}', 'max_valid_steps': None, 'curriculum': 0, 'gen_subset': 'test', 'num_shards': 1, 'shard_id': 0}, 'optimization': {'_name': None, 'max_epoch': 0, 'max_update': 30000, 'stop_time_hours': 0.0, 'clip_norm': 0.0, 'sentence_avg': True, 'update_freq': [1], 'lr': [0.001], 'stop_min_lr': -1.0, 'use_bmuf': False}, 'checkpoint': {'_name': None, 'save_dir': 'checkpoints', 'restore_file': 'checkpoint_last.pt', 'finetune_from_model': None, 'reset_dataloader': False, 'reset_lr_scheduler': False, 'reset_meters': False, 'reset_optimizer': False, 'optimizer_overrides': '{}', 'save_interval': 2, 'save_interval_updates': 0, 'keep_interval_updates': 1, 'keep_interval_updates_pattern': -1, 'keep_last_epochs': -1, 'keep_best_checkpoints': -1, 'no_save': False, 'no_epoch_checkpoints': True, 'no_last_checkpoints': False, 'no_save_optimizer_state': False, 'best_checkpoint_metric': 'accuracy', 'maximize_best_checkpoint_metric': True, 'patience': -1, 'checkpoint_suffix': '', 'checkpoint_shard_count': 1, 'load_checkpoint_on_all_dp_ranks': False, 'write_checkpoints_asynchronously': False, 'model_parallel_size': '${common.model_parallel_size}'}, 'bmuf': {'_name': None, 'block_lr': 1.0, 'block_momentum': 0.875, 'global_sync_iter': 50, 'warmup_iterations': 500, 'use_nbm': False, 'average_sync': False, 'distributed_world_size': '${distributed_training.distributed_world_size}'}, 'generation': {'_name': None, 'beam': 5, 'nbest': 1, 'max_len_a': 0.0, 'max_len_b': 200, 'min_len': 1, 'match_source_len': False, 'unnormalized': False, 'no_early_stop': False, 'no_beamable_mm': False, 'lenpen': 1.0, 'unkpen': 0.0, 'replace_unk': None, 'sacrebleu': False, 'score_reference': False, 'prefix_size': 0, 'no_repeat_ngram_size': 0, 'sampling': False, 'sampling_topk': -1, 'sampling_topp': -1.0, 'constraints': None, 'temperature': 1.0, 'diverse_beam_groups': -1, 'diverse_beam_strength': 0.5, 'diversity_rate': -1.0, 'print_alignment': None, 'print_step': False, 'lm_path': None, 'lm_weight': 0.0, 'iter_decode_eos_penalty': 0.0, 'iter_decode_max_iter': 10, 'iter_decode_force_max_iter': False, 'iter_decode_with_beam': 1, 'iter_decode_with_external_reranker': False, 'retain_iter_history': False, 'retain_dropout': False, 'retain_dropout_modules': None, 'decoding_format': None, 'no_seed_provided': False}, 'eval_lm': {'_name': None, 'output_word_probs': False, 'output_word_stats': False, 'context_window': 0, 'softmax_batch': 9223372036854775807}, 'interactive': {'_name': None, 'buffer_size': 0, 'input': '-'}, 'task': {'_name': 'av_hubert_pretraining', 'data': '/data2/final_project_data/30h_data', 'labels': ['wrd'], 'label_dir': '/data2/final_project_data/30h_data', 'label_rate': -1, 'sample_rate': 16000, 'normalize': True, 'enable_padding': False, 'max_sample_size': 500, 'min_sample_size': None, 'max_trim_sample_size': '${task.max_sample_size}', 'single_target': True, 'random_crop': False, 'pad_audio': True, 'pdb': False, 'stack_order_audio': 4, 'skip_verify': False, 'image_aug': True, 'image_crop_size': 88, 'image_mean': 0.421, 'image_std': 0.165, 'modalities': ['video', 'audio'], 'is_s2s': True, 'tokenizer_bpe_name': 'sentencepiece', 'tokenizer_bpe_model': '/data2/final_project_data/spm1000/spm_unigram1000.model', 'fine_tuning': True}, 'model': {'_name': 'av_hubert_seq2seq', 'pretrained_path': '/data2/final_project_ckpt/pretrained_model.pth', 'apply_mask': False, 'mask_selection': 'static', 'mask_length': 10, 'mask_other': 0, 'mask_prob': 0.75, 'mask_channel_selection': 'static', 'mask_channel_length': 64, 'mask_channel_other': 0, 'mask_channel_prob': 0.5, 'layerdrop': 0.1, 'dropout': 0.0, 'activation_dropout': 0.1, 'attention_dropout': 0.0, 'feature_grad_mult': 1.0, 'modality_fuse': 'concat', 'modality_dropout': 0.02, 'audio_dropout': 0.4, 'modality_dropout_mode': 'span', 'modality_dropout_span_min': 10, 'modality_dropout_span_max': 30, 'decoder_layers': 6, 'decoder_dropout': 0.1, 'decoder_attention_dropout': 0.0, 'decoder_activation_dropout': 0.1, 'freeze_finetune_updates': 24000, 'share_decoder_input_output_embed': True, 'decoder_normalize_before': True}, 'criterion': {'_name': 'label_smoothed_cross_entropy', 'report_accuracy': True, 'label_smoothing': 0.1, 'focal_gamma': 0.0, 'confidence_penalty': 0.0, 'ignore_prefix_size': 0, 'sentence_avg': '${optimization.sentence_avg}'}, 'optimizer': {'_name': 'adam', 'adam_betas': '(0.9,0.98)', 'adam_eps': 1e-08, 'weight_decay': 0.0, "use_old_adam'": False, 'tpu': '${common.tpu}', 'lr': '${optimization.lr}'}, 'lr_scheduler': {'_name': 'tri_stage', 'warmup_steps': 10000, 'hold_steps': 0, 'decay_steps': 20000, 'final_lr_scale': 0.05, 'phase_ratio': '???', 'init_lr_scale': 0.01, 'max_update': '${optimization.max_update}', 'lr': '${optimization.lr}'}, 'scoring': None, 'bpe': None, 'tokenizer': None}
[2026-06-13 20:42:21,059][models.encoder_backbone][INFO] - EncoderBackbone Config: {'_name': 'av_hubert', 'label_rate': 25, 'input_modality': '${task.input_modality}', 'extractor_mode': default, 'encoder_layers': 12, 'encoder_embed_dim': 768, 'encoder_ffn_embed_dim': 3072, 'encoder_attention_heads': 12, 'activation_fn': gelu, 'dropout': 0.0, 'attention_dropout': 0.0, 'activation_dropout': 0.1, 'encoder_layerdrop': 0.1, 'dropout_input': 0.0, 'dropout_features': 0.1, 'final_dim': 256, 'untie_final_proj': True, 'layer_norm_first': True, 'conv_feature_layers': '[(512,10,5)] + [(512,3,2)] * 4 + [(512,2,2)] * 2', 'conv_bias': False, 'logit_temp': 0.1, 'target_glu': False, 'feature_grad_mult': 1.0, 'mask_length_audio': 10, 'mask_prob_audio': 0.8, 'mask_length_image': 5, 'mask_prob_image': 0.3, 'mask_selection': static, 'mask_other': 0.0, 'no_mask_overlap': False, 'mask_min_space': 1, 'mask_channel_length': 64, 'mask_channel_prob': 0.5, 'mask_channel_selection': static, 'mask_channel_other': 0.0, 'no_mask_channel_overlap': False, 'mask_channel_min_space': 1, 'conv_pos': 128, 'conv_pos_groups': 16, 'latent_temp': [2.0, 0.5, 0.999995], 'skip_masked': False, 'skip_nomask': False, 'resnet_relu_type': 'prelu', 'resnet_weights': None, 'sim_type': 'cosine', 'sub_encoder_layers': 0, 'audio_feat_dim': 104, 'modality_dropout': 0.02, 'audio_dropout': 0.4, 'modality_dropout_mode': 'span', 'modality_dropout_span_min': 10, 'modality_dropout_span_max': 30, 'modality_fuse': 'concat', 'selection_type': 'same_seq', 'masking_type': 'input', 'decoder_embed_dim': 768, 'decoder_ffn_embed_dim': 3072, 'decoder_layers': 6, 'decoder_layerdrop': 0.0, 'decoder_attention_heads': 4, 'decoder_learned_pos': False, 'decoder_normalize_before': False, 'no_token_positional_embeddings': False, 'decoder_dropout': 0.1, 'decoder_attention_dropout': 0.1, 'decoder_activation_dropout': 0.0, 'max_target_positions': 2048, 'share_decoder_input_output_embed': False, 'no_scale_embedding': True, 'apply_mask': False, 'mask_prob': 0.75, 'mask_length': 10}
/opt/conda/envs/rzd/lib/python3.10/site-packages/torch/nn/utils/weight_norm.py:30: UserWarning: torch.nn.utils.weight_norm is deprecated in favor of torch.nn.utils.parametrizations.weight_norm.
  warnings.warn("torch.nn.utils.weight_norm is deprecated in favor of torch.nn.utils.parametrizations.weight_norm.")
[2026-06-13 20:42:22,367][models.audio_video_model][INFO] - _IncompatibleKeys(missing_keys=[], unexpected_keys=['mask_emb', 'label_embs_concat', 'final_proj.weight', 'final_proj.bias'])
[2026-06-13 20:42:22,978][main][INFO] - AudioVideoModel(
  (encoder): EncoderBackboneWrapper(
    (pretrained_model): EncoderBackbone(
      (feature_extractor_audio): AudioEncoder(
        (proj): Linear(in_features=104, out_features=768, bias=True)
      )
      (feature_extractor_video): ResEncoder(
        (frontend3D): Sequential(
          (0): Conv3d(1, 64, kernel_size=(5, 7, 7), stride=(1, 2, 2), padding=(2, 3, 3), bias=False)
          (1): BatchNorm3d(64, eps=1e-05, momentum=0.1, affine=True, track_running_stats=True)
          (2): PReLU(num_parameters=64)
          (3): MaxPool3d(kernel_size=(1, 3, 3), stride=(1, 2, 2), padding=(0, 1, 1), dilation=1, ceil_mode=False)
        )
        (trunk): ResNet(
          (layer1): Sequential(
            (0): BasicBlock(
              (conv1): Conv2d(64, 64, kernel_size=(3, 3), stride=(1, 1), padding=(1, 1), bias=False)
              (bn1): BatchNorm2d(64, eps=1e-05, momentum=0.1, affine=True, track_running_stats=True)
              (relu1): PReLU(num_parameters=64)
              (conv2): Conv2d(64, 64, kernel_size=(3, 3), stride=(1, 1), padding=(1, 1), bias=False)
              (bn2): BatchNorm2d(64, eps=1e-05, momentum=0.1, affine=True, track_running_stats=True)
              (relu2): PReLU(num_parameters=64)
            )
            (1): BasicBlock(
              (conv1): Conv2d(64, 64, kernel_size=(3, 3), stride=(1, 1), padding=(1, 1), bias=False)
              (bn1): BatchNorm2d(64, eps=1e-05, momentum=0.1, affine=True, track_running_stats=True)
              (relu1): PReLU(num_parameters=64)
              (conv2): Conv2d(64, 64, kernel_size=(3, 3), stride=(1, 1), padding=(1, 1), bias=False)
              (bn2): BatchNorm2d(64, eps=1e-05, momentum=0.1, affine=True, track_running_stats=True)
              (relu2): PReLU(num_parameters=64)
            )
          )
          (layer2): Sequential(
            (0): BasicBlock(
              (conv1): Conv2d(64, 128, kernel_size=(3, 3), stride=(2, 2), padding=(1, 1), bias=False)
              (bn1): BatchNorm2d(128, eps=1e-05, momentum=0.1, affine=True, track_running_stats=True)
              (relu1): PReLU(num_parameters=128)
              (conv2): Conv2d(128, 128, kernel_size=(3, 3), stride=(1, 1), padding=(1, 1), bias=False)
              (bn2): BatchNorm2d(128, eps=1e-05, momentum=0.1, affine=True, track_running_stats=True)
              (relu2): PReLU(num_parameters=128)
              (downsample): Sequential(
                (0): Conv2d(64, 128, kernel_size=(1, 1), stride=(2, 2), bias=False)
                (1): BatchNorm2d(128, eps=1e-05, momentum=0.1, affine=True, track_running_stats=True)
              )
            )
            (1): BasicBlock(
              (conv1): Conv2d(128, 128, kernel_size=(3, 3), stride=(1, 1), padding=(1, 1), bias=False)
              (bn1): BatchNorm2d(128, eps=1e-05, momentum=0.1, affine=True, track_running_stats=True)
              (relu1): PReLU(num_parameters=128)
              (conv2): Conv2d(128, 128, kernel_size=(3, 3), stride=(1, 1), padding=(1, 1), bias=False)
              (bn2): BatchNorm2d(128, eps=1e-05, momentum=0.1, affine=True, track_running_stats=True)
              (relu2): PReLU(num_parameters=128)
            )
          )
          (layer3): Sequential(
            (0): BasicBlock(
              (conv1): Conv2d(128, 256, kernel_size=(3, 3), stride=(2, 2), padding=(1, 1), bias=False)
              (bn1): BatchNorm2d(256, eps=1e-05, momentum=0.1, affine=True, track_running_stats=True)
              (relu1): PReLU(num_parameters=256)
              (conv2): Conv2d(256, 256, kernel_size=(3, 3), stride=(1, 1), padding=(1, 1), bias=False)
              (bn2): BatchNorm2d(256, eps=1e-05, momentum=0.1, affine=True, track_running_stats=True)
              (relu2): PReLU(num_parameters=256)
              (downsample): Sequential(
                (0): Conv2d(128, 256, kernel_size=(1, 1), stride=(2, 2), bias=False)
                (1): BatchNorm2d(256, eps=1e-05, momentum=0.1, affine=True, track_running_stats=True)
              )
            )
            (1): BasicBlock(
              (conv1): Conv2d(256, 256, kernel_size=(3, 3), stride=(1, 1), padding=(1, 1), bias=False)
              (bn1): BatchNorm2d(256, eps=1e-05, momentum=0.1, affine=True, track_running_stats=True)
              (relu1): PReLU(num_parameters=256)
              (conv2): Conv2d(256, 256, kernel_size=(3, 3), stride=(1, 1), padding=(1, 1), bias=False)
              (bn2): BatchNorm2d(256, eps=1e-05, momentum=0.1, affine=True, track_running_stats=True)
              (relu2): PReLU(num_parameters=256)
            )
          )
          (layer4): Sequential(
            (0): BasicBlock(
              (conv1): Conv2d(256, 512, kernel_size=(3, 3), stride=(2, 2), padding=(1, 1), bias=False)
              (bn1): BatchNorm2d(512, eps=1e-05, momentum=0.1, affine=True, track_running_stats=True)
              (relu1): PReLU(num_parameters=512)
              (conv2): Conv2d(512, 512, kernel_size=(3, 3), stride=(1, 1), padding=(1, 1), bias=False)
              (bn2): BatchNorm2d(512, eps=1e-05, momentum=0.1, affine=True, track_running_stats=True)
              (relu2): PReLU(num_parameters=512)
              (downsample): Sequential(
                (0): Conv2d(256, 512, kernel_size=(1, 1), stride=(2, 2), bias=False)
                (1): BatchNorm2d(512, eps=1e-05, momentum=0.1, affine=True, track_running_stats=True)
              )
            )
            (1): BasicBlock(
              (conv1): Conv2d(512, 512, kernel_size=(3, 3), stride=(1, 1), padding=(1, 1), bias=False)
              (bn1): BatchNorm2d(512, eps=1e-05, momentum=0.1, affine=True, track_running_stats=True)
              (relu1): PReLU(num_parameters=512)
              (conv2): Conv2d(512, 512, kernel_size=(3, 3), stride=(1, 1), padding=(1, 1), bias=False)
              (bn2): BatchNorm2d(512, eps=1e-05, momentum=0.1, affine=True, track_running_stats=True)
              (relu2): PReLU(num_parameters=512)
            )
          )
          (avgpool): AdaptiveAvgPool2d(output_size=1)
        )
        (proj): Linear(in_features=512, out_features=768, bias=True)
      )
      (post_extract_proj): Linear(in_features=1536, out_features=768, bias=True)
      (encoder): TransformerEncoder(
        (pos_conv): Sequential(
          (0): Conv1d(768, 768, kernel_size=(128,), stride=(1,), padding=(64,), groups=16)
          (1): SamePad()
          (2): GELU(approximate='none')
        )
        (layers): ModuleList(
          (0-11): 12 x TransformerSentenceEncoderLayer(
            (self_attn): MultiheadAttention(
              (dropout_module): Dropout(p=0.0, inplace=False)
              (k_proj): Linear(in_features=768, out_features=768, bias=True)
              (v_proj): Linear(in_features=768, out_features=768, bias=True)
              (q_proj): Linear(in_features=768, out_features=768, bias=True)
              (out_proj): Linear(in_features=768, out_features=768, bias=True)
            )
            (dropout1): Dropout(p=0.0, inplace=False)
            (dropout2): Dropout(p=0.1, inplace=False)
            (dropout3): Dropout(p=0.0, inplace=False)
            (self_attn_layer_norm): LayerNorm((768,), eps=1e-05, elementwise_affine=True)
            (fc1): Linear(in_features=768, out_features=3072, bias=True)
            (fc2): Linear(in_features=3072, out_features=768, bias=True)
            (final_layer_norm): LayerNorm((768,), eps=1e-05, elementwise_affine=True)
          )
        )
        (layer_norm): LayerNorm((768,), eps=1e-05, elementwise_affine=True)
      )
      (layer_norm): LayerNorm((1536,), eps=1e-05, elementwise_affine=True)
      (dropout_input): Dropout(p=0.0, inplace=False)
      (dropout_features): Dropout(p=0.1, inplace=False)
    )
  )
  (decoder): TransformerDecoder(
    (embed_tokens): Embedding(1000, 768, padding_idx=1)
    (embed_positions): SinusoidalPositionalEmbedding()
    (layers): ModuleList(
      (0-5): 6 x TransformerDecoderLayer(
        (dropout_module): Dropout(p=0.1, inplace=False)
        (self_attn): MultiheadAttention(
          (dropout_module): Dropout(p=0.0, inplace=False)
          (k_proj): Linear(in_features=768, out_features=768, bias=True)
          (v_proj): Linear(in_features=768, out_features=768, bias=True)
          (q_proj): Linear(in_features=768, out_features=768, bias=True)
          (out_proj): Linear(in_features=768, out_features=768, bias=True)
        )
        (activation_dropout_module): Dropout(p=0.1, inplace=False)
        (self_attn_layer_norm): LayerNorm((768,), eps=1e-05, elementwise_affine=True)
        (encoder_attn): MultiheadAttention(
          (dropout_module): Dropout(p=0.0, inplace=False)
          (k_proj): Linear(in_features=768, out_features=768, bias=True)
          (v_proj): Linear(in_features=768, out_features=768, bias=True)
          (q_proj): Linear(in_features=768, out_features=768, bias=True)
          (out_proj): Linear(in_features=768, out_features=768, bias=True)
        )
        (encoder_attn_layer_norm): LayerNorm((768,), eps=1e-05, elementwise_affine=True)
        (fc1): Linear(in_features=768, out_features=3072, bias=True)
        (fc2): Linear(in_features=3072, out_features=768, bias=True)
        (final_layer_norm): LayerNorm((768,), eps=1e-05, elementwise_affine=True)
      )
    )
    (layer_norm): LayerNorm((768,), eps=1e-05, elementwise_affine=True)
  )
)
[2026-06-13 20:42:22,981][main][INFO] - model: AudioVideoModel
[2026-06-13 20:42:22,981][main][INFO] - criterion: LabelSmoothedCrossEntropyCriterion
[2026-06-13 20:42:22,983][main][INFO] - num. shared model params: 160,100,480 (num. trained: 160,100,480)
[2026-06-13 20:42:22,984][main][INFO] - num. expert model params: 0 (num. trained: 0)
[2026-06-13 20:42:22,987][dataset][INFO] - Using tokenizer
[2026-06-13 20:42:23,049][dataset][INFO] - max_keep=500, min_keep=None, loaded 30782, skipped 0 short and 0 long and 0 unaligned, longest-loaded=155, shortest-loaded=12
[2026-06-13 20:42:23,050][dataset][INFO] - image transform: Compose(
    Normalize(mean=0.0, std=255.0)
    RandomCrop(size=(88, 88))
    <utils.model_utils.HorizontalFlip object at 0x7f2a80c24880>
    Normalize(mean=0.421, std=0.165)
)
[2026-06-13 20:42:23,060][dataset][INFO] - pad_audio=True, random_crop=False, normalize=True, max_sample_size=500, seqs2seq data=True,
[2026-06-13 20:42:23,060][dataset][INFO] - Using tokenizer
[2026-06-13 20:42:23,065][dataset][INFO] - max_keep=500, min_keep=None, loaded 1200, skipped 0 short and 0 long and 0 unaligned, longest-loaded=155, shortest-loaded=17
[2026-06-13 20:42:23,066][dataset][INFO] - image transform: Compose(
    Normalize(mean=0.0, std=255.0)
    <utils.model_utils.CenterCrop object at 0x7f2a80a60220>
    Normalize(mean=0.421, std=0.165)
)
[2026-06-13 20:42:23,067][dataset][INFO] - pad_audio=True, random_crop=False, normalize=True, max_sample_size=500, seqs2seq data=True,
[2026-06-13 20:42:23,569][trainer][INFO] - detected shared parameter: encoder.pretrained_model.feature_extractor_video.frontend3D.0.bias <- encoder.pretrained_model.feature_extractor_video.trunk.layer1.0.conv1.bias
[2026-06-13 20:42:23,569][trainer][INFO] - detected shared parameter: encoder.pretrained_model.feature_extractor_video.frontend3D.0.bias <- encoder.pretrained_model.feature_extractor_video.trunk.layer1.0.conv2.bias
[2026-06-13 20:42:23,569][trainer][INFO] - detected shared parameter: encoder.pretrained_model.feature_extractor_video.frontend3D.0.bias <- encoder.pretrained_model.feature_extractor_video.trunk.layer1.1.conv1.bias
[2026-06-13 20:42:23,570][trainer][INFO] - detected shared parameter: encoder.pretrained_model.feature_extractor_video.frontend3D.0.bias <- encoder.pretrained_model.feature_extractor_video.trunk.layer1.1.conv2.bias
[2026-06-13 20:42:23,570][trainer][INFO] - detected shared parameter: encoder.pretrained_model.feature_extractor_video.frontend3D.0.bias <- encoder.pretrained_model.feature_extractor_video.trunk.layer2.0.conv1.bias
[2026-06-13 20:42:23,570][trainer][INFO] - detected shared parameter: encoder.pretrained_model.feature_extractor_video.frontend3D.0.bias <- encoder.pretrained_model.feature_extractor_video.trunk.layer2.0.conv2.bias
[2026-06-13 20:42:23,571][trainer][INFO] - detected shared parameter: encoder.pretrained_model.feature_extractor_video.frontend3D.0.bias <- encoder.pretrained_model.feature_extractor_video.trunk.layer2.0.downsample.0.bias
[2026-06-13 20:42:23,572][trainer][INFO] - detected shared parameter: encoder.pretrained_model.feature_extractor_video.frontend3D.0.bias <- encoder.pretrained_model.feature_extractor_video.trunk.layer2.1.conv1.bias
[2026-06-13 20:42:23,572][trainer][INFO] - detected shared parameter: encoder.pretrained_model.feature_extractor_video.frontend3D.0.bias <- encoder.pretrained_model.feature_extractor_video.trunk.layer2.1.conv2.bias
[2026-06-13 20:42:23,573][trainer][INFO] - detected shared parameter: encoder.pretrained_model.feature_extractor_video.frontend3D.0.bias <- encoder.pretrained_model.feature_extractor_video.trunk.layer3.0.conv1.bias
[2026-06-13 20:42:23,573][trainer][INFO] - detected shared parameter: encoder.pretrained_model.feature_extractor_video.frontend3D.0.bias <- encoder.pretrained_model.feature_extractor_video.trunk.layer3.0.conv2.bias
[2026-06-13 20:42:23,573][trainer][INFO] - detected shared parameter: encoder.pretrained_model.feature_extractor_video.frontend3D.0.bias <- encoder.pretrained_model.feature_extractor_video.trunk.layer3.0.downsample.0.bias
[2026-06-13 20:42:23,573][trainer][INFO] - detected shared parameter: encoder.pretrained_model.feature_extractor_video.frontend3D.0.bias <- encoder.pretrained_model.feature_extractor_video.trunk.layer3.1.conv1.bias
[2026-06-13 20:42:23,573][trainer][INFO] - detected shared parameter: encoder.pretrained_model.feature_extractor_video.frontend3D.0.bias <- encoder.pretrained_model.feature_extractor_video.trunk.layer3.1.conv2.bias
[2026-06-13 20:42:23,574][trainer][INFO] - detected shared parameter: encoder.pretrained_model.feature_extractor_video.frontend3D.0.bias <- encoder.pretrained_model.feature_extractor_video.trunk.layer4.0.conv1.bias
[2026-06-13 20:42:23,574][trainer][INFO] - detected shared parameter: encoder.pretrained_model.feature_extractor_video.frontend3D.0.bias <- encoder.pretrained_model.feature_extractor_video.trunk.layer4.0.conv2.bias
[2026-06-13 20:42:23,574][trainer][INFO] - detected shared parameter: encoder.pretrained_model.feature_extractor_video.frontend3D.0.bias <- encoder.pretrained_model.feature_extractor_video.trunk.layer4.0.downsample.0.bias
[2026-06-13 20:42:23,575][trainer][INFO] - detected shared parameter: encoder.pretrained_model.feature_extractor_video.frontend3D.0.bias <- encoder.pretrained_model.feature_extractor_video.trunk.layer4.1.conv1.bias
[2026-06-13 20:42:23,575][trainer][INFO] - detected shared parameter: encoder.pretrained_model.feature_extractor_video.frontend3D.0.bias <- encoder.pretrained_model.feature_extractor_video.trunk.layer4.1.conv2.bias
[2026-06-13 20:42:23,575][fairseq.utils][INFO] - ***********************CUDA enviroments for all 1 workers***********************
[2026-06-13 20:42:23,575][fairseq.utils][INFO] - rank   0: capabilities =  9.0  ; total memory = 79.179 GB ; name = NVIDIA H100 80GB HBM3                   
[2026-06-13 20:42:23,576][fairseq.utils][INFO] - ***********************CUDA enviroments for all 1 workers***********************
[2026-06-13 20:42:23,576][main][INFO] - training on 1 devices (GPUs/TPUs)
[2026-06-13 20:42:23,576][main][INFO] - max tokens per device = 1000 and max sentences per device = None
[2026-06-13 20:42:23,577][trainer][INFO] - Preparing to load checkpoint checkpoints/checkpoint_last.pt
[2026-06-13 20:42:23,578][trainer][INFO] - No existing checkpoint found checkpoints/checkpoint_last.pt
[2026-06-13 20:42:24,547][trainer][INFO] - begin training epoch 1
[2026-06-13 20:42:24,547][main][INFO] - Start iterating over samples
[2026-06-13 20:44:28,381][train_inner][INFO] - {"epoch": 1, "update": 0.063, "loss": "155.062", "nll_loss": "8.515", "total": "178.305", "n_correct": "10.855", "ppl": "365.92", "accuracy": "6.088", "wps": "289.5", "ups": "1.62", "wpb": "178.3", "bsz": "10.1", "num_updates": "200", "lr": "2.98e-05", "gnorm": "93.817", "loss_scale": "128", "train_wall": "17", "gb_free": "75.7", "wall": "125"}
[2026-06-13 20:46:24,285][train_inner][INFO] - {"epoch": 1, "update": 0.126, "loss": "169.44", "nll_loss": "8.149", "total": "181.27", "n_correct": "12.375", "ppl": "283.79", "accuracy": "6.827", "wps": "312.8", "ups": "1.73", "wpb": "181.3", "bsz": "9", "num_updates": "400", "lr": "4.96e-05", "gnorm": "67.396", "loss_scale": "128", "train_wall": "12", "gb_free": "75.7", "wall": "241"}
[2026-06-13 20:48:20,231][train_inner][INFO] - {"epoch": 1, "update": 0.189, "loss": "155.767", "nll_loss": "8.024", "total": "177.86", "n_correct": "14.41", "ppl": "260.28", "accuracy": "8.102", "wps": "306.8", "ups": "1.73", "wpb": "177.9", "bsz": "9.5", "num_updates": "600", "lr": "6.94e-05", "gnorm": "53.931", "loss_scale": "128", "train_wall": "12", "gb_free": "75.7", "wall": "357"}
[2026-06-13 20:50:21,351][train_inner][INFO] - {"epoch": 1, "update": 0.252, "loss": "148.591", "nll_loss": "7.832", "total": "179.33", "n_correct": "19.85", "ppl": "227.88", "accuracy": "11.069", "wps": "296.2", "ups": "1.65", "wpb": "179.3", "bsz": "9.9", "num_updates": "800", "lr": "8.92e-05", "gnorm": "50.574", "loss_scale": "128", "train_wall": "12", "gb_free": "75.7", "wall": "478"}
[2026-06-13 20:52:15,962][train_inner][INFO] - {"epoch": 1, "update": 0.315, "loss": "152.29", "nll_loss": "7.659", "total": "176.56", "n_correct": "22.18", "ppl": "202.14", "accuracy": "12.562", "wps": "308.1", "ups": "1.75", "wpb": "176.6", "bsz": "9.3", "num_updates": "1000", "lr": "0.000109", "gnorm": "51.099", "loss_scale": "128", "train_wall": "12", "gb_free": "75.7", "wall": "592"}
[2026-06-13 20:54:07,397][train_inner][INFO] - {"epoch": 1, "update": 0.378, "loss": "149.56", "nll_loss": "7.473", "total": "177.705", "n_correct": "24.44", "ppl": "177.6", "accuracy": "13.753", "wps": "319", "ups": "1.79", "wpb": "177.7", "bsz": "9.3", "num_updates": "1200", "lr": "0.0001288", "gnorm": "52.883", "loss_scale": "128", "train_wall": "11", "gb_free": "75.7", "wall": "704"}
[2026-06-13 20:56:05,574][train_inner][INFO] - {"epoch": 1, "update": 0.441, "loss": "136.441", "nll_loss": "7.274", "total": "180.08", "n_correct": "27.685", "ppl": "154.76", "accuracy": "15.374", "wps": "304.8", "ups": "1.69", "wpb": "180.1", "bsz": "10.2", "num_updates": "1400", "lr": "0.0001486", "gnorm": "49.912", "loss_scale": "128", "train_wall": "12", "gb_free": "75.7", "wall": "822"}
[2026-06-13 20:58:05,471][train_inner][INFO] - {"epoch": 1, "update": 0.504, "loss": "145.028", "nll_loss": "7.202", "total": "179.95", "n_correct": "28.14", "ppl": "147.21", "accuracy": "15.638", "wps": "300.2", "ups": "1.67", "wpb": "179.9", "bsz": "9.5", "num_updates": "1600", "lr": "0.0001684", "gnorm": "50.875", "loss_scale": "128", "train_wall": "11", "gb_free": "75.7", "wall": "942"}
[2026-06-13 21:00:07,580][train_inner][INFO] - {"epoch": 1, "update": 0.567, "loss": "127.524", "nll_loss": "6.912", "total": "181.98", "n_correct": "32.71", "ppl": "120.45", "accuracy": "17.975", "wps": "298.1", "ups": "1.64", "wpb": "182", "bsz": "10.5", "num_updates": "1800", "lr": "0.0001882", "gnorm": "47.657", "loss_scale": "128", "train_wall": "11", "gb_free": "75.7", "wall": "1064"}
[2026-06-13 21:02:10,458][train_inner][INFO] - {"epoch": 1, "update": 0.63, "loss": "136.233", "nll_loss": "6.854", "total": "182.14", "n_correct": "32.345", "ppl": "115.65", "accuracy": "17.758", "wps": "296.5", "ups": "1.63", "wpb": "182.1", "bsz": "9.8", "num_updates": "2000", "lr": "0.000208", "gnorm": "49.574", "loss_scale": "128", "train_wall": "12", "gb_free": "75.7", "wall": "1187"}
[2026-06-13 21:04:05,223][train_inner][INFO] - {"epoch": 1, "update": 0.693, "loss": "136.922", "nll_loss": "6.739", "total": "178.665", "n_correct": "32.8", "ppl": "106.79", "accuracy": "18.358", "wps": "311.4", "ups": "1.74", "wpb": "178.7", "bsz": "9.4", "num_updates": "2200", "lr": "0.0002278", "gnorm": "50.293", "loss_scale": "128", "train_wall": "11", "gb_free": "75.7", "wall": "1302"}
[2026-06-13 21:06:00,943][train_inner][INFO] - {"epoch": 1, "update": 0.756, "loss": "137.32", "nll_loss": "6.628", "total": "180.825", "n_correct": "33.43", "ppl": "98.9", "accuracy": "18.487", "wps": "312.6", "ups": "1.73", "wpb": "180.8", "bsz": "9.4", "num_updates": "2400", "lr": "0.0002476", "gnorm": "51.274", "loss_scale": "128", "train_wall": "12", "gb_free": "75.7", "wall": "1417"}
[2026-06-13 21:07:58,332][train_inner][INFO] - {"epoch": 1, "update": 0.819, "loss": "130.322", "nll_loss": "6.407", "total": "181.03", "n_correct": "36.73", "ppl": "84.87", "accuracy": "20.289", "wps": "308.5", "ups": "1.7", "wpb": "181", "bsz": "9.7", "num_updates": "2600", "lr": "0.0002674", "gnorm": "50.928", "loss_scale": "128", "train_wall": "11", "gb_free": "75.7", "wall": "1535"}
[2026-06-13 21:09:57,075][train_inner][INFO] - {"epoch": 1, "update": 0.882, "loss": "124.876", "nll_loss": "6.202", "total": "175.29", "n_correct": "37.465", "ppl": "73.59", "accuracy": "21.373", "wps": "295.3", "ups": "1.68", "wpb": "175.3", "bsz": "9.5", "num_updates": "2800", "lr": "0.0002872", "gnorm": "50.208", "loss_scale": "128", "train_wall": "12", "gb_free": "75.7", "wall": "1653"}
[2026-06-13 21:11:55,578][train_inner][INFO] - {"epoch": 1, "update": 0.945, "loss": "125.994", "nll_loss": "6.109", "total": "183.02", "n_correct": "39.815", "ppl": "69.04", "accuracy": "21.754", "wps": "308.9", "ups": "1.69", "wpb": "183", "bsz": "9.7", "num_updates": "3000", "lr": "0.000307", "gnorm": "51.355", "loss_scale": "128", "train_wall": "11", "gb_free": "75.7", "wall": "1772"}
[2026-06-13 21:13:41,569][main][INFO] - end of epoch 1 (average epoch stats below)
[2026-06-13 21:13:41,599][train][INFO] - {"epoch": 1, "train_loss": "140.381", "train_nll_loss": "7.124", "train_total": "179.799", "train_n_correct": "27.8747", "train_ppl": "139.51", "train_accuracy": "15.503", "train_wps": "304.3", "train_ups": "1.69", "train_wpb": "179.8", "train_bsz": "9.7", "train_num_updates": "3176", "train_lr": "0.000324424", "train_gnorm": "54.594", "train_loss_scale": "128", "train_train_wall": "188", "train_gb_free": "75.7", "train_wall": "1878"}
[2026-06-13 21:13:42,117][trainer][INFO] - begin training epoch 2
[2026-06-13 21:13:42,118][main][INFO] - Start iterating over samples
[2026-06-13 21:13:54,866][train_inner][INFO] - {"epoch": 2, "update": 1.008, "loss": "118.08", "nll_loss": "5.909", "total": "181.945", "n_correct": "42.305", "ppl": "60.1", "accuracy": "23.252", "wps": "305.1", "ups": "1.68", "wpb": "181.9", "bsz": "10.1", "num_updates": "3200", "lr": "0.0003268", "gnorm": "51.484", "loss_scale": "128", "train_wall": "12", "gb_free": "75.7", "wall": "1891"}
[2026-06-13 21:15:52,692][train_inner][INFO] - {"epoch": 2, "update": 1.071, "loss": "118.59", "nll_loss": "5.749", "total": "181.22", "n_correct": "42.635", "ppl": "53.78", "accuracy": "23.527", "wps": "307.6", "ups": "1.7", "wpb": "181.2", "bsz": "9.8", "num_updates": "3400", "lr": "0.0003466", "gnorm": "51.994", "loss_scale": "128", "train_wall": "11", "gb_free": "75.7", "wall": "2009"}
[2026-06-13 21:17:51,079][train_inner][INFO] - {"epoch": 2, "update": 1.134, "loss": "111.366", "nll_loss": "5.498", "total": "184.03", "n_correct": "47.475", "ppl": "45.2", "accuracy": "25.797", "wps": "310.9", "ups": "1.69", "wpb": "184", "bsz": "10.2", "num_updates": "3600", "lr": "0.0003664", "gnorm": "51.939", "loss_scale": "128", "train_wall": "11", "gb_free": "75.7", "wall": "2127"}
[2026-06-13 21:19:41,046][train_inner][INFO] - {"epoch": 2, "update": 1.196, "loss": "118.357", "nll_loss": "5.37", "total": "177.94", "n_correct": "46.79", "ppl": "41.36", "accuracy": "26.295", "wps": "323.7", "ups": "1.82", "wpb": "177.9", "bsz": "9.1", "num_updates": "3800", "lr": "0.0003862", "gnorm": "56.382", "loss_scale": "128", "train_wall": "11", "gb_free": "75.7", "wall": "2237"}
[2026-06-13 21:21:32,151][train_inner][INFO] - {"epoch": 2, "update": 1.259, "loss": "109.737", "nll_loss": "5.069", "total": "176.96", "n_correct": "52.38", "ppl": "33.57", "accuracy": "29.6", "wps": "318.6", "ups": "1.8", "wpb": "177", "bsz": "9.4", "num_updates": "4000", "lr": "0.000406", "gnorm": "60.019", "loss_scale": "128", "train_wall": "11", "gb_free": "75.7", "wall": "2349"}
[2026-06-13 21:23:22,893][train_inner][INFO] - {"epoch": 2, "update": 1.322, "loss": "110.052", "nll_loss": "4.9", "total": "182.315", "n_correct": "55.815", "ppl": "29.86", "accuracy": "30.615", "wps": "329.3", "ups": "1.81", "wpb": "182.3", "bsz": "9.4", "num_updates": "4200", "lr": "0.0004258", "gnorm": "60.829", "loss_scale": "128", "train_wall": "11", "gb_free": "75.7", "wall": "2459"}
[2026-06-13 21:25:21,469][train_inner][INFO] - {"epoch": 2, "update": 1.385, "loss": "94.47", "nll_loss": "4.544", "total": "178.705", "n_correct": "60.935", "ppl": "23.33", "accuracy": "34.098", "wps": "301.4", "ups": "1.69", "wpb": "178.7", "bsz": "10.2", "num_updates": "4400", "lr": "0.0004456", "gnorm": "57.486", "loss_scale": "128", "train_wall": "11", "gb_free": "75.7", "wall": "2578"}
[2026-06-13 21:27:24,929][train_inner][INFO] - {"epoch": 2, "update": 1.448, "loss": "88.977", "nll_loss": "4.337", "total": "182.91", "n_correct": "67.215", "ppl": "20.2", "accuracy": "36.748", "wps": "296.3", "ups": "1.62", "wpb": "182.9", "bsz": "10.7", "num_updates": "4600", "lr": "0.0004654", "gnorm": "56.776", "loss_scale": "128", "train_wall": "11", "gb_free": "75.7", "wall": "2701"}
[2026-06-13 21:29:24,784][train_inner][INFO] - {"epoch": 2, "update": 1.511, "loss": "94.867", "nll_loss": "4.3", "total": "178.54", "n_correct": "65.53", "ppl": "19.7", "accuracy": "36.703", "wps": "298", "ups": "1.67", "wpb": "178.5", "bsz": "9.7", "num_updates": "4800", "lr": "0.0004852", "gnorm": "58.619", "loss_scale": "128", "train_wall": "11", "gb_free": "75.7", "wall": "2821"}
[2026-06-13 21:31:22,570][train_inner][INFO] - {"epoch": 2, "update": 1.574, "loss": "90.583", "nll_loss": "4.127", "total": "181.955", "n_correct": "71.11", "ppl": "17.47", "accuracy": "39.081", "wps": "309", "ups": "1.7", "wpb": "182", "bsz": "10.1", "num_updates": "5000", "lr": "0.000505", "gnorm": "55.086", "loss_scale": "128", "train_wall": "11", "gb_free": "75.7", "wall": "2939"}
[2026-06-13 21:33:17,642][train_inner][INFO] - {"epoch": 2, "update": 1.637, "loss": "86.329", "nll_loss": "3.976", "total": "178.205", "n_correct": "72.56", "ppl": "15.73", "accuracy": "40.717", "wps": "309.8", "ups": "1.74", "wpb": "178.2", "bsz": "10.1", "num_updates": "5200", "lr": "0.0005248", "gnorm": "53.938", "loss_scale": "128", "train_wall": "11", "gb_free": "75.7", "wall": "3054"}
[2026-06-13 21:35:14,750][train_inner][INFO] - {"epoch": 2, "update": 1.7, "loss": "83.335", "nll_loss": "3.837", "total": "177.005", "n_correct": "75.82", "ppl": "14.29", "accuracy": "42.835", "wps": "302.3", "ups": "1.71", "wpb": "177", "bsz": "10.1", "num_updates": "5400", "lr": "0.0005446", "gnorm": "53.894", "loss_scale": "128", "train_wall": "11", "gb_free": "75.7", "wall": "3171"}
[2026-06-13 21:37:04,312][train_inner][INFO] - {"epoch": 2, "update": 1.763, "loss": "99.694", "nll_loss": "3.906", "total": "181.805", "n_correct": "75.005", "ppl": "14.99", "accuracy": "41.256", "wps": "332", "ups": "1.83", "wpb": "181.8", "bsz": "8.8", "num_updates": "5600", "lr": "0.0005644", "gnorm": "59.903", "loss_scale": "128", "train_wall": "11", "gb_free": "75.7", "wall": "3281"}
[2026-06-13 21:38:51,421][train_inner][INFO] - {"epoch": 2, "update": 1.826, "loss": "93.346", "nll_loss": "3.697", "total": "179.055", "n_correct": "79.09", "ppl": "12.97", "accuracy": "44.171", "wps": "334.4", "ups": "1.87", "wpb": "179.1", "bsz": "8.9", "num_updates": "5800", "lr": "0.0005842", "gnorm": "54.774", "loss_scale": "128", "train_wall": "11", "gb_free": "75.7", "wall": "3388"}
[2026-06-13 21:40:40,105][train_inner][INFO] - {"epoch": 2, "update": 1.889, "loss": "90.659", "nll_loss": "3.647", "total": "178.135", "n_correct": "80.595", "ppl": "12.53", "accuracy": "45.244", "wps": "327.8", "ups": "1.84", "wpb": "178.1", "bsz": "9.1", "num_updates": "6000", "lr": "0.000604", "gnorm": "54.925", "loss_scale": "128", "train_wall": "11", "gb_free": "75.7", "wall": "3497"}
[2026-06-13 21:42:32,002][train_inner][INFO] - {"epoch": 2, "update": 1.952, "loss": "81.524", "nll_loss": "3.442", "total": "180.595", "n_correct": "85.97", "ppl": "10.87", "accuracy": "47.604", "wps": "322.8", "ups": "1.79", "wpb": "180.6", "bsz": "9.8", "num_updates": "6200", "lr": "0.0006238", "gnorm": "50.9", "loss_scale": "128", "train_wall": "11", "gb_free": "75.7", "wall": "3608"}
[2026-06-13 21:43:51,334][main][INFO] - begin validation on "valid" subset
[2026-06-13 21:44:55,869][valid][INFO] - {"epoch": 2, "valid_loss": "77.075", "valid_nll_loss": "3.002", "valid_total": "178.205", "valid_n_correct": "94.4016", "valid_ppl": "8.01", "valid_accuracy": "52.974", "valid_wps": "352.6", "valid_wpb": "178.2", "valid_bsz": "9.4", "valid_num_updates": "6352"}
[2026-06-13 21:44:55,870][fairseq.checkpoint_utils][INFO] - Preparing to save checkpoint for epoch 2 @ 6352 updates
[2026-06-13 21:44:55,870][trainer][INFO] - Saving checkpoint to checkpoints/checkpoint_best.pt
[2026-06-13 21:44:59,574][trainer][INFO] - Finished saving checkpoint to checkpoints/checkpoint_best.pt
[2026-06-13 21:45:04,777][fairseq.checkpoint_utils][INFO] - Saved checkpoint checkpoints/checkpoint_best.pt (epoch 2 @ 6352 updates, score 52.974) (writing took 8.907152057043277 seconds)
[2026-06-13 21:45:04,777][main][INFO] - end of epoch 2 (average epoch stats below)
[2026-06-13 21:45:04,789][train][INFO] - {"epoch": 2, "train_loss": "97.27", "train_nll_loss": "4.387", "train_total": "179.799", "train_n_correct": "66.1366", "train_ppl": "20.92", "train_accuracy": "36.784", "train_wps": "303.2", "train_ups": "1.69", "train_wpb": "179.8", "train_bsz": "9.7", "train_num_updates": "6352", "train_lr": "0.000638848", "train_gnorm": "55.453", "train_loss_scale": "128", "train_train_wall": "179", "train_gb_free": "75.7", "train_wall": "3761"}
[2026-06-13 21:45:05,325][trainer][INFO] - begin training epoch 3
[2026-06-13 21:45:05,325][main][INFO] - Start iterating over samples
[2026-06-13 21:45:29,227][train_inner][INFO] - {"epoch": 3, "update": 2.015, "loss": "79.025", "nll_loss": "3.265", "total": "177.825", "n_correct": "88.74", "ppl": "9.61", "accuracy": "49.903", "wps": "200.7", "ups": "1.13", "wpb": "177.8", "bsz": "9.6", "num_updates": "6400", "lr": "0.0006436", "gnorm": "49.131", "loss_scale": "128", "train_wall": "11", "gb_free": "75.7", "wall": "3786"}
[2026-06-13 21:47:14,743][train_inner][INFO] - {"epoch": 3, "update": 2.078, "loss": "76.243", "nll_loss": "3.145", "total": "183.205", "n_correct": "94.295", "ppl": "8.85", "accuracy": "51.47", "wps": "347.3", "ups": "1.9", "wpb": "183.2", "bsz": "10.1", "num_updates": "6600", "lr": "0.0006634", "gnorm": "47.59", "loss_scale": "128", "train_wall": "11", "gb_free": "75.7", "wall": "3891"}
[2026-06-13 21:48:54,878][train_inner][INFO] - {"epoch": 3, "update": 2.141, "loss": "74.301", "nll_loss": "3.029", "total": "177.205", "n_correct": "94.37", "ppl": "8.16", "accuracy": "53.255", "wps": "354", "ups": "2", "wpb": "177.2", "bsz": "9.8", "num_updates": "6800", "lr": "0.0006832", "gnorm": "45.919", "loss_scale": "128", "train_wall": "11", "gb_free": "75.7", "wall": "3991"}
[2026-06-13 21:50:35,207][train_inner][INFO] - {"epoch": 3, "update": 2.204, "loss": "73.989", "nll_loss": "3.043", "total": "178.395", "n_correct": "94.62", "ppl": "8.24", "accuracy": "53.04", "wps": "355.7", "ups": "1.99", "wpb": "178.4", "bsz": "9.9", "num_updates": "7000", "lr": "0.000703", "gnorm": "45.166", "loss_scale": "128", "train_wall": "11", "gb_free": "75.7", "wall": "4092"}
[2026-06-13 21:52:16,822][train_inner][INFO] - {"epoch": 3, "update": 2.267, "loss": "78.463", "nll_loss": "3.037", "total": "185.385", "n_correct": "99.08", "ppl": "8.21", "accuracy": "53.446", "wps": "364.9", "ups": "1.97", "wpb": "185.4", "bsz": "9.7", "num_updates": "7200", "lr": "0.0007228", "gnorm": "48.781", "loss_scale": "128", "train_wall": "11", "gb_free": "75.7", "wall": "4193"}
[2026-06-13 21:53:51,445][train_inner][INFO] - {"epoch": 3, "update": 2.33, "loss": "77.06", "nll_loss": "2.908", "total": "178.965", "n_correct": "99.185", "ppl": "7.51", "accuracy": "55.421", "wps": "378.3", "ups": "2.11", "wpb": "179", "bsz": "9.2", "num_updates": "7400", "lr": "0.0007426", "gnorm": "43.986", "loss_scale": "128", "train_wall": "11", "gb_free": "75.7", "wall": "4288"}
[2026-06-13 21:55:26,751][train_inner][INFO] - {"epoch": 3, "update": 2.393, "loss": "74.219", "nll_loss": "2.94", "total": "183.475", "n_correct": "100.705", "ppl": "7.67", "accuracy": "54.888", "wps": "385.1", "ups": "2.1", "wpb": "183.5", "bsz": "9.9", "num_updates": "7600", "lr": "0.0007624", "gnorm": "44.866", "loss_scale": "128", "train_wall": "11", "gb_free": "75.7", "wall": "4383"}
[2026-06-13 21:56:57,900][train_inner][INFO] - {"epoch": 3, "update": 2.456, "loss": "75.466", "nll_loss": "2.787", "total": "179.125", "n_correct": "102.595", "ppl": "6.9", "accuracy": "57.276", "wps": "393.1", "ups": "2.19", "wpb": "179.1", "bsz": "9.2", "num_updates": "7800", "lr": "0.0007822", "gnorm": "42.11", "loss_scale": "128", "train_wall": "11", "gb_free": "75.7", "wall": "4474"}
[2026-06-13 21:58:31,073][train_inner][INFO] - {"epoch": 3, "update": 2.519, "loss": "70.159", "nll_loss": "2.751", "total": "182.37", "n_correct": "105.79", "ppl": "6.73", "accuracy": "58.008", "wps": "391.5", "ups": "2.15", "wpb": "182.4", "bsz": "10", "num_updates": "8000", "lr": "0.000802", "gnorm": "41.93", "loss_scale": "128", "train_wall": "11", "gb_free": "75.7", "wall": "4567"}
[2026-06-13 22:00:05,228][train_inner][INFO] - {"epoch": 3, "update": 2.582, "loss": "70.249", "nll_loss": "2.691", "total": "179.46", "n_correct": "105.56", "ppl": "6.46", "accuracy": "58.821", "wps": "381.2", "ups": "2.12", "wpb": "179.5", "bsz": "9.7", "num_updates": "8200", "lr": "0.0008218", "gnorm": "40.284", "loss_scale": "128", "train_wall": "11", "gb_free": "75.7", "wall": "4662"}
[2026-06-13 22:01:34,799][train_inner][INFO] - {"epoch": 3, "update": 2.645, "loss": "69.102", "nll_loss": "2.632", "total": "178.09", "n_correct": "106.855", "ppl": "6.2", "accuracy": "60.001", "wps": "397.7", "ups": "2.23", "wpb": "178.1", "bsz": "9.6", "num_updates": "8400", "lr": "0.0008416", "gnorm": "38.576", "loss_scale": "128", "train_wall": "11", "gb_free": "75.7", "wall": "4751"}
[2026-06-13 22:03:05,808][train_inner][INFO] - {"epoch": 3, "update": 2.708, "loss": "72.095", "nll_loss": "2.579", "total": "177.395", "n_correct": "107.005", "ppl": "5.98", "accuracy": "60.32", "wps": "389.9", "ups": "2.2", "wpb": "177.4", "bsz": "9.1", "num_updates": "8600", "lr": "0.0008614", "gnorm": "38.993", "loss_scale": "128", "train_wall": "11", "gb_free": "75.7", "wall": "4842"}
[2026-06-13 22:04:38,371][train_inner][INFO] - {"epoch": 3, "update": 2.771, "loss": "67.106", "nll_loss": "2.527", "total": "181.54", "n_correct": "111.87", "ppl": "5.77", "accuracy": "61.623", "wps": "392.3", "ups": "2.16", "wpb": "181.5", "bsz": "9.9", "num_updates": "8800", "lr": "0.0008812", "gnorm": "37.702", "loss_scale": "128", "train_wall": "11", "gb_free": "75.7", "wall": "4935"}
[2026-06-13 22:06:10,895][train_inner][INFO] - {"epoch": 3, "update": 2.834, "loss": "62.711", "nll_loss": "2.431", "total": "175.895", "n_correct": "111.3", "ppl": "5.39", "accuracy": "63.276", "wps": "380.3", "ups": "2.16", "wpb": "175.9", "bsz": "10", "num_updates": "9000", "lr": "0.000901", "gnorm": "35.276", "loss_scale": "128", "train_wall": "11", "gb_free": "75.7", "wall": "5027"}
[2026-06-13 22:07:43,845][train_inner][INFO] - {"epoch": 3, "update": 2.897, "loss": "65.318", "nll_loss": "2.424", "total": "178.905", "n_correct": "113.315", "ppl": "5.37", "accuracy": "63.338", "wps": "385", "ups": "2.15", "wpb": "178.9", "bsz": "9.7", "num_updates": "9200", "lr": "0.0009208", "gnorm": "34.776", "loss_scale": "128", "train_wall": "11", "gb_free": "75.7", "wall": "5120"}
[2026-06-13 22:09:16,985][train_inner][INFO] - {"epoch": 3, "update": 2.96, "loss": "63.483", "nll_loss": "2.289", "total": "179", "n_correct": "116.7", "ppl": "4.89", "accuracy": "65.196", "wps": "384.4", "ups": "2.15", "wpb": "179", "bsz": "9.7", "num_updates": "9400", "lr": "0.0009406", "gnorm": "34.069", "loss_scale": "128", "train_wall": "11", "gb_free": "75.7", "wall": "5213"}
[2026-06-13 22:10:17,894][main][INFO] - end of epoch 3 (average epoch stats below)
[2026-06-13 22:10:17,904][train][INFO] - {"epoch": 3, "train_loss": "71.014", "train_nll_loss": "2.735", "train_total": "179.799", "train_n_correct": "104.58", "train_ppl": "6.66", "train_accuracy": "58.165", "train_wps": "377.4", "train_ups": "2.1", "train_wpb": "179.8", "train_bsz": "9.7", "train_num_updates": "9528", "train_lr": "0.000953272", "train_gnorm": "41.182", "train_loss_scale": "128", "train_train_wall": "175", "train_gb_free": "75.7", "train_wall": "5274"}
[2026-06-13 22:10:18,371][trainer][INFO] - begin training epoch 4
[2026-06-13 22:10:18,372][main][INFO] - Start iterating over samples
[2026-06-13 22:10:52,839][train_inner][INFO] - {"epoch": 4, "update": 3.023, "loss": "58.475", "nll_loss": "2.19", "total": "176.035", "n_correct": "117.865", "ppl": "4.56", "accuracy": "66.955", "wps": "367.3", "ups": "2.09", "wpb": "176", "bsz": "10.1", "num_updates": "9600", "lr": "0.0009604", "gnorm": "32.72", "loss_scale": "128", "train_wall": "11", "gb_free": "75.7", "wall": "5309"}
[2026-06-13 22:12:26,971][train_inner][INFO] - {"epoch": 4, "update": 3.086, "loss": "57.15", "nll_loss": "2.127", "total": "178.395", "n_correct": "119.505", "ppl": "4.37", "accuracy": "66.989", "wps": "379.1", "ups": "2.12", "wpb": "178.4", "bsz": "10.3", "num_updates": "9800", "lr": "0.0009802", "gnorm": "30.967", "loss_scale": "128", "train_wall": "11", "gb_free": "75.7", "wall": "5403"}
[2026-06-13 22:13:58,586][train_inner][INFO] - {"epoch": 4, "update": 3.149, "loss": "63.848", "nll_loss": "2.091", "total": "177.085", "n_correct": "119.56", "ppl": "4.26", "accuracy": "67.516", "wps": "386.6", "ups": "2.18", "wpb": "177.1", "bsz": "9.1", "num_updates": "10000", "lr": "0.001", "gnorm": "33.18", "loss_scale": "128", "train_wall": "11", "gb_free": "75.7", "wall": "5495"}
[2026-06-13 22:15:30,077][train_inner][INFO] - {"epoch": 4, "update": 3.212, "loss": "56.614", "nll_loss": "2.024", "total": "176.615", "n_correct": "121.26", "ppl": "4.07", "accuracy": "68.658", "wps": "386.1", "ups": "2.19", "wpb": "176.6", "bsz": "10", "num_updates": "10200", "lr": "0.000970487", "gnorm": "30.594", "loss_scale": "128", "train_wall": "11", "gb_free": "75.7", "wall": "5586"}
[2026-06-13 22:16:58,209][train_inner][INFO] - {"epoch": 4, "update": 3.275, "loss": "60.545", "nll_loss": "2.053", "total": "179.855", "n_correct": "123.335", "ppl": "4.15", "accuracy": "68.575", "wps": "408.2", "ups": "2.27", "wpb": "179.9", "bsz": "9.6", "num_updates": "10400", "lr": "0.000941845", "gnorm": "31.323", "loss_scale": "128", "train_wall": "11", "gb_free": "75.7", "wall": "5675"}
[2026-06-13 22:18:25,383][train_inner][INFO] - {"epoch": 4, "update": 3.338, "loss": "62.013", "nll_loss": "1.945", "total": "179.76", "n_correct": "126.095", "ppl": "3.85", "accuracy": "70.146", "wps": "412.5", "ups": "2.29", "wpb": "179.8", "bsz": "9.1", "num_updates": "10600", "lr": "0.000914048", "gnorm": "30.486", "loss_scale": "128", "train_wall": "11", "gb_free": "75.7", "wall": "5762"}
[2026-06-13 22:19:57,309][train_inner][INFO] - {"epoch": 4, "update": 3.401, "loss": "56.602", "nll_loss": "1.883", "total": "177.71", "n_correct": "126.125", "ppl": "3.69", "accuracy": "70.972", "wps": "386.7", "ups": "2.18", "wpb": "177.7", "bsz": "9.7", "num_updates": "10800", "lr": "0.000887072", "gnorm": "28.904", "loss_scale": "128", "train_wall": "11", "gb_free": "75.7", "wall": "5854"}
[2026-06-13 22:21:30,232][train_inner][INFO] - {"epoch": 4, "update": 3.463, "loss": "58.147", "nll_loss": "1.883", "total": "182.28", "n_correct": "130.385", "ppl": "3.69", "accuracy": "71.53", "wps": "392.4", "ups": "2.15", "wpb": "182.3", "bsz": "9.7", "num_updates": "11000", "lr": "0.000860892", "gnorm": "29.199", "loss_scale": "128", "train_wall": "11", "gb_free": "75.7", "wall": "5947"}
[2026-06-13 22:23:01,431][train_inner][INFO] - {"epoch": 4, "update": 3.526, "loss": "59.571", "nll_loss": "1.809", "total": "181.47", "n_correct": "131.65", "ppl": "3.5", "accuracy": "72.546", "wps": "398", "ups": "2.19", "wpb": "181.5", "bsz": "9.2", "num_updates": "11200", "lr": "0.000835484", "gnorm": "28.731", "loss_scale": "128", "train_wall": "11", "gb_free": "75.7", "wall": "6038"}
[2026-06-13 22:24:33,746][train_inner][INFO] - {"epoch": 4, "update": 3.589, "loss": "54.471", "nll_loss": "1.715", "total": "181.29", "n_correct": "134.075", "ppl": "3.28", "accuracy": "73.956", "wps": "392.8", "ups": "2.17", "wpb": "181.3", "bsz": "9.8", "num_updates": "11400", "lr": "0.000810826", "gnorm": "27.145", "loss_scale": "128", "train_wall": "11", "gb_free": "75.7", "wall": "6130"}
[2026-06-13 22:26:04,014][train_inner][INFO] - {"epoch": 4, "update": 3.652, "loss": "56.662", "nll_loss": "1.714", "total": "180.505", "n_correct": "133.73", "ppl": "3.28", "accuracy": "74.087", "wps": "400.4", "ups": "2.22", "wpb": "180.5", "bsz": "9.3", "num_updates": "11600", "lr": "0.000786896", "gnorm": "29.014", "loss_scale": "128", "train_wall": "11", "gb_free": "75.7", "wall": "6220"}
[2026-06-13 22:27:32,279][train_inner][INFO] - {"epoch": 4, "update": 3.715, "loss": "55.172", "nll_loss": "1.624", "total": "179.3", "n_correct": "135.15", "ppl": "3.08", "accuracy": "75.376", "wps": "406.4", "ups": "2.27", "wpb": "179.3", "bsz": "9.3", "num_updates": "11800", "lr": "0.000763673", "gnorm": "26.022", "loss_scale": "128", "train_wall": "11", "gb_free": "75.7", "wall": "6309"}
[2026-06-13 22:29:07,864][train_inner][INFO] - {"epoch": 4, "update": 3.778, "loss": "55.257", "nll_loss": "1.621", "total": "183.885", "n_correct": "138.785", "ppl": "3.08", "accuracy": "75.474", "wps": "384.8", "ups": "2.09", "wpb": "183.9", "bsz": "9.5", "num_updates": "12000", "lr": "0.000741134", "gnorm": "27.578", "loss_scale": "128", "train_wall": "11", "gb_free": "75.7", "wall": "6404"}
[2026-06-13 22:30:45,461][train_inner][INFO] - {"epoch": 4, "update": 3.841, "loss": "45.008", "nll_loss": "1.489", "total": "181.22", "n_correct": "140.715", "ppl": "2.81", "accuracy": "77.649", "wps": "371.4", "ups": "2.05", "wpb": "181.2", "bsz": "11", "num_updates": "12200", "lr": "0.000719261", "gnorm": "23.755", "loss_scale": "128", "train_wall": "11", "gb_free": "75.7", "wall": "6502"}
[2026-06-13 22:32:21,415][train_inner][INFO] - {"epoch": 4, "update": 3.904, "loss": "50.688", "nll_loss": "1.548", "total": "181.525", "n_correct": "139.49", "ppl": "2.92", "accuracy": "76.843", "wps": "378.4", "ups": "2.08", "wpb": "181.5", "bsz": "10", "num_updates": "12400", "lr": "0.000698034", "gnorm": "25.628", "loss_scale": "128", "train_wall": "11", "gb_free": "75.7", "wall": "6598"}
[2026-06-13 22:33:52,395][train_inner][INFO] - {"epoch": 4, "update": 3.967, "loss": "52.43", "nll_loss": "1.476", "total": "180.67", "n_correct": "140.85", "ppl": "2.78", "accuracy": "77.96", "wps": "397.2", "ups": "2.2", "wpb": "180.7", "bsz": "9.4", "num_updates": "12600", "lr": "0.000677433", "gnorm": "24.726", "loss_scale": "128", "train_wall": "11", "gb_free": "75.7", "wall": "6689"}
[2026-06-13 22:34:42,664][main][INFO] - begin validation on "valid" subset
[2026-06-13 22:35:38,910][valid][INFO] - {"epoch": 4, "valid_loss": "46.965", "valid_nll_loss": "1.132", "valid_total": "178.205", "valid_n_correct": "146.504", "valid_ppl": "2.19", "valid_accuracy": "82.211", "valid_wps": "405", "valid_wpb": "178.2", "valid_bsz": "9.4", "valid_num_updates": "12704", "valid_best_accuracy": "82.211"}
[2026-06-13 22:35:38,912][fairseq.checkpoint_utils][INFO] - Preparing to save checkpoint for epoch 4 @ 12704 updates
[2026-06-13 22:35:38,912][trainer][INFO] - Saving checkpoint to checkpoints/checkpoint_best.pt
[2026-06-13 22:35:42,454][trainer][INFO] - Finished saving checkpoint to checkpoints/checkpoint_best.pt
[2026-06-13 22:35:47,898][fairseq.checkpoint_utils][INFO] - Saved checkpoint checkpoints/checkpoint_best.pt (epoch 4 @ 12704 updates, score 82.211) (writing took 8.986298512085341 seconds)
[2026-06-13 22:35:47,899][main][INFO] - end of epoch 4 (average epoch stats below)
[2026-06-13 22:35:47,909][train][INFO] - {"epoch": 4, "train_loss": "55.712", "train_nll_loss": "1.791", "train_total": "179.799", "train_n_correct": "130.715", "train_ppl": "3.46", "train_accuracy": "72.701", "train_wps": "373.2", "train_ups": "2.08", "train_wpb": "179.8", "train_bsz": "9.7", "train_num_updates": "12704", "train_lr": "0.000666961", "train_gnorm": "28.335", "train_loss_scale": "128", "train_train_wall": "174", "train_gb_free": "75.7", "train_wall": "6804"}
[2026-06-13 22:35:48,346][trainer][INFO] - begin training epoch 5
[2026-06-13 22:35:48,346][main][INFO] - Start iterating over samples
[2026-06-13 22:36:30,417][train_inner][INFO] - {"epoch": 5, "update": 4.03, "loss": "47.019", "nll_loss": "1.354", "total": "176.29", "n_correct": "140.17", "ppl": "2.56", "accuracy": "79.511", "wps": "223.1", "ups": "1.27", "wpb": "176.3", "bsz": "9.8", "num_updates": "12800", "lr": "0.00065744", "gnorm": "22.451", "loss_scale": "128", "train_wall": "11", "gb_free": "75.7", "wall": "6847"}
[2026-06-13 22:37:56,657][train_inner][INFO] - {"epoch": 5, "update": 4.093, "loss": "49.435", "nll_loss": "1.284", "total": "178.905", "n_correct": "144.645", "ppl": "2.43", "accuracy": "80.85", "wps": "414.9", "ups": "2.32", "wpb": "178.9", "bsz": "9.2", "num_updates": "13000", "lr": "0.000638036", "gnorm": "22.945", "loss_scale": "128", "train_wall": "11", "gb_free": "75.7", "wall": "6933"}
[2026-06-13 22:39:30,710][train_inner][INFO] - {"epoch": 5, "update": 4.156, "loss": "47.697", "nll_loss": "1.256", "total": "181.26", "n_correct": "146.97", "ppl": "2.39", "accuracy": "81.082", "wps": "385.5", "ups": "2.13", "wpb": "181.3", "bsz": "9.6", "num_updates": "13200", "lr": "0.000619206", "gnorm": "23.177", "loss_scale": "128", "train_wall": "11", "gb_free": "75.7", "wall": "7027"}
[2026-06-13 22:41:05,554][train_inner][INFO] - {"epoch": 5, "update": 4.219, "loss": "48.328", "nll_loss": "1.263", "total": "180.4", "n_correct": "145.815", "ppl": "2.4", "accuracy": "80.829", "wps": "380.5", "ups": "2.11", "wpb": "180.4", "bsz": "9.5", "num_updates": "13400", "lr": "0.000600931", "gnorm": "23.803", "loss_scale": "128", "train_wall": "11", "gb_free": "75.7", "wall": "7122"}
[2026-06-13 22:42:44,333][train_inner][INFO] - {"epoch": 5, "update": 4.282, "loss": "45.05", "nll_loss": "1.243", "total": "181.74", "n_correct": "148.035", "ppl": "2.37", "accuracy": "81.454", "wps": "368", "ups": "2.02", "wpb": "181.7", "bsz": "10.2", "num_updates": "13600", "lr": "0.000583196", "gnorm": "21.5", "loss_scale": "128", "train_wall": "11", "gb_free": "75.7", "wall": "7221"}
[2026-06-13 22:44:23,515][train_inner][INFO] - {"epoch": 5, "update": 4.345, "loss": "44.912", "nll_loss": "1.235", "total": "182.53", "n_correct": "149.05", "ppl": "2.35", "accuracy": "81.658", "wps": "368.1", "ups": "2.02", "wpb": "182.5", "bsz": "10.2", "num_updates": "13800", "lr": "0.000565984", "gnorm": "22.768", "loss_scale": "128", "train_wall": "11", "gb_free": "75.7", "wall": "7320"}
[2026-06-13 22:46:00,874][train_inner][INFO] - {"epoch": 5, "update": 4.408, "loss": "47.438", "nll_loss": "1.194", "total": "185.455", "n_correct": "152.06", "ppl": "2.29", "accuracy": "81.993", "wps": "381", "ups": "2.05", "wpb": "185.5", "bsz": "9.7", "num_updates": "14000", "lr": "0.00054928", "gnorm": "22.97", "loss_scale": "128", "train_wall": "11", "gb_free": "75.7", "wall": "7417"}
[2026-06-13 22:47:31,114][train_inner][INFO] - {"epoch": 5, "update": 4.471, "loss": "48.239", "nll_loss": "1.201", "total": "176.07", "n_correct": "144.95", "ppl": "2.3", "accuracy": "82.325", "wps": "390.3", "ups": "2.22", "wpb": "176.1", "bsz": "9", "num_updates": "14200", "lr": "0.000533069", "gnorm": "21.929", "loss_scale": "128", "train_wall": "11", "gb_free": "75.7", "wall": "7508"}
[2026-06-13 22:49:07,720][train_inner][INFO] - {"epoch": 5, "update": 4.534, "loss": "40.805", "nll_loss": "1.161", "total": "177.155", "n_correct": "147.015", "ppl": "2.24", "accuracy": "82.987", "wps": "366.8", "ups": "2.07", "wpb": "177.2", "bsz": "10.6", "num_updates": "14400", "lr": "0.000517337", "gnorm": "19.35", "loss_scale": "128", "train_wall": "11", "gb_free": "75.7", "wall": "7604"}
[2026-06-13 22:50:42,474][train_inner][INFO] - {"epoch": 5, "update": 4.597, "loss": "43.511", "nll_loss": "1.171", "total": "182.485", "n_correct": "151.19", "ppl": "2.25", "accuracy": "82.851", "wps": "385.2", "ups": "2.11", "wpb": "182.5", "bsz": "10.3", "num_updates": "14600", "lr": "0.000502069", "gnorm": "21.211", "loss_scale": "128", "train_wall": "11", "gb_free": "75.7", "wall": "7699"}
[2026-06-13 22:52:17,236][train_inner][INFO] - {"epoch": 5, "update": 4.66, "loss": "45.636", "nll_loss": "1.166", "total": "179.22", "n_correct": "148.225", "ppl": "2.24", "accuracy": "82.706", "wps": "378.3", "ups": "2.11", "wpb": "179.2", "bsz": "9.6", "num_updates": "14800", "lr": "0.000487251", "gnorm": "22.212", "loss_scale": "128", "train_wall": "11", "gb_free": "75.7", "wall": "7794"}
[2026-06-13 22:53:53,469][train_inner][INFO] - {"epoch": 5, "update": 4.723, "loss": "42.956", "nll_loss": "1.099", "total": "179.57", "n_correct": "150.635", "ppl": "2.14", "accuracy": "83.887", "wps": "373.2", "ups": "2.08", "wpb": "179.6", "bsz": "10", "num_updates": "15000", "lr": "0.000472871", "gnorm": "20.602", "loss_scale": "128", "train_wall": "11", "gb_free": "75.7", "wall": "7890"}
[2026-06-13 22:55:23,672][train_inner][INFO] - {"epoch": 5, "update": 4.786, "loss": "45.295", "nll_loss": "1.095", "total": "177.655", "n_correct": "149.27", "ppl": "2.14", "accuracy": "84.022", "wps": "393.9", "ups": "2.22", "wpb": "177.7", "bsz": "9.3", "num_updates": "15200", "lr": "0.000458915", "gnorm": "20.907", "loss_scale": "128", "train_wall": "11", "gb_free": "75.7", "wall": "7980"}
[2026-06-13 22:56:56,864][train_inner][INFO] - {"epoch": 5, "update": 4.849, "loss": "45.605", "nll_loss": "1.131", "total": "179.6", "n_correct": "149.495", "ppl": "2.19", "accuracy": "83.238", "wps": "385.5", "ups": "2.15", "wpb": "179.6", "bsz": "9.5", "num_updates": "15400", "lr": "0.000445371", "gnorm": "22.002", "loss_scale": "128", "train_wall": "11", "gb_free": "75.7", "wall": "8073"}
[2026-06-13 22:58:25,676][train_inner][INFO] - {"epoch": 5, "update": 4.912, "loss": "47.589", "nll_loss": "1.085", "total": "178.735", "n_correct": "150.48", "ppl": "2.12", "accuracy": "84.192", "wps": "402.6", "ups": "2.25", "wpb": "178.7", "bsz": "8.9", "num_updates": "15600", "lr": "0.000432227", "gnorm": "21.055", "loss_scale": "128", "train_wall": "11", "gb_free": "75.7", "wall": "8162"}
[2026-06-13 23:00:00,062][train_inner][INFO] - {"epoch": 5, "update": 4.975, "loss": "42.276", "nll_loss": "1.074", "total": "179.115", "n_correct": "150.84", "ppl": "2.11", "accuracy": "84.214", "wps": "379.6", "ups": "2.12", "wpb": "179.1", "bsz": "10", "num_updates": "15800", "lr": "0.00041947", "gnorm": "20.42", "loss_scale": "128", "train_wall": "11", "gb_free": "75.7", "wall": "8256"}
[2026-06-13 23:00:36,441][main][INFO] - end of epoch 5 (average epoch stats below)
[2026-06-13 23:00:36,450][train][INFO] - {"epoch": 5, "train_loss": "45.575", "train_nll_loss": "1.178", "train_total": "179.799", "train_n_correct": "148.406", "train_ppl": "2.26", "train_accuracy": "82.54", "train_wps": "383.6", "train_ups": "2.13", "train_wpb": "179.8", "train_bsz": "9.7", "train_num_updates": "15880", "train_lr": "0.000414474", "train_gnorm": "21.758", "train_loss_scale": "128", "train_train_wall": "176", "train_gb_free": "75.7", "train_wall": "8293"}
[2026-06-13 23:00:36,951][trainer][INFO] - begin training epoch 6
[2026-06-13 23:00:36,951][main][INFO] - Start iterating over samples
[2026-06-13 23:01:33,762][train_inner][INFO] - {"epoch": 6, "update": 5.038, "loss": "41.727", "nll_loss": "0.966", "total": "179.67", "n_correct": "154.34", "ppl": "1.95", "accuracy": "85.902", "wps": "383.5", "ups": "2.13", "wpb": "179.7", "bsz": "9.8", "num_updates": "16000", "lr": "0.000407091", "gnorm": "18.451", "loss_scale": "128", "train_wall": "11", "gb_free": "75.7", "wall": "8350"}
[2026-06-13 23:03:04,932][train_inner][INFO] - {"epoch": 6, "update": 5.101, "loss": "40.585", "nll_loss": "0.922", "total": "181.555", "n_correct": "156.905", "ppl": "1.89", "accuracy": "86.423", "wps": "398.3", "ups": "2.19", "wpb": "181.6", "bsz": "10", "num_updates": "16200", "lr": "0.000395076", "gnorm": "19.276", "loss_scale": "128", "train_wall": "11", "gb_free": "75.7", "wall": "8441"}
[2026-06-13 23:04:32,664][train_inner][INFO] - {"epoch": 6, "update": 5.164, "loss": "44.049", "nll_loss": "0.931", "total": "176.39", "n_correct": "152.48", "ppl": "1.91", "accuracy": "86.445", "wps": "402.2", "ups": "2.28", "wpb": "176.4", "bsz": "9", "num_updates": "16400", "lr": "0.000383416", "gnorm": "20.149", "loss_scale": "256", "train_wall": "11", "gb_free": "75.7", "wall": "8529"}
[2026-06-13 23:06:07,034][train_inner][INFO] - {"epoch": 6, "update": 5.227, "loss": "40.894", "nll_loss": "0.938", "total": "181.675", "n_correct": "156.775", "ppl": "1.92", "accuracy": "86.294", "wps": "385.1", "ups": "2.12", "wpb": "181.7", "bsz": "10", "num_updates": "16600", "lr": "0.0003721", "gnorm": "19.039", "loss_scale": "256", "train_wall": "11", "gb_free": "75.7", "wall": "8623"}
[2026-06-13 23:07:43,177][train_inner][INFO] - {"epoch": 6, "update": 5.29, "loss": "39.355", "nll_loss": "0.883", "total": "183.545", "n_correct": "160.075", "ppl": "1.84", "accuracy": "87.213", "wps": "381.9", "ups": "2.08", "wpb": "183.5", "bsz": "10.2", "num_updates": "16800", "lr": "0.000361119", "gnorm": "18.351", "loss_scale": "256", "train_wall": "11", "gb_free": "75.7", "wall": "8720"}
[2026-06-13 23:09:11,161][train_inner][INFO] - {"epoch": 6, "update": 5.353, "loss": "41.274", "nll_loss": "0.911", "total": "179.29", "n_correct": "155.915", "ppl": "1.88", "accuracy": "86.962", "wps": "407.6", "ups": "2.27", "wpb": "179.3", "bsz": "9.6", "num_updates": "17000", "lr": "0.000350461", "gnorm": "19.329", "loss_scale": "256", "train_wall": "11", "gb_free": "75.7", "wall": "8808"}
[2026-06-13 23:10:41,323][train_inner][INFO] - {"epoch": 6, "update": 5.416, "loss": "42.631", "nll_loss": "0.943", "total": "182.66", "n_correct": "157.91", "ppl": "1.92", "accuracy": "86.45", "wps": "405.2", "ups": "2.22", "wpb": "182.7", "bsz": "9.6", "num_updates": "17200", "lr": "0.000340118", "gnorm": "20.047", "loss_scale": "256", "train_wall": "11", "gb_free": "75.7", "wall": "8898"}
[2026-06-13 23:12:11,586][train_inner][INFO] - {"epoch": 6, "update": 5.479, "loss": "43.059", "nll_loss": "0.919", "total": "177.635", "n_correct": "154.21", "ppl": "1.89", "accuracy": "86.813", "wps": "393.6", "ups": "2.22", "wpb": "177.6", "bsz": "9.2", "num_updates": "17400", "lr": "0.00033008", "gnorm": "19.251", "loss_scale": "256", "train_wall": "11", "gb_free": "75.7", "wall": "8988"}
[2026-06-13 23:13:41,951][train_inner][INFO] - {"epoch": 6, "update": 5.542, "loss": "41.293", "nll_loss": "0.896", "total": "180.2", "n_correct": "156.9", "ppl": "1.86", "accuracy": "87.07", "wps": "398.9", "ups": "2.21", "wpb": "180.2", "bsz": "9.6", "num_updates": "17600", "lr": "0.000320338", "gnorm": "19.059", "loss_scale": "256", "train_wall": "11", "gb_free": "75.7", "wall": "9078"}
[2026-06-13 23:15:04,117][trainer][INFO] - NOTE: gradient overflow detected, ignoring gradient, setting loss scale to: 128.0
[2026-06-13 23:15:14,565][train_inner][INFO] - {"epoch": 6, "update": 5.605, "loss": "41.715", "nll_loss": "0.874", "total": "182.83", "n_correct": "160.04", "ppl": "1.83", "accuracy": "87.535", "wps": "394.9", "ups": "2.16", "wpb": "182.8", "bsz": "9.6", "num_updates": "17800", "lr": "0.000310884", "gnorm": "18.662", "loss_scale": "128", "train_wall": "11", "gb_free": "75.7", "wall": "9171"}
[2026-06-13 23:16:46,643][train_inner][INFO] - {"epoch": 6, "update": 5.668, "loss": "38.542", "nll_loss": "0.92", "total": "176.31", "n_correct": "152.625", "ppl": "1.89", "accuracy": "86.566", "wps": "383", "ups": "2.17", "wpb": "176.3", "bsz": "10.2", "num_updates": "18000", "lr": "0.000301709", "gnorm": "18.189", "loss_scale": "128", "train_wall": "11", "gb_free": "75.7", "wall": "9263"}
[2026-06-13 23:18:20,759][train_inner][INFO] - {"epoch": 6, "update": 5.731, "loss": "40.347", "nll_loss": "0.888", "total": "179.72", "n_correct": "156.95", "ppl": "1.85", "accuracy": "87.33", "wps": "382", "ups": "2.13", "wpb": "179.7", "bsz": "9.8", "num_updates": "18200", "lr": "0.000292804", "gnorm": "18.607", "loss_scale": "128", "train_wall": "11", "gb_free": "75.7", "wall": "9357"}
[2026-06-13 23:19:57,343][train_inner][INFO] - {"epoch": 6, "update": 5.794, "loss": "40.049", "nll_loss": "0.88", "total": "180.965", "n_correct": "158.21", "ppl": "1.84", "accuracy": "87.426", "wps": "374.8", "ups": "2.07", "wpb": "181", "bsz": "9.9", "num_updates": "18400", "lr": "0.000284163", "gnorm": "17.839", "loss_scale": "128", "train_wall": "11", "gb_free": "75.7", "wall": "9454"}
[2026-06-13 23:21:32,703][train_inner][INFO] - {"epoch": 6, "update": 5.857, "loss": "37.604", "nll_loss": "0.861", "total": "178.985", "n_correct": "157.07", "ppl": "1.82", "accuracy": "87.756", "wps": "375.4", "ups": "2.1", "wpb": "179", "bsz": "10.3", "num_updates": "18600", "lr": "0.000275776", "gnorm": "17.344", "loss_scale": "128", "train_wall": "11", "gb_free": "75.7", "wall": "9549"}
[2026-06-13 23:23:05,271][train_inner][INFO] - {"epoch": 6, "update": 5.92, "loss": "39.764", "nll_loss": "0.856", "total": "179.545", "n_correct": "157.62", "ppl": "1.81", "accuracy": "87.789", "wps": "388", "ups": "2.16", "wpb": "179.5", "bsz": "9.8", "num_updates": "18800", "lr": "0.000267637", "gnorm": "18.001", "loss_scale": "128", "train_wall": "11", "gb_free": "75.7", "wall": "9642"}
[2026-06-13 23:24:33,349][train_inner][INFO] - {"epoch": 6, "update": 5.983, "loss": "43.69", "nll_loss": "0.848", "total": "175.565", "n_correct": "154.36", "ppl": "1.8", "accuracy": "87.922", "wps": "398.7", "ups": "2.27", "wpb": "175.6", "bsz": "8.7", "num_updates": "19000", "lr": "0.000259739", "gnorm": "18.59", "loss_scale": "128", "train_wall": "11", "gb_free": "75.7", "wall": "9730"}
[2026-06-13 23:24:59,852][main][INFO] - begin validation on "valid" subset
[2026-06-13 23:25:57,685][valid][INFO] - {"epoch": 6, "valid_loss": "40.097", "valid_nll_loss": "0.771", "valid_total": "178.205", "valid_n_correct": "158.307", "valid_ppl": "1.71", "valid_accuracy": "88.834", "valid_wps": "394.4", "valid_wpb": "178.2", "valid_bsz": "9.4", "valid_num_updates": "19055", "valid_best_accuracy": "88.834"}
[2026-06-13 23:25:57,685][fairseq.checkpoint_utils][INFO] - Preparing to save checkpoint for epoch 6 @ 19055 updates
[2026-06-13 23:25:57,686][trainer][INFO] - Saving checkpoint to checkpoints/checkpoint_best.pt
[2026-06-13 23:26:01,295][trainer][INFO] - Finished saving checkpoint to checkpoints/checkpoint_best.pt
[2026-06-13 23:26:06,624][fairseq.checkpoint_utils][INFO] - Saved checkpoint checkpoints/checkpoint_best.pt (epoch 6 @ 19055 updates, score 88.834) (writing took 8.938868599943817 seconds)
[2026-06-13 23:26:06,625][main][INFO] - end of epoch 6 (average epoch stats below)
[2026-06-13 23:26:06,640][train][INFO] - {"epoch": 6, "train_loss": "40.892", "train_nll_loss": "0.898", "train_total": "179.784", "train_n_correct": "156.508", "train_ppl": "1.86", "train_accuracy": "87.054", "train_wps": "373", "train_ups": "2.07", "train_wpb": "179.8", "train_bsz": "9.7", "train_num_updates": "19055", "train_lr": "0.000257608", "train_gnorm": "18.744", "train_loss_scale": "128", "train_train_wall": "174", "train_gb_free": "75.7", "train_wall": "9823"}
[2026-06-13 23:26:07,075][trainer][INFO] - begin training epoch 7
[2026-06-13 23:26:07,075][main][INFO] - Start iterating over samples
[2026-06-13 23:27:17,211][train_inner][INFO] - {"epoch": 7, "update": 6.046, "loss": "36.902", "nll_loss": "0.778", "total": "179.425", "n_correct": "160.04", "ppl": "1.71", "accuracy": "89.196", "wps": "219", "ups": "1.22", "wpb": "179.4", "bsz": "10.2", "num_updates": "19200", "lr": "0.000252073", "gnorm": "16.966", "loss_scale": "128", "train_wall": "11", "gb_free": "75.7", "wall": "9894"}
[2026-06-13 23:28:49,205][train_inner][INFO] - {"epoch": 7, "update": 6.109, "loss": "40.493", "nll_loss": "0.747", "total": "182.065", "n_correct": "163", "ppl": "1.68", "accuracy": "89.528", "wps": "395.9", "ups": "2.17", "wpb": "182.1", "bsz": "9.3", "num_updates": "19400", "lr": "0.000244633", "gnorm": "17.085", "loss_scale": "128", "train_wall": "11", "gb_free": "75.7", "wall": "9986"}
[2026-06-13 23:30:24,238][train_inner][INFO] - {"epoch": 7, "update": 6.172, "loss": "37.03", "nll_loss": "0.766", "total": "179.965", "n_correct": "160.46", "ppl": "1.7", "accuracy": "89.162", "wps": "378.8", "ups": "2.1", "wpb": "180", "bsz": "10.1", "num_updates": "19600", "lr": "0.000237414", "gnorm": "16.918", "loss_scale": "128", "train_wall": "11", "gb_free": "75.7", "wall": "10081"}
[2026-06-13 23:32:00,028][train_inner][INFO] - {"epoch": 7, "update": 6.235, "loss": "35.496", "nll_loss": "0.748", "total": "177.895", "n_correct": "159.45", "ppl": "1.68", "accuracy": "89.632", "wps": "371.5", "ups": "2.09", "wpb": "177.9", "bsz": "10.4", "num_updates": "19800", "lr": "0.000230407", "gnorm": "16.77", "loss_scale": "128", "train_wall": "11", "gb_free": "75.7", "wall": "10176"}
[2026-06-13 23:33:30,035][train_inner][INFO] - {"epoch": 7, "update": 6.298, "loss": "41.78", "nll_loss": "0.787", "total": "180.025", "n_correct": "160.365", "ppl": "1.73", "accuracy": "89.079", "wps": "400.1", "ups": "2.22", "wpb": "180", "bsz": "9.1", "num_updates": "20000", "lr": "0.000223607", "gnorm": "18.039", "loss_scale": "128", "train_wall": "11", "gb_free": "75.7", "wall": "10266"}
[2026-06-13 23:35:05,011][train_inner][INFO] - {"epoch": 7, "update": 6.361, "loss": "37.014", "nll_loss": "0.729", "total": "182.5", "n_correct": "164.175", "ppl": "1.66", "accuracy": "89.959", "wps": "384.4", "ups": "2.11", "wpb": "182.5", "bsz": "10.1", "num_updates": "20200", "lr": "0.000217007", "gnorm": "16.908", "loss_scale": "128", "train_wall": "11", "gb_free": "75.7", "wall": "10361"}
[2026-06-13 23:36:39,512][train_inner][INFO] - {"epoch": 7, "update": 6.423, "loss": "38.204", "nll_loss": "0.738", "total": "180.585", "n_correct": "161.985", "ppl": "1.67", "accuracy": "89.7", "wps": "382.2", "ups": "2.12", "wpb": "180.6", "bsz": "9.7", "num_updates": "20400", "lr": "0.000210603", "gnorm": "17.066", "loss_scale": "128", "train_wall": "11", "gb_free": "75.7", "wall": "10456"}
[2026-06-13 23:38:10,397][train_inner][INFO] - {"epoch": 7, "update": 6.486, "loss": "38.683", "nll_loss": "0.769", "total": "179.15", "n_correct": "159.84", "ppl": "1.7", "accuracy": "89.221", "wps": "394.3", "ups": "2.2", "wpb": "179.2", "bsz": "9.7", "num_updates": "20600", "lr": "0.000204387", "gnorm": "18.037", "loss_scale": "128", "train_wall": "11", "gb_free": "75.7", "wall": "10547"}
[2026-06-13 23:39:41,458][train_inner][INFO] - {"epoch": 7, "update": 6.549, "loss": "39.063", "nll_loss": "0.743", "total": "179.685", "n_correct": "161.09", "ppl": "1.67", "accuracy": "89.651", "wps": "394.7", "ups": "2.2", "wpb": "179.7", "bsz": "9.5", "num_updates": "20800", "lr": "0.000198355", "gnorm": "17.033", "loss_scale": "128", "train_wall": "11", "gb_free": "75.7", "wall": "10638"}
[2026-06-13 23:41:13,755][train_inner][INFO] - {"epoch": 7, "update": 6.612, "loss": "36.724", "nll_loss": "0.751", "total": "182.245", "n_correct": "163.1", "ppl": "1.68", "accuracy": "89.495", "wps": "395", "ups": "2.17", "wpb": "182.2", "bsz": "10.3", "num_updates": "21000", "lr": "0.000192501", "gnorm": "16.773", "loss_scale": "128", "train_wall": "11", "gb_free": "75.7", "wall": "10730"}
[2026-06-13 23:42:46,566][train_inner][INFO] - {"epoch": 7, "update": 6.675, "loss": "37.417", "nll_loss": "0.723", "total": "179.945", "n_correct": "162.385", "ppl": "1.65", "accuracy": "90.241", "wps": "387.8", "ups": "2.16", "wpb": "179.9", "bsz": "9.8", "num_updates": "21200", "lr": "0.00018682", "gnorm": "17.293", "loss_scale": "128", "train_wall": "11", "gb_free": "75.7", "wall": "10823"}
[2026-06-13 23:44:21,176][train_inner][INFO] - {"epoch": 7, "update": 6.738, "loss": "39.821", "nll_loss": "0.786", "total": "178.41", "n_correct": "159.02", "ppl": "1.72", "accuracy": "89.132", "wps": "377.2", "ups": "2.11", "wpb": "178.4", "bsz": "9.4", "num_updates": "21400", "lr": "0.000181306", "gnorm": "18.253", "loss_scale": "128", "train_wall": "11", "gb_free": "75.7", "wall": "10918"}
[2026-06-13 23:45:53,185][train_inner][INFO] - {"epoch": 7, "update": 6.801, "loss": "41.531", "nll_loss": "0.733", "total": "178.38", "n_correct": "160.635", "ppl": "1.66", "accuracy": "90.052", "wps": "387.8", "ups": "2.17", "wpb": "178.4", "bsz": "8.8", "num_updates": "21600", "lr": "0.000175955", "gnorm": "18.119", "loss_scale": "128", "train_wall": "11", "gb_free": "75.7", "wall": "11010"}
[2026-06-13 23:47:27,153][train_inner][INFO] - {"epoch": 7, "update": 6.864, "loss": "38.741", "nll_loss": "0.728", "total": "180.045", "n_correct": "162.155", "ppl": "1.66", "accuracy": "90.064", "wps": "383.3", "ups": "2.13", "wpb": "180", "bsz": "9.5", "num_updates": "21800", "lr": "0.000170762", "gnorm": "17.515", "loss_scale": "128", "train_wall": "11", "gb_free": "75.7", "wall": "11104"}
[2026-06-13 23:49:00,076][train_inner][INFO] - {"epoch": 7, "update": 6.927, "loss": "38.424", "nll_loss": "0.737", "total": "176.305", "n_correct": "158.13", "ppl": "1.67", "accuracy": "89.691", "wps": "379.5", "ups": "2.15", "wpb": "176.3", "bsz": "9.4", "num_updates": "22000", "lr": "0.000165723", "gnorm": "17.246", "loss_scale": "128", "train_wall": "11", "gb_free": "75.7", "wall": "11196"}
[2026-06-13 23:50:31,870][train_inner][INFO] - {"epoch": 7, "update": 6.99, "loss": "37.67", "nll_loss": "0.731", "total": "178.67", "n_correct": "160.88", "ppl": "1.66", "accuracy": "90.043", "wps": "389.3", "ups": "2.18", "wpb": "178.7", "bsz": "9.7", "num_updates": "22200", "lr": "0.000160832", "gnorm": "16.409", "loss_scale": "128", "train_wall": "11", "gb_free": "75.7", "wall": "11288"}
[2026-06-13 23:50:45,819][main][INFO] - end of epoch 7 (average epoch stats below)
[2026-06-13 23:50:45,830][train][INFO] - {"epoch": 7, "train_loss": "38.366", "train_nll_loss": "0.748", "train_total": "179.799", "train_n_correct": "161.182", "train_ppl": "1.68", "train_accuracy": "89.646", "train_wps": "386.1", "train_ups": "2.15", "train_wpb": "179.8", "train_bsz": "9.7", "train_num_updates": "22231", "train_lr": "0.000160087", "train_gnorm": "17.258", "train_loss_scale": "128", "train_train_wall": "175", "train_gb_free": "75.7", "train_wall": "11302"}
[2026-06-13 23:50:46,304][trainer][INFO] - begin training epoch 8
[2026-06-13 23:50:46,304][main][INFO] - Start iterating over samples
[2026-06-13 23:52:08,042][train_inner][INFO] - {"epoch": 8, "update": 7.053, "loss": "38.755", "nll_loss": "0.66", "total": "183.31", "n_correct": "166.89", "ppl": "1.58", "accuracy": "91.042", "wps": "381.3", "ups": "2.08", "wpb": "183.3", "bsz": "9.4", "num_updates": "22400", "lr": "0.000156085", "gnorm": "16.675", "loss_scale": "128", "train_wall": "11", "gb_free": "75.7", "wall": "11384"}
[2026-06-13 23:53:37,176][train_inner][INFO] - {"epoch": 8, "update": 7.116, "loss": "37.261", "nll_loss": "0.672", "total": "179.79", "n_correct": "163.595", "ppl": "1.59", "accuracy": "90.992", "wps": "403.5", "ups": "2.24", "wpb": "179.8", "bsz": "9.7", "num_updates": "22600", "lr": "0.000151479", "gnorm": "15.828", "loss_scale": "128", "train_wall": "11", "gb_free": "75.7", "wall": "11474"}
[2026-06-13 23:55:12,045][train_inner][INFO] - {"epoch": 8, "update": 7.179, "loss": "35.822", "nll_loss": "0.682", "total": "181.545", "n_correct": "164.86", "ppl": "1.6", "accuracy": "90.809", "wps": "382.8", "ups": "2.11", "wpb": "181.5", "bsz": "10.2", "num_updates": "22800", "lr": "0.000147008", "gnorm": "16.071", "loss_scale": "128", "train_wall": "11", "gb_free": "75.7", "wall": "11568"}
[2026-06-13 23:56:41,320][train_inner][INFO] - {"epoch": 8, "update": 7.242, "loss": "39.697", "nll_loss": "0.642", "total": "180.945", "n_correct": "165.465", "ppl": "1.56", "accuracy": "91.445", "wps": "405.4", "ups": "2.24", "wpb": "180.9", "bsz": "9", "num_updates": "23000", "lr": "0.000142669", "gnorm": "16.712", "loss_scale": "128", "train_wall": "11", "gb_free": "75.7", "wall": "11658"}
[2026-06-13 23:58:12,998][train_inner][INFO] - {"epoch": 8, "update": 7.305, "loss": "36.306", "nll_loss": "0.633", "total": "176.72", "n_correct": "161.995", "ppl": "1.55", "accuracy": "91.668", "wps": "385.6", "ups": "2.18", "wpb": "176.7", "bsz": "9.6", "num_updates": "23200", "lr": "0.000138459", "gnorm": "15.599", "loss_scale": "128", "train_wall": "11", "gb_free": "75.7", "wall": "11749"}
[2026-06-13 23:59:39,124][train_inner][INFO] - {"epoch": 8, "update": 7.368, "loss": "34.791", "nll_loss": "0.67", "total": "179.4", "n_correct": "163.21", "ppl": "1.59", "accuracy": "90.975", "wps": "416.6", "ups": "2.32", "wpb": "179.4", "bsz": "10.3", "num_updates": "23400", "lr": "0.000134372", "gnorm": "15.211", "loss_scale": "128", "train_wall": "11", "gb_free": "75.7", "wall": "11836"}
[2026-06-14 00:00:58,602][train_inner][INFO] - {"epoch": 8, "update": 7.431, "loss": "36.215", "nll_loss": "0.626", "total": "175.32", "n_correct": "160.67", "ppl": "1.54", "accuracy": "91.644", "wps": "441.2", "ups": "2.52", "wpb": "175.3", "bsz": "9.5", "num_updates": "23600", "lr": "0.000130407", "gnorm": "15.577", "loss_scale": "128", "train_wall": "11", "gb_free": "75.7", "wall": "11915"}
[2026-06-14 00:02:23,467][train_inner][INFO] - {"epoch": 8, "update": 7.494, "loss": "37.252", "nll_loss": "0.674", "total": "179.27", "n_correct": "163.105", "ppl": "1.59", "accuracy": "90.983", "wps": "422.5", "ups": "2.36", "wpb": "179.3", "bsz": "9.6", "num_updates": "23800", "lr": "0.000126558", "gnorm": "16.463", "loss_scale": "128", "train_wall": "11", "gb_free": "75.7", "wall": "12000"}
[2026-06-14 00:03:47,777][train_inner][INFO] - {"epoch": 8, "update": 7.557, "loss": "38.521", "nll_loss": "0.62", "total": "181.455", "n_correct": "166.61", "ppl": "1.54", "accuracy": "91.819", "wps": "430.5", "ups": "2.37", "wpb": "181.5", "bsz": "9.2", "num_updates": "24000", "lr": "0.000122823", "gnorm": "17.193", "loss_scale": "128", "train_wall": "11", "gb_free": "75.7", "wall": "12084"}
[2026-06-14 00:03:54,859][trainer][INFO] - NOTE: gradient overflow detected, ignoring gradient, setting loss scale to: 64.0
[2026-06-14 00:04:02,557][trainer][INFO] - NOTE: gradient overflow detected, ignoring gradient, setting loss scale to: 32.0
[2026-06-14 00:05:15,641][train_inner][INFO] - {"epoch": 8, "update": 7.621, "loss": "36.67", "nll_loss": "0.702", "total": "179.22", "n_correct": "161.895", "ppl": "1.63", "accuracy": "90.333", "wps": "408", "ups": "2.28", "wpb": "179.2", "bsz": "9.9", "num_updates": "24200", "lr": "0.000119198", "gnorm": "90.128", "loss_scale": "32", "train_wall": "20", "gb_free": "74", "wall": "12172"}
[2026-06-14 00:06:40,194][train_inner][INFO] - {"epoch": 8, "update": 7.684, "loss": "36.632", "nll_loss": "0.673", "total": "181.41", "n_correct": "164.75", "ppl": "1.59", "accuracy": "90.816", "wps": "429.2", "ups": "2.37", "wpb": "181.4", "bsz": "9.9", "num_updates": "24400", "lr": "0.00011568", "gnorm": "78.483", "loss_scale": "32", "train_wall": "16", "gb_free": "73.4", "wall": "12257"}
[2026-06-14 00:08:01,639][train_inner][INFO] - {"epoch": 8, "update": 7.747, "loss": "38.737", "nll_loss": "0.687", "total": "180.245", "n_correct": "163.525", "ppl": "1.61", "accuracy": "90.724", "wps": "442.7", "ups": "2.46", "wpb": "180.2", "bsz": "9.4", "num_updates": "24600", "lr": "0.000112266", "gnorm": "79.094", "loss_scale": "32", "train_wall": "16", "gb_free": "73.5", "wall": "12338"}
[2026-06-14 00:09:24,102][train_inner][INFO] - {"epoch": 8, "update": 7.81, "loss": "37.606", "nll_loss": "0.693", "total": "179.265", "n_correct": "162.045", "ppl": "1.62", "accuracy": "90.394", "wps": "434.9", "ups": "2.43", "wpb": "179.3", "bsz": "9.6", "num_updates": "24800", "lr": "0.000108953", "gnorm": "77.746", "loss_scale": "32", "train_wall": "16", "gb_free": "73.6", "wall": "12421"}
[2026-06-14 00:10:49,922][train_inner][INFO] - {"epoch": 8, "update": 7.872, "loss": "34.721", "nll_loss": "0.708", "total": "180.045", "n_correct": "162.305", "ppl": "1.63", "accuracy": "90.147", "wps": "419.6", "ups": "2.33", "wpb": "180", "bsz": "10.5", "num_updates": "25000", "lr": "0.000105737", "gnorm": "73.96", "loss_scale": "32", "train_wall": "16", "gb_free": "74", "wall": "12506"}
[2026-06-14 00:12:13,067][train_inner][INFO] - {"epoch": 8, "update": 7.935, "loss": "37.736", "nll_loss": "0.671", "total": "181.265", "n_correct": "164.715", "ppl": "1.59", "accuracy": "90.87", "wps": "436.1", "ups": "2.41", "wpb": "181.3", "bsz": "9.6", "num_updates": "25200", "lr": "0.000102617", "gnorm": "71.88", "loss_scale": "32", "train_wall": "16", "gb_free": "74", "wall": "12589"}
[2026-06-14 00:13:31,991][train_inner][INFO] - {"epoch": 8, "update": 7.998, "loss": "37.179", "nll_loss": "0.677", "total": "177.69", "n_correct": "161.565", "ppl": "1.6", "accuracy": "90.925", "wps": "450.3", "ups": "2.53", "wpb": "177.7", "bsz": "9.6", "num_updates": "25400", "lr": "9.9588e-05", "gnorm": "66.868", "loss_scale": "32", "train_wall": "16", "gb_free": "73.7", "wall": "12668"}
[2026-06-14 00:13:34,077][main][INFO] - begin validation on "valid" subset
[2026-06-14 00:14:20,958][valid][INFO] - {"epoch": 8, "valid_loss": "38.379", "valid_nll_loss": "0.682", "valid_total": "178.205", "valid_n_correct": "161.409", "valid_ppl": "1.6", "valid_accuracy": "90.575", "valid_wps": "486.7", "valid_wpb": "178.2", "valid_bsz": "9.4", "valid_num_updates": "25405", "valid_best_accuracy": "90.575"}
[2026-06-14 00:14:20,959][fairseq.checkpoint_utils][INFO] - Preparing to save checkpoint for epoch 8 @ 25405 updates
[2026-06-14 00:14:20,959][trainer][INFO] - Saving checkpoint to checkpoints/checkpoint_best.pt
[2026-06-14 00:14:24,373][trainer][INFO] - Finished saving checkpoint to checkpoints/checkpoint_best.pt
[2026-06-14 00:14:29,179][fairseq.checkpoint_utils][INFO] - Saved checkpoint checkpoints/checkpoint_best.pt (epoch 8 @ 25405 updates, score 90.575) (writing took 8.219722411013208 seconds)
[2026-06-14 00:14:29,179][main][INFO] - end of epoch 8 (average epoch stats below)
[2026-06-14 00:14:29,189][train][INFO] - {"epoch": 8, "train_loss": "36.993", "train_nll_loss": "0.668", "train_total": "179.794", "train_n_correct": "163.585", "train_ppl": "1.59", "train_accuracy": "90.985", "train_wps": "400.9", "train_ups": "2.23", "train_wpb": "179.8", "train_bsz": "9.7", "train_num_updates": "25405", "train_lr": "9.95134e-05", "train_gnorm": "42.988", "train_loss_scale": "32", "train_train_wall": "212", "train_gb_free": "73.7", "train_wall": "12726"}
[2026-06-14 00:14:29,625][trainer][INFO] - begin training epoch 9
[2026-06-14 00:14:29,626][main][INFO] - Start iterating over samples
[2026-06-14 00:15:46,803][train_inner][INFO] - {"epoch": 9, "update": 8.061, "loss": "37.561", "nll_loss": "0.58", "total": "179.28", "n_correct": "165.72", "ppl": "1.49", "accuracy": "92.436", "wps": "266", "ups": "1.48", "wpb": "179.3", "bsz": "9.2", "num_updates": "25600", "lr": "9.66488e-05", "gnorm": "61.745", "loss_scale": "32", "train_wall": "17", "gb_free": "73.8", "wall": "12803"}
[2026-06-14 00:17:09,701][train_inner][INFO] - {"epoch": 9, "update": 8.124, "loss": "35.444", "nll_loss": "0.585", "total": "178.775", "n_correct": "165.05", "ppl": "1.5", "accuracy": "92.323", "wps": "431.4", "ups": "2.41", "wpb": "178.8", "bsz": "9.7", "num_updates": "25800", "lr": "9.37964e-05", "gnorm": "63.794", "loss_scale": "32", "train_wall": "16", "gb_free": "73.6", "wall": "12886"}
[2026-06-14 00:18:32,537][train_inner][INFO] - {"epoch": 9, "update": 8.187, "loss": "34.917", "nll_loss": "0.592", "total": "179.53", "n_correct": "165.615", "ppl": "1.51", "accuracy": "92.249", "wps": "433.5", "ups": "2.41", "wpb": "179.5", "bsz": "9.9", "num_updates": "26000", "lr": "9.10282e-05", "gnorm": "59.082", "loss_scale": "32", "train_wall": "17", "gb_free": "73.8", "wall": "12969"}
[2026-06-14 00:19:55,948][train_inner][INFO] - {"epoch": 9, "update": 8.25, "loss": "35.548", "nll_loss": "0.572", "total": "176.115", "n_correct": "162.905", "ppl": "1.49", "accuracy": "92.499", "wps": "422.3", "ups": "2.4", "wpb": "176.1", "bsz": "9.5", "num_updates": "26200", "lr": "8.83417e-05", "gnorm": "61.264", "loss_scale": "32", "train_wall": "17", "gb_free": "74", "wall": "13052"}
[2026-06-14 00:21:21,272][train_inner][INFO] - {"epoch": 9, "update": 8.313, "loss": "35.163", "nll_loss": "0.584", "total": "180.37", "n_correct": "166.73", "ppl": "1.5", "accuracy": "92.438", "wps": "422.8", "ups": "2.34", "wpb": "180.4", "bsz": "9.8", "num_updates": "26400", "lr": "8.57345e-05", "gnorm": "59.866", "loss_scale": "32", "train_wall": "17", "gb_free": "74.7", "wall": "13138"}
[2026-06-14 00:22:52,316][train_inner][INFO] - {"epoch": 9, "update": 8.376, "loss": "34.471", "nll_loss": "0.589", "total": "181.005", "n_correct": "166.99", "ppl": "1.5", "accuracy": "92.257", "wps": "397.7", "ups": "2.2", "wpb": "181", "bsz": "10.1", "num_updates": "26600", "lr": "8.32042e-05", "gnorm": "56.452", "loss_scale": "32", "train_wall": "17", "gb_free": "73.8", "wall": "13229"}
[2026-06-14 00:24:19,199][train_inner][INFO] - {"epoch": 9, "update": 8.439, "loss": "36.096", "nll_loss": "0.583", "total": "177.355", "n_correct": "163.98", "ppl": "1.5", "accuracy": "92.459", "wps": "408.3", "ups": "2.3", "wpb": "177.4", "bsz": "9.4", "num_updates": "26800", "lr": "8.07486e-05", "gnorm": "62.658", "loss_scale": "32", "train_wall": "17", "gb_free": "73.6", "wall": "13316"}
[2026-06-14 00:25:45,376][train_inner][INFO] - {"epoch": 9, "update": 8.502, "loss": "36.576", "nll_loss": "0.588", "total": "178.47", "n_correct": "164.505", "ppl": "1.5", "accuracy": "92.175", "wps": "414.3", "ups": "2.32", "wpb": "178.5", "bsz": "9.4", "num_updates": "27000", "lr": "7.83654e-05", "gnorm": "62.1", "loss_scale": "32", "train_wall": "17", "gb_free": "73.8", "wall": "13402"}
[2026-06-14 00:27:22,060][train_inner][INFO] - {"epoch": 9, "update": 8.565, "loss": "34.46", "nll_loss": "0.589", "total": "181.27", "n_correct": "167.53", "ppl": "1.5", "accuracy": "92.42", "wps": "375", "ups": "2.07", "wpb": "181.3", "bsz": "10.1", "num_updates": "27200", "lr": "7.60526e-05", "gnorm": "59.727", "loss_scale": "32", "train_wall": "17", "gb_free": "74.7", "wall": "13498"}
[2026-06-14 00:28:59,282][train_inner][INFO] - {"epoch": 9, "update": 8.628, "loss": "33.119", "nll_loss": "0.589", "total": "181.19", "n_correct": "167.31", "ppl": "1.5", "accuracy": "92.34", "wps": "372.8", "ups": "2.06", "wpb": "181.2", "bsz": "10.5", "num_updates": "27400", "lr": "7.38081e-05", "gnorm": "55.101", "loss_scale": "32", "train_wall": "17", "gb_free": "74", "wall": "13596"}
[2026-06-14 00:30:32,426][train_inner][INFO] - {"epoch": 9, "update": 8.691, "loss": "37.88", "nll_loss": "0.568", "total": "180.09", "n_correct": "166.955", "ppl": "1.48", "accuracy": "92.706", "wps": "386.7", "ups": "2.15", "wpb": "180.1", "bsz": "9.1", "num_updates": "27600", "lr": "7.16298e-05", "gnorm": "59.398", "loss_scale": "32", "train_wall": "18", "gb_free": "73.5", "wall": "13689"}
[2026-06-14 00:32:12,691][train_inner][INFO] - {"epoch": 9, "update": 8.754, "loss": "33.556", "nll_loss": "0.577", "total": "180.775", "n_correct": "167.335", "ppl": "1.49", "accuracy": "92.565", "wps": "360.6", "ups": "1.99", "wpb": "180.8", "bsz": "10.3", "num_updates": "27800", "lr": "6.95158e-05", "gnorm": "56.568", "loss_scale": "32", "train_wall": "18", "gb_free": "73.6", "wall": "13789"}
[2026-06-14 00:33:51,181][train_inner][INFO] - {"epoch": 9, "update": 8.817, "loss": "34.772", "nll_loss": "0.575", "total": "181.72", "n_correct": "168.45", "ppl": "1.49", "accuracy": "92.698", "wps": "369", "ups": "2.03", "wpb": "181.7", "bsz": "10", "num_updates": "28000", "lr": "6.74641e-05", "gnorm": "57.926", "loss_scale": "32", "train_wall": "18", "gb_free": "73.6", "wall": "13888"}
[2026-06-14 00:35:40,677][train_inner][INFO] - {"epoch": 9, "update": 8.88, "loss": "34.187", "nll_loss": "0.583", "total": "178.56", "n_correct": "165.32", "ppl": "1.5", "accuracy": "92.585", "wps": "326.2", "ups": "1.83", "wpb": "178.6", "bsz": "10", "num_updates": "28200", "lr": "6.54731e-05", "gnorm": "57.09", "loss_scale": "32", "train_wall": "18", "gb_free": "74", "wall": "13997"}
[2026-06-14 00:37:21,040][train_inner][INFO] - {"epoch": 9, "update": 8.943, "loss": "37.051", "nll_loss": "0.539", "total": "182.72", "n_correct": "170.45", "ppl": "1.45", "accuracy": "93.285", "wps": "364.2", "ups": "1.99", "wpb": "182.7", "bsz": "9.3", "num_updates": "28400", "lr": "6.35408e-05", "gnorm": "58.697", "loss_scale": "32", "train_wall": "18", "gb_free": "73.5", "wall": "14097"}
[2026-06-14 00:41:00,273][main][INFO] - end of epoch 9 (average epoch stats below)
[2026-06-14 00:41:00,305][train][INFO] - {"epoch": 9, "train_loss": "35.503", "train_nll_loss": "0.58", "train_total": "179.799", "train_n_correct": "166.311", "train_ppl": "1.49", "train_accuracy": "92.499", "train_wps": "358.9", "train_ups": "2", "train_wpb": "179.8", "train_bsz": "9.7", "train_num_updates": "28581", "train_lr": "6.18412e-05", "train_gnorm": "59.413", "train_loss_scale": "32", "train_train_wall": "276", "train_gb_free": "73.4", "train_wall": "14317"}
[2026-06-14 00:41:01,509][trainer][INFO] - begin training epoch 10
[2026-06-14 00:41:01,509][main][INFO] - Start iterating over samples
[2026-06-14 00:41:22,686][train_inner][INFO] - {"epoch": 10, "update": 9.006, "loss": "38.174", "nll_loss": "0.572", "total": "179.855", "n_correct": "166.745", "ppl": "1.49", "accuracy": "92.711", "wps": "148.9", "ups": "0.83", "wpb": "179.9", "bsz": "9", "num_updates": "28600", "lr": "6.16655e-05", "gnorm": "58.157", "loss_scale": "32", "train_wall": "20", "gb_free": "73.8", "wall": "14339"}
[2026-06-14 00:45:00,812][train_inner][INFO] - {"epoch": 10, "update": 9.069, "loss": "33.556", "nll_loss": "0.488", "total": "183.5", "n_correct": "173.045", "ppl": "1.4", "accuracy": "94.302", "wps": "168.3", "ups": "0.92", "wpb": "183.5", "bsz": "10", "num_updates": "28800", "lr": "5.98455e-05", "gnorm": "45.33", "loss_scale": "32", "train_wall": "21", "gb_free": "73.9", "wall": "14557"}
[2026-06-14 00:47:59,933][train_inner][INFO] - {"epoch": 10, "update": 9.132, "loss": "34.348", "nll_loss": "0.482", "total": "176.545", "n_correct": "166.62", "ppl": "1.4", "accuracy": "94.378", "wps": "197.1", "ups": "1.12", "wpb": "176.5", "bsz": "9.4", "num_updates": "29000", "lr": "5.80793e-05", "gnorm": "47.94", "loss_scale": "32", "train_wall": "20", "gb_free": "74.1", "wall": "14736"}
[2026-06-14 00:51:41,219][train_inner][INFO] - {"epoch": 10, "update": 9.195, "loss": "34.742", "nll_loss": "0.49", "total": "179.705", "n_correct": "169.34", "ppl": "1.4", "accuracy": "94.232", "wps": "162.4", "ups": "0.9", "wpb": "179.7", "bsz": "9.5", "num_updates": "29200", "lr": "5.63652e-05", "gnorm": "50.579", "loss_scale": "32", "train_wall": "20", "gb_free": "74.5", "wall": "14958"}
[2026-06-14 00:54:28,894][train_inner][INFO] - {"epoch": 10, "update": 9.258, "loss": "35.231", "nll_loss": "0.481", "total": "178.255", "n_correct": "168.115", "ppl": "1.4", "accuracy": "94.312", "wps": "212.6", "ups": "1.19", "wpb": "178.3", "bsz": "9.2", "num_updates": "29400", "lr": "5.47017e-05", "gnorm": "44.56", "loss_scale": "32", "train_wall": "19", "gb_free": "73.7", "wall": "15125"}
[2026-06-14 00:58:11,379][train_inner][INFO] - {"epoch": 10, "update": 9.321, "loss": "34.987", "nll_loss": "0.482", "total": "181.02", "n_correct": "170.77", "ppl": "1.4", "accuracy": "94.338", "wps": "162.7", "ups": "0.9", "wpb": "181", "bsz": "9.5", "num_updates": "29600", "lr": "5.30873e-05", "gnorm": "46.053", "loss_scale": "32", "train_wall": "20", "gb_free": "74.9", "wall": "15348"}
[2026-06-14 01:01:08,641][train_inner][INFO] - {"epoch": 10, "update": 9.384, "loss": "32.089", "nll_loss": "0.505", "total": "182.265", "n_correct": "171.21", "ppl": "1.42", "accuracy": "93.935", "wps": "205.7", "ups": "1.13", "wpb": "182.3", "bsz": "10.5", "num_updates": "29800", "lr": "5.15205e-05", "gnorm": "49.05", "loss_scale": "32", "train_wall": "19", "gb_free": "73.7", "wall": "15525"}
[2026-06-14 01:05:02,607][train_inner][INFO] - {"epoch": 10, "update": 9.447, "loss": "33.308", "nll_loss": "0.467", "total": "179.715", "n_correct": "170.33", "ppl": "1.38", "accuracy": "94.778", "wps": "153.6", "ups": "0.85", "wpb": "179.7", "bsz": "9.8", "num_updates": "30000", "lr": "5e-05", "gnorm": "48.189", "loss_scale": "32", "train_wall": "20", "gb_free": "73.6", "wall": "15759"}
[2026-06-14 01:05:02,608][main][INFO] - Stopping training due to num_updates: 30000 >= max_update: 30000
[2026-06-14 01:05:02,608][main][INFO] - begin validation on "valid" subset
[2026-06-14 01:06:18,127][valid][INFO] - {"epoch": 10, "valid_loss": "37.43", "valid_nll_loss": "0.632", "valid_total": "178.205", "valid_n_correct": "162.74", "valid_ppl": "1.55", "valid_accuracy": "91.322", "valid_wps": "304", "valid_wpb": "178.2", "valid_bsz": "9.4", "valid_num_updates": "30000", "valid_best_accuracy": "91.322"}
[2026-06-14 01:06:18,131][fairseq.checkpoint_utils][INFO] - Preparing to save checkpoint for epoch 10 @ 30000 updates
[2026-06-14 01:06:18,131][trainer][INFO] - Saving checkpoint to checkpoints/checkpoint_best.pt
[2026-06-14 01:06:22,675][trainer][INFO] - Finished saving checkpoint to checkpoints/checkpoint_best.pt
[2026-06-14 01:06:28,009][fairseq.checkpoint_utils][INFO] - Saved checkpoint checkpoints/checkpoint_best.pt (epoch 10 @ 30000 updates, score 91.322) (writing took 9.877751542022452 seconds)
[2026-06-14 01:06:28,010][main][INFO] - end of epoch 10 (average epoch stats below)
[2026-06-14 01:06:28,020][train][INFO] - {"epoch": 10, "train_loss": "34.006", "train_nll_loss": "0.485", "train_total": "180.173", "train_n_correct": "169.957", "train_ppl": "1.4", "train_accuracy": "94.33", "train_wps": "167.4", "train_ups": "0.93", "train_wpb": "180.2", "train_bsz": "9.7", "train_num_updates": "30000", "train_lr": "5e-05", "train_gnorm": "47.4", "train_loss_scale": "32", "train_train_wall": "141", "train_gb_free": "73.6", "train_wall": "15844"}
[2026-06-14 01:06:28,021][main][INFO] - done training in 15843.5 seconds
