/base/project/AudioVideo2Txt/main.py:27: UserWarning: 
The version_base parameter is not specified.
Please specify a compatability version level, or None.
Will assume defaults for version 1.1
  @hydra.main(config_path="configs", config_name="video2text")
/opt/conda/envs/rzd/lib/python3.10/site-packages/hydra/core/default_element.py:124: UserWarning: In 'audiovideo2text.yaml': Usage of deprecated keyword in package header '# @package _group_'.
See https://hydra.cc/docs/1.2/upgrades/1.0_to_1.1/changes_to_package_header for more information
  deprecation_warning(
sys:1: UserWarning: 
'audiovideo2text.yaml' is validated against ConfigStore schema with the same name.
This behavior is deprecated in Hydra 1.1 and will be removed in Hydra 1.2.
See https://hydra.cc/docs/1.2/upgrades/1.0_to_1.1/automatic_schema_matching for migration instructions.
/opt/conda/envs/rzd/lib/python3.10/site-packages/hydra/main.py:94: UserWarning: 
'audiovideo2text.yaml' is validated against ConfigStore schema with the same name.
This behavior is deprecated in Hydra 1.1 and will be removed in Hydra 1.2.
See https://hydra.cc/docs/1.2/upgrades/1.0_to_1.1/automatic_schema_matching for migration instructions.
  _run_hydra(
/opt/conda/envs/rzd/lib/python3.10/site-packages/hydra/_internal/hydra.py:119: UserWarning: Future Hydra versions will no longer change working directory at job runtime by default.
See https://hydra.cc/docs/1.2/upgrades/1.1_to_1.2/changes_to_job_working_dir/ for more information.
  ret = run_job(
[2026-06-13 19:37:10,902][main][INFO] - {'_name': None, 'common': {'_name': None, 'no_progress_bar': False, 'log_interval': 200, 'log_format': json, 'log_file': None, 'tensorboard_logdir': 'tblog', 'wandb_project': None, 'azureml_logging': False, 'seed': 1337, 'cpu': False, 'tpu': False, 'bf16': False, 'memory_efficient_bf16': False, 'fp16': True, 'memory_efficient_fp16': False, 'fp16_no_flatten_grads': False, 'fp16_init_scale': 128, 'fp16_scale_window': None, 'fp16_scale_tolerance': 0.0, 'on_cpu_convert_precision': False, 'min_loss_scale': 0.0001, 'threshold_loss_scale': None, 'amp': False, 'amp_batch_retries': 2, 'amp_init_scale': 128, 'amp_scale_window': None, 'user_dir': '/base/project/AudioVideo2Txt', 'empty_cache_freq': 0, 'all_gather_list_size': 16384, 'model_parallel_size': 1, 'quantization_config_path': None, 'profile': False, 'reset_logging': False, 'suppress_crashes': False, 'use_plasma_view': False, 'plasma_path': '/tmp/plasma'}, 'common_eval': {'_name': None, 'path': None, 'post_process': None, 'quiet': False, 'model_overrides': '{}', 'results_path': None}, 'distributed_training': {'_name': None, 'distributed_world_size': 1, 'distributed_num_procs': 1, 'distributed_rank': 0, 'distributed_backend': 'nccl', 'distributed_init_method': None, 'distributed_port': -1, 'device_id': 0, 'distributed_no_spawn': False, 'ddp_backend': c10d, 'ddp_comm_hook': none, 'bucket_cap_mb': 25, 'fix_batches_to_gpus': False, 'find_unused_parameters': True, 'fast_stat_sync': False, 'heartbeat_timeout': -1, 'broadcast_buffers': False, 'slowmo_momentum': None, 'slowmo_algorithm': 'LocalSGD', 'localsgd_frequency': 3, 'nprocs_per_node': 1, 'pipeline_model_parallel': False, 'pipeline_balance': None, 'pipeline_devices': None, 'pipeline_chunks': 0, 'pipeline_encoder_balance': None, 'pipeline_encoder_devices': None, 'pipeline_decoder_balance': None, 'pipeline_decoder_devices': None, 'pipeline_checkpoint': never, 'zero_sharding': none, 'fp16': '${common.fp16}', 'memory_efficient_fp16': '${common.memory_efficient_fp16}', 'tpu': '${common.tpu}', 'no_reshard_after_forward': False, 'fp32_reduce_scatter': False, 'cpu_offload': False, 'use_sharded_state': False}, 'dataset': {'_name': None, 'num_workers': 0, 'skip_invalid_size_inputs_valid_test': False, 'max_tokens': 1000, 'batch_size': None, 'required_batch_size_multiple': 8, 'required_seq_len_multiple': 1, 'dataset_impl': None, 'data_buffer_size': 10, 'train_subset': 'train', 'valid_subset': 'valid', 'combine_valid_subsets': None, 'ignore_unused_valid_subsets': False, 'validate_interval': 2, 'validate_interval_updates': 0, 'validate_after_updates': 0, 'fixed_validation_seed': None, 'disable_validation': False, 'max_tokens_valid': '${dataset.max_tokens}', 'batch_size_valid': '${dataset.batch_size}', 'max_valid_steps': None, 'curriculum': 0, 'gen_subset': 'test', 'num_shards': 1, 'shard_id': 0}, 'optimization': {'_name': None, 'max_epoch': 0, 'max_update': 30000, 'stop_time_hours': 0.0, 'clip_norm': 0.0, 'sentence_avg': True, 'update_freq': [1], 'lr': [0.001], 'stop_min_lr': -1.0, 'use_bmuf': False}, 'checkpoint': {'_name': None, 'save_dir': 'checkpoints', 'restore_file': 'checkpoint_last.pt', 'finetune_from_model': None, 'reset_dataloader': False, 'reset_lr_scheduler': False, 'reset_meters': False, 'reset_optimizer': False, 'optimizer_overrides': '{}', 'save_interval': 2, 'save_interval_updates': 0, 'keep_interval_updates': 1, 'keep_interval_updates_pattern': -1, 'keep_last_epochs': -1, 'keep_best_checkpoints': -1, 'no_save': False, 'no_epoch_checkpoints': True, 'no_last_checkpoints': False, 'no_save_optimizer_state': False, 'best_checkpoint_metric': 'accuracy', 'maximize_best_checkpoint_metric': True, 'patience': -1, 'checkpoint_suffix': '', 'checkpoint_shard_count': 1, 'load_checkpoint_on_all_dp_ranks': False, 'write_checkpoints_asynchronously': False, 'model_parallel_size': '${common.model_parallel_size}'}, 'bmuf': {'_name': None, 'block_lr': 1.0, 'block_momentum': 0.875, 'global_sync_iter': 50, 'warmup_iterations': 500, 'use_nbm': False, 'average_sync': False, 'distributed_world_size': '${distributed_training.distributed_world_size}'}, 'generation': {'_name': None, 'beam': 5, 'nbest': 1, 'max_len_a': 0.0, 'max_len_b': 200, 'min_len': 1, 'match_source_len': False, 'unnormalized': False, 'no_early_stop': False, 'no_beamable_mm': False, 'lenpen': 1.0, 'unkpen': 0.0, 'replace_unk': None, 'sacrebleu': False, 'score_reference': False, 'prefix_size': 0, 'no_repeat_ngram_size': 0, 'sampling': False, 'sampling_topk': -1, 'sampling_topp': -1.0, 'constraints': None, 'temperature': 1.0, 'diverse_beam_groups': -1, 'diverse_beam_strength': 0.5, 'diversity_rate': -1.0, 'print_alignment': None, 'print_step': False, 'lm_path': None, 'lm_weight': 0.0, 'iter_decode_eos_penalty': 0.0, 'iter_decode_max_iter': 10, 'iter_decode_force_max_iter': False, 'iter_decode_with_beam': 1, 'iter_decode_with_external_reranker': False, 'retain_iter_history': False, 'retain_dropout': False, 'retain_dropout_modules': None, 'decoding_format': None, 'no_seed_provided': False}, 'eval_lm': {'_name': None, 'output_word_probs': False, 'output_word_stats': False, 'context_window': 0, 'softmax_batch': 9223372036854775807}, 'interactive': {'_name': None, 'buffer_size': 0, 'input': '-'}, 'task': {'_name': 'av_hubert_pretraining', 'data': '/data2/final_project_data/30h_data', 'labels': ['wrd'], 'label_dir': '/data2/final_project_data/30h_data', 'label_rate': -1, 'sample_rate': 16000, 'normalize': True, 'enable_padding': False, 'max_sample_size': 500, 'min_sample_size': None, 'max_trim_sample_size': '${task.max_sample_size}', 'single_target': True, 'random_crop': False, 'pad_audio': True, 'pdb': False, 'stack_order_audio': 4, 'skip_verify': False, 'image_aug': True, 'image_crop_size': 88, 'image_mean': 0.421, 'image_std': 0.165, 'modalities': ['video', 'audio'], 'is_s2s': True, 'tokenizer_bpe_name': 'sentencepiece', 'tokenizer_bpe_model': '/data2/final_project_data/spm1000/spm_unigram1000.model', 'fine_tuning': True}, 'model': {'_name': 'av_hubert_seq2seq', 'pretrained_path': '/data2/final_project_ckpt/pretrained_model.pth', 'apply_mask': False, 'mask_selection': 'static', 'mask_length': 10, 'mask_other': 0, 'mask_prob': 0.75, 'mask_channel_selection': 'static', 'mask_channel_length': 64, 'mask_channel_other': 0, 'mask_channel_prob': 0.5, 'layerdrop': 0.1, 'dropout': 0.0, 'activation_dropout': 0.1, 'attention_dropout': 0.0, 'feature_grad_mult': 1.0, 'modality_fuse': 'concat', 'modality_dropout': 0.01, 'audio_dropout': 0.3, 'modality_dropout_mode': 'span', 'modality_dropout_span_min': 10, 'modality_dropout_span_max': 30, 'decoder_layers': 6, 'decoder_dropout': 0.1, 'decoder_attention_dropout': 0.0, 'decoder_activation_dropout': 0.1, 'freeze_finetune_updates': 24000, 'share_decoder_input_output_embed': True, 'decoder_normalize_before': True}, 'criterion': {'_name': 'label_smoothed_cross_entropy', 'report_accuracy': True, 'label_smoothing': 0.1, 'focal_gamma': 0.0, 'confidence_penalty': 0.0, 'ignore_prefix_size': 0, 'sentence_avg': '${optimization.sentence_avg}'}, 'optimizer': {'_name': 'adam', 'adam_betas': '(0.9,0.98)', 'adam_eps': 1e-08, 'weight_decay': 0.0, "use_old_adam'": False, 'tpu': '${common.tpu}', 'lr': '${optimization.lr}'}, 'lr_scheduler': {'_name': 'tri_stage', 'warmup_steps': 10000, 'hold_steps': 0, 'decay_steps': 20000, 'final_lr_scale': 0.05, 'phase_ratio': '???', 'init_lr_scale': 0.01, 'max_update': '${optimization.max_update}', 'lr': '${optimization.lr}'}, 'scoring': None, 'bpe': None, 'tokenizer': None}
[2026-06-13 19:37:11,709][models.encoder_backbone][INFO] - EncoderBackbone Config: {'_name': 'av_hubert', 'label_rate': 25, 'input_modality': '${task.input_modality}', 'extractor_mode': default, 'encoder_layers': 12, 'encoder_embed_dim': 768, 'encoder_ffn_embed_dim': 3072, 'encoder_attention_heads': 12, 'activation_fn': gelu, 'dropout': 0.0, 'attention_dropout': 0.0, 'activation_dropout': 0.1, 'encoder_layerdrop': 0.1, 'dropout_input': 0.0, 'dropout_features': 0.1, 'final_dim': 256, 'untie_final_proj': True, 'layer_norm_first': True, 'conv_feature_layers': '[(512,10,5)] + [(512,3,2)] * 4 + [(512,2,2)] * 2', 'conv_bias': False, 'logit_temp': 0.1, 'target_glu': False, 'feature_grad_mult': 1.0, 'mask_length_audio': 10, 'mask_prob_audio': 0.8, 'mask_length_image': 5, 'mask_prob_image': 0.3, 'mask_selection': static, 'mask_other': 0.0, 'no_mask_overlap': False, 'mask_min_space': 1, 'mask_channel_length': 64, 'mask_channel_prob': 0.5, 'mask_channel_selection': static, 'mask_channel_other': 0.0, 'no_mask_channel_overlap': False, 'mask_channel_min_space': 1, 'conv_pos': 128, 'conv_pos_groups': 16, 'latent_temp': [2.0, 0.5, 0.999995], 'skip_masked': False, 'skip_nomask': False, 'resnet_relu_type': 'prelu', 'resnet_weights': None, 'sim_type': 'cosine', 'sub_encoder_layers': 0, 'audio_feat_dim': 104, 'modality_dropout': 0.01, 'audio_dropout': 0.3, 'modality_dropout_mode': 'span', 'modality_dropout_span_min': 10, 'modality_dropout_span_max': 30, 'modality_fuse': 'concat', 'selection_type': 'same_seq', 'masking_type': 'input', 'decoder_embed_dim': 768, 'decoder_ffn_embed_dim': 3072, 'decoder_layers': 6, 'decoder_layerdrop': 0.0, 'decoder_attention_heads': 4, 'decoder_learned_pos': False, 'decoder_normalize_before': False, 'no_token_positional_embeddings': False, 'decoder_dropout': 0.1, 'decoder_attention_dropout': 0.1, 'decoder_activation_dropout': 0.0, 'max_target_positions': 2048, 'share_decoder_input_output_embed': False, 'no_scale_embedding': True, 'apply_mask': False, 'mask_prob': 0.75, 'mask_length': 10}
/opt/conda/envs/rzd/lib/python3.10/site-packages/torch/nn/utils/weight_norm.py:30: UserWarning: torch.nn.utils.weight_norm is deprecated in favor of torch.nn.utils.parametrizations.weight_norm.
  warnings.warn("torch.nn.utils.weight_norm is deprecated in favor of torch.nn.utils.parametrizations.weight_norm.")
[2026-06-13 19:37:12,964][models.audio_video_model][INFO] - _IncompatibleKeys(missing_keys=[], unexpected_keys=['mask_emb', 'label_embs_concat', 'final_proj.weight', 'final_proj.bias'])
[2026-06-13 19:37:13,589][main][INFO] - AudioVideoModel(
  (encoder): EncoderBackboneWrapper(
    (pretrained_model): EncoderBackbone(
      (feature_extractor_audio): AudioEncoder(
        (proj): Linear(in_features=104, out_features=768, bias=True)
      )
      (feature_extractor_video): ResEncoder(
        (frontend3D): Sequential(
          (0): Conv3d(1, 64, kernel_size=(5, 7, 7), stride=(1, 2, 2), padding=(2, 3, 3), bias=False)
          (1): BatchNorm3d(64, eps=1e-05, momentum=0.1, affine=True, track_running_stats=True)
          (2): PReLU(num_parameters=64)
          (3): MaxPool3d(kernel_size=(1, 3, 3), stride=(1, 2, 2), padding=(0, 1, 1), dilation=1, ceil_mode=False)
        )
        (trunk): ResNet(
          (layer1): Sequential(
            (0): BasicBlock(
              (conv1): Conv2d(64, 64, kernel_size=(3, 3), stride=(1, 1), padding=(1, 1), bias=False)
              (bn1): BatchNorm2d(64, eps=1e-05, momentum=0.1, affine=True, track_running_stats=True)
              (relu1): PReLU(num_parameters=64)
              (conv2): Conv2d(64, 64, kernel_size=(3, 3), stride=(1, 1), padding=(1, 1), bias=False)
              (bn2): BatchNorm2d(64, eps=1e-05, momentum=0.1, affine=True, track_running_stats=True)
              (relu2): PReLU(num_parameters=64)
            )
            (1): BasicBlock(
              (conv1): Conv2d(64, 64, kernel_size=(3, 3), stride=(1, 1), padding=(1, 1), bias=False)
              (bn1): BatchNorm2d(64, eps=1e-05, momentum=0.1, affine=True, track_running_stats=True)
              (relu1): PReLU(num_parameters=64)
              (conv2): Conv2d(64, 64, kernel_size=(3, 3), stride=(1, 1), padding=(1, 1), bias=False)
              (bn2): BatchNorm2d(64, eps=1e-05, momentum=0.1, affine=True, track_running_stats=True)
              (relu2): PReLU(num_parameters=64)
            )
          )
          (layer2): Sequential(
            (0): BasicBlock(
              (conv1): Conv2d(64, 128, kernel_size=(3, 3), stride=(2, 2), padding=(1, 1), bias=False)
              (bn1): BatchNorm2d(128, eps=1e-05, momentum=0.1, affine=True, track_running_stats=True)
              (relu1): PReLU(num_parameters=128)
              (conv2): Conv2d(128, 128, kernel_size=(3, 3), stride=(1, 1), padding=(1, 1), bias=False)
              (bn2): BatchNorm2d(128, eps=1e-05, momentum=0.1, affine=True, track_running_stats=True)
              (relu2): PReLU(num_parameters=128)
              (downsample): Sequential(
                (0): Conv2d(64, 128, kernel_size=(1, 1), stride=(2, 2), bias=False)
                (1): BatchNorm2d(128, eps=1e-05, momentum=0.1, affine=True, track_running_stats=True)
              )
            )
            (1): BasicBlock(
              (conv1): Conv2d(128, 128, kernel_size=(3, 3), stride=(1, 1), padding=(1, 1), bias=False)
              (bn1): BatchNorm2d(128, eps=1e-05, momentum=0.1, affine=True, track_running_stats=True)
              (relu1): PReLU(num_parameters=128)
              (conv2): Conv2d(128, 128, kernel_size=(3, 3), stride=(1, 1), padding=(1, 1), bias=False)
              (bn2): BatchNorm2d(128, eps=1e-05, momentum=0.1, affine=True, track_running_stats=True)
              (relu2): PReLU(num_parameters=128)
            )
          )
          (layer3): Sequential(
            (0): BasicBlock(
              (conv1): Conv2d(128, 256, kernel_size=(3, 3), stride=(2, 2), padding=(1, 1), bias=False)
              (bn1): BatchNorm2d(256, eps=1e-05, momentum=0.1, affine=True, track_running_stats=True)
              (relu1): PReLU(num_parameters=256)
              (conv2): Conv2d(256, 256, kernel_size=(3, 3), stride=(1, 1), padding=(1, 1), bias=False)
              (bn2): BatchNorm2d(256, eps=1e-05, momentum=0.1, affine=True, track_running_stats=True)
              (relu2): PReLU(num_parameters=256)
              (downsample): Sequential(
                (0): Conv2d(128, 256, kernel_size=(1, 1), stride=(2, 2), bias=False)
                (1): BatchNorm2d(256, eps=1e-05, momentum=0.1, affine=True, track_running_stats=True)
              )
            )
            (1): BasicBlock(
              (conv1): Conv2d(256, 256, kernel_size=(3, 3), stride=(1, 1), padding=(1, 1), bias=False)
              (bn1): BatchNorm2d(256, eps=1e-05, momentum=0.1, affine=True, track_running_stats=True)
              (relu1): PReLU(num_parameters=256)
              (conv2): Conv2d(256, 256, kernel_size=(3, 3), stride=(1, 1), padding=(1, 1), bias=False)
              (bn2): BatchNorm2d(256, eps=1e-05, momentum=0.1, affine=True, track_running_stats=True)
              (relu2): PReLU(num_parameters=256)
            )
          )
          (layer4): Sequential(
            (0): BasicBlock(
              (conv1): Conv2d(256, 512, kernel_size=(3, 3), stride=(2, 2), padding=(1, 1), bias=False)
              (bn1): BatchNorm2d(512, eps=1e-05, momentum=0.1, affine=True, track_running_stats=True)
              (relu1): PReLU(num_parameters=512)
              (conv2): Conv2d(512, 512, kernel_size=(3, 3), stride=(1, 1), padding=(1, 1), bias=False)
              (bn2): BatchNorm2d(512, eps=1e-05, momentum=0.1, affine=True, track_running_stats=True)
              (relu2): PReLU(num_parameters=512)
              (downsample): Sequential(
                (0): Conv2d(256, 512, kernel_size=(1, 1), stride=(2, 2), bias=False)
                (1): BatchNorm2d(512, eps=1e-05, momentum=0.1, affine=True, track_running_stats=True)
              )
            )
            (1): BasicBlock(
              (conv1): Conv2d(512, 512, kernel_size=(3, 3), stride=(1, 1), padding=(1, 1), bias=False)
              (bn1): BatchNorm2d(512, eps=1e-05, momentum=0.1, affine=True, track_running_stats=True)
              (relu1): PReLU(num_parameters=512)
              (conv2): Conv2d(512, 512, kernel_size=(3, 3), stride=(1, 1), padding=(1, 1), bias=False)
              (bn2): BatchNorm2d(512, eps=1e-05, momentum=0.1, affine=True, track_running_stats=True)
              (relu2): PReLU(num_parameters=512)
            )
          )
          (avgpool): AdaptiveAvgPool2d(output_size=1)
        )
        (proj): Linear(in_features=512, out_features=768, bias=True)
      )
      (post_extract_proj): Linear(in_features=1536, out_features=768, bias=True)
      (encoder): TransformerEncoder(
        (pos_conv): Sequential(
          (0): Conv1d(768, 768, kernel_size=(128,), stride=(1,), padding=(64,), groups=16)
          (1): SamePad()
          (2): GELU(approximate='none')
        )
        (layers): ModuleList(
          (0-11): 12 x TransformerSentenceEncoderLayer(
            (self_attn): MultiheadAttention(
              (dropout_module): Dropout(p=0.0, inplace=False)
              (k_proj): Linear(in_features=768, out_features=768, bias=True)
              (v_proj): Linear(in_features=768, out_features=768, bias=True)
              (q_proj): Linear(in_features=768, out_features=768, bias=True)
              (out_proj): Linear(in_features=768, out_features=768, bias=True)
            )
            (dropout1): Dropout(p=0.0, inplace=False)
            (dropout2): Dropout(p=0.1, inplace=False)
            (dropout3): Dropout(p=0.0, inplace=False)
            (self_attn_layer_norm): LayerNorm((768,), eps=1e-05, elementwise_affine=True)
            (fc1): Linear(in_features=768, out_features=3072, bias=True)
            (fc2): Linear(in_features=3072, out_features=768, bias=True)
            (final_layer_norm): LayerNorm((768,), eps=1e-05, elementwise_affine=True)
          )
        )
        (layer_norm): LayerNorm((768,), eps=1e-05, elementwise_affine=True)
      )
      (layer_norm): LayerNorm((1536,), eps=1e-05, elementwise_affine=True)
      (dropout_input): Dropout(p=0.0, inplace=False)
      (dropout_features): Dropout(p=0.1, inplace=False)
    )
  )
  (decoder): TransformerDecoder(
    (embed_tokens): Embedding(1000, 768, padding_idx=1)
    (embed_positions): SinusoidalPositionalEmbedding()
    (layers): ModuleList(
      (0-5): 6 x TransformerDecoderLayer(
        (dropout_module): Dropout(p=0.1, inplace=False)
        (self_attn): MultiheadAttention(
          (dropout_module): Dropout(p=0.0, inplace=False)
          (k_proj): Linear(in_features=768, out_features=768, bias=True)
          (v_proj): Linear(in_features=768, out_features=768, bias=True)
          (q_proj): Linear(in_features=768, out_features=768, bias=True)
          (out_proj): Linear(in_features=768, out_features=768, bias=True)
        )
        (activation_dropout_module): Dropout(p=0.1, inplace=False)
        (self_attn_layer_norm): LayerNorm((768,), eps=1e-05, elementwise_affine=True)
        (encoder_attn): MultiheadAttention(
          (dropout_module): Dropout(p=0.0, inplace=False)
          (k_proj): Linear(in_features=768, out_features=768, bias=True)
          (v_proj): Linear(in_features=768, out_features=768, bias=True)
          (q_proj): Linear(in_features=768, out_features=768, bias=True)
          (out_proj): Linear(in_features=768, out_features=768, bias=True)
        )
        (encoder_attn_layer_norm): LayerNorm((768,), eps=1e-05, elementwise_affine=True)
        (fc1): Linear(in_features=768, out_features=3072, bias=True)
        (fc2): Linear(in_features=3072, out_features=768, bias=True)
        (final_layer_norm): LayerNorm((768,), eps=1e-05, elementwise_affine=True)
      )
    )
    (layer_norm): LayerNorm((768,), eps=1e-05, elementwise_affine=True)
  )
)
[2026-06-13 19:37:13,593][main][INFO] - model: AudioVideoModel
[2026-06-13 19:37:13,593][main][INFO] - criterion: LabelSmoothedCrossEntropyCriterion
[2026-06-13 19:37:13,596][main][INFO] - num. shared model params: 160,100,480 (num. trained: 160,100,480)
[2026-06-13 19:37:13,597][main][INFO] - num. expert model params: 0 (num. trained: 0)
[2026-06-13 19:37:13,597][dataset][INFO] - Using tokenizer
[2026-06-13 19:37:13,671][dataset][INFO] - max_keep=500, min_keep=None, loaded 30782, skipped 0 short and 0 long and 0 unaligned, longest-loaded=155, shortest-loaded=12
[2026-06-13 19:37:13,672][dataset][INFO] - image transform: Compose(
    Normalize(mean=0.0, std=255.0)
    RandomCrop(size=(88, 88))
    <utils.model_utils.HorizontalFlip object at 0x7f2c67129000>
    Normalize(mean=0.421, std=0.165)
)
[2026-06-13 19:37:13,686][dataset][INFO] - pad_audio=True, random_crop=False, normalize=True, max_sample_size=500, seqs2seq data=True,
[2026-06-13 19:37:13,686][dataset][INFO] - Using tokenizer
[2026-06-13 19:37:13,693][dataset][INFO] - max_keep=500, min_keep=None, loaded 1200, skipped 0 short and 0 long and 0 unaligned, longest-loaded=155, shortest-loaded=17
[2026-06-13 19:37:13,693][dataset][INFO] - image transform: Compose(
    Normalize(mean=0.0, std=255.0)
    <utils.model_utils.CenterCrop object at 0x7f2c66f685b0>
    Normalize(mean=0.421, std=0.165)
)
[2026-06-13 19:37:13,695][dataset][INFO] - pad_audio=True, random_crop=False, normalize=True, max_sample_size=500, seqs2seq data=True,
[2026-06-13 19:37:14,731][trainer][INFO] - detected shared parameter: encoder.pretrained_model.feature_extractor_video.frontend3D.0.bias <- encoder.pretrained_model.feature_extractor_video.trunk.layer1.0.conv1.bias
[2026-06-13 19:37:14,731][trainer][INFO] - detected shared parameter: encoder.pretrained_model.feature_extractor_video.frontend3D.0.bias <- encoder.pretrained_model.feature_extractor_video.trunk.layer1.0.conv2.bias
[2026-06-13 19:37:14,731][trainer][INFO] - detected shared parameter: encoder.pretrained_model.feature_extractor_video.frontend3D.0.bias <- encoder.pretrained_model.feature_extractor_video.trunk.layer1.1.conv1.bias
[2026-06-13 19:37:14,732][trainer][INFO] - detected shared parameter: encoder.pretrained_model.feature_extractor_video.frontend3D.0.bias <- encoder.pretrained_model.feature_extractor_video.trunk.layer1.1.conv2.bias
[2026-06-13 19:37:14,732][trainer][INFO] - detected shared parameter: encoder.pretrained_model.feature_extractor_video.frontend3D.0.bias <- encoder.pretrained_model.feature_extractor_video.trunk.layer2.0.conv1.bias
[2026-06-13 19:37:14,732][trainer][INFO] - detected shared parameter: encoder.pretrained_model.feature_extractor_video.frontend3D.0.bias <- encoder.pretrained_model.feature_extractor_video.trunk.layer2.0.conv2.bias
[2026-06-13 19:37:14,733][trainer][INFO] - detected shared parameter: encoder.pretrained_model.feature_extractor_video.frontend3D.0.bias <- encoder.pretrained_model.feature_extractor_video.trunk.layer2.0.downsample.0.bias
[2026-06-13 19:37:14,734][trainer][INFO] - detected shared parameter: encoder.pretrained_model.feature_extractor_video.frontend3D.0.bias <- encoder.pretrained_model.feature_extractor_video.trunk.layer2.1.conv1.bias
[2026-06-13 19:37:14,734][trainer][INFO] - detected shared parameter: encoder.pretrained_model.feature_extractor_video.frontend3D.0.bias <- encoder.pretrained_model.feature_extractor_video.trunk.layer2.1.conv2.bias
[2026-06-13 19:37:14,734][trainer][INFO] - detected shared parameter: encoder.pretrained_model.feature_extractor_video.frontend3D.0.bias <- encoder.pretrained_model.feature_extractor_video.trunk.layer3.0.conv1.bias
[2026-06-13 19:37:14,735][trainer][INFO] - detected shared parameter: encoder.pretrained_model.feature_extractor_video.frontend3D.0.bias <- encoder.pretrained_model.feature_extractor_video.trunk.layer3.0.conv2.bias
[2026-06-13 19:37:14,735][trainer][INFO] - detected shared parameter: encoder.pretrained_model.feature_extractor_video.frontend3D.0.bias <- encoder.pretrained_model.feature_extractor_video.trunk.layer3.0.downsample.0.bias
[2026-06-13 19:37:14,735][trainer][INFO] - detected shared parameter: encoder.pretrained_model.feature_extractor_video.frontend3D.0.bias <- encoder.pretrained_model.feature_extractor_video.trunk.layer3.1.conv1.bias
[2026-06-13 19:37:14,736][trainer][INFO] - detected shared parameter: encoder.pretrained_model.feature_extractor_video.frontend3D.0.bias <- encoder.pretrained_model.feature_extractor_video.trunk.layer3.1.conv2.bias
[2026-06-13 19:37:14,736][trainer][INFO] - detected shared parameter: encoder.pretrained_model.feature_extractor_video.frontend3D.0.bias <- encoder.pretrained_model.feature_extractor_video.trunk.layer4.0.conv1.bias
[2026-06-13 19:37:14,736][trainer][INFO] - detected shared parameter: encoder.pretrained_model.feature_extractor_video.frontend3D.0.bias <- encoder.pretrained_model.feature_extractor_video.trunk.layer4.0.conv2.bias
[2026-06-13 19:37:14,737][trainer][INFO] - detected shared parameter: encoder.pretrained_model.feature_extractor_video.frontend3D.0.bias <- encoder.pretrained_model.feature_extractor_video.trunk.layer4.0.downsample.0.bias
[2026-06-13 19:37:14,737][trainer][INFO] - detected shared parameter: encoder.pretrained_model.feature_extractor_video.frontend3D.0.bias <- encoder.pretrained_model.feature_extractor_video.trunk.layer4.1.conv1.bias
[2026-06-13 19:37:14,737][trainer][INFO] - detected shared parameter: encoder.pretrained_model.feature_extractor_video.frontend3D.0.bias <- encoder.pretrained_model.feature_extractor_video.trunk.layer4.1.conv2.bias
[2026-06-13 19:37:14,739][fairseq.utils][INFO] - ***********************CUDA enviroments for all 1 workers***********************
[2026-06-13 19:37:14,739][fairseq.utils][INFO] - rank   0: capabilities =  9.0  ; total memory = 79.179 GB ; name = NVIDIA H100 80GB HBM3                   
[2026-06-13 19:37:14,739][fairseq.utils][INFO] - ***********************CUDA enviroments for all 1 workers***********************
[2026-06-13 19:37:14,740][main][INFO] - training on 1 devices (GPUs/TPUs)
[2026-06-13 19:37:14,740][main][INFO] - max tokens per device = 1000 and max sentences per device = None
[2026-06-13 19:37:14,741][trainer][INFO] - Preparing to load checkpoint checkpoints/checkpoint_last.pt
[2026-06-13 19:37:14,741][trainer][INFO] - No existing checkpoint found checkpoints/checkpoint_last.pt
[2026-06-13 19:37:15,690][trainer][INFO] - begin training epoch 1
[2026-06-13 19:37:15,691][main][INFO] - Start iterating over samples
[2026-06-13 19:39:13,206][train_inner][INFO] - {"epoch": 1, "update": 0.063, "loss": "155.03", "nll_loss": "8.513", "total": "178.305", "n_correct": "10.83", "ppl": "365.41", "accuracy": "6.074", "wps": "305.1", "ups": "1.71", "wpb": "178.3", "bsz": "10.1", "num_updates": "200", "lr": "2.98e-05", "gnorm": "93.792", "loss_scale": "128", "train_wall": "16", "gb_free": "75.7", "wall": "118"}
[2026-06-13 19:41:06,660][train_inner][INFO] - {"epoch": 1, "update": 0.126, "loss": "169.449", "nll_loss": "8.149", "total": "181.27", "n_correct": "12.335", "ppl": "283.88", "accuracy": "6.805", "wps": "319.6", "ups": "1.76", "wpb": "181.3", "bsz": "9", "num_updates": "400", "lr": "4.96e-05", "gnorm": "67.413", "loss_scale": "128", "train_wall": "12", "gb_free": "75.7", "wall": "232"}
[2026-06-13 19:43:05,140][train_inner][INFO] - {"epoch": 1, "update": 0.189, "loss": "155.762", "nll_loss": "8.024", "total": "177.86", "n_correct": "14.475", "ppl": "260.23", "accuracy": "8.138", "wps": "300.3", "ups": "1.69", "wpb": "177.9", "bsz": "9.5", "num_updates": "600", "lr": "6.94e-05", "gnorm": "53.93", "loss_scale": "128", "train_wall": "12", "gb_free": "75.7", "wall": "350"}
[2026-06-13 19:45:01,893][train_inner][INFO] - {"epoch": 1, "update": 0.252, "loss": "148.598", "nll_loss": "7.833", "total": "179.33", "n_correct": "19.765", "ppl": "227.96", "accuracy": "11.022", "wps": "307.2", "ups": "1.71", "wpb": "179.3", "bsz": "9.9", "num_updates": "800", "lr": "8.92e-05", "gnorm": "50.582", "loss_scale": "128", "train_wall": "11", "gb_free": "75.7", "wall": "467"}
[2026-06-13 19:46:55,534][train_inner][INFO] - {"epoch": 1, "update": 0.315, "loss": "152.268", "nll_loss": "7.658", "total": "176.56", "n_correct": "22.295", "ppl": "201.95", "accuracy": "12.627", "wps": "310.8", "ups": "1.76", "wpb": "176.6", "bsz": "9.3", "num_updates": "1000", "lr": "0.000109", "gnorm": "51.07", "loss_scale": "128", "train_wall": "11", "gb_free": "75.7", "wall": "581"}
[2026-06-13 19:48:50,321][train_inner][INFO] - {"epoch": 1, "update": 0.378, "loss": "149.522", "nll_loss": "7.47", "total": "177.705", "n_correct": "24.295", "ppl": "177.32", "accuracy": "13.672", "wps": "309.7", "ups": "1.74", "wpb": "177.7", "bsz": "9.3", "num_updates": "1200", "lr": "0.0001288", "gnorm": "53.006", "loss_scale": "128", "train_wall": "11", "gb_free": "75.7", "wall": "696"}
[2026-06-13 19:50:46,918][train_inner][INFO] - {"epoch": 1, "update": 0.441, "loss": "136.43", "nll_loss": "7.273", "total": "180.08", "n_correct": "27.7", "ppl": "154.66", "accuracy": "15.382", "wps": "308.9", "ups": "1.72", "wpb": "180.1", "bsz": "10.2", "num_updates": "1400", "lr": "0.0001486", "gnorm": "50.065", "loss_scale": "128", "train_wall": "11", "gb_free": "75.7", "wall": "812"}
[2026-06-13 19:52:39,411][train_inner][INFO] - {"epoch": 1, "update": 0.504, "loss": "145.056", "nll_loss": "7.203", "total": "179.95", "n_correct": "27.92", "ppl": "147.38", "accuracy": "15.515", "wps": "320", "ups": "1.78", "wpb": "179.9", "bsz": "9.5", "num_updates": "1600", "lr": "0.0001684", "gnorm": "51.062", "loss_scale": "128", "train_wall": "11", "gb_free": "75.7", "wall": "925"}
[2026-06-13 19:54:34,768][train_inner][INFO] - {"epoch": 1, "update": 0.567, "loss": "127.503", "nll_loss": "6.911", "total": "181.98", "n_correct": "32.675", "ppl": "120.31", "accuracy": "17.955", "wps": "315.5", "ups": "1.73", "wpb": "182", "bsz": "10.5", "num_updates": "1800", "lr": "0.0001882", "gnorm": "47.6", "loss_scale": "128", "train_wall": "11", "gb_free": "75.7", "wall": "1040"}
[2026-06-13 19:56:21,155][train_inner][INFO] - {"epoch": 1, "update": 0.63, "loss": "136.169", "nll_loss": "6.85", "total": "182.14", "n_correct": "32.33", "ppl": "115.34", "accuracy": "17.75", "wps": "342.4", "ups": "1.88", "wpb": "182.1", "bsz": "9.8", "num_updates": "2000", "lr": "0.000208", "gnorm": "49.417", "loss_scale": "128", "train_wall": "11", "gb_free": "75.7", "wall": "1146"}
[2026-06-13 19:58:13,127][train_inner][INFO] - {"epoch": 1, "update": 0.693, "loss": "136.994", "nll_loss": "6.743", "total": "178.665", "n_correct": "32.655", "ppl": "107.12", "accuracy": "18.277", "wps": "319.2", "ups": "1.79", "wpb": "178.7", "bsz": "9.4", "num_updates": "2200", "lr": "0.0002278", "gnorm": "50.125", "loss_scale": "128", "train_wall": "11", "gb_free": "75.7", "wall": "1258"}
[2026-06-13 20:00:08,753][train_inner][INFO] - {"epoch": 1, "update": 0.756, "loss": "137.204", "nll_loss": "6.621", "total": "180.825", "n_correct": "33.91", "ppl": "98.44", "accuracy": "18.753", "wps": "312.8", "ups": "1.73", "wpb": "180.8", "bsz": "9.4", "num_updates": "2400", "lr": "0.0002476", "gnorm": "51.303", "loss_scale": "128", "train_wall": "11", "gb_free": "75.7", "wall": "1374"}
[2026-06-13 20:02:11,128][train_inner][INFO] - {"epoch": 1, "update": 0.819, "loss": "130.37", "nll_loss": "6.411", "total": "181.03", "n_correct": "36.49", "ppl": "85.08", "accuracy": "20.157", "wps": "295.9", "ups": "1.63", "wpb": "181", "bsz": "9.7", "num_updates": "2600", "lr": "0.0002674", "gnorm": "50.677", "loss_scale": "128", "train_wall": "11", "gb_free": "75.7", "wall": "1496"}
[2026-06-13 20:04:03,987][train_inner][INFO] - {"epoch": 1, "update": 0.882, "loss": "124.952", "nll_loss": "6.206", "total": "175.29", "n_correct": "37.415", "ppl": "73.83", "accuracy": "21.345", "wps": "310.7", "ups": "1.77", "wpb": "175.3", "bsz": "9.5", "num_updates": "2800", "lr": "0.0002872", "gnorm": "49.952", "loss_scale": "128", "train_wall": "11", "gb_free": "75.7", "wall": "1609"}
[2026-06-13 20:05:58,421][train_inner][INFO] - {"epoch": 1, "update": 0.945, "loss": "126.233", "nll_loss": "6.125", "total": "183.02", "n_correct": "39.75", "ppl": "69.79", "accuracy": "21.719", "wps": "319.9", "ups": "1.75", "wpb": "183", "bsz": "9.7", "num_updates": "3000", "lr": "0.000307", "gnorm": "51.026", "loss_scale": "128", "train_wall": "11", "gb_free": "75.7", "wall": "1724"}
[2026-06-13 20:07:45,033][main][INFO] - end of epoch 1 (average epoch stats below)
[2026-06-13 20:07:45,049][train][INFO] - {"epoch": 1, "train_loss": "140.406", "train_nll_loss": "7.126", "train_total": "179.799", "train_n_correct": "27.8586", "train_ppl": "139.67", "train_accuracy": "15.494", "train_wps": "312.3", "train_ups": "1.74", "train_wpb": "179.8", "train_bsz": "9.7", "train_num_updates": "3176", "train_lr": "0.000324424", "train_gnorm": "54.531", "train_loss_scale": "128", "train_train_wall": "183", "train_gb_free": "75.7", "train_wall": "1830"}
[2026-06-13 20:07:45,619][trainer][INFO] - begin training epoch 2
[2026-06-13 20:07:45,619][main][INFO] - Start iterating over samples
[2026-06-13 20:07:59,023][train_inner][INFO] - {"epoch": 2, "update": 1.008, "loss": "118.298", "nll_loss": "5.924", "total": "181.945", "n_correct": "42.23", "ppl": "60.73", "accuracy": "23.21", "wps": "301.8", "ups": "1.66", "wpb": "181.9", "bsz": "10.1", "num_updates": "3200", "lr": "0.0003268", "gnorm": "51.236", "loss_scale": "128", "train_wall": "12", "gb_free": "75.7", "wall": "1844"}
[2026-06-13 20:09:58,314][train_inner][INFO] - {"epoch": 2, "update": 1.071, "loss": "118.647", "nll_loss": "5.754", "total": "181.22", "n_correct": "42.965", "ppl": "53.96", "accuracy": "23.709", "wps": "303.9", "ups": "1.68", "wpb": "181.2", "bsz": "9.8", "num_updates": "3400", "lr": "0.0003466", "gnorm": "52.165", "loss_scale": "128", "train_wall": "11", "gb_free": "75.7", "wall": "1964"}
[2026-06-13 20:11:58,963][train_inner][INFO] - {"epoch": 2, "update": 1.134, "loss": "111.369", "nll_loss": "5.498", "total": "184.03", "n_correct": "47.695", "ppl": "45.19", "accuracy": "25.917", "wps": "305.1", "ups": "1.66", "wpb": "184", "bsz": "10.2", "num_updates": "3600", "lr": "0.0003664", "gnorm": "53.19", "loss_scale": "128", "train_wall": "11", "gb_free": "75.7", "wall": "2084"}
[2026-06-13 20:13:55,040][train_inner][INFO] - {"epoch": 2, "update": 1.196, "loss": "118.16", "nll_loss": "5.36", "total": "177.94", "n_correct": "47.115", "ppl": "41.06", "accuracy": "26.478", "wps": "306.6", "ups": "1.72", "wpb": "177.9", "bsz": "9.1", "num_updates": "3800", "lr": "0.0003862", "gnorm": "56.653", "loss_scale": "128", "train_wall": "11", "gb_free": "75.7", "wall": "2200"}
[2026-06-13 20:15:48,394][train_inner][INFO] - {"epoch": 2, "update": 1.259, "loss": "109.735", "nll_loss": "5.07", "total": "176.96", "n_correct": "51.705", "ppl": "33.6", "accuracy": "29.218", "wps": "312.3", "ups": "1.76", "wpb": "177", "bsz": "9.4", "num_updates": "4000", "lr": "0.000406", "gnorm": "59.338", "loss_scale": "128", "train_wall": "11", "gb_free": "75.7", "wall": "2314"}
[2026-06-13 20:17:42,282][train_inner][INFO] - {"epoch": 2, "update": 1.322, "loss": "110.022", "nll_loss": "4.9", "total": "182.315", "n_correct": "56.26", "ppl": "29.85", "accuracy": "30.859", "wps": "320.2", "ups": "1.76", "wpb": "182.3", "bsz": "9.4", "num_updates": "4200", "lr": "0.0004258", "gnorm": "61.134", "loss_scale": "128", "train_wall": "11", "gb_free": "75.7", "wall": "2428"}
[2026-06-13 20:19:40,239][train_inner][INFO] - {"epoch": 2, "update": 1.385, "loss": "94.737", "nll_loss": "4.563", "total": "178.705", "n_correct": "60.75", "ppl": "23.64", "accuracy": "33.995", "wps": "303", "ups": "1.7", "wpb": "178.7", "bsz": "10.2", "num_updates": "4400", "lr": "0.0004456", "gnorm": "58.574", "loss_scale": "128", "train_wall": "11", "gb_free": "75.7", "wall": "2545"}
[2026-06-13 20:21:38,036][train_inner][INFO] - {"epoch": 2, "update": 1.448, "loss": "88.93", "nll_loss": "4.332", "total": "182.91", "n_correct": "67.095", "ppl": "20.15", "accuracy": "36.682", "wps": "310.6", "ups": "1.7", "wpb": "182.9", "bsz": "10.7", "num_updates": "4600", "lr": "0.0004654", "gnorm": "56.768", "loss_scale": "128", "train_wall": "11", "gb_free": "75.7", "wall": "2663"}
[2026-06-13 20:23:22,814][train_inner][INFO] - {"epoch": 2, "update": 1.511, "loss": "94.908", "nll_loss": "4.304", "total": "178.54", "n_correct": "65.52", "ppl": "19.76", "accuracy": "36.698", "wps": "340.8", "ups": "1.91", "wpb": "178.5", "bsz": "9.7", "num_updates": "4800", "lr": "0.0004852", "gnorm": "57.209", "loss_scale": "128", "train_wall": "11", "gb_free": "75.7", "wall": "2768"}
[2026-06-13 20:25:13,480][train_inner][INFO] - {"epoch": 2, "update": 1.574, "loss": "90.452", "nll_loss": "4.119", "total": "181.955", "n_correct": "71.025", "ppl": "17.38", "accuracy": "39.034", "wps": "328.9", "ups": "1.81", "wpb": "182", "bsz": "10.1", "num_updates": "5000", "lr": "0.000505", "gnorm": "56.389", "loss_scale": "128", "train_wall": "11", "gb_free": "75.7", "wall": "2879"}
[2026-06-13 20:27:14,201][train_inner][INFO] - {"epoch": 2, "update": 1.637, "loss": "86.077", "nll_loss": "3.958", "total": "178.205", "n_correct": "72.77", "ppl": "15.54", "accuracy": "40.835", "wps": "295.3", "ups": "1.66", "wpb": "178.2", "bsz": "10.1", "num_updates": "5200", "lr": "0.0005248", "gnorm": "53.447", "loss_scale": "128", "train_wall": "11", "gb_free": "75.7", "wall": "2999"}
[2026-06-13 20:29:14,764][train_inner][INFO] - {"epoch": 2, "update": 1.7, "loss": "84.021", "nll_loss": "3.885", "total": "177.005", "n_correct": "74.495", "ppl": "14.77", "accuracy": "42.086", "wps": "293.7", "ups": "1.66", "wpb": "177", "bsz": "10.1", "num_updates": "5400", "lr": "0.0005446", "gnorm": "54.333", "loss_scale": "128", "train_wall": "11", "gb_free": "75.7", "wall": "3120"}
[2026-06-13 20:31:07,407][train_inner][INFO] - {"epoch": 2, "update": 1.763, "loss": "100.072", "nll_loss": "3.929", "total": "181.805", "n_correct": "74.505", "ppl": "15.23", "accuracy": "40.981", "wps": "322.8", "ups": "1.78", "wpb": "181.8", "bsz": "8.8", "num_updates": "5600", "lr": "0.0005644", "gnorm": "58.564", "loss_scale": "128", "train_wall": "11", "gb_free": "75.7", "wall": "3233"}
[2026-06-13 20:32:59,119][train_inner][INFO] - {"epoch": 2, "update": 1.826, "loss": "93.301", "nll_loss": "3.696", "total": "179.055", "n_correct": "78.61", "ppl": "12.96", "accuracy": "43.903", "wps": "320.6", "ups": "1.79", "wpb": "179.1", "bsz": "8.9", "num_updates": "5800", "lr": "0.0005842", "gnorm": "54.657", "loss_scale": "128", "train_wall": "11", "gb_free": "75.7", "wall": "3344"}
[2026-06-13 20:34:53,197][train_inner][INFO] - {"epoch": 2, "update": 1.889, "loss": "90.732", "nll_loss": "3.652", "total": "178.135", "n_correct": "80.23", "ppl": "12.57", "accuracy": "45.039", "wps": "312.3", "ups": "1.75", "wpb": "178.1", "bsz": "9.1", "num_updates": "6000", "lr": "0.000604", "gnorm": "54.651", "loss_scale": "128", "train_wall": "11", "gb_free": "75.7", "wall": "3458"}
[2026-06-13 20:36:52,292][train_inner][INFO] - {"epoch": 2, "update": 1.952, "loss": "81.288", "nll_loss": "3.428", "total": "180.595", "n_correct": "86.385", "ppl": "10.76", "accuracy": "47.834", "wps": "303.3", "ups": "1.68", "wpb": "180.6", "bsz": "9.8", "num_updates": "6200", "lr": "0.0006238", "gnorm": "50.256", "loss_scale": "128", "train_wall": "11", "gb_free": "75.7", "wall": "3578"}
[2026-06-13 20:38:21,362][main][INFO] - begin validation on "valid" subset
[2026-06-13 20:39:33,753][valid][INFO] - {"epoch": 2, "valid_loss": "79.466", "valid_nll_loss": "3.154", "valid_total": "178.205", "valid_n_correct": "90.7717", "valid_ppl": "8.9", "valid_accuracy": "50.937", "valid_wps": "314.2", "valid_wpb": "178.2", "valid_bsz": "9.4", "valid_num_updates": "6352"}
[2026-06-13 20:39:33,754][fairseq.checkpoint_utils][INFO] - Preparing to save checkpoint for epoch 2 @ 6352 updates
[2026-06-13 20:39:33,755][trainer][INFO] - Saving checkpoint to checkpoints/checkpoint_best.pt
[2026-06-13 20:39:37,670][trainer][INFO] - Finished saving checkpoint to checkpoints/checkpoint_best.pt
[2026-06-13 20:39:42,940][fairseq.checkpoint_utils][INFO] - Saved checkpoint checkpoints/checkpoint_best.pt (epoch 2 @ 6352 updates, score 50.937) (writing took 9.186044086003676 seconds)
[2026-06-13 20:39:42,941][main][INFO] - end of epoch 2 (average epoch stats below)
[2026-06-13 20:39:42,951][train][INFO] - {"epoch": 2, "train_loss": "97.299", "train_nll_loss": "4.389", "train_total": "179.799", "train_n_correct": "66.0035", "train_ppl": "20.95", "train_accuracy": "36.71", "train_wps": "297.7", "train_ups": "1.66", "train_wpb": "179.8", "train_bsz": "9.7", "train_num_updates": "6352", "train_lr": "0.000638848", "train_gnorm": "55.423", "train_loss_scale": "128", "train_train_wall": "177", "train_gb_free": "75.7", "train_wall": "3748"}
[2026-06-13 20:39:43,587][trainer][INFO] - begin training epoch 3
[2026-06-13 20:39:43,587][main][INFO] - Start iterating over samples
[2026-06-13 20:40:10,217][train_inner][INFO] - {"epoch": 3, "update": 2.015, "loss": "79.191", "nll_loss": "3.274", "total": "177.825", "n_correct": "88.465", "ppl": "9.67", "accuracy": "49.748", "wps": "179.7", "ups": "1.01", "wpb": "177.8", "bsz": "9.6", "num_updates": "6400", "lr": "0.0006436", "gnorm": "48.861", "loss_scale": "128", "train_wall": "11", "gb_free": "75.7", "wall": "3775"}
[2026-06-13 20:41:55,344][train_inner][INFO] - {"epoch": 3, "update": 2.078, "loss": "76.402", "nll_loss": "3.157", "total": "183.205", "n_correct": "93.915", "ppl": "8.92", "accuracy": "51.262", "wps": "348.6", "ups": "1.9", "wpb": "183.2", "bsz": "10.1", "num_updates": "6600", "lr": "0.0006634", "gnorm": "47.973", "loss_scale": "128", "train_wall": "11", "gb_free": "75.7", "wall": "3881"}
[2026-06-13 20:43:47,576][train_inner][INFO] - {"epoch": 3, "update": 2.141, "loss": "74.25", "nll_loss": "3.026", "total": "177.205", "n_correct": "94.475", "ppl": "8.14", "accuracy": "53.314", "wps": "315.9", "ups": "1.78", "wpb": "177.2", "bsz": "9.8", "num_updates": "6800", "lr": "0.0006832", "gnorm": "46.163", "loss_scale": "128", "train_wall": "11", "gb_free": "75.7", "wall": "3993"}
[2026-06-13 20:45:42,215][train_inner][INFO] - {"epoch": 3, "update": 2.204, "loss": "74.283", "nll_loss": "3.061", "total": "178.395", "n_correct": "94.5", "ppl": "8.34", "accuracy": "52.972", "wps": "311.3", "ups": "1.74", "wpb": "178.4", "bsz": "9.9", "num_updates": "7000", "lr": "0.000703", "gnorm": "45.338", "loss_scale": "128", "train_wall": "11", "gb_free": "75.7", "wall": "4107"}
[2026-06-13 20:47:38,349][train_inner][INFO] - {"epoch": 3, "update": 2.267, "loss": "78.123", "nll_loss": "3.016", "total": "185.385", "n_correct": "99.525", "ppl": "8.09", "accuracy": "53.686", "wps": "319.3", "ups": "1.72", "wpb": "185.4", "bsz": "9.7", "num_updates": "7200", "lr": "0.0007228", "gnorm": "47.456", "loss_scale": "128", "train_wall": "11", "gb_free": "75.7", "wall": "4224"}
[2026-06-13 20:49:30,259][train_inner][INFO] - {"epoch": 3, "update": 2.33, "loss": "76.916", "nll_loss": "2.897", "total": "178.965", "n_correct": "99.995", "ppl": "7.45", "accuracy": "55.874", "wps": "319.9", "ups": "1.79", "wpb": "179", "bsz": "9.2", "num_updates": "7400", "lr": "0.0007426", "gnorm": "44.671", "loss_scale": "128", "train_wall": "11", "gb_free": "75.7", "wall": "4336"}
[2026-06-13 20:51:24,390][train_inner][INFO] - {"epoch": 3, "update": 2.393, "loss": "74.056", "nll_loss": "2.926", "total": "183.475", "n_correct": "101.485", "ppl": "7.6", "accuracy": "55.313", "wps": "321.5", "ups": "1.75", "wpb": "183.5", "bsz": "9.9", "num_updates": "7600", "lr": "0.0007624", "gnorm": "43.656", "loss_scale": "128", "train_wall": "11", "gb_free": "75.7", "wall": "4450"}
[2026-06-13 20:53:12,427][train_inner][INFO] - {"epoch": 3, "update": 2.456, "loss": "75.405", "nll_loss": "2.781", "total": "179.125", "n_correct": "102.53", "ppl": "6.87", "accuracy": "57.239", "wps": "331.6", "ups": "1.85", "wpb": "179.1", "bsz": "9.2", "num_updates": "7800", "lr": "0.0007822", "gnorm": "42.53", "loss_scale": "128", "train_wall": "11", "gb_free": "75.7", "wall": "4558"}
[2026-06-13 20:55:06,861][train_inner][INFO] - {"epoch": 3, "update": 2.519, "loss": "69.703", "nll_loss": "2.72", "total": "182.37", "n_correct": "106.595", "ppl": "6.59", "accuracy": "58.45", "wps": "318.8", "ups": "1.75", "wpb": "182.4", "bsz": "10", "num_updates": "8000", "lr": "0.000802", "gnorm": "41.027", "loss_scale": "128", "train_wall": "11", "gb_free": "75.7", "wall": "4672"}
[2026-06-13 20:56:59,057][train_inner][INFO] - {"epoch": 3, "update": 2.582, "loss": "70.16", "nll_loss": "2.684", "total": "179.46", "n_correct": "105.775", "ppl": "6.43", "accuracy": "58.941", "wps": "319.9", "ups": "1.78", "wpb": "179.5", "bsz": "9.7", "num_updates": "8200", "lr": "0.0008218", "gnorm": "41.081", "loss_scale": "128", "train_wall": "11", "gb_free": "75.7", "wall": "4784"}
[2026-06-13 20:58:51,196][train_inner][INFO] - {"epoch": 3, "update": 2.645, "loss": "68.739", "nll_loss": "2.61", "total": "178.09", "n_correct": "107.135", "ppl": "6.11", "accuracy": "60.158", "wps": "317.7", "ups": "1.78", "wpb": "178.1", "bsz": "9.6", "num_updates": "8400", "lr": "0.0008416", "gnorm": "38.334", "loss_scale": "128", "train_wall": "11", "gb_free": "75.7", "wall": "4896"}
[2026-06-13 21:00:40,147][train_inner][INFO] - {"epoch": 3, "update": 2.708, "loss": "72.149", "nll_loss": "2.581", "total": "177.395", "n_correct": "107.23", "ppl": "5.98", "accuracy": "60.447", "wps": "325.7", "ups": "1.84", "wpb": "177.4", "bsz": "9.1", "num_updates": "8600", "lr": "0.0008614", "gnorm": "38.465", "loss_scale": "128", "train_wall": "11", "gb_free": "75.7", "wall": "5005"}
[2026-06-13 21:02:35,376][train_inner][INFO] - {"epoch": 3, "update": 2.771, "loss": "66.862", "nll_loss": "2.51", "total": "181.54", "n_correct": "112.03", "ppl": "5.7", "accuracy": "61.711", "wps": "315.1", "ups": "1.74", "wpb": "181.5", "bsz": "9.9", "num_updates": "8800", "lr": "0.0008812", "gnorm": "37.093", "loss_scale": "128", "train_wall": "11", "gb_free": "75.7", "wall": "5121"}
[2026-06-13 21:04:26,769][train_inner][INFO] - {"epoch": 3, "update": 2.834, "loss": "62.249", "nll_loss": "2.402", "total": "175.895", "n_correct": "111.79", "ppl": "5.28", "accuracy": "63.555", "wps": "315.8", "ups": "1.8", "wpb": "175.9", "bsz": "10", "num_updates": "9000", "lr": "0.000901", "gnorm": "34.611", "loss_scale": "128", "train_wall": "11", "gb_free": "75.7", "wall": "5232"}
[2026-06-13 21:06:24,760][train_inner][INFO] - {"epoch": 3, "update": 2.897, "loss": "65.392", "nll_loss": "2.427", "total": "178.905", "n_correct": "113.205", "ppl": "5.38", "accuracy": "63.277", "wps": "303.3", "ups": "1.7", "wpb": "178.9", "bsz": "9.7", "num_updates": "9200", "lr": "0.0009208", "gnorm": "35.419", "loss_scale": "128", "train_wall": "11", "gb_free": "75.7", "wall": "5350"}
[2026-06-13 21:08:19,164][train_inner][INFO] - {"epoch": 3, "update": 2.96, "loss": "63.833", "nll_loss": "2.314", "total": "179", "n_correct": "116.265", "ppl": "4.97", "accuracy": "64.953", "wps": "313", "ups": "1.75", "wpb": "179", "bsz": "9.7", "num_updates": "9400", "lr": "0.0009406", "gnorm": "34.022", "loss_scale": "128", "train_wall": "11", "gb_free": "75.7", "wall": "5464"}
[2026-06-13 21:09:36,515][main][INFO] - end of epoch 3 (average epoch stats below)
[2026-06-13 21:09:36,537][train][INFO] - {"epoch": 3, "train_loss": "70.943", "train_nll_loss": "2.73", "train_total": "179.799", "train_n_correct": "104.727", "train_ppl": "6.63", "train_accuracy": "58.247", "train_wps": "318.4", "train_ups": "1.77", "train_wpb": "179.8", "train_bsz": "9.7", "train_num_updates": "9528", "train_lr": "0.000953272", "train_gnorm": "41.033", "train_loss_scale": "128", "train_train_wall": "175", "train_gb_free": "75.7", "train_wall": "5542"}
[2026-06-13 21:09:37,113][trainer][INFO] - begin training epoch 4
[2026-06-13 21:09:37,113][main][INFO] - Start iterating over samples
[2026-06-13 21:10:22,031][train_inner][INFO] - {"epoch": 4, "update": 3.023, "loss": "58.936", "nll_loss": "2.221", "total": "176.035", "n_correct": "116.27", "ppl": "4.66", "accuracy": "66.049", "wps": "286.6", "ups": "1.63", "wpb": "176", "bsz": "10.1", "num_updates": "9600", "lr": "0.0009604", "gnorm": "33.144", "loss_scale": "128", "train_wall": "11", "gb_free": "75.7", "wall": "5587"}
[2026-06-13 21:12:18,609][train_inner][INFO] - {"epoch": 4, "update": 3.086, "loss": "56.652", "nll_loss": "2.092", "total": "178.395", "n_correct": "120.92", "ppl": "4.26", "accuracy": "67.782", "wps": "306.1", "ups": "1.72", "wpb": "178.4", "bsz": "10.3", "num_updates": "9800", "lr": "0.0009802", "gnorm": "29.684", "loss_scale": "128", "train_wall": "11", "gb_free": "75.7", "wall": "5704"}
[2026-06-13 21:14:11,672][train_inner][INFO] - {"epoch": 4, "update": 3.149, "loss": "63.977", "nll_loss": "2.098", "total": "177.085", "n_correct": "120.035", "ppl": "4.28", "accuracy": "67.784", "wps": "313.3", "ups": "1.77", "wpb": "177.1", "bsz": "9.1", "num_updates": "10000", "lr": "0.001", "gnorm": "32.97", "loss_scale": "128", "train_wall": "11", "gb_free": "75.7", "wall": "5817"}
[2026-06-13 21:16:09,859][train_inner][INFO] - {"epoch": 4, "update": 3.212, "loss": "56.301", "nll_loss": "2.003", "total": "176.615", "n_correct": "122.625", "ppl": "4.01", "accuracy": "69.431", "wps": "298.9", "ups": "1.69", "wpb": "176.6", "bsz": "10", "num_updates": "10200", "lr": "0.000970487", "gnorm": "29.511", "loss_scale": "128", "train_wall": "11", "gb_free": "75.7", "wall": "5935"}
[2026-06-13 21:18:05,472][train_inner][INFO] - {"epoch": 4, "update": 3.275, "loss": "59.875", "nll_loss": "2.01", "total": "179.855", "n_correct": "124.82", "ppl": "4.03", "accuracy": "69.4", "wps": "311.2", "ups": "1.73", "wpb": "179.9", "bsz": "9.6", "num_updates": "10400", "lr": "0.000941845", "gnorm": "30.963", "loss_scale": "128", "train_wall": "11", "gb_free": "75.7", "wall": "6051"}
[2026-06-13 21:19:57,045][train_inner][INFO] - {"epoch": 4, "update": 3.338, "loss": "61.615", "nll_loss": "1.918", "total": "179.76", "n_correct": "127.02", "ppl": "3.78", "accuracy": "70.661", "wps": "322.3", "ups": "1.79", "wpb": "179.8", "bsz": "9.1", "num_updates": "10600", "lr": "0.000914048", "gnorm": "30.728", "loss_scale": "128", "train_wall": "11", "gb_free": "75.7", "wall": "6162"}
[2026-06-13 21:21:51,279][train_inner][INFO] - {"epoch": 4, "update": 3.401, "loss": "56.603", "nll_loss": "1.884", "total": "177.71", "n_correct": "126.705", "ppl": "3.69", "accuracy": "71.299", "wps": "311.3", "ups": "1.75", "wpb": "177.7", "bsz": "9.7", "num_updates": "10800", "lr": "0.000887072", "gnorm": "28.775", "loss_scale": "128", "train_wall": "11", "gb_free": "75.7", "wall": "6276"}
[2026-06-13 21:23:49,382][train_inner][INFO] - {"epoch": 4, "update": 3.463, "loss": "57.403", "nll_loss": "1.836", "total": "182.28", "n_correct": "131.56", "ppl": "3.57", "accuracy": "72.175", "wps": "308.7", "ups": "1.69", "wpb": "182.3", "bsz": "9.7", "num_updates": "11000", "lr": "0.000860892", "gnorm": "29.366", "loss_scale": "128", "train_wall": "11", "gb_free": "75.7", "wall": "6395"}
[2026-06-13 21:25:43,821][train_inner][INFO] - {"epoch": 4, "update": 3.526, "loss": "59.557", "nll_loss": "1.809", "total": "181.47", "n_correct": "131.615", "ppl": "3.5", "accuracy": "72.527", "wps": "317.2", "ups": "1.75", "wpb": "181.5", "bsz": "9.2", "num_updates": "11200", "lr": "0.000835484", "gnorm": "29.242", "loss_scale": "128", "train_wall": "11", "gb_free": "75.7", "wall": "6509"}
[2026-06-13 21:27:44,421][train_inner][INFO] - {"epoch": 4, "update": 3.589, "loss": "54.089", "nll_loss": "1.689", "total": "181.29", "n_correct": "134.735", "ppl": "3.23", "accuracy": "74.32", "wps": "300.7", "ups": "1.66", "wpb": "181.3", "bsz": "9.8", "num_updates": "11400", "lr": "0.000810826", "gnorm": "26.671", "loss_scale": "128", "train_wall": "11", "gb_free": "75.7", "wall": "6630"}
[2026-06-13 21:29:40,045][train_inner][INFO] - {"epoch": 4, "update": 3.652, "loss": "56.313", "nll_loss": "1.694", "total": "180.505", "n_correct": "134.3", "ppl": "3.24", "accuracy": "74.402", "wps": "312.3", "ups": "1.73", "wpb": "180.5", "bsz": "9.3", "num_updates": "11600", "lr": "0.000786896", "gnorm": "28.938", "loss_scale": "128", "train_wall": "11", "gb_free": "75.7", "wall": "6745"}
[2026-06-13 21:31:32,213][train_inner][INFO] - {"epoch": 4, "update": 3.715, "loss": "55.23", "nll_loss": "1.628", "total": "179.3", "n_correct": "134.85", "ppl": "3.09", "accuracy": "75.209", "wps": "319.7", "ups": "1.78", "wpb": "179.3", "bsz": "9.3", "num_updates": "11800", "lr": "0.000763673", "gnorm": "26.385", "loss_scale": "128", "train_wall": "11", "gb_free": "75.7", "wall": "6857"}
[2026-06-13 21:33:26,842][train_inner][INFO] - {"epoch": 4, "update": 3.778, "loss": "55.124", "nll_loss": "1.611", "total": "183.885", "n_correct": "139.2", "ppl": "3.05", "accuracy": "75.699", "wps": "320.9", "ups": "1.74", "wpb": "183.9", "bsz": "9.5", "num_updates": "12000", "lr": "0.000741134", "gnorm": "27.367", "loss_scale": "128", "train_wall": "11", "gb_free": "75.7", "wall": "6972"}
[2026-06-13 21:35:29,946][train_inner][INFO] - {"epoch": 4, "update": 3.841, "loss": "44.609", "nll_loss": "1.46", "total": "181.22", "n_correct": "141.635", "ppl": "2.75", "accuracy": "78.156", "wps": "294.5", "ups": "1.62", "wpb": "181.2", "bsz": "11", "num_updates": "12200", "lr": "0.000719261", "gnorm": "23.024", "loss_scale": "128", "train_wall": "11", "gb_free": "75.7", "wall": "7095"}
[2026-06-13 21:37:27,255][train_inner][INFO] - {"epoch": 4, "update": 3.904, "loss": "50.404", "nll_loss": "1.53", "total": "181.525", "n_correct": "139.62", "ppl": "2.89", "accuracy": "76.915", "wps": "309.5", "ups": "1.71", "wpb": "181.5", "bsz": "10", "num_updates": "12400", "lr": "0.000698034", "gnorm": "25.284", "loss_scale": "128", "train_wall": "11", "gb_free": "75.7", "wall": "7213"}
[2026-06-13 21:39:24,374][train_inner][INFO] - {"epoch": 4, "update": 3.967, "loss": "52.675", "nll_loss": "1.49", "total": "180.67", "n_correct": "140.295", "ppl": "2.81", "accuracy": "77.653", "wps": "308.6", "ups": "1.71", "wpb": "180.7", "bsz": "9.4", "num_updates": "12600", "lr": "0.000677433", "gnorm": "25.333", "loss_scale": "128", "train_wall": "11", "gb_free": "75.7", "wall": "7330"}
[2026-06-13 21:40:25,837][main][INFO] - begin validation on "valid" subset
[2026-06-13 21:41:39,497][valid][INFO] - {"epoch": 4, "valid_loss": "46.808", "valid_nll_loss": "1.133", "valid_total": "178.205", "valid_n_correct": "146.386", "valid_ppl": "2.19", "valid_accuracy": "82.145", "valid_wps": "309.3", "valid_wpb": "178.2", "valid_bsz": "9.4", "valid_num_updates": "12704", "valid_best_accuracy": "82.145"}
[2026-06-13 21:41:39,498][fairseq.checkpoint_utils][INFO] - Preparing to save checkpoint for epoch 4 @ 12704 updates
[2026-06-13 21:41:39,499][trainer][INFO] - Saving checkpoint to checkpoints/checkpoint_best.pt
[2026-06-13 21:41:43,719][trainer][INFO] - Finished saving checkpoint to checkpoints/checkpoint_best.pt
[2026-06-13 21:41:49,697][fairseq.checkpoint_utils][INFO] - Saved checkpoint checkpoints/checkpoint_best.pt (epoch 4 @ 12704 updates, score 82.145) (writing took 10.198680425062776 seconds)
[2026-06-13 21:41:49,697][main][INFO] - end of epoch 4 (average epoch stats below)
[2026-06-13 21:41:49,708][train][INFO] - {"epoch": 4, "train_loss": "55.503", "train_nll_loss": "1.778", "train_total": "179.799", "train_n_correct": "131.252", "train_ppl": "3.43", "train_accuracy": "72.999", "train_wps": "295.4", "train_ups": "1.64", "train_wpb": "179.8", "train_bsz": "9.7", "train_num_updates": "12704", "train_lr": "0.000666961", "train_gnorm": "28.199", "train_loss_scale": "128", "train_train_wall": "177", "train_gb_free": "75.7", "train_wall": "7475"}
[2026-06-13 21:41:50,275][trainer][INFO] - begin training epoch 5
[2026-06-13 21:41:50,275][main][INFO] - Start iterating over samples
[2026-06-13 21:42:42,186][train_inner][INFO] - {"epoch": 5, "update": 4.03, "loss": "46.934", "nll_loss": "1.349", "total": "176.29", "n_correct": "140.715", "ppl": "2.55", "accuracy": "79.82", "wps": "178.2", "ups": "1.01", "wpb": "176.3", "bsz": "9.8", "num_updates": "12800", "lr": "0.00065744", "gnorm": "22.638", "loss_scale": "128", "train_wall": "11", "gb_free": "75.7", "wall": "7527"}
[2026-06-13 21:44:24,884][train_inner][INFO] - {"epoch": 5, "update": 4.093, "loss": "49.215", "nll_loss": "1.27", "total": "178.905", "n_correct": "144.73", "ppl": "2.41", "accuracy": "80.898", "wps": "348.5", "ups": "1.95", "wpb": "178.9", "bsz": "9.2", "num_updates": "13000", "lr": "0.000638036", "gnorm": "23.284", "loss_scale": "128", "train_wall": "11", "gb_free": "75.7", "wall": "7630"}
[2026-06-13 21:46:08,095][train_inner][INFO] - {"epoch": 5, "update": 4.156, "loss": "47.701", "nll_loss": "1.255", "total": "181.26", "n_correct": "146.91", "ppl": "2.39", "accuracy": "81.049", "wps": "351.3", "ups": "1.94", "wpb": "181.3", "bsz": "9.6", "num_updates": "13200", "lr": "0.000619206", "gnorm": "23.289", "loss_scale": "128", "train_wall": "11", "gb_free": "75.7", "wall": "7733"}
[2026-06-13 21:47:50,974][train_inner][INFO] - {"epoch": 5, "update": 4.219, "loss": "47.848", "nll_loss": "1.234", "total": "180.4", "n_correct": "146.585", "ppl": "2.35", "accuracy": "81.256", "wps": "350.7", "ups": "1.94", "wpb": "180.4", "bsz": "9.5", "num_updates": "13400", "lr": "0.000600931", "gnorm": "22.887", "loss_scale": "128", "train_wall": "11", "gb_free": "75.7", "wall": "7836"}
[2026-06-13 21:49:37,818][train_inner][INFO] - {"epoch": 5, "update": 4.282, "loss": "45.219", "nll_loss": "1.255", "total": "181.74", "n_correct": "147.445", "ppl": "2.39", "accuracy": "81.13", "wps": "340.2", "ups": "1.87", "wpb": "181.7", "bsz": "10.2", "num_updates": "13600", "lr": "0.000583196", "gnorm": "22.428", "loss_scale": "128", "train_wall": "11", "gb_free": "75.7", "wall": "7943"}
[2026-06-13 21:51:25,115][train_inner][INFO] - {"epoch": 5, "update": 4.345, "loss": "44.675", "nll_loss": "1.22", "total": "182.53", "n_correct": "149.265", "ppl": "2.33", "accuracy": "81.776", "wps": "340.3", "ups": "1.86", "wpb": "182.5", "bsz": "10.2", "num_updates": "13800", "lr": "0.000565984", "gnorm": "22.067", "loss_scale": "128", "train_wall": "11", "gb_free": "75.7", "wall": "8050"}
[2026-06-13 21:52:57,675][train_inner][INFO] - {"epoch": 5, "update": 4.408, "loss": "47.359", "nll_loss": "1.19", "total": "185.455", "n_correct": "152.41", "ppl": "2.28", "accuracy": "82.182", "wps": "400.8", "ups": "2.16", "wpb": "185.5", "bsz": "9.7", "num_updates": "14000", "lr": "0.00054928", "gnorm": "22.812", "loss_scale": "128", "train_wall": "11", "gb_free": "75.7", "wall": "8143"}
[2026-06-13 21:54:26,297][train_inner][INFO] - {"epoch": 5, "update": 4.471, "loss": "48.243", "nll_loss": "1.201", "total": "176.07", "n_correct": "144.865", "ppl": "2.3", "accuracy": "82.277", "wps": "397.4", "ups": "2.26", "wpb": "176.1", "bsz": "9", "num_updates": "14200", "lr": "0.000533069", "gnorm": "22.259", "loss_scale": "128", "train_wall": "11", "gb_free": "75.7", "wall": "8232"}
[2026-06-13 21:55:58,995][train_inner][INFO] - {"epoch": 5, "update": 4.534, "loss": "40.876", "nll_loss": "1.166", "total": "177.155", "n_correct": "146.67", "ppl": "2.24", "accuracy": "82.792", "wps": "382.3", "ups": "2.16", "wpb": "177.2", "bsz": "10.6", "num_updates": "14400", "lr": "0.000517337", "gnorm": "19.933", "loss_scale": "128", "train_wall": "11", "gb_free": "75.7", "wall": "8324"}
[2026-06-13 21:57:33,319][train_inner][INFO] - {"epoch": 5, "update": 4.597, "loss": "43.395", "nll_loss": "1.162", "total": "182.485", "n_correct": "151.325", "ppl": "2.24", "accuracy": "82.925", "wps": "387", "ups": "2.12", "wpb": "182.5", "bsz": "10.3", "num_updates": "14600", "lr": "0.000502069", "gnorm": "21.181", "loss_scale": "128", "train_wall": "11", "gb_free": "75.7", "wall": "8419"}
[2026-06-13 21:59:03,948][train_inner][INFO] - {"epoch": 5, "update": 4.66, "loss": "45.437", "nll_loss": "1.155", "total": "179.22", "n_correct": "148.91", "ppl": "2.23", "accuracy": "83.088", "wps": "395.6", "ups": "2.21", "wpb": "179.2", "bsz": "9.6", "num_updates": "14800", "lr": "0.000487251", "gnorm": "21.946", "loss_scale": "128", "train_wall": "10", "gb_free": "75.7", "wall": "8509"}
[2026-06-13 22:00:36,915][train_inner][INFO] - {"epoch": 5, "update": 4.723, "loss": "42.919", "nll_loss": "1.096", "total": "179.57", "n_correct": "150.675", "ppl": "2.14", "accuracy": "83.909", "wps": "386.4", "ups": "2.15", "wpb": "179.6", "bsz": "10", "num_updates": "15000", "lr": "0.000472871", "gnorm": "20.813", "loss_scale": "128", "train_wall": "11", "gb_free": "75.7", "wall": "8602"}
[2026-06-13 22:02:05,434][train_inner][INFO] - {"epoch": 5, "update": 4.786, "loss": "45.267", "nll_loss": "1.091", "total": "177.655", "n_correct": "149.32", "ppl": "2.13", "accuracy": "84.051", "wps": "401.4", "ups": "2.26", "wpb": "177.7", "bsz": "9.3", "num_updates": "15200", "lr": "0.000458915", "gnorm": "21.239", "loss_scale": "128", "train_wall": "11", "gb_free": "75.7", "wall": "8691"}
[2026-06-13 22:03:35,548][train_inner][INFO] - {"epoch": 5, "update": 4.849, "loss": "45.466", "nll_loss": "1.124", "total": "179.6", "n_correct": "149.74", "ppl": "2.18", "accuracy": "83.374", "wps": "398.7", "ups": "2.22", "wpb": "179.6", "bsz": "9.5", "num_updates": "15400", "lr": "0.000445371", "gnorm": "21.61", "loss_scale": "128", "train_wall": "11", "gb_free": "75.7", "wall": "8781"}
[2026-06-13 22:05:07,380][train_inner][INFO] - {"epoch": 5, "update": 4.912, "loss": "47.474", "nll_loss": "1.076", "total": "178.735", "n_correct": "150.55", "ppl": "2.11", "accuracy": "84.231", "wps": "389.3", "ups": "2.18", "wpb": "178.7", "bsz": "8.9", "num_updates": "15600", "lr": "0.000432227", "gnorm": "21.44", "loss_scale": "128", "train_wall": "11", "gb_free": "75.7", "wall": "8873"}
[2026-06-13 22:06:41,161][train_inner][INFO] - {"epoch": 5, "update": 4.975, "loss": "42.239", "nll_loss": "1.072", "total": "179.115", "n_correct": "151.22", "ppl": "2.1", "accuracy": "84.426", "wps": "382", "ups": "2.13", "wpb": "179.1", "bsz": "10", "num_updates": "15800", "lr": "0.00041947", "gnorm": "20.589", "loss_scale": "128", "train_wall": "11", "gb_free": "75.7", "wall": "8966"}
[2026-06-13 22:07:15,860][main][INFO] - end of epoch 5 (average epoch stats below)
[2026-06-13 22:07:15,869][train][INFO] - {"epoch": 5, "train_loss": "45.483", "train_nll_loss": "1.172", "train_total": "179.799", "train_n_correct": "148.535", "train_ppl": "2.25", "train_accuracy": "82.612", "train_wps": "374.2", "train_ups": "2.08", "train_wpb": "179.8", "train_bsz": "9.7", "train_num_updates": "15880", "train_lr": "0.000414474", "train_gnorm": "21.849", "train_loss_scale": "128", "train_train_wall": "170", "train_gb_free": "75.7", "train_wall": "9001"}
[2026-06-13 22:07:16,303][trainer][INFO] - begin training epoch 6
[2026-06-13 22:07:16,303][main][INFO] - Start iterating over samples
[2026-06-13 22:08:12,868][train_inner][INFO] - {"epoch": 6, "update": 5.038, "loss": "41.911", "nll_loss": "0.977", "total": "179.67", "n_correct": "154.22", "ppl": "1.97", "accuracy": "85.835", "wps": "391.9", "ups": "2.18", "wpb": "179.7", "bsz": "9.8", "num_updates": "16000", "lr": "0.000407091", "gnorm": "19.485", "loss_scale": "128", "train_wall": "11", "gb_free": "75.7", "wall": "9058"}
[2026-06-13 22:09:45,124][train_inner][INFO] - {"epoch": 6, "update": 5.101, "loss": "40.613", "nll_loss": "0.924", "total": "181.555", "n_correct": "156.975", "ppl": "1.9", "accuracy": "86.461", "wps": "393.6", "ups": "2.17", "wpb": "181.6", "bsz": "10", "num_updates": "16200", "lr": "0.000395076", "gnorm": "20.091", "loss_scale": "128", "train_wall": "10", "gb_free": "75.7", "wall": "9150"}
[2026-06-13 22:11:13,196][train_inner][INFO] - {"epoch": 6, "update": 5.164, "loss": "44.06", "nll_loss": "0.931", "total": "176.39", "n_correct": "152.135", "ppl": "1.91", "accuracy": "86.249", "wps": "400.6", "ups": "2.27", "wpb": "176.4", "bsz": "9", "num_updates": "16400", "lr": "0.000383416", "gnorm": "20.122", "loss_scale": "256", "train_wall": "11", "gb_free": "75.7", "wall": "9238"}
[2026-06-13 22:12:45,169][train_inner][INFO] - {"epoch": 6, "update": 5.227, "loss": "40.973", "nll_loss": "0.941", "total": "181.675", "n_correct": "156.85", "ppl": "1.92", "accuracy": "86.335", "wps": "395.1", "ups": "2.17", "wpb": "181.7", "bsz": "10", "num_updates": "16600", "lr": "0.0003721", "gnorm": "19.332", "loss_scale": "256", "train_wall": "11", "gb_free": "75.7", "wall": "9330"}
[2026-06-13 22:14:21,786][train_inner][INFO] - {"epoch": 6, "update": 5.29, "loss": "39.361", "nll_loss": "0.882", "total": "183.545", "n_correct": "160.105", "ppl": "1.84", "accuracy": "87.229", "wps": "380", "ups": "2.07", "wpb": "183.5", "bsz": "10.2", "num_updates": "16800", "lr": "0.000361119", "gnorm": "18.169", "loss_scale": "256", "train_wall": "11", "gb_free": "75.7", "wall": "9427"}
[2026-06-13 22:15:54,889][train_inner][INFO] - {"epoch": 6, "update": 5.353, "loss": "41.22", "nll_loss": "0.906", "total": "179.29", "n_correct": "155.965", "ppl": "1.87", "accuracy": "86.99", "wps": "385.2", "ups": "2.15", "wpb": "179.3", "bsz": "9.6", "num_updates": "17000", "lr": "0.000350461", "gnorm": "19.283", "loss_scale": "256", "train_wall": "11", "gb_free": "75.7", "wall": "9520"}
[2026-06-13 22:17:26,575][train_inner][INFO] - {"epoch": 6, "update": 5.416, "loss": "42.631", "nll_loss": "0.943", "total": "182.66", "n_correct": "157.88", "ppl": "1.92", "accuracy": "86.434", "wps": "398.5", "ups": "2.18", "wpb": "182.7", "bsz": "9.6", "num_updates": "17200", "lr": "0.000340118", "gnorm": "19.563", "loss_scale": "256", "train_wall": "11", "gb_free": "75.7", "wall": "9612"}
[2026-06-13 22:18:56,609][train_inner][INFO] - {"epoch": 6, "update": 5.479, "loss": "43.174", "nll_loss": "0.927", "total": "177.635", "n_correct": "153.935", "ppl": "1.9", "accuracy": "86.658", "wps": "394.7", "ups": "2.22", "wpb": "177.6", "bsz": "9.2", "num_updates": "17400", "lr": "0.00033008", "gnorm": "19.331", "loss_scale": "256", "train_wall": "11", "gb_free": "75.7", "wall": "9702"}
[2026-06-13 22:20:27,769][train_inner][INFO] - {"epoch": 6, "update": 5.542, "loss": "41.304", "nll_loss": "0.898", "total": "180.2", "n_correct": "156.82", "ppl": "1.86", "accuracy": "87.026", "wps": "395.4", "ups": "2.19", "wpb": "180.2", "bsz": "9.6", "num_updates": "17600", "lr": "0.000320338", "gnorm": "19.191", "loss_scale": "256", "train_wall": "11", "gb_free": "75.7", "wall": "9793"}
[2026-06-13 22:22:02,850][train_inner][INFO] - {"epoch": 6, "update": 5.605, "loss": "41.809", "nll_loss": "0.875", "total": "183.14", "n_correct": "160.25", "ppl": "1.83", "accuracy": "87.501", "wps": "385.3", "ups": "2.1", "wpb": "183.1", "bsz": "9.6", "num_updates": "17800", "lr": "0.000310884", "gnorm": "18.821", "loss_scale": "256", "train_wall": "11", "gb_free": "75.7", "wall": "9888"}
[2026-06-13 22:23:36,517][train_inner][INFO] - {"epoch": 6, "update": 5.668, "loss": "38.412", "nll_loss": "0.91", "total": "176.32", "n_correct": "153.105", "ppl": "1.88", "accuracy": "86.834", "wps": "376.5", "ups": "2.14", "wpb": "176.3", "bsz": "10.2", "num_updates": "18000", "lr": "0.000301709", "gnorm": "18.962", "loss_scale": "256", "train_wall": "11", "gb_free": "75.7", "wall": "9982"}
[2026-06-13 22:25:08,244][train_inner][INFO] - {"epoch": 6, "update": 5.73, "loss": "40.285", "nll_loss": "0.884", "total": "179.7", "n_correct": "157.21", "ppl": "1.85", "accuracy": "87.485", "wps": "391.9", "ups": "2.18", "wpb": "179.7", "bsz": "9.8", "num_updates": "18200", "lr": "0.000292804", "gnorm": "19.087", "loss_scale": "256", "train_wall": "11", "gb_free": "75.7", "wall": "10073"}
[2026-06-13 22:26:41,328][train_inner][INFO] - {"epoch": 6, "update": 5.793, "loss": "40.134", "nll_loss": "0.89", "total": "180.685", "n_correct": "157.685", "ppl": "1.85", "accuracy": "87.271", "wps": "388.3", "ups": "2.15", "wpb": "180.7", "bsz": "9.9", "num_updates": "18400", "lr": "0.000284163", "gnorm": "17.915", "loss_scale": "256", "train_wall": "11", "gb_free": "75.7", "wall": "10167"}
[2026-06-13 22:28:17,771][train_inner][INFO] - {"epoch": 6, "update": 5.856, "loss": "37.683", "nll_loss": "0.858", "total": "179.465", "n_correct": "157.24", "ppl": "1.81", "accuracy": "87.616", "wps": "372.2", "ups": "2.07", "wpb": "179.5", "bsz": "10.3", "num_updates": "18600", "lr": "0.000275776", "gnorm": "17.252", "loss_scale": "256", "train_wall": "11", "gb_free": "75.7", "wall": "10263"}
[2026-06-13 22:29:51,755][train_inner][INFO] - {"epoch": 6, "update": 5.919, "loss": "39.936", "nll_loss": "0.863", "total": "179.14", "n_correct": "157.225", "ppl": "1.82", "accuracy": "87.767", "wps": "381.3", "ups": "2.13", "wpb": "179.1", "bsz": "9.7", "num_updates": "18800", "lr": "0.000267637", "gnorm": "18.563", "loss_scale": "256", "train_wall": "11", "gb_free": "75.7", "wall": "10357"}
[2026-06-13 22:31:19,113][train_inner][INFO] - {"epoch": 6, "update": 5.982, "loss": "43.693", "nll_loss": "0.848", "total": "175.545", "n_correct": "154.15", "ppl": "1.8", "accuracy": "87.812", "wps": "401.9", "ups": "2.29", "wpb": "175.5", "bsz": "8.7", "num_updates": "19000", "lr": "0.000259739", "gnorm": "18.941", "loss_scale": "256", "train_wall": "10", "gb_free": "75.7", "wall": "10444"}
[2026-06-13 22:31:43,235][main][INFO] - begin validation on "valid" subset
[2026-06-13 22:32:39,254][valid][INFO] - {"epoch": 6, "valid_loss": "39.959", "valid_nll_loss": "0.759", "valid_total": "178.205", "valid_n_correct": "158.394", "valid_ppl": "1.69", "valid_accuracy": "88.883", "valid_wps": "407.1", "valid_wpb": "178.2", "valid_bsz": "9.4", "valid_num_updates": "19056", "valid_best_accuracy": "88.883"}
[2026-06-13 22:32:39,255][fairseq.checkpoint_utils][INFO] - Preparing to save checkpoint for epoch 6 @ 19056 updates
[2026-06-13 22:32:39,256][trainer][INFO] - Saving checkpoint to checkpoints/checkpoint_best.pt
[2026-06-13 22:32:43,224][trainer][INFO] - Finished saving checkpoint to checkpoints/checkpoint_best.pt
[2026-06-13 22:32:48,560][fairseq.checkpoint_utils][INFO] - Saved checkpoint checkpoints/checkpoint_best.pt (epoch 6 @ 19056 updates, score 88.883) (writing took 9.305217988905497 seconds)
[2026-06-13 22:32:48,561][main][INFO] - end of epoch 6 (average epoch stats below)
[2026-06-13 22:32:48,571][train][INFO] - {"epoch": 6, "train_loss": "40.917", "train_nll_loss": "0.899", "train_total": "179.799", "train_n_correct": "156.501", "train_ppl": "1.86", "train_accuracy": "87.042", "train_wps": "372.6", "train_ups": "2.07", "train_wpb": "179.8", "train_bsz": "9.7", "train_num_updates": "19056", "train_lr": "0.000257569", "train_gnorm": "18.934", "train_loss_scale": "256", "train_train_wall": "169", "train_gb_free": "75.7", "train_wall": "10534"}
[2026-06-13 22:32:49,058][trainer][INFO] - begin training epoch 7
[2026-06-13 22:32:49,058][main][INFO] - Start iterating over samples
[2026-06-13 22:33:59,489][train_inner][INFO] - {"epoch": 7, "update": 6.045, "loss": "36.711", "nll_loss": "0.776", "total": "179.55", "n_correct": "160.095", "ppl": "1.71", "accuracy": "89.165", "wps": "223.9", "ups": "1.25", "wpb": "179.6", "bsz": "10.2", "num_updates": "19200", "lr": "0.000252073", "gnorm": "16.448", "loss_scale": "256", "train_wall": "11", "gb_free": "75.7", "wall": "10605"}
[2026-06-13 22:35:34,916][train_inner][INFO] - {"epoch": 7, "update": 6.108, "loss": "40.602", "nll_loss": "0.753", "total": "182.085", "n_correct": "162.745", "ppl": "1.68", "accuracy": "89.379", "wps": "381.7", "ups": "2.1", "wpb": "182.1", "bsz": "9.3", "num_updates": "19400", "lr": "0.000244633", "gnorm": "17.522", "loss_scale": "256", "train_wall": "11", "gb_free": "75.7", "wall": "10700"}
[2026-06-13 22:37:04,338][train_inner][INFO] - {"epoch": 7, "update": 6.171, "loss": "36.984", "nll_loss": "0.758", "total": "180.175", "n_correct": "160.825", "ppl": "1.69", "accuracy": "89.26", "wps": "403", "ups": "2.24", "wpb": "180.2", "bsz": "10.1", "num_updates": "19600", "lr": "0.000237414", "gnorm": "16.735", "loss_scale": "256", "train_wall": "11", "gb_free": "75.7", "wall": "10790"}
[2026-06-13 22:38:36,446][train_inner][INFO] - {"epoch": 7, "update": 6.234, "loss": "35.495", "nll_loss": "0.753", "total": "177.69", "n_correct": "158.885", "ppl": "1.69", "accuracy": "89.417", "wps": "385.9", "ups": "2.17", "wpb": "177.7", "bsz": "10.4", "num_updates": "19800", "lr": "0.000230407", "gnorm": "16.343", "loss_scale": "256", "train_wall": "11", "gb_free": "75.7", "wall": "10882"}
[2026-06-13 22:40:06,393][train_inner][INFO] - {"epoch": 7, "update": 6.297, "loss": "41.934", "nll_loss": "0.798", "total": "179.895", "n_correct": "159.435", "ppl": "1.74", "accuracy": "88.627", "wps": "400.1", "ups": "2.22", "wpb": "179.9", "bsz": "9.1", "num_updates": "20000", "lr": "0.000223607", "gnorm": "18.167", "loss_scale": "256", "train_wall": "11", "gb_free": "75.7", "wall": "10972"}
[2026-06-13 22:41:42,692][train_inner][INFO] - {"epoch": 7, "update": 6.36, "loss": "37.251", "nll_loss": "0.736", "total": "182.98", "n_correct": "164.295", "ppl": "1.67", "accuracy": "89.789", "wps": "380.1", "ups": "2.08", "wpb": "183", "bsz": "10.1", "num_updates": "20200", "lr": "0.000217007", "gnorm": "16.644", "loss_scale": "256", "train_wall": "11", "gb_free": "75.7", "wall": "11068"}
[2026-06-13 22:43:16,093][train_inner][INFO] - {"epoch": 7, "update": 6.423, "loss": "38.178", "nll_loss": "0.736", "total": "180.46", "n_correct": "161.95", "ppl": "1.67", "accuracy": "89.743", "wps": "386.5", "ups": "2.14", "wpb": "180.5", "bsz": "9.7", "num_updates": "20400", "lr": "0.000210603", "gnorm": "16.875", "loss_scale": "256", "train_wall": "11", "gb_free": "75.7", "wall": "11161"}
[2026-06-13 22:44:47,704][train_inner][INFO] - {"epoch": 7, "update": 6.486, "loss": "38.851", "nll_loss": "0.775", "total": "178.87", "n_correct": "159.615", "ppl": "1.71", "accuracy": "89.235", "wps": "390.5", "ups": "2.18", "wpb": "178.9", "bsz": "9.6", "num_updates": "20600", "lr": "0.000204387", "gnorm": "18.246", "loss_scale": "256", "train_wall": "11", "gb_free": "75.7", "wall": "11253"}
[2026-06-13 22:46:18,300][train_inner][INFO] - {"epoch": 7, "update": 6.549, "loss": "38.904", "nll_loss": "0.744", "total": "179.785", "n_correct": "160.96", "ppl": "1.67", "accuracy": "89.529", "wps": "396.9", "ups": "2.21", "wpb": "179.8", "bsz": "9.5", "num_updates": "20800", "lr": "0.000198355", "gnorm": "17.665", "loss_scale": "256", "train_wall": "11", "gb_free": "75.7", "wall": "11344"}
[2026-06-13 22:47:53,772][train_inner][INFO] - {"epoch": 7, "update": 6.612, "loss": "36.84", "nll_loss": "0.748", "total": "182.095", "n_correct": "162.64", "ppl": "1.68", "accuracy": "89.316", "wps": "381.5", "ups": "2.1", "wpb": "182.1", "bsz": "10.2", "num_updates": "21000", "lr": "0.000192501", "gnorm": "17.082", "loss_scale": "256", "train_wall": "11", "gb_free": "75.7", "wall": "11439"}
[2026-06-13 22:49:25,793][train_inner][INFO] - {"epoch": 7, "update": 6.675, "loss": "37.247", "nll_loss": "0.722", "total": "180.125", "n_correct": "162.175", "ppl": "1.65", "accuracy": "90.035", "wps": "391.5", "ups": "2.17", "wpb": "180.1", "bsz": "9.9", "num_updates": "21200", "lr": "0.00018682", "gnorm": "17.635", "loss_scale": "256", "train_wall": "11", "gb_free": "75.7", "wall": "11531"}
[2026-06-13 22:50:54,468][train_inner][INFO] - {"epoch": 7, "update": 6.738, "loss": "39.611", "nll_loss": "0.774", "total": "178.32", "n_correct": "159.29", "ppl": "1.71", "accuracy": "89.328", "wps": "402.2", "ups": "2.26", "wpb": "178.3", "bsz": "9.4", "num_updates": "21400", "lr": "0.000181306", "gnorm": "17.751", "loss_scale": "256", "train_wall": "10", "gb_free": "75.7", "wall": "11620"}
[2026-06-13 22:52:23,869][train_inner][INFO] - {"epoch": 7, "update": 6.801, "loss": "41.445", "nll_loss": "0.726", "total": "178.405", "n_correct": "160.62", "ppl": "1.65", "accuracy": "90.031", "wps": "399.2", "ups": "2.24", "wpb": "178.4", "bsz": "8.8", "num_updates": "21600", "lr": "0.000175955", "gnorm": "18.339", "loss_scale": "256", "train_wall": "11", "gb_free": "75.7", "wall": "11709"}
[2026-06-13 22:53:55,774][train_inner][INFO] - {"epoch": 7, "update": 6.864, "loss": "38.735", "nll_loss": "0.728", "total": "180", "n_correct": "162", "ppl": "1.66", "accuracy": "90", "wps": "391.8", "ups": "2.18", "wpb": "180", "bsz": "9.5", "num_updates": "21800", "lr": "0.000170762", "gnorm": "18.081", "loss_scale": "256", "train_wall": "11", "gb_free": "75.7", "wall": "11801"}
[2026-06-13 22:55:23,685][train_inner][INFO] - {"epoch": 7, "update": 6.927, "loss": "38.585", "nll_loss": "0.742", "total": "176.71", "n_correct": "158.55", "ppl": "1.67", "accuracy": "89.723", "wps": "402.1", "ups": "2.28", "wpb": "176.7", "bsz": "9.4", "num_updates": "22000", "lr": "0.000165723", "gnorm": "17.594", "loss_scale": "256", "train_wall": "11", "gb_free": "75.7", "wall": "11889"}
[2026-06-13 22:56:53,486][train_inner][INFO] - {"epoch": 7, "update": 6.99, "loss": "37.631", "nll_loss": "0.731", "total": "178.495", "n_correct": "160.565", "ppl": "1.66", "accuracy": "89.955", "wps": "397.6", "ups": "2.23", "wpb": "178.5", "bsz": "9.7", "num_updates": "22200", "lr": "0.000160832", "gnorm": "16.83", "loss_scale": "256", "train_wall": "11", "gb_free": "75.7", "wall": "11979"}
[2026-06-13 22:57:06,976][main][INFO] - end of epoch 7 (average epoch stats below)
[2026-06-13 22:57:06,986][train][INFO] - {"epoch": 7, "train_loss": "38.383", "train_nll_loss": "0.749", "train_total": "179.799", "train_n_correct": "161.012", "train_ppl": "1.68", "train_accuracy": "89.551", "train_wps": "391.6", "train_ups": "2.18", "train_wpb": "179.8", "train_bsz": "9.7", "train_num_updates": "22232", "train_lr": "0.000160063", "train_gnorm": "17.392", "train_loss_scale": "256", "train_train_wall": "169", "train_gb_free": "75.7", "train_wall": "11992"}
[2026-06-13 22:57:07,482][trainer][INFO] - begin training epoch 8
[2026-06-13 22:57:07,482][main][INFO] - Start iterating over samples
[2026-06-13 22:58:24,232][train_inner][INFO] - {"epoch": 8, "update": 7.053, "loss": "38.9", "nll_loss": "0.669", "total": "183.345", "n_correct": "166.76", "ppl": "1.59", "accuracy": "90.954", "wps": "404.1", "ups": "2.2", "wpb": "183.3", "bsz": "9.4", "num_updates": "22400", "lr": "0.000156085", "gnorm": "16.901", "loss_scale": "256", "train_wall": "11", "gb_free": "75.7", "wall": "12069"}
[2026-06-13 22:59:55,771][train_inner][INFO] - {"epoch": 8, "update": 7.116, "loss": "37.177", "nll_loss": "0.672", "total": "179.435", "n_correct": "163.285", "ppl": "1.59", "accuracy": "91", "wps": "392.1", "ups": "2.19", "wpb": "179.4", "bsz": "9.7", "num_updates": "22600", "lr": "0.000151479", "gnorm": "17.08", "loss_scale": "256", "train_wall": "11", "gb_free": "75.7", "wall": "12161"}
[2026-06-13 23:01:31,164][train_inner][INFO] - {"epoch": 8, "update": 7.179, "loss": "35.816", "nll_loss": "0.681", "total": "181.61", "n_correct": "164.96", "ppl": "1.6", "accuracy": "90.832", "wps": "380.8", "ups": "2.1", "wpb": "181.6", "bsz": "10.2", "num_updates": "22800", "lr": "0.000147008", "gnorm": "16.294", "loss_scale": "256", "train_wall": "11", "gb_free": "75.7", "wall": "12256"}
[2026-06-13 23:02:59,393][train_inner][INFO] - {"epoch": 8, "update": 7.242, "loss": "40.091", "nll_loss": "0.643", "total": "180.78", "n_correct": "165.41", "ppl": "1.56", "accuracy": "91.498", "wps": "409.8", "ups": "2.27", "wpb": "180.8", "bsz": "8.9", "num_updates": "23000", "lr": "0.000142669", "gnorm": "17.085", "loss_scale": "256", "train_wall": "11", "gb_free": "75.7", "wall": "12345"}
[2026-06-13 23:04:29,907][train_inner][INFO] - {"epoch": 8, "update": 7.305, "loss": "35.944", "nll_loss": "0.628", "total": "176.93", "n_correct": "162.4", "ppl": "1.55", "accuracy": "91.788", "wps": "391", "ups": "2.21", "wpb": "176.9", "bsz": "9.7", "num_updates": "23200", "lr": "0.000138459", "gnorm": "15.594", "loss_scale": "256", "train_wall": "11", "gb_free": "75.7", "wall": "12435"}
[2026-06-13 23:06:04,670][train_inner][INFO] - {"epoch": 8, "update": 7.368, "loss": "34.893", "nll_loss": "0.664", "total": "179.45", "n_correct": "163.57", "ppl": "1.58", "accuracy": "91.151", "wps": "378.8", "ups": "2.11", "wpb": "179.4", "bsz": "10.2", "num_updates": "23400", "lr": "0.000134372", "gnorm": "14.95", "loss_scale": "256", "train_wall": "11", "gb_free": "75.7", "wall": "12530"}
[2026-06-13 23:07:35,563][train_inner][INFO] - {"epoch": 8, "update": 7.431, "loss": "36.08", "nll_loss": "0.623", "total": "175.58", "n_correct": "160.975", "ppl": "1.54", "accuracy": "91.682", "wps": "386.4", "ups": "2.2", "wpb": "175.6", "bsz": "9.5", "num_updates": "23600", "lr": "0.000130407", "gnorm": "15.54", "loss_scale": "256", "train_wall": "11", "gb_free": "75.7", "wall": "12621"}
[2026-06-13 23:09:05,374][train_inner][INFO] - {"epoch": 8, "update": 7.494, "loss": "36.924", "nll_loss": "0.657", "total": "179.02", "n_correct": "163.015", "ppl": "1.58", "accuracy": "91.06", "wps": "398.7", "ups": "2.23", "wpb": "179", "bsz": "9.6", "num_updates": "23800", "lr": "0.000126558", "gnorm": "16.194", "loss_scale": "256", "train_wall": "11", "gb_free": "75.7", "wall": "12711"}
[2026-06-13 23:10:35,677][train_inner][INFO] - {"epoch": 8, "update": 7.557, "loss": "38.685", "nll_loss": "0.632", "total": "181.39", "n_correct": "166.24", "ppl": "1.55", "accuracy": "91.648", "wps": "401.8", "ups": "2.22", "wpb": "181.4", "bsz": "9.2", "num_updates": "24000", "lr": "0.000122823", "gnorm": "16.866", "loss_scale": "256", "train_wall": "11", "gb_free": "75.7", "wall": "12801"}
[2026-06-13 23:10:40,555][trainer][INFO] - NOTE: gradient overflow detected, ignoring gradient, setting loss scale to: 128.0
[2026-06-13 23:10:49,692][trainer][INFO] - NOTE: gradient overflow detected, ignoring gradient, setting loss scale to: 64.0
[2026-06-13 23:12:11,788][train_inner][INFO] - {"epoch": 8, "update": 7.62, "loss": "36.867", "nll_loss": "0.707", "total": "179.58", "n_correct": "162.32", "ppl": "1.63", "accuracy": "90.389", "wps": "373.7", "ups": "2.08", "wpb": "179.6", "bsz": "9.9", "num_updates": "24200", "lr": "0.000119198", "gnorm": "89.552", "loss_scale": "64", "train_wall": "20", "gb_free": "73.7", "wall": "12897"}
[2026-06-13 23:13:46,383][train_inner][INFO] - {"epoch": 8, "update": 7.683, "loss": "36.522", "nll_loss": "0.67", "total": "181.235", "n_correct": "164.865", "ppl": "1.59", "accuracy": "90.968", "wps": "383.2", "ups": "2.11", "wpb": "181.2", "bsz": "9.9", "num_updates": "24400", "lr": "0.00011568", "gnorm": "74.108", "loss_scale": "64", "train_wall": "16", "gb_free": "73.6", "wall": "12992"}
[2026-06-13 23:15:15,145][train_inner][INFO] - {"epoch": 8, "update": 7.746, "loss": "39.063", "nll_loss": "0.688", "total": "180.07", "n_correct": "162.975", "ppl": "1.61", "accuracy": "90.506", "wps": "405.8", "ups": "2.25", "wpb": "180.1", "bsz": "9.3", "num_updates": "24600", "lr": "0.000112266", "gnorm": "77.467", "loss_scale": "64", "train_wall": "16", "gb_free": "73.7", "wall": "13080"}
[2026-06-13 23:16:47,664][train_inner][INFO] - {"epoch": 8, "update": 7.809, "loss": "37.26", "nll_loss": "0.688", "total": "179.62", "n_correct": "162.265", "ppl": "1.61", "accuracy": "90.338", "wps": "388.3", "ups": "2.16", "wpb": "179.6", "bsz": "9.7", "num_updates": "24800", "lr": "0.000108953", "gnorm": "78.427", "loss_scale": "64", "train_wall": "16", "gb_free": "73.7", "wall": "13173"}
[2026-06-13 23:18:21,581][train_inner][INFO] - {"epoch": 8, "update": 7.872, "loss": "34.675", "nll_loss": "0.701", "total": "180.195", "n_correct": "162.83", "ppl": "1.63", "accuracy": "90.363", "wps": "383.8", "ups": "2.13", "wpb": "180.2", "bsz": "10.5", "num_updates": "25000", "lr": "0.000105737", "gnorm": "75.309", "loss_scale": "64", "train_wall": "16", "gb_free": "73.7", "wall": "13267"}
[2026-06-13 23:19:53,020][train_inner][INFO] - {"epoch": 8, "update": 7.935, "loss": "38.074", "nll_loss": "0.685", "total": "181.17", "n_correct": "164.205", "ppl": "1.61", "accuracy": "90.636", "wps": "396.3", "ups": "2.19", "wpb": "181.2", "bsz": "9.5", "num_updates": "25200", "lr": "0.000102617", "gnorm": "76.36", "loss_scale": "64", "train_wall": "16", "gb_free": "73.6", "wall": "13358"}
[2026-06-13 23:21:21,075][train_inner][INFO] - {"epoch": 8, "update": 7.998, "loss": "37.025", "nll_loss": "0.68", "total": "177.715", "n_correct": "161.125", "ppl": "1.6", "accuracy": "90.665", "wps": "403.7", "ups": "2.27", "wpb": "177.7", "bsz": "9.6", "num_updates": "25400", "lr": "9.9588e-05", "gnorm": "68.019", "loss_scale": "64", "train_wall": "16", "gb_free": "73.7", "wall": "13446"}
[2026-06-13 23:21:24,010][main][INFO] - begin validation on "valid" subset
[2026-06-13 23:22:21,003][valid][INFO] - {"epoch": 8, "valid_loss": "38.489", "valid_nll_loss": "0.677", "valid_total": "178.205", "valid_n_correct": "161.394", "valid_ppl": "1.6", "valid_accuracy": "90.566", "valid_wps": "399.4", "valid_wpb": "178.2", "valid_bsz": "9.4", "valid_num_updates": "25406", "valid_best_accuracy": "90.566"}
[2026-06-13 23:22:21,005][fairseq.checkpoint_utils][INFO] - Preparing to save checkpoint for epoch 8 @ 25406 updates
[2026-06-13 23:22:21,006][trainer][INFO] - Saving checkpoint to checkpoints/checkpoint_best.pt
[2026-06-13 23:22:25,049][trainer][INFO] - Finished saving checkpoint to checkpoints/checkpoint_best.pt
[2026-06-13 23:22:30,340][fairseq.checkpoint_utils][INFO] - Saved checkpoint checkpoints/checkpoint_best.pt (epoch 8 @ 25406 updates, score 90.566) (writing took 9.334923999966122 seconds)
[2026-06-13 23:22:30,340][main][INFO] - end of epoch 8 (average epoch stats below)
[2026-06-13 23:22:30,351][train][INFO] - {"epoch": 8, "train_loss": "36.984", "train_nll_loss": "0.667", "train_total": "179.816", "train_n_correct": "163.618", "train_ppl": "1.59", "train_accuracy": "90.992", "train_wps": "374.7", "train_ups": "2.08", "train_wpb": "179.8", "train_bsz": "9.7", "train_num_updates": "25406", "train_lr": "9.94985e-05", "train_gnorm": "43.115", "train_loss_scale": "64", "train_train_wall": "209", "train_gb_free": "73.7", "train_wall": "13516"}
[2026-06-13 23:22:30,856][trainer][INFO] - begin training epoch 9
[2026-06-13 23:22:30,856][main][INFO] - Start iterating over samples
[2026-06-13 23:23:59,367][train_inner][INFO] - {"epoch": 9, "update": 8.061, "loss": "37.748", "nll_loss": "0.579", "total": "179.075", "n_correct": "165.45", "ppl": "1.49", "accuracy": "92.391", "wps": "226.3", "ups": "1.26", "wpb": "179.1", "bsz": "9.1", "num_updates": "25600", "lr": "9.66488e-05", "gnorm": "61.826", "loss_scale": "64", "train_wall": "16", "gb_free": "73.6", "wall": "13605"}
[2026-06-13 23:25:32,359][train_inner][INFO] - {"epoch": 9, "update": 8.124, "loss": "35.256", "nll_loss": "0.584", "total": "178.83", "n_correct": "165.195", "ppl": "1.5", "accuracy": "92.375", "wps": "384.7", "ups": "2.15", "wpb": "178.8", "bsz": "9.7", "num_updates": "25800", "lr": "9.37964e-05", "gnorm": "60.634", "loss_scale": "64", "train_wall": "16", "gb_free": "73.8", "wall": "13698"}
[2026-06-13 23:27:04,441][train_inner][INFO] - {"epoch": 9, "update": 8.187, "loss": "34.954", "nll_loss": "0.593", "total": "179.635", "n_correct": "165.56", "ppl": "1.51", "accuracy": "92.165", "wps": "390.2", "ups": "2.17", "wpb": "179.6", "bsz": "9.9", "num_updates": "26000", "lr": "9.10282e-05", "gnorm": "59.463", "loss_scale": "64", "train_wall": "16", "gb_free": "74", "wall": "13790"}
[2026-06-13 23:28:36,998][train_inner][INFO] - {"epoch": 9, "update": 8.25, "loss": "35.838", "nll_loss": "0.57", "total": "176.08", "n_correct": "163.085", "ppl": "1.48", "accuracy": "92.62", "wps": "380.5", "ups": "2.16", "wpb": "176.1", "bsz": "9.4", "num_updates": "26200", "lr": "8.83417e-05", "gnorm": "59.857", "loss_scale": "64", "train_wall": "16", "gb_free": "73.7", "wall": "13882"}
[2026-06-13 23:30:12,931][train_inner][INFO] - {"epoch": 9, "update": 8.313, "loss": "34.927", "nll_loss": "0.586", "total": "180.595", "n_correct": "166.99", "ppl": "1.5", "accuracy": "92.467", "wps": "376.5", "ups": "2.09", "wpb": "180.6", "bsz": "9.9", "num_updates": "26400", "lr": "8.57345e-05", "gnorm": "60.343", "loss_scale": "64", "train_wall": "16", "gb_free": "74.5", "wall": "13978"}
[2026-06-13 23:31:48,371][train_inner][INFO] - {"epoch": 9, "update": 8.376, "loss": "34.548", "nll_loss": "0.59", "total": "180.66", "n_correct": "167.005", "ppl": "1.51", "accuracy": "92.442", "wps": "378.6", "ups": "2.1", "wpb": "180.7", "bsz": "10.1", "num_updates": "26600", "lr": "8.32042e-05", "gnorm": "57.585", "loss_scale": "64", "train_wall": "16", "gb_free": "73.6", "wall": "14074"}
[2026-06-13 23:33:09,903][trainer][INFO] - NOTE: gradient overflow detected, ignoring gradient, setting loss scale to: 32.0
[2026-06-13 23:33:17,531][train_inner][INFO] - {"epoch": 9, "update": 8.439, "loss": "35.97", "nll_loss": "0.584", "total": "177.62", "n_correct": "164.13", "ppl": "1.5", "accuracy": "92.405", "wps": "398.5", "ups": "2.24", "wpb": "177.6", "bsz": "9.5", "num_updates": "26800", "lr": "8.07486e-05", "gnorm": "59.723", "loss_scale": "32", "train_wall": "16", "gb_free": "73.6", "wall": "14163"}
[2026-06-13 23:34:48,941][train_inner][INFO] - {"epoch": 9, "update": 8.502, "loss": "36.582", "nll_loss": "0.589", "total": "178.47", "n_correct": "164.625", "ppl": "1.5", "accuracy": "92.242", "wps": "390.5", "ups": "2.19", "wpb": "178.5", "bsz": "9.4", "num_updates": "27000", "lr": "7.83654e-05", "gnorm": "59.744", "loss_scale": "32", "train_wall": "16", "gb_free": "73.8", "wall": "14254"}
[2026-06-13 23:36:24,351][train_inner][INFO] - {"epoch": 9, "update": 8.565, "loss": "34.341", "nll_loss": "0.58", "total": "181.27", "n_correct": "167.545", "ppl": "1.49", "accuracy": "92.428", "wps": "380", "ups": "2.1", "wpb": "181.3", "bsz": "10.1", "num_updates": "27200", "lr": "7.60526e-05", "gnorm": "55.476", "loss_scale": "32", "train_wall": "16", "gb_free": "74.7", "wall": "14350"}
[2026-06-13 23:38:02,639][train_inner][INFO] - {"epoch": 9, "update": 8.628, "loss": "33.141", "nll_loss": "0.591", "total": "181.19", "n_correct": "167.48", "ppl": "1.51", "accuracy": "92.433", "wps": "368.7", "ups": "2.04", "wpb": "181.2", "bsz": "10.5", "num_updates": "27400", "lr": "7.38081e-05", "gnorm": "54.096", "loss_scale": "32", "train_wall": "16", "gb_free": "74", "wall": "14448"}
[2026-06-13 23:39:32,942][train_inner][INFO] - {"epoch": 9, "update": 8.691, "loss": "37.916", "nll_loss": "0.57", "total": "180.09", "n_correct": "167.035", "ppl": "1.48", "accuracy": "92.751", "wps": "398.9", "ups": "2.22", "wpb": "180.1", "bsz": "9.1", "num_updates": "27600", "lr": "7.16298e-05", "gnorm": "59.59", "loss_scale": "32", "train_wall": "16", "gb_free": "73.5", "wall": "14538"}
[2026-06-13 23:41:08,891][train_inner][INFO] - {"epoch": 9, "update": 8.754, "loss": "33.492", "nll_loss": "0.573", "total": "180.775", "n_correct": "167.32", "ppl": "1.49", "accuracy": "92.557", "wps": "376.9", "ups": "2.08", "wpb": "180.8", "bsz": "10.3", "num_updates": "27800", "lr": "6.95158e-05", "gnorm": "57.175", "loss_scale": "32", "train_wall": "16", "gb_free": "73.6", "wall": "14634"}
[2026-06-13 23:42:42,335][train_inner][INFO] - {"epoch": 9, "update": 8.817, "loss": "34.845", "nll_loss": "0.578", "total": "181.72", "n_correct": "168.1", "ppl": "1.49", "accuracy": "92.505", "wps": "389", "ups": "2.14", "wpb": "181.7", "bsz": "10", "num_updates": "28000", "lr": "6.74641e-05", "gnorm": "57.182", "loss_scale": "32", "train_wall": "16", "gb_free": "73.6", "wall": "14728"}
[2026-06-13 23:44:16,151][train_inner][INFO] - {"epoch": 9, "update": 8.88, "loss": "34.186", "nll_loss": "0.583", "total": "178.56", "n_correct": "164.705", "ppl": "1.5", "accuracy": "92.241", "wps": "380.7", "ups": "2.13", "wpb": "178.6", "bsz": "10", "num_updates": "28200", "lr": "6.54731e-05", "gnorm": "56.643", "loss_scale": "32", "train_wall": "16", "gb_free": "74", "wall": "14821"}
[2026-06-13 23:45:48,558][train_inner][INFO] - {"epoch": 9, "update": 8.943, "loss": "37.16", "nll_loss": "0.545", "total": "182.72", "n_correct": "170.185", "ppl": "1.46", "accuracy": "93.14", "wps": "395.5", "ups": "2.16", "wpb": "182.7", "bsz": "9.3", "num_updates": "28400", "lr": "6.35408e-05", "gnorm": "57.042", "loss_scale": "32", "train_wall": "16", "gb_free": "73.5", "wall": "14914"}
[2026-06-13 23:47:12,005][main][INFO] - end of epoch 9 (average epoch stats below)
[2026-06-13 23:47:12,015][train][INFO] - {"epoch": 9, "train_loss": "35.511", "train_nll_loss": "0.58", "train_total": "179.807", "train_n_correct": "166.265", "train_ppl": "1.5", "train_accuracy": "92.469", "train_wps": "385.3", "train_ups": "2.14", "train_wpb": "179.8", "train_bsz": "9.7", "train_num_updates": "28581", "train_lr": "6.18412e-05", "train_gnorm": "58.581", "train_loss_scale": "32", "train_train_wall": "251", "train_gb_free": "73.4", "train_wall": "14997"}
[2026-06-13 23:47:12,498][trainer][INFO] - begin training epoch 10
[2026-06-13 23:47:12,498][main][INFO] - Start iterating over samples
[2026-06-13 23:47:21,705][train_inner][INFO] - {"epoch": 10, "update": 9.006, "loss": "38.233", "nll_loss": "0.576", "total": "179.855", "n_correct": "166.56", "ppl": "1.49", "accuracy": "92.608", "wps": "386.2", "ups": "2.15", "wpb": "179.9", "bsz": "9", "num_updates": "28600", "lr": "6.16655e-05", "gnorm": "59.58", "loss_scale": "32", "train_wall": "16", "gb_free": "73.8", "wall": "15007"}
[2026-06-13 23:48:58,692][train_inner][INFO] - {"epoch": 10, "update": 9.069, "loss": "33.551", "nll_loss": "0.488", "total": "183.5", "n_correct": "173.06", "ppl": "1.4", "accuracy": "94.311", "wps": "378.5", "ups": "2.06", "wpb": "183.5", "bsz": "10", "num_updates": "28800", "lr": "5.98455e-05", "gnorm": "44.597", "loss_scale": "32", "train_wall": "16", "gb_free": "73.9", "wall": "15104"}
[2026-06-13 23:50:31,144][train_inner][INFO] - {"epoch": 10, "update": 9.132, "loss": "34.311", "nll_loss": "0.479", "total": "176.545", "n_correct": "166.475", "ppl": "1.39", "accuracy": "94.296", "wps": "382", "ups": "2.16", "wpb": "176.5", "bsz": "9.4", "num_updates": "29000", "lr": "5.80793e-05", "gnorm": "45.111", "loss_scale": "32", "train_wall": "16", "gb_free": "74.1", "wall": "15196"}
[2026-06-13 23:52:05,970][train_inner][INFO] - {"epoch": 10, "update": 9.195, "loss": "34.793", "nll_loss": "0.494", "total": "179.705", "n_correct": "168.905", "ppl": "1.41", "accuracy": "93.99", "wps": "379.1", "ups": "2.11", "wpb": "179.7", "bsz": "9.5", "num_updates": "29200", "lr": "5.63652e-05", "gnorm": "48.674", "loss_scale": "32", "train_wall": "16", "gb_free": "74.5", "wall": "15291"}
[2026-06-13 23:53:38,034][train_inner][INFO] - {"epoch": 10, "update": 9.258, "loss": "35.152", "nll_loss": "0.475", "total": "178.255", "n_correct": "168.18", "ppl": "1.39", "accuracy": "94.348", "wps": "387.3", "ups": "2.17", "wpb": "178.3", "bsz": "9.2", "num_updates": "29400", "lr": "5.47017e-05", "gnorm": "43.633", "loss_scale": "32", "train_wall": "16", "gb_free": "73.7", "wall": "15383"}
[2026-06-13 23:55:11,683][train_inner][INFO] - {"epoch": 10, "update": 9.321, "loss": "34.94", "nll_loss": "0.48", "total": "181.02", "n_correct": "170.74", "ppl": "1.39", "accuracy": "94.321", "wps": "386.6", "ups": "2.14", "wpb": "181", "bsz": "9.5", "num_updates": "29600", "lr": "5.30873e-05", "gnorm": "45.929", "loss_scale": "32", "train_wall": "16", "gb_free": "74.9", "wall": "15477"}
[2026-06-13 23:56:48,148][train_inner][INFO] - {"epoch": 10, "update": 9.384, "loss": "32.14", "nll_loss": "0.51", "total": "182.265", "n_correct": "170.835", "ppl": "1.42", "accuracy": "93.729", "wps": "378", "ups": "2.07", "wpb": "182.3", "bsz": "10.5", "num_updates": "29800", "lr": "5.15205e-05", "gnorm": "48.987", "loss_scale": "32", "train_wall": "16", "gb_free": "73.7", "wall": "15573"}
[2026-06-13 23:58:21,763][train_inner][INFO] - {"epoch": 10, "update": 9.447, "loss": "33.186", "nll_loss": "0.459", "total": "179.715", "n_correct": "170.36", "ppl": "1.37", "accuracy": "94.795", "wps": "384", "ups": "2.14", "wpb": "179.7", "bsz": "9.8", "num_updates": "30000", "lr": "5e-05", "gnorm": "44.992", "loss_scale": "32", "train_wall": "16", "gb_free": "73.6", "wall": "15667"}
[2026-06-13 23:58:21,763][main][INFO] - Stopping training due to num_updates: 30000 >= max_update: 30000
[2026-06-13 23:58:21,764][main][INFO] - begin validation on "valid" subset
[2026-06-13 23:59:16,142][valid][INFO] - {"epoch": 10, "valid_loss": "37.387", "valid_nll_loss": "0.627", "valid_total": "178.205", "valid_n_correct": "163.063", "valid_ppl": "1.54", "valid_accuracy": "91.503", "valid_wps": "419.9", "valid_wpb": "178.2", "valid_bsz": "9.4", "valid_num_updates": "30000", "valid_best_accuracy": "91.503"}
[2026-06-13 23:59:16,143][fairseq.checkpoint_utils][INFO] - Preparing to save checkpoint for epoch 10 @ 30000 updates
[2026-06-13 23:59:16,144][trainer][INFO] - Saving checkpoint to checkpoints/checkpoint_best.pt
[2026-06-13 23:59:20,168][trainer][INFO] - Finished saving checkpoint to checkpoints/checkpoint_best.pt
[2026-06-13 23:59:25,359][fairseq.checkpoint_utils][INFO] - Saved checkpoint checkpoints/checkpoint_best.pt (epoch 10 @ 30000 updates, score 91.503) (writing took 9.21568327897694 seconds)
[2026-06-13 23:59:25,361][main][INFO] - end of epoch 10 (average epoch stats below)
[2026-06-13 23:59:25,370][train][INFO] - {"epoch": 10, "train_loss": "33.978", "train_nll_loss": "0.484", "train_total": "180.173", "train_n_correct": "169.836", "train_ppl": "1.4", "train_accuracy": "94.262", "train_wps": "348.6", "train_ups": "1.93", "train_wpb": "180.2", "train_bsz": "9.7", "train_num_updates": "30000", "train_lr": "5e-05", "train_gnorm": "45.986", "train_loss_scale": "32", "train_train_wall": "113", "train_gb_free": "73.6", "train_wall": "15731"}
[2026-06-13 23:59:25,370][main][INFO] - done training in 15729.7 seconds
