/base/project/AudioVideo2Txt/main.py:27: UserWarning: 
The version_base parameter is not specified.
Please specify a compatability version level, or None.
Will assume defaults for version 1.1
  @hydra.main(config_path="configs", config_name="video2text")
/opt/conda/envs/rzd/lib/python3.10/site-packages/hydra/core/default_element.py:124: UserWarning: In 'audiovideo2text.yaml': Usage of deprecated keyword in package header '# @package _group_'.
See https://hydra.cc/docs/1.2/upgrades/1.0_to_1.1/changes_to_package_header for more information
  deprecation_warning(
sys:1: UserWarning: 
'audiovideo2text.yaml' is validated against ConfigStore schema with the same name.
This behavior is deprecated in Hydra 1.1 and will be removed in Hydra 1.2.
See https://hydra.cc/docs/1.2/upgrades/1.0_to_1.1/automatic_schema_matching for migration instructions.
/opt/conda/envs/rzd/lib/python3.10/site-packages/hydra/main.py:94: UserWarning: 
'audiovideo2text.yaml' is validated against ConfigStore schema with the same name.
This behavior is deprecated in Hydra 1.1 and will be removed in Hydra 1.2.
See https://hydra.cc/docs/1.2/upgrades/1.0_to_1.1/automatic_schema_matching for migration instructions.
  _run_hydra(
/opt/conda/envs/rzd/lib/python3.10/site-packages/hydra/_internal/hydra.py:119: UserWarning: Future Hydra versions will no longer change working directory at job runtime by default.
See https://hydra.cc/docs/1.2/upgrades/1.1_to_1.2/changes_to_job_working_dir/ for more information.
  ret = run_job(
[2026-06-13 14:56:45,111][main][INFO] - {'_name': None, 'common': {'_name': None, 'no_progress_bar': False, 'log_interval': 200, 'log_format': json, 'log_file': None, 'tensorboard_logdir': 'tblog', 'wandb_project': None, 'azureml_logging': False, 'seed': 1337, 'cpu': False, 'tpu': False, 'bf16': False, 'memory_efficient_bf16': False, 'fp16': True, 'memory_efficient_fp16': False, 'fp16_no_flatten_grads': False, 'fp16_init_scale': 128, 'fp16_scale_window': None, 'fp16_scale_tolerance': 0.0, 'on_cpu_convert_precision': False, 'min_loss_scale': 0.0001, 'threshold_loss_scale': None, 'amp': False, 'amp_batch_retries': 2, 'amp_init_scale': 128, 'amp_scale_window': None, 'user_dir': '/base/project/AudioVideo2Txt', 'empty_cache_freq': 0, 'all_gather_list_size': 16384, 'model_parallel_size': 1, 'quantization_config_path': None, 'profile': False, 'reset_logging': False, 'suppress_crashes': False, 'use_plasma_view': False, 'plasma_path': '/tmp/plasma'}, 'common_eval': {'_name': None, 'path': None, 'post_process': None, 'quiet': False, 'model_overrides': '{}', 'results_path': None}, 'distributed_training': {'_name': None, 'distributed_world_size': 1, 'distributed_num_procs': 1, 'distributed_rank': 0, 'distributed_backend': 'nccl', 'distributed_init_method': None, 'distributed_port': -1, 'device_id': 0, 'distributed_no_spawn': False, 'ddp_backend': c10d, 'ddp_comm_hook': none, 'bucket_cap_mb': 25, 'fix_batches_to_gpus': False, 'find_unused_parameters': True, 'fast_stat_sync': False, 'heartbeat_timeout': -1, 'broadcast_buffers': False, 'slowmo_momentum': None, 'slowmo_algorithm': 'LocalSGD', 'localsgd_frequency': 3, 'nprocs_per_node': 1, 'pipeline_model_parallel': False, 'pipeline_balance': None, 'pipeline_devices': None, 'pipeline_chunks': 0, 'pipeline_encoder_balance': None, 'pipeline_encoder_devices': None, 'pipeline_decoder_balance': None, 'pipeline_decoder_devices': None, 'pipeline_checkpoint': never, 'zero_sharding': none, 'fp16': '${common.fp16}', 'memory_efficient_fp16': '${common.memory_efficient_fp16}', 'tpu': '${common.tpu}', 'no_reshard_after_forward': False, 'fp32_reduce_scatter': False, 'cpu_offload': False, 'use_sharded_state': False}, 'dataset': {'_name': None, 'num_workers': 0, 'skip_invalid_size_inputs_valid_test': False, 'max_tokens': 1000, 'batch_size': None, 'required_batch_size_multiple': 8, 'required_seq_len_multiple': 1, 'dataset_impl': None, 'data_buffer_size': 10, 'train_subset': 'train', 'valid_subset': 'valid', 'combine_valid_subsets': None, 'ignore_unused_valid_subsets': False, 'validate_interval': 2, 'validate_interval_updates': 0, 'validate_after_updates': 0, 'fixed_validation_seed': None, 'disable_validation': False, 'max_tokens_valid': '${dataset.max_tokens}', 'batch_size_valid': '${dataset.batch_size}', 'max_valid_steps': None, 'curriculum': 0, 'gen_subset': 'test', 'num_shards': 1, 'shard_id': 0}, 'optimization': {'_name': None, 'max_epoch': 0, 'max_update': 30000, 'stop_time_hours': 0.0, 'clip_norm': 0.0, 'sentence_avg': True, 'update_freq': [1], 'lr': [0.001], 'stop_min_lr': -1.0, 'use_bmuf': False}, 'checkpoint': {'_name': None, 'save_dir': 'checkpoints', 'restore_file': 'checkpoint_last.pt', 'finetune_from_model': None, 'reset_dataloader': False, 'reset_lr_scheduler': False, 'reset_meters': False, 'reset_optimizer': False, 'optimizer_overrides': '{}', 'save_interval': 2, 'save_interval_updates': 0, 'keep_interval_updates': 1, 'keep_interval_updates_pattern': -1, 'keep_last_epochs': -1, 'keep_best_checkpoints': -1, 'no_save': False, 'no_epoch_checkpoints': True, 'no_last_checkpoints': False, 'no_save_optimizer_state': False, 'best_checkpoint_metric': 'accuracy', 'maximize_best_checkpoint_metric': True, 'patience': -1, 'checkpoint_suffix': '', 'checkpoint_shard_count': 1, 'load_checkpoint_on_all_dp_ranks': False, 'write_checkpoints_asynchronously': False, 'model_parallel_size': '${common.model_parallel_size}'}, 'bmuf': {'_name': None, 'block_lr': 1.0, 'block_momentum': 0.875, 'global_sync_iter': 50, 'warmup_iterations': 500, 'use_nbm': False, 'average_sync': False, 'distributed_world_size': '${distributed_training.distributed_world_size}'}, 'generation': {'_name': None, 'beam': 5, 'nbest': 1, 'max_len_a': 0.0, 'max_len_b': 200, 'min_len': 1, 'match_source_len': False, 'unnormalized': False, 'no_early_stop': False, 'no_beamable_mm': False, 'lenpen': 1.0, 'unkpen': 0.0, 'replace_unk': None, 'sacrebleu': False, 'score_reference': False, 'prefix_size': 0, 'no_repeat_ngram_size': 0, 'sampling': False, 'sampling_topk': -1, 'sampling_topp': -1.0, 'constraints': None, 'temperature': 1.0, 'diverse_beam_groups': -1, 'diverse_beam_strength': 0.5, 'diversity_rate': -1.0, 'print_alignment': None, 'print_step': False, 'lm_path': None, 'lm_weight': 0.0, 'iter_decode_eos_penalty': 0.0, 'iter_decode_max_iter': 10, 'iter_decode_force_max_iter': False, 'iter_decode_with_beam': 1, 'iter_decode_with_external_reranker': False, 'retain_iter_history': False, 'retain_dropout': False, 'retain_dropout_modules': None, 'decoding_format': None, 'no_seed_provided': False}, 'eval_lm': {'_name': None, 'output_word_probs': False, 'output_word_stats': False, 'context_window': 0, 'softmax_batch': 9223372036854775807}, 'interactive': {'_name': None, 'buffer_size': 0, 'input': '-'}, 'task': {'_name': 'av_hubert_pretraining', 'data': '/data2/final_project_data/30h_data', 'labels': ['wrd'], 'label_dir': '/data2/final_project_data/30h_data', 'label_rate': -1, 'sample_rate': 16000, 'normalize': True, 'enable_padding': False, 'max_sample_size': 500, 'min_sample_size': None, 'max_trim_sample_size': '${task.max_sample_size}', 'single_target': True, 'random_crop': False, 'pad_audio': True, 'pdb': False, 'stack_order_audio': 4, 'skip_verify': False, 'image_aug': True, 'image_crop_size': 88, 'image_mean': 0.421, 'image_std': 0.165, 'modalities': ['video', 'audio'], 'is_s2s': True, 'tokenizer_bpe_name': 'sentencepiece', 'tokenizer_bpe_model': '/data2/final_project_data/spm1000/spm_unigram1000.model', 'fine_tuning': True}, 'model': {'_name': 'av_hubert_seq2seq', 'pretrained_path': '/data2/final_project_ckpt/pretrained_model.pth', 'apply_mask': False, 'mask_selection': 'static', 'mask_length': 10, 'mask_other': 0, 'mask_prob': 0.75, 'mask_channel_selection': 'static', 'mask_channel_length': 64, 'mask_channel_other': 0, 'mask_channel_prob': 0.5, 'layerdrop': 0.1, 'dropout': 0.0, 'activation_dropout': 0.1, 'attention_dropout': 0.0, 'feature_grad_mult': 1.0, 'modality_fuse': 'concat', 'modality_dropout': 0.05, 'audio_dropout': 0.5, 'modality_dropout_mode': 'span', 'modality_dropout_span_min': 10, 'modality_dropout_span_max': 30, 'decoder_layers': 6, 'decoder_dropout': 0.1, 'decoder_attention_dropout': 0.0, 'decoder_activation_dropout': 0.1, 'freeze_finetune_updates': 24000, 'share_decoder_input_output_embed': True, 'decoder_normalize_before': True}, 'criterion': {'_name': 'label_smoothed_cross_entropy', 'report_accuracy': True, 'label_smoothing': 0.1, 'focal_gamma': 0.0, 'confidence_penalty': 0.0, 'ignore_prefix_size': 0, 'sentence_avg': '${optimization.sentence_avg}'}, 'optimizer': {'_name': 'adam', 'adam_betas': '(0.9,0.98)', 'adam_eps': 1e-08, 'weight_decay': 0.0, "use_old_adam'": False, 'tpu': '${common.tpu}', 'lr': '${optimization.lr}'}, 'lr_scheduler': {'_name': 'tri_stage', 'warmup_steps': 10000, 'hold_steps': 0, 'decay_steps': 20000, 'final_lr_scale': 0.05, 'phase_ratio': '???', 'init_lr_scale': 0.01, 'max_update': '${optimization.max_update}', 'lr': '${optimization.lr}'}, 'scoring': None, 'bpe': None, 'tokenizer': None}
[2026-06-13 14:56:45,938][models.encoder_backbone][INFO] - EncoderBackbone Config: {'_name': 'av_hubert', 'label_rate': 25, 'input_modality': '${task.input_modality}', 'extractor_mode': default, 'encoder_layers': 12, 'encoder_embed_dim': 768, 'encoder_ffn_embed_dim': 3072, 'encoder_attention_heads': 12, 'activation_fn': gelu, 'dropout': 0.0, 'attention_dropout': 0.0, 'activation_dropout': 0.1, 'encoder_layerdrop': 0.1, 'dropout_input': 0.0, 'dropout_features': 0.1, 'final_dim': 256, 'untie_final_proj': True, 'layer_norm_first': True, 'conv_feature_layers': '[(512,10,5)] + [(512,3,2)] * 4 + [(512,2,2)] * 2', 'conv_bias': False, 'logit_temp': 0.1, 'target_glu': False, 'feature_grad_mult': 1.0, 'mask_length_audio': 10, 'mask_prob_audio': 0.8, 'mask_length_image': 5, 'mask_prob_image': 0.3, 'mask_selection': static, 'mask_other': 0.0, 'no_mask_overlap': False, 'mask_min_space': 1, 'mask_channel_length': 64, 'mask_channel_prob': 0.5, 'mask_channel_selection': static, 'mask_channel_other': 0.0, 'no_mask_channel_overlap': False, 'mask_channel_min_space': 1, 'conv_pos': 128, 'conv_pos_groups': 16, 'latent_temp': [2.0, 0.5, 0.999995], 'skip_masked': False, 'skip_nomask': False, 'resnet_relu_type': 'prelu', 'resnet_weights': None, 'sim_type': 'cosine', 'sub_encoder_layers': 0, 'audio_feat_dim': 104, 'modality_dropout': 0.05, 'audio_dropout': 0.5, 'modality_dropout_mode': 'span', 'modality_dropout_span_min': 10, 'modality_dropout_span_max': 30, 'modality_fuse': 'concat', 'selection_type': 'same_seq', 'masking_type': 'input', 'decoder_embed_dim': 768, 'decoder_ffn_embed_dim': 3072, 'decoder_layers': 6, 'decoder_layerdrop': 0.0, 'decoder_attention_heads': 4, 'decoder_learned_pos': False, 'decoder_normalize_before': False, 'no_token_positional_embeddings': False, 'decoder_dropout': 0.1, 'decoder_attention_dropout': 0.1, 'decoder_activation_dropout': 0.0, 'max_target_positions': 2048, 'share_decoder_input_output_embed': False, 'no_scale_embedding': True, 'apply_mask': False, 'mask_prob': 0.75, 'mask_length': 10}
/opt/conda/envs/rzd/lib/python3.10/site-packages/torch/nn/utils/weight_norm.py:30: UserWarning: torch.nn.utils.weight_norm is deprecated in favor of torch.nn.utils.parametrizations.weight_norm.
  warnings.warn("torch.nn.utils.weight_norm is deprecated in favor of torch.nn.utils.parametrizations.weight_norm.")
[2026-06-13 14:56:47,184][models.audio_video_model][INFO] - _IncompatibleKeys(missing_keys=[], unexpected_keys=['mask_emb', 'label_embs_concat', 'final_proj.weight', 'final_proj.bias'])
[2026-06-13 14:56:47,833][main][INFO] - AudioVideoModel(
  (encoder): EncoderBackboneWrapper(
    (pretrained_model): EncoderBackbone(
      (feature_extractor_audio): AudioEncoder(
        (proj): Linear(in_features=104, out_features=768, bias=True)
      )
      (feature_extractor_video): ResEncoder(
        (frontend3D): Sequential(
          (0): Conv3d(1, 64, kernel_size=(5, 7, 7), stride=(1, 2, 2), padding=(2, 3, 3), bias=False)
          (1): BatchNorm3d(64, eps=1e-05, momentum=0.1, affine=True, track_running_stats=True)
          (2): PReLU(num_parameters=64)
          (3): MaxPool3d(kernel_size=(1, 3, 3), stride=(1, 2, 2), padding=(0, 1, 1), dilation=1, ceil_mode=False)
        )
        (trunk): ResNet(
          (layer1): Sequential(
            (0): BasicBlock(
              (conv1): Conv2d(64, 64, kernel_size=(3, 3), stride=(1, 1), padding=(1, 1), bias=False)
              (bn1): BatchNorm2d(64, eps=1e-05, momentum=0.1, affine=True, track_running_stats=True)
              (relu1): PReLU(num_parameters=64)
              (conv2): Conv2d(64, 64, kernel_size=(3, 3), stride=(1, 1), padding=(1, 1), bias=False)
              (bn2): BatchNorm2d(64, eps=1e-05, momentum=0.1, affine=True, track_running_stats=True)
              (relu2): PReLU(num_parameters=64)
            )
            (1): BasicBlock(
              (conv1): Conv2d(64, 64, kernel_size=(3, 3), stride=(1, 1), padding=(1, 1), bias=False)
              (bn1): BatchNorm2d(64, eps=1e-05, momentum=0.1, affine=True, track_running_stats=True)
              (relu1): PReLU(num_parameters=64)
              (conv2): Conv2d(64, 64, kernel_size=(3, 3), stride=(1, 1), padding=(1, 1), bias=False)
              (bn2): BatchNorm2d(64, eps=1e-05, momentum=0.1, affine=True, track_running_stats=True)
              (relu2): PReLU(num_parameters=64)
            )
          )
          (layer2): Sequential(
            (0): BasicBlock(
              (conv1): Conv2d(64, 128, kernel_size=(3, 3), stride=(2, 2), padding=(1, 1), bias=False)
              (bn1): BatchNorm2d(128, eps=1e-05, momentum=0.1, affine=True, track_running_stats=True)
              (relu1): PReLU(num_parameters=128)
              (conv2): Conv2d(128, 128, kernel_size=(3, 3), stride=(1, 1), padding=(1, 1), bias=False)
              (bn2): BatchNorm2d(128, eps=1e-05, momentum=0.1, affine=True, track_running_stats=True)
              (relu2): PReLU(num_parameters=128)
              (downsample): Sequential(
                (0): Conv2d(64, 128, kernel_size=(1, 1), stride=(2, 2), bias=False)
                (1): BatchNorm2d(128, eps=1e-05, momentum=0.1, affine=True, track_running_stats=True)
              )
            )
            (1): BasicBlock(
              (conv1): Conv2d(128, 128, kernel_size=(3, 3), stride=(1, 1), padding=(1, 1), bias=False)
              (bn1): BatchNorm2d(128, eps=1e-05, momentum=0.1, affine=True, track_running_stats=True)
              (relu1): PReLU(num_parameters=128)
              (conv2): Conv2d(128, 128, kernel_size=(3, 3), stride=(1, 1), padding=(1, 1), bias=False)
              (bn2): BatchNorm2d(128, eps=1e-05, momentum=0.1, affine=True, track_running_stats=True)
              (relu2): PReLU(num_parameters=128)
            )
          )
          (layer3): Sequential(
            (0): BasicBlock(
              (conv1): Conv2d(128, 256, kernel_size=(3, 3), stride=(2, 2), padding=(1, 1), bias=False)
              (bn1): BatchNorm2d(256, eps=1e-05, momentum=0.1, affine=True, track_running_stats=True)
              (relu1): PReLU(num_parameters=256)
              (conv2): Conv2d(256, 256, kernel_size=(3, 3), stride=(1, 1), padding=(1, 1), bias=False)
              (bn2): BatchNorm2d(256, eps=1e-05, momentum=0.1, affine=True, track_running_stats=True)
              (relu2): PReLU(num_parameters=256)
              (downsample): Sequential(
                (0): Conv2d(128, 256, kernel_size=(1, 1), stride=(2, 2), bias=False)
                (1): BatchNorm2d(256, eps=1e-05, momentum=0.1, affine=True, track_running_stats=True)
              )
            )
            (1): BasicBlock(
              (conv1): Conv2d(256, 256, kernel_size=(3, 3), stride=(1, 1), padding=(1, 1), bias=False)
              (bn1): BatchNorm2d(256, eps=1e-05, momentum=0.1, affine=True, track_running_stats=True)
              (relu1): PReLU(num_parameters=256)
              (conv2): Conv2d(256, 256, kernel_size=(3, 3), stride=(1, 1), padding=(1, 1), bias=False)
              (bn2): BatchNorm2d(256, eps=1e-05, momentum=0.1, affine=True, track_running_stats=True)
              (relu2): PReLU(num_parameters=256)
            )
          )
          (layer4): Sequential(
            (0): BasicBlock(
              (conv1): Conv2d(256, 512, kernel_size=(3, 3), stride=(2, 2), padding=(1, 1), bias=False)
              (bn1): BatchNorm2d(512, eps=1e-05, momentum=0.1, affine=True, track_running_stats=True)
              (relu1): PReLU(num_parameters=512)
              (conv2): Conv2d(512, 512, kernel_size=(3, 3), stride=(1, 1), padding=(1, 1), bias=False)
              (bn2): BatchNorm2d(512, eps=1e-05, momentum=0.1, affine=True, track_running_stats=True)
              (relu2): PReLU(num_parameters=512)
              (downsample): Sequential(
                (0): Conv2d(256, 512, kernel_size=(1, 1), stride=(2, 2), bias=False)
                (1): BatchNorm2d(512, eps=1e-05, momentum=0.1, affine=True, track_running_stats=True)
              )
            )
            (1): BasicBlock(
              (conv1): Conv2d(512, 512, kernel_size=(3, 3), stride=(1, 1), padding=(1, 1), bias=False)
              (bn1): BatchNorm2d(512, eps=1e-05, momentum=0.1, affine=True, track_running_stats=True)
              (relu1): PReLU(num_parameters=512)
              (conv2): Conv2d(512, 512, kernel_size=(3, 3), stride=(1, 1), padding=(1, 1), bias=False)
              (bn2): BatchNorm2d(512, eps=1e-05, momentum=0.1, affine=True, track_running_stats=True)
              (relu2): PReLU(num_parameters=512)
            )
          )
          (avgpool): AdaptiveAvgPool2d(output_size=1)
        )
        (proj): Linear(in_features=512, out_features=768, bias=True)
      )
      (post_extract_proj): Linear(in_features=1536, out_features=768, bias=True)
      (encoder): TransformerEncoder(
        (pos_conv): Sequential(
          (0): Conv1d(768, 768, kernel_size=(128,), stride=(1,), padding=(64,), groups=16)
          (1): SamePad()
          (2): GELU(approximate='none')
        )
        (layers): ModuleList(
          (0-11): 12 x TransformerSentenceEncoderLayer(
            (self_attn): MultiheadAttention(
              (dropout_module): Dropout(p=0.0, inplace=False)
              (k_proj): Linear(in_features=768, out_features=768, bias=True)
              (v_proj): Linear(in_features=768, out_features=768, bias=True)
              (q_proj): Linear(in_features=768, out_features=768, bias=True)
              (out_proj): Linear(in_features=768, out_features=768, bias=True)
            )
            (dropout1): Dropout(p=0.0, inplace=False)
            (dropout2): Dropout(p=0.1, inplace=False)
            (dropout3): Dropout(p=0.0, inplace=False)
            (self_attn_layer_norm): LayerNorm((768,), eps=1e-05, elementwise_affine=True)
            (fc1): Linear(in_features=768, out_features=3072, bias=True)
            (fc2): Linear(in_features=3072, out_features=768, bias=True)
            (final_layer_norm): LayerNorm((768,), eps=1e-05, elementwise_affine=True)
          )
        )
        (layer_norm): LayerNorm((768,), eps=1e-05, elementwise_affine=True)
      )
      (layer_norm): LayerNorm((1536,), eps=1e-05, elementwise_affine=True)
      (dropout_input): Dropout(p=0.0, inplace=False)
      (dropout_features): Dropout(p=0.1, inplace=False)
    )
  )
  (decoder): TransformerDecoder(
    (embed_tokens): Embedding(1000, 768, padding_idx=1)
    (embed_positions): SinusoidalPositionalEmbedding()
    (layers): ModuleList(
      (0-5): 6 x TransformerDecoderLayer(
        (dropout_module): Dropout(p=0.1, inplace=False)
        (self_attn): MultiheadAttention(
          (dropout_module): Dropout(p=0.0, inplace=False)
          (k_proj): Linear(in_features=768, out_features=768, bias=True)
          (v_proj): Linear(in_features=768, out_features=768, bias=True)
          (q_proj): Linear(in_features=768, out_features=768, bias=True)
          (out_proj): Linear(in_features=768, out_features=768, bias=True)
        )
        (activation_dropout_module): Dropout(p=0.1, inplace=False)
        (self_attn_layer_norm): LayerNorm((768,), eps=1e-05, elementwise_affine=True)
        (encoder_attn): MultiheadAttention(
          (dropout_module): Dropout(p=0.0, inplace=False)
          (k_proj): Linear(in_features=768, out_features=768, bias=True)
          (v_proj): Linear(in_features=768, out_features=768, bias=True)
          (q_proj): Linear(in_features=768, out_features=768, bias=True)
          (out_proj): Linear(in_features=768, out_features=768, bias=True)
        )
        (encoder_attn_layer_norm): LayerNorm((768,), eps=1e-05, elementwise_affine=True)
        (fc1): Linear(in_features=768, out_features=3072, bias=True)
        (fc2): Linear(in_features=3072, out_features=768, bias=True)
        (final_layer_norm): LayerNorm((768,), eps=1e-05, elementwise_affine=True)
      )
    )
    (layer_norm): LayerNorm((768,), eps=1e-05, elementwise_affine=True)
  )
)
[2026-06-13 14:56:47,840][main][INFO] - model: AudioVideoModel
[2026-06-13 14:56:47,840][main][INFO] - criterion: LabelSmoothedCrossEntropyCriterion
[2026-06-13 14:56:47,843][main][INFO] - num. shared model params: 160,100,480 (num. trained: 160,100,480)
[2026-06-13 14:56:47,845][main][INFO] - num. expert model params: 0 (num. trained: 0)
[2026-06-13 14:56:47,845][dataset][INFO] - Using tokenizer
[2026-06-13 14:56:47,907][dataset][INFO] - max_keep=500, min_keep=None, loaded 30782, skipped 0 short and 0 long and 0 unaligned, longest-loaded=155, shortest-loaded=12
[2026-06-13 14:56:47,907][dataset][INFO] - image transform: Compose(
    Normalize(mean=0.0, std=255.0)
    RandomCrop(size=(88, 88))
    <utils.model_utils.HorizontalFlip object at 0x7fa90861cc10>
    Normalize(mean=0.421, std=0.165)
)
[2026-06-13 14:56:47,918][dataset][INFO] - pad_audio=True, random_crop=False, normalize=True, max_sample_size=500, seqs2seq data=True,
[2026-06-13 14:56:47,918][dataset][INFO] - Using tokenizer
[2026-06-13 14:56:47,925][dataset][INFO] - max_keep=500, min_keep=None, loaded 1200, skipped 0 short and 0 long and 0 unaligned, longest-loaded=155, shortest-loaded=17
[2026-06-13 14:56:47,926][dataset][INFO] - image transform: Compose(
    Normalize(mean=0.0, std=255.0)
    <utils.model_utils.CenterCrop object at 0x7fa908658c10>
    Normalize(mean=0.421, std=0.165)
)
[2026-06-13 14:56:47,927][dataset][INFO] - pad_audio=True, random_crop=False, normalize=True, max_sample_size=500, seqs2seq data=True,
[2026-06-13 14:56:49,115][trainer][INFO] - detected shared parameter: encoder.pretrained_model.feature_extractor_video.frontend3D.0.bias <- encoder.pretrained_model.feature_extractor_video.trunk.layer1.0.conv1.bias
[2026-06-13 14:56:49,115][trainer][INFO] - detected shared parameter: encoder.pretrained_model.feature_extractor_video.frontend3D.0.bias <- encoder.pretrained_model.feature_extractor_video.trunk.layer1.0.conv2.bias
[2026-06-13 14:56:49,115][trainer][INFO] - detected shared parameter: encoder.pretrained_model.feature_extractor_video.frontend3D.0.bias <- encoder.pretrained_model.feature_extractor_video.trunk.layer1.1.conv1.bias
[2026-06-13 14:56:49,116][trainer][INFO] - detected shared parameter: encoder.pretrained_model.feature_extractor_video.frontend3D.0.bias <- encoder.pretrained_model.feature_extractor_video.trunk.layer1.1.conv2.bias
[2026-06-13 14:56:49,117][trainer][INFO] - detected shared parameter: encoder.pretrained_model.feature_extractor_video.frontend3D.0.bias <- encoder.pretrained_model.feature_extractor_video.trunk.layer2.0.conv1.bias
[2026-06-13 14:56:49,117][trainer][INFO] - detected shared parameter: encoder.pretrained_model.feature_extractor_video.frontend3D.0.bias <- encoder.pretrained_model.feature_extractor_video.trunk.layer2.0.conv2.bias
[2026-06-13 14:56:49,117][trainer][INFO] - detected shared parameter: encoder.pretrained_model.feature_extractor_video.frontend3D.0.bias <- encoder.pretrained_model.feature_extractor_video.trunk.layer2.0.downsample.0.bias
[2026-06-13 14:56:49,118][trainer][INFO] - detected shared parameter: encoder.pretrained_model.feature_extractor_video.frontend3D.0.bias <- encoder.pretrained_model.feature_extractor_video.trunk.layer2.1.conv1.bias
[2026-06-13 14:56:49,119][trainer][INFO] - detected shared parameter: encoder.pretrained_model.feature_extractor_video.frontend3D.0.bias <- encoder.pretrained_model.feature_extractor_video.trunk.layer2.1.conv2.bias
[2026-06-13 14:56:49,119][trainer][INFO] - detected shared parameter: encoder.pretrained_model.feature_extractor_video.frontend3D.0.bias <- encoder.pretrained_model.feature_extractor_video.trunk.layer3.0.conv1.bias
[2026-06-13 14:56:49,119][trainer][INFO] - detected shared parameter: encoder.pretrained_model.feature_extractor_video.frontend3D.0.bias <- encoder.pretrained_model.feature_extractor_video.trunk.layer3.0.conv2.bias
[2026-06-13 14:56:49,119][trainer][INFO] - detected shared parameter: encoder.pretrained_model.feature_extractor_video.frontend3D.0.bias <- encoder.pretrained_model.feature_extractor_video.trunk.layer3.0.downsample.0.bias
[2026-06-13 14:56:49,120][trainer][INFO] - detected shared parameter: encoder.pretrained_model.feature_extractor_video.frontend3D.0.bias <- encoder.pretrained_model.feature_extractor_video.trunk.layer3.1.conv1.bias
[2026-06-13 14:56:49,120][trainer][INFO] - detected shared parameter: encoder.pretrained_model.feature_extractor_video.frontend3D.0.bias <- encoder.pretrained_model.feature_extractor_video.trunk.layer3.1.conv2.bias
[2026-06-13 14:56:49,121][trainer][INFO] - detected shared parameter: encoder.pretrained_model.feature_extractor_video.frontend3D.0.bias <- encoder.pretrained_model.feature_extractor_video.trunk.layer4.0.conv1.bias
[2026-06-13 14:56:49,121][trainer][INFO] - detected shared parameter: encoder.pretrained_model.feature_extractor_video.frontend3D.0.bias <- encoder.pretrained_model.feature_extractor_video.trunk.layer4.0.conv2.bias
[2026-06-13 14:56:49,121][trainer][INFO] - detected shared parameter: encoder.pretrained_model.feature_extractor_video.frontend3D.0.bias <- encoder.pretrained_model.feature_extractor_video.trunk.layer4.0.downsample.0.bias
[2026-06-13 14:56:49,122][trainer][INFO] - detected shared parameter: encoder.pretrained_model.feature_extractor_video.frontend3D.0.bias <- encoder.pretrained_model.feature_extractor_video.trunk.layer4.1.conv1.bias
[2026-06-13 14:56:49,122][trainer][INFO] - detected shared parameter: encoder.pretrained_model.feature_extractor_video.frontend3D.0.bias <- encoder.pretrained_model.feature_extractor_video.trunk.layer4.1.conv2.bias
[2026-06-13 14:56:49,122][fairseq.utils][INFO] - ***********************CUDA enviroments for all 1 workers***********************
[2026-06-13 14:56:49,122][fairseq.utils][INFO] - rank   0: capabilities =  9.0  ; total memory = 79.179 GB ; name = NVIDIA H100 80GB HBM3                   
[2026-06-13 14:56:49,123][fairseq.utils][INFO] - ***********************CUDA enviroments for all 1 workers***********************
[2026-06-13 14:56:49,123][main][INFO] - training on 1 devices (GPUs/TPUs)
[2026-06-13 14:56:49,129][main][INFO] - max tokens per device = 1000 and max sentences per device = None
[2026-06-13 14:56:49,130][trainer][INFO] - Preparing to load checkpoint checkpoints/checkpoint_last.pt
[2026-06-13 14:56:49,131][trainer][INFO] - No existing checkpoint found checkpoints/checkpoint_last.pt
[2026-06-13 14:56:49,918][trainer][INFO] - begin training epoch 1
[2026-06-13 14:56:49,918][main][INFO] - Start iterating over samples
[2026-06-13 14:58:27,833][train_inner][INFO] - {"epoch": 1, "update": 0.063, "loss": "155.053", "nll_loss": "8.515", "total": "178.305", "n_correct": "10.7", "ppl": "365.76", "accuracy": "6.001", "wps": "366.4", "ups": "2.05", "wpb": "178.3", "bsz": "10.1", "num_updates": "200", "lr": "2.98e-05", "gnorm": "93.969", "loss_scale": "128", "train_wall": "15", "gb_free": "75.7", "wall": "99"}
[2026-06-13 14:59:57,826][train_inner][INFO] - {"epoch": 1, "update": 0.126, "loss": "169.43", "nll_loss": "8.148", "total": "181.27", "n_correct": "12.32", "ppl": "283.66", "accuracy": "6.796", "wps": "402.9", "ups": "2.22", "wpb": "181.3", "bsz": "9", "num_updates": "400", "lr": "4.96e-05", "gnorm": "67.394", "loss_scale": "128", "train_wall": "11", "gb_free": "75.7", "wall": "189"}
[2026-06-13 15:01:28,794][train_inner][INFO] - {"epoch": 1, "update": 0.189, "loss": "155.767", "nll_loss": "8.024", "total": "177.86", "n_correct": "14.535", "ppl": "260.26", "accuracy": "8.172", "wps": "391.1", "ups": "2.2", "wpb": "177.9", "bsz": "9.5", "num_updates": "600", "lr": "6.94e-05", "gnorm": "53.897", "loss_scale": "128", "train_wall": "11", "gb_free": "75.7", "wall": "280"}
[2026-06-13 15:03:04,757][train_inner][INFO] - {"epoch": 1, "update": 0.252, "loss": "148.637", "nll_loss": "7.835", "total": "179.33", "n_correct": "19.765", "ppl": "228.34", "accuracy": "11.022", "wps": "373.8", "ups": "2.08", "wpb": "179.3", "bsz": "9.9", "num_updates": "800", "lr": "8.92e-05", "gnorm": "50.461", "loss_scale": "128", "train_wall": "11", "gb_free": "75.7", "wall": "376"}
[2026-06-13 15:04:38,499][train_inner][INFO] - {"epoch": 1, "update": 0.315, "loss": "152.32", "nll_loss": "7.661", "total": "176.56", "n_correct": "22.22", "ppl": "202.41", "accuracy": "12.585", "wps": "376.7", "ups": "2.13", "wpb": "176.6", "bsz": "9.3", "num_updates": "1000", "lr": "0.000109", "gnorm": "51.021", "loss_scale": "128", "train_wall": "11", "gb_free": "75.7", "wall": "469"}
[2026-06-13 15:06:10,940][train_inner][INFO] - {"epoch": 1, "update": 0.378, "loss": "149.651", "nll_loss": "7.478", "total": "177.705", "n_correct": "24.31", "ppl": "178.3", "accuracy": "13.68", "wps": "384.5", "ups": "2.16", "wpb": "177.7", "bsz": "9.3", "num_updates": "1200", "lr": "0.0001288", "gnorm": "52.941", "loss_scale": "128", "train_wall": "11", "gb_free": "75.7", "wall": "562"}
[2026-06-13 15:07:45,085][train_inner][INFO] - {"epoch": 1, "update": 0.441, "loss": "136.49", "nll_loss": "7.277", "total": "180.08", "n_correct": "27.36", "ppl": "155.11", "accuracy": "15.193", "wps": "382.6", "ups": "2.12", "wpb": "180.1", "bsz": "10.2", "num_updates": "1400", "lr": "0.0001486", "gnorm": "50.255", "loss_scale": "128", "train_wall": "11", "gb_free": "75.7", "wall": "656"}
[2026-06-13 15:09:16,848][train_inner][INFO] - {"epoch": 1, "update": 0.504, "loss": "145.09", "nll_loss": "7.205", "total": "179.95", "n_correct": "27.885", "ppl": "147.57", "accuracy": "15.496", "wps": "392.2", "ups": "2.18", "wpb": "179.9", "bsz": "9.5", "num_updates": "1600", "lr": "0.0001684", "gnorm": "50.745", "loss_scale": "128", "train_wall": "11", "gb_free": "75.7", "wall": "748"}
[2026-06-13 15:10:56,016][train_inner][INFO] - {"epoch": 1, "update": 0.567, "loss": "127.676", "nll_loss": "6.923", "total": "181.98", "n_correct": "32.45", "ppl": "121.31", "accuracy": "17.832", "wps": "367.1", "ups": "2.02", "wpb": "182", "bsz": "10.5", "num_updates": "1800", "lr": "0.0001882", "gnorm": "47.456", "loss_scale": "128", "train_wall": "11", "gb_free": "75.7", "wall": "847"}
[2026-06-13 15:12:35,942][train_inner][INFO] - {"epoch": 1, "update": 0.63, "loss": "136.354", "nll_loss": "6.862", "total": "182.14", "n_correct": "32.2", "ppl": "116.29", "accuracy": "17.679", "wps": "364.6", "ups": "2", "wpb": "182.1", "bsz": "9.8", "num_updates": "2000", "lr": "0.000208", "gnorm": "49.483", "loss_scale": "128", "train_wall": "11", "gb_free": "75.7", "wall": "947"}
[2026-06-13 15:14:17,283][train_inner][INFO] - {"epoch": 1, "update": 0.693, "loss": "137.088", "nll_loss": "6.749", "total": "178.665", "n_correct": "32.475", "ppl": "107.58", "accuracy": "18.176", "wps": "352.6", "ups": "1.97", "wpb": "178.7", "bsz": "9.4", "num_updates": "2200", "lr": "0.0002278", "gnorm": "49.782", "loss_scale": "128", "train_wall": "11", "gb_free": "75.7", "wall": "1048"}
[2026-06-13 15:16:00,873][train_inner][INFO] - {"epoch": 1, "update": 0.756, "loss": "137.368", "nll_loss": "6.631", "total": "180.825", "n_correct": "33.69", "ppl": "99.1", "accuracy": "18.631", "wps": "349.2", "ups": "1.93", "wpb": "180.8", "bsz": "9.4", "num_updates": "2400", "lr": "0.0002476", "gnorm": "50.858", "loss_scale": "128", "train_wall": "11", "gb_free": "75.7", "wall": "1152"}
[2026-06-13 15:17:47,627][train_inner][INFO] - {"epoch": 1, "update": 0.819, "loss": "130.552", "nll_loss": "6.422", "total": "181.03", "n_correct": "36.27", "ppl": "85.76", "accuracy": "20.035", "wps": "339.2", "ups": "1.87", "wpb": "181", "bsz": "9.7", "num_updates": "2600", "lr": "0.0002674", "gnorm": "50.886", "loss_scale": "128", "train_wall": "11", "gb_free": "75.7", "wall": "1258"}
[2026-06-13 15:19:28,937][train_inner][INFO] - {"epoch": 1, "update": 0.882, "loss": "124.839", "nll_loss": "6.199", "total": "175.29", "n_correct": "37.08", "ppl": "73.47", "accuracy": "21.154", "wps": "346.1", "ups": "1.97", "wpb": "175.3", "bsz": "9.5", "num_updates": "2800", "lr": "0.0002872", "gnorm": "50.134", "loss_scale": "128", "train_wall": "11", "gb_free": "75.7", "wall": "1360"}
[2026-06-13 15:21:13,555][train_inner][INFO] - {"epoch": 1, "update": 0.945, "loss": "126.293", "nll_loss": "6.129", "total": "183.02", "n_correct": "39.84", "ppl": "69.97", "accuracy": "21.768", "wps": "349.9", "ups": "1.91", "wpb": "183", "bsz": "9.7", "num_updates": "3000", "lr": "0.000307", "gnorm": "51.043", "loss_scale": "128", "train_wall": "11", "gb_free": "75.7", "wall": "1464"}
[2026-06-13 15:22:49,677][main][INFO] - end of epoch 1 (average epoch stats below)
[2026-06-13 15:22:49,691][train][INFO] - {"epoch": 1, "train_loss": "140.477", "train_nll_loss": "7.13", "train_total": "179.799", "train_n_correct": "27.7503", "train_ppl": "140.1", "train_accuracy": "15.434", "train_wps": "366.2", "train_ups": "2.04", "train_wpb": "179.8", "train_bsz": "9.7", "train_num_updates": "3176", "train_lr": "0.000324424", "train_gnorm": "54.501", "train_loss_scale": "128", "train_train_wall": "177", "train_gb_free": "75.7", "train_wall": "1561"}
[2026-06-13 15:22:50,287][trainer][INFO] - begin training epoch 2
[2026-06-13 15:22:50,288][main][INFO] - Start iterating over samples
[2026-06-13 15:23:01,893][train_inner][INFO] - {"epoch": 2, "update": 1.008, "loss": "118.328", "nll_loss": "5.926", "total": "181.945", "n_correct": "42.515", "ppl": "60.79", "accuracy": "23.367", "wps": "335.9", "ups": "1.85", "wpb": "181.9", "bsz": "10.1", "num_updates": "3200", "lr": "0.0003268", "gnorm": "51.463", "loss_scale": "128", "train_wall": "11", "gb_free": "75.7", "wall": "1573"}
[2026-06-13 15:24:47,729][train_inner][INFO] - {"epoch": 2, "update": 1.071, "loss": "118.639", "nll_loss": "5.754", "total": "181.22", "n_correct": "42.61", "ppl": "53.98", "accuracy": "23.513", "wps": "342.5", "ups": "1.89", "wpb": "181.2", "bsz": "9.8", "num_updates": "3400", "lr": "0.0003466", "gnorm": "51.77", "loss_scale": "128", "train_wall": "11", "gb_free": "75.7", "wall": "1679"}
[2026-06-13 15:26:32,647][train_inner][INFO] - {"epoch": 2, "update": 1.134, "loss": "111.877", "nll_loss": "5.531", "total": "184.03", "n_correct": "46.85", "ppl": "46.24", "accuracy": "25.458", "wps": "350.8", "ups": "1.91", "wpb": "184", "bsz": "10.2", "num_updates": "3600", "lr": "0.0003664", "gnorm": "52.525", "loss_scale": "128", "train_wall": "11", "gb_free": "75.7", "wall": "1784"}
[2026-06-13 15:28:14,274][train_inner][INFO] - {"epoch": 2, "update": 1.196, "loss": "118.901", "nll_loss": "5.404", "total": "177.94", "n_correct": "46.205", "ppl": "42.34", "accuracy": "25.967", "wps": "350.2", "ups": "1.97", "wpb": "177.9", "bsz": "9.1", "num_updates": "3800", "lr": "0.0003862", "gnorm": "55.623", "loss_scale": "128", "train_wall": "11", "gb_free": "75.7", "wall": "1885"}
[2026-06-13 15:29:53,152][train_inner][INFO] - {"epoch": 2, "update": 1.259, "loss": "110.273", "nll_loss": "5.104", "total": "176.96", "n_correct": "51.24", "ppl": "34.4", "accuracy": "28.956", "wps": "358", "ups": "2.02", "wpb": "177", "bsz": "9.4", "num_updates": "4000", "lr": "0.000406", "gnorm": "56.798", "loss_scale": "128", "train_wall": "11", "gb_free": "75.7", "wall": "1984"}
[2026-06-13 15:31:35,253][train_inner][INFO] - {"epoch": 2, "update": 1.322, "loss": "110.451", "nll_loss": "4.924", "total": "182.315", "n_correct": "55.615", "ppl": "30.37", "accuracy": "30.505", "wps": "357.2", "ups": "1.96", "wpb": "182.3", "bsz": "9.4", "num_updates": "4200", "lr": "0.0004258", "gnorm": "59.904", "loss_scale": "128", "train_wall": "11", "gb_free": "75.7", "wall": "2086"}
[2026-06-13 15:33:18,616][train_inner][INFO] - {"epoch": 2, "update": 1.385, "loss": "95.05", "nll_loss": "4.584", "total": "178.705", "n_correct": "59.975", "ppl": "23.98", "accuracy": "33.561", "wps": "345.8", "ups": "1.94", "wpb": "178.7", "bsz": "10.2", "num_updates": "4400", "lr": "0.0004456", "gnorm": "57.443", "loss_scale": "128", "train_wall": "11", "gb_free": "75.7", "wall": "2189"}
[2026-06-13 15:35:06,516][train_inner][INFO] - {"epoch": 2, "update": 1.448, "loss": "89.589", "nll_loss": "4.378", "total": "182.91", "n_correct": "66.565", "ppl": "20.8", "accuracy": "36.392", "wps": "339.1", "ups": "1.85", "wpb": "182.9", "bsz": "10.7", "num_updates": "4600", "lr": "0.0004654", "gnorm": "56.389", "loss_scale": "128", "train_wall": "11", "gb_free": "75.7", "wall": "2297"}
[2026-06-13 15:36:49,736][train_inner][INFO] - {"epoch": 2, "update": 1.511, "loss": "95.611", "nll_loss": "4.348", "total": "178.54", "n_correct": "64.68", "ppl": "20.36", "accuracy": "36.227", "wps": "346", "ups": "1.94", "wpb": "178.5", "bsz": "9.7", "num_updates": "4800", "lr": "0.0004852", "gnorm": "56.689", "loss_scale": "128", "train_wall": "11", "gb_free": "75.7", "wall": "2401"}
[2026-06-13 15:38:38,358][train_inner][INFO] - {"epoch": 2, "update": 1.574, "loss": "91.242", "nll_loss": "4.169", "total": "181.955", "n_correct": "70.08", "ppl": "17.99", "accuracy": "38.515", "wps": "335.1", "ups": "1.84", "wpb": "182", "bsz": "10.1", "num_updates": "5000", "lr": "0.000505", "gnorm": "55.275", "loss_scale": "128", "train_wall": "11", "gb_free": "75.7", "wall": "2509"}
[2026-06-13 15:40:24,304][train_inner][INFO] - {"epoch": 2, "update": 1.637, "loss": "86.738", "nll_loss": "4.003", "total": "178.205", "n_correct": "71.51", "ppl": "16.03", "accuracy": "40.128", "wps": "336.5", "ups": "1.89", "wpb": "178.2", "bsz": "10.1", "num_updates": "5200", "lr": "0.0005248", "gnorm": "53.374", "loss_scale": "128", "train_wall": "11", "gb_free": "75.7", "wall": "2615"}
[2026-06-13 15:42:11,101][train_inner][INFO] - {"epoch": 2, "update": 1.7, "loss": "83.73", "nll_loss": "3.865", "total": "177.005", "n_correct": "75.11", "ppl": "14.57", "accuracy": "42.434", "wps": "331.5", "ups": "1.87", "wpb": "177", "bsz": "10.1", "num_updates": "5400", "lr": "0.0005446", "gnorm": "52.557", "loss_scale": "128", "train_wall": "11", "gb_free": "75.7", "wall": "2722"}
[2026-06-13 15:43:51,725][train_inner][INFO] - {"epoch": 2, "update": 1.763, "loss": "100.067", "nll_loss": "3.928", "total": "181.805", "n_correct": "74.97", "ppl": "15.22", "accuracy": "41.236", "wps": "361.4", "ups": "1.99", "wpb": "181.8", "bsz": "8.8", "num_updates": "5600", "lr": "0.0005644", "gnorm": "58.649", "loss_scale": "128", "train_wall": "11", "gb_free": "75.7", "wall": "2823"}
[2026-06-13 15:45:32,216][train_inner][INFO] - {"epoch": 2, "update": 1.826, "loss": "93.808", "nll_loss": "3.725", "total": "179.055", "n_correct": "78.925", "ppl": "13.22", "accuracy": "44.079", "wps": "356.4", "ups": "1.99", "wpb": "179.1", "bsz": "8.9", "num_updates": "5800", "lr": "0.0005842", "gnorm": "55.167", "loss_scale": "128", "train_wall": "11", "gb_free": "75.7", "wall": "2923"}
[2026-06-13 15:47:17,289][train_inner][INFO] - {"epoch": 2, "update": 1.889, "loss": "91.113", "nll_loss": "3.675", "total": "178.135", "n_correct": "79.665", "ppl": "12.77", "accuracy": "44.722", "wps": "339.1", "ups": "1.9", "wpb": "178.1", "bsz": "9.1", "num_updates": "6000", "lr": "0.000604", "gnorm": "54.499", "loss_scale": "128", "train_wall": "11", "gb_free": "75.7", "wall": "3028"}
[2026-06-13 15:49:04,020][train_inner][INFO] - {"epoch": 2, "update": 1.952, "loss": "81.512", "nll_loss": "3.443", "total": "180.595", "n_correct": "86.16", "ppl": "10.88", "accuracy": "47.709", "wps": "338.4", "ups": "1.87", "wpb": "180.6", "bsz": "9.8", "num_updates": "6200", "lr": "0.0006238", "gnorm": "49.77", "loss_scale": "128", "train_wall": "11", "gb_free": "75.7", "wall": "3135"}
[2026-06-13 15:50:22,948][main][INFO] - begin validation on "valid" subset
[2026-06-13 15:51:29,401][valid][INFO] - {"epoch": 2, "valid_loss": "79.559", "valid_nll_loss": "3.149", "valid_total": "178.205", "valid_n_correct": "90.5906", "valid_ppl": "8.87", "valid_accuracy": "50.835", "valid_wps": "342.9", "valid_wpb": "178.2", "valid_bsz": "9.4", "valid_num_updates": "6352"}
[2026-06-13 15:51:29,402][fairseq.checkpoint_utils][INFO] - Preparing to save checkpoint for epoch 2 @ 6352 updates
[2026-06-13 15:51:29,402][trainer][INFO] - Saving checkpoint to checkpoints/checkpoint_best.pt
[2026-06-13 15:51:33,099][trainer][INFO] - Finished saving checkpoint to checkpoints/checkpoint_best.pt
[2026-06-13 15:51:38,073][fairseq.checkpoint_utils][INFO] - Saved checkpoint checkpoints/checkpoint_best.pt (epoch 2 @ 6352 updates, score 50.835) (writing took 8.670748175936751 seconds)
[2026-06-13 15:51:38,073][main][INFO] - end of epoch 2 (average epoch stats below)
[2026-06-13 15:51:38,084][train][INFO] - {"epoch": 2, "train_loss": "97.719", "train_nll_loss": "4.416", "train_total": "179.799", "train_n_correct": "65.5595", "train_ppl": "21.34", "train_accuracy": "36.463", "train_wps": "330.4", "train_ups": "1.84", "train_wpb": "179.8", "train_bsz": "9.7", "train_num_updates": "6352", "train_lr": "0.000638848", "train_gnorm": "54.767", "train_loss_scale": "128", "train_train_wall": "174", "train_gb_free": "75.7", "train_wall": "3289"}
[2026-06-13 15:51:38,610][trainer][INFO] - begin training epoch 3
[2026-06-13 15:51:38,610][main][INFO] - Start iterating over samples
[2026-06-13 15:52:03,403][train_inner][INFO] - {"epoch": 3, "update": 2.015, "loss": "79.91", "nll_loss": "3.323", "total": "177.825", "n_correct": "87.675", "ppl": "10.01", "accuracy": "49.304", "wps": "198.3", "ups": "1.12", "wpb": "177.8", "bsz": "9.6", "num_updates": "6400", "lr": "0.0006436", "gnorm": "49.26", "loss_scale": "128", "train_wall": "11", "gb_free": "75.7", "wall": "3314"}
[2026-06-13 15:53:51,964][train_inner][INFO] - {"epoch": 3, "update": 2.078, "loss": "76.813", "nll_loss": "3.185", "total": "183.205", "n_correct": "93.45", "ppl": "9.1", "accuracy": "51.008", "wps": "337.6", "ups": "1.84", "wpb": "183.2", "bsz": "10.1", "num_updates": "6600", "lr": "0.0006634", "gnorm": "48.105", "loss_scale": "128", "train_wall": "11", "gb_free": "75.7", "wall": "3423"}
[2026-06-13 15:55:37,042][train_inner][INFO] - {"epoch": 3, "update": 2.141, "loss": "75.129", "nll_loss": "3.084", "total": "177.205", "n_correct": "92.705", "ppl": "8.48", "accuracy": "52.315", "wps": "337.3", "ups": "1.9", "wpb": "177.2", "bsz": "9.8", "num_updates": "6800", "lr": "0.0006832", "gnorm": "45.768", "loss_scale": "128", "train_wall": "11", "gb_free": "75.7", "wall": "3528"}
[2026-06-13 15:57:22,495][train_inner][INFO] - {"epoch": 3, "update": 2.204, "loss": "74.795", "nll_loss": "3.098", "total": "178.395", "n_correct": "93.385", "ppl": "8.56", "accuracy": "52.347", "wps": "338.4", "ups": "1.9", "wpb": "178.4", "bsz": "9.9", "num_updates": "7000", "lr": "0.000703", "gnorm": "45.191", "loss_scale": "128", "train_wall": "11", "gb_free": "75.7", "wall": "3633"}
[2026-06-13 15:59:10,040][train_inner][INFO] - {"epoch": 3, "update": 2.267, "loss": "79.151", "nll_loss": "3.08", "total": "185.385", "n_correct": "98.74", "ppl": "8.46", "accuracy": "53.262", "wps": "344.8", "ups": "1.86", "wpb": "185.4", "bsz": "9.7", "num_updates": "7200", "lr": "0.0007228", "gnorm": "47.904", "loss_scale": "128", "train_wall": "11", "gb_free": "75.7", "wall": "3741"}
[2026-06-13 16:00:52,390][train_inner][INFO] - {"epoch": 3, "update": 2.33, "loss": "77.612", "nll_loss": "2.941", "total": "178.965", "n_correct": "98.165", "ppl": "7.68", "accuracy": "54.852", "wps": "349.8", "ups": "1.95", "wpb": "179", "bsz": "9.2", "num_updates": "7400", "lr": "0.0007426", "gnorm": "43.599", "loss_scale": "128", "train_wall": "11", "gb_free": "75.7", "wall": "3843"}
[2026-06-13 16:02:39,850][train_inner][INFO] - {"epoch": 3, "update": 2.393, "loss": "74.255", "nll_loss": "2.942", "total": "183.475", "n_correct": "100.93", "ppl": "7.68", "accuracy": "55.01", "wps": "341.5", "ups": "1.86", "wpb": "183.5", "bsz": "9.9", "num_updates": "7600", "lr": "0.0007624", "gnorm": "43.652", "loss_scale": "128", "train_wall": "11", "gb_free": "75.7", "wall": "3951"}
[2026-06-13 16:04:23,276][train_inner][INFO] - {"epoch": 3, "update": 2.456, "loss": "75.934", "nll_loss": "2.814", "total": "179.125", "n_correct": "102.06", "ppl": "7.03", "accuracy": "56.977", "wps": "346.4", "ups": "1.93", "wpb": "179.1", "bsz": "9.2", "num_updates": "7800", "lr": "0.0007822", "gnorm": "42.516", "loss_scale": "128", "train_wall": "11", "gb_free": "75.7", "wall": "4054"}
[2026-06-13 16:06:12,074][train_inner][INFO] - {"epoch": 3, "update": 2.519, "loss": "70.675", "nll_loss": "2.784", "total": "182.37", "n_correct": "104.585", "ppl": "6.89", "accuracy": "57.348", "wps": "335.3", "ups": "1.84", "wpb": "182.4", "bsz": "10", "num_updates": "8000", "lr": "0.000802", "gnorm": "41.526", "loss_scale": "128", "train_wall": "11", "gb_free": "75.7", "wall": "4163"}
[2026-06-13 16:10:37,938][train_inner][INFO] - {"epoch": 3, "update": 2.582, "loss": "70.313", "nll_loss": "2.694", "total": "179.46", "n_correct": "105.52", "ppl": "6.47", "accuracy": "58.799", "wps": "135", "ups": "0.75", "wpb": "179.5", "bsz": "9.7", "num_updates": "8200", "lr": "0.0008218", "gnorm": "39.021", "loss_scale": "128", "train_wall": "14", "gb_free": "75.7", "wall": "4429"}
[2026-06-13 16:14:02,688][train_inner][INFO] - {"epoch": 3, "update": 2.645, "loss": "69.354", "nll_loss": "2.648", "total": "178.09", "n_correct": "106.005", "ppl": "6.27", "accuracy": "59.523", "wps": "174", "ups": "0.98", "wpb": "178.1", "bsz": "9.6", "num_updates": "8400", "lr": "0.0008416", "gnorm": "38.531", "loss_scale": "128", "train_wall": "12", "gb_free": "75.7", "wall": "4634"}
[2026-06-13 16:18:01,141][train_inner][INFO] - {"epoch": 3, "update": 2.708, "loss": "72.482", "nll_loss": "2.602", "total": "177.395", "n_correct": "107.12", "ppl": "6.07", "accuracy": "60.385", "wps": "148.8", "ups": "0.84", "wpb": "177.4", "bsz": "9.1", "num_updates": "8600", "lr": "0.0008614", "gnorm": "39.012", "loss_scale": "128", "train_wall": "13", "gb_free": "75.7", "wall": "4872"}
[2026-06-13 16:21:51,681][train_inner][INFO] - {"epoch": 3, "update": 2.771, "loss": "67.14", "nll_loss": "2.529", "total": "181.54", "n_correct": "111.7", "ppl": "5.77", "accuracy": "61.529", "wps": "157.5", "ups": "0.87", "wpb": "181.5", "bsz": "9.9", "num_updates": "8800", "lr": "0.0008812", "gnorm": "36.824", "loss_scale": "128", "train_wall": "13", "gb_free": "75.7", "wall": "5103"}
[2026-06-13 16:25:12,653][train_inner][INFO] - {"epoch": 3, "update": 2.834, "loss": "62.952", "nll_loss": "2.449", "total": "175.895", "n_correct": "110.055", "ppl": "5.46", "accuracy": "62.569", "wps": "175.1", "ups": "1", "wpb": "175.9", "bsz": "10", "num_updates": "9000", "lr": "0.000901", "gnorm": "35.09", "loss_scale": "128", "train_wall": "12", "gb_free": "75.7", "wall": "5303"}
[2026-06-13 16:29:24,010][train_inner][INFO] - {"epoch": 3, "update": 2.897, "loss": "65.701", "nll_loss": "2.446", "total": "178.905", "n_correct": "112.205", "ppl": "5.45", "accuracy": "62.718", "wps": "142.4", "ups": "0.8", "wpb": "178.9", "bsz": "9.7", "num_updates": "9200", "lr": "0.0009208", "gnorm": "35.222", "loss_scale": "128", "train_wall": "13", "gb_free": "75.7", "wall": "5555"}
[2026-06-13 16:32:45,340][train_inner][INFO] - {"epoch": 3, "update": 2.96, "loss": "63.935", "nll_loss": "2.319", "total": "179", "n_correct": "115.765", "ppl": "4.99", "accuracy": "64.673", "wps": "177.8", "ups": "0.99", "wpb": "179", "bsz": "9.7", "num_updates": "9400", "lr": "0.0009406", "gnorm": "33.609", "loss_scale": "128", "train_wall": "13", "gb_free": "75.7", "wall": "5756"}
[2026-06-13 16:35:35,055][main][INFO] - end of epoch 3 (average epoch stats below)
[2026-06-13 16:35:35,079][train][INFO] - {"epoch": 3, "train_loss": "71.453", "train_nll_loss": "2.763", "train_total": "179.799", "train_n_correct": "103.808", "train_ppl": "6.79", "train_accuracy": "57.736", "train_wps": "216.6", "train_ups": "1.2", "train_wpb": "179.8", "train_bsz": "9.7", "train_num_updates": "9528", "train_lr": "0.000953272", "train_gnorm": "40.87", "train_loss_scale": "128", "train_train_wall": "190", "train_gb_free": "75.7", "train_wall": "5926"}
[2026-06-13 16:35:36,377][trainer][INFO] - begin training epoch 4
[2026-06-13 16:35:36,378][main][INFO] - Start iterating over samples
[2026-06-13 16:36:44,247][train_inner][INFO] - {"epoch": 4, "update": 3.023, "loss": "58.641", "nll_loss": "2.2", "total": "176.035", "n_correct": "117.525", "ppl": "4.6", "accuracy": "66.762", "wps": "147.4", "ups": "0.84", "wpb": "176", "bsz": "10.1", "num_updates": "9600", "lr": "0.0009604", "gnorm": "31.454", "loss_scale": "128", "train_wall": "13", "gb_free": "75.7", "wall": "5995"}
[2026-06-13 16:40:47,890][train_inner][INFO] - {"epoch": 4, "update": 3.086, "loss": "57.15", "nll_loss": "2.128", "total": "178.395", "n_correct": "119.995", "ppl": "4.37", "accuracy": "67.264", "wps": "146.5", "ups": "0.82", "wpb": "178.4", "bsz": "10.3", "num_updates": "9800", "lr": "0.0009802", "gnorm": "30.135", "loss_scale": "128", "train_wall": "14", "gb_free": "75.7", "wall": "6239"}
[2026-06-13 16:43:55,600][train_inner][INFO] - {"epoch": 4, "update": 3.149, "loss": "63.678", "nll_loss": "2.081", "total": "177.085", "n_correct": "120.39", "ppl": "4.23", "accuracy": "67.984", "wps": "188.7", "ups": "1.07", "wpb": "177.1", "bsz": "9.1", "num_updates": "10000", "lr": "0.001", "gnorm": "32.977", "loss_scale": "128", "train_wall": "12", "gb_free": "75.7", "wall": "6426"}
[2026-06-13 16:48:30,047][train_inner][INFO] - {"epoch": 4, "update": 3.212, "loss": "56.784", "nll_loss": "2.035", "total": "176.615", "n_correct": "121.955", "ppl": "4.1", "accuracy": "69.051", "wps": "128.7", "ups": "0.73", "wpb": "176.6", "bsz": "10", "num_updates": "10200", "lr": "0.000970487", "gnorm": "29.782", "loss_scale": "128", "train_wall": "14", "gb_free": "75.7", "wall": "6701"}
[2026-06-13 16:51:58,513][train_inner][INFO] - {"epoch": 4, "update": 3.275, "loss": "60.695", "nll_loss": "2.061", "total": "179.855", "n_correct": "124.17", "ppl": "4.17", "accuracy": "69.039", "wps": "172.6", "ups": "0.96", "wpb": "179.9", "bsz": "9.6", "num_updates": "10400", "lr": "0.000941845", "gnorm": "30.331", "loss_scale": "128", "train_wall": "13", "gb_free": "75.7", "wall": "6909"}
[2026-06-13 16:56:08,702][train_inner][INFO] - {"epoch": 4, "update": 3.338, "loss": "62.428", "nll_loss": "1.969", "total": "179.76", "n_correct": "126.095", "ppl": "3.91", "accuracy": "70.146", "wps": "143.7", "ups": "0.8", "wpb": "179.8", "bsz": "9.1", "num_updates": "10600", "lr": "0.000914048", "gnorm": "30.956", "loss_scale": "128", "train_wall": "14", "gb_free": "75.7", "wall": "7160"}
[2026-06-13 16:59:57,243][train_inner][INFO] - {"epoch": 4, "update": 3.401, "loss": "56.733", "nll_loss": "1.891", "total": "177.71", "n_correct": "126.6", "ppl": "3.71", "accuracy": "71.24", "wps": "155.5", "ups": "0.88", "wpb": "177.7", "bsz": "9.7", "num_updates": "10800", "lr": "0.000887072", "gnorm": "28.546", "loss_scale": "128", "train_wall": "13", "gb_free": "75.7", "wall": "7388"}
[2026-06-13 17:03:42,138][train_inner][INFO] - {"epoch": 4, "update": 3.463, "loss": "58.099", "nll_loss": "1.881", "total": "182.28", "n_correct": "130.495", "ppl": "3.68", "accuracy": "71.59", "wps": "162.1", "ups": "0.89", "wpb": "182.3", "bsz": "9.7", "num_updates": "11000", "lr": "0.000860892", "gnorm": "29.707", "loss_scale": "128", "train_wall": "13", "gb_free": "75.7", "wall": "7613"}
[2026-06-13 17:06:41,413][train_inner][INFO] - {"epoch": 4, "update": 3.526, "loss": "60.129", "nll_loss": "1.843", "total": "181.47", "n_correct": "131.01", "ppl": "3.59", "accuracy": "72.194", "wps": "202.5", "ups": "1.12", "wpb": "181.5", "bsz": "9.2", "num_updates": "11200", "lr": "0.000835484", "gnorm": "28.946", "loss_scale": "128", "train_wall": "12", "gb_free": "75.7", "wall": "7792"}
[2026-06-13 17:10:03,668][train_inner][INFO] - {"epoch": 4, "update": 3.589, "loss": "54.814", "nll_loss": "1.737", "total": "181.29", "n_correct": "133.685", "ppl": "3.33", "accuracy": "73.741", "wps": "179.3", "ups": "0.99", "wpb": "181.3", "bsz": "9.8", "num_updates": "11400", "lr": "0.000810826", "gnorm": "27.585", "loss_scale": "128", "train_wall": "13", "gb_free": "75.7", "wall": "7995"}
[2026-06-13 17:13:14,627][train_inner][INFO] - {"epoch": 4, "update": 3.652, "loss": "57.231", "nll_loss": "1.75", "total": "180.505", "n_correct": "132.795", "ppl": "3.36", "accuracy": "73.569", "wps": "189.1", "ups": "1.05", "wpb": "180.5", "bsz": "9.3", "num_updates": "11600", "lr": "0.000786896", "gnorm": "29.064", "loss_scale": "128", "train_wall": "12", "gb_free": "75.7", "wall": "8185"}
[2026-06-13 17:16:24,159][train_inner][INFO] - {"epoch": 4, "update": 3.715, "loss": "55.485", "nll_loss": "1.644", "total": "179.3", "n_correct": "134.745", "ppl": "3.13", "accuracy": "75.151", "wps": "189.2", "ups": "1.06", "wpb": "179.3", "bsz": "9.3", "num_updates": "11800", "lr": "0.000763673", "gnorm": "25.724", "loss_scale": "128", "train_wall": "12", "gb_free": "75.7", "wall": "8375"}
[2026-06-13 17:20:09,888][train_inner][INFO] - {"epoch": 4, "update": 3.778, "loss": "55.652", "nll_loss": "1.644", "total": "183.885", "n_correct": "137.885", "ppl": "3.13", "accuracy": "74.984", "wps": "162.9", "ups": "0.89", "wpb": "183.9", "bsz": "9.5", "num_updates": "12000", "lr": "0.000741134", "gnorm": "27.451", "loss_scale": "128", "train_wall": "13", "gb_free": "75.7", "wall": "8601"}
[2026-06-13 17:23:27,261][train_inner][INFO] - {"epoch": 4, "update": 3.841, "loss": "44.82", "nll_loss": "1.476", "total": "181.22", "n_correct": "141.36", "ppl": "2.78", "accuracy": "78.005", "wps": "183.6", "ups": "1.01", "wpb": "181.2", "bsz": "11", "num_updates": "12200", "lr": "0.000719261", "gnorm": "22.539", "loss_scale": "128", "train_wall": "13", "gb_free": "75.7", "wall": "8798"}
[2026-06-13 17:26:21,954][train_inner][INFO] - {"epoch": 4, "update": 3.904, "loss": "50.908", "nll_loss": "1.562", "total": "181.525", "n_correct": "138.915", "ppl": "2.95", "accuracy": "76.527", "wps": "207.8", "ups": "1.14", "wpb": "181.5", "bsz": "10", "num_updates": "12400", "lr": "0.000698034", "gnorm": "25.468", "loss_scale": "128", "train_wall": "12", "gb_free": "75.7", "wall": "8973"}
[2026-06-13 17:28:56,268][train_inner][INFO] - {"epoch": 4, "update": 3.967, "loss": "53.051", "nll_loss": "1.513", "total": "180.67", "n_correct": "139.78", "ppl": "2.85", "accuracy": "77.368", "wps": "234.2", "ups": "1.3", "wpb": "180.7", "bsz": "9.4", "num_updates": "12600", "lr": "0.000677433", "gnorm": "25.521", "loss_scale": "128", "train_wall": "12", "gb_free": "75.7", "wall": "9127"}
[2026-06-13 17:30:08,249][main][INFO] - begin validation on "valid" subset
[2026-06-13 17:32:11,543][valid][INFO] - {"epoch": 4, "valid_loss": "47.1", "valid_nll_loss": "1.164", "valid_total": "178.205", "valid_n_correct": "146.094", "valid_ppl": "2.24", "valid_accuracy": "81.981", "valid_wps": "183.7", "valid_wpb": "178.2", "valid_bsz": "9.4", "valid_num_updates": "12704", "valid_best_accuracy": "81.981"}
[2026-06-13 17:32:11,544][fairseq.checkpoint_utils][INFO] - Preparing to save checkpoint for epoch 4 @ 12704 updates
[2026-06-13 17:32:11,545][trainer][INFO] - Saving checkpoint to checkpoints/checkpoint_best.pt
[2026-06-13 17:32:15,470][trainer][INFO] - Finished saving checkpoint to checkpoints/checkpoint_best.pt
[2026-06-13 17:32:21,396][fairseq.checkpoint_utils][INFO] - Saved checkpoint checkpoints/checkpoint_best.pt (epoch 4 @ 12704 updates, score 81.981) (writing took 9.851350801065564 seconds)
[2026-06-13 17:32:21,396][main][INFO] - end of epoch 4 (average epoch stats below)
[2026-06-13 17:32:21,407][train][INFO] - {"epoch": 4, "train_loss": "55.943", "train_nll_loss": "1.806", "train_total": "179.799", "train_n_correct": "130.669", "train_ppl": "3.5", "train_accuracy": "72.675", "train_wps": "167.6", "train_ups": "0.93", "train_wpb": "179.8", "train_bsz": "9.7", "train_num_updates": "12704", "train_lr": "0.000666961", "train_gnorm": "28.147", "train_loss_scale": "128", "train_train_wall": "201", "train_gb_free": "75.7", "train_wall": "9332"}
[2026-06-13 17:32:22,004][trainer][INFO] - begin training epoch 5
[2026-06-13 17:32:22,004][main][INFO] - Start iterating over samples
[2026-06-13 17:33:26,044][train_inner][INFO] - {"epoch": 5, "update": 4.03, "loss": "47.546", "nll_loss": "1.39", "total": "176.29", "n_correct": "139.835", "ppl": "2.62", "accuracy": "79.321", "wps": "130.7", "ups": "0.74", "wpb": "176.3", "bsz": "9.8", "num_updates": "12800", "lr": "0.00065744", "gnorm": "22.787", "loss_scale": "128", "train_wall": "12", "gb_free": "75.7", "wall": "9397"}
[2026-06-13 17:35:40,593][train_inner][INFO] - {"epoch": 5, "update": 4.093, "loss": "49.983", "nll_loss": "1.317", "total": "178.905", "n_correct": "143.865", "ppl": "2.49", "accuracy": "80.414", "wps": "266", "ups": "1.49", "wpb": "178.9", "bsz": "9.2", "num_updates": "13000", "lr": "0.000638036", "gnorm": "23.901", "loss_scale": "128", "train_wall": "12", "gb_free": "75.7", "wall": "9531"}
[2026-06-13 17:37:44,954][train_inner][INFO] - {"epoch": 5, "update": 4.156, "loss": "48.085", "nll_loss": "1.278", "total": "181.26", "n_correct": "146.475", "ppl": "2.43", "accuracy": "80.809", "wps": "291.5", "ups": "1.61", "wpb": "181.3", "bsz": "9.6", "num_updates": "13200", "lr": "0.000619206", "gnorm": "23.242", "loss_scale": "128", "train_wall": "11", "gb_free": "75.7", "wall": "9656"}
[2026-06-13 17:39:38,981][train_inner][INFO] - {"epoch": 5, "update": 4.219, "loss": "48.292", "nll_loss": "1.261", "total": "180.4", "n_correct": "145.955", "ppl": "2.4", "accuracy": "80.906", "wps": "316.4", "ups": "1.75", "wpb": "180.4", "bsz": "9.5", "num_updates": "13400", "lr": "0.000600931", "gnorm": "22.507", "loss_scale": "128", "train_wall": "11", "gb_free": "75.7", "wall": "9770"}
[2026-06-13 17:41:38,864][train_inner][INFO] - {"epoch": 5, "update": 4.282, "loss": "45.505", "nll_loss": "1.273", "total": "181.74", "n_correct": "147.04", "ppl": "2.42", "accuracy": "80.907", "wps": "303.2", "ups": "1.67", "wpb": "181.7", "bsz": "10.2", "num_updates": "13600", "lr": "0.000583196", "gnorm": "21.681", "loss_scale": "128", "train_wall": "11", "gb_free": "75.7", "wall": "9890"}
[2026-06-13 17:43:36,338][train_inner][INFO] - {"epoch": 5, "update": 4.345, "loss": "45.002", "nll_loss": "1.239", "total": "182.53", "n_correct": "148.795", "ppl": "2.36", "accuracy": "81.518", "wps": "310.8", "ups": "1.7", "wpb": "182.5", "bsz": "10.2", "num_updates": "13800", "lr": "0.000565984", "gnorm": "22.297", "loss_scale": "128", "train_wall": "11", "gb_free": "75.7", "wall": "10007"}
[2026-06-13 17:45:33,100][train_inner][INFO] - {"epoch": 5, "update": 4.408, "loss": "47.887", "nll_loss": "1.223", "total": "185.455", "n_correct": "151.695", "ppl": "2.33", "accuracy": "81.796", "wps": "317.7", "ups": "1.71", "wpb": "185.5", "bsz": "9.7", "num_updates": "14000", "lr": "0.00054928", "gnorm": "23.263", "loss_scale": "128", "train_wall": "11", "gb_free": "75.7", "wall": "10124"}
[2026-06-13 17:47:26,044][train_inner][INFO] - {"epoch": 5, "update": 4.471, "loss": "48.642", "nll_loss": "1.224", "total": "176.07", "n_correct": "144.4", "ppl": "2.34", "accuracy": "82.013", "wps": "311.8", "ups": "1.77", "wpb": "176.1", "bsz": "9", "num_updates": "14200", "lr": "0.000533069", "gnorm": "23.109", "loss_scale": "128", "train_wall": "11", "gb_free": "75.7", "wall": "10237"}
[2026-06-13 17:49:22,521][train_inner][INFO] - {"epoch": 5, "update": 4.534, "loss": "41.226", "nll_loss": "1.188", "total": "177.155", "n_correct": "146.14", "ppl": "2.28", "accuracy": "82.493", "wps": "304.2", "ups": "1.72", "wpb": "177.2", "bsz": "10.6", "num_updates": "14400", "lr": "0.000517337", "gnorm": "19.635", "loss_scale": "128", "train_wall": "11", "gb_free": "75.7", "wall": "10353"}
[2026-06-13 17:51:20,514][train_inner][INFO] - {"epoch": 5, "update": 4.597, "loss": "43.844", "nll_loss": "1.191", "total": "182.485", "n_correct": "150.37", "ppl": "2.28", "accuracy": "82.401", "wps": "309.4", "ups": "1.7", "wpb": "182.5", "bsz": "10.3", "num_updates": "14600", "lr": "0.000502069", "gnorm": "21.773", "loss_scale": "128", "train_wall": "11", "gb_free": "75.7", "wall": "10471"}
[2026-06-13 17:53:20,273][train_inner][INFO] - {"epoch": 5, "update": 4.66, "loss": "45.871", "nll_loss": "1.179", "total": "179.22", "n_correct": "148.165", "ppl": "2.26", "accuracy": "82.672", "wps": "299.3", "ups": "1.67", "wpb": "179.2", "bsz": "9.6", "num_updates": "14800", "lr": "0.000487251", "gnorm": "22.274", "loss_scale": "128", "train_wall": "11", "gb_free": "75.7", "wall": "10591"}
[2026-06-13 17:55:15,357][train_inner][INFO] - {"epoch": 5, "update": 4.723, "loss": "43.382", "nll_loss": "1.125", "total": "179.57", "n_correct": "150.19", "ppl": "2.18", "accuracy": "83.639", "wps": "312.1", "ups": "1.74", "wpb": "179.6", "bsz": "10", "num_updates": "15000", "lr": "0.000472871", "gnorm": "21.439", "loss_scale": "128", "train_wall": "11", "gb_free": "75.7", "wall": "10706"}
[2026-06-13 17:57:08,917][train_inner][INFO] - {"epoch": 5, "update": 4.786, "loss": "45.577", "nll_loss": "1.111", "total": "177.655", "n_correct": "148.765", "ppl": "2.16", "accuracy": "83.738", "wps": "312.9", "ups": "1.76", "wpb": "177.7", "bsz": "9.3", "num_updates": "15200", "lr": "0.000458915", "gnorm": "21.205", "loss_scale": "128", "train_wall": "11", "gb_free": "75.7", "wall": "10820"}
[2026-06-13 17:59:03,806][train_inner][INFO] - {"epoch": 5, "update": 4.849, "loss": "45.941", "nll_loss": "1.151", "total": "179.6", "n_correct": "148.955", "ppl": "2.22", "accuracy": "82.937", "wps": "312.7", "ups": "1.74", "wpb": "179.6", "bsz": "9.5", "num_updates": "15400", "lr": "0.000445371", "gnorm": "21.941", "loss_scale": "128", "train_wall": "12", "gb_free": "75.7", "wall": "10935"}
[2026-06-13 18:00:56,628][train_inner][INFO] - {"epoch": 5, "update": 4.912, "loss": "47.997", "nll_loss": "1.106", "total": "178.735", "n_correct": "150.015", "ppl": "2.15", "accuracy": "83.932", "wps": "316.9", "ups": "1.77", "wpb": "178.7", "bsz": "8.9", "num_updates": "15600", "lr": "0.000432227", "gnorm": "21.612", "loss_scale": "128", "train_wall": "11", "gb_free": "75.7", "wall": "11047"}
[2026-06-13 18:02:54,564][train_inner][INFO] - {"epoch": 5, "update": 4.975, "loss": "42.411", "nll_loss": "1.081", "total": "179.115", "n_correct": "150.985", "ppl": "2.12", "accuracy": "84.295", "wps": "303.8", "ups": "1.7", "wpb": "179.1", "bsz": "10", "num_updates": "15800", "lr": "0.00041947", "gnorm": "20.125", "loss_scale": "128", "train_wall": "11", "gb_free": "75.7", "wall": "11165"}
[2026-06-13 18:03:40,007][main][INFO] - end of epoch 5 (average epoch stats below)
[2026-06-13 18:03:40,017][train][INFO] - {"epoch": 5, "train_loss": "45.908", "train_nll_loss": "1.198", "train_total": "179.799", "train_n_correct": "147.937", "train_ppl": "2.29", "train_accuracy": "82.279", "train_wps": "304", "train_ups": "1.69", "train_wpb": "179.8", "train_bsz": "9.7", "train_num_updates": "15880", "train_lr": "0.000414474", "train_gnorm": "21.983", "train_loss_scale": "128", "train_train_wall": "179", "train_gb_free": "75.7", "train_wall": "11211"}
[2026-06-13 18:03:40,594][trainer][INFO] - begin training epoch 6
[2026-06-13 18:03:40,594][main][INFO] - Start iterating over samples
[2026-06-13 18:04:53,045][train_inner][INFO] - {"epoch": 6, "update": 5.038, "loss": "42.222", "nll_loss": "0.996", "total": "179.67", "n_correct": "153.605", "ppl": "1.99", "accuracy": "85.493", "wps": "303.3", "ups": "1.69", "wpb": "179.7", "bsz": "9.8", "num_updates": "16000", "lr": "0.000407091", "gnorm": "19.171", "loss_scale": "128", "train_wall": "12", "gb_free": "75.7", "wall": "11284"}
[2026-06-13 18:06:50,781][train_inner][INFO] - {"epoch": 6, "update": 5.101, "loss": "41.032", "nll_loss": "0.95", "total": "181.555", "n_correct": "156.53", "ppl": "1.93", "accuracy": "86.216", "wps": "308.4", "ups": "1.7", "wpb": "181.6", "bsz": "10", "num_updates": "16200", "lr": "0.000395076", "gnorm": "19.453", "loss_scale": "128", "train_wall": "11", "gb_free": "75.7", "wall": "11402"}
[2026-06-13 18:08:44,014][train_inner][INFO] - {"epoch": 6, "update": 5.164, "loss": "44.297", "nll_loss": "0.945", "total": "176.39", "n_correct": "152.23", "ppl": "1.93", "accuracy": "86.303", "wps": "311.7", "ups": "1.77", "wpb": "176.4", "bsz": "9", "num_updates": "16400", "lr": "0.000383416", "gnorm": "20.095", "loss_scale": "256", "train_wall": "11", "gb_free": "75.7", "wall": "11515"}
[2026-06-13 18:10:42,120][train_inner][INFO] - {"epoch": 6, "update": 5.227, "loss": "41.329", "nll_loss": "0.964", "total": "181.675", "n_correct": "156.155", "ppl": "1.95", "accuracy": "85.953", "wps": "307.7", "ups": "1.69", "wpb": "181.7", "bsz": "10", "num_updates": "16600", "lr": "0.0003721", "gnorm": "19.435", "loss_scale": "256", "train_wall": "11", "gb_free": "75.7", "wall": "11633"}
[2026-06-13 18:12:46,148][train_inner][INFO] - {"epoch": 6, "update": 5.29, "loss": "39.828", "nll_loss": "0.913", "total": "183.545", "n_correct": "159.16", "ppl": "1.88", "accuracy": "86.714", "wps": "296", "ups": "1.61", "wpb": "183.5", "bsz": "10.2", "num_updates": "16800", "lr": "0.000361119", "gnorm": "18.542", "loss_scale": "256", "train_wall": "11", "gb_free": "75.7", "wall": "11757"}
[2026-06-13 18:14:43,248][train_inner][INFO] - {"epoch": 6, "update": 5.353, "loss": "41.84", "nll_loss": "0.946", "total": "179.29", "n_correct": "155.2", "ppl": "1.93", "accuracy": "86.564", "wps": "306.2", "ups": "1.71", "wpb": "179.3", "bsz": "9.6", "num_updates": "17000", "lr": "0.000350461", "gnorm": "19.162", "loss_scale": "256", "train_wall": "11", "gb_free": "75.7", "wall": "11874"}
[2026-06-13 18:16:37,359][train_inner][INFO] - {"epoch": 6, "update": 5.416, "loss": "42.682", "nll_loss": "0.945", "total": "182.66", "n_correct": "158.125", "ppl": "1.93", "accuracy": "86.568", "wps": "320.2", "ups": "1.75", "wpb": "182.7", "bsz": "9.6", "num_updates": "17200", "lr": "0.000340118", "gnorm": "19.341", "loss_scale": "256", "train_wall": "11", "gb_free": "75.7", "wall": "11988"}
[2026-06-13 18:18:27,702][train_inner][INFO] - {"epoch": 6, "update": 5.479, "loss": "43.357", "nll_loss": "0.937", "total": "177.635", "n_correct": "153.79", "ppl": "1.91", "accuracy": "86.576", "wps": "322", "ups": "1.81", "wpb": "177.6", "bsz": "9.2", "num_updates": "17400", "lr": "0.00033008", "gnorm": "18.963", "loss_scale": "256", "train_wall": "11", "gb_free": "75.7", "wall": "12099"}
[2026-06-13 18:20:24,088][train_inner][INFO] - {"epoch": 6, "update": 5.542, "loss": "41.497", "nll_loss": "0.907", "total": "180.2", "n_correct": "156.985", "ppl": "1.88", "accuracy": "87.117", "wps": "309.7", "ups": "1.72", "wpb": "180.2", "bsz": "9.6", "num_updates": "17600", "lr": "0.000320338", "gnorm": "18.761", "loss_scale": "256", "train_wall": "11", "gb_free": "75.7", "wall": "12215"}
[2026-06-13 18:22:23,643][train_inner][INFO] - {"epoch": 6, "update": 5.605, "loss": "42.175", "nll_loss": "0.896", "total": "183.14", "n_correct": "159.55", "ppl": "1.86", "accuracy": "87.119", "wps": "306.4", "ups": "1.67", "wpb": "183.1", "bsz": "9.6", "num_updates": "17800", "lr": "0.000310884", "gnorm": "18.716", "loss_scale": "256", "train_wall": "11", "gb_free": "75.7", "wall": "12335"}
[2026-06-13 18:24:26,003][train_inner][INFO] - {"epoch": 6, "update": 5.668, "loss": "38.819", "nll_loss": "0.937", "total": "176.32", "n_correct": "152.495", "ppl": "1.91", "accuracy": "86.488", "wps": "288.2", "ups": "1.63", "wpb": "176.3", "bsz": "10.2", "num_updates": "18000", "lr": "0.000301709", "gnorm": "18.295", "loss_scale": "256", "train_wall": "11", "gb_free": "75.7", "wall": "12457"}
[2026-06-13 18:26:25,086][train_inner][INFO] - {"epoch": 6, "update": 5.73, "loss": "40.528", "nll_loss": "0.9", "total": "179.7", "n_correct": "156.745", "ppl": "1.87", "accuracy": "87.226", "wps": "301.8", "ups": "1.68", "wpb": "179.7", "bsz": "9.8", "num_updates": "18200", "lr": "0.000292804", "gnorm": "19.165", "loss_scale": "256", "train_wall": "11", "gb_free": "75.7", "wall": "12576"}
[2026-06-13 18:28:28,111][train_inner][INFO] - {"epoch": 6, "update": 5.793, "loss": "40.252", "nll_loss": "0.895", "total": "180.685", "n_correct": "157.7", "ppl": "1.86", "accuracy": "87.279", "wps": "293.8", "ups": "1.63", "wpb": "180.7", "bsz": "9.9", "num_updates": "18400", "lr": "0.000284163", "gnorm": "17.74", "loss_scale": "256", "train_wall": "11", "gb_free": "75.7", "wall": "12699"}
[2026-06-13 18:30:29,571][train_inner][INFO] - {"epoch": 6, "update": 5.856, "loss": "37.952", "nll_loss": "0.874", "total": "179.465", "n_correct": "156.99", "ppl": "1.83", "accuracy": "87.477", "wps": "295.6", "ups": "1.65", "wpb": "179.5", "bsz": "10.3", "num_updates": "18600", "lr": "0.000275776", "gnorm": "17.076", "loss_scale": "256", "train_wall": "11", "gb_free": "75.7", "wall": "12820"}
[2026-06-13 18:32:28,078][train_inner][INFO] - {"epoch": 6, "update": 5.919, "loss": "40.118", "nll_loss": "0.874", "total": "179.14", "n_correct": "156.85", "ppl": "1.83", "accuracy": "87.557", "wps": "302.4", "ups": "1.69", "wpb": "179.1", "bsz": "9.7", "num_updates": "18800", "lr": "0.000267637", "gnorm": "17.979", "loss_scale": "256", "train_wall": "11", "gb_free": "75.7", "wall": "12939"}
[2026-06-13 18:34:22,971][train_inner][INFO] - {"epoch": 6, "update": 5.982, "loss": "44.108", "nll_loss": "0.873", "total": "175.545", "n_correct": "153.795", "ppl": "1.83", "accuracy": "87.61", "wps": "305.6", "ups": "1.74", "wpb": "175.5", "bsz": "8.7", "num_updates": "19000", "lr": "0.000259739", "gnorm": "18.625", "loss_scale": "256", "train_wall": "11", "gb_free": "75.7", "wall": "13054"}
[2026-06-13 18:34:55,081][main][INFO] - begin validation on "valid" subset
[2026-06-13 18:36:08,535][valid][INFO] - {"epoch": 6, "valid_loss": "40.035", "valid_nll_loss": "0.762", "valid_total": "178.205", "valid_n_correct": "158.118", "valid_ppl": "1.7", "valid_accuracy": "88.728", "valid_wps": "309.8", "valid_wpb": "178.2", "valid_bsz": "9.4", "valid_num_updates": "19056", "valid_best_accuracy": "88.728"}
[2026-06-13 18:36:08,536][fairseq.checkpoint_utils][INFO] - Preparing to save checkpoint for epoch 6 @ 19056 updates
[2026-06-13 18:36:08,537][trainer][INFO] - Saving checkpoint to checkpoints/checkpoint_best.pt
[2026-06-13 18:36:12,554][trainer][INFO] - Finished saving checkpoint to checkpoints/checkpoint_best.pt
[2026-06-13 18:36:18,043][fairseq.checkpoint_utils][INFO] - Saved checkpoint checkpoints/checkpoint_best.pt (epoch 6 @ 19056 updates, score 88.728) (writing took 9.506939974962734 seconds)
[2026-06-13 18:36:18,044][main][INFO] - end of epoch 6 (average epoch stats below)
[2026-06-13 18:36:18,055][train][INFO] - {"epoch": 6, "train_loss": "41.216", "train_nll_loss": "0.917", "train_total": "179.799", "train_n_correct": "156.152", "train_ppl": "1.89", "train_accuracy": "86.848", "train_wps": "291.6", "train_ups": "1.62", "train_wpb": "179.8", "train_bsz": "9.7", "train_num_updates": "19056", "train_lr": "0.000257569", "train_gnorm": "18.736", "train_loss_scale": "256", "train_train_wall": "177", "train_gb_free": "75.7", "train_wall": "13169"}
[2026-06-13 18:36:18,552][trainer][INFO] - begin training epoch 7
[2026-06-13 18:36:18,553][main][INFO] - Start iterating over samples
[2026-06-13 18:37:45,870][train_inner][INFO] - {"epoch": 7, "update": 6.045, "loss": "37.098", "nll_loss": "0.801", "total": "179.55", "n_correct": "159.55", "ppl": "1.74", "accuracy": "88.861", "wps": "177", "ups": "0.99", "wpb": "179.6", "bsz": "10.2", "num_updates": "19200", "lr": "0.000252073", "gnorm": "16.855", "loss_scale": "256", "train_wall": "12", "gb_free": "75.7", "wall": "13257"}
[2026-06-13 18:39:40,113][train_inner][INFO] - {"epoch": 7, "update": 6.108, "loss": "40.96", "nll_loss": "0.773", "total": "182.085", "n_correct": "162.445", "ppl": "1.71", "accuracy": "89.214", "wps": "318.8", "ups": "1.75", "wpb": "182.1", "bsz": "9.3", "num_updates": "19400", "lr": "0.000244633", "gnorm": "17.765", "loss_scale": "256", "train_wall": "11", "gb_free": "75.7", "wall": "13371"}
[2026-06-13 18:41:39,083][train_inner][INFO] - {"epoch": 7, "update": 6.171, "loss": "37.4", "nll_loss": "0.784", "total": "180.175", "n_correct": "160.475", "ppl": "1.72", "accuracy": "89.066", "wps": "302.9", "ups": "1.68", "wpb": "180.2", "bsz": "10.1", "num_updates": "19600", "lr": "0.000237414", "gnorm": "16.734", "loss_scale": "256", "train_wall": "11", "gb_free": "75.7", "wall": "13490"}
[2026-06-13 18:43:38,230][train_inner][INFO] - {"epoch": 7, "update": 6.234, "loss": "35.892", "nll_loss": "0.78", "total": "177.69", "n_correct": "158.25", "ppl": "1.72", "accuracy": "89.06", "wps": "298.3", "ups": "1.68", "wpb": "177.7", "bsz": "10.4", "num_updates": "19800", "lr": "0.000230407", "gnorm": "16.83", "loss_scale": "256", "train_wall": "11", "gb_free": "75.7", "wall": "13609"}
[2026-06-13 18:45:28,430][train_inner][INFO] - {"epoch": 7, "update": 6.297, "loss": "42.109", "nll_loss": "0.807", "total": "179.895", "n_correct": "159.56", "ppl": "1.75", "accuracy": "88.696", "wps": "326.5", "ups": "1.82", "wpb": "179.9", "bsz": "9.1", "num_updates": "20000", "lr": "0.000223607", "gnorm": "18.321", "loss_scale": "256", "train_wall": "11", "gb_free": "75.7", "wall": "13719"}
[2026-06-13 18:47:22,969][train_inner][INFO] - {"epoch": 7, "update": 6.36, "loss": "37.507", "nll_loss": "0.752", "total": "182.98", "n_correct": "164.075", "ppl": "1.68", "accuracy": "89.668", "wps": "319.5", "ups": "1.75", "wpb": "183", "bsz": "10.1", "num_updates": "20200", "lr": "0.000217007", "gnorm": "16.628", "loss_scale": "256", "train_wall": "11", "gb_free": "75.7", "wall": "13834"}
[2026-06-13 18:49:14,251][train_inner][INFO] - {"epoch": 7, "update": 6.423, "loss": "38.469", "nll_loss": "0.755", "total": "180.46", "n_correct": "161.72", "ppl": "1.69", "accuracy": "89.615", "wps": "324.4", "ups": "1.8", "wpb": "180.5", "bsz": "9.7", "num_updates": "20400", "lr": "0.000210603", "gnorm": "16.739", "loss_scale": "256", "train_wall": "11", "gb_free": "75.7", "wall": "13945"}
[2026-06-13 18:51:06,262][train_inner][INFO] - {"epoch": 7, "update": 6.486, "loss": "38.938", "nll_loss": "0.779", "total": "178.87", "n_correct": "159.255", "ppl": "1.72", "accuracy": "89.034", "wps": "319.4", "ups": "1.79", "wpb": "178.9", "bsz": "9.6", "num_updates": "20600", "lr": "0.000204387", "gnorm": "18.387", "loss_scale": "256", "train_wall": "11", "gb_free": "75.7", "wall": "14057"}
[2026-06-13 18:52:57,420][train_inner][INFO] - {"epoch": 7, "update": 6.549, "loss": "39.243", "nll_loss": "0.764", "total": "179.785", "n_correct": "160.685", "ppl": "1.7", "accuracy": "89.376", "wps": "323.9", "ups": "1.8", "wpb": "179.8", "bsz": "9.5", "num_updates": "20800", "lr": "0.000198355", "gnorm": "17.305", "loss_scale": "256", "train_wall": "11", "gb_free": "75.7", "wall": "14168"}
[2026-06-13 18:54:55,525][train_inner][INFO] - {"epoch": 7, "update": 6.612, "loss": "37.166", "nll_loss": "0.77", "total": "182.095", "n_correct": "162.705", "ppl": "1.71", "accuracy": "89.352", "wps": "308.4", "ups": "1.69", "wpb": "182.1", "bsz": "10.2", "num_updates": "21000", "lr": "0.000192501", "gnorm": "16.937", "loss_scale": "256", "train_wall": "11", "gb_free": "75.7", "wall": "14286"}
[2026-06-13 18:56:51,409][train_inner][INFO] - {"epoch": 7, "update": 6.675, "loss": "37.625", "nll_loss": "0.745", "total": "180.125", "n_correct": "161.645", "ppl": "1.68", "accuracy": "89.74", "wps": "310.9", "ups": "1.73", "wpb": "180.1", "bsz": "9.9", "num_updates": "21200", "lr": "0.00018682", "gnorm": "17.017", "loss_scale": "256", "train_wall": "11", "gb_free": "75.7", "wall": "14402"}
[2026-06-13 18:58:44,588][train_inner][INFO] - {"epoch": 7, "update": 6.738, "loss": "39.972", "nll_loss": "0.796", "total": "178.32", "n_correct": "158.855", "ppl": "1.74", "accuracy": "89.084", "wps": "315.2", "ups": "1.77", "wpb": "178.3", "bsz": "9.4", "num_updates": "21400", "lr": "0.000181306", "gnorm": "17.6", "loss_scale": "256", "train_wall": "11", "gb_free": "75.7", "wall": "14515"}
[2026-06-13 19:00:32,841][train_inner][INFO] - {"epoch": 7, "update": 6.801, "loss": "41.971", "nll_loss": "0.756", "total": "178.405", "n_correct": "159.955", "ppl": "1.69", "accuracy": "89.658", "wps": "329.6", "ups": "1.85", "wpb": "178.4", "bsz": "8.8", "num_updates": "21600", "lr": "0.000175955", "gnorm": "18.488", "loss_scale": "256", "train_wall": "11", "gb_free": "75.7", "wall": "14624"}
[2026-06-13 19:02:23,311][train_inner][INFO] - {"epoch": 7, "update": 6.864, "loss": "38.856", "nll_loss": "0.733", "total": "180", "n_correct": "161.935", "ppl": "1.66", "accuracy": "89.964", "wps": "325.9", "ups": "1.81", "wpb": "180", "bsz": "9.5", "num_updates": "21800", "lr": "0.000170762", "gnorm": "17.877", "loss_scale": "256", "train_wall": "11", "gb_free": "75.7", "wall": "14734"}
[2026-06-13 19:04:13,301][train_inner][INFO] - {"epoch": 7, "update": 6.927, "loss": "38.862", "nll_loss": "0.759", "total": "176.71", "n_correct": "158.35", "ppl": "1.69", "accuracy": "89.61", "wps": "321.3", "ups": "1.82", "wpb": "176.7", "bsz": "9.4", "num_updates": "22000", "lr": "0.000165723", "gnorm": "17.25", "loss_scale": "256", "train_wall": "11", "gb_free": "75.7", "wall": "14844"}
[2026-06-13 19:06:06,452][train_inner][INFO] - {"epoch": 7, "update": 6.99, "loss": "37.875", "nll_loss": "0.746", "total": "178.495", "n_correct": "160.01", "ppl": "1.68", "accuracy": "89.644", "wps": "315.5", "ups": "1.77", "wpb": "178.5", "bsz": "9.7", "num_updates": "22200", "lr": "0.000160832", "gnorm": "16.461", "loss_scale": "256", "train_wall": "11", "gb_free": "75.7", "wall": "14957"}
[2026-06-13 19:06:23,445][main][INFO] - end of epoch 7 (average epoch stats below)
[2026-06-13 19:06:23,455][train][INFO] - {"epoch": 7, "train_loss": "38.691", "train_nll_loss": "0.767", "train_total": "179.799", "train_n_correct": "160.696", "train_ppl": "1.7", "train_accuracy": "89.376", "train_wps": "316.3", "train_ups": "1.76", "train_wpb": "179.8", "train_bsz": "9.7", "train_num_updates": "22232", "train_lr": "0.000160063", "train_gnorm": "17.32", "train_loss_scale": "256", "train_train_wall": "176", "train_gb_free": "75.7", "train_wall": "14974"}
[2026-06-13 19:06:23,953][trainer][INFO] - begin training epoch 8
[2026-06-13 19:06:23,953][main][INFO] - Start iterating over samples
[2026-06-13 19:07:59,504][train_inner][INFO] - {"epoch": 8, "update": 7.053, "loss": "39.235", "nll_loss": "0.689", "total": "183.345", "n_correct": "166.085", "ppl": "1.61", "accuracy": "90.586", "wps": "324.4", "ups": "1.77", "wpb": "183.3", "bsz": "9.4", "num_updates": "22400", "lr": "0.000156085", "gnorm": "17.409", "loss_scale": "256", "train_wall": "11", "gb_free": "75.7", "wall": "15070"}
[2026-06-13 19:09:55,766][train_inner][INFO] - {"epoch": 8, "update": 7.116, "loss": "37.366", "nll_loss": "0.683", "total": "179.435", "n_correct": "162.85", "ppl": "1.61", "accuracy": "90.757", "wps": "308.7", "ups": "1.72", "wpb": "179.4", "bsz": "9.7", "num_updates": "22600", "lr": "0.000151479", "gnorm": "16.144", "loss_scale": "256", "train_wall": "11", "gb_free": "75.7", "wall": "15187"}
[2026-06-13 19:11:51,945][train_inner][INFO] - {"epoch": 8, "update": 7.179, "loss": "36.146", "nll_loss": "0.703", "total": "181.61", "n_correct": "164.57", "ppl": "1.63", "accuracy": "90.617", "wps": "312.7", "ups": "1.72", "wpb": "181.6", "bsz": "10.2", "num_updates": "22800", "lr": "0.000147008", "gnorm": "16.67", "loss_scale": "256", "train_wall": "11", "gb_free": "75.7", "wall": "15303"}
[2026-06-13 19:13:39,312][train_inner][INFO] - {"epoch": 8, "update": 7.242, "loss": "40.58", "nll_loss": "0.672", "total": "180.78", "n_correct": "164.51", "ppl": "1.59", "accuracy": "91", "wps": "336.8", "ups": "1.86", "wpb": "180.8", "bsz": "8.9", "num_updates": "23000", "lr": "0.000142669", "gnorm": "16.963", "loss_scale": "256", "train_wall": "11", "gb_free": "75.7", "wall": "15410"}
[2026-06-13 19:15:26,536][train_inner][INFO] - {"epoch": 8, "update": 7.305, "loss": "36.14", "nll_loss": "0.639", "total": "176.93", "n_correct": "162.275", "ppl": "1.56", "accuracy": "91.717", "wps": "330.1", "ups": "1.87", "wpb": "176.9", "bsz": "9.7", "num_updates": "23200", "lr": "0.000138459", "gnorm": "15.752", "loss_scale": "256", "train_wall": "11", "gb_free": "75.7", "wall": "15517"}
[2026-06-13 19:17:19,809][train_inner][INFO] - {"epoch": 8, "update": 7.368, "loss": "35.446", "nll_loss": "0.702", "total": "179.45", "n_correct": "162.46", "ppl": "1.63", "accuracy": "90.532", "wps": "316.9", "ups": "1.77", "wpb": "179.4", "bsz": "10.2", "num_updates": "23400", "lr": "0.000134372", "gnorm": "15.536", "loss_scale": "256", "train_wall": "11", "gb_free": "75.7", "wall": "15631"}
[2026-06-13 19:19:08,305][train_inner][INFO] - {"epoch": 8, "update": 7.431, "loss": "36.527", "nll_loss": "0.65", "total": "175.58", "n_correct": "160.33", "ppl": "1.57", "accuracy": "91.315", "wps": "323.7", "ups": "1.84", "wpb": "175.6", "bsz": "9.5", "num_updates": "23600", "lr": "0.000130407", "gnorm": "16.256", "loss_scale": "256", "train_wall": "11", "gb_free": "75.7", "wall": "15739"}
[2026-06-13 19:20:58,638][train_inner][INFO] - {"epoch": 8, "update": 7.494, "loss": "37.345", "nll_loss": "0.683", "total": "179.02", "n_correct": "162.57", "ppl": "1.61", "accuracy": "90.811", "wps": "324.5", "ups": "1.81", "wpb": "179", "bsz": "9.6", "num_updates": "23800", "lr": "0.000126558", "gnorm": "16.723", "loss_scale": "256", "train_wall": "11", "gb_free": "75.7", "wall": "15850"}
[2026-06-13 19:22:51,102][train_inner][INFO] - {"epoch": 8, "update": 7.557, "loss": "38.995", "nll_loss": "0.65", "total": "181.39", "n_correct": "165.68", "ppl": "1.57", "accuracy": "91.339", "wps": "322.6", "ups": "1.78", "wpb": "181.4", "bsz": "9.2", "num_updates": "24000", "lr": "0.000122823", "gnorm": "17.238", "loss_scale": "256", "train_wall": "11", "gb_free": "75.7", "wall": "15962"}
[2026-06-13 19:22:51,878][trainer][INFO] - NOTE: gradient overflow detected, ignoring gradient, setting loss scale to: 128.0
[2026-06-13 19:23:07,279][trainer][INFO] - NOTE: gradient overflow detected, ignoring gradient, setting loss scale to: 64.0
[2026-06-13 19:24:49,150][train_inner][INFO] - {"epoch": 8, "update": 7.62, "loss": "36.615", "nll_loss": "0.695", "total": "179.17", "n_correct": "162.18", "ppl": "1.62", "accuracy": "90.517", "wps": "303.6", "ups": "1.69", "wpb": "179.2", "bsz": "9.9", "num_updates": "24200", "lr": "0.000119198", "gnorm": "88.154", "loss_scale": "64", "train_wall": "20", "gb_free": "73.7", "wall": "16080"}
[2026-06-13 19:26:50,665][train_inner][INFO] - {"epoch": 8, "update": 7.683, "loss": "36.805", "nll_loss": "0.685", "total": "181.235", "n_correct": "164.215", "ppl": "1.61", "accuracy": "90.609", "wps": "298.3", "ups": "1.65", "wpb": "181.2", "bsz": "9.9", "num_updates": "24400", "lr": "0.00011568", "gnorm": "79.406", "loss_scale": "64", "train_wall": "17", "gb_free": "73.6", "wall": "16202"}
[2026-06-13 19:28:42,274][train_inner][INFO] - {"epoch": 8, "update": 7.746, "loss": "39.28", "nll_loss": "0.701", "total": "180.07", "n_correct": "162.535", "ppl": "1.63", "accuracy": "90.262", "wps": "322.7", "ups": "1.79", "wpb": "180.1", "bsz": "9.3", "num_updates": "24600", "lr": "0.000112266", "gnorm": "82.951", "loss_scale": "64", "train_wall": "16", "gb_free": "73.7", "wall": "16313"}
[2026-06-13 19:30:32,039][train_inner][INFO] - {"epoch": 8, "update": 7.809, "loss": "37.488", "nll_loss": "0.702", "total": "179.62", "n_correct": "162.195", "ppl": "1.63", "accuracy": "90.299", "wps": "327.3", "ups": "1.82", "wpb": "179.6", "bsz": "9.7", "num_updates": "24800", "lr": "0.000108953", "gnorm": "80.749", "loss_scale": "64", "train_wall": "16", "gb_free": "73.7", "wall": "16423"}
[2026-06-13 19:32:29,221][train_inner][INFO] - {"epoch": 8, "update": 7.872, "loss": "34.922", "nll_loss": "0.718", "total": "180.195", "n_correct": "162.415", "ppl": "1.64", "accuracy": "90.133", "wps": "307.6", "ups": "1.71", "wpb": "180.2", "bsz": "10.5", "num_updates": "25000", "lr": "0.000105737", "gnorm": "77.013", "loss_scale": "64", "train_wall": "17", "gb_free": "73.7", "wall": "16540"}
[2026-06-13 19:34:12,475][train_inner][INFO] - {"epoch": 8, "update": 7.935, "loss": "38.304", "nll_loss": "0.698", "total": "181.17", "n_correct": "163.565", "ppl": "1.62", "accuracy": "90.283", "wps": "351", "ups": "1.94", "wpb": "181.2", "bsz": "9.5", "num_updates": "25200", "lr": "0.000102617", "gnorm": "76.025", "loss_scale": "64", "train_wall": "16", "gb_free": "73.6", "wall": "16643"}
[2026-06-13 19:35:57,962][train_inner][INFO] - {"epoch": 8, "update": 7.998, "loss": "37.235", "nll_loss": "0.693", "total": "177.715", "n_correct": "160.88", "ppl": "1.62", "accuracy": "90.527", "wps": "337", "ups": "1.9", "wpb": "177.7", "bsz": "9.6", "num_updates": "25400", "lr": "9.9588e-05", "gnorm": "70.076", "loss_scale": "64", "train_wall": "16", "gb_free": "73.7", "wall": "16749"}
[2026-06-13 19:36:01,387][main][INFO] - begin validation on "valid" subset
[2026-06-13 19:37:04,923][valid][INFO] - {"epoch": 8, "valid_loss": "38.749", "valid_nll_loss": "0.688", "valid_total": "178.205", "valid_n_correct": "160.787", "valid_ppl": "1.61", "valid_accuracy": "90.226", "valid_wps": "358.5", "valid_wpb": "178.2", "valid_bsz": "9.4", "valid_num_updates": "25406", "valid_best_accuracy": "90.226"}
[2026-06-13 19:37:04,931][fairseq.checkpoint_utils][INFO] - Preparing to save checkpoint for epoch 8 @ 25406 updates
[2026-06-13 19:37:04,931][trainer][INFO] - Saving checkpoint to checkpoints/checkpoint_best.pt
[2026-06-13 19:37:08,762][trainer][INFO] - Finished saving checkpoint to checkpoints/checkpoint_best.pt
[2026-06-13 19:37:14,223][fairseq.checkpoint_utils][INFO] - Saved checkpoint checkpoints/checkpoint_best.pt (epoch 8 @ 25406 updates, score 90.226) (writing took 9.292624830966815 seconds)
[2026-06-13 19:37:14,224][main][INFO] - end of epoch 8 (average epoch stats below)
[2026-06-13 19:37:14,246][train][INFO] - {"epoch": 8, "train_loss": "37.263", "train_nll_loss": "0.684", "train_total": "179.79", "train_n_correct": "163.109", "train_ppl": "1.61", "train_accuracy": "90.722", "train_wps": "308.3", "train_ups": "1.71", "train_wpb": "179.8", "train_bsz": "9.7", "train_num_updates": "25406", "train_lr": "9.94985e-05", "train_gnorm": "44.236", "train_loss_scale": "64", "train_train_wall": "217", "train_gb_free": "73.7", "train_wall": "16825"}
[2026-06-13 19:37:14,833][trainer][INFO] - begin training epoch 9
[2026-06-13 19:37:14,834][main][INFO] - Start iterating over samples
[2026-06-13 19:38:35,109][trainer][INFO] - NOTE: gradient overflow detected, ignoring gradient, setting loss scale to: 32.0
[2026-06-13 19:39:03,426][train_inner][INFO] - {"epoch": 9, "update": 8.061, "loss": "37.73", "nll_loss": "0.59", "total": "178.965", "n_correct": "165.15", "ppl": "1.5", "accuracy": "92.281", "wps": "193", "ups": "1.08", "wpb": "179", "bsz": "9.1", "num_updates": "25600", "lr": "9.66488e-05", "gnorm": "62.142", "loss_scale": "32", "train_wall": "17", "gb_free": "73.8", "wall": "16934"}
[2026-06-13 19:40:56,301][train_inner][INFO] - {"epoch": 9, "update": 8.124, "loss": "35.548", "nll_loss": "0.591", "total": "178.775", "n_correct": "164.785", "ppl": "1.51", "accuracy": "92.175", "wps": "316.8", "ups": "1.77", "wpb": "178.8", "bsz": "9.7", "num_updates": "25800", "lr": "9.37964e-05", "gnorm": "67.224", "loss_scale": "32", "train_wall": "16", "gb_free": "73.6", "wall": "17047"}
[2026-06-13 19:42:51,479][train_inner][INFO] - {"epoch": 9, "update": 8.187, "loss": "35.079", "nll_loss": "0.602", "total": "179.53", "n_correct": "165.51", "ppl": "1.52", "accuracy": "92.191", "wps": "311.8", "ups": "1.74", "wpb": "179.5", "bsz": "9.9", "num_updates": "26000", "lr": "9.10282e-05", "gnorm": "60.446", "loss_scale": "32", "train_wall": "16", "gb_free": "73.8", "wall": "17162"}
[2026-06-13 19:44:42,071][train_inner][INFO] - {"epoch": 9, "update": 8.25, "loss": "35.747", "nll_loss": "0.585", "total": "176.115", "n_correct": "162.725", "ppl": "1.5", "accuracy": "92.397", "wps": "318.5", "ups": "1.81", "wpb": "176.1", "bsz": "9.5", "num_updates": "26200", "lr": "8.83417e-05", "gnorm": "63.175", "loss_scale": "32", "train_wall": "16", "gb_free": "74", "wall": "17273"}
[2026-06-13 19:46:32,387][train_inner][INFO] - {"epoch": 9, "update": 8.313, "loss": "35.279", "nll_loss": "0.591", "total": "180.37", "n_correct": "166.365", "ppl": "1.51", "accuracy": "92.235", "wps": "327", "ups": "1.81", "wpb": "180.4", "bsz": "9.8", "num_updates": "26400", "lr": "8.57345e-05", "gnorm": "60.096", "loss_scale": "32", "train_wall": "16", "gb_free": "74.7", "wall": "17383"}
[2026-06-13 19:48:27,264][train_inner][INFO] - {"epoch": 9, "update": 8.376, "loss": "34.781", "nll_loss": "0.609", "total": "181.005", "n_correct": "166.77", "ppl": "1.52", "accuracy": "92.136", "wps": "315.2", "ups": "1.74", "wpb": "181", "bsz": "10.1", "num_updates": "26600", "lr": "8.32042e-05", "gnorm": "59.342", "loss_scale": "32", "train_wall": "16", "gb_free": "73.8", "wall": "17498"}
[2026-06-13 19:50:17,166][train_inner][INFO] - {"epoch": 9, "update": 8.439, "loss": "36.287", "nll_loss": "0.595", "total": "177.355", "n_correct": "163.735", "ppl": "1.51", "accuracy": "92.32", "wps": "322.8", "ups": "1.82", "wpb": "177.4", "bsz": "9.4", "num_updates": "26800", "lr": "8.07486e-05", "gnorm": "62.938", "loss_scale": "32", "train_wall": "16", "gb_free": "73.6", "wall": "17608"}
[2026-06-13 19:52:04,932][train_inner][INFO] - {"epoch": 9, "update": 8.502, "loss": "36.766", "nll_loss": "0.6", "total": "178.47", "n_correct": "164.16", "ppl": "1.52", "accuracy": "91.982", "wps": "331.3", "ups": "1.86", "wpb": "178.5", "bsz": "9.4", "num_updates": "27000", "lr": "7.83654e-05", "gnorm": "62.623", "loss_scale": "32", "train_wall": "16", "gb_free": "73.8", "wall": "17716"}
[2026-06-13 19:53:57,866][train_inner][INFO] - {"epoch": 9, "update": 8.565, "loss": "34.697", "nll_loss": "0.602", "total": "181.27", "n_correct": "167.355", "ppl": "1.52", "accuracy": "92.324", "wps": "321", "ups": "1.77", "wpb": "181.3", "bsz": "10.1", "num_updates": "27200", "lr": "7.60526e-05", "gnorm": "57.13", "loss_scale": "32", "train_wall": "16", "gb_free": "74.7", "wall": "17829"}
[2026-06-13 19:55:46,035][train_inner][INFO] - {"epoch": 9, "update": 8.628, "loss": "33.277", "nll_loss": "0.6", "total": "181.19", "n_correct": "167.095", "ppl": "1.52", "accuracy": "92.221", "wps": "335", "ups": "1.85", "wpb": "181.2", "bsz": "10.5", "num_updates": "27400", "lr": "7.38081e-05", "gnorm": "56.461", "loss_scale": "32", "train_wall": "16", "gb_free": "74", "wall": "17937"}
[2026-06-13 19:57:29,460][train_inner][INFO] - {"epoch": 9, "update": 8.691, "loss": "38.106", "nll_loss": "0.581", "total": "180.09", "n_correct": "166.55", "ppl": "1.5", "accuracy": "92.482", "wps": "348.3", "ups": "1.93", "wpb": "180.1", "bsz": "9.1", "num_updates": "27600", "lr": "7.16298e-05", "gnorm": "62.889", "loss_scale": "32", "train_wall": "16", "gb_free": "73.5", "wall": "18040"}
[2026-06-13 19:59:31,114][train_inner][INFO] - {"epoch": 9, "update": 8.754, "loss": "33.737", "nll_loss": "0.589", "total": "180.775", "n_correct": "166.91", "ppl": "1.5", "accuracy": "92.33", "wps": "297.2", "ups": "1.64", "wpb": "180.8", "bsz": "10.3", "num_updates": "27800", "lr": "6.95158e-05", "gnorm": "59.693", "loss_scale": "32", "train_wall": "17", "gb_free": "73.6", "wall": "18162"}
[2026-06-13 20:01:30,171][train_inner][INFO] - {"epoch": 9, "update": 8.817, "loss": "35.14", "nll_loss": "0.597", "total": "181.72", "n_correct": "167.5", "ppl": "1.51", "accuracy": "92.175", "wps": "305.3", "ups": "1.68", "wpb": "181.7", "bsz": "10", "num_updates": "28000", "lr": "6.74641e-05", "gnorm": "59.46", "loss_scale": "32", "train_wall": "17", "gb_free": "73.6", "wall": "18281"}
[2026-06-13 20:03:27,491][train_inner][INFO] - {"epoch": 9, "update": 8.88, "loss": "34.25", "nll_loss": "0.587", "total": "178.56", "n_correct": "164.975", "ppl": "1.5", "accuracy": "92.392", "wps": "304.4", "ups": "1.7", "wpb": "178.6", "bsz": "10", "num_updates": "28200", "lr": "6.54731e-05", "gnorm": "59.446", "loss_scale": "32", "train_wall": "16", "gb_free": "74", "wall": "18398"}
[2026-06-13 20:05:17,637][train_inner][INFO] - {"epoch": 9, "update": 8.943, "loss": "37.302", "nll_loss": "0.554", "total": "182.72", "n_correct": "170.01", "ppl": "1.47", "accuracy": "93.044", "wps": "331.8", "ups": "1.82", "wpb": "182.7", "bsz": "9.3", "num_updates": "28400", "lr": "6.35408e-05", "gnorm": "55.977", "loss_scale": "32", "train_wall": "16", "gb_free": "73.5", "wall": "18508"}
[2026-06-13 20:06:53,776][main][INFO] - end of epoch 9 (average epoch stats below)
[2026-06-13 20:06:53,787][train][INFO] - {"epoch": 9, "train_loss": "35.7", "train_nll_loss": "0.592", "train_total": "179.783", "train_n_correct": "165.932", "train_ppl": "1.51", "train_accuracy": "92.296", "train_wps": "320.8", "train_ups": "1.78", "train_wpb": "179.8", "train_bsz": "9.7", "train_num_updates": "28581", "train_lr": "6.18412e-05", "train_gnorm": "60.594", "train_loss_scale": "32", "train_train_wall": "260", "train_gb_free": "73.4", "train_wall": "18605"}
[2026-06-13 20:06:54,333][trainer][INFO] - begin training epoch 10
[2026-06-13 20:06:54,333][main][INFO] - Start iterating over samples
[2026-06-13 20:07:04,994][train_inner][INFO] - {"epoch": 10, "update": 9.006, "loss": "38.436", "nll_loss": "0.587", "total": "179.855", "n_correct": "165.915", "ppl": "1.5", "accuracy": "92.249", "wps": "335.1", "ups": "1.86", "wpb": "179.9", "bsz": "9", "num_updates": "28600", "lr": "6.16655e-05", "gnorm": "60.46", "loss_scale": "32", "train_wall": "16", "gb_free": "73.8", "wall": "18616"}
[2026-06-13 20:09:02,775][train_inner][INFO] - {"epoch": 10, "update": 9.069, "loss": "33.756", "nll_loss": "0.5", "total": "183.5", "n_correct": "172.52", "ppl": "1.41", "accuracy": "94.016", "wps": "311.7", "ups": "1.7", "wpb": "183.5", "bsz": "10", "num_updates": "28800", "lr": "5.98455e-05", "gnorm": "44.23", "loss_scale": "32", "train_wall": "17", "gb_free": "73.9", "wall": "18734"}
[2026-06-13 20:10:54,487][train_inner][INFO] - {"epoch": 10, "update": 9.132, "loss": "34.544", "nll_loss": "0.493", "total": "176.545", "n_correct": "166.11", "ppl": "1.41", "accuracy": "94.089", "wps": "316.1", "ups": "1.79", "wpb": "176.5", "bsz": "9.4", "num_updates": "29000", "lr": "5.80793e-05", "gnorm": "46.816", "loss_scale": "32", "train_wall": "16", "gb_free": "74.1", "wall": "18845"}
[2026-06-13 20:12:46,834][train_inner][INFO] - {"epoch": 10, "update": 9.195, "loss": "35.007", "nll_loss": "0.505", "total": "179.705", "n_correct": "168.845", "ppl": "1.42", "accuracy": "93.957", "wps": "319.9", "ups": "1.78", "wpb": "179.7", "bsz": "9.5", "num_updates": "29200", "lr": "5.63652e-05", "gnorm": "50.641", "loss_scale": "32", "train_wall": "16", "gb_free": "74.5", "wall": "18958"}
[2026-06-13 20:14:40,676][train_inner][INFO] - {"epoch": 10, "update": 9.258, "loss": "35.469", "nll_loss": "0.494", "total": "178.255", "n_correct": "167.795", "ppl": "1.41", "accuracy": "94.132", "wps": "313.2", "ups": "1.76", "wpb": "178.3", "bsz": "9.2", "num_updates": "29400", "lr": "5.47017e-05", "gnorm": "48.197", "loss_scale": "32", "train_wall": "16", "gb_free": "73.7", "wall": "19072"}
[2026-06-13 20:16:36,290][train_inner][INFO] - {"epoch": 10, "update": 9.321, "loss": "35.271", "nll_loss": "0.499", "total": "181.02", "n_correct": "170.2", "ppl": "1.41", "accuracy": "94.023", "wps": "313.2", "ups": "1.73", "wpb": "181", "bsz": "9.5", "num_updates": "29600", "lr": "5.30873e-05", "gnorm": "49.077", "loss_scale": "32", "train_wall": "17", "gb_free": "74.9", "wall": "19187"}
[2026-06-13 20:18:31,995][train_inner][INFO] - {"epoch": 10, "update": 9.384, "loss": "32.373", "nll_loss": "0.525", "total": "182.265", "n_correct": "170.39", "ppl": "1.44", "accuracy": "93.485", "wps": "315.1", "ups": "1.73", "wpb": "182.3", "bsz": "10.5", "num_updates": "29800", "lr": "5.15205e-05", "gnorm": "48.666", "loss_scale": "32", "train_wall": "16", "gb_free": "73.7", "wall": "19303"}
[2026-06-13 20:20:26,578][train_inner][INFO] - {"epoch": 10, "update": 9.447, "loss": "33.455", "nll_loss": "0.475", "total": "179.715", "n_correct": "169.965", "ppl": "1.39", "accuracy": "94.575", "wps": "313.7", "ups": "1.75", "wpb": "179.7", "bsz": "9.8", "num_updates": "30000", "lr": "5e-05", "gnorm": "46.223", "loss_scale": "32", "train_wall": "16", "gb_free": "73.6", "wall": "19417"}
[2026-06-13 20:20:26,579][main][INFO] - Stopping training due to num_updates: 30000 >= max_update: 30000
[2026-06-13 20:20:26,579][main][INFO] - begin validation on "valid" subset
[2026-06-13 20:21:28,424][valid][INFO] - {"epoch": 10, "valid_loss": "37.353", "valid_nll_loss": "0.625", "valid_total": "178.205", "valid_n_correct": "163.157", "valid_ppl": "1.54", "valid_accuracy": "91.556", "valid_wps": "368.8", "valid_wpb": "178.2", "valid_bsz": "9.4", "valid_num_updates": "30000", "valid_best_accuracy": "91.556"}
[2026-06-13 20:21:28,425][fairseq.checkpoint_utils][INFO] - Preparing to save checkpoint for epoch 10 @ 30000 updates
[2026-06-13 20:21:28,426][trainer][INFO] - Saving checkpoint to checkpoints/checkpoint_best.pt
[2026-06-13 20:21:32,229][trainer][INFO] - Finished saving checkpoint to checkpoints/checkpoint_best.pt
[2026-06-13 20:21:37,585][fairseq.checkpoint_utils][INFO] - Saved checkpoint checkpoints/checkpoint_best.pt (epoch 10 @ 30000 updates, score 91.556) (writing took 9.160517018986866 seconds)
[2026-06-13 20:21:37,586][main][INFO] - end of epoch 10 (average epoch stats below)
[2026-06-13 20:21:37,598][train][INFO] - {"epoch": 10, "train_loss": "34.238", "train_nll_loss": "0.499", "train_total": "180.173", "train_n_correct": "169.436", "train_ppl": "1.41", "train_accuracy": "94.041", "train_wps": "289.3", "train_ups": "1.61", "train_wpb": "180.2", "train_bsz": "9.7", "train_num_updates": "30000", "train_lr": "5e-05", "train_gnorm": "47.838", "train_loss_scale": "32", "train_train_wall": "117", "train_gb_free": "73.6", "train_wall": "19488"}
[2026-06-13 20:21:37,598][main][INFO] - done training in 19487.7 seconds
