/base/project/AudioVideo2Txt/main.py:27: UserWarning: 
The version_base parameter is not specified.
Please specify a compatability version level, or None.
Will assume defaults for version 1.1
  @hydra.main(config_path="configs", config_name="video2text")
/opt/conda/envs/rzd/lib/python3.10/site-packages/hydra/core/default_element.py:124: UserWarning: In 'audiovideo2text.yaml': Usage of deprecated keyword in package header '# @package _group_'.
See https://hydra.cc/docs/1.2/upgrades/1.0_to_1.1/changes_to_package_header for more information
  deprecation_warning(
sys:1: UserWarning: 
'audiovideo2text.yaml' is validated against ConfigStore schema with the same name.
This behavior is deprecated in Hydra 1.1 and will be removed in Hydra 1.2.
See https://hydra.cc/docs/1.2/upgrades/1.0_to_1.1/automatic_schema_matching for migration instructions.
/opt/conda/envs/rzd/lib/python3.10/site-packages/hydra/main.py:94: UserWarning: 
'audiovideo2text.yaml' is validated against ConfigStore schema with the same name.
This behavior is deprecated in Hydra 1.1 and will be removed in Hydra 1.2.
See https://hydra.cc/docs/1.2/upgrades/1.0_to_1.1/automatic_schema_matching for migration instructions.
  _run_hydra(
/opt/conda/envs/rzd/lib/python3.10/site-packages/hydra/_internal/hydra.py:119: UserWarning: Future Hydra versions will no longer change working directory at job runtime by default.
See https://hydra.cc/docs/1.2/upgrades/1.1_to_1.2/changes_to_job_working_dir/ for more information.
  ret = run_job(
[2026-06-13 15:11:40,681][main][INFO] - {'_name': None, 'common': {'_name': None, 'no_progress_bar': False, 'log_interval': 200, 'log_format': json, 'log_file': None, 'tensorboard_logdir': 'tblog', 'wandb_project': None, 'azureml_logging': False, 'seed': 1337, 'cpu': False, 'tpu': False, 'bf16': False, 'memory_efficient_bf16': False, 'fp16': True, 'memory_efficient_fp16': False, 'fp16_no_flatten_grads': False, 'fp16_init_scale': 128, 'fp16_scale_window': None, 'fp16_scale_tolerance': 0.0, 'on_cpu_convert_precision': False, 'min_loss_scale': 0.0001, 'threshold_loss_scale': None, 'amp': False, 'amp_batch_retries': 2, 'amp_init_scale': 128, 'amp_scale_window': None, 'user_dir': '/base/project/AudioVideo2Txt', 'empty_cache_freq': 0, 'all_gather_list_size': 16384, 'model_parallel_size': 1, 'quantization_config_path': None, 'profile': False, 'reset_logging': False, 'suppress_crashes': False, 'use_plasma_view': False, 'plasma_path': '/tmp/plasma'}, 'common_eval': {'_name': None, 'path': None, 'post_process': None, 'quiet': False, 'model_overrides': '{}', 'results_path': None}, 'distributed_training': {'_name': None, 'distributed_world_size': 1, 'distributed_num_procs': 1, 'distributed_rank': 0, 'distributed_backend': 'nccl', 'distributed_init_method': None, 'distributed_port': -1, 'device_id': 0, 'distributed_no_spawn': False, 'ddp_backend': c10d, 'ddp_comm_hook': none, 'bucket_cap_mb': 25, 'fix_batches_to_gpus': False, 'find_unused_parameters': True, 'fast_stat_sync': False, 'heartbeat_timeout': -1, 'broadcast_buffers': False, 'slowmo_momentum': None, 'slowmo_algorithm': 'LocalSGD', 'localsgd_frequency': 3, 'nprocs_per_node': 1, 'pipeline_model_parallel': False, 'pipeline_balance': None, 'pipeline_devices': None, 'pipeline_chunks': 0, 'pipeline_encoder_balance': None, 'pipeline_encoder_devices': None, 'pipeline_decoder_balance': None, 'pipeline_decoder_devices': None, 'pipeline_checkpoint': never, 'zero_sharding': none, 'fp16': '${common.fp16}', 'memory_efficient_fp16': '${common.memory_efficient_fp16}', 'tpu': '${common.tpu}', 'no_reshard_after_forward': False, 'fp32_reduce_scatter': False, 'cpu_offload': False, 'use_sharded_state': False}, 'dataset': {'_name': None, 'num_workers': 0, 'skip_invalid_size_inputs_valid_test': False, 'max_tokens': 1000, 'batch_size': None, 'required_batch_size_multiple': 8, 'required_seq_len_multiple': 1, 'dataset_impl': None, 'data_buffer_size': 10, 'train_subset': 'train', 'valid_subset': 'valid', 'combine_valid_subsets': None, 'ignore_unused_valid_subsets': False, 'validate_interval': 2, 'validate_interval_updates': 0, 'validate_after_updates': 0, 'fixed_validation_seed': None, 'disable_validation': False, 'max_tokens_valid': '${dataset.max_tokens}', 'batch_size_valid': '${dataset.batch_size}', 'max_valid_steps': None, 'curriculum': 0, 'gen_subset': 'test', 'num_shards': 1, 'shard_id': 0}, 'optimization': {'_name': None, 'max_epoch': 0, 'max_update': 30000, 'stop_time_hours': 0.0, 'clip_norm': 0.0, 'sentence_avg': True, 'update_freq': [1], 'lr': [0.001], 'stop_min_lr': -1.0, 'use_bmuf': False}, 'checkpoint': {'_name': None, 'save_dir': 'checkpoints', 'restore_file': 'checkpoint_last.pt', 'finetune_from_model': None, 'reset_dataloader': False, 'reset_lr_scheduler': False, 'reset_meters': False, 'reset_optimizer': False, 'optimizer_overrides': '{}', 'save_interval': 2, 'save_interval_updates': 0, 'keep_interval_updates': 1, 'keep_interval_updates_pattern': -1, 'keep_last_epochs': -1, 'keep_best_checkpoints': -1, 'no_save': False, 'no_epoch_checkpoints': True, 'no_last_checkpoints': False, 'no_save_optimizer_state': False, 'best_checkpoint_metric': 'accuracy', 'maximize_best_checkpoint_metric': True, 'patience': -1, 'checkpoint_suffix': '', 'checkpoint_shard_count': 1, 'load_checkpoint_on_all_dp_ranks': False, 'write_checkpoints_asynchronously': False, 'model_parallel_size': '${common.model_parallel_size}'}, 'bmuf': {'_name': None, 'block_lr': 1.0, 'block_momentum': 0.875, 'global_sync_iter': 50, 'warmup_iterations': 500, 'use_nbm': False, 'average_sync': False, 'distributed_world_size': '${distributed_training.distributed_world_size}'}, 'generation': {'_name': None, 'beam': 5, 'nbest': 1, 'max_len_a': 0.0, 'max_len_b': 200, 'min_len': 1, 'match_source_len': False, 'unnormalized': False, 'no_early_stop': False, 'no_beamable_mm': False, 'lenpen': 1.0, 'unkpen': 0.0, 'replace_unk': None, 'sacrebleu': False, 'score_reference': False, 'prefix_size': 0, 'no_repeat_ngram_size': 0, 'sampling': False, 'sampling_topk': -1, 'sampling_topp': -1.0, 'constraints': None, 'temperature': 1.0, 'diverse_beam_groups': -1, 'diverse_beam_strength': 0.5, 'diversity_rate': -1.0, 'print_alignment': None, 'print_step': False, 'lm_path': None, 'lm_weight': 0.0, 'iter_decode_eos_penalty': 0.0, 'iter_decode_max_iter': 10, 'iter_decode_force_max_iter': False, 'iter_decode_with_beam': 1, 'iter_decode_with_external_reranker': False, 'retain_iter_history': False, 'retain_dropout': False, 'retain_dropout_modules': None, 'decoding_format': None, 'no_seed_provided': False}, 'eval_lm': {'_name': None, 'output_word_probs': False, 'output_word_stats': False, 'context_window': 0, 'softmax_batch': 9223372036854775807}, 'interactive': {'_name': None, 'buffer_size': 0, 'input': '-'}, 'task': {'_name': 'av_hubert_pretraining', 'data': '/data2/final_project_data/30h_data', 'labels': ['wrd'], 'label_dir': '/data2/final_project_data/30h_data', 'label_rate': -1, 'sample_rate': 16000, 'normalize': True, 'enable_padding': False, 'max_sample_size': 500, 'min_sample_size': None, 'max_trim_sample_size': '${task.max_sample_size}', 'single_target': True, 'random_crop': False, 'pad_audio': True, 'pdb': False, 'stack_order_audio': 4, 'skip_verify': False, 'image_aug': True, 'image_crop_size': 88, 'image_mean': 0.421, 'image_std': 0.165, 'modalities': ['video', 'audio'], 'is_s2s': True, 'tokenizer_bpe_name': 'sentencepiece', 'tokenizer_bpe_model': '/data2/final_project_data/spm1000/spm_unigram1000.model', 'fine_tuning': True}, 'model': {'_name': 'av_hubert_seq2seq', 'pretrained_path': '/data2/final_project_ckpt/pretrained_model.pth', 'apply_mask': False, 'mask_selection': 'static', 'mask_length': 10, 'mask_other': 0, 'mask_prob': 0.75, 'mask_channel_selection': 'static', 'mask_channel_length': 64, 'mask_channel_other': 0, 'mask_channel_prob': 0.5, 'layerdrop': 0.1, 'dropout': 0.0, 'activation_dropout': 0.1, 'attention_dropout': 0.0, 'feature_grad_mult': 1.0, 'modality_fuse': 'concat', 'modality_dropout': 0.05, 'audio_dropout': 0.3, 'modality_dropout_mode': 'sample', 'modality_dropout_span_min': 10, 'modality_dropout_span_max': 30, 'decoder_layers': 6, 'decoder_dropout': 0.1, 'decoder_attention_dropout': 0.0, 'decoder_activation_dropout': 0.1, 'freeze_finetune_updates': 24000, 'share_decoder_input_output_embed': True, 'decoder_normalize_before': True}, 'criterion': {'_name': 'label_smoothed_cross_entropy', 'report_accuracy': True, 'label_smoothing': 0.1, 'focal_gamma': 0.0, 'confidence_penalty': 0.0, 'ignore_prefix_size': 0, 'sentence_avg': '${optimization.sentence_avg}'}, 'optimizer': {'_name': 'adam', 'adam_betas': '(0.9,0.98)', 'adam_eps': 1e-08, 'weight_decay': 0.0, "use_old_adam'": False, 'tpu': '${common.tpu}', 'lr': '${optimization.lr}'}, 'lr_scheduler': {'_name': 'tri_stage', 'warmup_steps': 10000, 'hold_steps': 0, 'decay_steps': 20000, 'final_lr_scale': 0.05, 'phase_ratio': '???', 'init_lr_scale': 0.01, 'max_update': '${optimization.max_update}', 'lr': '${optimization.lr}'}, 'scoring': None, 'bpe': None, 'tokenizer': None}
[2026-06-13 15:11:41,517][models.encoder_backbone][INFO] - EncoderBackbone Config: {'_name': 'av_hubert', 'label_rate': 25, 'input_modality': '${task.input_modality}', 'extractor_mode': default, 'encoder_layers': 12, 'encoder_embed_dim': 768, 'encoder_ffn_embed_dim': 3072, 'encoder_attention_heads': 12, 'activation_fn': gelu, 'dropout': 0.0, 'attention_dropout': 0.0, 'activation_dropout': 0.1, 'encoder_layerdrop': 0.1, 'dropout_input': 0.0, 'dropout_features': 0.1, 'final_dim': 256, 'untie_final_proj': True, 'layer_norm_first': True, 'conv_feature_layers': '[(512,10,5)] + [(512,3,2)] * 4 + [(512,2,2)] * 2', 'conv_bias': False, 'logit_temp': 0.1, 'target_glu': False, 'feature_grad_mult': 1.0, 'mask_length_audio': 10, 'mask_prob_audio': 0.8, 'mask_length_image': 5, 'mask_prob_image': 0.3, 'mask_selection': static, 'mask_other': 0.0, 'no_mask_overlap': False, 'mask_min_space': 1, 'mask_channel_length': 64, 'mask_channel_prob': 0.5, 'mask_channel_selection': static, 'mask_channel_other': 0.0, 'no_mask_channel_overlap': False, 'mask_channel_min_space': 1, 'conv_pos': 128, 'conv_pos_groups': 16, 'latent_temp': [2.0, 0.5, 0.999995], 'skip_masked': False, 'skip_nomask': False, 'resnet_relu_type': 'prelu', 'resnet_weights': None, 'sim_type': 'cosine', 'sub_encoder_layers': 0, 'audio_feat_dim': 104, 'modality_dropout': 0.05, 'audio_dropout': 0.3, 'modality_dropout_mode': 'sample', 'modality_dropout_span_min': 10, 'modality_dropout_span_max': 30, 'modality_fuse': 'concat', 'selection_type': 'same_seq', 'masking_type': 'input', 'decoder_embed_dim': 768, 'decoder_ffn_embed_dim': 3072, 'decoder_layers': 6, 'decoder_layerdrop': 0.0, 'decoder_attention_heads': 4, 'decoder_learned_pos': False, 'decoder_normalize_before': False, 'no_token_positional_embeddings': False, 'decoder_dropout': 0.1, 'decoder_attention_dropout': 0.1, 'decoder_activation_dropout': 0.0, 'max_target_positions': 2048, 'share_decoder_input_output_embed': False, 'no_scale_embedding': True, 'apply_mask': False, 'mask_prob': 0.75, 'mask_length': 10}
/opt/conda/envs/rzd/lib/python3.10/site-packages/torch/nn/utils/weight_norm.py:30: UserWarning: torch.nn.utils.weight_norm is deprecated in favor of torch.nn.utils.parametrizations.weight_norm.
  warnings.warn("torch.nn.utils.weight_norm is deprecated in favor of torch.nn.utils.parametrizations.weight_norm.")
[2026-06-13 15:11:42,879][models.audio_video_model][INFO] - _IncompatibleKeys(missing_keys=[], unexpected_keys=['mask_emb', 'label_embs_concat', 'final_proj.weight', 'final_proj.bias'])
[2026-06-13 15:11:43,445][main][INFO] - AudioVideoModel(
  (encoder): EncoderBackboneWrapper(
    (pretrained_model): EncoderBackbone(
      (feature_extractor_audio): AudioEncoder(
        (proj): Linear(in_features=104, out_features=768, bias=True)
      )
      (feature_extractor_video): ResEncoder(
        (frontend3D): Sequential(
          (0): Conv3d(1, 64, kernel_size=(5, 7, 7), stride=(1, 2, 2), padding=(2, 3, 3), bias=False)
          (1): BatchNorm3d(64, eps=1e-05, momentum=0.1, affine=True, track_running_stats=True)
          (2): PReLU(num_parameters=64)
          (3): MaxPool3d(kernel_size=(1, 3, 3), stride=(1, 2, 2), padding=(0, 1, 1), dilation=1, ceil_mode=False)
        )
        (trunk): ResNet(
          (layer1): Sequential(
            (0): BasicBlock(
              (conv1): Conv2d(64, 64, kernel_size=(3, 3), stride=(1, 1), padding=(1, 1), bias=False)
              (bn1): BatchNorm2d(64, eps=1e-05, momentum=0.1, affine=True, track_running_stats=True)
              (relu1): PReLU(num_parameters=64)
              (conv2): Conv2d(64, 64, kernel_size=(3, 3), stride=(1, 1), padding=(1, 1), bias=False)
              (bn2): BatchNorm2d(64, eps=1e-05, momentum=0.1, affine=True, track_running_stats=True)
              (relu2): PReLU(num_parameters=64)
            )
            (1): BasicBlock(
              (conv1): Conv2d(64, 64, kernel_size=(3, 3), stride=(1, 1), padding=(1, 1), bias=False)
              (bn1): BatchNorm2d(64, eps=1e-05, momentum=0.1, affine=True, track_running_stats=True)
              (relu1): PReLU(num_parameters=64)
              (conv2): Conv2d(64, 64, kernel_size=(3, 3), stride=(1, 1), padding=(1, 1), bias=False)
              (bn2): BatchNorm2d(64, eps=1e-05, momentum=0.1, affine=True, track_running_stats=True)
              (relu2): PReLU(num_parameters=64)
            )
          )
          (layer2): Sequential(
            (0): BasicBlock(
              (conv1): Conv2d(64, 128, kernel_size=(3, 3), stride=(2, 2), padding=(1, 1), bias=False)
              (bn1): BatchNorm2d(128, eps=1e-05, momentum=0.1, affine=True, track_running_stats=True)
              (relu1): PReLU(num_parameters=128)
              (conv2): Conv2d(128, 128, kernel_size=(3, 3), stride=(1, 1), padding=(1, 1), bias=False)
              (bn2): BatchNorm2d(128, eps=1e-05, momentum=0.1, affine=True, track_running_stats=True)
              (relu2): PReLU(num_parameters=128)
              (downsample): Sequential(
                (0): Conv2d(64, 128, kernel_size=(1, 1), stride=(2, 2), bias=False)
                (1): BatchNorm2d(128, eps=1e-05, momentum=0.1, affine=True, track_running_stats=True)
              )
            )
            (1): BasicBlock(
              (conv1): Conv2d(128, 128, kernel_size=(3, 3), stride=(1, 1), padding=(1, 1), bias=False)
              (bn1): BatchNorm2d(128, eps=1e-05, momentum=0.1, affine=True, track_running_stats=True)
              (relu1): PReLU(num_parameters=128)
              (conv2): Conv2d(128, 128, kernel_size=(3, 3), stride=(1, 1), padding=(1, 1), bias=False)
              (bn2): BatchNorm2d(128, eps=1e-05, momentum=0.1, affine=True, track_running_stats=True)
              (relu2): PReLU(num_parameters=128)
            )
          )
          (layer3): Sequential(
            (0): BasicBlock(
              (conv1): Conv2d(128, 256, kernel_size=(3, 3), stride=(2, 2), padding=(1, 1), bias=False)
              (bn1): BatchNorm2d(256, eps=1e-05, momentum=0.1, affine=True, track_running_stats=True)
              (relu1): PReLU(num_parameters=256)
              (conv2): Conv2d(256, 256, kernel_size=(3, 3), stride=(1, 1), padding=(1, 1), bias=False)
              (bn2): BatchNorm2d(256, eps=1e-05, momentum=0.1, affine=True, track_running_stats=True)
              (relu2): PReLU(num_parameters=256)
              (downsample): Sequential(
                (0): Conv2d(128, 256, kernel_size=(1, 1), stride=(2, 2), bias=False)
                (1): BatchNorm2d(256, eps=1e-05, momentum=0.1, affine=True, track_running_stats=True)
              )
            )
            (1): BasicBlock(
              (conv1): Conv2d(256, 256, kernel_size=(3, 3), stride=(1, 1), padding=(1, 1), bias=False)
              (bn1): BatchNorm2d(256, eps=1e-05, momentum=0.1, affine=True, track_running_stats=True)
              (relu1): PReLU(num_parameters=256)
              (conv2): Conv2d(256, 256, kernel_size=(3, 3), stride=(1, 1), padding=(1, 1), bias=False)
              (bn2): BatchNorm2d(256, eps=1e-05, momentum=0.1, affine=True, track_running_stats=True)
              (relu2): PReLU(num_parameters=256)
            )
          )
          (layer4): Sequential(
            (0): BasicBlock(
              (conv1): Conv2d(256, 512, kernel_size=(3, 3), stride=(2, 2), padding=(1, 1), bias=False)
              (bn1): BatchNorm2d(512, eps=1e-05, momentum=0.1, affine=True, track_running_stats=True)
              (relu1): PReLU(num_parameters=512)
              (conv2): Conv2d(512, 512, kernel_size=(3, 3), stride=(1, 1), padding=(1, 1), bias=False)
              (bn2): BatchNorm2d(512, eps=1e-05, momentum=0.1, affine=True, track_running_stats=True)
              (relu2): PReLU(num_parameters=512)
              (downsample): Sequential(
                (0): Conv2d(256, 512, kernel_size=(1, 1), stride=(2, 2), bias=False)
                (1): BatchNorm2d(512, eps=1e-05, momentum=0.1, affine=True, track_running_stats=True)
              )
            )
            (1): BasicBlock(
              (conv1): Conv2d(512, 512, kernel_size=(3, 3), stride=(1, 1), padding=(1, 1), bias=False)
              (bn1): BatchNorm2d(512, eps=1e-05, momentum=0.1, affine=True, track_running_stats=True)
              (relu1): PReLU(num_parameters=512)
              (conv2): Conv2d(512, 512, kernel_size=(3, 3), stride=(1, 1), padding=(1, 1), bias=False)
              (bn2): BatchNorm2d(512, eps=1e-05, momentum=0.1, affine=True, track_running_stats=True)
              (relu2): PReLU(num_parameters=512)
            )
          )
          (avgpool): AdaptiveAvgPool2d(output_size=1)
        )
        (proj): Linear(in_features=512, out_features=768, bias=True)
      )
      (post_extract_proj): Linear(in_features=1536, out_features=768, bias=True)
      (encoder): TransformerEncoder(
        (pos_conv): Sequential(
          (0): Conv1d(768, 768, kernel_size=(128,), stride=(1,), padding=(64,), groups=16)
          (1): SamePad()
          (2): GELU(approximate='none')
        )
        (layers): ModuleList(
          (0-11): 12 x TransformerSentenceEncoderLayer(
            (self_attn): MultiheadAttention(
              (dropout_module): Dropout(p=0.0, inplace=False)
              (k_proj): Linear(in_features=768, out_features=768, bias=True)
              (v_proj): Linear(in_features=768, out_features=768, bias=True)
              (q_proj): Linear(in_features=768, out_features=768, bias=True)
              (out_proj): Linear(in_features=768, out_features=768, bias=True)
            )
            (dropout1): Dropout(p=0.0, inplace=False)
            (dropout2): Dropout(p=0.1, inplace=False)
            (dropout3): Dropout(p=0.0, inplace=False)
            (self_attn_layer_norm): LayerNorm((768,), eps=1e-05, elementwise_affine=True)
            (fc1): Linear(in_features=768, out_features=3072, bias=True)
            (fc2): Linear(in_features=3072, out_features=768, bias=True)
            (final_layer_norm): LayerNorm((768,), eps=1e-05, elementwise_affine=True)
          )
        )
        (layer_norm): LayerNorm((768,), eps=1e-05, elementwise_affine=True)
      )
      (layer_norm): LayerNorm((1536,), eps=1e-05, elementwise_affine=True)
      (dropout_input): Dropout(p=0.0, inplace=False)
      (dropout_features): Dropout(p=0.1, inplace=False)
    )
  )
  (decoder): TransformerDecoder(
    (embed_tokens): Embedding(1000, 768, padding_idx=1)
    (embed_positions): SinusoidalPositionalEmbedding()
    (layers): ModuleList(
      (0-5): 6 x TransformerDecoderLayer(
        (dropout_module): Dropout(p=0.1, inplace=False)
        (self_attn): MultiheadAttention(
          (dropout_module): Dropout(p=0.0, inplace=False)
          (k_proj): Linear(in_features=768, out_features=768, bias=True)
          (v_proj): Linear(in_features=768, out_features=768, bias=True)
          (q_proj): Linear(in_features=768, out_features=768, bias=True)
          (out_proj): Linear(in_features=768, out_features=768, bias=True)
        )
        (activation_dropout_module): Dropout(p=0.1, inplace=False)
        (self_attn_layer_norm): LayerNorm((768,), eps=1e-05, elementwise_affine=True)
        (encoder_attn): MultiheadAttention(
          (dropout_module): Dropout(p=0.0, inplace=False)
          (k_proj): Linear(in_features=768, out_features=768, bias=True)
          (v_proj): Linear(in_features=768, out_features=768, bias=True)
          (q_proj): Linear(in_features=768, out_features=768, bias=True)
          (out_proj): Linear(in_features=768, out_features=768, bias=True)
        )
        (encoder_attn_layer_norm): LayerNorm((768,), eps=1e-05, elementwise_affine=True)
        (fc1): Linear(in_features=768, out_features=3072, bias=True)
        (fc2): Linear(in_features=3072, out_features=768, bias=True)
        (final_layer_norm): LayerNorm((768,), eps=1e-05, elementwise_affine=True)
      )
    )
    (layer_norm): LayerNorm((768,), eps=1e-05, elementwise_affine=True)
  )
)
[2026-06-13 15:11:43,448][main][INFO] - model: AudioVideoModel
[2026-06-13 15:11:43,448][main][INFO] - criterion: LabelSmoothedCrossEntropyCriterion
[2026-06-13 15:11:43,450][main][INFO] - num. shared model params: 160,100,480 (num. trained: 160,100,480)
[2026-06-13 15:11:43,451][main][INFO] - num. expert model params: 0 (num. trained: 0)
[2026-06-13 15:11:43,451][dataset][INFO] - Using tokenizer
[2026-06-13 15:11:43,507][dataset][INFO] - max_keep=500, min_keep=None, loaded 30782, skipped 0 short and 0 long and 0 unaligned, longest-loaded=155, shortest-loaded=12
[2026-06-13 15:11:43,508][dataset][INFO] - image transform: Compose(
    Normalize(mean=0.0, std=255.0)
    RandomCrop(size=(88, 88))
    <utils.model_utils.HorizontalFlip object at 0x7f2eee10c970>
    Normalize(mean=0.421, std=0.165)
)
[2026-06-13 15:11:43,518][dataset][INFO] - pad_audio=True, random_crop=False, normalize=True, max_sample_size=500, seqs2seq data=True,
[2026-06-13 15:11:43,518][dataset][INFO] - Using tokenizer
[2026-06-13 15:11:43,523][dataset][INFO] - max_keep=500, min_keep=None, loaded 1200, skipped 0 short and 0 long and 0 unaligned, longest-loaded=155, shortest-loaded=17
[2026-06-13 15:11:43,523][dataset][INFO] - image transform: Compose(
    Normalize(mean=0.0, std=255.0)
    <utils.model_utils.CenterCrop object at 0x7f2eee148310>
    Normalize(mean=0.421, std=0.165)
)
[2026-06-13 15:11:43,525][dataset][INFO] - pad_audio=True, random_crop=False, normalize=True, max_sample_size=500, seqs2seq data=True,
[2026-06-13 15:11:44,051][trainer][INFO] - detected shared parameter: encoder.pretrained_model.feature_extractor_video.frontend3D.0.bias <- encoder.pretrained_model.feature_extractor_video.trunk.layer1.0.conv1.bias
[2026-06-13 15:11:44,052][trainer][INFO] - detected shared parameter: encoder.pretrained_model.feature_extractor_video.frontend3D.0.bias <- encoder.pretrained_model.feature_extractor_video.trunk.layer1.0.conv2.bias
[2026-06-13 15:11:44,052][trainer][INFO] - detected shared parameter: encoder.pretrained_model.feature_extractor_video.frontend3D.0.bias <- encoder.pretrained_model.feature_extractor_video.trunk.layer1.1.conv1.bias
[2026-06-13 15:11:44,052][trainer][INFO] - detected shared parameter: encoder.pretrained_model.feature_extractor_video.frontend3D.0.bias <- encoder.pretrained_model.feature_extractor_video.trunk.layer1.1.conv2.bias
[2026-06-13 15:11:44,052][trainer][INFO] - detected shared parameter: encoder.pretrained_model.feature_extractor_video.frontend3D.0.bias <- encoder.pretrained_model.feature_extractor_video.trunk.layer2.0.conv1.bias
[2026-06-13 15:11:44,052][trainer][INFO] - detected shared parameter: encoder.pretrained_model.feature_extractor_video.frontend3D.0.bias <- encoder.pretrained_model.feature_extractor_video.trunk.layer2.0.conv2.bias
[2026-06-13 15:11:44,052][trainer][INFO] - detected shared parameter: encoder.pretrained_model.feature_extractor_video.frontend3D.0.bias <- encoder.pretrained_model.feature_extractor_video.trunk.layer2.0.downsample.0.bias
[2026-06-13 15:11:44,052][trainer][INFO] - detected shared parameter: encoder.pretrained_model.feature_extractor_video.frontend3D.0.bias <- encoder.pretrained_model.feature_extractor_video.trunk.layer2.1.conv1.bias
[2026-06-13 15:11:44,054][trainer][INFO] - detected shared parameter: encoder.pretrained_model.feature_extractor_video.frontend3D.0.bias <- encoder.pretrained_model.feature_extractor_video.trunk.layer2.1.conv2.bias
[2026-06-13 15:11:44,055][trainer][INFO] - detected shared parameter: encoder.pretrained_model.feature_extractor_video.frontend3D.0.bias <- encoder.pretrained_model.feature_extractor_video.trunk.layer3.0.conv1.bias
[2026-06-13 15:11:44,056][trainer][INFO] - detected shared parameter: encoder.pretrained_model.feature_extractor_video.frontend3D.0.bias <- encoder.pretrained_model.feature_extractor_video.trunk.layer3.0.conv2.bias
[2026-06-13 15:11:44,056][trainer][INFO] - detected shared parameter: encoder.pretrained_model.feature_extractor_video.frontend3D.0.bias <- encoder.pretrained_model.feature_extractor_video.trunk.layer3.0.downsample.0.bias
[2026-06-13 15:11:44,057][trainer][INFO] - detected shared parameter: encoder.pretrained_model.feature_extractor_video.frontend3D.0.bias <- encoder.pretrained_model.feature_extractor_video.trunk.layer3.1.conv1.bias
[2026-06-13 15:11:44,057][trainer][INFO] - detected shared parameter: encoder.pretrained_model.feature_extractor_video.frontend3D.0.bias <- encoder.pretrained_model.feature_extractor_video.trunk.layer3.1.conv2.bias
[2026-06-13 15:11:44,057][trainer][INFO] - detected shared parameter: encoder.pretrained_model.feature_extractor_video.frontend3D.0.bias <- encoder.pretrained_model.feature_extractor_video.trunk.layer4.0.conv1.bias
[2026-06-13 15:11:44,058][trainer][INFO] - detected shared parameter: encoder.pretrained_model.feature_extractor_video.frontend3D.0.bias <- encoder.pretrained_model.feature_extractor_video.trunk.layer4.0.conv2.bias
[2026-06-13 15:11:44,058][trainer][INFO] - detected shared parameter: encoder.pretrained_model.feature_extractor_video.frontend3D.0.bias <- encoder.pretrained_model.feature_extractor_video.trunk.layer4.0.downsample.0.bias
[2026-06-13 15:11:44,058][trainer][INFO] - detected shared parameter: encoder.pretrained_model.feature_extractor_video.frontend3D.0.bias <- encoder.pretrained_model.feature_extractor_video.trunk.layer4.1.conv1.bias
[2026-06-13 15:11:44,059][trainer][INFO] - detected shared parameter: encoder.pretrained_model.feature_extractor_video.frontend3D.0.bias <- encoder.pretrained_model.feature_extractor_video.trunk.layer4.1.conv2.bias
[2026-06-13 15:11:44,060][fairseq.utils][INFO] - ***********************CUDA enviroments for all 1 workers***********************
[2026-06-13 15:11:44,060][fairseq.utils][INFO] - rank   0: capabilities =  9.0  ; total memory = 79.179 GB ; name = NVIDIA H100 80GB HBM3                   
[2026-06-13 15:11:44,061][fairseq.utils][INFO] - ***********************CUDA enviroments for all 1 workers***********************
[2026-06-13 15:11:44,061][main][INFO] - training on 1 devices (GPUs/TPUs)
[2026-06-13 15:11:44,061][main][INFO] - max tokens per device = 1000 and max sentences per device = None
[2026-06-13 15:11:44,063][trainer][INFO] - Preparing to load checkpoint checkpoints/checkpoint_last.pt
[2026-06-13 15:11:44,064][trainer][INFO] - No existing checkpoint found checkpoints/checkpoint_last.pt
[2026-06-13 15:11:44,916][trainer][INFO] - begin training epoch 1
[2026-06-13 15:11:44,916][main][INFO] - Start iterating over samples
[2026-06-13 15:13:31,537][train_inner][INFO] - {"epoch": 1, "update": 0.063, "loss": "155.05", "nll_loss": "8.515", "total": "178.305", "n_correct": "10.565", "ppl": "365.72", "accuracy": "5.925", "wps": "336.3", "ups": "1.89", "wpb": "178.3", "bsz": "10.1", "num_updates": "200", "lr": "2.98e-05", "gnorm": "93.995", "loss_scale": "128", "train_wall": "16", "gb_free": "75.7", "wall": "107"}
[2026-06-13 15:15:13,738][train_inner][INFO] - {"epoch": 1, "update": 0.126, "loss": "169.42", "nll_loss": "8.147", "total": "181.27", "n_correct": "12.275", "ppl": "283.55", "accuracy": "6.772", "wps": "354.8", "ups": "1.96", "wpb": "181.3", "bsz": "9", "num_updates": "400", "lr": "4.96e-05", "gnorm": "67.517", "loss_scale": "128", "train_wall": "12", "gb_free": "75.7", "wall": "210"}
[2026-06-13 15:16:56,936][train_inner][INFO] - {"epoch": 1, "update": 0.189, "loss": "155.762", "nll_loss": "8.024", "total": "177.86", "n_correct": "14.58", "ppl": "260.23", "accuracy": "8.197", "wps": "344.7", "ups": "1.94", "wpb": "177.9", "bsz": "9.5", "num_updates": "600", "lr": "6.94e-05", "gnorm": "53.86", "loss_scale": "128", "train_wall": "11", "gb_free": "75.7", "wall": "313"}
[2026-06-13 15:18:40,588][train_inner][INFO] - {"epoch": 1, "update": 0.252, "loss": "148.722", "nll_loss": "7.84", "total": "179.33", "n_correct": "19.755", "ppl": "229.2", "accuracy": "11.016", "wps": "346.1", "ups": "1.93", "wpb": "179.3", "bsz": "9.9", "num_updates": "800", "lr": "8.92e-05", "gnorm": "50.459", "loss_scale": "128", "train_wall": "11", "gb_free": "75.7", "wall": "417"}
[2026-06-13 15:20:22,129][train_inner][INFO] - {"epoch": 1, "update": 0.315, "loss": "152.469", "nll_loss": "7.67", "total": "176.56", "n_correct": "22.08", "ppl": "203.65", "accuracy": "12.506", "wps": "347.8", "ups": "1.97", "wpb": "176.6", "bsz": "9.3", "num_updates": "1000", "lr": "0.000109", "gnorm": "50.994", "loss_scale": "128", "train_wall": "11", "gb_free": "75.7", "wall": "518"}
[2026-06-13 15:22:04,397][train_inner][INFO] - {"epoch": 1, "update": 0.378, "loss": "149.698", "nll_loss": "7.481", "total": "177.705", "n_correct": "24.2", "ppl": "178.68", "accuracy": "13.618", "wps": "347.6", "ups": "1.96", "wpb": "177.7", "bsz": "9.3", "num_updates": "1200", "lr": "0.0001288", "gnorm": "52.528", "loss_scale": "128", "train_wall": "11", "gb_free": "75.7", "wall": "620"}
[2026-06-13 15:23:54,965][train_inner][INFO] - {"epoch": 1, "update": 0.441, "loss": "136.837", "nll_loss": "7.3", "total": "180.08", "n_correct": "27.18", "ppl": "157.58", "accuracy": "15.093", "wps": "325.8", "ups": "1.81", "wpb": "180.1", "bsz": "10.2", "num_updates": "1400", "lr": "0.0001486", "gnorm": "50.405", "loss_scale": "128", "train_wall": "11", "gb_free": "75.7", "wall": "731"}
[2026-06-13 15:25:37,763][train_inner][INFO] - {"epoch": 1, "update": 0.504, "loss": "145.347", "nll_loss": "7.221", "total": "179.95", "n_correct": "27.685", "ppl": "149.21", "accuracy": "15.385", "wps": "350.1", "ups": "1.95", "wpb": "179.9", "bsz": "9.5", "num_updates": "1600", "lr": "0.0001684", "gnorm": "50.89", "loss_scale": "128", "train_wall": "11", "gb_free": "75.7", "wall": "834"}
[2026-06-13 15:27:25,141][train_inner][INFO] - {"epoch": 1, "update": 0.567, "loss": "127.934", "nll_loss": "6.94", "total": "181.98", "n_correct": "31.985", "ppl": "122.77", "accuracy": "17.576", "wps": "339", "ups": "1.86", "wpb": "182", "bsz": "10.5", "num_updates": "1800", "lr": "0.0001882", "gnorm": "47.675", "loss_scale": "128", "train_wall": "11", "gb_free": "75.7", "wall": "941"}
[2026-06-13 15:29:09,205][train_inner][INFO] - {"epoch": 1, "update": 0.63, "loss": "136.497", "nll_loss": "6.871", "total": "182.14", "n_correct": "32.225", "ppl": "117.02", "accuracy": "17.692", "wps": "350.1", "ups": "1.92", "wpb": "182.1", "bsz": "9.8", "num_updates": "2000", "lr": "0.000208", "gnorm": "49.168", "loss_scale": "128", "train_wall": "11", "gb_free": "75.7", "wall": "1045"}
[2026-06-13 15:30:53,121][train_inner][INFO] - {"epoch": 1, "update": 0.693, "loss": "137.404", "nll_loss": "6.768", "total": "178.665", "n_correct": "31.83", "ppl": "109.01", "accuracy": "17.815", "wps": "343.9", "ups": "1.92", "wpb": "178.7", "bsz": "9.4", "num_updates": "2200", "lr": "0.0002278", "gnorm": "49.515", "loss_scale": "128", "train_wall": "11", "gb_free": "75.7", "wall": "1149"}
[2026-06-13 15:32:34,744][train_inner][INFO] - {"epoch": 1, "update": 0.756, "loss": "137.725", "nll_loss": "6.653", "total": "180.825", "n_correct": "33.06", "ppl": "100.6", "accuracy": "18.283", "wps": "355.9", "ups": "1.97", "wpb": "180.8", "bsz": "9.4", "num_updates": "2400", "lr": "0.0002476", "gnorm": "51.409", "loss_scale": "128", "train_wall": "11", "gb_free": "75.7", "wall": "1251"}
[2026-06-13 15:34:20,565][train_inner][INFO] - {"epoch": 1, "update": 0.819, "loss": "130.615", "nll_loss": "6.426", "total": "181.03", "n_correct": "35.865", "ppl": "85.97", "accuracy": "19.812", "wps": "342.2", "ups": "1.89", "wpb": "181", "bsz": "9.7", "num_updates": "2600", "lr": "0.0002674", "gnorm": "50.495", "loss_scale": "128", "train_wall": "11", "gb_free": "75.7", "wall": "1356"}
[2026-06-13 15:36:05,359][train_inner][INFO] - {"epoch": 1, "update": 0.882, "loss": "125.293", "nll_loss": "6.227", "total": "175.29", "n_correct": "36.835", "ppl": "74.92", "accuracy": "21.014", "wps": "334.6", "ups": "1.91", "wpb": "175.3", "bsz": "9.5", "num_updates": "2800", "lr": "0.0002872", "gnorm": "49.852", "loss_scale": "128", "train_wall": "11", "gb_free": "75.7", "wall": "1461"}
[2026-06-13 15:37:51,484][train_inner][INFO] - {"epoch": 1, "update": 0.945, "loss": "126.417", "nll_loss": "6.136", "total": "183.02", "n_correct": "39.805", "ppl": "70.31", "accuracy": "21.749", "wps": "345", "ups": "1.88", "wpb": "183", "bsz": "9.7", "num_updates": "3000", "lr": "0.000307", "gnorm": "50.642", "loss_scale": "128", "train_wall": "11", "gb_free": "75.7", "wall": "1567"}
[2026-06-13 15:39:26,150][main][INFO] - end of epoch 1 (average epoch stats below)
[2026-06-13 15:39:26,185][train][INFO] - {"epoch": 1, "train_loss": "140.655", "train_nll_loss": "7.141", "train_total": "179.799", "train_n_correct": "27.5255", "train_ppl": "141.18", "train_accuracy": "15.309", "train_wps": "343.9", "train_ups": "1.91", "train_wpb": "179.8", "train_bsz": "9.7", "train_num_updates": "3176", "train_lr": "0.000324424", "train_gnorm": "54.401", "train_loss_scale": "128", "train_train_wall": "181", "train_gb_free": "75.7", "train_wall": "1662"}
[2026-06-13 15:39:26,740][trainer][INFO] - begin training epoch 2
[2026-06-13 15:39:26,740][main][INFO] - Start iterating over samples
[2026-06-13 15:39:38,695][train_inner][INFO] - {"epoch": 2, "update": 1.008, "loss": "118.657", "nll_loss": "5.947", "total": "181.945", "n_correct": "41.995", "ppl": "61.68", "accuracy": "23.081", "wps": "339.5", "ups": "1.87", "wpb": "181.9", "bsz": "10.1", "num_updates": "3200", "lr": "0.0003268", "gnorm": "50.834", "loss_scale": "128", "train_wall": "11", "gb_free": "75.7", "wall": "1675"}
[2026-06-13 15:41:25,512][train_inner][INFO] - {"epoch": 2, "update": 1.071, "loss": "118.961", "nll_loss": "5.774", "total": "181.22", "n_correct": "42.68", "ppl": "54.73", "accuracy": "23.551", "wps": "339.3", "ups": "1.87", "wpb": "181.2", "bsz": "9.8", "num_updates": "3400", "lr": "0.0003466", "gnorm": "52.031", "loss_scale": "128", "train_wall": "11", "gb_free": "75.7", "wall": "1781"}
[2026-06-13 15:43:12,801][train_inner][INFO] - {"epoch": 2, "update": 1.134, "loss": "112.227", "nll_loss": "5.555", "total": "184.03", "n_correct": "46.66", "ppl": "47", "accuracy": "25.355", "wps": "343.1", "ups": "1.86", "wpb": "184", "bsz": "10.2", "num_updates": "3600", "lr": "0.0003664", "gnorm": "52.381", "loss_scale": "128", "train_wall": "11", "gb_free": "75.7", "wall": "1889"}
[2026-06-13 15:44:53,192][train_inner][INFO] - {"epoch": 2, "update": 1.196, "loss": "118.894", "nll_loss": "5.405", "total": "177.94", "n_correct": "46.59", "ppl": "42.37", "accuracy": "26.183", "wps": "354.5", "ups": "1.99", "wpb": "177.9", "bsz": "9.1", "num_updates": "3800", "lr": "0.0003862", "gnorm": "55.055", "loss_scale": "128", "train_wall": "11", "gb_free": "75.7", "wall": "1989"}
[2026-06-13 15:46:35,284][train_inner][INFO] - {"epoch": 2, "update": 1.259, "loss": "110.19", "nll_loss": "5.098", "total": "176.96", "n_correct": "51.245", "ppl": "34.24", "accuracy": "28.959", "wps": "346.7", "ups": "1.96", "wpb": "177", "bsz": "9.4", "num_updates": "4000", "lr": "0.000406", "gnorm": "56.853", "loss_scale": "128", "train_wall": "11", "gb_free": "75.7", "wall": "2091"}
[2026-06-13 15:48:22,033][train_inner][INFO] - {"epoch": 2, "update": 1.322, "loss": "110.684", "nll_loss": "4.94", "total": "182.315", "n_correct": "55.53", "ppl": "30.7", "accuracy": "30.458", "wps": "341.6", "ups": "1.87", "wpb": "182.3", "bsz": "9.4", "num_updates": "4200", "lr": "0.0004258", "gnorm": "60.186", "loss_scale": "128", "train_wall": "11", "gb_free": "75.7", "wall": "2198"}
[2026-06-13 15:50:07,356][train_inner][INFO] - {"epoch": 2, "update": 1.385, "loss": "95.352", "nll_loss": "4.605", "total": "178.705", "n_correct": "60.245", "ppl": "24.33", "accuracy": "33.712", "wps": "339.4", "ups": "1.9", "wpb": "178.7", "bsz": "10.2", "num_updates": "4400", "lr": "0.0004456", "gnorm": "56.378", "loss_scale": "128", "train_wall": "11", "gb_free": "75.7", "wall": "2303"}
[2026-06-13 15:51:58,048][train_inner][INFO] - {"epoch": 2, "update": 1.448, "loss": "89.872", "nll_loss": "4.397", "total": "182.91", "n_correct": "66.45", "ppl": "21.07", "accuracy": "36.329", "wps": "330.5", "ups": "1.81", "wpb": "182.9", "bsz": "10.7", "num_updates": "4600", "lr": "0.0004654", "gnorm": "55.448", "loss_scale": "128", "train_wall": "11", "gb_free": "75.7", "wall": "2414"}
[2026-06-13 15:53:41,212][train_inner][INFO] - {"epoch": 2, "update": 1.511, "loss": "95.726", "nll_loss": "4.356", "total": "178.54", "n_correct": "65.16", "ppl": "20.48", "accuracy": "36.496", "wps": "346.2", "ups": "1.94", "wpb": "178.5", "bsz": "9.7", "num_updates": "4800", "lr": "0.0004852", "gnorm": "55.477", "loss_scale": "128", "train_wall": "11", "gb_free": "75.7", "wall": "2517"}
[2026-06-13 15:55:27,985][train_inner][INFO] - {"epoch": 2, "update": 1.574, "loss": "91.835", "nll_loss": "4.21", "total": "181.955", "n_correct": "69.7", "ppl": "18.51", "accuracy": "38.306", "wps": "340.9", "ups": "1.87", "wpb": "182", "bsz": "10.1", "num_updates": "5000", "lr": "0.000505", "gnorm": "54.692", "loss_scale": "128", "train_wall": "11", "gb_free": "75.7", "wall": "2624"}
[2026-06-13 15:57:12,162][train_inner][INFO] - {"epoch": 2, "update": 1.637, "loss": "87.483", "nll_loss": "4.052", "total": "178.205", "n_correct": "71.355", "ppl": "16.59", "accuracy": "40.041", "wps": "342.1", "ups": "1.92", "wpb": "178.2", "bsz": "10.1", "num_updates": "5200", "lr": "0.0005248", "gnorm": "53.13", "loss_scale": "128", "train_wall": "11", "gb_free": "75.7", "wall": "2728"}
[2026-06-13 15:58:58,158][train_inner][INFO] - {"epoch": 2, "update": 1.7, "loss": "84.449", "nll_loss": "3.914", "total": "177.005", "n_correct": "74.32", "ppl": "15.07", "accuracy": "41.988", "wps": "334", "ups": "1.89", "wpb": "177", "bsz": "10.1", "num_updates": "5400", "lr": "0.0005446", "gnorm": "51.936", "loss_scale": "128", "train_wall": "11", "gb_free": "75.7", "wall": "2834"}
[2026-06-13 16:00:41,159][train_inner][INFO] - {"epoch": 2, "update": 1.763, "loss": "100.857", "nll_loss": "3.974", "total": "181.805", "n_correct": "73.975", "ppl": "15.71", "accuracy": "40.689", "wps": "353.1", "ups": "1.94", "wpb": "181.8", "bsz": "8.8", "num_updates": "5600", "lr": "0.0005644", "gnorm": "57.581", "loss_scale": "128", "train_wall": "11", "gb_free": "75.7", "wall": "2937"}
[2026-06-13 16:02:21,821][train_inner][INFO] - {"epoch": 2, "update": 1.826, "loss": "94.183", "nll_loss": "3.748", "total": "179.055", "n_correct": "78.595", "ppl": "13.44", "accuracy": "43.894", "wps": "355.8", "ups": "1.99", "wpb": "179.1", "bsz": "8.9", "num_updates": "5800", "lr": "0.0005842", "gnorm": "53.794", "loss_scale": "128", "train_wall": "11", "gb_free": "75.7", "wall": "3038"}
[2026-06-13 16:04:06,477][train_inner][INFO] - {"epoch": 2, "update": 1.889, "loss": "90.986", "nll_loss": "3.667", "total": "178.135", "n_correct": "80.035", "ppl": "12.7", "accuracy": "44.929", "wps": "340.5", "ups": "1.91", "wpb": "178.1", "bsz": "9.1", "num_updates": "6000", "lr": "0.000604", "gnorm": "54.011", "loss_scale": "128", "train_wall": "11", "gb_free": "75.7", "wall": "3142"}
[2026-06-13 16:05:50,600][train_inner][INFO] - {"epoch": 2, "update": 1.952, "loss": "82.454", "nll_loss": "3.504", "total": "180.595", "n_correct": "84.885", "ppl": "11.34", "accuracy": "47.003", "wps": "346.9", "ups": "1.92", "wpb": "180.6", "bsz": "9.8", "num_updates": "6200", "lr": "0.0006238", "gnorm": "49.788", "loss_scale": "128", "train_wall": "11", "gb_free": "75.7", "wall": "3247"}
[2026-06-13 16:09:13,448][main][INFO] - begin validation on "valid" subset
[2026-06-13 16:11:10,365][valid][INFO] - {"epoch": 2, "valid_loss": "78.816", "valid_nll_loss": "3.119", "valid_total": "178.205", "valid_n_correct": "92.5197", "valid_ppl": "8.69", "valid_accuracy": "51.918", "valid_wps": "195.3", "valid_wpb": "178.2", "valid_bsz": "9.4", "valid_num_updates": "6352"}
[2026-06-13 16:11:10,366][fairseq.checkpoint_utils][INFO] - Preparing to save checkpoint for epoch 2 @ 6352 updates
[2026-06-13 16:11:10,367][trainer][INFO] - Saving checkpoint to checkpoints/checkpoint_best.pt
[2026-06-13 16:11:14,468][trainer][INFO] - Finished saving checkpoint to checkpoints/checkpoint_best.pt
[2026-06-13 16:11:21,440][fairseq.checkpoint_utils][INFO] - Saved checkpoint checkpoints/checkpoint_best.pt (epoch 2 @ 6352 updates, score 51.918) (writing took 11.073758188984357 seconds)
[2026-06-13 16:11:21,440][main][INFO] - end of epoch 2 (average epoch stats below)
[2026-06-13 16:11:21,477][train][INFO] - {"epoch": 2, "train_loss": "98.144", "train_nll_loss": "4.443", "train_total": "179.799", "train_n_correct": "65.3064", "train_ppl": "21.75", "train_accuracy": "36.322", "train_wps": "298.2", "train_ups": "1.66", "train_wpb": "179.8", "train_bsz": "9.7", "train_num_updates": "6352", "train_lr": "0.000638848", "train_gnorm": "54.264", "train_loss_scale": "128", "train_train_wall": "178", "train_gb_free": "75.7", "train_wall": "3577"}
[2026-06-13 16:11:22,430][trainer][INFO] - begin training epoch 3
[2026-06-13 16:11:22,431][main][INFO] - Start iterating over samples
[2026-06-13 16:12:06,251][train_inner][INFO] - {"epoch": 3, "update": 2.015, "loss": "80.902", "nll_loss": "3.384", "total": "177.825", "n_correct": "86.655", "ppl": "10.44", "accuracy": "48.73", "wps": "94.7", "ups": "0.53", "wpb": "177.8", "bsz": "9.6", "num_updates": "6400", "lr": "0.0006436", "gnorm": "48.649", "loss_scale": "128", "train_wall": "13", "gb_free": "75.7", "wall": "3622"}
[2026-06-13 16:15:52,185][train_inner][INFO] - {"epoch": 3, "update": 2.078, "loss": "77.221", "nll_loss": "3.211", "total": "183.205", "n_correct": "93.005", "ppl": "9.26", "accuracy": "50.766", "wps": "162.2", "ups": "0.89", "wpb": "183.2", "bsz": "10.1", "num_updates": "6600", "lr": "0.0006634", "gnorm": "47.227", "loss_scale": "128", "train_wall": "13", "gb_free": "75.7", "wall": "3848"}
[2026-06-13 16:20:00,382][train_inner][INFO] - {"epoch": 3, "update": 2.141, "loss": "75.486", "nll_loss": "3.108", "total": "177.205", "n_correct": "92.75", "ppl": "8.62", "accuracy": "52.341", "wps": "142.8", "ups": "0.81", "wpb": "177.2", "bsz": "9.8", "num_updates": "6800", "lr": "0.0006832", "gnorm": "44.639", "loss_scale": "128", "train_wall": "13", "gb_free": "75.7", "wall": "4096"}
[2026-06-13 16:23:42,966][train_inner][INFO] - {"epoch": 3, "update": 2.204, "loss": "75.126", "nll_loss": "3.118", "total": "178.395", "n_correct": "93.005", "ppl": "8.68", "accuracy": "52.134", "wps": "160.3", "ups": "0.9", "wpb": "178.4", "bsz": "9.9", "num_updates": "7000", "lr": "0.000703", "gnorm": "44.819", "loss_scale": "128", "train_wall": "13", "gb_free": "75.7", "wall": "4319"}
[2026-06-13 16:26:34,189][train_inner][INFO] - {"epoch": 3, "update": 2.267, "loss": "79.678", "nll_loss": "3.113", "total": "185.385", "n_correct": "97.825", "ppl": "8.65", "accuracy": "52.769", "wps": "216.6", "ups": "1.17", "wpb": "185.4", "bsz": "9.7", "num_updates": "7200", "lr": "0.0007228", "gnorm": "46.84", "loss_scale": "128", "train_wall": "12", "gb_free": "75.7", "wall": "4490"}
[2026-06-13 16:30:33,889][train_inner][INFO] - {"epoch": 3, "update": 2.33, "loss": "78.019", "nll_loss": "2.964", "total": "178.965", "n_correct": "98.775", "ppl": "7.8", "accuracy": "55.192", "wps": "149.3", "ups": "0.83", "wpb": "179", "bsz": "9.2", "num_updates": "7400", "lr": "0.0007426", "gnorm": "42.983", "loss_scale": "128", "train_wall": "13", "gb_free": "75.7", "wall": "4730"}
[2026-06-13 16:34:26,616][train_inner][INFO] - {"epoch": 3, "update": 2.393, "loss": "74.998", "nll_loss": "2.987", "total": "183.475", "n_correct": "100.205", "ppl": "7.93", "accuracy": "54.615", "wps": "157.7", "ups": "0.86", "wpb": "183.5", "bsz": "9.9", "num_updates": "7600", "lr": "0.0007624", "gnorm": "43.797", "loss_scale": "128", "train_wall": "13", "gb_free": "75.7", "wall": "4963"}
[2026-06-13 16:37:42,924][train_inner][INFO] - {"epoch": 3, "update": 2.456, "loss": "76.236", "nll_loss": "2.833", "total": "179.125", "n_correct": "101.775", "ppl": "7.12", "accuracy": "56.818", "wps": "182.5", "ups": "1.02", "wpb": "179.1", "bsz": "9.2", "num_updates": "7800", "lr": "0.0007822", "gnorm": "42.649", "loss_scale": "128", "train_wall": "12", "gb_free": "75.7", "wall": "5159"}
[2026-06-13 16:41:58,021][train_inner][INFO] - {"epoch": 3, "update": 2.519, "loss": "71.233", "nll_loss": "2.819", "total": "182.37", "n_correct": "104.425", "ppl": "7.06", "accuracy": "57.26", "wps": "143", "ups": "0.78", "wpb": "182.4", "bsz": "10", "num_updates": "8000", "lr": "0.000802", "gnorm": "41.38", "loss_scale": "128", "train_wall": "13", "gb_free": "75.7", "wall": "5414"}
[2026-06-13 16:45:33,864][train_inner][INFO] - {"epoch": 3, "update": 2.582, "loss": "71.008", "nll_loss": "2.738", "total": "179.46", "n_correct": "104.59", "ppl": "6.67", "accuracy": "58.28", "wps": "166.3", "ups": "0.93", "wpb": "179.5", "bsz": "9.7", "num_updates": "8200", "lr": "0.0008218", "gnorm": "39.498", "loss_scale": "128", "train_wall": "13", "gb_free": "75.7", "wall": "5630"}
[2026-06-13 16:49:35,121][train_inner][INFO] - {"epoch": 3, "update": 2.645, "loss": "69.573", "nll_loss": "2.663", "total": "178.09", "n_correct": "106.125", "ppl": "6.33", "accuracy": "59.591", "wps": "147.6", "ups": "0.83", "wpb": "178.1", "bsz": "9.6", "num_updates": "8400", "lr": "0.0008416", "gnorm": "38.787", "loss_scale": "128", "train_wall": "13", "gb_free": "75.7", "wall": "5871"}
[2026-06-13 16:53:31,549][train_inner][INFO] - {"epoch": 3, "update": 2.708, "loss": "72.619", "nll_loss": "2.608", "total": "177.395", "n_correct": "106.86", "ppl": "6.1", "accuracy": "60.238", "wps": "150.1", "ups": "0.85", "wpb": "177.4", "bsz": "9.1", "num_updates": "8600", "lr": "0.0008614", "gnorm": "38.35", "loss_scale": "128", "train_wall": "14", "gb_free": "75.7", "wall": "6107"}
[2026-06-13 16:58:15,603][train_inner][INFO] - {"epoch": 3, "update": 2.771, "loss": "68.008", "nll_loss": "2.583", "total": "181.54", "n_correct": "110.46", "ppl": "5.99", "accuracy": "60.846", "wps": "127.8", "ups": "0.7", "wpb": "181.5", "bsz": "9.9", "num_updates": "8800", "lr": "0.0008812", "gnorm": "37.409", "loss_scale": "128", "train_wall": "13", "gb_free": "75.7", "wall": "6392"}
[2026-06-13 17:01:39,706][train_inner][INFO] - {"epoch": 3, "update": 2.834, "loss": "63.399", "nll_loss": "2.478", "total": "175.895", "n_correct": "109.65", "ppl": "5.57", "accuracy": "62.338", "wps": "172.4", "ups": "0.98", "wpb": "175.9", "bsz": "10", "num_updates": "9000", "lr": "0.000901", "gnorm": "34.236", "loss_scale": "128", "train_wall": "13", "gb_free": "75.7", "wall": "6596"}
[2026-06-13 17:05:15,063][train_inner][INFO] - {"epoch": 3, "update": 2.897, "loss": "66.317", "nll_loss": "2.485", "total": "178.905", "n_correct": "111.515", "ppl": "5.6", "accuracy": "62.332", "wps": "166.2", "ups": "0.93", "wpb": "178.9", "bsz": "9.7", "num_updates": "9200", "lr": "0.0009208", "gnorm": "34.961", "loss_scale": "128", "train_wall": "13", "gb_free": "75.7", "wall": "6811"}
[2026-06-13 17:08:07,402][train_inner][INFO] - {"epoch": 3, "update": 2.96, "loss": "64.34", "nll_loss": "2.344", "total": "179", "n_correct": "115.605", "ppl": "5.08", "accuracy": "64.584", "wps": "207.7", "ups": "1.16", "wpb": "179", "bsz": "9.7", "num_updates": "9400", "lr": "0.0009406", "gnorm": "33.661", "loss_scale": "128", "train_wall": "13", "gb_free": "75.7", "wall": "6983"}
[2026-06-13 17:10:41,554][main][INFO] - end of epoch 3 (average epoch stats below)
[2026-06-13 17:10:41,564][train][INFO] - {"epoch": 3, "train_loss": "71.936", "train_nll_loss": "2.793", "train_total": "179.799", "train_n_correct": "103.39", "train_ppl": "6.93", "train_accuracy": "57.503", "train_wps": "160.4", "train_ups": "0.89", "train_wpb": "179.8", "train_bsz": "9.7", "train_num_updates": "9528", "train_lr": "0.000953272", "train_gnorm": "40.584", "train_loss_scale": "128", "train_train_wall": "205", "train_gb_free": "75.7", "train_wall": "7137"}
[2026-06-13 17:10:42,561][trainer][INFO] - begin training epoch 4
[2026-06-13 17:10:42,561][main][INFO] - Start iterating over samples
[2026-06-13 17:11:49,169][train_inner][INFO] - {"epoch": 4, "update": 3.023, "loss": "59.408", "nll_loss": "2.251", "total": "176.035", "n_correct": "116.095", "ppl": "4.76", "accuracy": "65.95", "wps": "158.8", "ups": "0.9", "wpb": "176", "bsz": "10.1", "num_updates": "9600", "lr": "0.0009604", "gnorm": "31.785", "loss_scale": "128", "train_wall": "13", "gb_free": "75.7", "wall": "7205"}
[2026-06-13 17:14:58,817][train_inner][INFO] - {"epoch": 4, "update": 3.086, "loss": "57.832", "nll_loss": "2.174", "total": "178.395", "n_correct": "118.945", "ppl": "4.51", "accuracy": "66.675", "wps": "188.2", "ups": "1.05", "wpb": "178.4", "bsz": "10.3", "num_updates": "9800", "lr": "0.0009802", "gnorm": "30.206", "loss_scale": "128", "train_wall": "12", "gb_free": "75.7", "wall": "7395"}
[2026-06-13 17:18:22,762][train_inner][INFO] - {"epoch": 4, "update": 3.149, "loss": "64.709", "nll_loss": "2.142", "total": "177.085", "n_correct": "119.465", "ppl": "4.41", "accuracy": "67.462", "wps": "173.7", "ups": "0.98", "wpb": "177.1", "bsz": "9.1", "num_updates": "10000", "lr": "0.001", "gnorm": "33.26", "loss_scale": "128", "train_wall": "13", "gb_free": "75.7", "wall": "7599"}
[2026-06-13 17:22:09,033][train_inner][INFO] - {"epoch": 4, "update": 3.212, "loss": "57.328", "nll_loss": "2.07", "total": "176.615", "n_correct": "120.97", "ppl": "4.2", "accuracy": "68.494", "wps": "156.1", "ups": "0.88", "wpb": "176.6", "bsz": "10", "num_updates": "10200", "lr": "0.000970487", "gnorm": "29.8", "loss_scale": "128", "train_wall": "13", "gb_free": "75.7", "wall": "7825"}
[2026-06-13 17:24:44,958][train_inner][INFO] - {"epoch": 4, "update": 3.275, "loss": "60.697", "nll_loss": "2.061", "total": "179.855", "n_correct": "124.27", "ppl": "4.17", "accuracy": "69.095", "wps": "230.7", "ups": "1.28", "wpb": "179.9", "bsz": "9.6", "num_updates": "10400", "lr": "0.000941845", "gnorm": "30.067", "loss_scale": "128", "train_wall": "11", "gb_free": "75.7", "wall": "7981"}
[2026-06-13 17:27:38,865][train_inner][INFO] - {"epoch": 4, "update": 3.338, "loss": "62.27", "nll_loss": "1.957", "total": "179.76", "n_correct": "126.295", "ppl": "3.88", "accuracy": "70.258", "wps": "206.8", "ups": "1.15", "wpb": "179.8", "bsz": "9.1", "num_updates": "10600", "lr": "0.000914048", "gnorm": "29.4", "loss_scale": "128", "train_wall": "13", "gb_free": "75.7", "wall": "8155"}
[2026-06-13 17:29:55,606][train_inner][INFO] - {"epoch": 4, "update": 3.401, "loss": "56.865", "nll_loss": "1.902", "total": "177.71", "n_correct": "126.96", "ppl": "3.74", "accuracy": "71.442", "wps": "259.9", "ups": "1.46", "wpb": "177.7", "bsz": "9.7", "num_updates": "10800", "lr": "0.000887072", "gnorm": "28.595", "loss_scale": "128", "train_wall": "12", "gb_free": "75.7", "wall": "8292"}
[2026-06-13 17:32:47,867][train_inner][INFO] - {"epoch": 4, "update": 3.463, "loss": "58.338", "nll_loss": "1.895", "total": "182.28", "n_correct": "130.24", "ppl": "3.72", "accuracy": "71.451", "wps": "211.6", "ups": "1.16", "wpb": "182.3", "bsz": "9.7", "num_updates": "11000", "lr": "0.000860892", "gnorm": "28.857", "loss_scale": "128", "train_wall": "12", "gb_free": "75.7", "wall": "8464"}
[2026-06-13 17:34:59,404][train_inner][INFO] - {"epoch": 4, "update": 3.526, "loss": "60.575", "nll_loss": "1.868", "total": "181.47", "n_correct": "130.74", "ppl": "3.65", "accuracy": "72.045", "wps": "276", "ups": "1.52", "wpb": "181.5", "bsz": "9.2", "num_updates": "11200", "lr": "0.000835484", "gnorm": "28.894", "loss_scale": "128", "train_wall": "11", "gb_free": "75.7", "wall": "8595"}
[2026-06-13 17:37:10,014][train_inner][INFO] - {"epoch": 4, "update": 3.589, "loss": "55.814", "nll_loss": "1.8", "total": "181.29", "n_correct": "131.92", "ppl": "3.48", "accuracy": "72.767", "wps": "277.7", "ups": "1.53", "wpb": "181.3", "bsz": "9.8", "num_updates": "11400", "lr": "0.000810826", "gnorm": "26.834", "loss_scale": "128", "train_wall": "11", "gb_free": "75.7", "wall": "8726"}
[2026-06-13 17:39:06,131][train_inner][INFO] - {"epoch": 4, "update": 3.652, "loss": "57.167", "nll_loss": "1.743", "total": "180.505", "n_correct": "132.965", "ppl": "3.35", "accuracy": "73.663", "wps": "310.9", "ups": "1.72", "wpb": "180.5", "bsz": "9.3", "num_updates": "11600", "lr": "0.000786896", "gnorm": "28.257", "loss_scale": "128", "train_wall": "12", "gb_free": "75.7", "wall": "8842"}
[2026-06-13 17:41:01,417][train_inner][INFO] - {"epoch": 4, "update": 3.715, "loss": "55.953", "nll_loss": "1.672", "total": "179.3", "n_correct": "134.28", "ppl": "3.19", "accuracy": "74.891", "wps": "311.1", "ups": "1.73", "wpb": "179.3", "bsz": "9.3", "num_updates": "11800", "lr": "0.000763673", "gnorm": "25.895", "loss_scale": "128", "train_wall": "11", "gb_free": "75.7", "wall": "8957"}
[2026-06-13 17:43:00,137][train_inner][INFO] - {"epoch": 4, "update": 3.778, "loss": "55.865", "nll_loss": "1.658", "total": "183.885", "n_correct": "138.13", "ppl": "3.16", "accuracy": "75.118", "wps": "309.8", "ups": "1.68", "wpb": "183.9", "bsz": "9.5", "num_updates": "12000", "lr": "0.000741134", "gnorm": "27.483", "loss_scale": "128", "train_wall": "11", "gb_free": "75.7", "wall": "9076"}
[2026-06-13 17:45:01,694][train_inner][INFO] - {"epoch": 4, "update": 3.841, "loss": "45.254", "nll_loss": "1.507", "total": "181.22", "n_correct": "140.785", "ppl": "2.84", "accuracy": "77.687", "wps": "298.2", "ups": "1.65", "wpb": "181.2", "bsz": "11", "num_updates": "12200", "lr": "0.000719261", "gnorm": "22.792", "loss_scale": "128", "train_wall": "11", "gb_free": "75.7", "wall": "9198"}
[2026-06-13 17:46:57,879][train_inner][INFO] - {"epoch": 4, "update": 3.904, "loss": "51.248", "nll_loss": "1.586", "total": "181.525", "n_correct": "138.655", "ppl": "3", "accuracy": "76.383", "wps": "312.5", "ups": "1.72", "wpb": "181.5", "bsz": "10", "num_updates": "12400", "lr": "0.000698034", "gnorm": "25.01", "loss_scale": "128", "train_wall": "11", "gb_free": "75.7", "wall": "9314"}
[2026-06-13 17:48:50,144][train_inner][INFO] - {"epoch": 4, "update": 3.967, "loss": "53.68", "nll_loss": "1.551", "total": "180.67", "n_correct": "138.965", "ppl": "2.93", "accuracy": "76.916", "wps": "321.9", "ups": "1.78", "wpb": "180.7", "bsz": "9.4", "num_updates": "12600", "lr": "0.000677433", "gnorm": "25.094", "loss_scale": "128", "train_wall": "11", "gb_free": "75.7", "wall": "9426"}
[2026-06-13 17:49:49,000][main][INFO] - begin validation on "valid" subset
[2026-06-13 17:51:01,764][valid][INFO] - {"epoch": 4, "valid_loss": "46.703", "valid_nll_loss": "1.14", "valid_total": "178.205", "valid_n_correct": "146.772", "valid_ppl": "2.2", "valid_accuracy": "82.361", "valid_wps": "312.5", "valid_wpb": "178.2", "valid_bsz": "9.4", "valid_num_updates": "12704", "valid_best_accuracy": "82.361"}
[2026-06-13 17:51:01,766][fairseq.checkpoint_utils][INFO] - Preparing to save checkpoint for epoch 4 @ 12704 updates
[2026-06-13 17:51:01,766][trainer][INFO] - Saving checkpoint to checkpoints/checkpoint_best.pt
[2026-06-13 17:51:05,589][trainer][INFO] - Finished saving checkpoint to checkpoints/checkpoint_best.pt
[2026-06-13 17:51:11,110][fairseq.checkpoint_utils][INFO] - Saved checkpoint checkpoints/checkpoint_best.pt (epoch 4 @ 12704 updates, score 82.361) (writing took 9.344593765912578 seconds)
[2026-06-13 17:51:11,111][main][INFO] - end of epoch 4 (average epoch stats below)
[2026-06-13 17:51:11,121][train][INFO] - {"epoch": 4, "train_loss": "56.326", "train_nll_loss": "1.83", "train_total": "179.799", "train_n_correct": "130.226", "train_ppl": "3.55", "train_accuracy": "72.429", "train_wps": "235", "train_ups": "1.31", "train_wpb": "179.8", "train_bsz": "9.7", "train_num_updates": "12704", "train_lr": "0.000666961", "train_gnorm": "27.872", "train_loss_scale": "128", "train_train_wall": "186", "train_gb_free": "75.7", "train_wall": "9567"}
[2026-06-13 17:51:11,680][trainer][INFO] - begin training epoch 5
[2026-06-13 17:51:11,681][main][INFO] - Start iterating over samples
[2026-06-13 17:52:06,593][train_inner][INFO] - {"epoch": 5, "update": 4.03, "loss": "47.588", "nll_loss": "1.392", "total": "176.29", "n_correct": "139.155", "ppl": "2.62", "accuracy": "78.935", "wps": "179.5", "ups": "1.02", "wpb": "176.3", "bsz": "9.8", "num_updates": "12800", "lr": "0.00065744", "gnorm": "21.744", "loss_scale": "128", "train_wall": "11", "gb_free": "75.7", "wall": "9623"}
[2026-06-13 17:53:58,913][train_inner][INFO] - {"epoch": 5, "update": 4.093, "loss": "50.686", "nll_loss": "1.358", "total": "178.905", "n_correct": "143.065", "ppl": "2.56", "accuracy": "79.967", "wps": "318.6", "ups": "1.78", "wpb": "178.9", "bsz": "9.2", "num_updates": "13000", "lr": "0.000638036", "gnorm": "23.375", "loss_scale": "128", "train_wall": "11", "gb_free": "75.7", "wall": "9735"}
[2026-06-13 17:55:53,264][train_inner][INFO] - {"epoch": 5, "update": 4.156, "loss": "49.033", "nll_loss": "1.338", "total": "181.26", "n_correct": "145.115", "ppl": "2.53", "accuracy": "80.059", "wps": "317.1", "ups": "1.75", "wpb": "181.3", "bsz": "9.6", "num_updates": "13200", "lr": "0.000619206", "gnorm": "23.306", "loss_scale": "128", "train_wall": "11", "gb_free": "75.7", "wall": "9849"}
[2026-06-13 17:57:41,655][train_inner][INFO] - {"epoch": 5, "update": 4.219, "loss": "48.745", "nll_loss": "1.288", "total": "180.4", "n_correct": "145.455", "ppl": "2.44", "accuracy": "80.629", "wps": "332.9", "ups": "1.85", "wpb": "180.4", "bsz": "9.5", "num_updates": "13400", "lr": "0.000600931", "gnorm": "22.861", "loss_scale": "128", "train_wall": "11", "gb_free": "75.7", "wall": "9958"}
[2026-06-13 17:59:36,506][train_inner][INFO] - {"epoch": 5, "update": 4.282, "loss": "46.229", "nll_loss": "1.321", "total": "181.74", "n_correct": "145.955", "ppl": "2.5", "accuracy": "80.31", "wps": "316.5", "ups": "1.74", "wpb": "181.7", "bsz": "10.2", "num_updates": "13600", "lr": "0.000583196", "gnorm": "22.136", "loss_scale": "128", "train_wall": "11", "gb_free": "75.7", "wall": "10072"}
[2026-06-13 18:01:33,566][train_inner][INFO] - {"epoch": 5, "update": 4.345, "loss": "45.781", "nll_loss": "1.291", "total": "182.53", "n_correct": "147.59", "ppl": "2.45", "accuracy": "80.858", "wps": "311.9", "ups": "1.71", "wpb": "182.5", "bsz": "10.2", "num_updates": "13800", "lr": "0.000565984", "gnorm": "22.418", "loss_scale": "128", "train_wall": "11", "gb_free": "75.7", "wall": "10189"}
[2026-06-13 18:03:31,297][train_inner][INFO] - {"epoch": 5, "update": 4.408, "loss": "48.277", "nll_loss": "1.245", "total": "185.455", "n_correct": "151.195", "ppl": "2.37", "accuracy": "81.527", "wps": "315.1", "ups": "1.7", "wpb": "185.5", "bsz": "9.7", "num_updates": "14000", "lr": "0.00054928", "gnorm": "22.561", "loss_scale": "128", "train_wall": "11", "gb_free": "75.7", "wall": "10307"}
[2026-06-13 18:05:22,623][train_inner][INFO] - {"epoch": 5, "update": 4.471, "loss": "49.528", "nll_loss": "1.276", "total": "176.07", "n_correct": "142.7", "ppl": "2.42", "accuracy": "81.047", "wps": "316.4", "ups": "1.8", "wpb": "176.1", "bsz": "9", "num_updates": "14200", "lr": "0.000533069", "gnorm": "22.321", "loss_scale": "128", "train_wall": "11", "gb_free": "75.7", "wall": "10419"}
[2026-06-13 18:07:22,536][train_inner][INFO] - {"epoch": 5, "update": 4.534, "loss": "41.822", "nll_loss": "1.231", "total": "177.155", "n_correct": "145.15", "ppl": "2.35", "accuracy": "81.934", "wps": "295.5", "ups": "1.67", "wpb": "177.2", "bsz": "10.6", "num_updates": "14400", "lr": "0.000517337", "gnorm": "19.77", "loss_scale": "128", "train_wall": "11", "gb_free": "75.7", "wall": "10538"}
[2026-06-13 18:09:24,238][train_inner][INFO] - {"epoch": 5, "update": 4.597, "loss": "44.334", "nll_loss": "1.222", "total": "182.485", "n_correct": "149.48", "ppl": "2.33", "accuracy": "81.914", "wps": "299.9", "ups": "1.64", "wpb": "182.5", "bsz": "10.3", "num_updates": "14600", "lr": "0.000502069", "gnorm": "21.599", "loss_scale": "128", "train_wall": "11", "gb_free": "75.7", "wall": "10660"}
[2026-06-13 18:11:22,180][train_inner][INFO] - {"epoch": 5, "update": 4.66, "loss": "46.401", "nll_loss": "1.213", "total": "179.22", "n_correct": "147.05", "ppl": "2.32", "accuracy": "82.05", "wps": "303.9", "ups": "1.7", "wpb": "179.2", "bsz": "9.6", "num_updates": "14800", "lr": "0.000487251", "gnorm": "21.554", "loss_scale": "128", "train_wall": "11", "gb_free": "75.7", "wall": "10778"}
[2026-06-13 18:13:20,781][train_inner][INFO] - {"epoch": 5, "update": 4.723, "loss": "43.662", "nll_loss": "1.145", "total": "179.57", "n_correct": "149.755", "ppl": "2.21", "accuracy": "83.396", "wps": "302.9", "ups": "1.69", "wpb": "179.6", "bsz": "10", "num_updates": "15000", "lr": "0.000472871", "gnorm": "20.585", "loss_scale": "128", "train_wall": "11", "gb_free": "75.7", "wall": "10897"}
[2026-06-13 18:15:15,428][train_inner][INFO] - {"epoch": 5, "update": 4.786, "loss": "46.095", "nll_loss": "1.145", "total": "177.655", "n_correct": "147.76", "ppl": "2.21", "accuracy": "83.172", "wps": "309.9", "ups": "1.74", "wpb": "177.7", "bsz": "9.3", "num_updates": "15200", "lr": "0.000458915", "gnorm": "21.409", "loss_scale": "128", "train_wall": "11", "gb_free": "75.7", "wall": "11011"}
[2026-06-13 18:17:10,068][train_inner][INFO] - {"epoch": 5, "update": 4.849, "loss": "46.588", "nll_loss": "1.192", "total": "179.6", "n_correct": "148.41", "ppl": "2.28", "accuracy": "82.634", "wps": "313.4", "ups": "1.74", "wpb": "179.6", "bsz": "9.5", "num_updates": "15400", "lr": "0.000445371", "gnorm": "22.441", "loss_scale": "128", "train_wall": "11", "gb_free": "75.7", "wall": "11126"}
[2026-06-13 18:19:00,399][train_inner][INFO] - {"epoch": 5, "update": 4.912, "loss": "48.58", "nll_loss": "1.141", "total": "178.735", "n_correct": "148.95", "ppl": "2.21", "accuracy": "83.336", "wps": "324", "ups": "1.81", "wpb": "178.7", "bsz": "8.9", "num_updates": "15600", "lr": "0.000432227", "gnorm": "20.999", "loss_scale": "128", "train_wall": "11", "gb_free": "75.7", "wall": "11236"}
[2026-06-13 18:20:53,116][train_inner][INFO] - {"epoch": 5, "update": 4.975, "loss": "42.57", "nll_loss": "1.092", "total": "179.115", "n_correct": "150.74", "ppl": "2.13", "accuracy": "84.158", "wps": "317.9", "ups": "1.77", "wpb": "179.1", "bsz": "10", "num_updates": "15800", "lr": "0.00041947", "gnorm": "20.512", "loss_scale": "128", "train_wall": "11", "gb_free": "75.7", "wall": "11349"}
[2026-06-13 18:21:38,152][main][INFO] - end of epoch 5 (average epoch stats below)
[2026-06-13 18:21:38,160][train][INFO] - {"epoch": 5, "train_loss": "46.468", "train_nll_loss": "1.233", "train_total": "179.799", "train_n_correct": "147.055", "train_ppl": "2.35", "train_accuracy": "81.789", "train_wps": "312.6", "train_ups": "1.74", "train_wpb": "179.8", "train_bsz": "9.7", "train_num_updates": "15880", "train_lr": "0.000414474", "train_gnorm": "21.771", "train_loss_scale": "128", "train_train_wall": "178", "train_gb_free": "75.7", "train_wall": "11394"}
[2026-06-13 18:21:38,697][trainer][INFO] - begin training epoch 6
[2026-06-13 18:21:38,697][main][INFO] - Start iterating over samples
[2026-06-13 18:22:52,261][train_inner][INFO] - {"epoch": 6, "update": 5.038, "loss": "42.592", "nll_loss": "1.02", "total": "179.67", "n_correct": "152.81", "ppl": "2.03", "accuracy": "85.05", "wps": "301.6", "ups": "1.68", "wpb": "179.7", "bsz": "9.8", "num_updates": "16000", "lr": "0.000407091", "gnorm": "18.546", "loss_scale": "128", "train_wall": "11", "gb_free": "75.7", "wall": "11468"}
[2026-06-13 18:24:50,075][train_inner][INFO] - {"epoch": 6, "update": 5.101, "loss": "41.549", "nll_loss": "0.984", "total": "181.555", "n_correct": "155.78", "ppl": "1.98", "accuracy": "85.803", "wps": "308.2", "ups": "1.7", "wpb": "181.6", "bsz": "10", "num_updates": "16200", "lr": "0.000395076", "gnorm": "19.723", "loss_scale": "128", "train_wall": "11", "gb_free": "75.7", "wall": "11586"}
[2026-06-13 18:26:42,442][train_inner][INFO] - {"epoch": 6, "update": 5.164, "loss": "44.65", "nll_loss": "0.966", "total": "176.39", "n_correct": "151.75", "ppl": "1.95", "accuracy": "86.031", "wps": "314", "ups": "1.78", "wpb": "176.4", "bsz": "9", "num_updates": "16400", "lr": "0.000383416", "gnorm": "19.337", "loss_scale": "256", "train_wall": "11", "gb_free": "75.7", "wall": "11698"}
[2026-06-13 18:28:42,448][train_inner][INFO] - {"epoch": 6, "update": 5.227, "loss": "42.095", "nll_loss": "1.013", "total": "181.675", "n_correct": "155.27", "ppl": "2.02", "accuracy": "85.466", "wps": "302.8", "ups": "1.67", "wpb": "181.7", "bsz": "10", "num_updates": "16600", "lr": "0.0003721", "gnorm": "19.393", "loss_scale": "256", "train_wall": "11", "gb_free": "75.7", "wall": "11818"}
[2026-06-13 18:30:39,402][train_inner][INFO] - {"epoch": 6, "update": 5.29, "loss": "40.201", "nll_loss": "0.939", "total": "183.545", "n_correct": "158.835", "ppl": "1.92", "accuracy": "86.537", "wps": "313.9", "ups": "1.71", "wpb": "183.5", "bsz": "10.2", "num_updates": "16800", "lr": "0.000361119", "gnorm": "18.367", "loss_scale": "256", "train_wall": "11", "gb_free": "75.7", "wall": "11935"}
[2026-06-13 18:32:31,492][train_inner][INFO] - {"epoch": 6, "update": 5.353, "loss": "42.302", "nll_loss": "0.974", "total": "179.29", "n_correct": "154.355", "ppl": "1.96", "accuracy": "86.092", "wps": "319.9", "ups": "1.78", "wpb": "179.3", "bsz": "9.6", "num_updates": "17000", "lr": "0.000350461", "gnorm": "19.469", "loss_scale": "256", "train_wall": "11", "gb_free": "75.7", "wall": "12047"}
[2026-06-13 18:34:26,734][train_inner][INFO] - {"epoch": 6, "update": 5.416, "loss": "43.429", "nll_loss": "0.992", "total": "182.66", "n_correct": "156.615", "ppl": "1.99", "accuracy": "85.741", "wps": "317", "ups": "1.74", "wpb": "182.7", "bsz": "9.6", "num_updates": "17200", "lr": "0.000340118", "gnorm": "19.642", "loss_scale": "256", "train_wall": "11", "gb_free": "75.7", "wall": "12163"}
[2026-06-13 18:36:18,110][train_inner][INFO] - {"epoch": 6, "update": 5.479, "loss": "44.009", "nll_loss": "0.977", "total": "177.635", "n_correct": "152.89", "ppl": "1.97", "accuracy": "86.07", "wps": "319", "ups": "1.8", "wpb": "177.6", "bsz": "9.2", "num_updates": "17400", "lr": "0.00033008", "gnorm": "19.305", "loss_scale": "256", "train_wall": "11", "gb_free": "75.7", "wall": "12274"}
[2026-06-13 18:38:16,360][train_inner][INFO] - {"epoch": 6, "update": 5.542, "loss": "42.194", "nll_loss": "0.953", "total": "180.2", "n_correct": "155.89", "ppl": "1.94", "accuracy": "86.509", "wps": "304.8", "ups": "1.69", "wpb": "180.2", "bsz": "9.6", "num_updates": "17600", "lr": "0.000320338", "gnorm": "18.908", "loss_scale": "256", "train_wall": "11", "gb_free": "75.7", "wall": "12392"}
[2026-06-13 18:40:08,957][train_inner][INFO] - {"epoch": 6, "update": 5.605, "loss": "42.211", "nll_loss": "0.899", "total": "183.14", "n_correct": "159.56", "ppl": "1.86", "accuracy": "87.125", "wps": "325.3", "ups": "1.78", "wpb": "183.1", "bsz": "9.6", "num_updates": "17800", "lr": "0.000310884", "gnorm": "19.126", "loss_scale": "256", "train_wall": "11", "gb_free": "75.7", "wall": "12505"}
[2026-06-13 18:42:08,051][train_inner][INFO] - {"epoch": 6, "update": 5.668, "loss": "39.526", "nll_loss": "0.983", "total": "176.32", "n_correct": "151.485", "ppl": "1.98", "accuracy": "85.915", "wps": "296.1", "ups": "1.68", "wpb": "176.3", "bsz": "10.2", "num_updates": "18000", "lr": "0.000301709", "gnorm": "17.878", "loss_scale": "256", "train_wall": "11", "gb_free": "75.7", "wall": "12624"}
[2026-06-13 18:44:04,792][train_inner][INFO] - {"epoch": 6, "update": 5.73, "loss": "41.435", "nll_loss": "0.957", "total": "179.7", "n_correct": "155.21", "ppl": "1.94", "accuracy": "86.372", "wps": "307.9", "ups": "1.71", "wpb": "179.7", "bsz": "9.8", "num_updates": "18200", "lr": "0.000292804", "gnorm": "19.299", "loss_scale": "256", "train_wall": "11", "gb_free": "75.7", "wall": "12741"}
[2026-06-13 18:45:57,838][train_inner][INFO] - {"epoch": 6, "update": 5.793, "loss": "41.116", "nll_loss": "0.953", "total": "180.685", "n_correct": "156.485", "ppl": "1.94", "accuracy": "86.607", "wps": "319.7", "ups": "1.77", "wpb": "180.7", "bsz": "9.9", "num_updates": "18400", "lr": "0.000284163", "gnorm": "18.251", "loss_scale": "256", "train_wall": "11", "gb_free": "75.7", "wall": "12854"}
[2026-06-13 18:47:56,713][train_inner][INFO] - {"epoch": 6, "update": 5.856, "loss": "38.558", "nll_loss": "0.917", "total": "179.465", "n_correct": "156.07", "ppl": "1.89", "accuracy": "86.964", "wps": "302", "ups": "1.68", "wpb": "179.5", "bsz": "10.3", "num_updates": "18600", "lr": "0.000275776", "gnorm": "17.448", "loss_scale": "256", "train_wall": "11", "gb_free": "75.7", "wall": "12973"}
[2026-06-13 18:49:54,404][train_inner][INFO] - {"epoch": 6, "update": 5.919, "loss": "40.643", "nll_loss": "0.908", "total": "179.14", "n_correct": "156.18", "ppl": "1.88", "accuracy": "87.183", "wps": "304.5", "ups": "1.7", "wpb": "179.1", "bsz": "9.7", "num_updates": "18800", "lr": "0.000267637", "gnorm": "18.185", "loss_scale": "256", "train_wall": "11", "gb_free": "75.7", "wall": "13090"}
[2026-06-13 18:51:44,078][train_inner][INFO] - {"epoch": 6, "update": 5.982, "loss": "44.893", "nll_loss": "0.917", "total": "175.545", "n_correct": "152.48", "ppl": "1.89", "accuracy": "86.861", "wps": "320.2", "ups": "1.82", "wpb": "175.5", "bsz": "8.7", "num_updates": "19000", "lr": "0.000259739", "gnorm": "18.989", "loss_scale": "256", "train_wall": "11", "gb_free": "75.7", "wall": "13200"}
[2026-06-13 18:52:15,871][main][INFO] - begin validation on "valid" subset
[2026-06-13 18:53:28,408][valid][INFO] - {"epoch": 6, "valid_loss": "40.257", "valid_nll_loss": "0.77", "valid_total": "178.205", "valid_n_correct": "158.047", "valid_ppl": "1.71", "valid_accuracy": "88.689", "valid_wps": "314", "valid_wpb": "178.2", "valid_bsz": "9.4", "valid_num_updates": "19056", "valid_best_accuracy": "88.689"}
[2026-06-13 18:53:28,415][fairseq.checkpoint_utils][INFO] - Preparing to save checkpoint for epoch 6 @ 19056 updates
[2026-06-13 18:53:28,415][trainer][INFO] - Saving checkpoint to checkpoints/checkpoint_best.pt
[2026-06-13 18:53:32,475][trainer][INFO] - Finished saving checkpoint to checkpoints/checkpoint_best.pt
[2026-06-13 18:53:38,194][fairseq.checkpoint_utils][INFO] - Saved checkpoint checkpoints/checkpoint_best.pt (epoch 6 @ 19056 updates, score 88.689) (writing took 9.779241911019199 seconds)
[2026-06-13 18:53:38,194][main][INFO] - end of epoch 6 (average epoch stats below)
[2026-06-13 18:53:38,215][train][INFO] - {"epoch": 6, "train_loss": "41.805", "train_nll_loss": "0.955", "train_total": "179.799", "train_n_correct": "155.247", "train_ppl": "1.94", "train_accuracy": "86.345", "train_wps": "297.4", "train_ups": "1.65", "train_wpb": "179.8", "train_bsz": "9.7", "train_num_updates": "19056", "train_lr": "0.000257569", "train_gnorm": "18.851", "train_loss_scale": "256", "train_train_wall": "180", "train_gb_free": "75.7", "train_wall": "13314"}
[2026-06-13 18:53:38,787][trainer][INFO] - begin training epoch 7
[2026-06-13 18:53:38,787][main][INFO] - Start iterating over samples
[2026-06-13 18:55:07,387][train_inner][INFO] - {"epoch": 7, "update": 6.045, "loss": "37.551", "nll_loss": "0.831", "total": "179.55", "n_correct": "158.82", "ppl": "1.78", "accuracy": "88.454", "wps": "176.6", "ups": "0.98", "wpb": "179.6", "bsz": "10.2", "num_updates": "19200", "lr": "0.000252073", "gnorm": "16.529", "loss_scale": "256", "train_wall": "12", "gb_free": "75.7", "wall": "13403"}
[2026-06-13 18:57:02,064][train_inner][INFO] - {"epoch": 7, "update": 6.108, "loss": "41.689", "nll_loss": "0.818", "total": "182.085", "n_correct": "161.415", "ppl": "1.76", "accuracy": "88.648", "wps": "317.6", "ups": "1.74", "wpb": "182.1", "bsz": "9.3", "num_updates": "19400", "lr": "0.000244633", "gnorm": "17.249", "loss_scale": "256", "train_wall": "12", "gb_free": "75.7", "wall": "13518"}
[2026-06-13 18:59:04,079][train_inner][INFO] - {"epoch": 7, "update": 6.171, "loss": "38.532", "nll_loss": "0.858", "total": "180.175", "n_correct": "158.62", "ppl": "1.81", "accuracy": "88.037", "wps": "295.4", "ups": "1.64", "wpb": "180.2", "bsz": "10.1", "num_updates": "19600", "lr": "0.000237414", "gnorm": "16.973", "loss_scale": "256", "train_wall": "12", "gb_free": "75.7", "wall": "13640"}
[2026-06-13 19:01:04,185][train_inner][INFO] - {"epoch": 7, "update": 6.234, "loss": "36.194", "nll_loss": "0.799", "total": "177.69", "n_correct": "157.87", "ppl": "1.74", "accuracy": "88.846", "wps": "295.9", "ups": "1.67", "wpb": "177.7", "bsz": "10.4", "num_updates": "19800", "lr": "0.000230407", "gnorm": "16.361", "loss_scale": "256", "train_wall": "12", "gb_free": "75.7", "wall": "13760"}
[2026-06-13 19:02:58,137][train_inner][INFO] - {"epoch": 7, "update": 6.297, "loss": "43.053", "nll_loss": "0.863", "total": "179.895", "n_correct": "158.095", "ppl": "1.82", "accuracy": "87.882", "wps": "315.8", "ups": "1.76", "wpb": "179.9", "bsz": "9.1", "num_updates": "20000", "lr": "0.000223607", "gnorm": "18.672", "loss_scale": "256", "train_wall": "12", "gb_free": "75.7", "wall": "13874"}
[2026-06-13 19:04:55,725][train_inner][INFO] - {"epoch": 7, "update": 6.36, "loss": "38.597", "nll_loss": "0.822", "total": "182.98", "n_correct": "162.45", "ppl": "1.77", "accuracy": "88.78", "wps": "311.3", "ups": "1.7", "wpb": "183", "bsz": "10.1", "num_updates": "20200", "lr": "0.000217007", "gnorm": "17.195", "loss_scale": "256", "train_wall": "12", "gb_free": "75.7", "wall": "13992"}
[2026-06-13 19:06:48,594][train_inner][INFO] - {"epoch": 7, "update": 6.423, "loss": "39.407", "nll_loss": "0.815", "total": "180.46", "n_correct": "160.285", "ppl": "1.76", "accuracy": "88.82", "wps": "319.8", "ups": "1.77", "wpb": "180.5", "bsz": "9.7", "num_updates": "20400", "lr": "0.000210603", "gnorm": "17.28", "loss_scale": "256", "train_wall": "12", "gb_free": "75.7", "wall": "14105"}
[2026-06-13 19:08:42,807][train_inner][INFO] - {"epoch": 7, "update": 6.486, "loss": "39.658", "nll_loss": "0.826", "total": "178.87", "n_correct": "158.135", "ppl": "1.77", "accuracy": "88.408", "wps": "313.2", "ups": "1.75", "wpb": "178.9", "bsz": "9.6", "num_updates": "20600", "lr": "0.000204387", "gnorm": "18.325", "loss_scale": "256", "train_wall": "11", "gb_free": "75.7", "wall": "14219"}
[2026-06-13 19:10:40,898][train_inner][INFO] - {"epoch": 7, "update": 6.549, "loss": "39.975", "nll_loss": "0.81", "total": "179.785", "n_correct": "159.345", "ppl": "1.75", "accuracy": "88.631", "wps": "304.5", "ups": "1.69", "wpb": "179.8", "bsz": "9.5", "num_updates": "20800", "lr": "0.000198355", "gnorm": "18.062", "loss_scale": "256", "train_wall": "12", "gb_free": "75.7", "wall": "14337"}
[2026-06-13 19:12:46,286][train_inner][INFO] - {"epoch": 7, "update": 6.612, "loss": "37.677", "nll_loss": "0.803", "total": "182.095", "n_correct": "161.385", "ppl": "1.75", "accuracy": "88.627", "wps": "290.5", "ups": "1.6", "wpb": "182.1", "bsz": "10.2", "num_updates": "21000", "lr": "0.000192501", "gnorm": "16.694", "loss_scale": "256", "train_wall": "12", "gb_free": "75.7", "wall": "14462"}
[2026-06-13 19:14:42,403][train_inner][INFO] - {"epoch": 7, "update": 6.675, "loss": "38.233", "nll_loss": "0.787", "total": "180.125", "n_correct": "160.715", "ppl": "1.72", "accuracy": "89.224", "wps": "310.3", "ups": "1.72", "wpb": "180.1", "bsz": "9.9", "num_updates": "21200", "lr": "0.00018682", "gnorm": "17.693", "loss_scale": "256", "train_wall": "12", "gb_free": "75.7", "wall": "14578"}
[2026-06-13 19:16:35,778][train_inner][INFO] - {"epoch": 7, "update": 6.738, "loss": "40.973", "nll_loss": "0.857", "total": "178.32", "n_correct": "157.3", "ppl": "1.81", "accuracy": "88.212", "wps": "314.6", "ups": "1.76", "wpb": "178.3", "bsz": "9.4", "num_updates": "21400", "lr": "0.000181306", "gnorm": "17.495", "loss_scale": "256", "train_wall": "12", "gb_free": "75.7", "wall": "14692"}
[2026-06-13 19:18:25,342][train_inner][INFO] - {"epoch": 7, "update": 6.801, "loss": "42.94", "nll_loss": "0.812", "total": "178.405", "n_correct": "158.44", "ppl": "1.76", "accuracy": "88.809", "wps": "325.7", "ups": "1.83", "wpb": "178.4", "bsz": "8.8", "num_updates": "21600", "lr": "0.000175955", "gnorm": "18.655", "loss_scale": "256", "train_wall": "12", "gb_free": "75.7", "wall": "14801"}
[2026-06-13 19:20:20,788][train_inner][INFO] - {"epoch": 7, "update": 6.864, "loss": "39.855", "nll_loss": "0.796", "total": "180", "n_correct": "160.405", "ppl": "1.74", "accuracy": "89.114", "wps": "311.9", "ups": "1.73", "wpb": "180", "bsz": "9.5", "num_updates": "21800", "lr": "0.000170762", "gnorm": "18.065", "loss_scale": "256", "train_wall": "12", "gb_free": "75.7", "wall": "14917"}
[2026-06-13 19:22:13,700][train_inner][INFO] - {"epoch": 7, "update": 6.927, "loss": "39.83", "nll_loss": "0.819", "total": "176.71", "n_correct": "156.69", "ppl": "1.76", "accuracy": "88.671", "wps": "313", "ups": "1.77", "wpb": "176.7", "bsz": "9.4", "num_updates": "22000", "lr": "0.000165723", "gnorm": "17.339", "loss_scale": "256", "train_wall": "12", "gb_free": "75.7", "wall": "15030"}
[2026-06-13 19:24:05,464][train_inner][INFO] - {"epoch": 7, "update": 6.99, "loss": "38.381", "nll_loss": "0.778", "total": "178.495", "n_correct": "159.615", "ppl": "1.72", "accuracy": "89.423", "wps": "319.4", "ups": "1.79", "wpb": "178.5", "bsz": "9.7", "num_updates": "22200", "lr": "0.000160832", "gnorm": "16.641", "loss_scale": "256", "train_wall": "12", "gb_free": "75.7", "wall": "15141"}
[2026-06-13 19:24:22,568][main][INFO] - end of epoch 7 (average epoch stats below)
[2026-06-13 19:24:22,578][train][INFO] - {"epoch": 7, "train_loss": "39.482", "train_nll_loss": "0.818", "train_total": "179.799", "train_n_correct": "159.446", "train_ppl": "1.76", "train_accuracy": "88.68", "train_wps": "309.6", "train_ups": "1.72", "train_wpb": "179.8", "train_bsz": "9.7", "train_num_updates": "22232", "train_lr": "0.000160063", "train_gnorm": "17.444", "train_loss_scale": "256", "train_train_wall": "187", "train_gb_free": "75.7", "train_wall": "15159"}
[2026-06-13 19:24:23,123][trainer][INFO] - begin training epoch 8
[2026-06-13 19:24:23,123][main][INFO] - Start iterating over samples
[2026-06-13 19:26:04,250][train_inner][INFO] - {"epoch": 8, "update": 7.053, "loss": "39.96", "nll_loss": "0.733", "total": "183.345", "n_correct": "164.995", "ppl": "1.66", "accuracy": "89.992", "wps": "308.7", "ups": "1.68", "wpb": "183.3", "bsz": "9.4", "num_updates": "22400", "lr": "0.000156085", "gnorm": "16.716", "loss_scale": "256", "train_wall": "12", "gb_free": "75.7", "wall": "15260"}
[2026-06-13 19:28:00,222][train_inner][INFO] - {"epoch": 8, "update": 7.116, "loss": "38.326", "nll_loss": "0.744", "total": "179.435", "n_correct": "161.43", "ppl": "1.67", "accuracy": "89.966", "wps": "309.5", "ups": "1.72", "wpb": "179.4", "bsz": "9.7", "num_updates": "22600", "lr": "0.000151479", "gnorm": "16.653", "loss_scale": "256", "train_wall": "12", "gb_free": "75.7", "wall": "15376"}
[2026-06-13 19:29:58,457][train_inner][INFO] - {"epoch": 8, "update": 7.179, "loss": "36.989", "nll_loss": "0.759", "total": "181.61", "n_correct": "163.04", "ppl": "1.69", "accuracy": "89.775", "wps": "307.2", "ups": "1.69", "wpb": "181.6", "bsz": "10.2", "num_updates": "22800", "lr": "0.000147008", "gnorm": "16.795", "loss_scale": "256", "train_wall": "12", "gb_free": "75.7", "wall": "15494"}
[2026-06-13 19:31:51,527][train_inner][INFO] - {"epoch": 8, "update": 7.242, "loss": "41.079", "nll_loss": "0.701", "total": "180.78", "n_correct": "163.875", "ppl": "1.63", "accuracy": "90.649", "wps": "319.8", "ups": "1.77", "wpb": "180.8", "bsz": "8.9", "num_updates": "23000", "lr": "0.000142669", "gnorm": "17.087", "loss_scale": "256", "train_wall": "12", "gb_free": "75.7", "wall": "15607"}
[2026-06-13 19:33:44,076][train_inner][INFO] - {"epoch": 8, "update": 7.305, "loss": "37.033", "nll_loss": "0.697", "total": "176.93", "n_correct": "160.76", "ppl": "1.62", "accuracy": "90.861", "wps": "314.5", "ups": "1.78", "wpb": "176.9", "bsz": "9.7", "num_updates": "23200", "lr": "0.000138459", "gnorm": "16.139", "loss_scale": "256", "train_wall": "12", "gb_free": "75.7", "wall": "15720"}
[2026-06-13 19:35:29,913][train_inner][INFO] - {"epoch": 8, "update": 7.368, "loss": "35.911", "nll_loss": "0.732", "total": "179.45", "n_correct": "161.77", "ppl": "1.66", "accuracy": "90.148", "wps": "339.1", "ups": "1.89", "wpb": "179.4", "bsz": "10.2", "num_updates": "23400", "lr": "0.000134372", "gnorm": "15.12", "loss_scale": "256", "train_wall": "11", "gb_free": "75.7", "wall": "15826"}
[2026-06-13 19:37:10,730][train_inner][INFO] - {"epoch": 8, "update": 7.431, "loss": "37.573", "nll_loss": "0.717", "total": "175.58", "n_correct": "158.85", "ppl": "1.64", "accuracy": "90.472", "wps": "348.4", "ups": "1.98", "wpb": "175.6", "bsz": "9.5", "num_updates": "23600", "lr": "0.000130407", "gnorm": "16.249", "loss_scale": "256", "train_wall": "11", "gb_free": "75.7", "wall": "15927"}
[2026-06-13 19:39:06,883][train_inner][INFO] - {"epoch": 8, "update": 7.494, "loss": "38.304", "nll_loss": "0.744", "total": "179.02", "n_correct": "161.23", "ppl": "1.68", "accuracy": "90.063", "wps": "308.3", "ups": "1.72", "wpb": "179", "bsz": "9.6", "num_updates": "23800", "lr": "0.000126558", "gnorm": "16.481", "loss_scale": "256", "train_wall": "12", "gb_free": "75.7", "wall": "16043"}
[2026-06-13 19:41:01,266][train_inner][INFO] - {"epoch": 8, "update": 7.557, "loss": "39.31", "nll_loss": "0.668", "total": "181.39", "n_correct": "165.18", "ppl": "1.59", "accuracy": "91.063", "wps": "317.2", "ups": "1.75", "wpb": "181.4", "bsz": "9.2", "num_updates": "24000", "lr": "0.000122823", "gnorm": "17.325", "loss_scale": "256", "train_wall": "12", "gb_free": "75.7", "wall": "16157"}
[2026-06-13 19:41:02,004][trainer][INFO] - NOTE: gradient overflow detected, ignoring gradient, setting loss scale to: 128.0
[2026-06-13 19:41:02,331][trainer][INFO] - NOTE: gradient overflow detected, ignoring gradient, setting loss scale to: 64.0
[2026-06-13 19:41:02,836][trainer][INFO] - NOTE: gradient overflow detected, ignoring gradient, setting loss scale to: 32.0
[2026-06-13 19:43:03,942][train_inner][INFO] - {"epoch": 8, "update": 7.621, "loss": "37.678", "nll_loss": "0.769", "total": "179.185", "n_correct": "160.41", "ppl": "1.7", "accuracy": "89.522", "wps": "292.2", "ups": "1.63", "wpb": "179.2", "bsz": "9.9", "num_updates": "24200", "lr": "0.000119198", "gnorm": "101.879", "loss_scale": "32", "train_wall": "21", "gb_free": "74", "wall": "16280"}
[2026-06-13 19:45:00,535][train_inner][INFO] - {"epoch": 8, "update": 7.684, "loss": "37.042", "nll_loss": "0.699", "total": "181.41", "n_correct": "164.36", "ppl": "1.62", "accuracy": "90.601", "wps": "311.3", "ups": "1.72", "wpb": "181.4", "bsz": "9.9", "num_updates": "24400", "lr": "0.00011568", "gnorm": "73.837", "loss_scale": "32", "train_wall": "18", "gb_free": "73.4", "wall": "16396"}
[2026-06-13 19:46:57,059][train_inner][INFO] - {"epoch": 8, "update": 7.747, "loss": "39.538", "nll_loss": "0.737", "total": "180.245", "n_correct": "161.875", "ppl": "1.67", "accuracy": "89.808", "wps": "309.4", "ups": "1.72", "wpb": "180.2", "bsz": "9.4", "num_updates": "24600", "lr": "0.000112266", "gnorm": "82.481", "loss_scale": "32", "train_wall": "17", "gb_free": "73.5", "wall": "16513"}
[2026-06-13 19:48:54,325][train_inner][INFO] - {"epoch": 8, "update": 7.81, "loss": "38.037", "nll_loss": "0.72", "total": "179.265", "n_correct": "161.44", "ppl": "1.65", "accuracy": "90.057", "wps": "305.8", "ups": "1.71", "wpb": "179.3", "bsz": "9.6", "num_updates": "24800", "lr": "0.000108953", "gnorm": "79.159", "loss_scale": "32", "train_wall": "17", "gb_free": "73.6", "wall": "16630"}
[2026-06-13 19:50:53,426][train_inner][INFO] - {"epoch": 8, "update": 7.872, "loss": "35.397", "nll_loss": "0.752", "total": "180.045", "n_correct": "161.42", "ppl": "1.68", "accuracy": "89.655", "wps": "302.4", "ups": "1.68", "wpb": "180", "bsz": "10.5", "num_updates": "25000", "lr": "0.000105737", "gnorm": "78.918", "loss_scale": "32", "train_wall": "17", "gb_free": "74", "wall": "16749"}
[2026-06-13 19:52:46,315][train_inner][INFO] - {"epoch": 8, "update": 7.935, "loss": "38.489", "nll_loss": "0.719", "total": "181.265", "n_correct": "163.545", "ppl": "1.65", "accuracy": "90.224", "wps": "321.2", "ups": "1.77", "wpb": "181.3", "bsz": "9.6", "num_updates": "25200", "lr": "0.000102617", "gnorm": "76.299", "loss_scale": "32", "train_wall": "17", "gb_free": "74", "wall": "16862"}
[2026-06-13 19:54:36,091][train_inner][INFO] - {"epoch": 8, "update": 7.998, "loss": "38.065", "nll_loss": "0.733", "total": "177.69", "n_correct": "159.92", "ppl": "1.66", "accuracy": "89.999", "wps": "323.8", "ups": "1.82", "wpb": "177.7", "bsz": "9.6", "num_updates": "25400", "lr": "9.9588e-05", "gnorm": "72.522", "loss_scale": "32", "train_wall": "17", "gb_free": "73.7", "wall": "16972"}
[2026-06-13 19:54:39,094][main][INFO] - begin validation on "valid" subset
[2026-06-13 19:55:46,278][valid][INFO] - {"epoch": 8, "valid_loss": "38.365", "valid_nll_loss": "0.673", "valid_total": "178.205", "valid_n_correct": "161.26", "valid_ppl": "1.59", "valid_accuracy": "90.491", "valid_wps": "338.9", "valid_wpb": "178.2", "valid_bsz": "9.4", "valid_num_updates": "25405", "valid_best_accuracy": "90.491"}
[2026-06-13 19:55:46,280][fairseq.checkpoint_utils][INFO] - Preparing to save checkpoint for epoch 8 @ 25405 updates
[2026-06-13 19:55:46,280][trainer][INFO] - Saving checkpoint to checkpoints/checkpoint_best.pt
[2026-06-13 19:55:50,411][trainer][INFO] - Finished saving checkpoint to checkpoints/checkpoint_best.pt
[2026-06-13 19:55:55,862][fairseq.checkpoint_utils][INFO] - Saved checkpoint checkpoints/checkpoint_best.pt (epoch 8 @ 25405 updates, score 90.491) (writing took 9.582214241032489 seconds)
[2026-06-13 19:55:55,862][main][INFO] - end of epoch 8 (average epoch stats below)
[2026-06-13 19:55:55,873][train][INFO] - {"epoch": 8, "train_loss": "37.901", "train_nll_loss": "0.725", "train_total": "179.79", "train_n_correct": "162.166", "train_ppl": "1.65", "train_accuracy": "90.198", "train_wps": "301.3", "train_ups": "1.68", "train_wpb": "179.8", "train_bsz": "9.7", "train_num_updates": "25405", "train_lr": "9.95134e-05", "train_gnorm": "44.909", "train_loss_scale": "32", "train_train_wall": "229", "train_gb_free": "73.7", "train_wall": "17052"}
[2026-06-13 19:55:56,394][trainer][INFO] - begin training epoch 9
[2026-06-13 19:55:56,394][main][INFO] - Start iterating over samples
[2026-06-13 19:57:43,466][train_inner][INFO] - {"epoch": 9, "update": 8.061, "loss": "38.129", "nll_loss": "0.613", "total": "179.28", "n_correct": "164.87", "ppl": "1.53", "accuracy": "91.962", "wps": "191.4", "ups": "1.07", "wpb": "179.3", "bsz": "9.2", "num_updates": "25600", "lr": "9.66488e-05", "gnorm": "65.46", "loss_scale": "32", "train_wall": "17", "gb_free": "73.8", "wall": "17159"}
[2026-06-13 19:59:42,210][train_inner][INFO] - {"epoch": 9, "update": 8.124, "loss": "36.145", "nll_loss": "0.63", "total": "178.775", "n_correct": "163.965", "ppl": "1.55", "accuracy": "91.716", "wps": "301.2", "ups": "1.68", "wpb": "178.8", "bsz": "9.7", "num_updates": "25800", "lr": "9.37964e-05", "gnorm": "67.976", "loss_scale": "32", "train_wall": "17", "gb_free": "73.6", "wall": "17278"}
[2026-06-13 20:01:43,032][train_inner][INFO] - {"epoch": 9, "update": 8.187, "loss": "35.524", "nll_loss": "0.63", "total": "179.53", "n_correct": "164.73", "ppl": "1.55", "accuracy": "91.756", "wps": "297.2", "ups": "1.66", "wpb": "179.5", "bsz": "9.9", "num_updates": "26000", "lr": "9.10282e-05", "gnorm": "60.511", "loss_scale": "32", "train_wall": "17", "gb_free": "73.8", "wall": "17399"}
[2026-06-13 20:03:35,600][train_inner][INFO] - {"epoch": 9, "update": 8.25, "loss": "36.148", "nll_loss": "0.61", "total": "176.115", "n_correct": "161.895", "ppl": "1.53", "accuracy": "91.926", "wps": "312.9", "ups": "1.78", "wpb": "176.1", "bsz": "9.5", "num_updates": "26200", "lr": "8.83417e-05", "gnorm": "63.282", "loss_scale": "32", "train_wall": "17", "gb_free": "74", "wall": "17512"}
[2026-06-13 20:05:31,226][train_inner][INFO] - {"epoch": 9, "update": 8.313, "loss": "35.682", "nll_loss": "0.618", "total": "180.37", "n_correct": "165.59", "ppl": "1.53", "accuracy": "91.806", "wps": "312", "ups": "1.73", "wpb": "180.4", "bsz": "9.8", "num_updates": "26400", "lr": "8.57345e-05", "gnorm": "64.119", "loss_scale": "32", "train_wall": "17", "gb_free": "74.7", "wall": "17627"}
[2026-06-13 20:07:31,679][train_inner][INFO] - {"epoch": 9, "update": 8.376, "loss": "34.883", "nll_loss": "0.615", "total": "181.005", "n_correct": "166.365", "ppl": "1.53", "accuracy": "91.912", "wps": "300.6", "ups": "1.66", "wpb": "181", "bsz": "10.1", "num_updates": "26600", "lr": "8.32042e-05", "gnorm": "60.511", "loss_scale": "32", "train_wall": "17", "gb_free": "73.8", "wall": "17748"}
[2026-06-13 20:09:26,194][train_inner][INFO] - {"epoch": 9, "update": 8.439, "loss": "36.914", "nll_loss": "0.634", "total": "177.355", "n_correct": "162.685", "ppl": "1.55", "accuracy": "91.728", "wps": "309.8", "ups": "1.75", "wpb": "177.4", "bsz": "9.4", "num_updates": "26800", "lr": "8.07486e-05", "gnorm": "64.872", "loss_scale": "32", "train_wall": "17", "gb_free": "73.6", "wall": "17862"}
[2026-06-13 20:11:20,776][train_inner][INFO] - {"epoch": 9, "update": 8.502, "loss": "37.204", "nll_loss": "0.628", "total": "178.47", "n_correct": "163.48", "ppl": "1.55", "accuracy": "91.601", "wps": "311.5", "ups": "1.75", "wpb": "178.5", "bsz": "9.4", "num_updates": "27000", "lr": "7.83654e-05", "gnorm": "63.805", "loss_scale": "32", "train_wall": "17", "gb_free": "73.8", "wall": "17977"}
[2026-06-13 20:13:20,185][train_inner][INFO] - {"epoch": 9, "update": 8.565, "loss": "35.151", "nll_loss": "0.633", "total": "181.27", "n_correct": "166.485", "ppl": "1.55", "accuracy": "91.844", "wps": "303.6", "ups": "1.68", "wpb": "181.3", "bsz": "10.1", "num_updates": "27200", "lr": "7.60526e-05", "gnorm": "63.547", "loss_scale": "32", "train_wall": "17", "gb_free": "74.7", "wall": "18096"}
[2026-06-13 20:15:20,433][train_inner][INFO] - {"epoch": 9, "update": 8.628, "loss": "33.708", "nll_loss": "0.629", "total": "181.19", "n_correct": "166.355", "ppl": "1.55", "accuracy": "91.812", "wps": "301.4", "ups": "1.66", "wpb": "181.2", "bsz": "10.5", "num_updates": "27400", "lr": "7.38081e-05", "gnorm": "58.939", "loss_scale": "32", "train_wall": "17", "gb_free": "74", "wall": "18216"}
[2026-06-13 20:17:12,987][train_inner][INFO] - {"epoch": 9, "update": 8.691, "loss": "38.705", "nll_loss": "0.616", "total": "180.09", "n_correct": "165.385", "ppl": "1.53", "accuracy": "91.835", "wps": "320", "ups": "1.78", "wpb": "180.1", "bsz": "9.1", "num_updates": "27600", "lr": "7.16298e-05", "gnorm": "64.193", "loss_scale": "32", "train_wall": "17", "gb_free": "73.5", "wall": "18329"}
[2026-06-13 20:19:14,528][train_inner][INFO] - {"epoch": 9, "update": 8.754, "loss": "34.201", "nll_loss": "0.621", "total": "180.775", "n_correct": "166.105", "ppl": "1.54", "accuracy": "91.885", "wps": "297.5", "ups": "1.65", "wpb": "180.8", "bsz": "10.3", "num_updates": "27800", "lr": "6.95158e-05", "gnorm": "60.963", "loss_scale": "32", "train_wall": "17", "gb_free": "73.6", "wall": "18450"}
[2026-06-13 20:21:10,462][train_inner][INFO] - {"epoch": 9, "update": 8.817, "loss": "35.766", "nll_loss": "0.637", "total": "181.72", "n_correct": "166.485", "ppl": "1.56", "accuracy": "91.616", "wps": "313.5", "ups": "1.73", "wpb": "181.7", "bsz": "10", "num_updates": "28000", "lr": "6.74641e-05", "gnorm": "64.622", "loss_scale": "32", "train_wall": "17", "gb_free": "73.6", "wall": "18566"}
[2026-06-13 20:22:55,545][train_inner][INFO] - {"epoch": 9, "update": 8.88, "loss": "34.559", "nll_loss": "0.607", "total": "178.56", "n_correct": "164.41", "ppl": "1.52", "accuracy": "92.075", "wps": "339.9", "ups": "1.9", "wpb": "178.6", "bsz": "10", "num_updates": "28200", "lr": "6.54731e-05", "gnorm": "59.232", "loss_scale": "32", "train_wall": "17", "gb_free": "74", "wall": "18671"}
[2026-06-13 20:24:35,731][train_inner][INFO] - {"epoch": 9, "update": 8.943, "loss": "37.902", "nll_loss": "0.59", "total": "182.72", "n_correct": "168.87", "ppl": "1.5", "accuracy": "92.42", "wps": "364.8", "ups": "2", "wpb": "182.7", "bsz": "9.3", "num_updates": "28400", "lr": "6.35408e-05", "gnorm": "60.467", "loss_scale": "32", "train_wall": "17", "gb_free": "73.5", "wall": "18772"}
[2026-06-13 20:26:19,620][main][INFO] - end of epoch 9 (average epoch stats below)
[2026-06-13 20:26:19,632][train][INFO] - {"epoch": 9, "train_loss": "36.167", "train_nll_loss": "0.622", "train_total": "179.799", "train_n_correct": "165.134", "train_ppl": "1.54", "train_accuracy": "91.843", "train_wps": "313.1", "train_ups": "1.74", "train_wpb": "179.8", "train_bsz": "9.7", "train_num_updates": "28581", "train_lr": "6.18412e-05", "train_gnorm": "63.045", "train_loss_scale": "32", "train_train_wall": "272", "train_gb_free": "73.4", "train_wall": "18876"}
[2026-06-13 20:26:20,155][trainer][INFO] - begin training epoch 10
[2026-06-13 20:26:20,156][main][INFO] - Start iterating over samples
[2026-06-13 20:26:31,795][train_inner][INFO] - {"epoch": 10, "update": 9.006, "loss": "39.043", "nll_loss": "0.624", "total": "179.855", "n_correct": "165.045", "ppl": "1.54", "accuracy": "91.766", "wps": "310", "ups": "1.72", "wpb": "179.9", "bsz": "9", "num_updates": "28600", "lr": "6.16655e-05", "gnorm": "65.471", "loss_scale": "32", "train_wall": "18", "gb_free": "73.8", "wall": "18888"}
[2026-06-13 20:28:32,193][train_inner][INFO] - {"epoch": 10, "update": 9.069, "loss": "34.124", "nll_loss": "0.524", "total": "183.5", "n_correct": "171.87", "ppl": "1.44", "accuracy": "93.662", "wps": "304.9", "ups": "1.66", "wpb": "183.5", "bsz": "10", "num_updates": "28800", "lr": "5.98455e-05", "gnorm": "47.828", "loss_scale": "32", "train_wall": "18", "gb_free": "73.9", "wall": "19008"}
[2026-06-13 20:30:28,357][train_inner][INFO] - {"epoch": 10, "update": 9.132, "loss": "35.183", "nll_loss": "0.535", "total": "176.545", "n_correct": "165.12", "ppl": "1.45", "accuracy": "93.529", "wps": "304", "ups": "1.72", "wpb": "176.5", "bsz": "9.4", "num_updates": "29000", "lr": "5.80793e-05", "gnorm": "50.725", "loss_scale": "32", "train_wall": "17", "gb_free": "74.1", "wall": "19124"}
[2026-06-13 20:32:23,481][train_inner][INFO] - {"epoch": 10, "update": 9.195, "loss": "35.679", "nll_loss": "0.547", "total": "179.705", "n_correct": "167.605", "ppl": "1.46", "accuracy": "93.267", "wps": "312.2", "ups": "1.74", "wpb": "179.7", "bsz": "9.5", "num_updates": "29200", "lr": "5.63652e-05", "gnorm": "54.038", "loss_scale": "32", "train_wall": "17", "gb_free": "74.5", "wall": "19239"}
[2026-06-13 20:34:17,316][train_inner][INFO] - {"epoch": 10, "update": 9.258, "loss": "35.975", "nll_loss": "0.525", "total": "178.255", "n_correct": "166.96", "ppl": "1.44", "accuracy": "93.664", "wps": "313.2", "ups": "1.76", "wpb": "178.3", "bsz": "9.2", "num_updates": "29400", "lr": "5.47017e-05", "gnorm": "48.308", "loss_scale": "32", "train_wall": "18", "gb_free": "73.7", "wall": "19353"}
[2026-06-13 20:36:15,688][train_inner][INFO] - {"epoch": 10, "update": 9.321, "loss": "35.761", "nll_loss": "0.529", "total": "181.02", "n_correct": "169.345", "ppl": "1.44", "accuracy": "93.55", "wps": "305.9", "ups": "1.69", "wpb": "181", "bsz": "9.5", "num_updates": "29600", "lr": "5.30873e-05", "gnorm": "49.751", "loss_scale": "32", "train_wall": "17", "gb_free": "74.9", "wall": "19472"}
[2026-06-13 20:38:20,772][train_inner][INFO] - {"epoch": 10, "update": 9.384, "loss": "32.78", "nll_loss": "0.552", "total": "182.265", "n_correct": "169.805", "ppl": "1.47", "accuracy": "93.164", "wps": "291.5", "ups": "1.6", "wpb": "182.3", "bsz": "10.5", "num_updates": "29800", "lr": "5.15205e-05", "gnorm": "51.102", "loss_scale": "32", "train_wall": "17", "gb_free": "73.7", "wall": "19597"}
[2026-06-13 20:40:19,926][train_inner][INFO] - {"epoch": 10, "update": 9.447, "loss": "34.119", "nll_loss": "0.518", "total": "179.715", "n_correct": "168.685", "ppl": "1.43", "accuracy": "93.863", "wps": "301.7", "ups": "1.68", "wpb": "179.7", "bsz": "9.8", "num_updates": "30000", "lr": "5e-05", "gnorm": "48.8", "loss_scale": "32", "train_wall": "17", "gb_free": "73.6", "wall": "19716"}
[2026-06-13 20:40:19,926][main][INFO] - Stopping training due to num_updates: 30000 >= max_update: 30000
[2026-06-13 20:40:19,927][main][INFO] - begin validation on "valid" subset
[2026-06-13 20:41:21,236][valid][INFO] - {"epoch": 10, "valid_loss": "37.295", "valid_nll_loss": "0.626", "valid_total": "178.205", "valid_n_correct": "162.835", "valid_ppl": "1.54", "valid_accuracy": "91.375", "valid_wps": "372.3", "valid_wpb": "178.2", "valid_bsz": "9.4", "valid_num_updates": "30000", "valid_best_accuracy": "91.375"}
[2026-06-13 20:41:21,237][fairseq.checkpoint_utils][INFO] - Preparing to save checkpoint for epoch 10 @ 30000 updates
[2026-06-13 20:41:21,238][trainer][INFO] - Saving checkpoint to checkpoints/checkpoint_best.pt
[2026-06-13 20:41:25,421][trainer][INFO] - Finished saving checkpoint to checkpoints/checkpoint_best.pt
[2026-06-13 20:41:31,057][fairseq.checkpoint_utils][INFO] - Saved checkpoint checkpoints/checkpoint_best.pt (epoch 10 @ 30000 updates, score 91.375) (writing took 9.820048375986516 seconds)
[2026-06-13 20:41:31,058][main][INFO] - end of epoch 10 (average epoch stats below)
[2026-06-13 20:41:31,068][train][INFO] - {"epoch": 10, "train_loss": "34.771", "train_nll_loss": "0.533", "train_total": "180.173", "train_n_correct": "168.512", "train_ppl": "1.45", "train_accuracy": "93.527", "train_wps": "280.5", "train_ups": "1.56", "train_wpb": "180.2", "train_bsz": "9.7", "train_num_updates": "30000", "train_lr": "5e-05", "train_gnorm": "50.109", "train_loss_scale": "32", "train_train_wall": "124", "train_gb_free": "73.6", "train_wall": "19787"}
[2026-06-13 20:41:31,069][main][INFO] - done training in 19786.2 seconds
