/base/project/AudioVideo2Txt/main.py:27: UserWarning: 
The version_base parameter is not specified.
Please specify a compatability version level, or None.
Will assume defaults for version 1.1
  @hydra.main(config_path="configs", config_name="video2text")
/opt/conda/envs/rzd/lib/python3.10/site-packages/hydra/core/default_element.py:124: UserWarning: In 'audiovideo2text.yaml': Usage of deprecated keyword in package header '# @package _group_'.
See https://hydra.cc/docs/1.2/upgrades/1.0_to_1.1/changes_to_package_header for more information
  deprecation_warning(
sys:1: UserWarning: 
'audiovideo2text.yaml' is validated against ConfigStore schema with the same name.
This behavior is deprecated in Hydra 1.1 and will be removed in Hydra 1.2.
See https://hydra.cc/docs/1.2/upgrades/1.0_to_1.1/automatic_schema_matching for migration instructions.
/opt/conda/envs/rzd/lib/python3.10/site-packages/hydra/main.py:94: UserWarning: 
'audiovideo2text.yaml' is validated against ConfigStore schema with the same name.
This behavior is deprecated in Hydra 1.1 and will be removed in Hydra 1.2.
See https://hydra.cc/docs/1.2/upgrades/1.0_to_1.1/automatic_schema_matching for migration instructions.
  _run_hydra(
/opt/conda/envs/rzd/lib/python3.10/site-packages/hydra/_internal/hydra.py:119: UserWarning: Future Hydra versions will no longer change working directory at job runtime by default.
See https://hydra.cc/docs/1.2/upgrades/1.1_to_1.2/changes_to_job_working_dir/ for more information.
  ret = run_job(
[2026-06-13 20:24:43,461][main][INFO] - {'_name': None, 'common': {'_name': None, 'no_progress_bar': False, 'log_interval': 200, 'log_format': json, 'log_file': None, 'tensorboard_logdir': 'tblog', 'wandb_project': None, 'azureml_logging': False, 'seed': 1337, 'cpu': False, 'tpu': False, 'bf16': False, 'memory_efficient_bf16': False, 'fp16': True, 'memory_efficient_fp16': False, 'fp16_no_flatten_grads': False, 'fp16_init_scale': 128, 'fp16_scale_window': None, 'fp16_scale_tolerance': 0.0, 'on_cpu_convert_precision': False, 'min_loss_scale': 0.0001, 'threshold_loss_scale': None, 'amp': False, 'amp_batch_retries': 2, 'amp_init_scale': 128, 'amp_scale_window': None, 'user_dir': '/base/project/AudioVideo2Txt', 'empty_cache_freq': 0, 'all_gather_list_size': 16384, 'model_parallel_size': 1, 'quantization_config_path': None, 'profile': False, 'reset_logging': False, 'suppress_crashes': False, 'use_plasma_view': False, 'plasma_path': '/tmp/plasma'}, 'common_eval': {'_name': None, 'path': None, 'post_process': None, 'quiet': False, 'model_overrides': '{}', 'results_path': None}, 'distributed_training': {'_name': None, 'distributed_world_size': 1, 'distributed_num_procs': 1, 'distributed_rank': 0, 'distributed_backend': 'nccl', 'distributed_init_method': None, 'distributed_port': -1, 'device_id': 0, 'distributed_no_spawn': False, 'ddp_backend': c10d, 'ddp_comm_hook': none, 'bucket_cap_mb': 25, 'fix_batches_to_gpus': False, 'find_unused_parameters': True, 'fast_stat_sync': False, 'heartbeat_timeout': -1, 'broadcast_buffers': False, 'slowmo_momentum': None, 'slowmo_algorithm': 'LocalSGD', 'localsgd_frequency': 3, 'nprocs_per_node': 1, 'pipeline_model_parallel': False, 'pipeline_balance': None, 'pipeline_devices': None, 'pipeline_chunks': 0, 'pipeline_encoder_balance': None, 'pipeline_encoder_devices': None, 'pipeline_decoder_balance': None, 'pipeline_decoder_devices': None, 'pipeline_checkpoint': never, 'zero_sharding': none, 'fp16': '${common.fp16}', 'memory_efficient_fp16': '${common.memory_efficient_fp16}', 'tpu': '${common.tpu}', 'no_reshard_after_forward': False, 'fp32_reduce_scatter': False, 'cpu_offload': False, 'use_sharded_state': False}, 'dataset': {'_name': None, 'num_workers': 0, 'skip_invalid_size_inputs_valid_test': False, 'max_tokens': 1000, 'batch_size': None, 'required_batch_size_multiple': 8, 'required_seq_len_multiple': 1, 'dataset_impl': None, 'data_buffer_size': 10, 'train_subset': 'train', 'valid_subset': 'valid', 'combine_valid_subsets': None, 'ignore_unused_valid_subsets': False, 'validate_interval': 2, 'validate_interval_updates': 0, 'validate_after_updates': 0, 'fixed_validation_seed': None, 'disable_validation': False, 'max_tokens_valid': '${dataset.max_tokens}', 'batch_size_valid': '${dataset.batch_size}', 'max_valid_steps': None, 'curriculum': 0, 'gen_subset': 'test', 'num_shards': 1, 'shard_id': 0}, 'optimization': {'_name': None, 'max_epoch': 0, 'max_update': 30000, 'stop_time_hours': 0.0, 'clip_norm': 0.0, 'sentence_avg': True, 'update_freq': [1], 'lr': [0.001], 'stop_min_lr': -1.0, 'use_bmuf': False}, 'checkpoint': {'_name': None, 'save_dir': 'checkpoints', 'restore_file': 'checkpoint_last.pt', 'finetune_from_model': None, 'reset_dataloader': False, 'reset_lr_scheduler': False, 'reset_meters': False, 'reset_optimizer': False, 'optimizer_overrides': '{}', 'save_interval': 2, 'save_interval_updates': 0, 'keep_interval_updates': 1, 'keep_interval_updates_pattern': -1, 'keep_last_epochs': -1, 'keep_best_checkpoints': -1, 'no_save': False, 'no_epoch_checkpoints': True, 'no_last_checkpoints': False, 'no_save_optimizer_state': False, 'best_checkpoint_metric': 'accuracy', 'maximize_best_checkpoint_metric': True, 'patience': -1, 'checkpoint_suffix': '', 'checkpoint_shard_count': 1, 'load_checkpoint_on_all_dp_ranks': False, 'write_checkpoints_asynchronously': False, 'model_parallel_size': '${common.model_parallel_size}'}, 'bmuf': {'_name': None, 'block_lr': 1.0, 'block_momentum': 0.875, 'global_sync_iter': 50, 'warmup_iterations': 500, 'use_nbm': False, 'average_sync': False, 'distributed_world_size': '${distributed_training.distributed_world_size}'}, 'generation': {'_name': None, 'beam': 5, 'nbest': 1, 'max_len_a': 0.0, 'max_len_b': 200, 'min_len': 1, 'match_source_len': False, 'unnormalized': False, 'no_early_stop': False, 'no_beamable_mm': False, 'lenpen': 1.0, 'unkpen': 0.0, 'replace_unk': None, 'sacrebleu': False, 'score_reference': False, 'prefix_size': 0, 'no_repeat_ngram_size': 0, 'sampling': False, 'sampling_topk': -1, 'sampling_topp': -1.0, 'constraints': None, 'temperature': 1.0, 'diverse_beam_groups': -1, 'diverse_beam_strength': 0.5, 'diversity_rate': -1.0, 'print_alignment': None, 'print_step': False, 'lm_path': None, 'lm_weight': 0.0, 'iter_decode_eos_penalty': 0.0, 'iter_decode_max_iter': 10, 'iter_decode_force_max_iter': False, 'iter_decode_with_beam': 1, 'iter_decode_with_external_reranker': False, 'retain_iter_history': False, 'retain_dropout': False, 'retain_dropout_modules': None, 'decoding_format': None, 'no_seed_provided': False}, 'eval_lm': {'_name': None, 'output_word_probs': False, 'output_word_stats': False, 'context_window': 0, 'softmax_batch': 9223372036854775807}, 'interactive': {'_name': None, 'buffer_size': 0, 'input': '-'}, 'task': {'_name': 'av_hubert_pretraining', 'data': '/data2/final_project_data/30h_data', 'labels': ['wrd'], 'label_dir': '/data2/final_project_data/30h_data', 'label_rate': -1, 'sample_rate': 16000, 'normalize': True, 'enable_padding': False, 'max_sample_size': 500, 'min_sample_size': None, 'max_trim_sample_size': '${task.max_sample_size}', 'single_target': True, 'random_crop': False, 'pad_audio': True, 'pdb': False, 'stack_order_audio': 4, 'skip_verify': False, 'image_aug': True, 'image_crop_size': 88, 'image_mean': 0.421, 'image_std': 0.165, 'modalities': ['video', 'audio'], 'is_s2s': True, 'tokenizer_bpe_name': 'sentencepiece', 'tokenizer_bpe_model': '/data2/final_project_data/spm1000/spm_unigram1000.model', 'fine_tuning': True}, 'model': {'_name': 'av_hubert_seq2seq', 'pretrained_path': '/data2/final_project_ckpt/pretrained_model.pth', 'apply_mask': False, 'mask_selection': 'static', 'mask_length': 10, 'mask_other': 0, 'mask_prob': 0.75, 'mask_channel_selection': 'static', 'mask_channel_length': 64, 'mask_channel_other': 0, 'mask_channel_prob': 0.5, 'layerdrop': 0.1, 'dropout': 0.0, 'activation_dropout': 0.1, 'attention_dropout': 0.0, 'feature_grad_mult': 1.0, 'modality_fuse': 'concat', 'modality_dropout': 0.02, 'audio_dropout': 0.2, 'modality_dropout_mode': 'span', 'modality_dropout_span_min': 10, 'modality_dropout_span_max': 30, 'decoder_layers': 6, 'decoder_dropout': 0.1, 'decoder_attention_dropout': 0.0, 'decoder_activation_dropout': 0.1, 'freeze_finetune_updates': 24000, 'share_decoder_input_output_embed': True, 'decoder_normalize_before': True}, 'criterion': {'_name': 'label_smoothed_cross_entropy', 'report_accuracy': True, 'label_smoothing': 0.1, 'focal_gamma': 0.0, 'confidence_penalty': 0.0, 'ignore_prefix_size': 0, 'sentence_avg': '${optimization.sentence_avg}'}, 'optimizer': {'_name': 'adam', 'adam_betas': '(0.9,0.98)', 'adam_eps': 1e-08, 'weight_decay': 0.0, "use_old_adam'": False, 'tpu': '${common.tpu}', 'lr': '${optimization.lr}'}, 'lr_scheduler': {'_name': 'tri_stage', 'warmup_steps': 10000, 'hold_steps': 0, 'decay_steps': 20000, 'final_lr_scale': 0.05, 'phase_ratio': '???', 'init_lr_scale': 0.01, 'max_update': '${optimization.max_update}', 'lr': '${optimization.lr}'}, 'scoring': None, 'bpe': None, 'tokenizer': None}
[2026-06-13 20:24:44,228][models.encoder_backbone][INFO] - EncoderBackbone Config: {'_name': 'av_hubert', 'label_rate': 25, 'input_modality': '${task.input_modality}', 'extractor_mode': default, 'encoder_layers': 12, 'encoder_embed_dim': 768, 'encoder_ffn_embed_dim': 3072, 'encoder_attention_heads': 12, 'activation_fn': gelu, 'dropout': 0.0, 'attention_dropout': 0.0, 'activation_dropout': 0.1, 'encoder_layerdrop': 0.1, 'dropout_input': 0.0, 'dropout_features': 0.1, 'final_dim': 256, 'untie_final_proj': True, 'layer_norm_first': True, 'conv_feature_layers': '[(512,10,5)] + [(512,3,2)] * 4 + [(512,2,2)] * 2', 'conv_bias': False, 'logit_temp': 0.1, 'target_glu': False, 'feature_grad_mult': 1.0, 'mask_length_audio': 10, 'mask_prob_audio': 0.8, 'mask_length_image': 5, 'mask_prob_image': 0.3, 'mask_selection': static, 'mask_other': 0.0, 'no_mask_overlap': False, 'mask_min_space': 1, 'mask_channel_length': 64, 'mask_channel_prob': 0.5, 'mask_channel_selection': static, 'mask_channel_other': 0.0, 'no_mask_channel_overlap': False, 'mask_channel_min_space': 1, 'conv_pos': 128, 'conv_pos_groups': 16, 'latent_temp': [2.0, 0.5, 0.999995], 'skip_masked': False, 'skip_nomask': False, 'resnet_relu_type': 'prelu', 'resnet_weights': None, 'sim_type': 'cosine', 'sub_encoder_layers': 0, 'audio_feat_dim': 104, 'modality_dropout': 0.02, 'audio_dropout': 0.2, 'modality_dropout_mode': 'span', 'modality_dropout_span_min': 10, 'modality_dropout_span_max': 30, 'modality_fuse': 'concat', 'selection_type': 'same_seq', 'masking_type': 'input', 'decoder_embed_dim': 768, 'decoder_ffn_embed_dim': 3072, 'decoder_layers': 6, 'decoder_layerdrop': 0.0, 'decoder_attention_heads': 4, 'decoder_learned_pos': False, 'decoder_normalize_before': False, 'no_token_positional_embeddings': False, 'decoder_dropout': 0.1, 'decoder_attention_dropout': 0.1, 'decoder_activation_dropout': 0.0, 'max_target_positions': 2048, 'share_decoder_input_output_embed': False, 'no_scale_embedding': True, 'apply_mask': False, 'mask_prob': 0.75, 'mask_length': 10}
/opt/conda/envs/rzd/lib/python3.10/site-packages/torch/nn/utils/weight_norm.py:30: UserWarning: torch.nn.utils.weight_norm is deprecated in favor of torch.nn.utils.parametrizations.weight_norm.
  warnings.warn("torch.nn.utils.weight_norm is deprecated in favor of torch.nn.utils.parametrizations.weight_norm.")
[2026-06-13 20:24:45,494][models.audio_video_model][INFO] - _IncompatibleKeys(missing_keys=[], unexpected_keys=['mask_emb', 'label_embs_concat', 'final_proj.weight', 'final_proj.bias'])
[2026-06-13 20:24:46,059][main][INFO] - AudioVideoModel(
  (encoder): EncoderBackboneWrapper(
    (pretrained_model): EncoderBackbone(
      (feature_extractor_audio): AudioEncoder(
        (proj): Linear(in_features=104, out_features=768, bias=True)
      )
      (feature_extractor_video): ResEncoder(
        (frontend3D): Sequential(
          (0): Conv3d(1, 64, kernel_size=(5, 7, 7), stride=(1, 2, 2), padding=(2, 3, 3), bias=False)
          (1): BatchNorm3d(64, eps=1e-05, momentum=0.1, affine=True, track_running_stats=True)
          (2): PReLU(num_parameters=64)
          (3): MaxPool3d(kernel_size=(1, 3, 3), stride=(1, 2, 2), padding=(0, 1, 1), dilation=1, ceil_mode=False)
        )
        (trunk): ResNet(
          (layer1): Sequential(
            (0): BasicBlock(
              (conv1): Conv2d(64, 64, kernel_size=(3, 3), stride=(1, 1), padding=(1, 1), bias=False)
              (bn1): BatchNorm2d(64, eps=1e-05, momentum=0.1, affine=True, track_running_stats=True)
              (relu1): PReLU(num_parameters=64)
              (conv2): Conv2d(64, 64, kernel_size=(3, 3), stride=(1, 1), padding=(1, 1), bias=False)
              (bn2): BatchNorm2d(64, eps=1e-05, momentum=0.1, affine=True, track_running_stats=True)
              (relu2): PReLU(num_parameters=64)
            )
            (1): BasicBlock(
              (conv1): Conv2d(64, 64, kernel_size=(3, 3), stride=(1, 1), padding=(1, 1), bias=False)
              (bn1): BatchNorm2d(64, eps=1e-05, momentum=0.1, affine=True, track_running_stats=True)
              (relu1): PReLU(num_parameters=64)
              (conv2): Conv2d(64, 64, kernel_size=(3, 3), stride=(1, 1), padding=(1, 1), bias=False)
              (bn2): BatchNorm2d(64, eps=1e-05, momentum=0.1, affine=True, track_running_stats=True)
              (relu2): PReLU(num_parameters=64)
            )
          )
          (layer2): Sequential(
            (0): BasicBlock(
              (conv1): Conv2d(64, 128, kernel_size=(3, 3), stride=(2, 2), padding=(1, 1), bias=False)
              (bn1): BatchNorm2d(128, eps=1e-05, momentum=0.1, affine=True, track_running_stats=True)
              (relu1): PReLU(num_parameters=128)
              (conv2): Conv2d(128, 128, kernel_size=(3, 3), stride=(1, 1), padding=(1, 1), bias=False)
              (bn2): BatchNorm2d(128, eps=1e-05, momentum=0.1, affine=True, track_running_stats=True)
              (relu2): PReLU(num_parameters=128)
              (downsample): Sequential(
                (0): Conv2d(64, 128, kernel_size=(1, 1), stride=(2, 2), bias=False)
                (1): BatchNorm2d(128, eps=1e-05, momentum=0.1, affine=True, track_running_stats=True)
              )
            )
            (1): BasicBlock(
              (conv1): Conv2d(128, 128, kernel_size=(3, 3), stride=(1, 1), padding=(1, 1), bias=False)
              (bn1): BatchNorm2d(128, eps=1e-05, momentum=0.1, affine=True, track_running_stats=True)
              (relu1): PReLU(num_parameters=128)
              (conv2): Conv2d(128, 128, kernel_size=(3, 3), stride=(1, 1), padding=(1, 1), bias=False)
              (bn2): BatchNorm2d(128, eps=1e-05, momentum=0.1, affine=True, track_running_stats=True)
              (relu2): PReLU(num_parameters=128)
            )
          )
          (layer3): Sequential(
            (0): BasicBlock(
              (conv1): Conv2d(128, 256, kernel_size=(3, 3), stride=(2, 2), padding=(1, 1), bias=False)
              (bn1): BatchNorm2d(256, eps=1e-05, momentum=0.1, affine=True, track_running_stats=True)
              (relu1): PReLU(num_parameters=256)
              (conv2): Conv2d(256, 256, kernel_size=(3, 3), stride=(1, 1), padding=(1, 1), bias=False)
              (bn2): BatchNorm2d(256, eps=1e-05, momentum=0.1, affine=True, track_running_stats=True)
              (relu2): PReLU(num_parameters=256)
              (downsample): Sequential(
                (0): Conv2d(128, 256, kernel_size=(1, 1), stride=(2, 2), bias=False)
                (1): BatchNorm2d(256, eps=1e-05, momentum=0.1, affine=True, track_running_stats=True)
              )
            )
            (1): BasicBlock(
              (conv1): Conv2d(256, 256, kernel_size=(3, 3), stride=(1, 1), padding=(1, 1), bias=False)
              (bn1): BatchNorm2d(256, eps=1e-05, momentum=0.1, affine=True, track_running_stats=True)
              (relu1): PReLU(num_parameters=256)
              (conv2): Conv2d(256, 256, kernel_size=(3, 3), stride=(1, 1), padding=(1, 1), bias=False)
              (bn2): BatchNorm2d(256, eps=1e-05, momentum=0.1, affine=True, track_running_stats=True)
              (relu2): PReLU(num_parameters=256)
            )
          )
          (layer4): Sequential(
            (0): BasicBlock(
              (conv1): Conv2d(256, 512, kernel_size=(3, 3), stride=(2, 2), padding=(1, 1), bias=False)
              (bn1): BatchNorm2d(512, eps=1e-05, momentum=0.1, affine=True, track_running_stats=True)
              (relu1): PReLU(num_parameters=512)
              (conv2): Conv2d(512, 512, kernel_size=(3, 3), stride=(1, 1), padding=(1, 1), bias=False)
              (bn2): BatchNorm2d(512, eps=1e-05, momentum=0.1, affine=True, track_running_stats=True)
              (relu2): PReLU(num_parameters=512)
              (downsample): Sequential(
                (0): Conv2d(256, 512, kernel_size=(1, 1), stride=(2, 2), bias=False)
                (1): BatchNorm2d(512, eps=1e-05, momentum=0.1, affine=True, track_running_stats=True)
              )
            )
            (1): BasicBlock(
              (conv1): Conv2d(512, 512, kernel_size=(3, 3), stride=(1, 1), padding=(1, 1), bias=False)
              (bn1): BatchNorm2d(512, eps=1e-05, momentum=0.1, affine=True, track_running_stats=True)
              (relu1): PReLU(num_parameters=512)
              (conv2): Conv2d(512, 512, kernel_size=(3, 3), stride=(1, 1), padding=(1, 1), bias=False)
              (bn2): BatchNorm2d(512, eps=1e-05, momentum=0.1, affine=True, track_running_stats=True)
              (relu2): PReLU(num_parameters=512)
            )
          )
          (avgpool): AdaptiveAvgPool2d(output_size=1)
        )
        (proj): Linear(in_features=512, out_features=768, bias=True)
      )
      (post_extract_proj): Linear(in_features=1536, out_features=768, bias=True)
      (encoder): TransformerEncoder(
        (pos_conv): Sequential(
          (0): Conv1d(768, 768, kernel_size=(128,), stride=(1,), padding=(64,), groups=16)
          (1): SamePad()
          (2): GELU(approximate='none')
        )
        (layers): ModuleList(
          (0-11): 12 x TransformerSentenceEncoderLayer(
            (self_attn): MultiheadAttention(
              (dropout_module): Dropout(p=0.0, inplace=False)
              (k_proj): Linear(in_features=768, out_features=768, bias=True)
              (v_proj): Linear(in_features=768, out_features=768, bias=True)
              (q_proj): Linear(in_features=768, out_features=768, bias=True)
              (out_proj): Linear(in_features=768, out_features=768, bias=True)
            )
            (dropout1): Dropout(p=0.0, inplace=False)
            (dropout2): Dropout(p=0.1, inplace=False)
            (dropout3): Dropout(p=0.0, inplace=False)
            (self_attn_layer_norm): LayerNorm((768,), eps=1e-05, elementwise_affine=True)
            (fc1): Linear(in_features=768, out_features=3072, bias=True)
            (fc2): Linear(in_features=3072, out_features=768, bias=True)
            (final_layer_norm): LayerNorm((768,), eps=1e-05, elementwise_affine=True)
          )
        )
        (layer_norm): LayerNorm((768,), eps=1e-05, elementwise_affine=True)
      )
      (layer_norm): LayerNorm((1536,), eps=1e-05, elementwise_affine=True)
      (dropout_input): Dropout(p=0.0, inplace=False)
      (dropout_features): Dropout(p=0.1, inplace=False)
    )
  )
  (decoder): TransformerDecoder(
    (embed_tokens): Embedding(1000, 768, padding_idx=1)
    (embed_positions): SinusoidalPositionalEmbedding()
    (layers): ModuleList(
      (0-5): 6 x TransformerDecoderLayer(
        (dropout_module): Dropout(p=0.1, inplace=False)
        (self_attn): MultiheadAttention(
          (dropout_module): Dropout(p=0.0, inplace=False)
          (k_proj): Linear(in_features=768, out_features=768, bias=True)
          (v_proj): Linear(in_features=768, out_features=768, bias=True)
          (q_proj): Linear(in_features=768, out_features=768, bias=True)
          (out_proj): Linear(in_features=768, out_features=768, bias=True)
        )
        (activation_dropout_module): Dropout(p=0.1, inplace=False)
        (self_attn_layer_norm): LayerNorm((768,), eps=1e-05, elementwise_affine=True)
        (encoder_attn): MultiheadAttention(
          (dropout_module): Dropout(p=0.0, inplace=False)
          (k_proj): Linear(in_features=768, out_features=768, bias=True)
          (v_proj): Linear(in_features=768, out_features=768, bias=True)
          (q_proj): Linear(in_features=768, out_features=768, bias=True)
          (out_proj): Linear(in_features=768, out_features=768, bias=True)
        )
        (encoder_attn_layer_norm): LayerNorm((768,), eps=1e-05, elementwise_affine=True)
        (fc1): Linear(in_features=768, out_features=3072, bias=True)
        (fc2): Linear(in_features=3072, out_features=768, bias=True)
        (final_layer_norm): LayerNorm((768,), eps=1e-05, elementwise_affine=True)
      )
    )
    (layer_norm): LayerNorm((768,), eps=1e-05, elementwise_affine=True)
  )
)
[2026-06-13 20:24:46,062][main][INFO] - model: AudioVideoModel
[2026-06-13 20:24:46,062][main][INFO] - criterion: LabelSmoothedCrossEntropyCriterion
[2026-06-13 20:24:46,064][main][INFO] - num. shared model params: 160,100,480 (num. trained: 160,100,480)
[2026-06-13 20:24:46,066][main][INFO] - num. expert model params: 0 (num. trained: 0)
[2026-06-13 20:24:46,066][dataset][INFO] - Using tokenizer
[2026-06-13 20:24:46,121][dataset][INFO] - max_keep=500, min_keep=None, loaded 30782, skipped 0 short and 0 long and 0 unaligned, longest-loaded=155, shortest-loaded=12
[2026-06-13 20:24:46,122][dataset][INFO] - image transform: Compose(
    Normalize(mean=0.0, std=255.0)
    RandomCrop(size=(88, 88))
    <utils.model_utils.HorizontalFlip object at 0x7f3e4c220ca0>
    Normalize(mean=0.421, std=0.165)
)
[2026-06-13 20:24:46,136][dataset][INFO] - pad_audio=True, random_crop=False, normalize=True, max_sample_size=500, seqs2seq data=True,
[2026-06-13 20:24:46,136][dataset][INFO] - Using tokenizer
[2026-06-13 20:24:46,143][dataset][INFO] - max_keep=500, min_keep=None, loaded 1200, skipped 0 short and 0 long and 0 unaligned, longest-loaded=155, shortest-loaded=17
[2026-06-13 20:24:46,143][dataset][INFO] - image transform: Compose(
    Normalize(mean=0.0, std=255.0)
    <utils.model_utils.CenterCrop object at 0x7f3e4c0645e0>
    Normalize(mean=0.421, std=0.165)
)
[2026-06-13 20:24:46,145][dataset][INFO] - pad_audio=True, random_crop=False, normalize=True, max_sample_size=500, seqs2seq data=True,
[2026-06-13 20:24:47,084][trainer][INFO] - detected shared parameter: encoder.pretrained_model.feature_extractor_video.frontend3D.0.bias <- encoder.pretrained_model.feature_extractor_video.trunk.layer1.0.conv1.bias
[2026-06-13 20:24:47,084][trainer][INFO] - detected shared parameter: encoder.pretrained_model.feature_extractor_video.frontend3D.0.bias <- encoder.pretrained_model.feature_extractor_video.trunk.layer1.0.conv2.bias
[2026-06-13 20:24:47,086][trainer][INFO] - detected shared parameter: encoder.pretrained_model.feature_extractor_video.frontend3D.0.bias <- encoder.pretrained_model.feature_extractor_video.trunk.layer1.1.conv1.bias
[2026-06-13 20:24:47,086][trainer][INFO] - detected shared parameter: encoder.pretrained_model.feature_extractor_video.frontend3D.0.bias <- encoder.pretrained_model.feature_extractor_video.trunk.layer1.1.conv2.bias
[2026-06-13 20:24:47,087][trainer][INFO] - detected shared parameter: encoder.pretrained_model.feature_extractor_video.frontend3D.0.bias <- encoder.pretrained_model.feature_extractor_video.trunk.layer2.0.conv1.bias
[2026-06-13 20:24:47,087][trainer][INFO] - detected shared parameter: encoder.pretrained_model.feature_extractor_video.frontend3D.0.bias <- encoder.pretrained_model.feature_extractor_video.trunk.layer2.0.conv2.bias
[2026-06-13 20:24:47,087][trainer][INFO] - detected shared parameter: encoder.pretrained_model.feature_extractor_video.frontend3D.0.bias <- encoder.pretrained_model.feature_extractor_video.trunk.layer2.0.downsample.0.bias
[2026-06-13 20:24:47,088][trainer][INFO] - detected shared parameter: encoder.pretrained_model.feature_extractor_video.frontend3D.0.bias <- encoder.pretrained_model.feature_extractor_video.trunk.layer2.1.conv1.bias
[2026-06-13 20:24:47,088][trainer][INFO] - detected shared parameter: encoder.pretrained_model.feature_extractor_video.frontend3D.0.bias <- encoder.pretrained_model.feature_extractor_video.trunk.layer2.1.conv2.bias
[2026-06-13 20:24:47,088][trainer][INFO] - detected shared parameter: encoder.pretrained_model.feature_extractor_video.frontend3D.0.bias <- encoder.pretrained_model.feature_extractor_video.trunk.layer3.0.conv1.bias
[2026-06-13 20:24:47,089][trainer][INFO] - detected shared parameter: encoder.pretrained_model.feature_extractor_video.frontend3D.0.bias <- encoder.pretrained_model.feature_extractor_video.trunk.layer3.0.conv2.bias
[2026-06-13 20:24:47,089][trainer][INFO] - detected shared parameter: encoder.pretrained_model.feature_extractor_video.frontend3D.0.bias <- encoder.pretrained_model.feature_extractor_video.trunk.layer3.0.downsample.0.bias
[2026-06-13 20:24:47,089][trainer][INFO] - detected shared parameter: encoder.pretrained_model.feature_extractor_video.frontend3D.0.bias <- encoder.pretrained_model.feature_extractor_video.trunk.layer3.1.conv1.bias
[2026-06-13 20:24:47,090][trainer][INFO] - detected shared parameter: encoder.pretrained_model.feature_extractor_video.frontend3D.0.bias <- encoder.pretrained_model.feature_extractor_video.trunk.layer3.1.conv2.bias
[2026-06-13 20:24:47,090][trainer][INFO] - detected shared parameter: encoder.pretrained_model.feature_extractor_video.frontend3D.0.bias <- encoder.pretrained_model.feature_extractor_video.trunk.layer4.0.conv1.bias
[2026-06-13 20:24:47,090][trainer][INFO] - detected shared parameter: encoder.pretrained_model.feature_extractor_video.frontend3D.0.bias <- encoder.pretrained_model.feature_extractor_video.trunk.layer4.0.conv2.bias
[2026-06-13 20:24:47,090][trainer][INFO] - detected shared parameter: encoder.pretrained_model.feature_extractor_video.frontend3D.0.bias <- encoder.pretrained_model.feature_extractor_video.trunk.layer4.0.downsample.0.bias
[2026-06-13 20:24:47,091][trainer][INFO] - detected shared parameter: encoder.pretrained_model.feature_extractor_video.frontend3D.0.bias <- encoder.pretrained_model.feature_extractor_video.trunk.layer4.1.conv1.bias
[2026-06-13 20:24:47,091][trainer][INFO] - detected shared parameter: encoder.pretrained_model.feature_extractor_video.frontend3D.0.bias <- encoder.pretrained_model.feature_extractor_video.trunk.layer4.1.conv2.bias
[2026-06-13 20:24:47,092][fairseq.utils][INFO] - ***********************CUDA enviroments for all 1 workers***********************
[2026-06-13 20:24:47,092][fairseq.utils][INFO] - rank   0: capabilities =  9.0  ; total memory = 79.179 GB ; name = NVIDIA H100 80GB HBM3                   
[2026-06-13 20:24:47,093][fairseq.utils][INFO] - ***********************CUDA enviroments for all 1 workers***********************
[2026-06-13 20:24:47,093][main][INFO] - training on 1 devices (GPUs/TPUs)
[2026-06-13 20:24:47,094][main][INFO] - max tokens per device = 1000 and max sentences per device = None
[2026-06-13 20:24:47,095][trainer][INFO] - Preparing to load checkpoint checkpoints/checkpoint_last.pt
[2026-06-13 20:24:47,096][trainer][INFO] - No existing checkpoint found checkpoints/checkpoint_last.pt
[2026-06-13 20:24:48,137][trainer][INFO] - begin training epoch 1
[2026-06-13 20:24:48,137][main][INFO] - Start iterating over samples
[2026-06-13 20:26:44,574][train_inner][INFO] - {"epoch": 1, "update": 0.063, "loss": "155.062", "nll_loss": "8.515", "total": "178.305", "n_correct": "10.835", "ppl": "365.93", "accuracy": "6.077", "wps": "308", "ups": "1.73", "wpb": "178.3", "bsz": "10.1", "num_updates": "200", "lr": "2.98e-05", "gnorm": "93.816", "loss_scale": "128", "train_wall": "16", "gb_free": "75.7", "wall": "117"}
[2026-06-13 20:28:36,219][train_inner][INFO] - {"epoch": 1, "update": 0.126, "loss": "169.44", "nll_loss": "8.149", "total": "181.27", "n_correct": "12.395", "ppl": "283.78", "accuracy": "6.838", "wps": "324.8", "ups": "1.79", "wpb": "181.3", "bsz": "9", "num_updates": "400", "lr": "4.96e-05", "gnorm": "67.384", "loss_scale": "128", "train_wall": "12", "gb_free": "75.7", "wall": "229"}
[2026-06-13 20:30:29,924][train_inner][INFO] - {"epoch": 1, "update": 0.189, "loss": "155.765", "nll_loss": "8.024", "total": "177.86", "n_correct": "14.415", "ppl": "260.26", "accuracy": "8.105", "wps": "312.9", "ups": "1.76", "wpb": "177.9", "bsz": "9.5", "num_updates": "600", "lr": "6.94e-05", "gnorm": "53.922", "loss_scale": "128", "train_wall": "11", "gb_free": "75.7", "wall": "343"}
[2026-06-13 20:32:25,464][train_inner][INFO] - {"epoch": 1, "update": 0.252, "loss": "148.586", "nll_loss": "7.832", "total": "179.33", "n_correct": "19.885", "ppl": "227.83", "accuracy": "11.088", "wps": "310.5", "ups": "1.73", "wpb": "179.3", "bsz": "9.9", "num_updates": "800", "lr": "8.92e-05", "gnorm": "50.576", "loss_scale": "128", "train_wall": "11", "gb_free": "75.7", "wall": "458"}
[2026-06-13 20:34:17,401][train_inner][INFO] - {"epoch": 1, "update": 0.315, "loss": "152.293", "nll_loss": "7.659", "total": "176.56", "n_correct": "22.145", "ppl": "202.16", "accuracy": "12.542", "wps": "315.5", "ups": "1.79", "wpb": "176.6", "bsz": "9.3", "num_updates": "1000", "lr": "0.000109", "gnorm": "51.073", "loss_scale": "128", "train_wall": "11", "gb_free": "75.7", "wall": "570"}
[2026-06-13 20:36:08,750][train_inner][INFO] - {"epoch": 1, "update": 0.378, "loss": "149.568", "nll_loss": "7.473", "total": "177.705", "n_correct": "24.395", "ppl": "177.67", "accuracy": "13.728", "wps": "319.2", "ups": "1.8", "wpb": "177.7", "bsz": "9.3", "num_updates": "1200", "lr": "0.0001288", "gnorm": "52.961", "loss_scale": "128", "train_wall": "11", "gb_free": "75.7", "wall": "682"}
[2026-06-13 20:38:05,520][train_inner][INFO] - {"epoch": 1, "update": 0.441, "loss": "136.446", "nll_loss": "7.274", "total": "180.08", "n_correct": "27.705", "ppl": "154.79", "accuracy": "15.385", "wps": "308.5", "ups": "1.71", "wpb": "180.1", "bsz": "10.2", "num_updates": "1400", "lr": "0.0001486", "gnorm": "49.898", "loss_scale": "128", "train_wall": "11", "gb_free": "75.7", "wall": "798"}
[2026-06-13 20:40:02,671][train_inner][INFO] - {"epoch": 1, "update": 0.504, "loss": "145.034", "nll_loss": "7.202", "total": "179.95", "n_correct": "28.025", "ppl": "147.25", "accuracy": "15.574", "wps": "307.2", "ups": "1.71", "wpb": "179.9", "bsz": "9.5", "num_updates": "1600", "lr": "0.0001684", "gnorm": "50.866", "loss_scale": "128", "train_wall": "11", "gb_free": "75.7", "wall": "916"}
[2026-06-13 20:41:55,871][train_inner][INFO] - {"epoch": 1, "update": 0.567, "loss": "127.494", "nll_loss": "6.91", "total": "181.98", "n_correct": "32.695", "ppl": "120.27", "accuracy": "17.966", "wps": "321.6", "ups": "1.77", "wpb": "182", "bsz": "10.5", "num_updates": "1800", "lr": "0.0001882", "gnorm": "47.627", "loss_scale": "128", "train_wall": "11", "gb_free": "75.7", "wall": "1029"}
[2026-06-13 20:43:53,030][train_inner][INFO] - {"epoch": 1, "update": 0.63, "loss": "136.231", "nll_loss": "6.854", "total": "182.14", "n_correct": "32.215", "ppl": "115.65", "accuracy": "17.687", "wps": "311", "ups": "1.71", "wpb": "182.1", "bsz": "9.8", "num_updates": "2000", "lr": "0.000208", "gnorm": "49.444", "loss_scale": "128", "train_wall": "11", "gb_free": "75.7", "wall": "1146"}
[2026-06-13 20:45:52,022][train_inner][INFO] - {"epoch": 1, "update": 0.693, "loss": "136.976", "nll_loss": "6.742", "total": "178.665", "n_correct": "32.595", "ppl": "107.03", "accuracy": "18.244", "wps": "300.3", "ups": "1.68", "wpb": "178.7", "bsz": "9.4", "num_updates": "2200", "lr": "0.0002278", "gnorm": "49.921", "loss_scale": "128", "train_wall": "12", "gb_free": "75.7", "wall": "1265"}
[2026-06-13 20:47:50,666][train_inner][INFO] - {"epoch": 1, "update": 0.756, "loss": "137.222", "nll_loss": "6.622", "total": "180.825", "n_correct": "33.76", "ppl": "98.49", "accuracy": "18.67", "wps": "304.9", "ups": "1.69", "wpb": "180.8", "bsz": "9.4", "num_updates": "2400", "lr": "0.0002476", "gnorm": "51.155", "loss_scale": "128", "train_wall": "12", "gb_free": "75.7", "wall": "1384"}
[2026-06-13 20:49:52,289][train_inner][INFO] - {"epoch": 1, "update": 0.819, "loss": "130.251", "nll_loss": "6.403", "total": "181.03", "n_correct": "36.575", "ppl": "84.6", "accuracy": "20.204", "wps": "297.7", "ups": "1.64", "wpb": "181", "bsz": "9.7", "num_updates": "2600", "lr": "0.0002674", "gnorm": "50.828", "loss_scale": "128", "train_wall": "12", "gb_free": "75.7", "wall": "1505"}
[2026-06-13 20:51:50,965][train_inner][INFO] - {"epoch": 1, "update": 0.882, "loss": "124.608", "nll_loss": "6.184", "total": "175.29", "n_correct": "37.645", "ppl": "72.7", "accuracy": "21.476", "wps": "295.4", "ups": "1.69", "wpb": "175.3", "bsz": "9.5", "num_updates": "2800", "lr": "0.0002872", "gnorm": "50.163", "loss_scale": "128", "train_wall": "11", "gb_free": "75.7", "wall": "1624"}
[2026-06-13 20:53:48,495][train_inner][INFO] - {"epoch": 1, "update": 0.945, "loss": "125.909", "nll_loss": "6.104", "total": "183.02", "n_correct": "40.15", "ppl": "68.8", "accuracy": "21.937", "wps": "311.5", "ups": "1.7", "wpb": "183", "bsz": "9.7", "num_updates": "3000", "lr": "0.000307", "gnorm": "51.158", "loss_scale": "128", "train_wall": "11", "gb_free": "75.7", "wall": "1741"}
[2026-06-13 20:55:36,559][main][INFO] - end of epoch 1 (average epoch stats below)
[2026-06-13 20:55:36,577][train][INFO] - {"epoch": 1, "train_loss": "140.354", "train_nll_loss": "7.122", "train_total": "179.799", "train_n_correct": "27.8945", "train_ppl": "139.34", "train_accuracy": "15.514", "train_wps": "309", "train_ups": "1.72", "train_wpb": "179.8", "train_bsz": "9.7", "train_num_updates": "3176", "train_lr": "0.000324424", "train_gnorm": "54.533", "train_loss_scale": "128", "train_train_wall": "184", "train_gb_free": "75.7", "train_wall": "1849"}
[2026-06-13 20:55:37,166][trainer][INFO] - begin training epoch 2
[2026-06-13 20:55:37,166][main][INFO] - Start iterating over samples
[2026-06-13 20:55:50,666][train_inner][INFO] - {"epoch": 2, "update": 1.008, "loss": "118.115", "nll_loss": "5.912", "total": "181.945", "n_correct": "42.335", "ppl": "60.21", "accuracy": "23.268", "wps": "297.9", "ups": "1.64", "wpb": "181.9", "bsz": "10.1", "num_updates": "3200", "lr": "0.0003268", "gnorm": "51.486", "loss_scale": "128", "train_wall": "11", "gb_free": "75.7", "wall": "1864"}
[2026-06-13 20:57:53,292][train_inner][INFO] - {"epoch": 2, "update": 1.071, "loss": "118.673", "nll_loss": "5.754", "total": "181.22", "n_correct": "42.62", "ppl": "53.98", "accuracy": "23.518", "wps": "295.6", "ups": "1.63", "wpb": "181.2", "bsz": "9.8", "num_updates": "3400", "lr": "0.0003466", "gnorm": "51.792", "loss_scale": "128", "train_wall": "11", "gb_free": "75.7", "wall": "1986"}
[2026-06-13 20:59:54,125][train_inner][INFO] - {"epoch": 2, "update": 1.134, "loss": "111.484", "nll_loss": "5.506", "total": "184.03", "n_correct": "47.4", "ppl": "45.43", "accuracy": "25.757", "wps": "304.6", "ups": "1.66", "wpb": "184", "bsz": "10.2", "num_updates": "3600", "lr": "0.0003664", "gnorm": "52.103", "loss_scale": "128", "train_wall": "11", "gb_free": "75.7", "wall": "2107"}
[2026-06-13 21:01:51,289][train_inner][INFO] - {"epoch": 2, "update": 1.196, "loss": "118.616", "nll_loss": "5.386", "total": "177.94", "n_correct": "46.69", "ppl": "41.83", "accuracy": "26.239", "wps": "303.8", "ups": "1.71", "wpb": "177.9", "bsz": "9.1", "num_updates": "3800", "lr": "0.0003862", "gnorm": "55.488", "loss_scale": "128", "train_wall": "11", "gb_free": "75.7", "wall": "2224"}
[2026-06-13 21:03:45,433][train_inner][INFO] - {"epoch": 2, "update": 1.259, "loss": "110.272", "nll_loss": "5.102", "total": "176.96", "n_correct": "51.195", "ppl": "34.35", "accuracy": "28.93", "wps": "310.1", "ups": "1.75", "wpb": "177", "bsz": "9.4", "num_updates": "4000", "lr": "0.000406", "gnorm": "57.383", "loss_scale": "128", "train_wall": "11", "gb_free": "75.7", "wall": "2338"}
[2026-06-13 21:05:42,857][train_inner][INFO] - {"epoch": 2, "update": 1.322, "loss": "110.396", "nll_loss": "4.922", "total": "182.315", "n_correct": "55.7", "ppl": "30.31", "accuracy": "30.552", "wps": "310.6", "ups": "1.7", "wpb": "182.3", "bsz": "9.4", "num_updates": "4200", "lr": "0.0004258", "gnorm": "59.118", "loss_scale": "128", "train_wall": "11", "gb_free": "75.7", "wall": "2456"}
[2026-06-13 21:07:38,325][train_inner][INFO] - {"epoch": 2, "update": 1.385, "loss": "94.786", "nll_loss": "4.565", "total": "178.705", "n_correct": "60.22", "ppl": "23.67", "accuracy": "33.698", "wps": "309.6", "ups": "1.73", "wpb": "178.7", "bsz": "10.2", "num_updates": "4400", "lr": "0.0004456", "gnorm": "57.026", "loss_scale": "128", "train_wall": "11", "gb_free": "75.7", "wall": "2571"}
[2026-06-13 21:09:41,035][train_inner][INFO] - {"epoch": 2, "update": 1.448, "loss": "89.47", "nll_loss": "4.369", "total": "182.91", "n_correct": "66.145", "ppl": "20.66", "accuracy": "36.163", "wps": "298.1", "ups": "1.63", "wpb": "182.9", "bsz": "10.7", "num_updates": "4600", "lr": "0.0004654", "gnorm": "57.023", "loss_scale": "128", "train_wall": "11", "gb_free": "75.7", "wall": "2694"}
[2026-06-13 21:11:38,299][train_inner][INFO] - {"epoch": 2, "update": 1.511, "loss": "95.145", "nll_loss": "4.319", "total": "178.54", "n_correct": "64.985", "ppl": "19.95", "accuracy": "36.398", "wps": "304.5", "ups": "1.71", "wpb": "178.5", "bsz": "9.7", "num_updates": "4800", "lr": "0.0004852", "gnorm": "54.741", "loss_scale": "128", "train_wall": "11", "gb_free": "75.7", "wall": "2811"}
[2026-06-13 21:13:37,760][train_inner][INFO] - {"epoch": 2, "update": 1.574, "loss": "90.435", "nll_loss": "4.117", "total": "181.955", "n_correct": "71.26", "ppl": "17.35", "accuracy": "39.164", "wps": "304.7", "ups": "1.67", "wpb": "182", "bsz": "10.1", "num_updates": "5000", "lr": "0.000505", "gnorm": "54.342", "loss_scale": "128", "train_wall": "11", "gb_free": "75.7", "wall": "2931"}
[2026-06-13 21:15:36,290][train_inner][INFO] - {"epoch": 2, "update": 1.637, "loss": "86.299", "nll_loss": "3.972", "total": "178.205", "n_correct": "72.775", "ppl": "15.7", "accuracy": "40.838", "wps": "300.7", "ups": "1.69", "wpb": "178.2", "bsz": "10.1", "num_updates": "5200", "lr": "0.0005248", "gnorm": "53.273", "loss_scale": "128", "train_wall": "11", "gb_free": "75.7", "wall": "3049"}
[2026-06-13 21:17:36,998][train_inner][INFO] - {"epoch": 2, "update": 1.7, "loss": "83.445", "nll_loss": "3.844", "total": "177.005", "n_correct": "75.745", "ppl": "14.36", "accuracy": "42.793", "wps": "293.3", "ups": "1.66", "wpb": "177", "bsz": "10.1", "num_updates": "5400", "lr": "0.0005446", "gnorm": "53.313", "loss_scale": "128", "train_wall": "11", "gb_free": "75.7", "wall": "3170"}
[2026-06-13 21:19:30,943][train_inner][INFO] - {"epoch": 2, "update": 1.763, "loss": "99.866", "nll_loss": "3.916", "total": "181.805", "n_correct": "74.88", "ppl": "15.1", "accuracy": "41.187", "wps": "319.1", "ups": "1.76", "wpb": "181.8", "bsz": "8.8", "num_updates": "5600", "lr": "0.0005644", "gnorm": "57.542", "loss_scale": "128", "train_wall": "11", "gb_free": "75.7", "wall": "3284"}
[2026-06-13 21:21:23,301][train_inner][INFO] - {"epoch": 2, "update": 1.826, "loss": "93.355", "nll_loss": "3.698", "total": "179.055", "n_correct": "78.97", "ppl": "12.98", "accuracy": "44.104", "wps": "318.7", "ups": "1.78", "wpb": "179.1", "bsz": "8.9", "num_updates": "5800", "lr": "0.0005842", "gnorm": "54.681", "loss_scale": "128", "train_wall": "11", "gb_free": "75.7", "wall": "3396"}
[2026-06-13 21:23:17,705][train_inner][INFO] - {"epoch": 2, "update": 1.889, "loss": "90.806", "nll_loss": "3.657", "total": "178.135", "n_correct": "80.495", "ppl": "12.62", "accuracy": "45.188", "wps": "311.4", "ups": "1.75", "wpb": "178.1", "bsz": "9.1", "num_updates": "6000", "lr": "0.000604", "gnorm": "54.052", "loss_scale": "128", "train_wall": "11", "gb_free": "75.7", "wall": "3511"}
[2026-06-13 21:25:17,766][train_inner][INFO] - {"epoch": 2, "update": 1.952, "loss": "81.34", "nll_loss": "3.43", "total": "180.595", "n_correct": "86.54", "ppl": "10.78", "accuracy": "47.919", "wps": "300.9", "ups": "1.67", "wpb": "180.6", "bsz": "9.8", "num_updates": "6200", "lr": "0.0006238", "gnorm": "48.974", "loss_scale": "128", "train_wall": "11", "gb_free": "75.7", "wall": "3631"}
[2026-06-13 21:26:46,257][main][INFO] - begin validation on "valid" subset
[2026-06-13 21:27:59,999][valid][INFO] - {"epoch": 2, "valid_loss": "78.159", "valid_nll_loss": "3.08", "valid_total": "178.205", "valid_n_correct": "92.7402", "valid_ppl": "8.46", "valid_accuracy": "52.041", "valid_wps": "308.5", "valid_wpb": "178.2", "valid_bsz": "9.4", "valid_num_updates": "6352"}
[2026-06-13 21:28:00,000][fairseq.checkpoint_utils][INFO] - Preparing to save checkpoint for epoch 2 @ 6352 updates
[2026-06-13 21:28:00,000][trainer][INFO] - Saving checkpoint to checkpoints/checkpoint_best.pt
[2026-06-13 21:28:03,679][trainer][INFO] - Finished saving checkpoint to checkpoints/checkpoint_best.pt
[2026-06-13 21:28:08,893][fairseq.checkpoint_utils][INFO] - Saved checkpoint checkpoints/checkpoint_best.pt (epoch 2 @ 6352 updates, score 52.041) (writing took 8.89273253607098 seconds)
[2026-06-13 21:28:08,893][main][INFO] - end of epoch 2 (average epoch stats below)
[2026-06-13 21:28:08,903][train][INFO] - {"epoch": 2, "train_loss": "97.43", "train_nll_loss": "4.397", "train_total": "179.799", "train_n_correct": "65.9128", "train_ppl": "21.06", "train_accuracy": "36.659", "train_wps": "292.5", "train_ups": "1.63", "train_wpb": "179.8", "train_bsz": "9.7", "train_num_updates": "6352", "train_lr": "0.000638848", "train_gnorm": "54.404", "train_loss_scale": "128", "train_train_wall": "177", "train_gb_free": "75.7", "train_wall": "3802"}
[2026-06-13 21:28:09,435][trainer][INFO] - begin training epoch 3
[2026-06-13 21:28:09,435][main][INFO] - Start iterating over samples
[2026-06-13 21:28:37,129][train_inner][INFO] - {"epoch": 3, "update": 2.015, "loss": "79.386", "nll_loss": "3.289", "total": "177.825", "n_correct": "88", "ppl": "9.77", "accuracy": "49.487", "wps": "178.4", "ups": "1", "wpb": "177.8", "bsz": "9.6", "num_updates": "6400", "lr": "0.0006436", "gnorm": "48.764", "loss_scale": "128", "train_wall": "11", "gb_free": "75.7", "wall": "3830"}
[2026-06-13 21:30:36,940][train_inner][INFO] - {"epoch": 3, "update": 2.078, "loss": "76.107", "nll_loss": "3.138", "total": "183.205", "n_correct": "94.595", "ppl": "8.8", "accuracy": "51.633", "wps": "305.8", "ups": "1.67", "wpb": "183.2", "bsz": "10.1", "num_updates": "6600", "lr": "0.0006634", "gnorm": "46.896", "loss_scale": "128", "train_wall": "11", "gb_free": "75.7", "wall": "3950"}
[2026-06-13 21:32:29,857][train_inner][INFO] - {"epoch": 3, "update": 2.141, "loss": "74.387", "nll_loss": "3.036", "total": "177.205", "n_correct": "94.035", "ppl": "8.2", "accuracy": "53.066", "wps": "313.9", "ups": "1.77", "wpb": "177.2", "bsz": "9.8", "num_updates": "6800", "lr": "0.0006832", "gnorm": "44.947", "loss_scale": "128", "train_wall": "11", "gb_free": "75.7", "wall": "4063"}
[2026-06-13 21:34:21,951][train_inner][INFO] - {"epoch": 3, "update": 2.204, "loss": "74.393", "nll_loss": "3.07", "total": "178.395", "n_correct": "94.225", "ppl": "8.4", "accuracy": "52.818", "wps": "318.3", "ups": "1.78", "wpb": "178.4", "bsz": "9.9", "num_updates": "7000", "lr": "0.000703", "gnorm": "45.389", "loss_scale": "128", "train_wall": "11", "gb_free": "75.7", "wall": "4175"}
[2026-06-13 21:36:15,458][train_inner][INFO] - {"epoch": 3, "update": 2.267, "loss": "78.787", "nll_loss": "3.057", "total": "185.385", "n_correct": "98.525", "ppl": "8.32", "accuracy": "53.146", "wps": "326.7", "ups": "1.76", "wpb": "185.4", "bsz": "9.7", "num_updates": "7200", "lr": "0.0007228", "gnorm": "47.734", "loss_scale": "128", "train_wall": "11", "gb_free": "75.7", "wall": "4288"}
[2026-06-13 21:38:03,926][train_inner][INFO] - {"epoch": 3, "update": 2.33, "loss": "77.562", "nll_loss": "2.938", "total": "178.965", "n_correct": "98.25", "ppl": "7.66", "accuracy": "54.899", "wps": "330.1", "ups": "1.84", "wpb": "179", "bsz": "9.2", "num_updates": "7400", "lr": "0.0007426", "gnorm": "42.895", "loss_scale": "128", "train_wall": "11", "gb_free": "75.7", "wall": "4397"}
[2026-06-13 21:40:01,392][train_inner][INFO] - {"epoch": 3, "update": 2.393, "loss": "74.163", "nll_loss": "2.935", "total": "183.475", "n_correct": "101.05", "ppl": "7.65", "accuracy": "55.076", "wps": "312.4", "ups": "1.7", "wpb": "183.5", "bsz": "9.9", "num_updates": "7600", "lr": "0.0007624", "gnorm": "43.84", "loss_scale": "128", "train_wall": "11", "gb_free": "75.7", "wall": "4514"}
[2026-06-13 21:41:51,153][train_inner][INFO] - {"epoch": 3, "update": 2.456, "loss": "75.418", "nll_loss": "2.781", "total": "179.125", "n_correct": "102.735", "ppl": "6.88", "accuracy": "57.354", "wps": "326.4", "ups": "1.82", "wpb": "179.1", "bsz": "9.2", "num_updates": "7800", "lr": "0.0007822", "gnorm": "42.67", "loss_scale": "128", "train_wall": "11", "gb_free": "75.7", "wall": "4624"}
[2026-06-13 21:43:39,288][train_inner][INFO] - {"epoch": 3, "update": 2.519, "loss": "70.145", "nll_loss": "2.75", "total": "182.37", "n_correct": "105.78", "ppl": "6.73", "accuracy": "58.003", "wps": "337.3", "ups": "1.85", "wpb": "182.4", "bsz": "10", "num_updates": "8000", "lr": "0.000802", "gnorm": "41.151", "loss_scale": "128", "train_wall": "11", "gb_free": "75.7", "wall": "4732"}
[2026-06-13 21:45:22,454][train_inner][INFO] - {"epoch": 3, "update": 2.582, "loss": "70.45", "nll_loss": "2.705", "total": "179.46", "n_correct": "105.385", "ppl": "6.52", "accuracy": "58.723", "wps": "347.9", "ups": "1.94", "wpb": "179.5", "bsz": "9.7", "num_updates": "8200", "lr": "0.0008218", "gnorm": "40.625", "loss_scale": "128", "train_wall": "11", "gb_free": "75.7", "wall": "4835"}
[2026-06-13 21:47:02,936][train_inner][INFO] - {"epoch": 3, "update": 2.645, "loss": "69.236", "nll_loss": "2.642", "total": "178.09", "n_correct": "106.385", "ppl": "6.24", "accuracy": "59.737", "wps": "354.5", "ups": "1.99", "wpb": "178.1", "bsz": "9.6", "num_updates": "8400", "lr": "0.0008416", "gnorm": "38.113", "loss_scale": "128", "train_wall": "11", "gb_free": "75.7", "wall": "4936"}
[2026-06-13 21:48:40,258][train_inner][INFO] - {"epoch": 3, "update": 2.708, "loss": "71.618", "nll_loss": "2.547", "total": "177.395", "n_correct": "107.96", "ppl": "5.84", "accuracy": "60.859", "wps": "364.6", "ups": "2.06", "wpb": "177.4", "bsz": "9.1", "num_updates": "8600", "lr": "0.0008614", "gnorm": "38.138", "loss_scale": "128", "train_wall": "11", "gb_free": "75.7", "wall": "5033"}
[2026-06-13 21:50:24,365][train_inner][INFO] - {"epoch": 3, "update": 2.771, "loss": "66.579", "nll_loss": "2.493", "total": "181.54", "n_correct": "112.18", "ppl": "5.63", "accuracy": "61.794", "wps": "348.8", "ups": "1.92", "wpb": "181.5", "bsz": "9.9", "num_updates": "8800", "lr": "0.0008812", "gnorm": "36.756", "loss_scale": "128", "train_wall": "11", "gb_free": "75.7", "wall": "5137"}
[2026-06-13 21:52:03,683][train_inner][INFO] - {"epoch": 3, "update": 2.834, "loss": "62.511", "nll_loss": "2.42", "total": "175.895", "n_correct": "111.29", "ppl": "5.35", "accuracy": "63.271", "wps": "354.2", "ups": "2.01", "wpb": "175.9", "bsz": "10", "num_updates": "9000", "lr": "0.000901", "gnorm": "35.014", "loss_scale": "128", "train_wall": "11", "gb_free": "75.7", "wall": "5237"}
[2026-06-13 21:53:37,438][train_inner][INFO] - {"epoch": 3, "update": 2.897, "loss": "65.732", "nll_loss": "2.449", "total": "178.905", "n_correct": "111.71", "ppl": "5.46", "accuracy": "62.441", "wps": "381.7", "ups": "2.13", "wpb": "178.9", "bsz": "9.7", "num_updates": "9200", "lr": "0.0009208", "gnorm": "35.803", "loss_scale": "128", "train_wall": "11", "gb_free": "75.7", "wall": "5330"}
[2026-06-13 21:55:08,708][train_inner][INFO] - {"epoch": 3, "update": 2.96, "loss": "63.789", "nll_loss": "2.31", "total": "179", "n_correct": "116.12", "ppl": "4.96", "accuracy": "64.872", "wps": "392.3", "ups": "2.19", "wpb": "179", "bsz": "9.7", "num_updates": "9400", "lr": "0.0009406", "gnorm": "33.864", "loss_scale": "128", "train_wall": "11", "gb_free": "75.7", "wall": "5422"}
[2026-06-13 21:56:09,600][main][INFO] - end of epoch 3 (average epoch stats below)
[2026-06-13 21:56:09,610][train][INFO] - {"epoch": 3, "train_loss": "71.077", "train_nll_loss": "2.739", "train_total": "179.799", "train_n_correct": "104.377", "train_ppl": "6.68", "train_accuracy": "58.052", "train_wps": "339.8", "train_ups": "1.89", "train_wpb": "179.8", "train_bsz": "9.7", "train_num_updates": "9528", "train_lr": "0.000953272", "train_gnorm": "40.759", "train_loss_scale": "128", "train_train_wall": "173", "train_gb_free": "75.7", "train_wall": "5483"}
[2026-06-13 21:56:10,122][trainer][INFO] - begin training epoch 4
[2026-06-13 21:56:10,122][main][INFO] - Start iterating over samples
[2026-06-13 21:56:43,703][train_inner][INFO] - {"epoch": 4, "update": 3.023, "loss": "58.283", "nll_loss": "2.178", "total": "176.035", "n_correct": "118.2", "ppl": "4.53", "accuracy": "67.146", "wps": "370.7", "ups": "2.11", "wpb": "176", "bsz": "10.1", "num_updates": "9600", "lr": "0.0009604", "gnorm": "32.466", "loss_scale": "128", "train_wall": "11", "gb_free": "75.7", "wall": "5517"}
[2026-06-13 21:58:17,836][train_inner][INFO] - {"epoch": 4, "update": 3.086, "loss": "56.686", "nll_loss": "2.097", "total": "178.395", "n_correct": "120.83", "ppl": "4.28", "accuracy": "67.732", "wps": "379.1", "ups": "2.12", "wpb": "178.4", "bsz": "10.3", "num_updates": "9800", "lr": "0.0009802", "gnorm": "29.623", "loss_scale": "128", "train_wall": "11", "gb_free": "75.7", "wall": "5611"}
[2026-06-13 21:59:49,692][train_inner][INFO] - {"epoch": 4, "update": 3.149, "loss": "64.213", "nll_loss": "2.112", "total": "177.085", "n_correct": "119.825", "ppl": "4.32", "accuracy": "67.665", "wps": "385.6", "ups": "2.18", "wpb": "177.1", "bsz": "9.1", "num_updates": "10000", "lr": "0.001", "gnorm": "33.249", "loss_scale": "128", "train_wall": "11", "gb_free": "75.7", "wall": "5703"}
[2026-06-13 22:01:24,833][train_inner][INFO] - {"epoch": 4, "update": 3.212, "loss": "56.412", "nll_loss": "2.011", "total": "176.615", "n_correct": "122.155", "ppl": "4.03", "accuracy": "69.165", "wps": "371.3", "ups": "2.1", "wpb": "176.6", "bsz": "10", "num_updates": "10200", "lr": "0.000970487", "gnorm": "29.356", "loss_scale": "128", "train_wall": "11", "gb_free": "75.7", "wall": "5798"}
[2026-06-13 22:02:55,510][train_inner][INFO] - {"epoch": 4, "update": 3.275, "loss": "60.148", "nll_loss": "2.026", "total": "179.855", "n_correct": "124.435", "ppl": "4.07", "accuracy": "69.186", "wps": "396.7", "ups": "2.21", "wpb": "179.9", "bsz": "9.6", "num_updates": "10400", "lr": "0.000941845", "gnorm": "30.394", "loss_scale": "128", "train_wall": "11", "gb_free": "75.7", "wall": "5888"}
[2026-06-13 22:04:26,208][train_inner][INFO] - {"epoch": 4, "update": 3.338, "loss": "61.794", "nll_loss": "1.931", "total": "179.76", "n_correct": "126.72", "ppl": "3.81", "accuracy": "70.494", "wps": "396.4", "ups": "2.21", "wpb": "179.8", "bsz": "9.1", "num_updates": "10600", "lr": "0.000914048", "gnorm": "30.038", "loss_scale": "128", "train_wall": "11", "gb_free": "75.7", "wall": "5979"}
[2026-06-13 22:06:02,459][train_inner][INFO] - {"epoch": 4, "update": 3.401, "loss": "56.53", "nll_loss": "1.879", "total": "177.71", "n_correct": "126.855", "ppl": "3.68", "accuracy": "71.383", "wps": "369.3", "ups": "2.08", "wpb": "177.7", "bsz": "9.7", "num_updates": "10800", "lr": "0.000887072", "gnorm": "28.317", "loss_scale": "128", "train_wall": "11", "gb_free": "75.7", "wall": "6075"}
[2026-06-13 22:07:34,446][train_inner][INFO] - {"epoch": 4, "update": 3.463, "loss": "57.408", "nll_loss": "1.837", "total": "182.28", "n_correct": "131.31", "ppl": "3.57", "accuracy": "72.038", "wps": "396.4", "ups": "2.17", "wpb": "182.3", "bsz": "9.7", "num_updates": "11000", "lr": "0.000860892", "gnorm": "28.999", "loss_scale": "128", "train_wall": "11", "gb_free": "75.7", "wall": "6167"}
[2026-06-13 22:09:03,973][train_inner][INFO] - {"epoch": 4, "update": 3.526, "loss": "59.649", "nll_loss": "1.814", "total": "181.47", "n_correct": "131.86", "ppl": "3.52", "accuracy": "72.662", "wps": "405.5", "ups": "2.23", "wpb": "181.5", "bsz": "9.2", "num_updates": "11200", "lr": "0.000835484", "gnorm": "29.336", "loss_scale": "128", "train_wall": "11", "gb_free": "75.7", "wall": "6257"}
[2026-06-13 22:10:31,445][train_inner][INFO] - {"epoch": 4, "update": 3.589, "loss": "54.314", "nll_loss": "1.705", "total": "181.29", "n_correct": "134.53", "ppl": "3.26", "accuracy": "74.207", "wps": "414.6", "ups": "2.29", "wpb": "181.3", "bsz": "9.8", "num_updates": "11400", "lr": "0.000810826", "gnorm": "27.169", "loss_scale": "128", "train_wall": "11", "gb_free": "75.7", "wall": "6344"}
[2026-06-13 22:12:04,908][train_inner][INFO] - {"epoch": 4, "update": 3.652, "loss": "56.61", "nll_loss": "1.712", "total": "180.505", "n_correct": "133.89", "ppl": "3.28", "accuracy": "74.175", "wps": "386.3", "ups": "2.14", "wpb": "180.5", "bsz": "9.3", "num_updates": "11600", "lr": "0.000786896", "gnorm": "29.001", "loss_scale": "128", "train_wall": "11", "gb_free": "75.7", "wall": "6438"}
[2026-06-13 22:13:31,599][train_inner][INFO] - {"epoch": 4, "update": 3.715, "loss": "55.53", "nll_loss": "1.648", "total": "179.3", "n_correct": "134.6", "ppl": "3.13", "accuracy": "75.07", "wps": "413.7", "ups": "2.31", "wpb": "179.3", "bsz": "9.3", "num_updates": "11800", "lr": "0.000763673", "gnorm": "26.152", "loss_scale": "128", "train_wall": "11", "gb_free": "75.7", "wall": "6524"}
[2026-06-13 22:15:00,953][train_inner][INFO] - {"epoch": 4, "update": 3.778, "loss": "55.238", "nll_loss": "1.619", "total": "183.885", "n_correct": "138.755", "ppl": "3.07", "accuracy": "75.457", "wps": "411.6", "ups": "2.24", "wpb": "183.9", "bsz": "9.5", "num_updates": "12000", "lr": "0.000741134", "gnorm": "27.196", "loss_scale": "128", "train_wall": "11", "gb_free": "75.7", "wall": "6614"}
[2026-06-13 22:16:41,933][train_inner][INFO] - {"epoch": 4, "update": 3.841, "loss": "44.347", "nll_loss": "1.441", "total": "181.22", "n_correct": "142.235", "ppl": "2.72", "accuracy": "78.487", "wps": "359", "ups": "1.98", "wpb": "181.2", "bsz": "11", "num_updates": "12200", "lr": "0.000719261", "gnorm": "22.373", "loss_scale": "128", "train_wall": "11", "gb_free": "75.7", "wall": "6715"}
[2026-06-13 22:18:16,302][train_inner][INFO] - {"epoch": 4, "update": 3.904, "loss": "50.433", "nll_loss": "1.532", "total": "181.525", "n_correct": "139.725", "ppl": "2.89", "accuracy": "76.973", "wps": "384.8", "ups": "2.12", "wpb": "181.5", "bsz": "10", "num_updates": "12400", "lr": "0.000698034", "gnorm": "25.544", "loss_scale": "128", "train_wall": "11", "gb_free": "75.7", "wall": "6809"}
[2026-06-13 22:19:44,859][train_inner][INFO] - {"epoch": 4, "update": 3.967, "loss": "52.597", "nll_loss": "1.488", "total": "180.67", "n_correct": "140.35", "ppl": "2.8", "accuracy": "77.683", "wps": "408.1", "ups": "2.26", "wpb": "180.7", "bsz": "9.4", "num_updates": "12600", "lr": "0.000677433", "gnorm": "25.096", "loss_scale": "128", "train_wall": "11", "gb_free": "75.7", "wall": "6898"}
[2026-06-13 22:20:32,379][main][INFO] - begin validation on "valid" subset
[2026-06-13 22:21:29,693][valid][INFO] - {"epoch": 4, "valid_loss": "47.007", "valid_nll_loss": "1.138", "valid_total": "178.205", "valid_n_correct": "146.22", "valid_ppl": "2.2", "valid_accuracy": "82.052", "valid_wps": "397.7", "valid_wpb": "178.2", "valid_bsz": "9.4", "valid_num_updates": "12704", "valid_best_accuracy": "82.052"}
[2026-06-13 22:21:29,694][fairseq.checkpoint_utils][INFO] - Preparing to save checkpoint for epoch 4 @ 12704 updates
[2026-06-13 22:21:29,695][trainer][INFO] - Saving checkpoint to checkpoints/checkpoint_best.pt
[2026-06-13 22:21:33,503][trainer][INFO] - Finished saving checkpoint to checkpoints/checkpoint_best.pt
[2026-06-13 22:21:38,677][fairseq.checkpoint_utils][INFO] - Saved checkpoint checkpoints/checkpoint_best.pt (epoch 4 @ 12704 updates, score 82.052) (writing took 8.982373741921037 seconds)
[2026-06-13 22:21:38,677][main][INFO] - end of epoch 4 (average epoch stats below)
[2026-06-13 22:21:38,688][train][INFO] - {"epoch": 4, "train_loss": "55.551", "train_nll_loss": "1.781", "train_total": "179.799", "train_n_correct": "131.195", "train_ppl": "3.44", "train_accuracy": "72.968", "train_wps": "373.5", "train_ups": "2.08", "train_wpb": "179.8", "train_bsz": "9.7", "train_num_updates": "12704", "train_lr": "0.000666961", "train_gnorm": "27.987", "train_loss_scale": "128", "train_train_wall": "171", "train_gb_free": "75.7", "train_wall": "7012"}
[2026-06-13 22:21:39,153][trainer][INFO] - begin training epoch 5
[2026-06-13 22:21:39,153][main][INFO] - Start iterating over samples
[2026-06-13 22:22:23,016][train_inner][INFO] - {"epoch": 5, "update": 4.03, "loss": "46.815", "nll_loss": "1.342", "total": "176.29", "n_correct": "140.605", "ppl": "2.54", "accuracy": "79.758", "wps": "223", "ups": "1.26", "wpb": "176.3", "bsz": "9.8", "num_updates": "12800", "lr": "0.00065744", "gnorm": "22.012", "loss_scale": "128", "train_wall": "11", "gb_free": "75.7", "wall": "7056"}
[2026-06-13 22:23:54,453][train_inner][INFO] - {"epoch": 5, "update": 4.093, "loss": "49.216", "nll_loss": "1.27", "total": "178.905", "n_correct": "144.83", "ppl": "2.41", "accuracy": "80.954", "wps": "391.4", "ups": "2.19", "wpb": "178.9", "bsz": "9.2", "num_updates": "13000", "lr": "0.000638036", "gnorm": "23.178", "loss_scale": "128", "train_wall": "11", "gb_free": "75.7", "wall": "7147"}
[2026-06-13 22:25:27,260][train_inner][INFO] - {"epoch": 5, "update": 4.156, "loss": "47.642", "nll_loss": "1.251", "total": "181.26", "n_correct": "147.04", "ppl": "2.38", "accuracy": "81.121", "wps": "390.7", "ups": "2.16", "wpb": "181.3", "bsz": "9.6", "num_updates": "13200", "lr": "0.000619206", "gnorm": "23.518", "loss_scale": "128", "train_wall": "11", "gb_free": "75.7", "wall": "7240"}
[2026-06-13 22:27:01,199][train_inner][INFO] - {"epoch": 5, "update": 4.219, "loss": "47.761", "nll_loss": "1.229", "total": "180.4", "n_correct": "146.735", "ppl": "2.34", "accuracy": "81.339", "wps": "384.1", "ups": "2.13", "wpb": "180.4", "bsz": "9.5", "num_updates": "13400", "lr": "0.000600931", "gnorm": "23.136", "loss_scale": "128", "train_wall": "11", "gb_free": "75.7", "wall": "7334"}
[2026-06-13 22:28:36,574][train_inner][INFO] - {"epoch": 5, "update": 4.282, "loss": "45.011", "nll_loss": "1.239", "total": "181.74", "n_correct": "147.76", "ppl": "2.36", "accuracy": "81.303", "wps": "381.2", "ups": "2.1", "wpb": "181.7", "bsz": "10.2", "num_updates": "13600", "lr": "0.000583196", "gnorm": "21.88", "loss_scale": "128", "train_wall": "11", "gb_free": "75.7", "wall": "7429"}
[2026-06-13 22:30:08,914][train_inner][INFO] - {"epoch": 5, "update": 4.345, "loss": "44.755", "nll_loss": "1.227", "total": "182.53", "n_correct": "149.05", "ppl": "2.34", "accuracy": "81.658", "wps": "395.4", "ups": "2.17", "wpb": "182.5", "bsz": "10.2", "num_updates": "13800", "lr": "0.000565984", "gnorm": "22.683", "loss_scale": "128", "train_wall": "11", "gb_free": "75.7", "wall": "7522"}
[2026-06-13 22:31:42,328][train_inner][INFO] - {"epoch": 5, "update": 4.408, "loss": "47.266", "nll_loss": "1.185", "total": "185.455", "n_correct": "152.64", "ppl": "2.27", "accuracy": "82.306", "wps": "397.1", "ups": "2.14", "wpb": "185.5", "bsz": "9.7", "num_updates": "14000", "lr": "0.00054928", "gnorm": "22.62", "loss_scale": "128", "train_wall": "11", "gb_free": "75.7", "wall": "7615"}
[2026-06-13 22:33:10,099][train_inner][INFO] - {"epoch": 5, "update": 4.471, "loss": "48.187", "nll_loss": "1.197", "total": "176.07", "n_correct": "144.785", "ppl": "2.29", "accuracy": "82.231", "wps": "401.3", "ups": "2.28", "wpb": "176.1", "bsz": "9", "num_updates": "14200", "lr": "0.000533069", "gnorm": "22.915", "loss_scale": "128", "train_wall": "11", "gb_free": "75.7", "wall": "7703"}
[2026-06-13 22:34:48,751][train_inner][INFO] - {"epoch": 5, "update": 4.534, "loss": "40.762", "nll_loss": "1.157", "total": "177.155", "n_correct": "146.94", "ppl": "2.23", "accuracy": "82.944", "wps": "359.2", "ups": "2.03", "wpb": "177.2", "bsz": "10.6", "num_updates": "14400", "lr": "0.000517337", "gnorm": "19.753", "loss_scale": "128", "train_wall": "11", "gb_free": "75.7", "wall": "7802"}
[2026-06-13 22:36:24,178][train_inner][INFO] - {"epoch": 5, "update": 4.597, "loss": "43.555", "nll_loss": "1.172", "total": "182.485", "n_correct": "150.96", "ppl": "2.25", "accuracy": "82.725", "wps": "382.5", "ups": "2.1", "wpb": "182.5", "bsz": "10.3", "num_updates": "14600", "lr": "0.000502069", "gnorm": "21.534", "loss_scale": "128", "train_wall": "11", "gb_free": "75.7", "wall": "7897"}
[2026-06-13 22:37:57,783][train_inner][INFO] - {"epoch": 5, "update": 4.66, "loss": "45.353", "nll_loss": "1.148", "total": "179.22", "n_correct": "148.685", "ppl": "2.22", "accuracy": "82.962", "wps": "383", "ups": "2.14", "wpb": "179.2", "bsz": "9.6", "num_updates": "14800", "lr": "0.000487251", "gnorm": "21.906", "loss_scale": "128", "train_wall": "11", "gb_free": "75.7", "wall": "7991"}
[2026-06-13 22:39:27,530][train_inner][INFO] - {"epoch": 5, "update": 4.723, "loss": "42.941", "nll_loss": "1.097", "total": "179.57", "n_correct": "150.675", "ppl": "2.14", "accuracy": "83.909", "wps": "400.2", "ups": "2.23", "wpb": "179.6", "bsz": "10", "num_updates": "15000", "lr": "0.000472871", "gnorm": "20.783", "loss_scale": "128", "train_wall": "11", "gb_free": "75.7", "wall": "8080"}
[2026-06-13 22:40:53,014][train_inner][INFO] - {"epoch": 5, "update": 4.786, "loss": "45.37", "nll_loss": "1.099", "total": "177.655", "n_correct": "148.945", "ppl": "2.14", "accuracy": "83.839", "wps": "415.7", "ups": "2.34", "wpb": "177.7", "bsz": "9.3", "num_updates": "15200", "lr": "0.000458915", "gnorm": "21.234", "loss_scale": "128", "train_wall": "11", "gb_free": "75.7", "wall": "8166"}
[2026-06-13 22:42:19,041][train_inner][INFO] - {"epoch": 5, "update": 4.849, "loss": "45.828", "nll_loss": "1.147", "total": "179.6", "n_correct": "149.265", "ppl": "2.21", "accuracy": "83.11", "wps": "417.6", "ups": "2.33", "wpb": "179.6", "bsz": "9.5", "num_updates": "15400", "lr": "0.000445371", "gnorm": "22.421", "loss_scale": "128", "train_wall": "11", "gb_free": "75.7", "wall": "8252"}
[2026-06-13 22:43:41,679][train_inner][INFO] - {"epoch": 5, "update": 4.912, "loss": "47.585", "nll_loss": "1.082", "total": "178.735", "n_correct": "150.335", "ppl": "2.12", "accuracy": "84.111", "wps": "432.6", "ups": "2.42", "wpb": "178.7", "bsz": "8.9", "num_updates": "15600", "lr": "0.000432227", "gnorm": "21.538", "loss_scale": "128", "train_wall": "11", "gb_free": "75.7", "wall": "8335"}
[2026-06-13 22:45:09,495][train_inner][INFO] - {"epoch": 5, "update": 4.975, "loss": "42.184", "nll_loss": "1.068", "total": "179.115", "n_correct": "151.015", "ppl": "2.1", "accuracy": "84.312", "wps": "408", "ups": "2.28", "wpb": "179.1", "bsz": "10", "num_updates": "15800", "lr": "0.00041947", "gnorm": "20.44", "loss_scale": "128", "train_wall": "11", "gb_free": "75.7", "wall": "8422"}
[2026-06-13 22:45:42,941][main][INFO] - end of epoch 5 (average epoch stats below)
[2026-06-13 22:45:42,952][train][INFO] - {"epoch": 5, "train_loss": "45.487", "train_nll_loss": "1.172", "train_total": "179.799", "train_n_correct": "148.466", "train_ppl": "2.25", "train_accuracy": "82.573", "train_wps": "395.4", "train_ups": "2.2", "train_wpb": "179.8", "train_bsz": "9.7", "train_num_updates": "15880", "train_lr": "0.000414474", "train_gnorm": "21.901", "train_loss_scale": "128", "train_train_wall": "170", "train_gb_free": "75.7", "train_wall": "8456"}
[2026-06-13 22:45:43,362][trainer][INFO] - begin training epoch 6
[2026-06-13 22:45:43,362][main][INFO] - Start iterating over samples
[2026-06-13 22:46:37,293][train_inner][INFO] - {"epoch": 6, "update": 5.038, "loss": "41.77", "nll_loss": "0.968", "total": "179.67", "n_correct": "154.19", "ppl": "1.96", "accuracy": "85.818", "wps": "409.3", "ups": "2.28", "wpb": "179.7", "bsz": "9.8", "num_updates": "16000", "lr": "0.000407091", "gnorm": "18.601", "loss_scale": "128", "train_wall": "11", "gb_free": "75.7", "wall": "8510"}
[2026-06-13 22:48:06,535][train_inner][INFO] - {"epoch": 6, "update": 5.101, "loss": "40.595", "nll_loss": "0.921", "total": "181.555", "n_correct": "157.055", "ppl": "1.89", "accuracy": "86.505", "wps": "406.9", "ups": "2.24", "wpb": "181.6", "bsz": "10", "num_updates": "16200", "lr": "0.000395076", "gnorm": "19.3", "loss_scale": "128", "train_wall": "11", "gb_free": "75.7", "wall": "8599"}
[2026-06-13 22:49:30,035][train_inner][INFO] - {"epoch": 6, "update": 5.164, "loss": "43.826", "nll_loss": "0.918", "total": "176.39", "n_correct": "152.745", "ppl": "1.89", "accuracy": "86.595", "wps": "422.5", "ups": "2.4", "wpb": "176.4", "bsz": "9", "num_updates": "16400", "lr": "0.000383416", "gnorm": "19.839", "loss_scale": "256", "train_wall": "11", "gb_free": "75.7", "wall": "8683"}
[2026-06-13 22:50:59,663][train_inner][INFO] - {"epoch": 6, "update": 5.227, "loss": "40.941", "nll_loss": "0.94", "total": "181.675", "n_correct": "156.895", "ppl": "1.92", "accuracy": "86.36", "wps": "405.4", "ups": "2.23", "wpb": "181.7", "bsz": "10", "num_updates": "16600", "lr": "0.0003721", "gnorm": "19.239", "loss_scale": "256", "train_wall": "11", "gb_free": "75.7", "wall": "8773"}
[2026-06-13 22:52:30,529][train_inner][INFO] - {"epoch": 6, "update": 5.29, "loss": "39.49", "nll_loss": "0.891", "total": "183.545", "n_correct": "159.79", "ppl": "1.85", "accuracy": "87.058", "wps": "404.1", "ups": "2.2", "wpb": "183.5", "bsz": "10.2", "num_updates": "16800", "lr": "0.000361119", "gnorm": "18.646", "loss_scale": "256", "train_wall": "11", "gb_free": "75.7", "wall": "8863"}
[2026-06-13 22:53:57,101][train_inner][INFO] - {"epoch": 6, "update": 5.353, "loss": "41.284", "nll_loss": "0.913", "total": "179.29", "n_correct": "155.825", "ppl": "1.88", "accuracy": "86.912", "wps": "414.3", "ups": "2.31", "wpb": "179.3", "bsz": "9.6", "num_updates": "17000", "lr": "0.000350461", "gnorm": "18.575", "loss_scale": "256", "train_wall": "11", "gb_free": "75.7", "wall": "8950"}
[2026-06-13 22:55:27,313][train_inner][INFO] - {"epoch": 6, "update": 5.416, "loss": "42.554", "nll_loss": "0.938", "total": "182.66", "n_correct": "157.745", "ppl": "1.92", "accuracy": "86.36", "wps": "405", "ups": "2.22", "wpb": "182.7", "bsz": "9.6", "num_updates": "17200", "lr": "0.000340118", "gnorm": "19.505", "loss_scale": "256", "train_wall": "11", "gb_free": "75.7", "wall": "9040"}
[2026-06-13 22:56:52,049][train_inner][INFO] - {"epoch": 6, "update": 5.479, "loss": "42.844", "nll_loss": "0.906", "total": "177.635", "n_correct": "154.425", "ppl": "1.87", "accuracy": "86.934", "wps": "419.3", "ups": "2.36", "wpb": "177.6", "bsz": "9.2", "num_updates": "17400", "lr": "0.00033008", "gnorm": "19.078", "loss_scale": "256", "train_wall": "11", "gb_free": "75.7", "wall": "9125"}
[2026-06-13 22:58:19,597][train_inner][INFO] - {"epoch": 6, "update": 5.542, "loss": "41.319", "nll_loss": "0.898", "total": "180.2", "n_correct": "156.795", "ppl": "1.86", "accuracy": "87.012", "wps": "411.7", "ups": "2.28", "wpb": "180.2", "bsz": "9.6", "num_updates": "17600", "lr": "0.000320338", "gnorm": "19.45", "loss_scale": "256", "train_wall": "11", "gb_free": "75.7", "wall": "9212"}
[2026-06-13 22:59:49,661][train_inner][INFO] - {"epoch": 6, "update": 5.605, "loss": "41.822", "nll_loss": "0.875", "total": "183.14", "n_correct": "160.33", "ppl": "1.83", "accuracy": "87.545", "wps": "406.8", "ups": "2.22", "wpb": "183.1", "bsz": "9.6", "num_updates": "17800", "lr": "0.000310884", "gnorm": "18.469", "loss_scale": "256", "train_wall": "11", "gb_free": "75.7", "wall": "9303"}
[2026-06-13 23:01:19,833][train_inner][INFO] - {"epoch": 6, "update": 5.668, "loss": "38.282", "nll_loss": "0.9", "total": "176.32", "n_correct": "153.055", "ppl": "1.87", "accuracy": "86.805", "wps": "391.1", "ups": "2.22", "wpb": "176.3", "bsz": "10.2", "num_updates": "18000", "lr": "0.000301709", "gnorm": "18.143", "loss_scale": "256", "train_wall": "11", "gb_free": "75.7", "wall": "9393"}
[2026-06-13 23:02:53,930][train_inner][INFO] - {"epoch": 6, "update": 5.73, "loss": "40.249", "nll_loss": "0.882", "total": "179.7", "n_correct": "157.045", "ppl": "1.84", "accuracy": "87.393", "wps": "382", "ups": "2.13", "wpb": "179.7", "bsz": "9.8", "num_updates": "18200", "lr": "0.000292804", "gnorm": "19.311", "loss_scale": "256", "train_wall": "11", "gb_free": "75.7", "wall": "9487"}
[2026-06-13 23:04:26,358][train_inner][INFO] - {"epoch": 6, "update": 5.793, "loss": "39.993", "nll_loss": "0.88", "total": "180.685", "n_correct": "158.19", "ppl": "1.84", "accuracy": "87.55", "wps": "391", "ups": "2.16", "wpb": "180.7", "bsz": "9.9", "num_updates": "18400", "lr": "0.000284163", "gnorm": "18.055", "loss_scale": "256", "train_wall": "11", "gb_free": "75.7", "wall": "9579"}
[2026-06-13 23:06:01,869][train_inner][INFO] - {"epoch": 6, "update": 5.856, "loss": "37.685", "nll_loss": "0.857", "total": "179.465", "n_correct": "157.625", "ppl": "1.81", "accuracy": "87.83", "wps": "375.8", "ups": "2.09", "wpb": "179.5", "bsz": "10.3", "num_updates": "18600", "lr": "0.000275776", "gnorm": "17.315", "loss_scale": "256", "train_wall": "11", "gb_free": "75.7", "wall": "9675"}
[2026-06-13 23:07:33,459][train_inner][INFO] - {"epoch": 6, "update": 5.919, "loss": "39.93", "nll_loss": "0.863", "total": "179.14", "n_correct": "157.205", "ppl": "1.82", "accuracy": "87.755", "wps": "391.2", "ups": "2.18", "wpb": "179.1", "bsz": "9.7", "num_updates": "18800", "lr": "0.000267637", "gnorm": "17.77", "loss_scale": "256", "train_wall": "11", "gb_free": "75.7", "wall": "9766"}
[2026-06-13 23:09:01,899][train_inner][INFO] - {"epoch": 6, "update": 5.982, "loss": "43.831", "nll_loss": "0.857", "total": "175.545", "n_correct": "153.86", "ppl": "1.81", "accuracy": "87.647", "wps": "397", "ups": "2.26", "wpb": "175.5", "bsz": "8.7", "num_updates": "19000", "lr": "0.000259739", "gnorm": "19.216", "loss_scale": "256", "train_wall": "11", "gb_free": "75.7", "wall": "9855"}
[2026-06-13 23:09:27,466][main][INFO] - begin validation on "valid" subset
[2026-06-13 23:10:23,131][valid][INFO] - {"epoch": 6, "valid_loss": "39.856", "valid_nll_loss": "0.761", "valid_total": "178.205", "valid_n_correct": "158.346", "valid_ppl": "1.69", "valid_accuracy": "88.856", "valid_wps": "409.7", "valid_wpb": "178.2", "valid_bsz": "9.4", "valid_num_updates": "19056", "valid_best_accuracy": "88.856"}
[2026-06-13 23:10:23,132][fairseq.checkpoint_utils][INFO] - Preparing to save checkpoint for epoch 6 @ 19056 updates
[2026-06-13 23:10:23,133][trainer][INFO] - Saving checkpoint to checkpoints/checkpoint_best.pt
[2026-06-13 23:10:26,854][trainer][INFO] - Finished saving checkpoint to checkpoints/checkpoint_best.pt
[2026-06-13 23:10:32,158][fairseq.checkpoint_utils][INFO] - Saved checkpoint checkpoints/checkpoint_best.pt (epoch 6 @ 19056 updates, score 88.856) (writing took 9.025837801978923 seconds)
[2026-06-13 23:10:32,158][main][INFO] - end of epoch 6 (average epoch stats below)
[2026-06-13 23:10:32,166][train][INFO] - {"epoch": 6, "train_loss": "40.876", "train_nll_loss": "0.896", "train_total": "179.799", "train_n_correct": "156.555", "train_ppl": "1.86", "train_accuracy": "87.072", "train_wps": "383.5", "train_ups": "2.13", "train_wpb": "179.8", "train_bsz": "9.7", "train_num_updates": "19056", "train_lr": "0.000257569", "train_gnorm": "18.763", "train_loss_scale": "256", "train_train_wall": "170", "train_gb_free": "75.7", "train_wall": "9945"}
[2026-06-13 23:10:32,614][trainer][INFO] - begin training epoch 7
[2026-06-13 23:10:32,614][main][INFO] - Start iterating over samples
[2026-06-13 23:11:42,962][train_inner][INFO] - {"epoch": 7, "update": 6.045, "loss": "36.675", "nll_loss": "0.774", "total": "179.55", "n_correct": "160.2", "ppl": "1.71", "accuracy": "89.223", "wps": "223", "ups": "1.24", "wpb": "179.6", "bsz": "10.2", "num_updates": "19200", "lr": "0.000252073", "gnorm": "16.455", "loss_scale": "256", "train_wall": "11", "gb_free": "75.7", "wall": "10016"}
[2026-06-13 23:13:17,048][train_inner][INFO] - {"epoch": 7, "update": 6.108, "loss": "40.579", "nll_loss": "0.752", "total": "182.085", "n_correct": "162.865", "ppl": "1.68", "accuracy": "89.444", "wps": "387.1", "ups": "2.13", "wpb": "182.1", "bsz": "9.3", "num_updates": "19400", "lr": "0.000244633", "gnorm": "17.622", "loss_scale": "256", "train_wall": "11", "gb_free": "75.7", "wall": "10110"}
[2026-06-13 23:14:50,233][train_inner][INFO] - {"epoch": 7, "update": 6.171, "loss": "36.925", "nll_loss": "0.753", "total": "180.175", "n_correct": "160.935", "ppl": "1.69", "accuracy": "89.321", "wps": "386.8", "ups": "2.15", "wpb": "180.2", "bsz": "10.1", "num_updates": "19600", "lr": "0.000237414", "gnorm": "16.892", "loss_scale": "256", "train_wall": "11", "gb_free": "75.7", "wall": "10203"}
[2026-06-13 23:16:25,273][train_inner][INFO] - {"epoch": 7, "update": 6.234, "loss": "35.418", "nll_loss": "0.747", "total": "177.69", "n_correct": "158.975", "ppl": "1.68", "accuracy": "89.468", "wps": "374", "ups": "2.1", "wpb": "177.7", "bsz": "10.4", "num_updates": "19800", "lr": "0.000230407", "gnorm": "16.627", "loss_scale": "256", "train_wall": "11", "gb_free": "75.7", "wall": "10298"}
[2026-06-13 23:17:53,218][train_inner][INFO] - {"epoch": 7, "update": 6.297, "loss": "41.786", "nll_loss": "0.789", "total": "179.895", "n_correct": "160.12", "ppl": "1.73", "accuracy": "89.007", "wps": "409.2", "ups": "2.27", "wpb": "179.9", "bsz": "9.1", "num_updates": "20000", "lr": "0.000223607", "gnorm": "18.199", "loss_scale": "256", "train_wall": "11", "gb_free": "75.7", "wall": "10386"}
[2026-06-13 23:19:27,742][train_inner][INFO] - {"epoch": 7, "update": 6.36, "loss": "37.255", "nll_loss": "0.736", "total": "182.98", "n_correct": "164.555", "ppl": "1.67", "accuracy": "89.931", "wps": "387.2", "ups": "2.12", "wpb": "183", "bsz": "10.1", "num_updates": "20200", "lr": "0.000217007", "gnorm": "16.464", "loss_scale": "256", "train_wall": "11", "gb_free": "75.7", "wall": "10481"}
[2026-06-13 23:20:56,365][train_inner][INFO] - {"epoch": 7, "update": 6.423, "loss": "38.12", "nll_loss": "0.732", "total": "180.46", "n_correct": "162.125", "ppl": "1.66", "accuracy": "89.84", "wps": "407.3", "ups": "2.26", "wpb": "180.5", "bsz": "9.7", "num_updates": "20400", "lr": "0.000210603", "gnorm": "16.723", "loss_scale": "256", "train_wall": "11", "gb_free": "75.7", "wall": "10569"}
[2026-06-13 23:22:27,580][train_inner][INFO] - {"epoch": 7, "update": 6.486, "loss": "38.786", "nll_loss": "0.77", "total": "178.87", "n_correct": "159.53", "ppl": "1.71", "accuracy": "89.188", "wps": "392.3", "ups": "2.19", "wpb": "178.9", "bsz": "9.6", "num_updates": "20600", "lr": "0.000204387", "gnorm": "18.158", "loss_scale": "256", "train_wall": "11", "gb_free": "75.7", "wall": "10660"}
[2026-06-13 23:23:57,683][train_inner][INFO] - {"epoch": 7, "update": 6.549, "loss": "38.827", "nll_loss": "0.74", "total": "179.785", "n_correct": "161.315", "ppl": "1.67", "accuracy": "89.727", "wps": "399.1", "ups": "2.22", "wpb": "179.8", "bsz": "9.5", "num_updates": "20800", "lr": "0.000198355", "gnorm": "17.073", "loss_scale": "256", "train_wall": "11", "gb_free": "75.7", "wall": "10751"}
[2026-06-13 23:25:31,594][train_inner][INFO] - {"epoch": 7, "update": 6.612, "loss": "36.831", "nll_loss": "0.749", "total": "182.095", "n_correct": "162.98", "ppl": "1.68", "accuracy": "89.503", "wps": "387.8", "ups": "2.13", "wpb": "182.1", "bsz": "10.2", "num_updates": "21000", "lr": "0.000192501", "gnorm": "16.986", "loss_scale": "256", "train_wall": "11", "gb_free": "75.7", "wall": "10844"}
[2026-06-13 23:27:03,328][train_inner][INFO] - {"epoch": 7, "update": 6.675, "loss": "37.28", "nll_loss": "0.724", "total": "180.125", "n_correct": "162.05", "ppl": "1.65", "accuracy": "89.965", "wps": "392.8", "ups": "2.18", "wpb": "180.1", "bsz": "9.9", "num_updates": "21200", "lr": "0.00018682", "gnorm": "17.716", "loss_scale": "256", "train_wall": "11", "gb_free": "75.7", "wall": "10936"}
[2026-06-13 23:28:33,535][train_inner][INFO] - {"epoch": 7, "update": 6.738, "loss": "39.709", "nll_loss": "0.78", "total": "178.32", "n_correct": "158.92", "ppl": "1.72", "accuracy": "89.121", "wps": "395.5", "ups": "2.22", "wpb": "178.3", "bsz": "9.4", "num_updates": "21400", "lr": "0.000181306", "gnorm": "18.381", "loss_scale": "256", "train_wall": "11", "gb_free": "75.7", "wall": "11026"}
[2026-06-13 23:30:04,519][train_inner][INFO] - {"epoch": 7, "update": 6.801, "loss": "41.352", "nll_loss": "0.721", "total": "178.405", "n_correct": "160.795", "ppl": "1.65", "accuracy": "90.129", "wps": "392.2", "ups": "2.2", "wpb": "178.4", "bsz": "8.8", "num_updates": "21600", "lr": "0.000175955", "gnorm": "18.382", "loss_scale": "256", "train_wall": "11", "gb_free": "75.7", "wall": "11117"}
[2026-06-13 23:31:34,492][train_inner][INFO] - {"epoch": 7, "update": 6.864, "loss": "38.854", "nll_loss": "0.737", "total": "180", "n_correct": "161.675", "ppl": "1.67", "accuracy": "89.819", "wps": "400.2", "ups": "2.22", "wpb": "180", "bsz": "9.5", "num_updates": "21800", "lr": "0.000170762", "gnorm": "18.38", "loss_scale": "256", "train_wall": "11", "gb_free": "75.7", "wall": "11207"}
[2026-06-13 23:33:01,817][train_inner][INFO] - {"epoch": 7, "update": 6.927, "loss": "38.233", "nll_loss": "0.719", "total": "176.71", "n_correct": "159.28", "ppl": "1.65", "accuracy": "90.136", "wps": "404.8", "ups": "2.29", "wpb": "176.7", "bsz": "9.4", "num_updates": "22000", "lr": "0.000165723", "gnorm": "16.721", "loss_scale": "256", "train_wall": "11", "gb_free": "75.7", "wall": "11295"}
[2026-06-13 23:34:34,507][train_inner][INFO] - {"epoch": 7, "update": 6.99, "loss": "37.435", "nll_loss": "0.717", "total": "178.495", "n_correct": "161.035", "ppl": "1.64", "accuracy": "90.218", "wps": "385.2", "ups": "2.16", "wpb": "178.5", "bsz": "9.7", "num_updates": "22200", "lr": "0.000160832", "gnorm": "16.127", "loss_scale": "256", "train_wall": "11", "gb_free": "75.7", "wall": "11387"}
[2026-06-13 23:34:48,161][main][INFO] - end of epoch 7 (average epoch stats below)
[2026-06-13 23:34:48,172][train][INFO] - {"epoch": 7, "train_loss": "38.32", "train_nll_loss": "0.745", "train_total": "179.799", "train_n_correct": "161.192", "train_ppl": "1.68", "train_accuracy": "89.651", "train_wps": "392.2", "train_ups": "2.18", "train_wpb": "179.8", "train_bsz": "9.7", "train_num_updates": "22232", "train_lr": "0.000160063", "train_gnorm": "17.305", "train_loss_scale": "256", "train_train_wall": "171", "train_gb_free": "75.7", "train_wall": "11401"}
[2026-06-13 23:34:48,604][trainer][INFO] - begin training epoch 8
[2026-06-13 23:34:48,605][main][INFO] - Start iterating over samples
[2026-06-13 23:36:04,349][train_inner][INFO] - {"epoch": 8, "update": 7.053, "loss": "38.837", "nll_loss": "0.665", "total": "183.345", "n_correct": "166.72", "ppl": "1.59", "accuracy": "90.932", "wps": "408.2", "ups": "2.23", "wpb": "183.3", "bsz": "9.4", "num_updates": "22400", "lr": "0.000156085", "gnorm": "17.193", "loss_scale": "256", "train_wall": "11", "gb_free": "75.7", "wall": "11477"}
[2026-06-13 23:37:33,840][train_inner][INFO] - {"epoch": 8, "update": 7.116, "loss": "37.176", "nll_loss": "0.673", "total": "179.435", "n_correct": "162.995", "ppl": "1.59", "accuracy": "90.838", "wps": "401.1", "ups": "2.24", "wpb": "179.4", "bsz": "9.7", "num_updates": "22600", "lr": "0.000151479", "gnorm": "16.69", "loss_scale": "256", "train_wall": "11", "gb_free": "75.7", "wall": "11567"}
[2026-06-13 23:39:09,570][train_inner][INFO] - {"epoch": 8, "update": 7.179, "loss": "35.684", "nll_loss": "0.672", "total": "181.61", "n_correct": "165.105", "ppl": "1.59", "accuracy": "90.912", "wps": "379.5", "ups": "2.09", "wpb": "181.6", "bsz": "10.2", "num_updates": "22800", "lr": "0.000147008", "gnorm": "15.68", "loss_scale": "256", "train_wall": "11", "gb_free": "75.7", "wall": "11662"}
[2026-06-13 23:40:41,897][train_inner][INFO] - {"epoch": 8, "update": 7.242, "loss": "40.14", "nll_loss": "0.647", "total": "180.78", "n_correct": "165.27", "ppl": "1.57", "accuracy": "91.421", "wps": "391.7", "ups": "2.17", "wpb": "180.8", "bsz": "8.9", "num_updates": "23000", "lr": "0.000142669", "gnorm": "17.359", "loss_scale": "256", "train_wall": "11", "gb_free": "75.7", "wall": "11755"}
[2026-06-13 23:42:15,338][train_inner][INFO] - {"epoch": 8, "update": 7.305, "loss": "35.909", "nll_loss": "0.625", "total": "176.93", "n_correct": "162.25", "ppl": "1.54", "accuracy": "91.703", "wps": "378.8", "ups": "2.14", "wpb": "176.9", "bsz": "9.7", "num_updates": "23200", "lr": "0.000138459", "gnorm": "15.673", "loss_scale": "256", "train_wall": "11", "gb_free": "75.7", "wall": "11848"}
[2026-06-13 23:43:47,225][train_inner][INFO] - {"epoch": 8, "update": 7.368, "loss": "34.877", "nll_loss": "0.662", "total": "179.45", "n_correct": "163.625", "ppl": "1.58", "accuracy": "91.181", "wps": "390.6", "ups": "2.18", "wpb": "179.4", "bsz": "10.2", "num_updates": "23400", "lr": "0.000134372", "gnorm": "15.208", "loss_scale": "256", "train_wall": "11", "gb_free": "75.7", "wall": "11940"}
[2026-06-13 23:45:17,449][train_inner][INFO] - {"epoch": 8, "update": 7.431, "loss": "36.204", "nll_loss": "0.63", "total": "175.58", "n_correct": "161.045", "ppl": "1.55", "accuracy": "91.722", "wps": "389.3", "ups": "2.22", "wpb": "175.6", "bsz": "9.5", "num_updates": "23600", "lr": "0.000130407", "gnorm": "15.953", "loss_scale": "256", "train_wall": "11", "gb_free": "75.7", "wall": "12030"}
[2026-06-13 23:46:49,940][train_inner][INFO] - {"epoch": 8, "update": 7.494, "loss": "36.986", "nll_loss": "0.661", "total": "179.02", "n_correct": "162.895", "ppl": "1.58", "accuracy": "90.993", "wps": "387.2", "ups": "2.16", "wpb": "179", "bsz": "9.6", "num_updates": "23800", "lr": "0.000126558", "gnorm": "16.435", "loss_scale": "256", "train_wall": "11", "gb_free": "75.7", "wall": "12123"}
[2026-06-13 23:48:19,402][train_inner][INFO] - {"epoch": 8, "update": 7.557, "loss": "38.65", "nll_loss": "0.629", "total": "181.39", "n_correct": "166.375", "ppl": "1.55", "accuracy": "91.722", "wps": "405.6", "ups": "2.24", "wpb": "181.4", "bsz": "9.2", "num_updates": "24000", "lr": "0.000122823", "gnorm": "17.186", "loss_scale": "256", "train_wall": "11", "gb_free": "75.7", "wall": "12212"}
[2026-06-13 23:48:35,578][trainer][INFO] - NOTE: gradient overflow detected, ignoring gradient, setting loss scale to: 128.0
[2026-06-13 23:48:36,334][trainer][INFO] - NOTE: gradient overflow detected, ignoring gradient, setting loss scale to: 64.0
[2026-06-13 23:49:35,490][trainer][INFO] - NOTE: gradient overflow detected, ignoring gradient, setting loss scale to: 32.0
[2026-06-13 23:49:52,913][train_inner][INFO] - {"epoch": 8, "update": 7.621, "loss": "36.791", "nll_loss": "0.703", "total": "179.54", "n_correct": "162.325", "ppl": "1.63", "accuracy": "90.412", "wps": "384", "ups": "2.14", "wpb": "179.5", "bsz": "9.9", "num_updates": "24200", "lr": "0.000119198", "gnorm": "88.844", "loss_scale": "32", "train_wall": "20", "gb_free": "74", "wall": "12306"}
[2026-06-13 23:51:28,711][train_inner][INFO] - {"epoch": 8, "update": 7.684, "loss": "36.578", "nll_loss": "0.669", "total": "181.41", "n_correct": "165.2", "ppl": "1.59", "accuracy": "91.064", "wps": "378.8", "ups": "2.09", "wpb": "181.4", "bsz": "9.9", "num_updates": "24400", "lr": "0.00011568", "gnorm": "77.123", "loss_scale": "32", "train_wall": "16", "gb_free": "73.4", "wall": "12402"}
[2026-06-13 23:53:02,609][train_inner][INFO] - {"epoch": 8, "update": 7.747, "loss": "38.713", "nll_loss": "0.687", "total": "180.245", "n_correct": "163.45", "ppl": "1.61", "accuracy": "90.682", "wps": "384", "ups": "2.13", "wpb": "180.2", "bsz": "9.4", "num_updates": "24600", "lr": "0.000112266", "gnorm": "79.377", "loss_scale": "32", "train_wall": "16", "gb_free": "73.5", "wall": "12496"}
[2026-06-13 23:54:38,239][train_inner][INFO] - {"epoch": 8, "update": 7.81, "loss": "37.59", "nll_loss": "0.691", "total": "179.265", "n_correct": "162.23", "ppl": "1.61", "accuracy": "90.497", "wps": "375", "ups": "2.09", "wpb": "179.3", "bsz": "9.6", "num_updates": "24800", "lr": "0.000108953", "gnorm": "77.044", "loss_scale": "32", "train_wall": "16", "gb_free": "73.6", "wall": "12591"}
[2026-06-13 23:56:14,683][train_inner][INFO] - {"epoch": 8, "update": 7.872, "loss": "34.537", "nll_loss": "0.696", "total": "180.045", "n_correct": "162.81", "ppl": "1.62", "accuracy": "90.427", "wps": "373.4", "ups": "2.07", "wpb": "180", "bsz": "10.5", "num_updates": "25000", "lr": "0.000105737", "gnorm": "71.909", "loss_scale": "32", "train_wall": "16", "gb_free": "74", "wall": "12688"}
[2026-06-13 23:57:46,210][train_inner][INFO] - {"epoch": 8, "update": 7.935, "loss": "37.825", "nll_loss": "0.677", "total": "181.265", "n_correct": "164.545", "ppl": "1.6", "accuracy": "90.776", "wps": "396.1", "ups": "2.19", "wpb": "181.3", "bsz": "9.6", "num_updates": "25200", "lr": "0.000102617", "gnorm": "71.441", "loss_scale": "32", "train_wall": "16", "gb_free": "74", "wall": "12779"}
[2026-06-13 23:59:19,298][train_inner][INFO] - {"epoch": 8, "update": 7.998, "loss": "37.182", "nll_loss": "0.677", "total": "177.69", "n_correct": "161.515", "ppl": "1.6", "accuracy": "90.897", "wps": "381.8", "ups": "2.15", "wpb": "177.7", "bsz": "9.6", "num_updates": "25400", "lr": "9.9588e-05", "gnorm": "68.198", "loss_scale": "32", "train_wall": "16", "gb_free": "73.7", "wall": "12872"}
[2026-06-13 23:59:21,715][main][INFO] - begin validation on "valid" subset
[2026-06-14 00:00:15,385][valid][INFO] - {"epoch": 8, "valid_loss": "38.324", "valid_nll_loss": "0.672", "valid_total": "178.205", "valid_n_correct": "161.512", "valid_ppl": "1.59", "valid_accuracy": "90.633", "valid_wps": "424.5", "valid_wpb": "178.2", "valid_bsz": "9.4", "valid_num_updates": "25405", "valid_best_accuracy": "90.633"}
[2026-06-14 00:00:15,386][fairseq.checkpoint_utils][INFO] - Preparing to save checkpoint for epoch 8 @ 25405 updates
[2026-06-14 00:00:15,386][trainer][INFO] - Saving checkpoint to checkpoints/checkpoint_best.pt
[2026-06-14 00:00:20,515][trainer][INFO] - Finished saving checkpoint to checkpoints/checkpoint_best.pt
[2026-06-14 00:00:25,649][fairseq.checkpoint_utils][INFO] - Saved checkpoint checkpoints/checkpoint_best.pt (epoch 8 @ 25405 updates, score 90.633) (writing took 10.263540470972657 seconds)
[2026-06-14 00:00:25,650][main][INFO] - end of epoch 8 (average epoch stats below)
[2026-06-14 00:00:25,663][train][INFO] - {"epoch": 8, "train_loss": "36.967", "train_nll_loss": "0.665", "train_total": "179.812", "train_n_correct": "163.681", "train_ppl": "1.59", "train_accuracy": "91.029", "train_wps": "371.1", "train_ups": "2.06", "train_wpb": "179.8", "train_bsz": "9.7", "train_num_updates": "25405", "train_lr": "9.95134e-05", "train_gnorm": "42.862", "train_loss_scale": "32", "train_train_wall": "211", "train_gb_free": "73.7", "train_wall": "12939"}
[2026-06-14 00:00:26,150][trainer][INFO] - begin training epoch 9
[2026-06-14 00:00:26,151][main][INFO] - Start iterating over samples
[2026-06-14 00:01:43,995][train_inner][INFO] - {"epoch": 9, "update": 8.061, "loss": "37.594", "nll_loss": "0.581", "total": "179.28", "n_correct": "165.515", "ppl": "1.5", "accuracy": "92.322", "wps": "247.8", "ups": "1.38", "wpb": "179.3", "bsz": "9.2", "num_updates": "25600", "lr": "9.66488e-05", "gnorm": "63.569", "loss_scale": "32", "train_wall": "16", "gb_free": "73.8", "wall": "13017"}
[2026-06-14 00:03:05,275][train_inner][INFO] - {"epoch": 9, "update": 8.124, "loss": "35.196", "nll_loss": "0.57", "total": "178.775", "n_correct": "165.53", "ppl": "1.48", "accuracy": "92.591", "wps": "440", "ups": "2.46", "wpb": "178.8", "bsz": "9.7", "num_updates": "25800", "lr": "9.37964e-05", "gnorm": "59.957", "loss_scale": "32", "train_wall": "16", "gb_free": "73.6", "wall": "13098"}
[2026-06-14 00:04:27,703][train_inner][INFO] - {"epoch": 9, "update": 8.187, "loss": "34.866", "nll_loss": "0.59", "total": "179.53", "n_correct": "165.795", "ppl": "1.51", "accuracy": "92.349", "wps": "435.7", "ups": "2.43", "wpb": "179.5", "bsz": "9.9", "num_updates": "26000", "lr": "9.10282e-05", "gnorm": "58.96", "loss_scale": "32", "train_wall": "16", "gb_free": "73.8", "wall": "13181"}
[2026-06-14 00:05:51,074][train_inner][INFO] - {"epoch": 9, "update": 8.25, "loss": "35.511", "nll_loss": "0.571", "total": "176.115", "n_correct": "162.93", "ppl": "1.49", "accuracy": "92.513", "wps": "422.6", "ups": "2.4", "wpb": "176.1", "bsz": "9.5", "num_updates": "26200", "lr": "8.83417e-05", "gnorm": "60.987", "loss_scale": "32", "train_wall": "16", "gb_free": "74", "wall": "13264"}
[2026-06-14 00:07:19,515][train_inner][INFO] - {"epoch": 9, "update": 8.313, "loss": "35.077", "nll_loss": "0.579", "total": "180.37", "n_correct": "166.865", "ppl": "1.49", "accuracy": "92.513", "wps": "407.9", "ups": "2.26", "wpb": "180.4", "bsz": "9.8", "num_updates": "26400", "lr": "8.57345e-05", "gnorm": "59.983", "loss_scale": "32", "train_wall": "16", "gb_free": "74.7", "wall": "13352"}
[2026-06-14 00:08:47,736][train_inner][INFO] - {"epoch": 9, "update": 8.376, "loss": "34.448", "nll_loss": "0.588", "total": "181.005", "n_correct": "167.33", "ppl": "1.5", "accuracy": "92.445", "wps": "410.4", "ups": "2.27", "wpb": "181", "bsz": "10.1", "num_updates": "26600", "lr": "8.32042e-05", "gnorm": "57.474", "loss_scale": "32", "train_wall": "16", "gb_free": "73.8", "wall": "13441"}
[2026-06-14 00:10:12,812][train_inner][INFO] - {"epoch": 9, "update": 8.439, "loss": "36.065", "nll_loss": "0.582", "total": "177.355", "n_correct": "164.055", "ppl": "1.5", "accuracy": "92.501", "wps": "417", "ups": "2.35", "wpb": "177.4", "bsz": "9.4", "num_updates": "26800", "lr": "8.07486e-05", "gnorm": "60.237", "loss_scale": "32", "train_wall": "16", "gb_free": "73.6", "wall": "13526"}
[2026-06-14 00:11:38,843][train_inner][INFO] - {"epoch": 9, "update": 8.502, "loss": "36.584", "nll_loss": "0.589", "total": "178.47", "n_correct": "164.355", "ppl": "1.5", "accuracy": "92.091", "wps": "414.9", "ups": "2.33", "wpb": "178.5", "bsz": "9.4", "num_updates": "27000", "lr": "7.83654e-05", "gnorm": "60.581", "loss_scale": "32", "train_wall": "16", "gb_free": "73.8", "wall": "13612"}
[2026-06-14 00:13:07,457][train_inner][INFO] - {"epoch": 9, "update": 8.565, "loss": "34.288", "nll_loss": "0.577", "total": "181.27", "n_correct": "167.835", "ppl": "1.49", "accuracy": "92.588", "wps": "409.2", "ups": "2.26", "wpb": "181.3", "bsz": "10.1", "num_updates": "27200", "lr": "7.60526e-05", "gnorm": "57.418", "loss_scale": "32", "train_wall": "16", "gb_free": "74.7", "wall": "13700"}
[2026-06-14 00:14:32,325][train_inner][INFO] - {"epoch": 9, "update": 8.628, "loss": "33.046", "nll_loss": "0.584", "total": "181.19", "n_correct": "167.54", "ppl": "1.5", "accuracy": "92.466", "wps": "427.1", "ups": "2.36", "wpb": "181.2", "bsz": "10.5", "num_updates": "27400", "lr": "7.38081e-05", "gnorm": "56.647", "loss_scale": "32", "train_wall": "16", "gb_free": "74", "wall": "13785"}
[2026-06-14 00:16:05,395][train_inner][INFO] - {"epoch": 9, "update": 8.691, "loss": "37.782", "nll_loss": "0.563", "total": "180.09", "n_correct": "167.14", "ppl": "1.48", "accuracy": "92.809", "wps": "387", "ups": "2.15", "wpb": "180.1", "bsz": "9.1", "num_updates": "27600", "lr": "7.16298e-05", "gnorm": "57.373", "loss_scale": "32", "train_wall": "18", "gb_free": "73.5", "wall": "13878"}
[2026-06-14 00:17:45,717][train_inner][INFO] - {"epoch": 9, "update": 8.754, "loss": "33.408", "nll_loss": "0.567", "total": "180.775", "n_correct": "167.635", "ppl": "1.48", "accuracy": "92.731", "wps": "360.4", "ups": "1.99", "wpb": "180.8", "bsz": "10.3", "num_updates": "27800", "lr": "6.95158e-05", "gnorm": "55.779", "loss_scale": "32", "train_wall": "18", "gb_free": "73.6", "wall": "13979"}
[2026-06-14 00:19:22,806][train_inner][INFO] - {"epoch": 9, "update": 8.817, "loss": "34.851", "nll_loss": "0.58", "total": "181.72", "n_correct": "168.135", "ppl": "1.49", "accuracy": "92.524", "wps": "374.4", "ups": "2.06", "wpb": "181.7", "bsz": "10", "num_updates": "28000", "lr": "6.74641e-05", "gnorm": "59.545", "loss_scale": "32", "train_wall": "18", "gb_free": "73.6", "wall": "14076"}
[2026-06-14 00:20:58,088][train_inner][INFO] - {"epoch": 9, "update": 8.88, "loss": "34.064", "nll_loss": "0.575", "total": "178.56", "n_correct": "165.435", "ppl": "1.49", "accuracy": "92.65", "wps": "374.9", "ups": "2.1", "wpb": "178.6", "bsz": "10", "num_updates": "28200", "lr": "6.54731e-05", "gnorm": "55.989", "loss_scale": "32", "train_wall": "18", "gb_free": "74", "wall": "14171"}
[2026-06-14 00:22:29,857][train_inner][INFO] - {"epoch": 9, "update": 8.943, "loss": "37.05", "nll_loss": "0.538", "total": "182.72", "n_correct": "170.665", "ppl": "1.45", "accuracy": "93.402", "wps": "398.3", "ups": "2.18", "wpb": "182.7", "bsz": "9.3", "num_updates": "28400", "lr": "6.35408e-05", "gnorm": "55.394", "loss_scale": "32", "train_wall": "18", "gb_free": "73.5", "wall": "14263"}
[2026-06-14 00:23:54,861][main][INFO] - end of epoch 9 (average epoch stats below)
[2026-06-14 00:23:54,873][train][INFO] - {"epoch": 9, "train_loss": "35.436", "train_nll_loss": "0.576", "train_total": "179.799", "train_n_correct": "166.431", "train_ppl": "1.49", "train_accuracy": "92.565", "train_wps": "405.2", "train_ups": "2.25", "train_wpb": "179.8", "train_bsz": "9.7", "train_num_updates": "28581", "train_lr": "6.18412e-05", "train_gnorm": "58.687", "train_loss_scale": "32", "train_train_wall": "263", "train_gb_free": "73.4", "train_wall": "14348"}
[2026-06-14 00:23:55,599][trainer][INFO] - begin training epoch 10
[2026-06-14 00:23:55,600][main][INFO] - Start iterating over samples
[2026-06-14 00:24:05,413][train_inner][INFO] - {"epoch": 10, "update": 9.006, "loss": "38.079", "nll_loss": "0.567", "total": "179.855", "n_correct": "166.76", "ppl": "1.48", "accuracy": "92.719", "wps": "376.5", "ups": "2.09", "wpb": "179.9", "bsz": "9", "num_updates": "28600", "lr": "6.16655e-05", "gnorm": "58.695", "loss_scale": "32", "train_wall": "18", "gb_free": "73.8", "wall": "14358"}
[2026-06-14 00:26:06,287][train_inner][INFO] - {"epoch": 10, "update": 9.069, "loss": "33.433", "nll_loss": "0.48", "total": "183.5", "n_correct": "173.215", "ppl": "1.39", "accuracy": "94.395", "wps": "303.7", "ups": "1.66", "wpb": "183.5", "bsz": "10", "num_updates": "28800", "lr": "5.98455e-05", "gnorm": "44.958", "loss_scale": "32", "train_wall": "19", "gb_free": "73.9", "wall": "14479"}
[2026-06-14 00:28:15,786][train_inner][INFO] - {"epoch": 10, "update": 9.132, "loss": "34.21", "nll_loss": "0.473", "total": "176.545", "n_correct": "166.68", "ppl": "1.39", "accuracy": "94.412", "wps": "272.7", "ups": "1.54", "wpb": "176.5", "bsz": "9.4", "num_updates": "29000", "lr": "5.80793e-05", "gnorm": "45.602", "loss_scale": "32", "train_wall": "18", "gb_free": "74.1", "wall": "14609"}
[2026-06-14 00:30:03,898][train_inner][INFO] - {"epoch": 10, "update": 9.195, "loss": "34.661", "nll_loss": "0.486", "total": "179.705", "n_correct": "169.25", "ppl": "1.4", "accuracy": "94.182", "wps": "332.5", "ups": "1.85", "wpb": "179.7", "bsz": "9.5", "num_updates": "29200", "lr": "5.63652e-05", "gnorm": "48.613", "loss_scale": "32", "train_wall": "19", "gb_free": "74.5", "wall": "14717"}
[2026-06-14 00:31:34,956][train_inner][INFO] - {"epoch": 10, "update": 9.258, "loss": "35.179", "nll_loss": "0.477", "total": "178.255", "n_correct": "168.535", "ppl": "1.39", "accuracy": "94.547", "wps": "391.6", "ups": "2.2", "wpb": "178.3", "bsz": "9.2", "num_updates": "29400", "lr": "5.47017e-05", "gnorm": "44.579", "loss_scale": "32", "train_wall": "17", "gb_free": "73.7", "wall": "14808"}
[2026-06-14 00:33:11,740][train_inner][INFO] - {"epoch": 10, "update": 9.321, "loss": "34.886", "nll_loss": "0.476", "total": "181.02", "n_correct": "171.01", "ppl": "1.39", "accuracy": "94.47", "wps": "374.1", "ups": "2.07", "wpb": "181", "bsz": "9.5", "num_updates": "29600", "lr": "5.30873e-05", "gnorm": "46.414", "loss_scale": "32", "train_wall": "18", "gb_free": "74.9", "wall": "14905"}
[2026-06-14 00:35:02,488][train_inner][INFO] - {"epoch": 10, "update": 9.384, "loss": "32.112", "nll_loss": "0.508", "total": "182.265", "n_correct": "170.77", "ppl": "1.42", "accuracy": "93.693", "wps": "329.2", "ups": "1.81", "wpb": "182.3", "bsz": "10.5", "num_updates": "29800", "lr": "5.15205e-05", "gnorm": "48.969", "loss_scale": "32", "train_wall": "18", "gb_free": "73.7", "wall": "15015"}
[2026-06-14 00:36:55,998][train_inner][INFO] - {"epoch": 10, "update": 9.447, "loss": "33.227", "nll_loss": "0.462", "total": "179.715", "n_correct": "170.15", "ppl": "1.38", "accuracy": "94.678", "wps": "316.7", "ups": "1.76", "wpb": "179.7", "bsz": "9.8", "num_updates": "30000", "lr": "5e-05", "gnorm": "43.326", "loss_scale": "32", "train_wall": "19", "gb_free": "73.6", "wall": "15129"}
[2026-06-14 00:36:55,999][main][INFO] - Stopping training due to num_updates: 30000 >= max_update: 30000
[2026-06-14 00:36:56,001][main][INFO] - begin validation on "valid" subset
[2026-06-14 00:39:28,888][valid][INFO] - {"epoch": 10, "valid_loss": "37.298", "valid_nll_loss": "0.616", "valid_total": "178.205", "valid_n_correct": "162.961", "valid_ppl": "1.53", "valid_accuracy": "91.446", "valid_wps": "147.8", "valid_wpb": "178.2", "valid_bsz": "9.4", "valid_num_updates": "30000", "valid_best_accuracy": "91.446"}
[2026-06-14 00:39:28,891][fairseq.checkpoint_utils][INFO] - Preparing to save checkpoint for epoch 10 @ 30000 updates
[2026-06-14 00:39:28,891][trainer][INFO] - Saving checkpoint to checkpoints/checkpoint_best.pt
[2026-06-14 00:39:35,263][trainer][INFO] - Finished saving checkpoint to checkpoints/checkpoint_best.pt
[2026-06-14 00:39:43,310][fairseq.checkpoint_utils][INFO] - Saved checkpoint checkpoints/checkpoint_best.pt (epoch 10 @ 30000 updates, score 91.446) (writing took 14.419210033025593 seconds)
[2026-06-14 00:39:43,313][main][INFO] - end of epoch 10 (average epoch stats below)
[2026-06-14 00:39:43,326][train][INFO] - {"epoch": 10, "train_loss": "33.927", "train_nll_loss": "0.48", "train_total": "180.173", "train_n_correct": "169.984", "train_ppl": "1.39", "train_accuracy": "94.345", "train_wps": "269.6", "train_ups": "1.5", "train_wpb": "180.2", "train_bsz": "9.7", "train_num_updates": "30000", "train_lr": "5e-05", "train_gnorm": "46.123", "train_loss_scale": "32", "train_train_wall": "130", "train_gb_free": "73.6", "train_wall": "15296"}
[2026-06-14 00:39:43,327][main][INFO] - done training in 15295.2 seconds
