/base/project/AudioVideo2Txt/main.py:23: UserWarning: 
The version_base parameter is not specified.
Please specify a compatability version level, or None.
Will assume defaults for version 1.1
  @hydra.main(config_path="configs", config_name="video2text")
/opt/conda/envs/rzd/lib/python3.10/site-packages/hydra/core/default_element.py:124: UserWarning: In 'audiovideo2text.yaml': Usage of deprecated keyword in package header '# @package _group_'.
See https://hydra.cc/docs/1.2/upgrades/1.0_to_1.1/changes_to_package_header for more information
  deprecation_warning(
sys:1: UserWarning: 
'audiovideo2text.yaml' is validated against ConfigStore schema with the same name.
This behavior is deprecated in Hydra 1.1 and will be removed in Hydra 1.2.
See https://hydra.cc/docs/1.2/upgrades/1.0_to_1.1/automatic_schema_matching for migration instructions.
/opt/conda/envs/rzd/lib/python3.10/site-packages/hydra/main.py:94: UserWarning: 
'audiovideo2text.yaml' is validated against ConfigStore schema with the same name.
This behavior is deprecated in Hydra 1.1 and will be removed in Hydra 1.2.
See https://hydra.cc/docs/1.2/upgrades/1.0_to_1.1/automatic_schema_matching for migration instructions.
  _run_hydra(
/opt/conda/envs/rzd/lib/python3.10/site-packages/hydra/_internal/hydra.py:119: UserWarning: Future Hydra versions will no longer change working directory at job runtime by default.
See https://hydra.cc/docs/1.2/upgrades/1.1_to_1.2/changes_to_job_working_dir/ for more information.
  ret = run_job(
[2026-06-13 05:47:14,706][main][INFO] - {'_name': None, 'common': {'_name': None, 'no_progress_bar': False, 'log_interval': 200, 'log_format': json, 'log_file': None, 'tensorboard_logdir': 'tblog', 'wandb_project': None, 'azureml_logging': False, 'seed': 1337, 'cpu': False, 'tpu': False, 'bf16': False, 'memory_efficient_bf16': False, 'fp16': True, 'memory_efficient_fp16': False, 'fp16_no_flatten_grads': False, 'fp16_init_scale': 128, 'fp16_scale_window': None, 'fp16_scale_tolerance': 0.0, 'on_cpu_convert_precision': False, 'min_loss_scale': 0.0001, 'threshold_loss_scale': None, 'amp': False, 'amp_batch_retries': 2, 'amp_init_scale': 128, 'amp_scale_window': None, 'user_dir': '/base/project/AudioVideo2Txt', 'empty_cache_freq': 0, 'all_gather_list_size': 16384, 'model_parallel_size': 1, 'quantization_config_path': None, 'profile': False, 'reset_logging': False, 'suppress_crashes': False, 'use_plasma_view': False, 'plasma_path': '/tmp/plasma'}, 'common_eval': {'_name': None, 'path': None, 'post_process': None, 'quiet': False, 'model_overrides': '{}', 'results_path': None}, 'distributed_training': {'_name': None, 'distributed_world_size': 1, 'distributed_num_procs': 1, 'distributed_rank': 0, 'distributed_backend': 'nccl', 'distributed_init_method': None, 'distributed_port': -1, 'device_id': 0, 'distributed_no_spawn': False, 'ddp_backend': c10d, 'ddp_comm_hook': none, 'bucket_cap_mb': 25, 'fix_batches_to_gpus': False, 'find_unused_parameters': True, 'fast_stat_sync': False, 'heartbeat_timeout': -1, 'broadcast_buffers': False, 'slowmo_momentum': None, 'slowmo_algorithm': 'LocalSGD', 'localsgd_frequency': 3, 'nprocs_per_node': 1, 'pipeline_model_parallel': False, 'pipeline_balance': None, 'pipeline_devices': None, 'pipeline_chunks': 0, 'pipeline_encoder_balance': None, 'pipeline_encoder_devices': None, 'pipeline_decoder_balance': None, 'pipeline_decoder_devices': None, 'pipeline_checkpoint': never, 'zero_sharding': none, 'fp16': '${common.fp16}', 'memory_efficient_fp16': '${common.memory_efficient_fp16}', 'tpu': '${common.tpu}', 'no_reshard_after_forward': False, 'fp32_reduce_scatter': False, 'cpu_offload': False, 'use_sharded_state': False}, 'dataset': {'_name': None, 'num_workers': 0, 'skip_invalid_size_inputs_valid_test': False, 'max_tokens': 1000, 'batch_size': None, 'required_batch_size_multiple': 8, 'required_seq_len_multiple': 1, 'dataset_impl': None, 'data_buffer_size': 10, 'train_subset': 'train', 'valid_subset': 'valid', 'combine_valid_subsets': None, 'ignore_unused_valid_subsets': False, 'validate_interval': 2, 'validate_interval_updates': 0, 'validate_after_updates': 0, 'fixed_validation_seed': None, 'disable_validation': False, 'max_tokens_valid': '${dataset.max_tokens}', 'batch_size_valid': '${dataset.batch_size}', 'max_valid_steps': None, 'curriculum': 0, 'gen_subset': 'test', 'num_shards': 1, 'shard_id': 0}, 'optimization': {'_name': None, 'max_epoch': 0, 'max_update': 30000, 'stop_time_hours': 0.0, 'clip_norm': 0.0, 'sentence_avg': True, 'update_freq': [1], 'lr': [0.001], 'stop_min_lr': -1.0, 'use_bmuf': False}, 'checkpoint': {'_name': None, 'save_dir': 'checkpoints', 'restore_file': 'checkpoint_last.pt', 'finetune_from_model': None, 'reset_dataloader': False, 'reset_lr_scheduler': False, 'reset_meters': False, 'reset_optimizer': False, 'optimizer_overrides': '{}', 'save_interval': 2, 'save_interval_updates': 0, 'keep_interval_updates': 1, 'keep_interval_updates_pattern': -1, 'keep_last_epochs': -1, 'keep_best_checkpoints': -1, 'no_save': False, 'no_epoch_checkpoints': True, 'no_last_checkpoints': False, 'no_save_optimizer_state': False, 'best_checkpoint_metric': 'accuracy', 'maximize_best_checkpoint_metric': True, 'patience': -1, 'checkpoint_suffix': '', 'checkpoint_shard_count': 1, 'load_checkpoint_on_all_dp_ranks': False, 'write_checkpoints_asynchronously': False, 'model_parallel_size': '${common.model_parallel_size}'}, 'bmuf': {'_name': None, 'block_lr': 1.0, 'block_momentum': 0.875, 'global_sync_iter': 50, 'warmup_iterations': 500, 'use_nbm': False, 'average_sync': False, 'distributed_world_size': '${distributed_training.distributed_world_size}'}, 'generation': {'_name': None, 'beam': 5, 'nbest': 1, 'max_len_a': 0.0, 'max_len_b': 200, 'min_len': 1, 'match_source_len': False, 'unnormalized': False, 'no_early_stop': False, 'no_beamable_mm': False, 'lenpen': 1.0, 'unkpen': 0.0, 'replace_unk': None, 'sacrebleu': False, 'score_reference': False, 'prefix_size': 0, 'no_repeat_ngram_size': 0, 'sampling': False, 'sampling_topk': -1, 'sampling_topp': -1.0, 'constraints': None, 'temperature': 1.0, 'diverse_beam_groups': -1, 'diverse_beam_strength': 0.5, 'diversity_rate': -1.0, 'print_alignment': None, 'print_step': False, 'lm_path': None, 'lm_weight': 0.0, 'iter_decode_eos_penalty': 0.0, 'iter_decode_max_iter': 10, 'iter_decode_force_max_iter': False, 'iter_decode_with_beam': 1, 'iter_decode_with_external_reranker': False, 'retain_iter_history': False, 'retain_dropout': False, 'retain_dropout_modules': None, 'decoding_format': None, 'no_seed_provided': False}, 'eval_lm': {'_name': None, 'output_word_probs': False, 'output_word_stats': False, 'context_window': 0, 'softmax_batch': 9223372036854775807}, 'interactive': {'_name': None, 'buffer_size': 0, 'input': '-'}, 'task': {'_name': 'av_hubert_pretraining', 'data': '/data2/final_project_data/30h_data', 'labels': ['wrd'], 'label_dir': '/data2/final_project_data/30h_data', 'label_rate': -1, 'sample_rate': 16000, 'normalize': True, 'enable_padding': False, 'max_sample_size': 500, 'min_sample_size': None, 'max_trim_sample_size': '${task.max_sample_size}', 'single_target': True, 'random_crop': False, 'pad_audio': True, 'pdb': False, 'stack_order_audio': 4, 'skip_verify': False, 'image_aug': True, 'image_crop_size': 88, 'image_mean': 0.421, 'image_std': 0.165, 'modalities': ['video', 'audio'], 'is_s2s': True, 'tokenizer_bpe_name': 'sentencepiece', 'tokenizer_bpe_model': '/data2/final_project_data/spm1000/spm_unigram1000.model', 'fine_tuning': True}, 'model': {'_name': 'av_hubert_seq2seq', 'pretrained_path': '/data2/final_project_ckpt/pretrained_model.pth', 'apply_mask': False, 'mask_selection': 'static', 'mask_length': 10, 'mask_other': 0, 'mask_prob': 0.75, 'mask_channel_selection': 'static', 'mask_channel_length': 64, 'mask_channel_other': 0, 'mask_channel_prob': 0.5, 'layerdrop': 0.1, 'dropout': 0.0, 'activation_dropout': 0.1, 'attention_dropout': 0.0, 'feature_grad_mult': 1.0, 'modality_fuse': 'concat', 'modality_dropout': 0.05, 'audio_dropout': 0.3, 'modality_dropout_mode': 'span', 'modality_dropout_span_min': 10, 'modality_dropout_span_max': 30, 'decoder_layers': 6, 'decoder_dropout': 0.1, 'decoder_attention_dropout': 0.0, 'decoder_activation_dropout': 0.1, 'freeze_finetune_updates': 24000, 'share_decoder_input_output_embed': True, 'decoder_normalize_before': True}, 'criterion': {'_name': 'label_smoothed_cross_entropy', 'report_accuracy': True, 'label_smoothing': 0.1, 'focal_gamma': 0.0, 'confidence_penalty': 0.0, 'ignore_prefix_size': 0, 'sentence_avg': '${optimization.sentence_avg}'}, 'optimizer': {'_name': 'adam', 'adam_betas': '(0.9,0.98)', 'adam_eps': 1e-08, 'weight_decay': 0.0, "use_old_adam'": False, 'tpu': '${common.tpu}', 'lr': '${optimization.lr}'}, 'lr_scheduler': {'_name': 'tri_stage', 'warmup_steps': 10000, 'hold_steps': 0, 'decay_steps': 20000, 'final_lr_scale': 0.05, 'phase_ratio': '???', 'init_lr_scale': 0.01, 'max_update': '${optimization.max_update}', 'lr': '${optimization.lr}'}, 'scoring': None, 'bpe': None, 'tokenizer': None}
[2026-06-13 05:47:15,446][models.encoder_backbone][INFO] - EncoderBackbone Config: {'_name': 'av_hubert', 'label_rate': 25, 'input_modality': '${task.input_modality}', 'extractor_mode': default, 'encoder_layers': 12, 'encoder_embed_dim': 768, 'encoder_ffn_embed_dim': 3072, 'encoder_attention_heads': 12, 'activation_fn': gelu, 'dropout': 0.0, 'attention_dropout': 0.0, 'activation_dropout': 0.1, 'encoder_layerdrop': 0.1, 'dropout_input': 0.0, 'dropout_features': 0.1, 'final_dim': 256, 'untie_final_proj': True, 'layer_norm_first': True, 'conv_feature_layers': '[(512,10,5)] + [(512,3,2)] * 4 + [(512,2,2)] * 2', 'conv_bias': False, 'logit_temp': 0.1, 'target_glu': False, 'feature_grad_mult': 1.0, 'mask_length_audio': 10, 'mask_prob_audio': 0.8, 'mask_length_image': 5, 'mask_prob_image': 0.3, 'mask_selection': static, 'mask_other': 0.0, 'no_mask_overlap': False, 'mask_min_space': 1, 'mask_channel_length': 64, 'mask_channel_prob': 0.5, 'mask_channel_selection': static, 'mask_channel_other': 0.0, 'no_mask_channel_overlap': False, 'mask_channel_min_space': 1, 'conv_pos': 128, 'conv_pos_groups': 16, 'latent_temp': [2.0, 0.5, 0.999995], 'skip_masked': False, 'skip_nomask': False, 'resnet_relu_type': 'prelu', 'resnet_weights': None, 'sim_type': 'cosine', 'sub_encoder_layers': 0, 'audio_feat_dim': 104, 'modality_dropout': 0.05, 'audio_dropout': 0.3, 'modality_dropout_mode': 'span', 'modality_dropout_span_min': 10, 'modality_dropout_span_max': 30, 'modality_fuse': 'concat', 'selection_type': 'same_seq', 'masking_type': 'input', 'decoder_embed_dim': 768, 'decoder_ffn_embed_dim': 3072, 'decoder_layers': 6, 'decoder_layerdrop': 0.0, 'decoder_attention_heads': 4, 'decoder_learned_pos': False, 'decoder_normalize_before': False, 'no_token_positional_embeddings': False, 'decoder_dropout': 0.1, 'decoder_attention_dropout': 0.1, 'decoder_activation_dropout': 0.0, 'max_target_positions': 2048, 'share_decoder_input_output_embed': False, 'no_scale_embedding': True, 'apply_mask': False, 'mask_prob': 0.75, 'mask_length': 10}
/opt/conda/envs/rzd/lib/python3.10/site-packages/torch/nn/utils/weight_norm.py:30: UserWarning: torch.nn.utils.weight_norm is deprecated in favor of torch.nn.utils.parametrizations.weight_norm.
  warnings.warn("torch.nn.utils.weight_norm is deprecated in favor of torch.nn.utils.parametrizations.weight_norm.")
[2026-06-13 05:47:16,572][models.audio_video_model][INFO] - _IncompatibleKeys(missing_keys=[], unexpected_keys=['mask_emb', 'label_embs_concat', 'final_proj.weight', 'final_proj.bias'])
[2026-06-13 05:47:17,098][main][INFO] - AudioVideoModel(
  (encoder): EncoderBackboneWrapper(
    (pretrained_model): EncoderBackbone(
      (feature_extractor_audio): AudioEncoder(
        (proj): Linear(in_features=104, out_features=768, bias=True)
      )
      (feature_extractor_video): ResEncoder(
        (frontend3D): Sequential(
          (0): Conv3d(1, 64, kernel_size=(5, 7, 7), stride=(1, 2, 2), padding=(2, 3, 3), bias=False)
          (1): BatchNorm3d(64, eps=1e-05, momentum=0.1, affine=True, track_running_stats=True)
          (2): PReLU(num_parameters=64)
          (3): MaxPool3d(kernel_size=(1, 3, 3), stride=(1, 2, 2), padding=(0, 1, 1), dilation=1, ceil_mode=False)
        )
        (trunk): ResNet(
          (layer1): Sequential(
            (0): BasicBlock(
              (conv1): Conv2d(64, 64, kernel_size=(3, 3), stride=(1, 1), padding=(1, 1), bias=False)
              (bn1): BatchNorm2d(64, eps=1e-05, momentum=0.1, affine=True, track_running_stats=True)
              (relu1): PReLU(num_parameters=64)
              (conv2): Conv2d(64, 64, kernel_size=(3, 3), stride=(1, 1), padding=(1, 1), bias=False)
              (bn2): BatchNorm2d(64, eps=1e-05, momentum=0.1, affine=True, track_running_stats=True)
              (relu2): PReLU(num_parameters=64)
            )
            (1): BasicBlock(
              (conv1): Conv2d(64, 64, kernel_size=(3, 3), stride=(1, 1), padding=(1, 1), bias=False)
              (bn1): BatchNorm2d(64, eps=1e-05, momentum=0.1, affine=True, track_running_stats=True)
              (relu1): PReLU(num_parameters=64)
              (conv2): Conv2d(64, 64, kernel_size=(3, 3), stride=(1, 1), padding=(1, 1), bias=False)
              (bn2): BatchNorm2d(64, eps=1e-05, momentum=0.1, affine=True, track_running_stats=True)
              (relu2): PReLU(num_parameters=64)
            )
          )
          (layer2): Sequential(
            (0): BasicBlock(
              (conv1): Conv2d(64, 128, kernel_size=(3, 3), stride=(2, 2), padding=(1, 1), bias=False)
              (bn1): BatchNorm2d(128, eps=1e-05, momentum=0.1, affine=True, track_running_stats=True)
              (relu1): PReLU(num_parameters=128)
              (conv2): Conv2d(128, 128, kernel_size=(3, 3), stride=(1, 1), padding=(1, 1), bias=False)
              (bn2): BatchNorm2d(128, eps=1e-05, momentum=0.1, affine=True, track_running_stats=True)
              (relu2): PReLU(num_parameters=128)
              (downsample): Sequential(
                (0): Conv2d(64, 128, kernel_size=(1, 1), stride=(2, 2), bias=False)
                (1): BatchNorm2d(128, eps=1e-05, momentum=0.1, affine=True, track_running_stats=True)
              )
            )
            (1): BasicBlock(
              (conv1): Conv2d(128, 128, kernel_size=(3, 3), stride=(1, 1), padding=(1, 1), bias=False)
              (bn1): BatchNorm2d(128, eps=1e-05, momentum=0.1, affine=True, track_running_stats=True)
              (relu1): PReLU(num_parameters=128)
              (conv2): Conv2d(128, 128, kernel_size=(3, 3), stride=(1, 1), padding=(1, 1), bias=False)
              (bn2): BatchNorm2d(128, eps=1e-05, momentum=0.1, affine=True, track_running_stats=True)
              (relu2): PReLU(num_parameters=128)
            )
          )
          (layer3): Sequential(
            (0): BasicBlock(
              (conv1): Conv2d(128, 256, kernel_size=(3, 3), stride=(2, 2), padding=(1, 1), bias=False)
              (bn1): BatchNorm2d(256, eps=1e-05, momentum=0.1, affine=True, track_running_stats=True)
              (relu1): PReLU(num_parameters=256)
              (conv2): Conv2d(256, 256, kernel_size=(3, 3), stride=(1, 1), padding=(1, 1), bias=False)
              (bn2): BatchNorm2d(256, eps=1e-05, momentum=0.1, affine=True, track_running_stats=True)
              (relu2): PReLU(num_parameters=256)
              (downsample): Sequential(
                (0): Conv2d(128, 256, kernel_size=(1, 1), stride=(2, 2), bias=False)
                (1): BatchNorm2d(256, eps=1e-05, momentum=0.1, affine=True, track_running_stats=True)
              )
            )
            (1): BasicBlock(
              (conv1): Conv2d(256, 256, kernel_size=(3, 3), stride=(1, 1), padding=(1, 1), bias=False)
              (bn1): BatchNorm2d(256, eps=1e-05, momentum=0.1, affine=True, track_running_stats=True)
              (relu1): PReLU(num_parameters=256)
              (conv2): Conv2d(256, 256, kernel_size=(3, 3), stride=(1, 1), padding=(1, 1), bias=False)
              (bn2): BatchNorm2d(256, eps=1e-05, momentum=0.1, affine=True, track_running_stats=True)
              (relu2): PReLU(num_parameters=256)
            )
          )
          (layer4): Sequential(
            (0): BasicBlock(
              (conv1): Conv2d(256, 512, kernel_size=(3, 3), stride=(2, 2), padding=(1, 1), bias=False)
              (bn1): BatchNorm2d(512, eps=1e-05, momentum=0.1, affine=True, track_running_stats=True)
              (relu1): PReLU(num_parameters=512)
              (conv2): Conv2d(512, 512, kernel_size=(3, 3), stride=(1, 1), padding=(1, 1), bias=False)
              (bn2): BatchNorm2d(512, eps=1e-05, momentum=0.1, affine=True, track_running_stats=True)
              (relu2): PReLU(num_parameters=512)
              (downsample): Sequential(
                (0): Conv2d(256, 512, kernel_size=(1, 1), stride=(2, 2), bias=False)
                (1): BatchNorm2d(512, eps=1e-05, momentum=0.1, affine=True, track_running_stats=True)
              )
            )
            (1): BasicBlock(
              (conv1): Conv2d(512, 512, kernel_size=(3, 3), stride=(1, 1), padding=(1, 1), bias=False)
              (bn1): BatchNorm2d(512, eps=1e-05, momentum=0.1, affine=True, track_running_stats=True)
              (relu1): PReLU(num_parameters=512)
              (conv2): Conv2d(512, 512, kernel_size=(3, 3), stride=(1, 1), padding=(1, 1), bias=False)
              (bn2): BatchNorm2d(512, eps=1e-05, momentum=0.1, affine=True, track_running_stats=True)
              (relu2): PReLU(num_parameters=512)
            )
          )
          (avgpool): AdaptiveAvgPool2d(output_size=1)
        )
        (proj): Linear(in_features=512, out_features=768, bias=True)
      )
      (post_extract_proj): Linear(in_features=1536, out_features=768, bias=True)
      (encoder): TransformerEncoder(
        (pos_conv): Sequential(
          (0): Conv1d(768, 768, kernel_size=(128,), stride=(1,), padding=(64,), groups=16)
          (1): SamePad()
          (2): GELU(approximate='none')
        )
        (layers): ModuleList(
          (0-11): 12 x TransformerSentenceEncoderLayer(
            (self_attn): MultiheadAttention(
              (dropout_module): Dropout(p=0.0, inplace=False)
              (k_proj): Linear(in_features=768, out_features=768, bias=True)
              (v_proj): Linear(in_features=768, out_features=768, bias=True)
              (q_proj): Linear(in_features=768, out_features=768, bias=True)
              (out_proj): Linear(in_features=768, out_features=768, bias=True)
            )
            (dropout1): Dropout(p=0.0, inplace=False)
            (dropout2): Dropout(p=0.1, inplace=False)
            (dropout3): Dropout(p=0.0, inplace=False)
            (self_attn_layer_norm): LayerNorm((768,), eps=1e-05, elementwise_affine=True)
            (fc1): Linear(in_features=768, out_features=3072, bias=True)
            (fc2): Linear(in_features=3072, out_features=768, bias=True)
            (final_layer_norm): LayerNorm((768,), eps=1e-05, elementwise_affine=True)
          )
        )
        (layer_norm): LayerNorm((768,), eps=1e-05, elementwise_affine=True)
      )
      (layer_norm): LayerNorm((1536,), eps=1e-05, elementwise_affine=True)
      (dropout_input): Dropout(p=0.0, inplace=False)
      (dropout_features): Dropout(p=0.1, inplace=False)
    )
  )
  (decoder): TransformerDecoder(
    (embed_tokens): Embedding(1000, 768, padding_idx=1)
    (embed_positions): SinusoidalPositionalEmbedding()
    (layers): ModuleList(
      (0-5): 6 x TransformerDecoderLayer(
        (dropout_module): Dropout(p=0.1, inplace=False)
        (self_attn): MultiheadAttention(
          (dropout_module): Dropout(p=0.0, inplace=False)
          (k_proj): Linear(in_features=768, out_features=768, bias=True)
          (v_proj): Linear(in_features=768, out_features=768, bias=True)
          (q_proj): Linear(in_features=768, out_features=768, bias=True)
          (out_proj): Linear(in_features=768, out_features=768, bias=True)
        )
        (activation_dropout_module): Dropout(p=0.1, inplace=False)
        (self_attn_layer_norm): LayerNorm((768,), eps=1e-05, elementwise_affine=True)
        (encoder_attn): MultiheadAttention(
          (dropout_module): Dropout(p=0.0, inplace=False)
          (k_proj): Linear(in_features=768, out_features=768, bias=True)
          (v_proj): Linear(in_features=768, out_features=768, bias=True)
          (q_proj): Linear(in_features=768, out_features=768, bias=True)
          (out_proj): Linear(in_features=768, out_features=768, bias=True)
        )
        (encoder_attn_layer_norm): LayerNorm((768,), eps=1e-05, elementwise_affine=True)
        (fc1): Linear(in_features=768, out_features=3072, bias=True)
        (fc2): Linear(in_features=3072, out_features=768, bias=True)
        (final_layer_norm): LayerNorm((768,), eps=1e-05, elementwise_affine=True)
      )
    )
    (layer_norm): LayerNorm((768,), eps=1e-05, elementwise_affine=True)
  )
)
[2026-06-13 05:47:17,100][main][INFO] - model: AudioVideoModel
[2026-06-13 05:47:17,100][main][INFO] - criterion: LabelSmoothedCrossEntropyCriterion
[2026-06-13 05:47:17,102][main][INFO] - num. shared model params: 160,100,480 (num. trained: 160,100,480)
[2026-06-13 05:47:17,103][main][INFO] - num. expert model params: 0 (num. trained: 0)
[2026-06-13 05:47:17,103][dataset][INFO] - Using tokenizer
[2026-06-13 05:47:17,153][dataset][INFO] - max_keep=500, min_keep=None, loaded 30782, skipped 0 short and 0 long and 0 unaligned, longest-loaded=155, shortest-loaded=12
[2026-06-13 05:47:17,153][dataset][INFO] - image transform: Compose(
    Normalize(mean=0.0, std=255.0)
    RandomCrop(size=(88, 88))
    <utils.model_utils.HorizontalFlip object at 0x7f937addef80>
    Normalize(mean=0.421, std=0.165)
)
[2026-06-13 05:47:17,163][dataset][INFO] - pad_audio=True, random_crop=False, normalize=True, max_sample_size=500, seqs2seq data=True,
[2026-06-13 05:47:17,163][dataset][INFO] - Using tokenizer
[2026-06-13 05:47:17,167][dataset][INFO] - max_keep=500, min_keep=None, loaded 1200, skipped 0 short and 0 long and 0 unaligned, longest-loaded=155, shortest-loaded=17
[2026-06-13 05:47:17,168][dataset][INFO] - image transform: Compose(
    Normalize(mean=0.0, std=255.0)
    <utils.model_utils.CenterCrop object at 0x7f937addf1c0>
    Normalize(mean=0.421, std=0.165)
)
[2026-06-13 05:47:17,169][dataset][INFO] - pad_audio=True, random_crop=False, normalize=True, max_sample_size=500, seqs2seq data=True,
[2026-06-13 05:47:17,850][trainer][INFO] - detected shared parameter: encoder.pretrained_model.feature_extractor_video.frontend3D.0.bias <- encoder.pretrained_model.feature_extractor_video.trunk.layer1.0.conv1.bias
[2026-06-13 05:47:17,850][trainer][INFO] - detected shared parameter: encoder.pretrained_model.feature_extractor_video.frontend3D.0.bias <- encoder.pretrained_model.feature_extractor_video.trunk.layer1.0.conv2.bias
[2026-06-13 05:47:17,850][trainer][INFO] - detected shared parameter: encoder.pretrained_model.feature_extractor_video.frontend3D.0.bias <- encoder.pretrained_model.feature_extractor_video.trunk.layer1.1.conv1.bias
[2026-06-13 05:47:17,850][trainer][INFO] - detected shared parameter: encoder.pretrained_model.feature_extractor_video.frontend3D.0.bias <- encoder.pretrained_model.feature_extractor_video.trunk.layer1.1.conv2.bias
[2026-06-13 05:47:17,850][trainer][INFO] - detected shared parameter: encoder.pretrained_model.feature_extractor_video.frontend3D.0.bias <- encoder.pretrained_model.feature_extractor_video.trunk.layer2.0.conv1.bias
[2026-06-13 05:47:17,850][trainer][INFO] - detected shared parameter: encoder.pretrained_model.feature_extractor_video.frontend3D.0.bias <- encoder.pretrained_model.feature_extractor_video.trunk.layer2.0.conv2.bias
[2026-06-13 05:47:17,850][trainer][INFO] - detected shared parameter: encoder.pretrained_model.feature_extractor_video.frontend3D.0.bias <- encoder.pretrained_model.feature_extractor_video.trunk.layer2.0.downsample.0.bias
[2026-06-13 05:47:17,851][trainer][INFO] - detected shared parameter: encoder.pretrained_model.feature_extractor_video.frontend3D.0.bias <- encoder.pretrained_model.feature_extractor_video.trunk.layer2.1.conv1.bias
[2026-06-13 05:47:17,851][trainer][INFO] - detected shared parameter: encoder.pretrained_model.feature_extractor_video.frontend3D.0.bias <- encoder.pretrained_model.feature_extractor_video.trunk.layer2.1.conv2.bias
[2026-06-13 05:47:17,851][trainer][INFO] - detected shared parameter: encoder.pretrained_model.feature_extractor_video.frontend3D.0.bias <- encoder.pretrained_model.feature_extractor_video.trunk.layer3.0.conv1.bias
[2026-06-13 05:47:17,851][trainer][INFO] - detected shared parameter: encoder.pretrained_model.feature_extractor_video.frontend3D.0.bias <- encoder.pretrained_model.feature_extractor_video.trunk.layer3.0.conv2.bias
[2026-06-13 05:47:17,852][trainer][INFO] - detected shared parameter: encoder.pretrained_model.feature_extractor_video.frontend3D.0.bias <- encoder.pretrained_model.feature_extractor_video.trunk.layer3.0.downsample.0.bias
[2026-06-13 05:47:17,852][trainer][INFO] - detected shared parameter: encoder.pretrained_model.feature_extractor_video.frontend3D.0.bias <- encoder.pretrained_model.feature_extractor_video.trunk.layer3.1.conv1.bias
[2026-06-13 05:47:17,852][trainer][INFO] - detected shared parameter: encoder.pretrained_model.feature_extractor_video.frontend3D.0.bias <- encoder.pretrained_model.feature_extractor_video.trunk.layer3.1.conv2.bias
[2026-06-13 05:47:17,852][trainer][INFO] - detected shared parameter: encoder.pretrained_model.feature_extractor_video.frontend3D.0.bias <- encoder.pretrained_model.feature_extractor_video.trunk.layer4.0.conv1.bias
[2026-06-13 05:47:17,853][trainer][INFO] - detected shared parameter: encoder.pretrained_model.feature_extractor_video.frontend3D.0.bias <- encoder.pretrained_model.feature_extractor_video.trunk.layer4.0.conv2.bias
[2026-06-13 05:47:17,853][trainer][INFO] - detected shared parameter: encoder.pretrained_model.feature_extractor_video.frontend3D.0.bias <- encoder.pretrained_model.feature_extractor_video.trunk.layer4.0.downsample.0.bias
[2026-06-13 05:47:17,853][trainer][INFO] - detected shared parameter: encoder.pretrained_model.feature_extractor_video.frontend3D.0.bias <- encoder.pretrained_model.feature_extractor_video.trunk.layer4.1.conv1.bias
[2026-06-13 05:47:17,853][trainer][INFO] - detected shared parameter: encoder.pretrained_model.feature_extractor_video.frontend3D.0.bias <- encoder.pretrained_model.feature_extractor_video.trunk.layer4.1.conv2.bias
[2026-06-13 05:47:17,853][fairseq.utils][INFO] - ***********************CUDA enviroments for all 1 workers***********************
[2026-06-13 05:47:17,854][fairseq.utils][INFO] - rank   0: capabilities =  9.0  ; total memory = 79.179 GB ; name = NVIDIA H100 80GB HBM3                   
[2026-06-13 05:47:17,855][fairseq.utils][INFO] - ***********************CUDA enviroments for all 1 workers***********************
[2026-06-13 05:47:17,855][main][INFO] - training on 1 devices (GPUs/TPUs)
[2026-06-13 05:47:17,859][main][INFO] - max tokens per device = 1000 and max sentences per device = None
[2026-06-13 05:47:17,860][trainer][INFO] - Preparing to load checkpoint checkpoints/checkpoint_last.pt
[2026-06-13 05:47:17,860][trainer][INFO] - No existing checkpoint found checkpoints/checkpoint_last.pt
[2026-06-13 05:47:18,703][trainer][INFO] - begin training epoch 1
[2026-06-13 05:47:18,703][main][INFO] - Start iterating over samples
[2026-06-13 05:49:01,567][train_inner][INFO] - {"epoch": 1, "update": 0.063, "loss": "155.05", "nll_loss": "8.515", "total": "178.305", "n_correct": "10.695", "ppl": "365.71", "accuracy": "5.998", "wps": "350.1", "ups": "1.96", "wpb": "178.3", "bsz": "10.1", "num_updates": "200", "lr": "2.98e-05", "gnorm": "93.96", "loss_scale": "128", "train_wall": "16", "gb_free": "75.7", "wall": "104"}
[2026-06-13 05:50:35,707][train_inner][INFO] - {"epoch": 1, "update": 0.126, "loss": "169.427", "nll_loss": "8.148", "total": "181.27", "n_correct": "12.285", "ppl": "283.62", "accuracy": "6.777", "wps": "385.1", "ups": "2.12", "wpb": "181.3", "bsz": "9", "num_updates": "400", "lr": "4.96e-05", "gnorm": "67.379", "loss_scale": "128", "train_wall": "13", "gb_free": "75.7", "wall": "198"}
[2026-06-13 05:52:10,454][train_inner][INFO] - {"epoch": 1, "update": 0.189, "loss": "155.76", "nll_loss": "8.023", "total": "177.86", "n_correct": "14.565", "ppl": "260.18", "accuracy": "8.189", "wps": "375.5", "ups": "2.11", "wpb": "177.9", "bsz": "9.5", "num_updates": "600", "lr": "6.94e-05", "gnorm": "53.899", "loss_scale": "128", "train_wall": "13", "gb_free": "75.7", "wall": "293"}
[2026-06-13 05:53:45,866][train_inner][INFO] - {"epoch": 1, "update": 0.252, "loss": "148.605", "nll_loss": "7.833", "total": "179.33", "n_correct": "19.79", "ppl": "228.01", "accuracy": "11.036", "wps": "375.9", "ups": "2.1", "wpb": "179.3", "bsz": "9.9", "num_updates": "800", "lr": "8.92e-05", "gnorm": "50.481", "loss_scale": "128", "train_wall": "13", "gb_free": "75.7", "wall": "388"}
[2026-06-13 05:55:18,778][train_inner][INFO] - {"epoch": 1, "update": 0.315, "loss": "152.28", "nll_loss": "7.659", "total": "176.56", "n_correct": "22.175", "ppl": "202.07", "accuracy": "12.559", "wps": "380.1", "ups": "2.15", "wpb": "176.6", "bsz": "9.3", "num_updates": "1000", "lr": "0.000109", "gnorm": "51.023", "loss_scale": "128", "train_wall": "13", "gb_free": "75.7", "wall": "481"}
[2026-06-13 05:56:50,123][train_inner][INFO] - {"epoch": 1, "update": 0.378, "loss": "149.588", "nll_loss": "7.474", "total": "177.705", "n_correct": "24.32", "ppl": "177.82", "accuracy": "13.686", "wps": "389.1", "ups": "2.19", "wpb": "177.7", "bsz": "9.3", "num_updates": "1200", "lr": "0.0001288", "gnorm": "53.054", "loss_scale": "128", "train_wall": "13", "gb_free": "75.7", "wall": "572"}
[2026-06-13 05:58:24,677][train_inner][INFO] - {"epoch": 1, "update": 0.441, "loss": "136.411", "nll_loss": "7.272", "total": "180.08", "n_correct": "27.445", "ppl": "154.56", "accuracy": "15.24", "wps": "380.9", "ups": "2.12", "wpb": "180.1", "bsz": "10.2", "num_updates": "1400", "lr": "0.0001486", "gnorm": "50.101", "loss_scale": "128", "train_wall": "13", "gb_free": "75.7", "wall": "667"}
[2026-06-13 05:59:58,107][train_inner][INFO] - {"epoch": 1, "update": 0.504, "loss": "145.041", "nll_loss": "7.202", "total": "179.95", "n_correct": "27.875", "ppl": "147.27", "accuracy": "15.49", "wps": "385.3", "ups": "2.14", "wpb": "179.9", "bsz": "9.5", "num_updates": "1600", "lr": "0.0001684", "gnorm": "50.951", "loss_scale": "128", "train_wall": "13", "gb_free": "75.7", "wall": "760"}
[2026-06-13 06:01:36,518][train_inner][INFO] - {"epoch": 1, "update": 0.567, "loss": "127.591", "nll_loss": "6.917", "total": "181.98", "n_correct": "32.56", "ppl": "120.83", "accuracy": "17.892", "wps": "369.9", "ups": "2.03", "wpb": "182", "bsz": "10.5", "num_updates": "1800", "lr": "0.0001882", "gnorm": "47.443", "loss_scale": "128", "train_wall": "13", "gb_free": "75.7", "wall": "859"}
[2026-06-13 06:03:18,656][train_inner][INFO] - {"epoch": 1, "update": 0.63, "loss": "136.274", "nll_loss": "6.856", "total": "182.14", "n_correct": "32.17", "ppl": "115.87", "accuracy": "17.662", "wps": "356.7", "ups": "1.96", "wpb": "182.1", "bsz": "9.8", "num_updates": "2000", "lr": "0.000208", "gnorm": "49.611", "loss_scale": "128", "train_wall": "13", "gb_free": "75.7", "wall": "961"}
[2026-06-13 06:04:53,333][train_inner][INFO] - {"epoch": 1, "update": 0.693, "loss": "137.094", "nll_loss": "6.75", "total": "178.665", "n_correct": "32.215", "ppl": "107.61", "accuracy": "18.031", "wps": "377.5", "ups": "2.11", "wpb": "178.7", "bsz": "9.4", "num_updates": "2200", "lr": "0.0002278", "gnorm": "49.802", "loss_scale": "128", "train_wall": "13", "gb_free": "75.7", "wall": "1055"}
[2026-06-13 06:06:30,256][train_inner][INFO] - {"epoch": 1, "update": 0.756, "loss": "137.402", "nll_loss": "6.633", "total": "180.825", "n_correct": "33.455", "ppl": "99.25", "accuracy": "18.501", "wps": "373.2", "ups": "2.06", "wpb": "180.8", "bsz": "9.4", "num_updates": "2400", "lr": "0.0002476", "gnorm": "50.896", "loss_scale": "128", "train_wall": "13", "gb_free": "75.7", "wall": "1152"}
[2026-06-13 06:08:04,951][train_inner][INFO] - {"epoch": 1, "update": 0.819, "loss": "130.438", "nll_loss": "6.415", "total": "181.03", "n_correct": "36.195", "ppl": "85.32", "accuracy": "19.994", "wps": "382.4", "ups": "2.11", "wpb": "181", "bsz": "9.7", "num_updates": "2600", "lr": "0.0002674", "gnorm": "50.732", "loss_scale": "128", "train_wall": "13", "gb_free": "75.7", "wall": "1247"}
[2026-06-13 06:09:38,568][train_inner][INFO] - {"epoch": 1, "update": 0.882, "loss": "124.816", "nll_loss": "6.198", "total": "175.29", "n_correct": "37.13", "ppl": "73.39", "accuracy": "21.182", "wps": "374.5", "ups": "2.14", "wpb": "175.3", "bsz": "9.5", "num_updates": "2800", "lr": "0.0002872", "gnorm": "50.263", "loss_scale": "128", "train_wall": "13", "gb_free": "75.7", "wall": "1341"}
[2026-06-13 06:11:13,692][train_inner][INFO] - {"epoch": 1, "update": 0.945, "loss": "126.147", "nll_loss": "6.119", "total": "183.02", "n_correct": "39.54", "ppl": "69.52", "accuracy": "21.604", "wps": "384.8", "ups": "2.1", "wpb": "183", "bsz": "9.7", "num_updates": "3000", "lr": "0.000307", "gnorm": "51.422", "loss_scale": "128", "train_wall": "13", "gb_free": "75.7", "wall": "1436"}
[2026-06-13 06:12:44,326][main][INFO] - end of epoch 1 (average epoch stats below)
[2026-06-13 06:12:44,339][train][INFO] - {"epoch": 1, "train_loss": "140.435", "train_nll_loss": "7.128", "train_total": "179.799", "train_n_correct": "27.7094", "train_ppl": "139.85", "train_accuracy": "15.411", "train_wps": "374.5", "train_ups": "2.08", "train_wpb": "179.8", "train_bsz": "9.7", "train_num_updates": "3176", "train_lr": "0.000324424", "train_gnorm": "54.538", "train_loss_scale": "128", "train_train_wall": "209", "train_gb_free": "75.7", "train_wall": "1526"}
[2026-06-13 06:12:44,780][trainer][INFO] - begin training epoch 2
[2026-06-13 06:12:44,780][main][INFO] - Start iterating over samples
[2026-06-13 06:12:56,595][train_inner][INFO] - {"epoch": 2, "update": 1.008, "loss": "118.385", "nll_loss": "5.929", "total": "181.945", "n_correct": "42.54", "ppl": "60.94", "accuracy": "23.381", "wps": "353.7", "ups": "1.94", "wpb": "181.9", "bsz": "10.1", "num_updates": "3200", "lr": "0.0003268", "gnorm": "51.433", "loss_scale": "128", "train_wall": "13", "gb_free": "75.7", "wall": "1539"}
[2026-06-13 06:14:39,526][train_inner][INFO] - {"epoch": 2, "update": 1.071, "loss": "118.795", "nll_loss": "5.763", "total": "181.22", "n_correct": "42.255", "ppl": "54.31", "accuracy": "23.317", "wps": "352.2", "ups": "1.94", "wpb": "181.2", "bsz": "9.8", "num_updates": "3400", "lr": "0.0003466", "gnorm": "51.71", "loss_scale": "128", "train_wall": "13", "gb_free": "75.7", "wall": "1642"}
[2026-06-13 06:16:38,071][train_inner][INFO] - {"epoch": 2, "update": 1.134, "loss": "112.058", "nll_loss": "5.543", "total": "184.03", "n_correct": "47.04", "ppl": "46.62", "accuracy": "25.561", "wps": "310.5", "ups": "1.69", "wpb": "184", "bsz": "10.2", "num_updates": "3600", "lr": "0.0003664", "gnorm": "52.148", "loss_scale": "128", "train_wall": "13", "gb_free": "75.7", "wall": "1760"}
[2026-06-13 06:18:11,700][train_inner][INFO] - {"epoch": 2, "update": 1.196, "loss": "118.872", "nll_loss": "5.403", "total": "177.94", "n_correct": "46.11", "ppl": "42.3", "accuracy": "25.913", "wps": "380.1", "ups": "2.14", "wpb": "177.9", "bsz": "9.1", "num_updates": "3800", "lr": "0.0003862", "gnorm": "54.812", "loss_scale": "128", "train_wall": "13", "gb_free": "75.7", "wall": "1854"}
[2026-06-13 06:19:44,479][train_inner][INFO] - {"epoch": 2, "update": 1.259, "loss": "110.981", "nll_loss": "5.147", "total": "176.96", "n_correct": "50.235", "ppl": "35.44", "accuracy": "28.388", "wps": "381.5", "ups": "2.16", "wpb": "177", "bsz": "9.4", "num_updates": "4000", "lr": "0.000406", "gnorm": "57.726", "loss_scale": "128", "train_wall": "13", "gb_free": "75.7", "wall": "1947"}
[2026-06-13 06:21:19,204][train_inner][INFO] - {"epoch": 2, "update": 1.322, "loss": "110.899", "nll_loss": "4.952", "total": "182.315", "n_correct": "54.45", "ppl": "30.95", "accuracy": "29.866", "wps": "385", "ups": "2.11", "wpb": "182.3", "bsz": "9.4", "num_updates": "4200", "lr": "0.0004258", "gnorm": "59.258", "loss_scale": "128", "train_wall": "13", "gb_free": "75.7", "wall": "2041"}
[2026-06-13 06:22:57,119][train_inner][INFO] - {"epoch": 2, "update": 1.385, "loss": "95.045", "nll_loss": "4.583", "total": "178.705", "n_correct": "60.36", "ppl": "23.97", "accuracy": "33.776", "wps": "365.1", "ups": "2.04", "wpb": "178.7", "bsz": "10.2", "num_updates": "4400", "lr": "0.0004456", "gnorm": "56.899", "loss_scale": "128", "train_wall": "13", "gb_free": "75.7", "wall": "2139"}
[2026-06-13 06:24:36,268][train_inner][INFO] - {"epoch": 2, "update": 1.448, "loss": "89.579", "nll_loss": "4.378", "total": "182.91", "n_correct": "66.255", "ppl": "20.79", "accuracy": "36.223", "wps": "369", "ups": "2.02", "wpb": "182.9", "bsz": "10.7", "num_updates": "4600", "lr": "0.0004654", "gnorm": "55.975", "loss_scale": "128", "train_wall": "13", "gb_free": "75.7", "wall": "2238"}
[2026-06-13 06:26:11,732][train_inner][INFO] - {"epoch": 2, "update": 1.511, "loss": "95.939", "nll_loss": "4.37", "total": "178.54", "n_correct": "64.145", "ppl": "20.68", "accuracy": "35.928", "wps": "374.1", "ups": "2.1", "wpb": "178.5", "bsz": "9.7", "num_updates": "4800", "lr": "0.0004852", "gnorm": "56.814", "loss_scale": "128", "train_wall": "13", "gb_free": "75.7", "wall": "2334"}
[2026-06-13 06:27:48,914][train_inner][INFO] - {"epoch": 2, "update": 1.574, "loss": "91.036", "nll_loss": "4.156", "total": "181.955", "n_correct": "69.975", "ppl": "17.83", "accuracy": "38.457", "wps": "374.5", "ups": "2.06", "wpb": "182", "bsz": "10.1", "num_updates": "5000", "lr": "0.000505", "gnorm": "54.524", "loss_scale": "128", "train_wall": "13", "gb_free": "75.7", "wall": "2431"}
[2026-06-13 06:29:24,594][train_inner][INFO] - {"epoch": 2, "update": 1.637, "loss": "86.735", "nll_loss": "4.002", "total": "178.205", "n_correct": "71.495", "ppl": "16.03", "accuracy": "40.12", "wps": "372.5", "ups": "2.09", "wpb": "178.2", "bsz": "10.1", "num_updates": "5200", "lr": "0.0005248", "gnorm": "53.537", "loss_scale": "128", "train_wall": "13", "gb_free": "75.7", "wall": "2527"}
[2026-06-13 06:31:01,002][train_inner][INFO] - {"epoch": 2, "update": 1.7, "loss": "84.259", "nll_loss": "3.9", "total": "177.005", "n_correct": "74.33", "ppl": "14.92", "accuracy": "41.993", "wps": "367.3", "ups": "2.07", "wpb": "177", "bsz": "10.1", "num_updates": "5400", "lr": "0.0005446", "gnorm": "54.349", "loss_scale": "128", "train_wall": "13", "gb_free": "75.7", "wall": "2623"}
[2026-06-13 06:32:32,753][train_inner][INFO] - {"epoch": 2, "update": 1.763, "loss": "100.738", "nll_loss": "3.966", "total": "181.805", "n_correct": "73.845", "ppl": "15.63", "accuracy": "40.618", "wps": "396.3", "ups": "2.18", "wpb": "181.8", "bsz": "8.8", "num_updates": "5600", "lr": "0.0005644", "gnorm": "59.298", "loss_scale": "128", "train_wall": "13", "gb_free": "75.7", "wall": "2715"}
[2026-06-13 06:34:06,025][train_inner][INFO] - {"epoch": 2, "update": 1.826, "loss": "93.963", "nll_loss": "3.734", "total": "179.055", "n_correct": "78.225", "ppl": "13.3", "accuracy": "43.688", "wps": "384", "ups": "2.14", "wpb": "179.1", "bsz": "8.9", "num_updates": "5800", "lr": "0.0005842", "gnorm": "54.889", "loss_scale": "128", "train_wall": "13", "gb_free": "75.7", "wall": "2808"}
[2026-06-13 06:35:38,410][train_inner][INFO] - {"epoch": 2, "update": 1.889, "loss": "91.61", "nll_loss": "3.704", "total": "178.135", "n_correct": "78.795", "ppl": "13.03", "accuracy": "44.233", "wps": "385.7", "ups": "2.17", "wpb": "178.1", "bsz": "9.1", "num_updates": "6000", "lr": "0.000604", "gnorm": "54.933", "loss_scale": "128", "train_wall": "13", "gb_free": "75.7", "wall": "2901"}
[2026-06-13 06:37:15,569][train_inner][INFO] - {"epoch": 2, "update": 1.952, "loss": "82.026", "nll_loss": "3.474", "total": "180.595", "n_correct": "85.565", "ppl": "11.12", "accuracy": "47.379", "wps": "371.8", "ups": "2.06", "wpb": "180.6", "bsz": "9.8", "num_updates": "6200", "lr": "0.0006238", "gnorm": "50.026", "loss_scale": "128", "train_wall": "13", "gb_free": "75.7", "wall": "2998"}
[2026-06-13 06:38:28,642][main][INFO] - begin validation on "valid" subset
[2026-06-13 06:39:37,585][valid][INFO] - {"epoch": 2, "valid_loss": "80.242", "valid_nll_loss": "3.226", "valid_total": "178.205", "valid_n_correct": "89.5512", "valid_ppl": "9.36", "valid_accuracy": "50.252", "valid_wps": "329.8", "valid_wpb": "178.2", "valid_bsz": "9.4", "valid_num_updates": "6352"}
[2026-06-13 06:39:37,586][fairseq.checkpoint_utils][INFO] - Preparing to save checkpoint for epoch 2 @ 6352 updates
[2026-06-13 06:39:37,586][trainer][INFO] - Saving checkpoint to checkpoints/checkpoint_best.pt
[2026-06-13 06:39:41,066][trainer][INFO] - Finished saving checkpoint to checkpoints/checkpoint_best.pt
[2026-06-13 06:39:45,999][fairseq.checkpoint_utils][INFO] - Saved checkpoint checkpoints/checkpoint_best.pt (epoch 2 @ 6352 updates, score 50.252) (writing took 8.413450011983514 seconds)
[2026-06-13 06:39:45,999][main][INFO] - end of epoch 2 (average epoch stats below)
[2026-06-13 06:39:46,010][train][INFO] - {"epoch": 2, "train_loss": "97.982", "train_nll_loss": "4.432", "train_total": "179.799", "train_n_correct": "65.0548", "train_ppl": "21.59", "train_accuracy": "36.182", "train_wps": "352.1", "train_ups": "1.96", "train_wpb": "179.8", "train_bsz": "9.7", "train_num_updates": "6352", "train_lr": "0.000638848", "train_gnorm": "54.767", "train_loss_scale": "128", "train_train_wall": "207", "train_gb_free": "75.7", "train_wall": "3148"}
[2026-06-13 06:39:46,604][trainer][INFO] - begin training epoch 3
[2026-06-13 06:39:46,604][main][INFO] - Start iterating over samples
[2026-06-13 06:40:12,509][train_inner][INFO] - {"epoch": 3, "update": 2.015, "loss": "80.114", "nll_loss": "3.334", "total": "177.825", "n_correct": "86.675", "ppl": "10.08", "accuracy": "48.742", "wps": "201", "ups": "1.13", "wpb": "177.8", "bsz": "9.6", "num_updates": "6400", "lr": "0.0006436", "gnorm": "48.475", "loss_scale": "128", "train_wall": "13", "gb_free": "75.7", "wall": "3175"}
[2026-06-13 06:41:54,240][train_inner][INFO] - {"epoch": 3, "update": 2.078, "loss": "77.118", "nll_loss": "3.202", "total": "183.205", "n_correct": "92.885", "ppl": "9.2", "accuracy": "50.7", "wps": "360.2", "ups": "1.97", "wpb": "183.2", "bsz": "10.1", "num_updates": "6600", "lr": "0.0006634", "gnorm": "48.415", "loss_scale": "128", "train_wall": "13", "gb_free": "75.7", "wall": "3276"}
[2026-06-13 06:43:37,499][train_inner][INFO] - {"epoch": 3, "update": 2.141, "loss": "75.132", "nll_loss": "3.083", "total": "177.205", "n_correct": "92.915", "ppl": "8.48", "accuracy": "52.434", "wps": "343.3", "ups": "1.94", "wpb": "177.2", "bsz": "9.8", "num_updates": "6800", "lr": "0.0006832", "gnorm": "44.928", "loss_scale": "128", "train_wall": "13", "gb_free": "75.7", "wall": "3380"}
[2026-06-13 06:45:22,133][train_inner][INFO] - {"epoch": 3, "update": 2.204, "loss": "74.723", "nll_loss": "3.091", "total": "178.395", "n_correct": "93.68", "ppl": "8.52", "accuracy": "52.513", "wps": "341.5", "ups": "1.91", "wpb": "178.4", "bsz": "9.9", "num_updates": "7000", "lr": "0.000703", "gnorm": "44.843", "loss_scale": "128", "train_wall": "13", "gb_free": "75.7", "wall": "3484"}
[2026-06-13 06:47:09,747][train_inner][INFO] - {"epoch": 3, "update": 2.267, "loss": "79.2", "nll_loss": "3.082", "total": "185.385", "n_correct": "98.615", "ppl": "8.47", "accuracy": "53.195", "wps": "344.6", "ups": "1.86", "wpb": "185.4", "bsz": "9.7", "num_updates": "7200", "lr": "0.0007228", "gnorm": "48.016", "loss_scale": "128", "train_wall": "13", "gb_free": "75.7", "wall": "3592"}
[2026-06-13 06:48:50,459][train_inner][INFO] - {"epoch": 3, "update": 2.33, "loss": "77.718", "nll_loss": "2.946", "total": "178.965", "n_correct": "98.47", "ppl": "7.71", "accuracy": "55.022", "wps": "355.4", "ups": "1.99", "wpb": "179", "bsz": "9.2", "num_updates": "7400", "lr": "0.0007426", "gnorm": "43.564", "loss_scale": "128", "train_wall": "13", "gb_free": "75.7", "wall": "3693"}
[2026-06-13 06:50:35,990][train_inner][INFO] - {"epoch": 3, "update": 2.393, "loss": "74.281", "nll_loss": "2.94", "total": "183.475", "n_correct": "101.07", "ppl": "7.67", "accuracy": "55.087", "wps": "347.8", "ups": "1.9", "wpb": "183.5", "bsz": "9.9", "num_updates": "7600", "lr": "0.0007624", "gnorm": "43.599", "loss_scale": "128", "train_wall": "13", "gb_free": "75.7", "wall": "3798"}
[2026-06-13 06:52:17,520][train_inner][INFO] - {"epoch": 3, "update": 2.456, "loss": "75.977", "nll_loss": "2.815", "total": "179.125", "n_correct": "102.12", "ppl": "7.04", "accuracy": "57.01", "wps": "352.9", "ups": "1.97", "wpb": "179.1", "bsz": "9.2", "num_updates": "7800", "lr": "0.0007822", "gnorm": "42.128", "loss_scale": "128", "train_wall": "13", "gb_free": "75.7", "wall": "3900"}
[2026-06-13 06:54:08,175][train_inner][INFO] - {"epoch": 3, "update": 2.519, "loss": "70.832", "nll_loss": "2.793", "total": "182.37", "n_correct": "104.275", "ppl": "6.93", "accuracy": "57.178", "wps": "329.7", "ups": "1.81", "wpb": "182.4", "bsz": "10", "num_updates": "8000", "lr": "0.000802", "gnorm": "41.742", "loss_scale": "128", "train_wall": "14", "gb_free": "75.7", "wall": "4010"}
[2026-06-13 06:55:53,871][train_inner][INFO] - {"epoch": 3, "update": 2.582, "loss": "70.972", "nll_loss": "2.737", "total": "179.46", "n_correct": "104.13", "ppl": "6.67", "accuracy": "58.024", "wps": "339.6", "ups": "1.89", "wpb": "179.5", "bsz": "9.7", "num_updates": "8200", "lr": "0.0008218", "gnorm": "39.809", "loss_scale": "128", "train_wall": "13", "gb_free": "75.7", "wall": "4116"}
[2026-06-13 06:57:35,027][train_inner][INFO] - {"epoch": 3, "update": 2.645, "loss": "69.959", "nll_loss": "2.687", "total": "178.09", "n_correct": "105.17", "ppl": "6.44", "accuracy": "59.054", "wps": "352.1", "ups": "1.98", "wpb": "178.1", "bsz": "9.6", "num_updates": "8400", "lr": "0.0008416", "gnorm": "38.336", "loss_scale": "128", "train_wall": "13", "gb_free": "75.7", "wall": "4217"}
[2026-06-13 06:59:11,978][train_inner][INFO] - {"epoch": 3, "update": 2.708, "loss": "72.659", "nll_loss": "2.613", "total": "177.395", "n_correct": "106.825", "ppl": "6.12", "accuracy": "60.219", "wps": "366", "ups": "2.06", "wpb": "177.4", "bsz": "9.1", "num_updates": "8600", "lr": "0.0008614", "gnorm": "38.018", "loss_scale": "128", "train_wall": "14", "gb_free": "75.7", "wall": "4314"}
[2026-06-13 07:00:55,797][train_inner][INFO] - {"epoch": 3, "update": 2.771, "loss": "67.548", "nll_loss": "2.553", "total": "181.54", "n_correct": "111.305", "ppl": "5.87", "accuracy": "61.312", "wps": "349.8", "ups": "1.93", "wpb": "181.5", "bsz": "9.9", "num_updates": "8800", "lr": "0.0008812", "gnorm": "36.922", "loss_scale": "128", "train_wall": "13", "gb_free": "75.7", "wall": "4418"}
[2026-06-13 07:02:37,187][train_inner][INFO] - {"epoch": 3, "update": 2.834, "loss": "63.02", "nll_loss": "2.452", "total": "175.895", "n_correct": "110.025", "ppl": "5.47", "accuracy": "62.552", "wps": "347", "ups": "1.97", "wpb": "175.9", "bsz": "10", "num_updates": "9000", "lr": "0.000901", "gnorm": "34.66", "loss_scale": "128", "train_wall": "13", "gb_free": "75.7", "wall": "4519"}
[2026-06-13 07:04:17,111][train_inner][INFO] - {"epoch": 3, "update": 2.897, "loss": "65.921", "nll_loss": "2.459", "total": "178.905", "n_correct": "111.42", "ppl": "5.5", "accuracy": "62.279", "wps": "358.1", "ups": "2", "wpb": "178.9", "bsz": "9.7", "num_updates": "9200", "lr": "0.0009208", "gnorm": "35.188", "loss_scale": "128", "train_wall": "14", "gb_free": "75.7", "wall": "4619"}
[2026-06-13 07:06:00,065][train_inner][INFO] - {"epoch": 3, "update": 2.96, "loss": "64.323", "nll_loss": "2.344", "total": "179", "n_correct": "115.66", "ppl": "5.08", "accuracy": "64.615", "wps": "347.8", "ups": "1.94", "wpb": "179", "bsz": "9.7", "num_updates": "9400", "lr": "0.0009406", "gnorm": "34.057", "loss_scale": "128", "train_wall": "13", "gb_free": "75.7", "wall": "4722"}
[2026-06-13 07:07:05,305][main][INFO] - end of epoch 3 (average epoch stats below)
[2026-06-13 07:07:05,316][train][INFO] - {"epoch": 3, "train_loss": "71.668", "train_nll_loss": "2.776", "train_total": "179.799", "train_n_correct": "103.523", "train_ppl": "6.85", "train_accuracy": "57.577", "train_wps": "348.3", "train_ups": "1.94", "train_wpb": "179.8", "train_bsz": "9.7", "train_num_updates": "9528", "train_lr": "0.000953272", "train_gnorm": "40.781", "train_loss_scale": "128", "train_train_wall": "213", "train_gb_free": "75.7", "train_wall": "4787"}
[2026-06-13 07:07:05,741][trainer][INFO] - begin training epoch 4
[2026-06-13 07:07:05,742][main][INFO] - Start iterating over samples
[2026-06-13 07:07:44,343][train_inner][INFO] - {"epoch": 4, "update": 3.023, "loss": "59.166", "nll_loss": "2.236", "total": "176.035", "n_correct": "116.25", "ppl": "4.71", "accuracy": "66.038", "wps": "337.7", "ups": "1.92", "wpb": "176", "bsz": "10.1", "num_updates": "9600", "lr": "0.0009604", "gnorm": "32.697", "loss_scale": "128", "train_wall": "13", "gb_free": "75.7", "wall": "4826"}
[2026-06-13 07:09:26,122][train_inner][INFO] - {"epoch": 4, "update": 3.086, "loss": "57.294", "nll_loss": "2.137", "total": "178.395", "n_correct": "119.905", "ppl": "4.4", "accuracy": "67.213", "wps": "350.6", "ups": "1.97", "wpb": "178.4", "bsz": "10.3", "num_updates": "9800", "lr": "0.0009802", "gnorm": "30.185", "loss_scale": "128", "train_wall": "13", "gb_free": "75.7", "wall": "4928"}
[2026-06-13 07:11:02,827][train_inner][INFO] - {"epoch": 4, "update": 3.149, "loss": "64.225", "nll_loss": "2.112", "total": "177.085", "n_correct": "118.835", "ppl": "4.32", "accuracy": "67.106", "wps": "366.3", "ups": "2.07", "wpb": "177.1", "bsz": "9.1", "num_updates": "10000", "lr": "0.001", "gnorm": "34.322", "loss_scale": "128", "train_wall": "14", "gb_free": "75.7", "wall": "5025"}
[2026-06-13 07:12:46,668][train_inner][INFO] - {"epoch": 4, "update": 3.212, "loss": "56.928", "nll_loss": "2.045", "total": "176.615", "n_correct": "121.435", "ppl": "4.13", "accuracy": "68.757", "wps": "340.2", "ups": "1.93", "wpb": "176.6", "bsz": "10", "num_updates": "10200", "lr": "0.000970487", "gnorm": "29.452", "loss_scale": "128", "train_wall": "13", "gb_free": "75.7", "wall": "5129"}
[2026-06-13 07:14:25,918][train_inner][INFO] - {"epoch": 4, "update": 3.275, "loss": "60.639", "nll_loss": "2.057", "total": "179.855", "n_correct": "123.64", "ppl": "4.16", "accuracy": "68.744", "wps": "362.5", "ups": "2.02", "wpb": "179.9", "bsz": "9.6", "num_updates": "10400", "lr": "0.000941845", "gnorm": "31.039", "loss_scale": "128", "train_wall": "13", "gb_free": "75.7", "wall": "5228"}
[2026-06-13 07:16:04,812][train_inner][INFO] - {"epoch": 4, "update": 3.338, "loss": "62.429", "nll_loss": "1.967", "total": "179.76", "n_correct": "125.92", "ppl": "3.91", "accuracy": "70.049", "wps": "363.6", "ups": "2.02", "wpb": "179.8", "bsz": "9.1", "num_updates": "10600", "lr": "0.000914048", "gnorm": "30.577", "loss_scale": "128", "train_wall": "13", "gb_free": "75.7", "wall": "5327"}
[2026-06-13 07:17:46,206][train_inner][INFO] - {"epoch": 4, "update": 3.401, "loss": "56.873", "nll_loss": "1.901", "total": "177.71", "n_correct": "126.15", "ppl": "3.73", "accuracy": "70.986", "wps": "350.6", "ups": "1.97", "wpb": "177.7", "bsz": "9.7", "num_updates": "10800", "lr": "0.000887072", "gnorm": "28.936", "loss_scale": "128", "train_wall": "13", "gb_free": "75.7", "wall": "5428"}
[2026-06-13 07:19:29,937][train_inner][INFO] - {"epoch": 4, "update": 3.463, "loss": "57.808", "nll_loss": "1.862", "total": "182.28", "n_correct": "130.975", "ppl": "3.63", "accuracy": "71.854", "wps": "351.5", "ups": "1.93", "wpb": "182.3", "bsz": "9.7", "num_updates": "11000", "lr": "0.000860892", "gnorm": "29.517", "loss_scale": "128", "train_wall": "13", "gb_free": "75.7", "wall": "5532"}
[2026-06-13 07:21:02,925][train_inner][INFO] - {"epoch": 4, "update": 3.526, "loss": "60.104", "nll_loss": "1.842", "total": "181.47", "n_correct": "131.19", "ppl": "3.59", "accuracy": "72.293", "wps": "390.4", "ups": "2.15", "wpb": "181.5", "bsz": "9.2", "num_updates": "11200", "lr": "0.000835484", "gnorm": "29.114", "loss_scale": "128", "train_wall": "13", "gb_free": "75.7", "wall": "5625"}
[2026-06-13 07:22:39,476][train_inner][INFO] - {"epoch": 4, "update": 3.589, "loss": "54.83", "nll_loss": "1.737", "total": "181.29", "n_correct": "133.38", "ppl": "3.33", "accuracy": "73.573", "wps": "375.6", "ups": "2.07", "wpb": "181.3", "bsz": "9.8", "num_updates": "11400", "lr": "0.000810826", "gnorm": "27.768", "loss_scale": "128", "train_wall": "13", "gb_free": "75.7", "wall": "5722"}
[2026-06-13 07:24:14,560][train_inner][INFO] - {"epoch": 4, "update": 3.652, "loss": "57.105", "nll_loss": "1.741", "total": "180.505", "n_correct": "132.88", "ppl": "3.34", "accuracy": "73.616", "wps": "379.7", "ups": "2.1", "wpb": "180.5", "bsz": "9.3", "num_updates": "11600", "lr": "0.000786896", "gnorm": "28.562", "loss_scale": "128", "train_wall": "13", "gb_free": "75.7", "wall": "5817"}
[2026-06-13 07:25:52,062][train_inner][INFO] - {"epoch": 4, "update": 3.715, "loss": "55.743", "nll_loss": "1.66", "total": "179.3", "n_correct": "134.12", "ppl": "3.16", "accuracy": "74.802", "wps": "367.9", "ups": "2.05", "wpb": "179.3", "bsz": "9.3", "num_updates": "11800", "lr": "0.000763673", "gnorm": "26.331", "loss_scale": "128", "train_wall": "13", "gb_free": "75.7", "wall": "5914"}
[2026-06-13 07:27:27,696][train_inner][INFO] - {"epoch": 4, "update": 3.778, "loss": "55.726", "nll_loss": "1.647", "total": "183.885", "n_correct": "138.03", "ppl": "3.13", "accuracy": "75.063", "wps": "384.6", "ups": "2.09", "wpb": "183.9", "bsz": "9.5", "num_updates": "12000", "lr": "0.000741134", "gnorm": "28.913", "loss_scale": "128", "train_wall": "13", "gb_free": "75.7", "wall": "6010"}
[2026-06-13 07:29:08,879][train_inner][INFO] - {"epoch": 4, "update": 3.841, "loss": "44.681", "nll_loss": "1.465", "total": "181.22", "n_correct": "141.445", "ppl": "2.76", "accuracy": "78.052", "wps": "358.2", "ups": "1.98", "wpb": "181.2", "bsz": "11", "num_updates": "12200", "lr": "0.000719261", "gnorm": "22.9", "loss_scale": "128", "train_wall": "13", "gb_free": "75.7", "wall": "6111"}
[2026-06-13 07:30:45,037][train_inner][INFO] - {"epoch": 4, "update": 3.904, "loss": "50.769", "nll_loss": "1.553", "total": "181.525", "n_correct": "138.95", "ppl": "2.93", "accuracy": "76.546", "wps": "377.6", "ups": "2.08", "wpb": "181.5", "bsz": "10", "num_updates": "12400", "lr": "0.000698034", "gnorm": "26.238", "loss_scale": "128", "train_wall": "13", "gb_free": "75.7", "wall": "6207"}
[2026-06-13 07:32:19,203][train_inner][INFO] - {"epoch": 4, "update": 3.967, "loss": "52.642", "nll_loss": "1.488", "total": "180.67", "n_correct": "140.15", "ppl": "2.8", "accuracy": "77.572", "wps": "383.8", "ups": "2.12", "wpb": "180.7", "bsz": "9.4", "num_updates": "12600", "lr": "0.000677433", "gnorm": "25.199", "loss_scale": "128", "train_wall": "13", "gb_free": "75.7", "wall": "6301"}
[2026-06-13 07:33:08,839][main][INFO] - begin validation on "valid" subset
[2026-06-13 07:34:07,233][valid][INFO] - {"epoch": 4, "valid_loss": "46.732", "valid_nll_loss": "1.136", "valid_total": "178.205", "valid_n_correct": "146.504", "valid_ppl": "2.2", "valid_accuracy": "82.211", "valid_wps": "390.4", "valid_wpb": "178.2", "valid_bsz": "9.4", "valid_num_updates": "12704", "valid_best_accuracy": "82.211"}
[2026-06-13 07:34:07,234][fairseq.checkpoint_utils][INFO] - Preparing to save checkpoint for epoch 4 @ 12704 updates
[2026-06-13 07:34:07,234][trainer][INFO] - Saving checkpoint to checkpoints/checkpoint_best.pt
[2026-06-13 07:34:11,073][trainer][INFO] - Finished saving checkpoint to checkpoints/checkpoint_best.pt
[2026-06-13 07:34:16,150][fairseq.checkpoint_utils][INFO] - Saved checkpoint checkpoints/checkpoint_best.pt (epoch 4 @ 12704 updates, score 82.211) (writing took 8.916275333613157 seconds)
[2026-06-13 07:34:16,151][main][INFO] - end of epoch 4 (average epoch stats below)
[2026-06-13 07:34:16,168][train][INFO] - {"epoch": 4, "train_loss": "55.945", "train_nll_loss": "1.805", "train_total": "179.799", "train_n_correct": "130.453", "train_ppl": "3.5", "train_accuracy": "72.555", "train_wps": "350.2", "train_ups": "1.95", "train_wpb": "179.8", "train_bsz": "9.7", "train_num_updates": "12704", "train_lr": "0.000666961", "train_gnorm": "28.481", "train_loss_scale": "128", "train_train_wall": "210", "train_gb_free": "75.7", "train_wall": "6418"}
[2026-06-13 07:34:16,572][trainer][INFO] - begin training epoch 5
[2026-06-13 07:34:16,572][main][INFO] - Start iterating over samples
[2026-06-13 07:35:02,247][train_inner][INFO] - {"epoch": 5, "update": 4.03, "loss": "47.071", "nll_loss": "1.358", "total": "176.29", "n_correct": "139.91", "ppl": "2.56", "accuracy": "79.364", "wps": "216.3", "ups": "1.23", "wpb": "176.3", "bsz": "9.8", "num_updates": "12800", "lr": "0.00065744", "gnorm": "22.2", "loss_scale": "128", "train_wall": "13", "gb_free": "75.7", "wall": "6464"}
[2026-06-13 07:36:39,362][train_inner][INFO] - {"epoch": 5, "update": 4.093, "loss": "49.521", "nll_loss": "1.286", "total": "178.905", "n_correct": "144", "ppl": "2.44", "accuracy": "80.49", "wps": "368.5", "ups": "2.06", "wpb": "178.9", "bsz": "9.2", "num_updates": "13000", "lr": "0.000638036", "gnorm": "23.798", "loss_scale": "128", "train_wall": "13", "gb_free": "75.7", "wall": "6561"}
[2026-06-13 07:38:14,607][train_inner][INFO] - {"epoch": 5, "update": 4.156, "loss": "47.967", "nll_loss": "1.271", "total": "181.26", "n_correct": "146.41", "ppl": "2.41", "accuracy": "80.773", "wps": "380.7", "ups": "2.1", "wpb": "181.3", "bsz": "9.6", "num_updates": "13200", "lr": "0.000619206", "gnorm": "22.951", "loss_scale": "128", "train_wall": "13", "gb_free": "75.7", "wall": "6657"}
[2026-06-13 07:39:48,895][train_inner][INFO] - {"epoch": 5, "update": 4.219, "loss": "48.221", "nll_loss": "1.257", "total": "180.4", "n_correct": "146.12", "ppl": "2.39", "accuracy": "80.998", "wps": "382.7", "ups": "2.12", "wpb": "180.4", "bsz": "9.5", "num_updates": "13400", "lr": "0.000600931", "gnorm": "23.735", "loss_scale": "128", "train_wall": "13", "gb_free": "75.7", "wall": "6751"}
[2026-06-13 07:41:25,659][train_inner][INFO] - {"epoch": 5, "update": 4.282, "loss": "45.319", "nll_loss": "1.259", "total": "181.74", "n_correct": "147.2", "ppl": "2.39", "accuracy": "80.995", "wps": "375.7", "ups": "2.07", "wpb": "181.7", "bsz": "10.2", "num_updates": "13600", "lr": "0.000583196", "gnorm": "21.637", "loss_scale": "128", "train_wall": "13", "gb_free": "75.7", "wall": "6848"}
[2026-06-13 07:43:05,371][train_inner][INFO] - {"epoch": 5, "update": 4.345, "loss": "44.897", "nll_loss": "1.231", "total": "182.53", "n_correct": "149.375", "ppl": "2.35", "accuracy": "81.836", "wps": "366.2", "ups": "2.01", "wpb": "182.5", "bsz": "10.2", "num_updates": "13800", "lr": "0.000565984", "gnorm": "22.552", "loss_scale": "128", "train_wall": "13", "gb_free": "75.7", "wall": "6948"}
[2026-06-13 07:44:41,689][train_inner][INFO] - {"epoch": 5, "update": 4.408, "loss": "47.402", "nll_loss": "1.192", "total": "185.455", "n_correct": "152.495", "ppl": "2.28", "accuracy": "82.227", "wps": "385.1", "ups": "2.08", "wpb": "185.5", "bsz": "9.7", "num_updates": "14000", "lr": "0.00054928", "gnorm": "22.637", "loss_scale": "128", "train_wall": "13", "gb_free": "75.7", "wall": "7044"}
[2026-06-13 07:46:11,628][train_inner][INFO] - {"epoch": 5, "update": 4.471, "loss": "48.469", "nll_loss": "1.214", "total": "176.07", "n_correct": "144.785", "ppl": "2.32", "accuracy": "82.231", "wps": "391.6", "ups": "2.22", "wpb": "176.1", "bsz": "9", "num_updates": "14200", "lr": "0.000533069", "gnorm": "22.588", "loss_scale": "128", "train_wall": "13", "gb_free": "75.7", "wall": "7134"}
[2026-06-13 07:47:48,692][train_inner][INFO] - {"epoch": 5, "update": 4.534, "loss": "40.943", "nll_loss": "1.168", "total": "177.155", "n_correct": "146.62", "ppl": "2.25", "accuracy": "82.764", "wps": "365.1", "ups": "2.06", "wpb": "177.2", "bsz": "10.6", "num_updates": "14400", "lr": "0.000517337", "gnorm": "19.678", "loss_scale": "128", "train_wall": "13", "gb_free": "75.7", "wall": "7231"}
[2026-06-13 07:49:25,530][train_inner][INFO] - {"epoch": 5, "update": 4.597, "loss": "43.632", "nll_loss": "1.176", "total": "182.485", "n_correct": "150.77", "ppl": "2.26", "accuracy": "82.62", "wps": "376.9", "ups": "2.07", "wpb": "182.5", "bsz": "10.3", "num_updates": "14600", "lr": "0.000502069", "gnorm": "21.212", "loss_scale": "128", "train_wall": "13", "gb_free": "75.7", "wall": "7328"}
[2026-06-13 07:50:58,085][train_inner][INFO] - {"epoch": 5, "update": 4.66, "loss": "45.565", "nll_loss": "1.161", "total": "179.22", "n_correct": "148.575", "ppl": "2.24", "accuracy": "82.901", "wps": "387.3", "ups": "2.16", "wpb": "179.2", "bsz": "9.6", "num_updates": "14800", "lr": "0.000487251", "gnorm": "22.211", "loss_scale": "128", "train_wall": "13", "gb_free": "75.7", "wall": "7420"}
[2026-06-13 07:52:33,481][train_inner][INFO] - {"epoch": 5, "update": 4.723, "loss": "42.967", "nll_loss": "1.098", "total": "179.57", "n_correct": "150.475", "ppl": "2.14", "accuracy": "83.797", "wps": "376.5", "ups": "2.1", "wpb": "179.6", "bsz": "10", "num_updates": "15000", "lr": "0.000472871", "gnorm": "20.614", "loss_scale": "128", "train_wall": "13", "gb_free": "75.7", "wall": "7516"}
[2026-06-13 07:54:06,666][train_inner][INFO] - {"epoch": 5, "update": 4.786, "loss": "45.585", "nll_loss": "1.112", "total": "177.655", "n_correct": "148.22", "ppl": "2.16", "accuracy": "83.431", "wps": "381.4", "ups": "2.15", "wpb": "177.7", "bsz": "9.3", "num_updates": "15200", "lr": "0.000458915", "gnorm": "21.249", "loss_scale": "128", "train_wall": "13", "gb_free": "75.7", "wall": "7609"}
[2026-06-13 07:55:40,704][train_inner][INFO] - {"epoch": 5, "update": 4.849, "loss": "45.522", "nll_loss": "1.126", "total": "179.6", "n_correct": "149.66", "ppl": "2.18", "accuracy": "83.33", "wps": "382", "ups": "2.13", "wpb": "179.6", "bsz": "9.5", "num_updates": "15400", "lr": "0.000445371", "gnorm": "21.388", "loss_scale": "128", "train_wall": "13", "gb_free": "75.7", "wall": "7703"}
[2026-06-13 07:57:12,201][train_inner][INFO] - {"epoch": 5, "update": 4.912, "loss": "47.651", "nll_loss": "1.087", "total": "178.735", "n_correct": "149.985", "ppl": "2.12", "accuracy": "83.915", "wps": "390.7", "ups": "2.19", "wpb": "178.7", "bsz": "8.9", "num_updates": "15600", "lr": "0.000432227", "gnorm": "21.303", "loss_scale": "128", "train_wall": "14", "gb_free": "75.7", "wall": "7794"}
[2026-06-13 07:58:47,857][train_inner][INFO] - {"epoch": 5, "update": 4.975, "loss": "42.342", "nll_loss": "1.077", "total": "179.115", "n_correct": "151.24", "ppl": "2.11", "accuracy": "84.437", "wps": "374.5", "ups": "2.09", "wpb": "179.1", "bsz": "10", "num_updates": "15800", "lr": "0.00041947", "gnorm": "20.512", "loss_scale": "128", "train_wall": "13", "gb_free": "75.7", "wall": "7890"}
[2026-06-13 07:59:24,387][main][INFO] - end of epoch 5 (average epoch stats below)
[2026-06-13 07:59:24,395][train][INFO] - {"epoch": 5, "train_loss": "45.656", "train_nll_loss": "1.182", "train_total": "179.799", "train_n_correct": "148.216", "train_ppl": "2.27", "train_accuracy": "82.434", "train_wps": "378.6", "train_ups": "2.11", "train_wpb": "179.8", "train_bsz": "9.7", "train_num_updates": "15880", "train_lr": "0.000414474", "train_gnorm": "21.813", "train_loss_scale": "128", "train_train_wall": "210", "train_gb_free": "75.7", "train_wall": "7927"}
[2026-06-13 07:59:24,810][trainer][INFO] - begin training epoch 6
[2026-06-13 07:59:24,811][main][INFO] - Start iterating over samples
[2026-06-13 08:00:28,776][train_inner][INFO] - {"epoch": 6, "update": 5.038, "loss": "42.006", "nll_loss": "0.983", "total": "179.67", "n_correct": "154.03", "ppl": "1.98", "accuracy": "85.729", "wps": "356.1", "ups": "1.98", "wpb": "179.7", "bsz": "9.8", "num_updates": "16000", "lr": "0.000407091", "gnorm": "19.182", "loss_scale": "128", "train_wall": "13", "gb_free": "75.7", "wall": "7991"}
[2026-06-13 08:02:04,595][train_inner][INFO] - {"epoch": 6, "update": 5.101, "loss": "40.783", "nll_loss": "0.935", "total": "181.555", "n_correct": "156.725", "ppl": "1.91", "accuracy": "86.324", "wps": "379", "ups": "2.09", "wpb": "181.6", "bsz": "10", "num_updates": "16200", "lr": "0.000395076", "gnorm": "19.658", "loss_scale": "128", "train_wall": "13", "gb_free": "75.7", "wall": "8087"}
[2026-06-13 08:03:40,538][train_inner][INFO] - {"epoch": 6, "update": 5.164, "loss": "44.064", "nll_loss": "0.93", "total": "176.39", "n_correct": "152.395", "ppl": "1.91", "accuracy": "86.397", "wps": "367.7", "ups": "2.08", "wpb": "176.4", "bsz": "9", "num_updates": "16400", "lr": "0.000383416", "gnorm": "19.955", "loss_scale": "256", "train_wall": "13", "gb_free": "75.7", "wall": "8183"}
[2026-06-13 08:05:20,837][train_inner][INFO] - {"epoch": 6, "update": 5.227, "loss": "41.117", "nll_loss": "0.951", "total": "181.675", "n_correct": "156.585", "ppl": "1.93", "accuracy": "86.19", "wps": "362.3", "ups": "1.99", "wpb": "181.7", "bsz": "10", "num_updates": "16600", "lr": "0.0003721", "gnorm": "19.242", "loss_scale": "256", "train_wall": "13", "gb_free": "75.7", "wall": "8283"}
[2026-06-13 08:07:05,516][train_inner][INFO] - {"epoch": 6, "update": 5.29, "loss": "39.53", "nll_loss": "0.894", "total": "183.545", "n_correct": "159.7", "ppl": "1.86", "accuracy": "87.009", "wps": "350.7", "ups": "1.91", "wpb": "183.5", "bsz": "10.2", "num_updates": "16800", "lr": "0.000361119", "gnorm": "18.523", "loss_scale": "256", "train_wall": "13", "gb_free": "75.7", "wall": "8388"}
[2026-06-13 08:08:39,453][train_inner][INFO] - {"epoch": 6, "update": 5.353, "loss": "41.646", "nll_loss": "0.934", "total": "179.29", "n_correct": "155.505", "ppl": "1.91", "accuracy": "86.734", "wps": "381.8", "ups": "2.13", "wpb": "179.3", "bsz": "9.6", "num_updates": "17000", "lr": "0.000350461", "gnorm": "19.258", "loss_scale": "256", "train_wall": "13", "gb_free": "75.7", "wall": "8482"}
[2026-06-13 08:10:16,741][train_inner][INFO] - {"epoch": 6, "update": 5.416, "loss": "42.692", "nll_loss": "0.946", "total": "182.66", "n_correct": "157.435", "ppl": "1.93", "accuracy": "86.19", "wps": "375.5", "ups": "2.06", "wpb": "182.7", "bsz": "9.6", "num_updates": "17200", "lr": "0.000340118", "gnorm": "20.639", "loss_scale": "256", "train_wall": "13", "gb_free": "75.7", "wall": "8579"}
[2026-06-13 08:11:47,935][train_inner][INFO] - {"epoch": 6, "update": 5.479, "loss": "43.055", "nll_loss": "0.919", "total": "177.635", "n_correct": "154.125", "ppl": "1.89", "accuracy": "86.765", "wps": "389.6", "ups": "2.19", "wpb": "177.6", "bsz": "9.2", "num_updates": "17400", "lr": "0.00033008", "gnorm": "18.703", "loss_scale": "256", "train_wall": "13", "gb_free": "75.7", "wall": "8670"}
[2026-06-13 08:13:21,403][train_inner][INFO] - {"epoch": 6, "update": 5.542, "loss": "41.334", "nll_loss": "0.898", "total": "180.2", "n_correct": "157.06", "ppl": "1.86", "accuracy": "87.159", "wps": "385.6", "ups": "2.14", "wpb": "180.2", "bsz": "9.6", "num_updates": "17600", "lr": "0.000320338", "gnorm": "19.265", "loss_scale": "256", "train_wall": "13", "gb_free": "75.7", "wall": "8764"}
[2026-06-13 08:14:56,344][train_inner][INFO] - {"epoch": 6, "update": 5.605, "loss": "42.137", "nll_loss": "0.894", "total": "183.14", "n_correct": "159.525", "ppl": "1.86", "accuracy": "87.105", "wps": "385.8", "ups": "2.11", "wpb": "183.1", "bsz": "9.6", "num_updates": "17800", "lr": "0.000310884", "gnorm": "19.143", "loss_scale": "256", "train_wall": "13", "gb_free": "75.7", "wall": "8858"}
[2026-06-13 08:16:31,713][train_inner][INFO] - {"epoch": 6, "update": 5.668, "loss": "38.515", "nll_loss": "0.915", "total": "176.32", "n_correct": "153.145", "ppl": "1.88", "accuracy": "86.856", "wps": "369.8", "ups": "2.1", "wpb": "176.3", "bsz": "10.2", "num_updates": "18000", "lr": "0.000301709", "gnorm": "18.078", "loss_scale": "256", "train_wall": "13", "gb_free": "75.7", "wall": "8954"}
[2026-06-13 08:18:09,078][train_inner][INFO] - {"epoch": 6, "update": 5.73, "loss": "40.308", "nll_loss": "0.886", "total": "179.7", "n_correct": "157.12", "ppl": "1.85", "accuracy": "87.435", "wps": "369.2", "ups": "2.05", "wpb": "179.7", "bsz": "9.8", "num_updates": "18200", "lr": "0.000292804", "gnorm": "18.915", "loss_scale": "256", "train_wall": "13", "gb_free": "75.7", "wall": "9051"}
[2026-06-13 08:19:44,682][train_inner][INFO] - {"epoch": 6, "update": 5.793, "loss": "40.243", "nll_loss": "0.896", "total": "180.685", "n_correct": "157.685", "ppl": "1.86", "accuracy": "87.271", "wps": "378", "ups": "2.09", "wpb": "180.7", "bsz": "9.9", "num_updates": "18400", "lr": "0.000284163", "gnorm": "18.17", "loss_scale": "256", "train_wall": "13", "gb_free": "75.7", "wall": "9147"}
[2026-06-13 08:21:21,568][train_inner][INFO] - {"epoch": 6, "update": 5.856, "loss": "37.925", "nll_loss": "0.874", "total": "179.465", "n_correct": "157.24", "ppl": "1.83", "accuracy": "87.616", "wps": "370.5", "ups": "2.06", "wpb": "179.5", "bsz": "10.3", "num_updates": "18600", "lr": "0.000275776", "gnorm": "17.285", "loss_scale": "256", "train_wall": "13", "gb_free": "75.7", "wall": "9244"}
[2026-06-13 08:22:55,246][train_inner][INFO] - {"epoch": 6, "update": 5.919, "loss": "40.024", "nll_loss": "0.869", "total": "179.14", "n_correct": "157.075", "ppl": "1.83", "accuracy": "87.683", "wps": "382.5", "ups": "2.14", "wpb": "179.1", "bsz": "9.7", "num_updates": "18800", "lr": "0.000267637", "gnorm": "18.02", "loss_scale": "256", "train_wall": "13", "gb_free": "75.7", "wall": "9337"}
[2026-06-13 08:24:24,374][train_inner][INFO] - {"epoch": 6, "update": 5.982, "loss": "43.77", "nll_loss": "0.853", "total": "175.545", "n_correct": "154.23", "ppl": "1.81", "accuracy": "87.858", "wps": "394", "ups": "2.24", "wpb": "175.5", "bsz": "8.7", "num_updates": "19000", "lr": "0.000259739", "gnorm": "18.984", "loss_scale": "256", "train_wall": "13", "gb_free": "75.7", "wall": "9427"}
[2026-06-13 08:24:49,468][main][INFO] - begin validation on "valid" subset
[2026-06-13 08:25:58,334][valid][INFO] - {"epoch": 6, "valid_loss": "40.015", "valid_nll_loss": "0.765", "valid_total": "178.205", "valid_n_correct": "158.409", "valid_ppl": "1.7", "valid_accuracy": "88.892", "valid_wps": "330.1", "valid_wpb": "178.2", "valid_bsz": "9.4", "valid_num_updates": "19056", "valid_best_accuracy": "88.892"}
[2026-06-13 08:25:58,336][fairseq.checkpoint_utils][INFO] - Preparing to save checkpoint for epoch 6 @ 19056 updates
[2026-06-13 08:25:58,336][trainer][INFO] - Saving checkpoint to checkpoints/checkpoint_best.pt
[2026-06-13 08:26:01,900][trainer][INFO] - Finished saving checkpoint to checkpoints/checkpoint_best.pt
[2026-06-13 08:26:06,943][fairseq.checkpoint_utils][INFO] - Saved checkpoint checkpoints/checkpoint_best.pt (epoch 6 @ 19056 updates, score 88.892) (writing took 8.607674214988947 seconds)
[2026-06-13 08:26:06,944][main][INFO] - end of epoch 6 (average epoch stats below)
[2026-06-13 08:26:06,953][train][INFO] - {"epoch": 6, "train_loss": "41.044", "train_nll_loss": "0.907", "train_total": "179.799", "train_n_correct": "156.351", "train_ppl": "1.87", "train_accuracy": "86.959", "train_wps": "356.3", "train_ups": "1.98", "train_wpb": "179.8", "train_bsz": "9.7", "train_num_updates": "19056", "train_lr": "0.000257569", "train_gnorm": "18.909", "train_loss_scale": "256", "train_train_wall": "211", "train_gb_free": "75.7", "train_wall": "9529"}
[2026-06-13 08:26:07,438][trainer][INFO] - begin training epoch 7
[2026-06-13 08:26:07,438][main][INFO] - Start iterating over samples
[2026-06-13 08:27:30,435][train_inner][INFO] - {"epoch": 7, "update": 6.045, "loss": "36.834", "nll_loss": "0.785", "total": "179.55", "n_correct": "159.905", "ppl": "1.72", "accuracy": "89.059", "wps": "193", "ups": "1.07", "wpb": "179.6", "bsz": "10.2", "num_updates": "19200", "lr": "0.000252073", "gnorm": "16.37", "loss_scale": "256", "train_wall": "13", "gb_free": "75.7", "wall": "9613"}
[2026-06-13 08:29:08,513][train_inner][INFO] - {"epoch": 7, "update": 6.108, "loss": "40.696", "nll_loss": "0.758", "total": "182.085", "n_correct": "162.71", "ppl": "1.69", "accuracy": "89.359", "wps": "371.3", "ups": "2.04", "wpb": "182.1", "bsz": "9.3", "num_updates": "19400", "lr": "0.000244633", "gnorm": "17.387", "loss_scale": "256", "train_wall": "13", "gb_free": "75.7", "wall": "9711"}
[2026-06-13 08:30:44,996][train_inner][INFO] - {"epoch": 7, "update": 6.171, "loss": "37.189", "nll_loss": "0.77", "total": "180.175", "n_correct": "160.95", "ppl": "1.71", "accuracy": "89.33", "wps": "373.5", "ups": "2.07", "wpb": "180.2", "bsz": "10.1", "num_updates": "19600", "lr": "0.000237414", "gnorm": "17.426", "loss_scale": "256", "train_wall": "13", "gb_free": "75.7", "wall": "9807"}
[2026-06-13 08:32:21,252][train_inner][INFO] - {"epoch": 7, "update": 6.234, "loss": "35.595", "nll_loss": "0.759", "total": "177.69", "n_correct": "158.935", "ppl": "1.69", "accuracy": "89.445", "wps": "369.2", "ups": "2.08", "wpb": "177.7", "bsz": "10.4", "num_updates": "19800", "lr": "0.000230407", "gnorm": "16.51", "loss_scale": "256", "train_wall": "13", "gb_free": "75.7", "wall": "9903"}
[2026-06-13 08:33:52,918][train_inner][INFO] - {"epoch": 7, "update": 6.297, "loss": "41.817", "nll_loss": "0.79", "total": "179.895", "n_correct": "159.785", "ppl": "1.73", "accuracy": "88.821", "wps": "392.6", "ups": "2.18", "wpb": "179.9", "bsz": "9.1", "num_updates": "20000", "lr": "0.000223607", "gnorm": "18.203", "loss_scale": "256", "train_wall": "13", "gb_free": "75.7", "wall": "9995"}
[2026-06-13 08:35:30,839][train_inner][INFO] - {"epoch": 7, "update": 6.36, "loss": "37.288", "nll_loss": "0.737", "total": "182.98", "n_correct": "164.285", "ppl": "1.67", "accuracy": "89.783", "wps": "373.8", "ups": "2.04", "wpb": "183", "bsz": "10.1", "num_updates": "20200", "lr": "0.000217007", "gnorm": "16.827", "loss_scale": "256", "train_wall": "13", "gb_free": "75.7", "wall": "10093"}
[2026-06-13 08:37:09,728][train_inner][INFO] - {"epoch": 7, "update": 6.423, "loss": "38.34", "nll_loss": "0.748", "total": "180.46", "n_correct": "161.97", "ppl": "1.68", "accuracy": "89.754", "wps": "365", "ups": "2.02", "wpb": "180.5", "bsz": "9.7", "num_updates": "20400", "lr": "0.000210603", "gnorm": "17.016", "loss_scale": "256", "train_wall": "13", "gb_free": "75.7", "wall": "10192"}
[2026-06-13 08:38:42,389][train_inner][INFO] - {"epoch": 7, "update": 6.486, "loss": "38.915", "nll_loss": "0.778", "total": "178.87", "n_correct": "159.13", "ppl": "1.71", "accuracy": "88.964", "wps": "386.1", "ups": "2.16", "wpb": "178.9", "bsz": "9.6", "num_updates": "20600", "lr": "0.000204387", "gnorm": "18.6", "loss_scale": "256", "train_wall": "13", "gb_free": "75.7", "wall": "10285"}
[2026-06-13 08:40:15,913][train_inner][INFO] - {"epoch": 7, "update": 6.549, "loss": "39.156", "nll_loss": "0.761", "total": "179.785", "n_correct": "160.78", "ppl": "1.7", "accuracy": "89.429", "wps": "384.5", "ups": "2.14", "wpb": "179.8", "bsz": "9.5", "num_updates": "20800", "lr": "0.000198355", "gnorm": "17.733", "loss_scale": "256", "train_wall": "13", "gb_free": "75.7", "wall": "10378"}
[2026-06-13 08:41:54,021][train_inner][INFO] - {"epoch": 7, "update": 6.612, "loss": "36.982", "nll_loss": "0.757", "total": "182.095", "n_correct": "162.78", "ppl": "1.69", "accuracy": "89.393", "wps": "371.3", "ups": "2.04", "wpb": "182.1", "bsz": "10.2", "num_updates": "21000", "lr": "0.000192501", "gnorm": "17.136", "loss_scale": "256", "train_wall": "13", "gb_free": "75.7", "wall": "10476"}
[2026-06-13 08:43:30,071][train_inner][INFO] - {"epoch": 7, "update": 6.675, "loss": "37.452", "nll_loss": "0.735", "total": "180.125", "n_correct": "161.895", "ppl": "1.66", "accuracy": "89.879", "wps": "375.1", "ups": "2.08", "wpb": "180.1", "bsz": "9.9", "num_updates": "21200", "lr": "0.00018682", "gnorm": "17.729", "loss_scale": "256", "train_wall": "13", "gb_free": "75.7", "wall": "10572"}
[2026-06-13 08:45:02,809][train_inner][INFO] - {"epoch": 7, "update": 6.738, "loss": "39.758", "nll_loss": "0.782", "total": "178.32", "n_correct": "158.72", "ppl": "1.72", "accuracy": "89.009", "wps": "384.6", "ups": "2.16", "wpb": "178.3", "bsz": "9.4", "num_updates": "21400", "lr": "0.000181306", "gnorm": "17.895", "loss_scale": "256", "train_wall": "14", "gb_free": "75.7", "wall": "10665"}
[2026-06-13 08:46:37,107][train_inner][INFO] - {"epoch": 7, "update": 6.801, "loss": "41.625", "nll_loss": "0.736", "total": "178.405", "n_correct": "160.025", "ppl": "1.67", "accuracy": "89.698", "wps": "378.4", "ups": "2.12", "wpb": "178.4", "bsz": "8.8", "num_updates": "21600", "lr": "0.000175955", "gnorm": "18.577", "loss_scale": "256", "train_wall": "13", "gb_free": "75.7", "wall": "10759"}
[2026-06-13 08:48:10,628][train_inner][INFO] - {"epoch": 7, "update": 6.864, "loss": "38.676", "nll_loss": "0.722", "total": "180", "n_correct": "162.03", "ppl": "1.65", "accuracy": "90.017", "wps": "385", "ups": "2.14", "wpb": "180", "bsz": "9.5", "num_updates": "21800", "lr": "0.000170762", "gnorm": "17.742", "loss_scale": "256", "train_wall": "13", "gb_free": "75.7", "wall": "10853"}
[2026-06-13 08:49:42,639][train_inner][INFO] - {"epoch": 7, "update": 6.927, "loss": "38.662", "nll_loss": "0.747", "total": "176.71", "n_correct": "158.55", "ppl": "1.68", "accuracy": "89.723", "wps": "384.1", "ups": "2.17", "wpb": "176.7", "bsz": "9.4", "num_updates": "22000", "lr": "0.000165723", "gnorm": "17.688", "loss_scale": "256", "train_wall": "14", "gb_free": "75.7", "wall": "10945"}
[2026-06-13 08:51:16,026][train_inner][INFO] - {"epoch": 7, "update": 6.99, "loss": "37.786", "nll_loss": "0.741", "total": "178.495", "n_correct": "160.35", "ppl": "1.67", "accuracy": "89.834", "wps": "382.3", "ups": "2.14", "wpb": "178.5", "bsz": "9.7", "num_updates": "22200", "lr": "0.000160832", "gnorm": "17.009", "loss_scale": "256", "train_wall": "13", "gb_free": "75.7", "wall": "11038"}
[2026-06-13 08:51:30,136][main][INFO] - end of epoch 7 (average epoch stats below)
[2026-06-13 08:51:30,144][train][INFO] - {"epoch": 7, "train_loss": "38.49", "train_nll_loss": "0.755", "train_total": "179.799", "train_n_correct": "160.909", "train_ppl": "1.69", "train_accuracy": "89.494", "train_wps": "374.9", "train_ups": "2.09", "train_wpb": "179.8", "train_bsz": "9.7", "train_num_updates": "22232", "train_lr": "0.000160063", "train_gnorm": "17.488", "train_loss_scale": "256", "train_train_wall": "212", "train_gb_free": "75.7", "train_wall": "11052"}
[2026-06-13 08:51:30,555][trainer][INFO] - begin training epoch 8
[2026-06-13 08:51:30,555][main][INFO] - Start iterating over samples
[2026-06-13 08:52:54,715][train_inner][INFO] - {"epoch": 8, "update": 7.053, "loss": "38.929", "nll_loss": "0.67", "total": "183.345", "n_correct": "166.53", "ppl": "1.59", "accuracy": "90.829", "wps": "371.6", "ups": "2.03", "wpb": "183.3", "bsz": "9.4", "num_updates": "22400", "lr": "0.000156085", "gnorm": "16.789", "loss_scale": "256", "train_wall": "13", "gb_free": "75.7", "wall": "11137"}
[2026-06-13 08:54:29,225][train_inner][INFO] - {"epoch": 8, "update": 7.116, "loss": "37.191", "nll_loss": "0.674", "total": "179.435", "n_correct": "163.065", "ppl": "1.6", "accuracy": "90.877", "wps": "379.8", "ups": "2.12", "wpb": "179.4", "bsz": "9.7", "num_updates": "22600", "lr": "0.000151479", "gnorm": "16.556", "loss_scale": "256", "train_wall": "13", "gb_free": "75.7", "wall": "11231"}
[2026-06-13 08:56:06,126][train_inner][INFO] - {"epoch": 8, "update": 7.179, "loss": "36.007", "nll_loss": "0.692", "total": "181.61", "n_correct": "164.905", "ppl": "1.62", "accuracy": "90.802", "wps": "374.9", "ups": "2.06", "wpb": "181.6", "bsz": "10.2", "num_updates": "22800", "lr": "0.000147008", "gnorm": "17.012", "loss_scale": "256", "train_wall": "14", "gb_free": "75.7", "wall": "11328"}
[2026-06-13 08:57:36,988][train_inner][INFO] - {"epoch": 8, "update": 7.242, "loss": "40.293", "nll_loss": "0.655", "total": "180.78", "n_correct": "164.735", "ppl": "1.58", "accuracy": "91.125", "wps": "398", "ups": "2.2", "wpb": "180.8", "bsz": "8.9", "num_updates": "23000", "lr": "0.000142669", "gnorm": "17.251", "loss_scale": "256", "train_wall": "13", "gb_free": "75.7", "wall": "11419"}
[2026-06-13 08:59:13,912][train_inner][INFO] - {"epoch": 8, "update": 7.305, "loss": "35.996", "nll_loss": "0.631", "total": "176.93", "n_correct": "162.385", "ppl": "1.55", "accuracy": "91.779", "wps": "365.1", "ups": "2.06", "wpb": "176.9", "bsz": "9.7", "num_updates": "23200", "lr": "0.000138459", "gnorm": "15.417", "loss_scale": "256", "train_wall": "13", "gb_free": "75.7", "wall": "11516"}
[2026-06-13 09:00:50,569][train_inner][INFO] - {"epoch": 8, "update": 7.368, "loss": "35.034", "nll_loss": "0.674", "total": "179.45", "n_correct": "163.23", "ppl": "1.6", "accuracy": "90.961", "wps": "371.4", "ups": "2.07", "wpb": "179.4", "bsz": "10.2", "num_updates": "23400", "lr": "0.000134372", "gnorm": "15.265", "loss_scale": "256", "train_wall": "13", "gb_free": "75.7", "wall": "11613"}
[2026-06-13 09:02:23,466][train_inner][INFO] - {"epoch": 8, "update": 7.431, "loss": "36.177", "nll_loss": "0.629", "total": "175.58", "n_correct": "160.77", "ppl": "1.55", "accuracy": "91.565", "wps": "378", "ups": "2.15", "wpb": "175.6", "bsz": "9.5", "num_updates": "23600", "lr": "0.000130407", "gnorm": "15.863", "loss_scale": "256", "train_wall": "13", "gb_free": "75.7", "wall": "11706"}
[2026-06-13 09:03:57,607][train_inner][INFO] - {"epoch": 8, "update": 7.494, "loss": "36.998", "nll_loss": "0.662", "total": "179.02", "n_correct": "163.35", "ppl": "1.58", "accuracy": "91.247", "wps": "380.4", "ups": "2.12", "wpb": "179", "bsz": "9.6", "num_updates": "23800", "lr": "0.000126558", "gnorm": "16.273", "loss_scale": "256", "train_wall": "13", "gb_free": "75.7", "wall": "11800"}
[2026-06-13 09:05:31,180][train_inner][INFO] - {"epoch": 8, "update": 7.557, "loss": "38.792", "nll_loss": "0.638", "total": "181.39", "n_correct": "165.995", "ppl": "1.56", "accuracy": "91.513", "wps": "387.7", "ups": "2.14", "wpb": "181.4", "bsz": "9.2", "num_updates": "24000", "lr": "0.000122823", "gnorm": "17.212", "loss_scale": "256", "train_wall": "13", "gb_free": "75.7", "wall": "11893"}
[2026-06-13 09:05:44,478][trainer][INFO] - NOTE: gradient overflow detected, ignoring gradient, setting loss scale to: 128.0
[2026-06-13 09:05:45,882][trainer][INFO] - NOTE: gradient overflow detected, ignoring gradient, setting loss scale to: 64.0
[2026-06-13 09:07:09,606][train_inner][INFO] - {"epoch": 8, "update": 7.62, "loss": "36.918", "nll_loss": "0.711", "total": "179.56", "n_correct": "162.145", "ppl": "1.64", "accuracy": "90.301", "wps": "364.9", "ups": "2.03", "wpb": "179.6", "bsz": "9.9", "num_updates": "24200", "lr": "0.000119198", "gnorm": "92.883", "loss_scale": "64", "train_wall": "23", "gb_free": "73.7", "wall": "11992"}
[2026-06-13 09:08:48,235][train_inner][INFO] - {"epoch": 8, "update": 7.683, "loss": "36.745", "nll_loss": "0.681", "total": "181.235", "n_correct": "164.525", "ppl": "1.6", "accuracy": "90.78", "wps": "367.5", "ups": "2.03", "wpb": "181.2", "bsz": "9.9", "num_updates": "24400", "lr": "0.00011568", "gnorm": "80.439", "loss_scale": "64", "train_wall": "20", "gb_free": "73.6", "wall": "12090"}
[2026-06-13 09:10:22,597][train_inner][INFO] - {"epoch": 8, "update": 7.746, "loss": "39.407", "nll_loss": "0.71", "total": "180.07", "n_correct": "162.46", "ppl": "1.64", "accuracy": "90.22", "wps": "381.7", "ups": "2.12", "wpb": "180.1", "bsz": "9.3", "num_updates": "24600", "lr": "0.000112266", "gnorm": "82.145", "loss_scale": "64", "train_wall": "19", "gb_free": "73.7", "wall": "12185"}
[2026-06-13 09:11:58,309][train_inner][INFO] - {"epoch": 8, "update": 7.809, "loss": "37.461", "nll_loss": "0.701", "total": "179.62", "n_correct": "162.535", "ppl": "1.63", "accuracy": "90.488", "wps": "375.4", "ups": "2.09", "wpb": "179.6", "bsz": "9.7", "num_updates": "24800", "lr": "0.000108953", "gnorm": "77.329", "loss_scale": "64", "train_wall": "19", "gb_free": "73.7", "wall": "12280"}
[2026-06-13 09:13:37,775][train_inner][INFO] - {"epoch": 8, "update": 7.872, "loss": "34.742", "nll_loss": "0.705", "total": "180.195", "n_correct": "162.64", "ppl": "1.63", "accuracy": "90.258", "wps": "362.4", "ups": "2.01", "wpb": "180.2", "bsz": "10.5", "num_updates": "25000", "lr": "0.000105737", "gnorm": "72.799", "loss_scale": "64", "train_wall": "19", "gb_free": "73.7", "wall": "12380"}
[2026-06-13 09:15:11,188][train_inner][INFO] - {"epoch": 8, "update": 7.935, "loss": "38.18", "nll_loss": "0.691", "total": "181.17", "n_correct": "164.105", "ppl": "1.61", "accuracy": "90.581", "wps": "387.9", "ups": "2.14", "wpb": "181.2", "bsz": "9.5", "num_updates": "25200", "lr": "0.000102617", "gnorm": "76.51", "loss_scale": "64", "train_wall": "19", "gb_free": "73.6", "wall": "12473"}
[2026-06-13 09:16:45,289][train_inner][INFO] - {"epoch": 8, "update": 7.998, "loss": "37.152", "nll_loss": "0.687", "total": "177.715", "n_correct": "160.76", "ppl": "1.61", "accuracy": "90.459", "wps": "377.8", "ups": "2.13", "wpb": "177.7", "bsz": "9.6", "num_updates": "25400", "lr": "9.9588e-05", "gnorm": "70.379", "loss_scale": "64", "train_wall": "19", "gb_free": "73.7", "wall": "12567"}
[2026-06-13 09:16:48,505][main][INFO] - begin validation on "valid" subset
[2026-06-13 09:17:53,086][valid][INFO] - {"epoch": 8, "valid_loss": "38.439", "valid_nll_loss": "0.67", "valid_total": "178.205", "valid_n_correct": "160.913", "valid_ppl": "1.59", "valid_accuracy": "90.297", "valid_wps": "352.4", "valid_wpb": "178.2", "valid_bsz": "9.4", "valid_num_updates": "25406", "valid_best_accuracy": "90.297"}
[2026-06-13 09:17:53,087][fairseq.checkpoint_utils][INFO] - Preparing to save checkpoint for epoch 8 @ 25406 updates
[2026-06-13 09:17:53,087][trainer][INFO] - Saving checkpoint to checkpoints/checkpoint_best.pt
[2026-06-13 09:17:56,661][trainer][INFO] - Finished saving checkpoint to checkpoints/checkpoint_best.pt
[2026-06-13 09:18:02,099][fairseq.checkpoint_utils][INFO] - Saved checkpoint checkpoints/checkpoint_best.pt (epoch 8 @ 25406 updates, score 90.297) (writing took 9.011978624388576 seconds)
[2026-06-13 09:18:02,099][main][INFO] - end of epoch 8 (average epoch stats below)
[2026-06-13 09:18:02,114][train][INFO] - {"epoch": 8, "train_loss": "37.115", "train_nll_loss": "0.675", "train_total": "179.814", "train_n_correct": "163.424", "train_ppl": "1.6", "train_accuracy": "90.885", "train_wps": "358.5", "train_ups": "1.99", "train_wpb": "179.8", "train_bsz": "9.7", "train_num_updates": "25406", "train_lr": "9.94985e-05", "train_gnorm": "44.051", "train_loss_scale": "64", "train_train_wall": "257", "train_gb_free": "73.7", "train_wall": "12644"}
[2026-06-13 09:18:02,554][trainer][INFO] - begin training epoch 9
[2026-06-13 09:18:02,555][main][INFO] - Start iterating over samples
[2026-06-13 09:19:36,163][train_inner][INFO] - {"epoch": 9, "update": 8.061, "loss": "37.955", "nll_loss": "0.591", "total": "179.075", "n_correct": "165.16", "ppl": "1.51", "accuracy": "92.23", "wps": "209.6", "ups": "1.17", "wpb": "179.1", "bsz": "9.1", "num_updates": "25600", "lr": "9.66488e-05", "gnorm": "65.05", "loss_scale": "64", "train_wall": "19", "gb_free": "73.6", "wall": "12738"}
[2026-06-13 09:21:11,620][train_inner][INFO] - {"epoch": 9, "update": 8.124, "loss": "35.369", "nll_loss": "0.59", "total": "178.83", "n_correct": "165.005", "ppl": "1.51", "accuracy": "92.269", "wps": "374.7", "ups": "2.1", "wpb": "178.8", "bsz": "9.7", "num_updates": "25800", "lr": "9.37964e-05", "gnorm": "64.285", "loss_scale": "64", "train_wall": "19", "gb_free": "73.8", "wall": "12834"}
[2026-06-13 09:22:47,685][train_inner][INFO] - {"epoch": 9, "update": 8.187, "loss": "35.023", "nll_loss": "0.598", "total": "179.635", "n_correct": "165.775", "ppl": "1.51", "accuracy": "92.284", "wps": "374", "ups": "2.08", "wpb": "179.6", "bsz": "9.9", "num_updates": "26000", "lr": "9.10282e-05", "gnorm": "61.902", "loss_scale": "64", "train_wall": "19", "gb_free": "74", "wall": "12930"}
[2026-06-13 09:24:21,589][train_inner][INFO] - {"epoch": 9, "update": 8.25, "loss": "36.058", "nll_loss": "0.584", "total": "176.08", "n_correct": "162.655", "ppl": "1.5", "accuracy": "92.376", "wps": "375.1", "ups": "2.13", "wpb": "176.1", "bsz": "9.4", "num_updates": "26200", "lr": "8.83417e-05", "gnorm": "62.249", "loss_scale": "64", "train_wall": "19", "gb_free": "73.7", "wall": "13024"}
[2026-06-13 09:26:00,361][train_inner][INFO] - {"epoch": 9, "update": 8.313, "loss": "35.043", "nll_loss": "0.592", "total": "180.595", "n_correct": "166.675", "ppl": "1.51", "accuracy": "92.292", "wps": "365.7", "ups": "2.03", "wpb": "180.6", "bsz": "9.9", "num_updates": "26400", "lr": "8.57345e-05", "gnorm": "62.416", "loss_scale": "64", "train_wall": "19", "gb_free": "74.5", "wall": "13122"}
[2026-06-13 09:27:36,487][train_inner][INFO] - {"epoch": 9, "update": 8.376, "loss": "34.784", "nll_loss": "0.605", "total": "180.66", "n_correct": "166.28", "ppl": "1.52", "accuracy": "92.04", "wps": "375.9", "ups": "2.08", "wpb": "180.7", "bsz": "10.1", "num_updates": "26600", "lr": "8.32042e-05", "gnorm": "60.862", "loss_scale": "64", "train_wall": "19", "gb_free": "73.6", "wall": "13219"}
[2026-06-13 09:29:08,204][train_inner][INFO] - {"epoch": 9, "update": 8.439, "loss": "36.598", "nll_loss": "0.597", "total": "177.2", "n_correct": "163.575", "ppl": "1.51", "accuracy": "92.311", "wps": "386.5", "ups": "2.18", "wpb": "177.2", "bsz": "9.3", "num_updates": "26800", "lr": "8.07486e-05", "gnorm": "64.374", "loss_scale": "64", "train_wall": "19", "gb_free": "73.8", "wall": "13310"}
[2026-06-13 09:30:41,878][train_inner][INFO] - {"epoch": 9, "update": 8.502, "loss": "36.367", "nll_loss": "0.603", "total": "178.76", "n_correct": "164.445", "ppl": "1.52", "accuracy": "91.992", "wps": "381.7", "ups": "2.14", "wpb": "178.8", "bsz": "9.5", "num_updates": "27000", "lr": "7.83654e-05", "gnorm": "60.801", "loss_scale": "64", "train_wall": "19", "gb_free": "73.7", "wall": "13404"}
[2026-06-13 09:32:19,098][train_inner][INFO] - {"epoch": 9, "update": 8.565, "loss": "34.664", "nll_loss": "0.597", "total": "181.465", "n_correct": "167.48", "ppl": "1.51", "accuracy": "92.293", "wps": "373.3", "ups": "2.06", "wpb": "181.5", "bsz": "10.1", "num_updates": "27200", "lr": "7.60526e-05", "gnorm": "60.721", "loss_scale": "64", "train_wall": "19", "gb_free": "74.4", "wall": "13501"}
[2026-06-13 09:33:56,988][train_inner][INFO] - {"epoch": 9, "update": 8.628, "loss": "33.349", "nll_loss": "0.59", "total": "180.845", "n_correct": "166.995", "ppl": "1.51", "accuracy": "92.342", "wps": "369.5", "ups": "2.04", "wpb": "180.8", "bsz": "10.4", "num_updates": "27400", "lr": "7.38081e-05", "gnorm": "56.237", "loss_scale": "64", "train_wall": "19", "gb_free": "73.7", "wall": "13599"}
[2026-06-13 09:35:29,098][train_inner][INFO] - {"epoch": 9, "update": 8.691, "loss": "37.905", "nll_loss": "0.588", "total": "180.3", "n_correct": "166.615", "ppl": "1.5", "accuracy": "92.41", "wps": "391.5", "ups": "2.17", "wpb": "180.3", "bsz": "9.1", "num_updates": "27600", "lr": "7.16298e-05", "gnorm": "62.081", "loss_scale": "64", "train_wall": "19", "gb_free": "73.7", "wall": "13691"}
[2026-06-13 09:37:06,393][train_inner][INFO] - {"epoch": 9, "update": 8.754, "loss": "34.012", "nll_loss": "0.585", "total": "180.435", "n_correct": "166.775", "ppl": "1.5", "accuracy": "92.429", "wps": "370.9", "ups": "2.06", "wpb": "180.4", "bsz": "10.2", "num_updates": "27800", "lr": "6.95158e-05", "gnorm": "61.055", "loss_scale": "64", "train_wall": "19", "gb_free": "73.7", "wall": "13789"}
[2026-06-13 09:38:43,398][train_inner][INFO] - {"epoch": 9, "update": 8.817, "loss": "34.614", "nll_loss": "0.589", "total": "181.965", "n_correct": "168.18", "ppl": "1.5", "accuracy": "92.424", "wps": "375.2", "ups": "2.06", "wpb": "182", "bsz": "10.1", "num_updates": "28000", "lr": "6.74641e-05", "gnorm": "60.697", "loss_scale": "64", "train_wall": "19", "gb_free": "73.7", "wall": "13886"}
[2026-06-13 09:40:23,553][train_inner][INFO] - {"epoch": 9, "update": 8.88, "loss": "34.55", "nll_loss": "0.585", "total": "178.62", "n_correct": "164.89", "ppl": "1.5", "accuracy": "92.313", "wps": "356.7", "ups": "2", "wpb": "178.6", "bsz": "9.9", "num_updates": "28200", "lr": "6.54731e-05", "gnorm": "56.716", "loss_scale": "64", "train_wall": "19", "gb_free": "74.3", "wall": "13986"}
[2026-06-13 09:41:56,505][train_inner][INFO] - {"epoch": 9, "update": 8.943, "loss": "36.931", "nll_loss": "0.553", "total": "182.69", "n_correct": "169.955", "ppl": "1.47", "accuracy": "93.029", "wps": "393.2", "ups": "2.15", "wpb": "182.7", "bsz": "9.3", "num_updates": "28400", "lr": "6.35408e-05", "gnorm": "57.736", "loss_scale": "64", "train_wall": "19", "gb_free": "73.7", "wall": "14079"}
[2026-06-13 09:43:19,696][main][INFO] - end of epoch 9 (average epoch stats below)
[2026-06-13 09:43:19,707][train][INFO] - {"epoch": 9, "train_loss": "35.675", "train_nll_loss": "0.59", "train_total": "179.799", "train_n_correct": "166.003", "train_ppl": "1.51", "train_accuracy": "92.327", "train_wps": "376.3", "train_ups": "2.09", "train_wpb": "179.8", "train_bsz": "9.7", "train_num_updates": "28582", "train_lr": "6.1832e-05", "train_gnorm": "61.154", "train_loss_scale": "64", "train_train_wall": "302", "train_gb_free": "73.4", "train_wall": "14162"}
[2026-06-13 09:43:20,146][trainer][INFO] - begin training epoch 10
[2026-06-13 09:43:20,146][main][INFO] - Start iterating over samples
[2026-06-13 09:43:30,187][train_inner][INFO] - {"epoch": 10, "update": 9.006, "loss": "38.4", "nll_loss": "0.585", "total": "179.88", "n_correct": "166.17", "ppl": "1.5", "accuracy": "92.378", "wps": "384.1", "ups": "2.14", "wpb": "179.9", "bsz": "9", "num_updates": "28600", "lr": "6.16655e-05", "gnorm": "60.155", "loss_scale": "64", "train_wall": "19", "gb_free": "73.7", "wall": "14172"}
[2026-06-13 09:45:12,015][train_inner][INFO] - {"epoch": 10, "update": 9.069, "loss": "33.729", "nll_loss": "0.49", "total": "183.4", "n_correct": "173.175", "ppl": "1.4", "accuracy": "94.425", "wps": "360.4", "ups": "1.97", "wpb": "183.4", "bsz": "10", "num_updates": "28800", "lr": "5.98455e-05", "gnorm": "43.337", "loss_scale": "64", "train_wall": "19", "gb_free": "73.9", "wall": "14274"}
[2026-06-13 09:46:46,415][train_inner][INFO] - {"epoch": 10, "update": 9.132, "loss": "34.368", "nll_loss": "0.489", "total": "176.765", "n_correct": "166.415", "ppl": "1.4", "accuracy": "94.145", "wps": "374.5", "ups": "2.12", "wpb": "176.8", "bsz": "9.4", "num_updates": "29000", "lr": "5.80793e-05", "gnorm": "48.799", "loss_scale": "64", "train_wall": "19", "gb_free": "73.7", "wall": "14369"}
[2026-06-13 09:48:21,300][train_inner][INFO] - {"epoch": 10, "update": 9.195, "loss": "34.869", "nll_loss": "0.498", "total": "179.725", "n_correct": "168.95", "ppl": "1.41", "accuracy": "94.005", "wps": "378.9", "ups": "2.11", "wpb": "179.7", "bsz": "9.5", "num_updates": "29200", "lr": "5.63652e-05", "gnorm": "47.078", "loss_scale": "64", "train_wall": "19", "gb_free": "74.3", "wall": "14463"}
[2026-06-13 09:49:54,189][train_inner][INFO] - {"epoch": 10, "update": 9.258, "loss": "35.284", "nll_loss": "0.488", "total": "178.05", "n_correct": "167.605", "ppl": "1.4", "accuracy": "94.134", "wps": "383.4", "ups": "2.15", "wpb": "178.1", "bsz": "9.2", "num_updates": "29400", "lr": "5.47017e-05", "gnorm": "43.906", "loss_scale": "64", "train_wall": "19", "gb_free": "73.7", "wall": "14556"}
[2026-06-13 09:51:27,638][train_inner][INFO] - {"epoch": 10, "update": 9.321, "loss": "35.329", "nll_loss": "0.496", "total": "181.44", "n_correct": "170.905", "ppl": "1.41", "accuracy": "94.194", "wps": "388.4", "ups": "2.14", "wpb": "181.4", "bsz": "9.4", "num_updates": "29600", "lr": "5.30873e-05", "gnorm": "46.098", "loss_scale": "64", "train_wall": "19", "gb_free": "73.7", "wall": "14650"}
[2026-06-13 09:53:06,186][train_inner][INFO] - {"epoch": 10, "update": 9.384, "loss": "32.12", "nll_loss": "0.517", "total": "181.68", "n_correct": "170.14", "ppl": "1.43", "accuracy": "93.648", "wps": "368.8", "ups": "2.03", "wpb": "181.7", "bsz": "10.5", "num_updates": "29800", "lr": "5.15205e-05", "gnorm": "49.247", "loss_scale": "64", "train_wall": "19", "gb_free": "73.6", "wall": "14748"}
[2026-06-13 09:54:44,922][train_inner][INFO] - {"epoch": 10, "update": 9.446, "loss": "33.445", "nll_loss": "0.472", "total": "179.875", "n_correct": "170.115", "ppl": "1.39", "accuracy": "94.574", "wps": "364.4", "ups": "2.03", "wpb": "179.9", "bsz": "9.8", "num_updates": "30000", "lr": "5e-05", "gnorm": "46.786", "loss_scale": "64", "train_wall": "19", "gb_free": "74.5", "wall": "14847"}
[2026-06-13 09:54:44,923][main][INFO] - Stopping training due to num_updates: 30000 >= max_update: 30000
[2026-06-13 09:54:44,923][main][INFO] - begin validation on "valid" subset
[2026-06-13 09:55:51,181][valid][INFO] - {"epoch": 10, "valid_loss": "37.345", "valid_nll_loss": "0.622", "valid_total": "178.205", "valid_n_correct": "162.827", "valid_ppl": "1.54", "valid_accuracy": "91.371", "valid_wps": "347", "valid_wpb": "178.2", "valid_bsz": "9.4", "valid_num_updates": "30000", "valid_best_accuracy": "91.371"}
[2026-06-13 09:55:51,182][fairseq.checkpoint_utils][INFO] - Preparing to save checkpoint for epoch 10 @ 30000 updates
[2026-06-13 09:55:51,182][trainer][INFO] - Saving checkpoint to checkpoints/checkpoint_best.pt
[2026-06-13 09:55:54,885][trainer][INFO] - Finished saving checkpoint to checkpoints/checkpoint_best.pt
[2026-06-13 09:56:00,103][fairseq.checkpoint_utils][INFO] - Saved checkpoint checkpoints/checkpoint_best.pt (epoch 10 @ 30000 updates, score 91.371) (writing took 8.92093625664711 seconds)
[2026-06-13 09:56:00,104][main][INFO] - end of epoch 10 (average epoch stats below)
[2026-06-13 09:56:00,114][train][INFO] - {"epoch": 10, "train_loss": "34.123", "train_nll_loss": "0.493", "train_total": "180.167", "train_n_correct": "169.642", "train_ppl": "1.41", "train_accuracy": "94.158", "train_wps": "336", "train_ups": "1.86", "train_wpb": "180.2", "train_bsz": "9.7", "train_num_updates": "30000", "train_lr": "5e-05", "train_gnorm": "46.46", "train_loss_scale": "64", "train_train_wall": "135", "train_gb_free": "74.5", "train_wall": "14922"}
[2026-06-13 09:56:00,114][main][INFO] - done training in 14921.4 seconds
