/home/limusheng/my_projects/RZD-HW/main.py:23: UserWarning: 
The version_base parameter is not specified.
Please specify a compatability version level, or None.
Will assume defaults for version 1.1
  @hydra.main(config_path="configs", config_name="video2text")
/home/limusheng/miniconda3/envs/RZD/lib/python3.10/site-packages/hydra/core/default_element.py:124: UserWarning: In 'audiovideo2text.yaml': Usage of deprecated keyword in package header '# @package _group_'.
See https://hydra.cc/docs/1.2/upgrades/1.0_to_1.1/changes_to_package_header for more information
  deprecation_warning(
sys:1: UserWarning: 
'audiovideo2text.yaml' is validated against ConfigStore schema with the same name.
This behavior is deprecated in Hydra 1.1 and will be removed in Hydra 1.2.
See https://hydra.cc/docs/1.2/upgrades/1.0_to_1.1/automatic_schema_matching for migration instructions.
/home/limusheng/miniconda3/envs/RZD/lib/python3.10/site-packages/hydra/main.py:94: UserWarning: 
'audiovideo2text.yaml' is validated against ConfigStore schema with the same name.
This behavior is deprecated in Hydra 1.1 and will be removed in Hydra 1.2.
See https://hydra.cc/docs/1.2/upgrades/1.0_to_1.1/automatic_schema_matching for migration instructions.
  _run_hydra(
/home/limusheng/miniconda3/envs/RZD/lib/python3.10/site-packages/hydra/_internal/hydra.py:119: UserWarning: Future Hydra versions will no longer change working directory at job runtime by default.
See https://hydra.cc/docs/1.2/upgrades/1.1_to_1.2/changes_to_job_working_dir/ for more information.
  ret = run_job(
[2026-06-03 10:08:20,951][main][INFO] - {'_name': None, 'common': {'_name': None, 'no_progress_bar': False, 'log_interval': 200, 'log_format': json, 'log_file': None, 'tensorboard_logdir': 'tblog', 'wandb_project': None, 'azureml_logging': False, 'seed': 1337, 'cpu': False, 'tpu': False, 'bf16': False, 'memory_efficient_bf16': False, 'fp16': True, 'memory_efficient_fp16': False, 'fp16_no_flatten_grads': False, 'fp16_init_scale': 128, 'fp16_scale_window': None, 'fp16_scale_tolerance': 0.0, 'on_cpu_convert_precision': False, 'min_loss_scale': 0.0001, 'threshold_loss_scale': None, 'amp': False, 'amp_batch_retries': 2, 'amp_init_scale': 128, 'amp_scale_window': None, 'user_dir': '/home/limusheng/my_projects/RZD-HW', 'empty_cache_freq': 0, 'all_gather_list_size': 16384, 'model_parallel_size': 1, 'quantization_config_path': None, 'profile': False, 'reset_logging': False, 'suppress_crashes': False, 'use_plasma_view': False, 'plasma_path': '/tmp/plasma'}, 'common_eval': {'_name': None, 'path': None, 'post_process': None, 'quiet': False, 'model_overrides': '{}', 'results_path': None}, 'distributed_training': {'_name': None, 'distributed_world_size': 1, 'distributed_num_procs': 1, 'distributed_rank': 0, 'distributed_backend': 'nccl', 'distributed_init_method': None, 'distributed_port': 29683, 'device_id': 0, 'distributed_no_spawn': False, 'ddp_backend': c10d, 'ddp_comm_hook': none, 'bucket_cap_mb': 25, 'fix_batches_to_gpus': False, 'find_unused_parameters': True, 'fast_stat_sync': False, 'heartbeat_timeout': -1, 'broadcast_buffers': False, 'slowmo_momentum': None, 'slowmo_algorithm': 'LocalSGD', 'localsgd_frequency': 3, 'nprocs_per_node': 1, 'pipeline_model_parallel': False, 'pipeline_balance': None, 'pipeline_devices': None, 'pipeline_chunks': 0, 'pipeline_encoder_balance': None, 'pipeline_encoder_devices': None, 'pipeline_decoder_balance': None, 'pipeline_decoder_devices': None, 'pipeline_checkpoint': never, 'zero_sharding': none, 'fp16': '${common.fp16}', 'memory_efficient_fp16': '${common.memory_efficient_fp16}', 'tpu': '${common.tpu}', 'no_reshard_after_forward': False, 'fp32_reduce_scatter': False, 'cpu_offload': False, 'use_sharded_state': False}, 'dataset': {'_name': None, 'num_workers': 0, 'skip_invalid_size_inputs_valid_test': False, 'max_tokens': 1000, 'batch_size': None, 'required_batch_size_multiple': 8, 'required_seq_len_multiple': 1, 'dataset_impl': None, 'data_buffer_size': 10, 'train_subset': 'train', 'valid_subset': 'valid', 'combine_valid_subsets': None, 'ignore_unused_valid_subsets': False, 'validate_interval': 2, 'validate_interval_updates': 0, 'validate_after_updates': 0, 'fixed_validation_seed': None, 'disable_validation': False, 'max_tokens_valid': '${dataset.max_tokens}', 'batch_size_valid': '${dataset.batch_size}', 'max_valid_steps': None, 'curriculum': 0, 'gen_subset': 'test', 'num_shards': 1, 'shard_id': 0}, 'optimization': {'_name': None, 'max_epoch': 0, 'max_update': 30000, 'stop_time_hours': 0.0, 'clip_norm': 0.0, 'sentence_avg': True, 'update_freq': [1], 'lr': [0.001], 'stop_min_lr': -1.0, 'use_bmuf': False}, 'checkpoint': {'_name': None, 'save_dir': 'checkpoints', 'restore_file': 'checkpoint_last.pt', 'finetune_from_model': None, 'reset_dataloader': False, 'reset_lr_scheduler': False, 'reset_meters': False, 'reset_optimizer': False, 'optimizer_overrides': '{}', 'save_interval': 2, 'save_interval_updates': 0, 'keep_interval_updates': 1, 'keep_interval_updates_pattern': -1, 'keep_last_epochs': -1, 'keep_best_checkpoints': -1, 'no_save': False, 'no_epoch_checkpoints': True, 'no_last_checkpoints': False, 'no_save_optimizer_state': False, 'best_checkpoint_metric': 'accuracy', 'maximize_best_checkpoint_metric': True, 'patience': -1, 'checkpoint_suffix': '', 'checkpoint_shard_count': 1, 'load_checkpoint_on_all_dp_ranks': False, 'write_checkpoints_asynchronously': False, 'model_parallel_size': '${common.model_parallel_size}'}, 'bmuf': {'_name': None, 'block_lr': 1.0, 'block_momentum': 0.875, 'global_sync_iter': 50, 'warmup_iterations': 500, 'use_nbm': False, 'average_sync': False, 'distributed_world_size': '${distributed_training.distributed_world_size}'}, 'generation': {'_name': None, 'beam': 5, 'nbest': 1, 'max_len_a': 0.0, 'max_len_b': 200, 'min_len': 1, 'match_source_len': False, 'unnormalized': False, 'no_early_stop': False, 'no_beamable_mm': False, 'lenpen': 1.0, 'unkpen': 0.0, 'replace_unk': None, 'sacrebleu': False, 'score_reference': False, 'prefix_size': 0, 'no_repeat_ngram_size': 0, 'sampling': False, 'sampling_topk': -1, 'sampling_topp': -1.0, 'constraints': None, 'temperature': 1.0, 'diverse_beam_groups': -1, 'diverse_beam_strength': 0.5, 'diversity_rate': -1.0, 'print_alignment': None, 'print_step': False, 'lm_path': None, 'lm_weight': 0.0, 'iter_decode_eos_penalty': 0.0, 'iter_decode_max_iter': 10, 'iter_decode_force_max_iter': False, 'iter_decode_with_beam': 1, 'iter_decode_with_external_reranker': False, 'retain_iter_history': False, 'retain_dropout': False, 'retain_dropout_modules': None, 'decoding_format': None, 'no_seed_provided': False}, 'eval_lm': {'_name': None, 'output_word_probs': False, 'output_word_stats': False, 'context_window': 0, 'softmax_batch': 9223372036854775807}, 'interactive': {'_name': None, 'buffer_size': 0, 'input': '-'}, 'task': {'_name': 'av_hubert_pretraining', 'data': '/home/limusheng/my_projects/RZD-HW/final_project_data/30h_data', 'labels': ['wrd'], 'label_dir': '/home/limusheng/my_projects/RZD-HW/final_project_data/30h_data', 'label_rate': -1, 'sample_rate': 16000, 'normalize': True, 'enable_padding': False, 'max_sample_size': 500, 'min_sample_size': None, 'max_trim_sample_size': '${task.max_sample_size}', 'single_target': True, 'random_crop': False, 'pad_audio': True, 'pdb': False, 'stack_order_audio': 4, 'skip_verify': False, 'image_aug': True, 'image_crop_size': 88, 'image_mean': 0.421, 'image_std': 0.165, 'modalities': ['video', 'audio'], 'is_s2s': True, 'tokenizer_bpe_name': 'sentencepiece', 'tokenizer_bpe_model': '/home/limusheng/my_projects/RZD-HW/final_project_data/spm1000/spm_unigram1000.model', 'fine_tuning': True}, 'model': {'_name': 'av_hubert_seq2seq', 'pretrained_path': '/home/limusheng/my_projects/RZD-HW/final_project_ckpt/pretrained_model.pth', 'apply_mask': False, 'mask_selection': 'static', 'mask_length': 10, 'mask_other': 0, 'mask_prob': 0.75, 'mask_channel_selection': 'static', 'mask_channel_length': 64, 'mask_channel_other': 0, 'mask_channel_prob': 0.5, 'layerdrop': 0.1, 'dropout': 0.0, 'activation_dropout': 0.1, 'attention_dropout': 0.0, 'feature_grad_mult': 1.0, 'modality_fuse': 'concat', 'modality_dropout': 0.0, 'audio_dropout': 0.5, 'modality_dropout_mode': 'sample', 'modality_dropout_span_min': 10, 'modality_dropout_span_max': 30, 'decoder_layers': 6, 'decoder_dropout': 0.1, 'decoder_attention_dropout': 0.0, 'decoder_activation_dropout': 0.1, 'freeze_finetune_updates': 24000, 'share_decoder_input_output_embed': True, 'decoder_normalize_before': True}, 'criterion': {'_name': 'label_smoothed_cross_entropy', 'report_accuracy': True, 'label_smoothing': 0.1, 'focal_gamma': 0.0, 'confidence_penalty': 0.0, 'ignore_prefix_size': 0, 'sentence_avg': '${optimization.sentence_avg}'}, 'optimizer': {'_name': 'adam', 'adam_betas': '(0.9,0.98)', 'adam_eps': 1e-08, 'weight_decay': 0.0, "use_old_adam'": False, 'tpu': '${common.tpu}', 'lr': '${optimization.lr}'}, 'lr_scheduler': {'_name': 'tri_stage', 'warmup_steps': 10000, 'hold_steps': 0, 'decay_steps': 20000, 'final_lr_scale': 0.05, 'phase_ratio': '???', 'init_lr_scale': 0.01, 'max_update': '${optimization.max_update}', 'lr': '${optimization.lr}'}, 'scoring': None, 'bpe': None, 'tokenizer': None}
[2026-06-03 10:08:21,590][models.encoder_backbone][INFO] - EncoderBackbone Config: {'_name': 'av_hubert', 'label_rate': 25, 'input_modality': '${task.input_modality}', 'extractor_mode': default, 'encoder_layers': 12, 'encoder_embed_dim': 768, 'encoder_ffn_embed_dim': 3072, 'encoder_attention_heads': 12, 'activation_fn': gelu, 'dropout': 0.0, 'attention_dropout': 0.0, 'activation_dropout': 0.1, 'encoder_layerdrop': 0.1, 'dropout_input': 0.0, 'dropout_features': 0.1, 'final_dim': 256, 'untie_final_proj': True, 'layer_norm_first': True, 'conv_feature_layers': '[(512,10,5)] + [(512,3,2)] * 4 + [(512,2,2)] * 2', 'conv_bias': False, 'logit_temp': 0.1, 'target_glu': False, 'feature_grad_mult': 1.0, 'mask_length_audio': 10, 'mask_prob_audio': 0.8, 'mask_length_image': 5, 'mask_prob_image': 0.3, 'mask_selection': static, 'mask_other': 0.0, 'no_mask_overlap': False, 'mask_min_space': 1, 'mask_channel_length': 64, 'mask_channel_prob': 0.0, 'mask_channel_selection': static, 'mask_channel_other': 0.0, 'no_mask_channel_overlap': False, 'mask_channel_min_space': 1, 'conv_pos': 128, 'conv_pos_groups': 16, 'latent_temp': [2.0, 0.5, 0.999995], 'skip_masked': False, 'skip_nomask': False, 'resnet_relu_type': 'prelu', 'resnet_weights': None, 'sim_type': 'cosine', 'sub_encoder_layers': 0, 'audio_feat_dim': 104, 'modality_dropout': 0.0, 'audio_dropout': 0.5, 'modality_dropout_mode': 'sample', 'modality_dropout_span_min': 10, 'modality_dropout_span_max': 30, 'modality_fuse': 'concat', 'selection_type': 'same_seq', 'masking_type': 'input', 'decoder_embed_dim': 768, 'decoder_ffn_embed_dim': 3072, 'decoder_layers': 6, 'decoder_layerdrop': 0.0, 'decoder_attention_heads': 4, 'decoder_learned_pos': False, 'decoder_normalize_before': False, 'no_token_positional_embeddings': False, 'decoder_dropout': 0.1, 'decoder_attention_dropout': 0.1, 'decoder_activation_dropout': 0.0, 'max_target_positions': 2048, 'share_decoder_input_output_embed': False, 'no_scale_embedding': True, 'apply_mask': False, 'mask_prob': 0.0, 'mask_length': 10}
/home/limusheng/miniconda3/envs/RZD/lib/python3.10/site-packages/torch/nn/utils/weight_norm.py:30: UserWarning: torch.nn.utils.weight_norm is deprecated in favor of torch.nn.utils.parametrizations.weight_norm.
  warnings.warn("torch.nn.utils.weight_norm is deprecated in favor of torch.nn.utils.parametrizations.weight_norm.")
[2026-06-03 10:08:22,879][models.audio_video_model][INFO] - _IncompatibleKeys(missing_keys=[], unexpected_keys=['mask_emb', 'label_embs_concat', 'final_proj.weight', 'final_proj.bias'])
[2026-06-03 10:08:23,400][main][INFO] - AudioVideoModel(
  (encoder): EncoderBackboneWrapper(
    (pretrained_model): EncoderBackbone(
      (feature_extractor_audio): AudioEncoder(
        (proj): Linear(in_features=104, out_features=768, bias=True)
      )
      (feature_extractor_video): ResEncoder(
        (frontend3D): Sequential(
          (0): Conv3d(1, 64, kernel_size=(5, 7, 7), stride=(1, 2, 2), padding=(2, 3, 3), bias=False)
          (1): BatchNorm3d(64, eps=1e-05, momentum=0.1, affine=True, track_running_stats=True)
          (2): PReLU(num_parameters=64)
          (3): MaxPool3d(kernel_size=(1, 3, 3), stride=(1, 2, 2), padding=(0, 1, 1), dilation=1, ceil_mode=False)
        )
        (trunk): ResNet(
          (layer1): Sequential(
            (0): BasicBlock(
              (conv1): Conv2d(64, 64, kernel_size=(3, 3), stride=(1, 1), padding=(1, 1), bias=False)
              (bn1): BatchNorm2d(64, eps=1e-05, momentum=0.1, affine=True, track_running_stats=True)
              (relu1): PReLU(num_parameters=64)
              (conv2): Conv2d(64, 64, kernel_size=(3, 3), stride=(1, 1), padding=(1, 1), bias=False)
              (bn2): BatchNorm2d(64, eps=1e-05, momentum=0.1, affine=True, track_running_stats=True)
              (relu2): PReLU(num_parameters=64)
            )
            (1): BasicBlock(
              (conv1): Conv2d(64, 64, kernel_size=(3, 3), stride=(1, 1), padding=(1, 1), bias=False)
              (bn1): BatchNorm2d(64, eps=1e-05, momentum=0.1, affine=True, track_running_stats=True)
              (relu1): PReLU(num_parameters=64)
              (conv2): Conv2d(64, 64, kernel_size=(3, 3), stride=(1, 1), padding=(1, 1), bias=False)
              (bn2): BatchNorm2d(64, eps=1e-05, momentum=0.1, affine=True, track_running_stats=True)
              (relu2): PReLU(num_parameters=64)
            )
          )
          (layer2): Sequential(
            (0): BasicBlock(
              (conv1): Conv2d(64, 128, kernel_size=(3, 3), stride=(2, 2), padding=(1, 1), bias=False)
              (bn1): BatchNorm2d(128, eps=1e-05, momentum=0.1, affine=True, track_running_stats=True)
              (relu1): PReLU(num_parameters=128)
              (conv2): Conv2d(128, 128, kernel_size=(3, 3), stride=(1, 1), padding=(1, 1), bias=False)
              (bn2): BatchNorm2d(128, eps=1e-05, momentum=0.1, affine=True, track_running_stats=True)
              (relu2): PReLU(num_parameters=128)
              (downsample): Sequential(
                (0): Conv2d(64, 128, kernel_size=(1, 1), stride=(2, 2), bias=False)
                (1): BatchNorm2d(128, eps=1e-05, momentum=0.1, affine=True, track_running_stats=True)
              )
            )
            (1): BasicBlock(
              (conv1): Conv2d(128, 128, kernel_size=(3, 3), stride=(1, 1), padding=(1, 1), bias=False)
              (bn1): BatchNorm2d(128, eps=1e-05, momentum=0.1, affine=True, track_running_stats=True)
              (relu1): PReLU(num_parameters=128)
              (conv2): Conv2d(128, 128, kernel_size=(3, 3), stride=(1, 1), padding=(1, 1), bias=False)
              (bn2): BatchNorm2d(128, eps=1e-05, momentum=0.1, affine=True, track_running_stats=True)
              (relu2): PReLU(num_parameters=128)
            )
          )
          (layer3): Sequential(
            (0): BasicBlock(
              (conv1): Conv2d(128, 256, kernel_size=(3, 3), stride=(2, 2), padding=(1, 1), bias=False)
              (bn1): BatchNorm2d(256, eps=1e-05, momentum=0.1, affine=True, track_running_stats=True)
              (relu1): PReLU(num_parameters=256)
              (conv2): Conv2d(256, 256, kernel_size=(3, 3), stride=(1, 1), padding=(1, 1), bias=False)
              (bn2): BatchNorm2d(256, eps=1e-05, momentum=0.1, affine=True, track_running_stats=True)
              (relu2): PReLU(num_parameters=256)
              (downsample): Sequential(
                (0): Conv2d(128, 256, kernel_size=(1, 1), stride=(2, 2), bias=False)
                (1): BatchNorm2d(256, eps=1e-05, momentum=0.1, affine=True, track_running_stats=True)
              )
            )
            (1): BasicBlock(
              (conv1): Conv2d(256, 256, kernel_size=(3, 3), stride=(1, 1), padding=(1, 1), bias=False)
              (bn1): BatchNorm2d(256, eps=1e-05, momentum=0.1, affine=True, track_running_stats=True)
              (relu1): PReLU(num_parameters=256)
              (conv2): Conv2d(256, 256, kernel_size=(3, 3), stride=(1, 1), padding=(1, 1), bias=False)
              (bn2): BatchNorm2d(256, eps=1e-05, momentum=0.1, affine=True, track_running_stats=True)
              (relu2): PReLU(num_parameters=256)
            )
          )
          (layer4): Sequential(
            (0): BasicBlock(
              (conv1): Conv2d(256, 512, kernel_size=(3, 3), stride=(2, 2), padding=(1, 1), bias=False)
              (bn1): BatchNorm2d(512, eps=1e-05, momentum=0.1, affine=True, track_running_stats=True)
              (relu1): PReLU(num_parameters=512)
              (conv2): Conv2d(512, 512, kernel_size=(3, 3), stride=(1, 1), padding=(1, 1), bias=False)
              (bn2): BatchNorm2d(512, eps=1e-05, momentum=0.1, affine=True, track_running_stats=True)
              (relu2): PReLU(num_parameters=512)
              (downsample): Sequential(
                (0): Conv2d(256, 512, kernel_size=(1, 1), stride=(2, 2), bias=False)
                (1): BatchNorm2d(512, eps=1e-05, momentum=0.1, affine=True, track_running_stats=True)
              )
            )
            (1): BasicBlock(
              (conv1): Conv2d(512, 512, kernel_size=(3, 3), stride=(1, 1), padding=(1, 1), bias=False)
              (bn1): BatchNorm2d(512, eps=1e-05, momentum=0.1, affine=True, track_running_stats=True)
              (relu1): PReLU(num_parameters=512)
              (conv2): Conv2d(512, 512, kernel_size=(3, 3), stride=(1, 1), padding=(1, 1), bias=False)
              (bn2): BatchNorm2d(512, eps=1e-05, momentum=0.1, affine=True, track_running_stats=True)
              (relu2): PReLU(num_parameters=512)
            )
          )
          (avgpool): AdaptiveAvgPool2d(output_size=1)
        )
        (proj): Linear(in_features=512, out_features=768, bias=True)
      )
      (post_extract_proj): Linear(in_features=1536, out_features=768, bias=True)
      (encoder): TransformerEncoder(
        (pos_conv): Sequential(
          (0): Conv1d(768, 768, kernel_size=(128,), stride=(1,), padding=(64,), groups=16)
          (1): SamePad()
          (2): GELU(approximate='none')
        )
        (layers): ModuleList(
          (0-11): 12 x TransformerSentenceEncoderLayer(
            (self_attn): MultiheadAttention(
              (dropout_module): Dropout(p=0.0, inplace=False)
              (k_proj): Linear(in_features=768, out_features=768, bias=True)
              (v_proj): Linear(in_features=768, out_features=768, bias=True)
              (q_proj): Linear(in_features=768, out_features=768, bias=True)
              (out_proj): Linear(in_features=768, out_features=768, bias=True)
            )
            (dropout1): Dropout(p=0.0, inplace=False)
            (dropout2): Dropout(p=0.1, inplace=False)
            (dropout3): Dropout(p=0.0, inplace=False)
            (self_attn_layer_norm): LayerNorm((768,), eps=1e-05, elementwise_affine=True)
            (fc1): Linear(in_features=768, out_features=3072, bias=True)
            (fc2): Linear(in_features=3072, out_features=768, bias=True)
            (final_layer_norm): LayerNorm((768,), eps=1e-05, elementwise_affine=True)
          )
        )
        (layer_norm): LayerNorm((768,), eps=1e-05, elementwise_affine=True)
      )
      (layer_norm): LayerNorm((1536,), eps=1e-05, elementwise_affine=True)
      (dropout_input): Dropout(p=0.0, inplace=False)
      (dropout_features): Dropout(p=0.1, inplace=False)
    )
  )
  (decoder): TransformerDecoder(
    (embed_tokens): Embedding(1000, 768, padding_idx=1)
    (embed_positions): SinusoidalPositionalEmbedding()
    (layers): ModuleList(
      (0-5): 6 x TransformerDecoderLayer(
        (dropout_module): Dropout(p=0.1, inplace=False)
        (self_attn): MultiheadAttention(
          (dropout_module): Dropout(p=0.0, inplace=False)
          (k_proj): Linear(in_features=768, out_features=768, bias=True)
          (v_proj): Linear(in_features=768, out_features=768, bias=True)
          (q_proj): Linear(in_features=768, out_features=768, bias=True)
          (out_proj): Linear(in_features=768, out_features=768, bias=True)
        )
        (activation_dropout_module): Dropout(p=0.1, inplace=False)
        (self_attn_layer_norm): LayerNorm((768,), eps=1e-05, elementwise_affine=True)
        (encoder_attn): MultiheadAttention(
          (dropout_module): Dropout(p=0.0, inplace=False)
          (k_proj): Linear(in_features=768, out_features=768, bias=True)
          (v_proj): Linear(in_features=768, out_features=768, bias=True)
          (q_proj): Linear(in_features=768, out_features=768, bias=True)
          (out_proj): Linear(in_features=768, out_features=768, bias=True)
        )
        (encoder_attn_layer_norm): LayerNorm((768,), eps=1e-05, elementwise_affine=True)
        (fc1): Linear(in_features=768, out_features=3072, bias=True)
        (fc2): Linear(in_features=3072, out_features=768, bias=True)
        (final_layer_norm): LayerNorm((768,), eps=1e-05, elementwise_affine=True)
      )
    )
    (layer_norm): LayerNorm((768,), eps=1e-05, elementwise_affine=True)
  )
)
[2026-06-03 10:08:23,403][main][INFO] - model: AudioVideoModel
[2026-06-03 10:08:23,403][main][INFO] - criterion: LabelSmoothedCrossEntropyCriterion
[2026-06-03 10:08:23,405][main][INFO] - num. shared model params: 160,100,480 (num. trained: 160,100,480)
[2026-06-03 10:08:23,407][main][INFO] - num. expert model params: 0 (num. trained: 0)
[2026-06-03 10:08:23,407][dataset][INFO] - Using tokenizer
[2026-06-03 10:08:23,460][dataset][INFO] - max_keep=500, min_keep=None, loaded 30782, skipped 0 short and 0 long and 0 unaligned, longest-loaded=155, shortest-loaded=12
[2026-06-03 10:08:23,461][dataset][INFO] - image transform: Compose(
    Normalize(mean=0.0, std=255.0)
    RandomCrop(size=(88, 88))
    <utils.model_utils.HorizontalFlip object at 0x7fd291293a00>
    Normalize(mean=0.421, std=0.165)
)
[2026-06-03 10:08:23,471][dataset][INFO] - pad_audio=True, random_crop=False, normalize=True, max_sample_size=500, seqs2seq data=True,
[2026-06-03 10:08:23,471][dataset][INFO] - Using tokenizer
[2026-06-03 10:08:23,475][dataset][INFO] - max_keep=500, min_keep=None, loaded 1200, skipped 0 short and 0 long and 0 unaligned, longest-loaded=155, shortest-loaded=17
[2026-06-03 10:08:23,475][dataset][INFO] - image transform: Compose(
    Normalize(mean=0.0, std=255.0)
    <utils.model_utils.CenterCrop object at 0x7fd291291630>
    Normalize(mean=0.421, std=0.165)
)
[2026-06-03 10:08:23,476][dataset][INFO] - pad_audio=True, random_crop=False, normalize=True, max_sample_size=500, seqs2seq data=True,
[2026-06-03 10:08:23,852][trainer][INFO] - detected shared parameter: encoder.pretrained_model.feature_extractor_video.frontend3D.0.bias <- encoder.pretrained_model.feature_extractor_video.trunk.layer1.0.conv1.bias
[2026-06-03 10:08:23,852][trainer][INFO] - detected shared parameter: encoder.pretrained_model.feature_extractor_video.frontend3D.0.bias <- encoder.pretrained_model.feature_extractor_video.trunk.layer1.0.conv2.bias
[2026-06-03 10:08:23,852][trainer][INFO] - detected shared parameter: encoder.pretrained_model.feature_extractor_video.frontend3D.0.bias <- encoder.pretrained_model.feature_extractor_video.trunk.layer1.1.conv1.bias
[2026-06-03 10:08:23,852][trainer][INFO] - detected shared parameter: encoder.pretrained_model.feature_extractor_video.frontend3D.0.bias <- encoder.pretrained_model.feature_extractor_video.trunk.layer1.1.conv2.bias
[2026-06-03 10:08:23,853][trainer][INFO] - detected shared parameter: encoder.pretrained_model.feature_extractor_video.frontend3D.0.bias <- encoder.pretrained_model.feature_extractor_video.trunk.layer2.0.conv1.bias
[2026-06-03 10:08:23,853][trainer][INFO] - detected shared parameter: encoder.pretrained_model.feature_extractor_video.frontend3D.0.bias <- encoder.pretrained_model.feature_extractor_video.trunk.layer2.0.conv2.bias
[2026-06-03 10:08:23,853][trainer][INFO] - detected shared parameter: encoder.pretrained_model.feature_extractor_video.frontend3D.0.bias <- encoder.pretrained_model.feature_extractor_video.trunk.layer2.0.downsample.0.bias
[2026-06-03 10:08:23,853][trainer][INFO] - detected shared parameter: encoder.pretrained_model.feature_extractor_video.frontend3D.0.bias <- encoder.pretrained_model.feature_extractor_video.trunk.layer2.1.conv1.bias
[2026-06-03 10:08:23,853][trainer][INFO] - detected shared parameter: encoder.pretrained_model.feature_extractor_video.frontend3D.0.bias <- encoder.pretrained_model.feature_extractor_video.trunk.layer2.1.conv2.bias
[2026-06-03 10:08:23,853][trainer][INFO] - detected shared parameter: encoder.pretrained_model.feature_extractor_video.frontend3D.0.bias <- encoder.pretrained_model.feature_extractor_video.trunk.layer3.0.conv1.bias
[2026-06-03 10:08:23,853][trainer][INFO] - detected shared parameter: encoder.pretrained_model.feature_extractor_video.frontend3D.0.bias <- encoder.pretrained_model.feature_extractor_video.trunk.layer3.0.conv2.bias
[2026-06-03 10:08:23,853][trainer][INFO] - detected shared parameter: encoder.pretrained_model.feature_extractor_video.frontend3D.0.bias <- encoder.pretrained_model.feature_extractor_video.trunk.layer3.0.downsample.0.bias
[2026-06-03 10:08:23,853][trainer][INFO] - detected shared parameter: encoder.pretrained_model.feature_extractor_video.frontend3D.0.bias <- encoder.pretrained_model.feature_extractor_video.trunk.layer3.1.conv1.bias
[2026-06-03 10:08:23,853][trainer][INFO] - detected shared parameter: encoder.pretrained_model.feature_extractor_video.frontend3D.0.bias <- encoder.pretrained_model.feature_extractor_video.trunk.layer3.1.conv2.bias
[2026-06-03 10:08:23,853][trainer][INFO] - detected shared parameter: encoder.pretrained_model.feature_extractor_video.frontend3D.0.bias <- encoder.pretrained_model.feature_extractor_video.trunk.layer4.0.conv1.bias
[2026-06-03 10:08:23,853][trainer][INFO] - detected shared parameter: encoder.pretrained_model.feature_extractor_video.frontend3D.0.bias <- encoder.pretrained_model.feature_extractor_video.trunk.layer4.0.conv2.bias
[2026-06-03 10:08:23,853][trainer][INFO] - detected shared parameter: encoder.pretrained_model.feature_extractor_video.frontend3D.0.bias <- encoder.pretrained_model.feature_extractor_video.trunk.layer4.0.downsample.0.bias
[2026-06-03 10:08:23,853][trainer][INFO] - detected shared parameter: encoder.pretrained_model.feature_extractor_video.frontend3D.0.bias <- encoder.pretrained_model.feature_extractor_video.trunk.layer4.1.conv1.bias
[2026-06-03 10:08:23,853][trainer][INFO] - detected shared parameter: encoder.pretrained_model.feature_extractor_video.frontend3D.0.bias <- encoder.pretrained_model.feature_extractor_video.trunk.layer4.1.conv2.bias
[2026-06-03 10:08:23,854][fairseq.utils][INFO] - ***********************CUDA enviroments for all 1 workers***********************
[2026-06-03 10:08:23,854][fairseq.utils][INFO] - rank   0: capabilities =  8.0  ; total memory = 79.150 GB ; name = NVIDIA A800 80GB PCIe                   
[2026-06-03 10:08:23,854][fairseq.utils][INFO] - ***********************CUDA enviroments for all 1 workers***********************
[2026-06-03 10:08:23,854][main][INFO] - training on 1 devices (GPUs/TPUs)
[2026-06-03 10:08:23,854][main][INFO] - max tokens per device = 1000 and max sentences per device = None
[2026-06-03 10:08:23,854][trainer][INFO] - Preparing to load checkpoint checkpoints/checkpoint_last.pt
[2026-06-03 10:08:23,854][trainer][INFO] - No existing checkpoint found checkpoints/checkpoint_last.pt
[2026-06-03 10:08:24,745][trainer][INFO] - begin training epoch 1
[2026-06-03 10:08:24,745][main][INFO] - Start iterating over samples
[2026-06-03 10:10:10,319][train_inner][INFO] - {"epoch": 1, "update": 0.063, "loss": "154.997", "nll_loss": "8.511", "total": "178.305", "n_correct": "10.89", "ppl": "364.88", "accuracy": "6.108", "wps": "340.7", "ups": "1.91", "wpb": "178.3", "bsz": "10.1", "num_updates": "200", "lr": "2.98e-05", "gnorm": "94.336", "loss_scale": "128", "train_wall": "23", "gb_free": "75.7", "wall": "106"}
[2026-06-03 10:11:48,296][train_inner][INFO] - {"epoch": 1, "update": 0.126, "loss": "169.468", "nll_loss": "8.15", "total": "181.27", "n_correct": "12.34", "ppl": "284.1", "accuracy": "6.808", "wps": "370", "ups": "2.04", "wpb": "181.3", "bsz": "9", "num_updates": "400", "lr": "4.96e-05", "gnorm": "67.47", "loss_scale": "128", "train_wall": "20", "gb_free": "75.7", "wall": "204"}
[2026-06-03 10:13:28,200][train_inner][INFO] - {"epoch": 1, "update": 0.189, "loss": "155.739", "nll_loss": "8.022", "total": "177.86", "n_correct": "14.395", "ppl": "259.96", "accuracy": "8.093", "wps": "356.1", "ups": "2", "wpb": "177.9", "bsz": "9.5", "num_updates": "600", "lr": "6.94e-05", "gnorm": "53.928", "loss_scale": "128", "train_wall": "19", "gb_free": "75.7", "wall": "304"}
[2026-06-03 10:15:08,261][train_inner][INFO] - {"epoch": 1, "update": 0.252, "loss": "148.613", "nll_loss": "7.833", "total": "179.33", "n_correct": "19.715", "ppl": "228.09", "accuracy": "10.994", "wps": "358.5", "ups": "2", "wpb": "179.3", "bsz": "9.9", "num_updates": "800", "lr": "8.92e-05", "gnorm": "50.602", "loss_scale": "128", "train_wall": "19", "gb_free": "75.7", "wall": "404"}
[2026-06-03 10:16:45,500][train_inner][INFO] - {"epoch": 1, "update": 0.315, "loss": "152.344", "nll_loss": "7.662", "total": "176.56", "n_correct": "22.45", "ppl": "202.59", "accuracy": "12.715", "wps": "363.2", "ups": "2.06", "wpb": "176.6", "bsz": "9.3", "num_updates": "1000", "lr": "0.000109", "gnorm": "51.263", "loss_scale": "128", "train_wall": "19", "gb_free": "75.7", "wall": "502"}
[2026-06-03 10:18:23,604][train_inner][INFO] - {"epoch": 1, "update": 0.378, "loss": "149.382", "nll_loss": "7.462", "total": "177.705", "n_correct": "24.82", "ppl": "176.31", "accuracy": "13.967", "wps": "362.3", "ups": "2.04", "wpb": "177.7", "bsz": "9.3", "num_updates": "1200", "lr": "0.0001288", "gnorm": "52.569", "loss_scale": "128", "train_wall": "19", "gb_free": "75.7", "wall": "600"}
[2026-06-03 10:20:05,315][train_inner][INFO] - {"epoch": 1, "update": 0.441, "loss": "136.197", "nll_loss": "7.258", "total": "180.08", "n_correct": "28.07", "ppl": "153.03", "accuracy": "15.588", "wps": "354.1", "ups": "1.97", "wpb": "180.1", "bsz": "10.2", "num_updates": "1400", "lr": "0.0001486", "gnorm": "49.668", "loss_scale": "128", "train_wall": "18", "gb_free": "75.7", "wall": "701"}
[2026-06-03 10:21:42,995][train_inner][INFO] - {"epoch": 1, "update": 0.504, "loss": "144.987", "nll_loss": "7.199", "total": "179.95", "n_correct": "27.72", "ppl": "146.94", "accuracy": "15.404", "wps": "368.5", "ups": "2.05", "wpb": "179.9", "bsz": "9.5", "num_updates": "1600", "lr": "0.0001684", "gnorm": "50.992", "loss_scale": "128", "train_wall": "19", "gb_free": "75.7", "wall": "799"}
[2026-06-03 10:23:28,438][train_inner][INFO] - {"epoch": 1, "update": 0.567, "loss": "127.481", "nll_loss": "6.909", "total": "181.98", "n_correct": "32.155", "ppl": "120.22", "accuracy": "17.67", "wps": "345.2", "ups": "1.9", "wpb": "182", "bsz": "10.5", "num_updates": "1800", "lr": "0.0001882", "gnorm": "47.785", "loss_scale": "128", "train_wall": "19", "gb_free": "75.7", "wall": "905"}
[2026-06-03 10:25:08,503][train_inner][INFO] - {"epoch": 1, "update": 0.63, "loss": "136.227", "nll_loss": "6.853", "total": "182.14", "n_correct": "32.115", "ppl": "115.61", "accuracy": "17.632", "wps": "364.1", "ups": "2", "wpb": "182.1", "bsz": "9.8", "num_updates": "2000", "lr": "0.000208", "gnorm": "49.703", "loss_scale": "128", "train_wall": "18", "gb_free": "75.7", "wall": "1005"}
[2026-06-03 10:26:47,724][train_inner][INFO] - {"epoch": 1, "update": 0.693, "loss": "136.796", "nll_loss": "6.731", "total": "178.665", "n_correct": "32.475", "ppl": "106.26", "accuracy": "18.176", "wps": "360.1", "ups": "2.02", "wpb": "178.7", "bsz": "9.4", "num_updates": "2200", "lr": "0.0002278", "gnorm": "49.952", "loss_scale": "128", "train_wall": "20", "gb_free": "75.7", "wall": "1104"}
[2026-06-03 10:28:26,854][train_inner][INFO] - {"epoch": 1, "update": 0.756, "loss": "137.087", "nll_loss": "6.614", "total": "180.825", "n_correct": "34.05", "ppl": "97.93", "accuracy": "18.83", "wps": "364.8", "ups": "2.02", "wpb": "180.8", "bsz": "9.4", "num_updates": "2400", "lr": "0.0002476", "gnorm": "51.755", "loss_scale": "128", "train_wall": "19", "gb_free": "75.7", "wall": "1203"}
[2026-06-03 10:30:04,474][train_inner][INFO] - {"epoch": 1, "update": 0.819, "loss": "129.968", "nll_loss": "6.385", "total": "181.03", "n_correct": "36.24", "ppl": "83.6", "accuracy": "20.019", "wps": "370.9", "ups": "2.05", "wpb": "181", "bsz": "9.7", "num_updates": "2600", "lr": "0.0002674", "gnorm": "50.547", "loss_scale": "128", "train_wall": "18", "gb_free": "75.7", "wall": "1301"}
[2026-06-03 10:31:40,577][train_inner][INFO] - {"epoch": 1, "update": 0.882, "loss": "124.708", "nll_loss": "6.19", "total": "175.29", "n_correct": "37.65", "ppl": "73", "accuracy": "21.479", "wps": "364.8", "ups": "2.08", "wpb": "175.3", "bsz": "9.5", "num_updates": "2800", "lr": "0.0002872", "gnorm": "49.936", "loss_scale": "128", "train_wall": "19", "gb_free": "75.7", "wall": "1397"}
[2026-06-03 10:33:21,463][train_inner][INFO] - {"epoch": 1, "update": 0.945, "loss": "125.91", "nll_loss": "6.104", "total": "183.02", "n_correct": "40.1", "ppl": "68.8", "accuracy": "21.91", "wps": "362.8", "ups": "1.98", "wpb": "183", "bsz": "9.7", "num_updates": "3000", "lr": "0.000307", "gnorm": "51.173", "loss_scale": "128", "train_wall": "19", "gb_free": "75.7", "wall": "1498"}
[2026-06-03 10:34:52,185][main][INFO] - end of epoch 1 (average epoch stats below)
[2026-06-03 10:34:52,189][train][INFO] - {"epoch": 1, "train_loss": "140.278", "train_nll_loss": "7.118", "train_total": "179.799", "train_n_correct": "27.8892", "train_ppl": "138.88", "train_accuracy": "15.511", "train_wps": "359.9", "train_ups": "2", "train_wpb": "179.8", "train_bsz": "9.7", "train_num_updates": "3176", "train_lr": "0.000324424", "train_gnorm": "54.558", "train_loss_scale": "128", "train_train_wall": "306", "train_gb_free": "75.7", "train_wall": "1588"}
[2026-06-03 10:34:52,714][trainer][INFO] - begin training epoch 2
[2026-06-03 10:34:52,714][main][INFO] - Start iterating over samples
[2026-06-03 10:35:04,171][train_inner][INFO] - {"epoch": 2, "update": 1.008, "loss": "117.957", "nll_loss": "5.901", "total": "181.945", "n_correct": "42.475", "ppl": "59.77", "accuracy": "23.345", "wps": "354.3", "ups": "1.95", "wpb": "181.9", "bsz": "10.1", "num_updates": "3200", "lr": "0.0003268", "gnorm": "51.135", "loss_scale": "128", "train_wall": "18", "gb_free": "75.7", "wall": "1600"}
[2026-06-03 10:37:04,174][train_inner][INFO] - {"epoch": 2, "update": 1.071, "loss": "118.318", "nll_loss": "5.732", "total": "181.22", "n_correct": "42.685", "ppl": "53.17", "accuracy": "23.554", "wps": "302", "ups": "1.67", "wpb": "181.2", "bsz": "9.8", "num_updates": "3400", "lr": "0.0003466", "gnorm": "51.623", "loss_scale": "128", "train_wall": "19", "gb_free": "75.7", "wall": "1720"}
[2026-06-03 10:39:25,974][train_inner][INFO] - {"epoch": 2, "update": 1.134, "loss": "111.623", "nll_loss": "5.514", "total": "184.03", "n_correct": "47.295", "ppl": "45.69", "accuracy": "25.7", "wps": "259.6", "ups": "1.41", "wpb": "184", "bsz": "10.2", "num_updates": "3600", "lr": "0.0003664", "gnorm": "52.133", "loss_scale": "128", "train_wall": "19", "gb_free": "75.7", "wall": "1862"}
[2026-06-03 10:41:39,646][train_inner][INFO] - {"epoch": 2, "update": 1.196, "loss": "118.519", "nll_loss": "5.381", "total": "177.94", "n_correct": "46.445", "ppl": "41.66", "accuracy": "26.101", "wps": "266.2", "ups": "1.5", "wpb": "177.9", "bsz": "9.1", "num_updates": "3800", "lr": "0.0003862", "gnorm": "54.978", "loss_scale": "128", "train_wall": "24", "gb_free": "75.7", "wall": "1996"}
[2026-06-03 10:43:52,939][train_inner][INFO] - {"epoch": 2, "update": 1.259, "loss": "110.38", "nll_loss": "5.109", "total": "176.96", "n_correct": "50.515", "ppl": "34.52", "accuracy": "28.546", "wps": "265.5", "ups": "1.5", "wpb": "177", "bsz": "9.4", "num_updates": "4000", "lr": "0.000406", "gnorm": "58.007", "loss_scale": "128", "train_wall": "28", "gb_free": "75.7", "wall": "2129"}
[2026-06-03 10:46:10,157][train_inner][INFO] - {"epoch": 2, "update": 1.322, "loss": "110.442", "nll_loss": "4.926", "total": "182.315", "n_correct": "54.405", "ppl": "30.4", "accuracy": "29.841", "wps": "265.7", "ups": "1.46", "wpb": "182.3", "bsz": "9.4", "num_updates": "4200", "lr": "0.0004258", "gnorm": "58.875", "loss_scale": "128", "train_wall": "26", "gb_free": "75.7", "wall": "2266"}
[2026-06-03 10:48:22,562][train_inner][INFO] - {"epoch": 2, "update": 1.385, "loss": "94.415", "nll_loss": "4.542", "total": "178.705", "n_correct": "61.62", "ppl": "23.29", "accuracy": "34.481", "wps": "269.9", "ups": "1.51", "wpb": "178.7", "bsz": "10.2", "num_updates": "4400", "lr": "0.0004456", "gnorm": "56.854", "loss_scale": "128", "train_wall": "21", "gb_free": "75.7", "wall": "2399"}
[2026-06-03 10:50:38,683][train_inner][INFO] - {"epoch": 2, "update": 1.448, "loss": "89.367", "nll_loss": "4.361", "total": "182.91", "n_correct": "66.535", "ppl": "20.55", "accuracy": "36.376", "wps": "268.8", "ups": "1.47", "wpb": "182.9", "bsz": "10.7", "num_updates": "4600", "lr": "0.0004654", "gnorm": "56.037", "loss_scale": "128", "train_wall": "19", "gb_free": "75.7", "wall": "2535"}
[2026-06-03 10:52:47,911][train_inner][INFO] - {"epoch": 2, "update": 1.511, "loss": "94.538", "nll_loss": "4.281", "total": "178.54", "n_correct": "66.215", "ppl": "19.44", "accuracy": "37.087", "wps": "276.3", "ups": "1.55", "wpb": "178.5", "bsz": "9.7", "num_updates": "4800", "lr": "0.0004852", "gnorm": "56.566", "loss_scale": "128", "train_wall": "18", "gb_free": "75.7", "wall": "2664"}
[2026-06-03 10:55:01,865][train_inner][INFO] - {"epoch": 2, "update": 1.574, "loss": "90.676", "nll_loss": "4.134", "total": "181.955", "n_correct": "70.85", "ppl": "17.56", "accuracy": "38.938", "wps": "271.7", "ups": "1.49", "wpb": "182", "bsz": "10.1", "num_updates": "5000", "lr": "0.000505", "gnorm": "55.171", "loss_scale": "128", "train_wall": "19", "gb_free": "75.7", "wall": "2798"}
[2026-06-03 10:57:14,006][train_inner][INFO] - {"epoch": 2, "update": 1.637, "loss": "86.701", "nll_loss": "4.002", "total": "178.205", "n_correct": "71.725", "ppl": "16.03", "accuracy": "40.249", "wps": "269.7", "ups": "1.51", "wpb": "178.2", "bsz": "10.1", "num_updates": "5200", "lr": "0.0005248", "gnorm": "54.781", "loss_scale": "128", "train_wall": "18", "gb_free": "75.7", "wall": "2930"}
[2026-06-03 10:59:21,842][train_inner][INFO] - {"epoch": 2, "update": 1.7, "loss": "83.261", "nll_loss": "3.832", "total": "177.005", "n_correct": "75.56", "ppl": "14.25", "accuracy": "42.688", "wps": "276.9", "ups": "1.56", "wpb": "177", "bsz": "10.1", "num_updates": "5400", "lr": "0.0005446", "gnorm": "52.237", "loss_scale": "128", "train_wall": "16", "gb_free": "75.7", "wall": "3058"}
[2026-06-03 11:01:24,417][train_inner][INFO] - {"epoch": 2, "update": 1.763, "loss": "99.792", "nll_loss": "3.913", "total": "181.805", "n_correct": "75.59", "ppl": "15.06", "accuracy": "41.578", "wps": "296.6", "ups": "1.63", "wpb": "181.8", "bsz": "8.8", "num_updates": "5600", "lr": "0.0005644", "gnorm": "57.555", "loss_scale": "128", "train_wall": "15", "gb_free": "75.7", "wall": "3181"}
[2026-06-03 11:03:31,445][train_inner][INFO] - {"epoch": 2, "update": 1.826, "loss": "93.039", "nll_loss": "3.682", "total": "179.055", "n_correct": "79.6", "ppl": "12.83", "accuracy": "44.456", "wps": "281.9", "ups": "1.57", "wpb": "179.1", "bsz": "8.9", "num_updates": "5800", "lr": "0.0005842", "gnorm": "54.758", "loss_scale": "128", "train_wall": "13", "gb_free": "75.7", "wall": "3308"}
[2026-06-03 11:05:37,186][train_inner][INFO] - {"epoch": 2, "update": 1.889, "loss": "89.954", "nll_loss": "3.605", "total": "178.135", "n_correct": "81.175", "ppl": "12.17", "accuracy": "45.569", "wps": "283.3", "ups": "1.59", "wpb": "178.1", "bsz": "9.1", "num_updates": "6000", "lr": "0.000604", "gnorm": "54.243", "loss_scale": "128", "train_wall": "13", "gb_free": "75.7", "wall": "3433"}
[2026-06-03 11:07:44,306][train_inner][INFO] - {"epoch": 2, "update": 1.952, "loss": "81.01", "nll_loss": "3.411", "total": "180.595", "n_correct": "87.38", "ppl": "10.63", "accuracy": "48.385", "wps": "284.1", "ups": "1.57", "wpb": "180.6", "bsz": "9.8", "num_updates": "6200", "lr": "0.0006238", "gnorm": "48.83", "loss_scale": "128", "train_wall": "13", "gb_free": "75.7", "wall": "3560"}
[2026-06-03 11:09:20,490][main][INFO] - begin validation on "valid" subset
[2026-06-03 11:10:39,665][valid][INFO] - {"epoch": 2, "valid_loss": "81.07", "valid_nll_loss": "3.223", "valid_total": "178.205", "valid_n_correct": "88.8346", "valid_ppl": "9.34", "valid_accuracy": "49.85", "valid_wps": "287.5", "valid_wpb": "178.2", "valid_bsz": "9.4", "valid_num_updates": "6352"}
[2026-06-03 11:10:39,666][fairseq.checkpoint_utils][INFO] - Preparing to save checkpoint for epoch 2 @ 6352 updates
[2026-06-03 11:10:39,666][trainer][INFO] - Saving checkpoint to checkpoints/checkpoint_best.pt
[2026-06-03 11:10:41,604][trainer][INFO] - Finished saving checkpoint to checkpoints/checkpoint_best.pt
[2026-06-03 11:10:42,654][fairseq.checkpoint_utils][INFO] - Saved checkpoint checkpoints/checkpoint_best.pt (epoch 2 @ 6352 updates, score 49.85) (writing took 2.9885313640115783 seconds)
[2026-06-03 11:10:42,655][main][INFO] - end of epoch 2 (average epoch stats below)
[2026-06-03 11:10:42,658][train][INFO] - {"epoch": 2, "train_loss": "97.307", "train_nll_loss": "4.39", "train_total": "179.799", "train_n_correct": "66.0063", "train_ppl": "20.96", "train_accuracy": "36.711", "train_wps": "265.5", "train_ups": "1.48", "train_wpb": "179.8", "train_bsz": "9.7", "train_num_updates": "6352", "train_lr": "0.000638848", "train_gnorm": "54.553", "train_loss_scale": "128", "train_train_wall": "295", "train_gb_free": "75.7", "train_wall": "3739"}
[2026-06-03 11:10:43,123][trainer][INFO] - begin training epoch 3
[2026-06-03 11:10:43,123][main][INFO] - Start iterating over samples
[2026-06-03 11:11:07,447][train_inner][INFO] - {"epoch": 3, "update": 2.015, "loss": "79.517", "nll_loss": "3.297", "total": "177.825", "n_correct": "87.9", "ppl": "9.83", "accuracy": "49.431", "wps": "175.1", "ups": "0.98", "wpb": "177.8", "bsz": "9.6", "num_updates": "6400", "lr": "0.0006436", "gnorm": "49.098", "loss_scale": "128", "train_wall": "13", "gb_free": "75.7", "wall": "3764"}
[2026-06-03 11:12:47,472][train_inner][INFO] - {"epoch": 3, "update": 2.078, "loss": "75.926", "nll_loss": "3.128", "total": "183.205", "n_correct": "94.64", "ppl": "8.74", "accuracy": "51.658", "wps": "366.3", "ups": "2", "wpb": "183.2", "bsz": "10.1", "num_updates": "6600", "lr": "0.0006634", "gnorm": "47.107", "loss_scale": "128", "train_wall": "13", "gb_free": "75.7", "wall": "3864"}
[2026-06-03 11:14:28,012][train_inner][INFO] - {"epoch": 3, "update": 2.141, "loss": "74.888", "nll_loss": "3.069", "total": "177.205", "n_correct": "92.895", "ppl": "8.39", "accuracy": "52.422", "wps": "352.5", "ups": "1.99", "wpb": "177.2", "bsz": "9.8", "num_updates": "6800", "lr": "0.0006832", "gnorm": "46.142", "loss_scale": "128", "train_wall": "13", "gb_free": "75.7", "wall": "3964"}
[2026-06-03 11:16:15,567][train_inner][INFO] - {"epoch": 3, "update": 2.204, "loss": "73.905", "nll_loss": "3.038", "total": "178.395", "n_correct": "94.815", "ppl": "8.22", "accuracy": "53.149", "wps": "331.7", "ups": "1.86", "wpb": "178.4", "bsz": "9.9", "num_updates": "7000", "lr": "0.000703", "gnorm": "43.229", "loss_scale": "128", "train_wall": "13", "gb_free": "75.7", "wall": "4072"}
[2026-06-03 11:18:07,984][train_inner][INFO] - {"epoch": 3, "update": 2.267, "loss": "78.751", "nll_loss": "3.057", "total": "185.385", "n_correct": "98.41", "ppl": "8.32", "accuracy": "53.084", "wps": "329.8", "ups": "1.78", "wpb": "185.4", "bsz": "9.7", "num_updates": "7200", "lr": "0.0007228", "gnorm": "48.196", "loss_scale": "128", "train_wall": "13", "gb_free": "75.7", "wall": "4184"}
[2026-06-03 11:19:49,604][train_inner][INFO] - {"epoch": 3, "update": 2.33, "loss": "76.819", "nll_loss": "2.891", "total": "178.965", "n_correct": "99.655", "ppl": "7.42", "accuracy": "55.684", "wps": "352.2", "ups": "1.97", "wpb": "179", "bsz": "9.2", "num_updates": "7400", "lr": "0.0007426", "gnorm": "42.547", "loss_scale": "128", "train_wall": "13", "gb_free": "75.7", "wall": "4286"}
[2026-06-03 11:21:36,713][train_inner][INFO] - {"epoch": 3, "update": 2.393, "loss": "73.936", "nll_loss": "2.92", "total": "183.475", "n_correct": "101.55", "ppl": "7.57", "accuracy": "55.348", "wps": "342.6", "ups": "1.87", "wpb": "183.5", "bsz": "9.9", "num_updates": "7600", "lr": "0.0007624", "gnorm": "43.516", "loss_scale": "128", "train_wall": "13", "gb_free": "75.7", "wall": "4393"}
[2026-06-03 11:23:12,845][train_inner][INFO] - {"epoch": 3, "update": 2.456, "loss": "75.521", "nll_loss": "2.79", "total": "179.125", "n_correct": "102.825", "ppl": "6.92", "accuracy": "57.404", "wps": "372.7", "ups": "2.08", "wpb": "179.1", "bsz": "9.2", "num_updates": "7800", "lr": "0.0007822", "gnorm": "42.367", "loss_scale": "128", "train_wall": "13", "gb_free": "75.7", "wall": "4489"}
[2026-06-03 11:24:52,567][train_inner][INFO] - {"epoch": 3, "update": 2.519, "loss": "69.794", "nll_loss": "2.726", "total": "182.37", "n_correct": "106.43", "ppl": "6.62", "accuracy": "58.359", "wps": "365.8", "ups": "2.01", "wpb": "182.4", "bsz": "10", "num_updates": "8000", "lr": "0.000802", "gnorm": "40.819", "loss_scale": "128", "train_wall": "13", "gb_free": "75.7", "wall": "4589"}
[2026-06-03 11:26:29,273][train_inner][INFO] - {"epoch": 3, "update": 2.582, "loss": "69.954", "nll_loss": "2.674", "total": "179.46", "n_correct": "105.445", "ppl": "6.38", "accuracy": "58.757", "wps": "371.2", "ups": "2.07", "wpb": "179.5", "bsz": "9.7", "num_updates": "8200", "lr": "0.0008218", "gnorm": "39.302", "loss_scale": "128", "train_wall": "13", "gb_free": "75.7", "wall": "4685"}
[2026-06-03 11:28:02,512][train_inner][INFO] - {"epoch": 3, "update": 2.645, "loss": "69.227", "nll_loss": "2.64", "total": "178.09", "n_correct": "106.16", "ppl": "6.23", "accuracy": "59.61", "wps": "382", "ups": "2.15", "wpb": "178.1", "bsz": "9.6", "num_updates": "8400", "lr": "0.0008416", "gnorm": "38.43", "loss_scale": "128", "train_wall": "13", "gb_free": "75.7", "wall": "4779"}
[2026-06-03 11:29:43,555][train_inner][INFO] - {"epoch": 3, "update": 2.708, "loss": "72.263", "nll_loss": "2.587", "total": "177.395", "n_correct": "107.505", "ppl": "6.01", "accuracy": "60.602", "wps": "351.1", "ups": "1.98", "wpb": "177.4", "bsz": "9.1", "num_updates": "8600", "lr": "0.0008614", "gnorm": "37.864", "loss_scale": "128", "train_wall": "13", "gb_free": "75.7", "wall": "4880"}
[2026-06-03 11:31:28,345][train_inner][INFO] - {"epoch": 3, "update": 2.771, "loss": "66.769", "nll_loss": "2.502", "total": "181.54", "n_correct": "112.08", "ppl": "5.66", "accuracy": "61.738", "wps": "346.5", "ups": "1.91", "wpb": "181.5", "bsz": "9.9", "num_updates": "8800", "lr": "0.0008812", "gnorm": "36.859", "loss_scale": "128", "train_wall": "13", "gb_free": "75.7", "wall": "4984"}
[2026-06-03 11:33:12,505][train_inner][INFO] - {"epoch": 3, "update": 2.834, "loss": "62.264", "nll_loss": "2.402", "total": "175.895", "n_correct": "111.265", "ppl": "5.29", "accuracy": "63.256", "wps": "337.8", "ups": "1.92", "wpb": "175.9", "bsz": "10", "num_updates": "9000", "lr": "0.000901", "gnorm": "33.941", "loss_scale": "128", "train_wall": "13", "gb_free": "75.7", "wall": "5089"}
[2026-06-03 11:34:57,159][train_inner][INFO] - {"epoch": 3, "update": 2.897, "loss": "65.186", "nll_loss": "2.413", "total": "178.905", "n_correct": "113.105", "ppl": "5.32", "accuracy": "63.221", "wps": "341.9", "ups": "1.91", "wpb": "178.9", "bsz": "9.7", "num_updates": "9200", "lr": "0.0009208", "gnorm": "33.852", "loss_scale": "128", "train_wall": "13", "gb_free": "75.7", "wall": "5193"}
[2026-06-03 11:36:42,996][train_inner][INFO] - {"epoch": 3, "update": 2.96, "loss": "63.629", "nll_loss": "2.3", "total": "179", "n_correct": "116.29", "ppl": "4.92", "accuracy": "64.966", "wps": "338.3", "ups": "1.89", "wpb": "179", "bsz": "9.7", "num_updates": "9400", "lr": "0.0009406", "gnorm": "34.211", "loss_scale": "128", "train_wall": "13", "gb_free": "75.7", "wall": "5299"}
[2026-06-03 11:37:50,219][main][INFO] - end of epoch 3 (average epoch stats below)
[2026-06-03 11:37:50,221][train][INFO] - {"epoch": 3, "train_loss": "70.948", "train_nll_loss": "2.731", "train_total": "179.799", "train_n_correct": "104.541", "train_ppl": "6.64", "train_accuracy": "58.143", "train_wps": "350.9", "train_ups": "1.95", "train_wpb": "179.8", "train_bsz": "9.7", "train_num_updates": "9528", "train_lr": "0.000953272", "train_gnorm": "40.403", "train_loss_scale": "128", "train_train_wall": "207", "train_gb_free": "75.7", "train_wall": "5366"}
[2026-06-03 11:37:50,730][trainer][INFO] - begin training epoch 4
[2026-06-03 11:37:50,731][main][INFO] - Start iterating over samples
[2026-06-03 11:38:27,191][train_inner][INFO] - {"epoch": 4, "update": 3.023, "loss": "58.178", "nll_loss": "2.168", "total": "176.035", "n_correct": "117.995", "ppl": "4.49", "accuracy": "67.029", "wps": "337.9", "ups": "1.92", "wpb": "176", "bsz": "10.1", "num_updates": "9600", "lr": "0.0009604", "gnorm": "31.73", "loss_scale": "128", "train_wall": "13", "gb_free": "75.7", "wall": "5403"}
[2026-06-03 11:40:03,348][train_inner][INFO] - {"epoch": 4, "update": 3.086, "loss": "56.637", "nll_loss": "2.092", "total": "178.395", "n_correct": "121.07", "ppl": "4.26", "accuracy": "67.866", "wps": "371.1", "ups": "2.08", "wpb": "178.4", "bsz": "10.3", "num_updates": "9800", "lr": "0.0009802", "gnorm": "29.858", "loss_scale": "128", "train_wall": "13", "gb_free": "75.7", "wall": "5499"}
[2026-06-03 11:41:34,301][train_inner][INFO] - {"epoch": 4, "update": 3.149, "loss": "63.591", "nll_loss": "2.074", "total": "177.085", "n_correct": "120.555", "ppl": "4.21", "accuracy": "68.077", "wps": "389.4", "ups": "2.2", "wpb": "177.1", "bsz": "9.1", "num_updates": "10000", "lr": "0.001", "gnorm": "32.247", "loss_scale": "128", "train_wall": "13", "gb_free": "75.7", "wall": "5590"}
[2026-06-03 11:43:09,148][train_inner][INFO] - {"epoch": 4, "update": 3.212, "loss": "55.773", "nll_loss": "1.966", "total": "176.615", "n_correct": "123.17", "ppl": "3.91", "accuracy": "69.739", "wps": "372.4", "ups": "2.11", "wpb": "176.6", "bsz": "10", "num_updates": "10200", "lr": "0.000970487", "gnorm": "28.418", "loss_scale": "128", "train_wall": "13", "gb_free": "75.7", "wall": "5685"}
[2026-06-03 11:44:42,694][train_inner][INFO] - {"epoch": 4, "update": 3.275, "loss": "60.396", "nll_loss": "2.042", "total": "179.855", "n_correct": "124.13", "ppl": "4.12", "accuracy": "69.017", "wps": "384.5", "ups": "2.14", "wpb": "179.9", "bsz": "9.6", "num_updates": "10400", "lr": "0.000941845", "gnorm": "31.011", "loss_scale": "128", "train_wall": "13", "gb_free": "75.7", "wall": "5779"}
[2026-06-03 11:46:14,551][train_inner][INFO] - {"epoch": 4, "update": 3.338, "loss": "61.983", "nll_loss": "1.941", "total": "179.76", "n_correct": "126.39", "ppl": "3.84", "accuracy": "70.31", "wps": "391.4", "ups": "2.18", "wpb": "179.8", "bsz": "9.1", "num_updates": "10600", "lr": "0.000914048", "gnorm": "30.301", "loss_scale": "128", "train_wall": "13", "gb_free": "75.7", "wall": "5871"}
[2026-06-03 11:47:48,366][train_inner][INFO] - {"epoch": 4, "update": 3.401, "loss": "56.207", "nll_loss": "1.858", "total": "177.71", "n_correct": "127.555", "ppl": "3.62", "accuracy": "71.777", "wps": "378.9", "ups": "2.13", "wpb": "177.7", "bsz": "9.7", "num_updates": "10800", "lr": "0.000887072", "gnorm": "28.003", "loss_scale": "128", "train_wall": "13", "gb_free": "75.7", "wall": "5965"}
[2026-06-03 11:49:23,713][train_inner][INFO] - {"epoch": 4, "update": 3.463, "loss": "57.458", "nll_loss": "1.84", "total": "182.28", "n_correct": "130.99", "ppl": "3.58", "accuracy": "71.862", "wps": "382.4", "ups": "2.1", "wpb": "182.3", "bsz": "9.7", "num_updates": "11000", "lr": "0.000860892", "gnorm": "28.686", "loss_scale": "128", "train_wall": "13", "gb_free": "75.7", "wall": "6060"}
[2026-06-03 11:50:54,721][train_inner][INFO] - {"epoch": 4, "update": 3.526, "loss": "59.458", "nll_loss": "1.801", "total": "181.47", "n_correct": "131.985", "ppl": "3.48", "accuracy": "72.731", "wps": "398.8", "ups": "2.2", "wpb": "181.5", "bsz": "9.2", "num_updates": "11200", "lr": "0.000835484", "gnorm": "29.379", "loss_scale": "128", "train_wall": "13", "gb_free": "75.7", "wall": "6151"}
[2026-06-03 11:52:29,673][train_inner][INFO] - {"epoch": 4, "update": 3.589, "loss": "54.25", "nll_loss": "1.7", "total": "181.29", "n_correct": "134.23", "ppl": "3.25", "accuracy": "74.042", "wps": "381.9", "ups": "2.11", "wpb": "181.3", "bsz": "9.8", "num_updates": "11400", "lr": "0.000810826", "gnorm": "27.01", "loss_scale": "128", "train_wall": "13", "gb_free": "75.7", "wall": "6246"}
[2026-06-03 11:54:02,579][train_inner][INFO] - {"epoch": 4, "update": 3.652, "loss": "56.638", "nll_loss": "1.714", "total": "180.505", "n_correct": "133.82", "ppl": "3.28", "accuracy": "74.136", "wps": "388.6", "ups": "2.15", "wpb": "180.5", "bsz": "9.3", "num_updates": "11600", "lr": "0.000786896", "gnorm": "28.215", "loss_scale": "128", "train_wall": "13", "gb_free": "75.7", "wall": "6339"}
[2026-06-03 11:55:37,858][train_inner][INFO] - {"epoch": 4, "update": 3.715, "loss": "55.428", "nll_loss": "1.641", "total": "179.3", "n_correct": "134.775", "ppl": "3.12", "accuracy": "75.167", "wps": "376.4", "ups": "2.1", "wpb": "179.3", "bsz": "9.3", "num_updates": "11800", "lr": "0.000763673", "gnorm": "26.135", "loss_scale": "128", "train_wall": "13", "gb_free": "75.7", "wall": "6434"}
[2026-06-03 11:57:14,044][train_inner][INFO] - {"epoch": 4, "update": 3.778, "loss": "55.221", "nll_loss": "1.616", "total": "183.885", "n_correct": "138.85", "ppl": "3.06", "accuracy": "75.509", "wps": "382.4", "ups": "2.08", "wpb": "183.9", "bsz": "9.5", "num_updates": "12000", "lr": "0.000741134", "gnorm": "27.659", "loss_scale": "128", "train_wall": "13", "gb_free": "75.7", "wall": "6530"}
[2026-06-03 11:58:57,024][train_inner][INFO] - {"epoch": 4, "update": 3.841, "loss": "44.738", "nll_loss": "1.47", "total": "181.22", "n_correct": "141.13", "ppl": "2.77", "accuracy": "77.878", "wps": "352", "ups": "1.94", "wpb": "181.2", "bsz": "11", "num_updates": "12200", "lr": "0.000719261", "gnorm": "22.813", "loss_scale": "128", "train_wall": "13", "gb_free": "75.7", "wall": "6633"}
[2026-06-03 12:00:33,713][train_inner][INFO] - {"epoch": 4, "update": 3.904, "loss": "50.294", "nll_loss": "1.523", "total": "181.525", "n_correct": "139.86", "ppl": "2.87", "accuracy": "77.047", "wps": "375.5", "ups": "2.07", "wpb": "181.5", "bsz": "10", "num_updates": "12400", "lr": "0.000698034", "gnorm": "24.872", "loss_scale": "128", "train_wall": "13", "gb_free": "75.7", "wall": "6730"}
[2026-06-03 12:02:06,583][train_inner][INFO] - {"epoch": 4, "update": 3.967, "loss": "52.701", "nll_loss": "1.492", "total": "180.67", "n_correct": "140.355", "ppl": "2.81", "accuracy": "77.686", "wps": "389.1", "ups": "2.15", "wpb": "180.7", "bsz": "9.4", "num_updates": "12600", "lr": "0.000677433", "gnorm": "25.452", "loss_scale": "128", "train_wall": "13", "gb_free": "75.7", "wall": "6823"}
[2026-06-03 12:02:55,512][main][INFO] - begin validation on "valid" subset
[2026-06-03 12:03:55,754][valid][INFO] - {"epoch": 4, "valid_loss": "46.763", "valid_nll_loss": "1.144", "valid_total": "178.205", "valid_n_correct": "146.654", "valid_ppl": "2.21", "valid_accuracy": "82.295", "valid_wps": "379.6", "valid_wpb": "178.2", "valid_bsz": "9.4", "valid_num_updates": "12704", "valid_best_accuracy": "82.295"}
[2026-06-03 12:03:55,755][fairseq.checkpoint_utils][INFO] - Preparing to save checkpoint for epoch 4 @ 12704 updates
[2026-06-03 12:03:55,755][trainer][INFO] - Saving checkpoint to checkpoints/checkpoint_best.pt
[2026-06-03 12:04:00,571][trainer][INFO] - Finished saving checkpoint to checkpoints/checkpoint_best.pt
[2026-06-03 12:04:04,192][fairseq.checkpoint_utils][INFO] - Saved checkpoint checkpoints/checkpoint_best.pt (epoch 4 @ 12704 updates, score 82.295) (writing took 8.436858886969276 seconds)
[2026-06-03 12:04:04,192][main][INFO] - end of epoch 4 (average epoch stats below)
[2026-06-03 12:04:04,194][train][INFO] - {"epoch": 4, "train_loss": "55.468", "train_nll_loss": "1.775", "train_total": "179.799", "train_n_correct": "131.244", "train_ppl": "3.42", "train_accuracy": "72.995", "train_wps": "362.8", "train_ups": "2.02", "train_wpb": "179.8", "train_bsz": "9.7", "train_num_updates": "12704", "train_lr": "0.000666961", "train_gnorm": "27.852", "train_loss_scale": "128", "train_train_wall": "207", "train_gb_free": "75.7", "train_wall": "6940"}
[2026-06-03 12:04:04,687][trainer][INFO] - begin training epoch 5
[2026-06-03 12:04:04,688][main][INFO] - Start iterating over samples
[2026-06-03 12:04:51,507][train_inner][INFO] - {"epoch": 5, "update": 4.03, "loss": "46.847", "nll_loss": "1.344", "total": "176.29", "n_correct": "140.26", "ppl": "2.54", "accuracy": "79.562", "wps": "213.8", "ups": "1.21", "wpb": "176.3", "bsz": "9.8", "num_updates": "12800", "lr": "0.00065744", "gnorm": "22.105", "loss_scale": "128", "train_wall": "13", "gb_free": "75.7", "wall": "6988"}
[2026-06-03 12:06:25,319][train_inner][INFO] - {"epoch": 5, "update": 4.093, "loss": "49.269", "nll_loss": "1.272", "total": "178.905", "n_correct": "144.44", "ppl": "2.42", "accuracy": "80.736", "wps": "381.4", "ups": "2.13", "wpb": "178.9", "bsz": "9.2", "num_updates": "13000", "lr": "0.000638036", "gnorm": "23.035", "loss_scale": "128", "train_wall": "13", "gb_free": "75.7", "wall": "7081"}
[2026-06-03 12:08:00,705][train_inner][INFO] - {"epoch": 5, "update": 4.156, "loss": "47.59", "nll_loss": "1.247", "total": "181.26", "n_correct": "147.19", "ppl": "2.37", "accuracy": "81.204", "wps": "380.1", "ups": "2.1", "wpb": "181.3", "bsz": "9.6", "num_updates": "13200", "lr": "0.000619206", "gnorm": "22.622", "loss_scale": "128", "train_wall": "13", "gb_free": "75.7", "wall": "7177"}
[2026-06-03 12:09:34,166][train_inner][INFO] - {"epoch": 5, "update": 4.219, "loss": "47.913", "nll_loss": "1.238", "total": "180.4", "n_correct": "146.755", "ppl": "2.36", "accuracy": "81.35", "wps": "386.1", "ups": "2.14", "wpb": "180.4", "bsz": "9.5", "num_updates": "13400", "lr": "0.000600931", "gnorm": "22.306", "loss_scale": "128", "train_wall": "13", "gb_free": "75.7", "wall": "7270"}
[2026-06-03 12:11:11,931][train_inner][INFO] - {"epoch": 5, "update": 4.282, "loss": "45.178", "nll_loss": "1.25", "total": "181.74", "n_correct": "147.745", "ppl": "2.38", "accuracy": "81.295", "wps": "371.8", "ups": "2.05", "wpb": "181.7", "bsz": "10.2", "num_updates": "13600", "lr": "0.000583196", "gnorm": "21.88", "loss_scale": "128", "train_wall": "13", "gb_free": "75.7", "wall": "7368"}
[2026-06-03 12:12:50,534][train_inner][INFO] - {"epoch": 5, "update": 4.345, "loss": "44.844", "nll_loss": "1.231", "total": "182.53", "n_correct": "149.03", "ppl": "2.35", "accuracy": "81.647", "wps": "370.2", "ups": "2.03", "wpb": "182.5", "bsz": "10.2", "num_updates": "13800", "lr": "0.000565984", "gnorm": "22.029", "loss_scale": "128", "train_wall": "13", "gb_free": "75.7", "wall": "7467"}
[2026-06-03 12:14:29,933][train_inner][INFO] - {"epoch": 5, "update": 4.408, "loss": "47.233", "nll_loss": "1.183", "total": "185.455", "n_correct": "152.835", "ppl": "2.27", "accuracy": "82.411", "wps": "373.2", "ups": "2.01", "wpb": "185.5", "bsz": "9.7", "num_updates": "14000", "lr": "0.00054928", "gnorm": "22.843", "loss_scale": "128", "train_wall": "13", "gb_free": "75.7", "wall": "7566"}
[2026-06-03 12:16:04,926][train_inner][INFO] - {"epoch": 5, "update": 4.471, "loss": "47.957", "nll_loss": "1.183", "total": "176.07", "n_correct": "145.19", "ppl": "2.27", "accuracy": "82.462", "wps": "370.7", "ups": "2.11", "wpb": "176.1", "bsz": "9", "num_updates": "14200", "lr": "0.000533069", "gnorm": "21.683", "loss_scale": "128", "train_wall": "13", "gb_free": "75.7", "wall": "7661"}
[2026-06-03 12:17:42,767][train_inner][INFO] - {"epoch": 5, "update": 4.534, "loss": "40.712", "nll_loss": "1.154", "total": "177.155", "n_correct": "147.12", "ppl": "2.22", "accuracy": "83.046", "wps": "362.1", "ups": "2.04", "wpb": "177.2", "bsz": "10.6", "num_updates": "14400", "lr": "0.000517337", "gnorm": "19.901", "loss_scale": "128", "train_wall": "13", "gb_free": "75.7", "wall": "7759"}
[2026-06-03 12:19:22,304][train_inner][INFO] - {"epoch": 5, "update": 4.597, "loss": "43.356", "nll_loss": "1.16", "total": "182.485", "n_correct": "151.1", "ppl": "2.23", "accuracy": "82.801", "wps": "366.7", "ups": "2.01", "wpb": "182.5", "bsz": "10.3", "num_updates": "14600", "lr": "0.000502069", "gnorm": "21.201", "loss_scale": "128", "train_wall": "13", "gb_free": "75.7", "wall": "7858"}
[2026-06-03 12:20:57,262][train_inner][INFO] - {"epoch": 5, "update": 4.66, "loss": "45.148", "nll_loss": "1.134", "total": "179.22", "n_correct": "149.34", "ppl": "2.2", "accuracy": "83.328", "wps": "377.5", "ups": "2.11", "wpb": "179.2", "bsz": "9.6", "num_updates": "14800", "lr": "0.000487251", "gnorm": "21.319", "loss_scale": "128", "train_wall": "13", "gb_free": "75.7", "wall": "7953"}
[2026-06-03 12:22:33,080][train_inner][INFO] - {"epoch": 5, "update": 4.723, "loss": "42.715", "nll_loss": "1.082", "total": "179.57", "n_correct": "150.915", "ppl": "2.12", "accuracy": "84.042", "wps": "374.8", "ups": "2.09", "wpb": "179.6", "bsz": "10", "num_updates": "15000", "lr": "0.000472871", "gnorm": "20.419", "loss_scale": "128", "train_wall": "13", "gb_free": "75.7", "wall": "8049"}
[2026-06-03 12:24:06,831][train_inner][INFO] - {"epoch": 5, "update": 4.786, "loss": "45.202", "nll_loss": "1.089", "total": "177.655", "n_correct": "149.13", "ppl": "2.13", "accuracy": "83.944", "wps": "379", "ups": "2.13", "wpb": "177.7", "bsz": "9.3", "num_updates": "15200", "lr": "0.000458915", "gnorm": "20.595", "loss_scale": "128", "train_wall": "13", "gb_free": "75.7", "wall": "8143"}
[2026-06-03 12:25:41,483][train_inner][INFO] - {"epoch": 5, "update": 4.849, "loss": "45.476", "nll_loss": "1.122", "total": "179.6", "n_correct": "149.955", "ppl": "2.18", "accuracy": "83.494", "wps": "379.5", "ups": "2.11", "wpb": "179.6", "bsz": "9.5", "num_updates": "15400", "lr": "0.000445371", "gnorm": "21.541", "loss_scale": "128", "train_wall": "13", "gb_free": "75.7", "wall": "8238"}
[2026-06-03 12:27:13,420][train_inner][INFO] - {"epoch": 5, "update": 4.912, "loss": "47.683", "nll_loss": "1.09", "total": "178.735", "n_correct": "150.205", "ppl": "2.13", "accuracy": "84.038", "wps": "388.8", "ups": "2.18", "wpb": "178.7", "bsz": "8.9", "num_updates": "15600", "lr": "0.000432227", "gnorm": "21.45", "loss_scale": "128", "train_wall": "13", "gb_free": "75.7", "wall": "8330"}
[2026-06-03 12:28:49,924][train_inner][INFO] - {"epoch": 5, "update": 4.975, "loss": "42.171", "nll_loss": "1.067", "total": "179.115", "n_correct": "151.295", "ppl": "2.1", "accuracy": "84.468", "wps": "371.2", "ups": "2.07", "wpb": "179.1", "bsz": "10", "num_updates": "15800", "lr": "0.00041947", "gnorm": "19.744", "loss_scale": "128", "train_wall": "13", "gb_free": "75.7", "wall": "8426"}
[2026-06-03 12:29:25,347][main][INFO] - end of epoch 5 (average epoch stats below)
[2026-06-03 12:29:25,349][train][INFO] - {"epoch": 5, "train_loss": "45.421", "train_nll_loss": "1.167", "train_total": "179.799", "train_n_correct": "148.642", "train_ppl": "2.25", "train_accuracy": "82.671", "train_wps": "375.4", "train_ups": "2.09", "train_wpb": "179.8", "train_bsz": "9.7", "train_num_updates": "15880", "train_lr": "0.000414474", "train_gnorm": "21.444", "train_loss_scale": "128", "train_train_wall": "207", "train_gb_free": "75.7", "train_wall": "8461"}
[2026-06-03 12:29:25,827][trainer][INFO] - begin training epoch 6
[2026-06-03 12:29:25,827][main][INFO] - Start iterating over samples
[2026-06-03 12:30:28,305][train_inner][INFO] - {"epoch": 6, "update": 5.038, "loss": "41.657", "nll_loss": "0.962", "total": "179.67", "n_correct": "154.355", "ppl": "1.95", "accuracy": "85.91", "wps": "365.3", "ups": "2.03", "wpb": "179.7", "bsz": "9.8", "num_updates": "16000", "lr": "0.000407091", "gnorm": "18.424", "loss_scale": "128", "train_wall": "13", "gb_free": "75.7", "wall": "8524"}
[2026-06-03 12:32:07,761][train_inner][INFO] - {"epoch": 6, "update": 5.101, "loss": "40.676", "nll_loss": "0.93", "total": "181.555", "n_correct": "157.015", "ppl": "1.91", "accuracy": "86.483", "wps": "365.1", "ups": "2.01", "wpb": "181.6", "bsz": "10", "num_updates": "16200", "lr": "0.000395076", "gnorm": "19.788", "loss_scale": "128", "train_wall": "13", "gb_free": "75.7", "wall": "8624"}
[2026-06-03 12:33:44,965][train_inner][INFO] - {"epoch": 6, "update": 5.164, "loss": "43.876", "nll_loss": "0.92", "total": "176.39", "n_correct": "152.665", "ppl": "1.89", "accuracy": "86.55", "wps": "362.9", "ups": "2.06", "wpb": "176.4", "bsz": "9", "num_updates": "16400", "lr": "0.000383416", "gnorm": "19.731", "loss_scale": "256", "train_wall": "13", "gb_free": "75.7", "wall": "8721"}
[2026-06-03 12:35:29,446][train_inner][INFO] - {"epoch": 6, "update": 5.227, "loss": "40.751", "nll_loss": "0.927", "total": "181.675", "n_correct": "157.345", "ppl": "1.9", "accuracy": "86.608", "wps": "347.8", "ups": "1.91", "wpb": "181.7", "bsz": "10", "num_updates": "16600", "lr": "0.0003721", "gnorm": "19.091", "loss_scale": "256", "train_wall": "13", "gb_free": "75.7", "wall": "8826"}
[2026-06-03 12:37:09,858][train_inner][INFO] - {"epoch": 6, "update": 5.29, "loss": "39.209", "nll_loss": "0.874", "total": "183.545", "n_correct": "160.325", "ppl": "1.83", "accuracy": "87.349", "wps": "365.6", "ups": "1.99", "wpb": "183.5", "bsz": "10.2", "num_updates": "16800", "lr": "0.000361119", "gnorm": "18.397", "loss_scale": "256", "train_wall": "13", "gb_free": "75.7", "wall": "8926"}
[2026-06-03 12:38:46,829][train_inner][INFO] - {"epoch": 6, "update": 5.353, "loss": "41.155", "nll_loss": "0.903", "total": "179.29", "n_correct": "156.03", "ppl": "1.87", "accuracy": "87.027", "wps": "369.8", "ups": "2.06", "wpb": "179.3", "bsz": "9.6", "num_updates": "17000", "lr": "0.000350461", "gnorm": "18.634", "loss_scale": "256", "train_wall": "13", "gb_free": "75.7", "wall": "9023"}
[2026-06-03 12:40:22,935][train_inner][INFO] - {"epoch": 6, "update": 5.416, "loss": "42.496", "nll_loss": "0.935", "total": "182.66", "n_correct": "158.055", "ppl": "1.91", "accuracy": "86.53", "wps": "380.1", "ups": "2.08", "wpb": "182.7", "bsz": "9.6", "num_updates": "17200", "lr": "0.000340118", "gnorm": "19.265", "loss_scale": "256", "train_wall": "13", "gb_free": "75.7", "wall": "9119"}
[2026-06-03 12:41:54,448][train_inner][INFO] - {"epoch": 6, "update": 5.479, "loss": "42.864", "nll_loss": "0.908", "total": "177.635", "n_correct": "154.56", "ppl": "1.88", "accuracy": "87.01", "wps": "388.2", "ups": "2.19", "wpb": "177.6", "bsz": "9.2", "num_updates": "17400", "lr": "0.00033008", "gnorm": "18.63", "loss_scale": "256", "train_wall": "13", "gb_free": "75.7", "wall": "9211"}
[2026-06-03 12:43:28,323][train_inner][INFO] - {"epoch": 6, "update": 5.542, "loss": "41.176", "nll_loss": "0.889", "total": "180.2", "n_correct": "157.205", "ppl": "1.85", "accuracy": "87.239", "wps": "383.9", "ups": "2.13", "wpb": "180.2", "bsz": "9.6", "num_updates": "17600", "lr": "0.000320338", "gnorm": "18.46", "loss_scale": "256", "train_wall": "13", "gb_free": "75.7", "wall": "9304"}
[2026-06-03 12:45:02,019][train_inner][INFO] - {"epoch": 6, "update": 5.605, "loss": "41.936", "nll_loss": "0.883", "total": "183.14", "n_correct": "159.66", "ppl": "1.84", "accuracy": "87.179", "wps": "390.9", "ups": "2.13", "wpb": "183.1", "bsz": "9.6", "num_updates": "17800", "lr": "0.000310884", "gnorm": "19.022", "loss_scale": "256", "train_wall": "13", "gb_free": "75.7", "wall": "9398"}
[2026-06-03 12:46:37,103][train_inner][INFO] - {"epoch": 6, "update": 5.668, "loss": "38.233", "nll_loss": "0.897", "total": "176.32", "n_correct": "153.5", "ppl": "1.86", "accuracy": "87.058", "wps": "370.9", "ups": "2.1", "wpb": "176.3", "bsz": "10.2", "num_updates": "18000", "lr": "0.000301709", "gnorm": "18.194", "loss_scale": "256", "train_wall": "13", "gb_free": "75.7", "wall": "9493"}
[2026-06-03 12:48:13,276][train_inner][INFO] - {"epoch": 6, "update": 5.73, "loss": "40.191", "nll_loss": "0.879", "total": "179.7", "n_correct": "157.465", "ppl": "1.84", "accuracy": "87.627", "wps": "373.7", "ups": "2.08", "wpb": "179.7", "bsz": "9.8", "num_updates": "18200", "lr": "0.000292804", "gnorm": "18.703", "loss_scale": "256", "train_wall": "13", "gb_free": "75.7", "wall": "9589"}
[2026-06-03 12:49:48,213][train_inner][INFO] - {"epoch": 6, "update": 5.793, "loss": "39.973", "nll_loss": "0.878", "total": "180.685", "n_correct": "158.115", "ppl": "1.84", "accuracy": "87.509", "wps": "380.6", "ups": "2.11", "wpb": "180.7", "bsz": "9.9", "num_updates": "18400", "lr": "0.000284163", "gnorm": "17.84", "loss_scale": "256", "train_wall": "13", "gb_free": "75.7", "wall": "9684"}
[2026-06-03 12:51:24,904][train_inner][INFO] - {"epoch": 6, "update": 5.856, "loss": "37.588", "nll_loss": "0.852", "total": "179.465", "n_correct": "157.735", "ppl": "1.8", "accuracy": "87.892", "wps": "371.2", "ups": "2.07", "wpb": "179.5", "bsz": "10.3", "num_updates": "18600", "lr": "0.000275776", "gnorm": "16.994", "loss_scale": "256", "train_wall": "13", "gb_free": "75.7", "wall": "9781"}
[2026-06-03 12:52:58,283][train_inner][INFO] - {"epoch": 6, "update": 5.919, "loss": "39.775", "nll_loss": "0.853", "total": "179.14", "n_correct": "157.275", "ppl": "1.81", "accuracy": "87.794", "wps": "383.7", "ups": "2.14", "wpb": "179.1", "bsz": "9.7", "num_updates": "18800", "lr": "0.000267637", "gnorm": "17.864", "loss_scale": "256", "train_wall": "13", "gb_free": "75.7", "wall": "9874"}
[2026-06-03 12:54:27,195][train_inner][INFO] - {"epoch": 6, "update": 5.982, "loss": "43.874", "nll_loss": "0.858", "total": "175.545", "n_correct": "154.15", "ppl": "1.81", "accuracy": "87.812", "wps": "394.9", "ups": "2.25", "wpb": "175.5", "bsz": "8.7", "num_updates": "19000", "lr": "0.000259739", "gnorm": "18.868", "loss_scale": "256", "train_wall": "13", "gb_free": "75.7", "wall": "9963"}
[2026-06-03 12:54:52,834][main][INFO] - begin validation on "valid" subset
[2026-06-03 12:55:52,794][valid][INFO] - {"epoch": 6, "valid_loss": "40.033", "valid_nll_loss": "0.766", "valid_total": "178.205", "valid_n_correct": "158.449", "valid_ppl": "1.7", "valid_accuracy": "88.914", "valid_wps": "380.4", "valid_wpb": "178.2", "valid_bsz": "9.4", "valid_num_updates": "19056", "valid_best_accuracy": "88.914"}
[2026-06-03 12:55:52,795][fairseq.checkpoint_utils][INFO] - Preparing to save checkpoint for epoch 6 @ 19056 updates
[2026-06-03 12:55:52,795][trainer][INFO] - Saving checkpoint to checkpoints/checkpoint_best.pt
[2026-06-03 12:55:57,880][trainer][INFO] - Finished saving checkpoint to checkpoints/checkpoint_best.pt
[2026-06-03 12:56:01,839][fairseq.checkpoint_utils][INFO] - Saved checkpoint checkpoints/checkpoint_best.pt (epoch 6 @ 19056 updates, score 88.914) (writing took 9.044273493927903 seconds)
[2026-06-03 12:56:01,840][main][INFO] - end of epoch 6 (average epoch stats below)
[2026-06-03 12:56:01,843][train][INFO] - {"epoch": 6, "train_loss": "40.813", "train_nll_loss": "0.893", "train_total": "179.799", "train_n_correct": "156.719", "train_ppl": "1.86", "train_accuracy": "87.164", "train_wps": "357.7", "train_ups": "1.99", "train_wpb": "179.8", "train_bsz": "9.7", "train_num_updates": "19056", "train_lr": "0.000257569", "train_gnorm": "18.592", "train_loss_scale": "256", "train_train_wall": "206", "train_gb_free": "75.7", "train_wall": "10058"}
[2026-06-03 12:56:02,275][trainer][INFO] - begin training epoch 7
[2026-06-03 12:56:02,275][main][INFO] - Start iterating over samples
[2026-06-03 12:57:15,926][train_inner][INFO] - {"epoch": 7, "update": 6.045, "loss": "36.703", "nll_loss": "0.776", "total": "179.55", "n_correct": "160.335", "ppl": "1.71", "accuracy": "89.298", "wps": "212.8", "ups": "1.19", "wpb": "179.6", "bsz": "10.2", "num_updates": "19200", "lr": "0.000252073", "gnorm": "16.456", "loss_scale": "256", "train_wall": "13", "gb_free": "75.7", "wall": "10132"}
[2026-06-03 12:58:55,896][train_inner][INFO] - {"epoch": 7, "update": 6.108, "loss": "40.843", "nll_loss": "0.767", "total": "182.085", "n_correct": "162.455", "ppl": "1.7", "accuracy": "89.219", "wps": "364.3", "ups": "2", "wpb": "182.1", "bsz": "9.3", "num_updates": "19400", "lr": "0.000244633", "gnorm": "19.077", "loss_scale": "256", "train_wall": "13", "gb_free": "75.7", "wall": "10232"}
[2026-06-03 13:00:43,753][train_inner][INFO] - {"epoch": 7, "update": 6.171, "loss": "36.865", "nll_loss": "0.749", "total": "180.175", "n_correct": "161.145", "ppl": "1.68", "accuracy": "89.438", "wps": "334.1", "ups": "1.85", "wpb": "180.2", "bsz": "10.1", "num_updates": "19600", "lr": "0.000237414", "gnorm": "16.947", "loss_scale": "256", "train_wall": "13", "gb_free": "75.7", "wall": "10340"}
[2026-06-03 13:02:27,330][train_inner][INFO] - {"epoch": 7, "update": 6.234, "loss": "35.321", "nll_loss": "0.741", "total": "177.69", "n_correct": "159.495", "ppl": "1.67", "accuracy": "89.76", "wps": "343.1", "ups": "1.93", "wpb": "177.7", "bsz": "10.4", "num_updates": "19800", "lr": "0.000230407", "gnorm": "16.244", "loss_scale": "256", "train_wall": "13", "gb_free": "75.7", "wall": "10443"}
[2026-06-03 13:04:08,205][train_inner][INFO] - {"epoch": 7, "update": 6.297, "loss": "41.52", "nll_loss": "0.773", "total": "179.895", "n_correct": "160.3", "ppl": "1.71", "accuracy": "89.108", "wps": "356.7", "ups": "1.98", "wpb": "179.9", "bsz": "9.1", "num_updates": "20000", "lr": "0.000223607", "gnorm": "17.256", "loss_scale": "256", "train_wall": "13", "gb_free": "75.7", "wall": "10544"}
[2026-06-03 13:05:55,274][train_inner][INFO] - {"epoch": 7, "update": 6.36, "loss": "36.997", "nll_loss": "0.72", "total": "182.98", "n_correct": "164.59", "ppl": "1.65", "accuracy": "89.95", "wps": "341.8", "ups": "1.87", "wpb": "183", "bsz": "10.1", "num_updates": "20200", "lr": "0.000217007", "gnorm": "16.446", "loss_scale": "256", "train_wall": "13", "gb_free": "75.7", "wall": "10651"}
[2026-06-03 13:07:40,238][train_inner][INFO] - {"epoch": 7, "update": 6.423, "loss": "38.169", "nll_loss": "0.736", "total": "180.46", "n_correct": "162.075", "ppl": "1.67", "accuracy": "89.812", "wps": "343.9", "ups": "1.91", "wpb": "180.5", "bsz": "9.7", "num_updates": "20400", "lr": "0.000210603", "gnorm": "16.46", "loss_scale": "256", "train_wall": "13", "gb_free": "75.7", "wall": "10756"}
[2026-06-03 13:08:57,097][trainer][INFO] - NOTE: gradient overflow detected, ignoring gradient, setting loss scale to: 128.0
[2026-06-03 13:09:22,186][train_inner][INFO] - {"epoch": 7, "update": 6.486, "loss": "38.494", "nll_loss": "0.766", "total": "178.88", "n_correct": "159.705", "ppl": "1.7", "accuracy": "89.281", "wps": "350.9", "ups": "1.96", "wpb": "178.9", "bsz": "9.7", "num_updates": "20600", "lr": "0.000204387", "gnorm": "17.755", "loss_scale": "128", "train_wall": "13", "gb_free": "75.7", "wall": "10858"}
[2026-06-03 13:11:05,114][train_inner][INFO] - {"epoch": 7, "update": 6.549, "loss": "39.082", "nll_loss": "0.745", "total": "179.685", "n_correct": "161.22", "ppl": "1.68", "accuracy": "89.724", "wps": "349.2", "ups": "1.94", "wpb": "179.7", "bsz": "9.5", "num_updates": "20800", "lr": "0.000198355", "gnorm": "17.237", "loss_scale": "128", "train_wall": "13", "gb_free": "75.7", "wall": "10961"}
[2026-06-03 13:12:47,043][train_inner][INFO] - {"epoch": 7, "update": 6.612, "loss": "36.761", "nll_loss": "0.755", "total": "182.245", "n_correct": "163.005", "ppl": "1.69", "accuracy": "89.443", "wps": "357.6", "ups": "1.96", "wpb": "182.2", "bsz": "10.3", "num_updates": "21000", "lr": "0.000192501", "gnorm": "17.048", "loss_scale": "128", "train_wall": "13", "gb_free": "75.7", "wall": "11063"}
[2026-06-03 13:14:24,993][train_inner][INFO] - {"epoch": 7, "update": 6.675, "loss": "37.44", "nll_loss": "0.726", "total": "179.945", "n_correct": "162", "ppl": "1.65", "accuracy": "90.028", "wps": "367.4", "ups": "2.04", "wpb": "179.9", "bsz": "9.8", "num_updates": "21200", "lr": "0.00018682", "gnorm": "17.664", "loss_scale": "128", "train_wall": "13", "gb_free": "75.7", "wall": "11161"}
[2026-06-03 13:16:08,878][train_inner][INFO] - {"epoch": 7, "update": 6.738, "loss": "39.549", "nll_loss": "0.768", "total": "178.41", "n_correct": "159.205", "ppl": "1.7", "accuracy": "89.235", "wps": "343.5", "ups": "1.93", "wpb": "178.4", "bsz": "9.4", "num_updates": "21400", "lr": "0.000181306", "gnorm": "17.742", "loss_scale": "128", "train_wall": "13", "gb_free": "75.7", "wall": "11265"}
[2026-06-03 13:17:41,420][train_inner][INFO] - {"epoch": 7, "update": 6.801, "loss": "41.237", "nll_loss": "0.715", "total": "178.38", "n_correct": "160.935", "ppl": "1.64", "accuracy": "90.22", "wps": "385.5", "ups": "2.16", "wpb": "178.4", "bsz": "8.8", "num_updates": "21600", "lr": "0.000175955", "gnorm": "17.992", "loss_scale": "128", "train_wall": "13", "gb_free": "75.7", "wall": "11358"}
[2026-06-03 13:19:26,100][train_inner][INFO] - {"epoch": 7, "update": 6.864, "loss": "38.675", "nll_loss": "0.725", "total": "180.045", "n_correct": "162.12", "ppl": "1.65", "accuracy": "90.044", "wps": "344", "ups": "1.91", "wpb": "180", "bsz": "9.5", "num_updates": "21800", "lr": "0.000170762", "gnorm": "17.506", "loss_scale": "128", "train_wall": "13", "gb_free": "75.7", "wall": "11462"}
[2026-06-03 13:21:04,116][train_inner][INFO] - {"epoch": 7, "update": 6.927, "loss": "38.422", "nll_loss": "0.737", "total": "176.305", "n_correct": "158.45", "ppl": "1.67", "accuracy": "89.873", "wps": "359.8", "ups": "2.04", "wpb": "176.3", "bsz": "9.4", "num_updates": "22000", "lr": "0.000165723", "gnorm": "17.477", "loss_scale": "128", "train_wall": "13", "gb_free": "75.7", "wall": "11560"}
[2026-06-03 13:22:40,704][train_inner][INFO] - {"epoch": 7, "update": 6.99, "loss": "37.691", "nll_loss": "0.731", "total": "178.67", "n_correct": "160.575", "ppl": "1.66", "accuracy": "89.872", "wps": "370", "ups": "2.07", "wpb": "178.7", "bsz": "9.7", "num_updates": "22200", "lr": "0.000160832", "gnorm": "16.981", "loss_scale": "128", "train_wall": "13", "gb_free": "75.7", "wall": "11657"}
[2026-06-03 13:22:54,066][main][INFO] - end of epoch 7 (average epoch stats below)
[2026-06-03 13:22:54,069][train][INFO] - {"epoch": 7, "train_loss": "38.301", "train_nll_loss": "0.744", "train_total": "179.795", "train_n_correct": "161.22", "train_ppl": "1.67", "train_accuracy": "89.669", "train_wps": "354.1", "train_ups": "1.97", "train_wpb": "179.8", "train_bsz": "9.7", "train_num_updates": "22231", "train_lr": "0.000160087", "train_gnorm": "17.271", "train_loss_scale": "128", "train_train_wall": "206", "train_gb_free": "75.7", "train_wall": "11670"}
[2026-06-03 13:22:54,586][trainer][INFO] - begin training epoch 8
[2026-06-03 13:22:54,586][main][INFO] - Start iterating over samples
[2026-06-03 13:24:17,264][train_inner][INFO] - {"epoch": 8, "update": 7.053, "loss": "38.739", "nll_loss": "0.66", "total": "183.31", "n_correct": "166.79", "ppl": "1.58", "accuracy": "90.988", "wps": "379.7", "ups": "2.07", "wpb": "183.3", "bsz": "9.4", "num_updates": "22400", "lr": "0.000156085", "gnorm": "16.556", "loss_scale": "128", "train_wall": "13", "gb_free": "75.7", "wall": "11753"}
[2026-06-03 13:25:52,931][train_inner][INFO] - {"epoch": 8, "update": 7.116, "loss": "37.054", "nll_loss": "0.659", "total": "179.79", "n_correct": "163.835", "ppl": "1.58", "accuracy": "91.126", "wps": "375.9", "ups": "2.09", "wpb": "179.8", "bsz": "9.7", "num_updates": "22600", "lr": "0.000151479", "gnorm": "16.286", "loss_scale": "128", "train_wall": "13", "gb_free": "75.7", "wall": "11849"}
[2026-06-03 13:27:35,474][train_inner][INFO] - {"epoch": 8, "update": 7.179, "loss": "35.579", "nll_loss": "0.666", "total": "181.545", "n_correct": "164.9", "ppl": "1.59", "accuracy": "90.831", "wps": "354.1", "ups": "1.95", "wpb": "181.5", "bsz": "10.2", "num_updates": "22800", "lr": "0.000147008", "gnorm": "16.155", "loss_scale": "128", "train_wall": "13", "gb_free": "75.7", "wall": "11952"}
[2026-06-03 13:29:16,442][train_inner][INFO] - {"epoch": 8, "update": 7.242, "loss": "39.672", "nll_loss": "0.64", "total": "180.945", "n_correct": "165.305", "ppl": "1.56", "accuracy": "91.356", "wps": "358.4", "ups": "1.98", "wpb": "180.9", "bsz": "9", "num_updates": "23000", "lr": "0.000142669", "gnorm": "17.013", "loss_scale": "128", "train_wall": "13", "gb_free": "75.7", "wall": "12053"}
[2026-06-03 13:30:59,716][train_inner][INFO] - {"epoch": 8, "update": 7.305, "loss": "36.151", "nll_loss": "0.622", "total": "176.72", "n_correct": "162.12", "ppl": "1.54", "accuracy": "91.738", "wps": "342.2", "ups": "1.94", "wpb": "176.7", "bsz": "9.6", "num_updates": "23200", "lr": "0.000138459", "gnorm": "16.048", "loss_scale": "128", "train_wall": "13", "gb_free": "75.7", "wall": "12156"}
[2026-06-03 13:32:47,350][train_inner][INFO] - {"epoch": 8, "update": 7.368, "loss": "34.599", "nll_loss": "0.658", "total": "179.4", "n_correct": "163.57", "ppl": "1.58", "accuracy": "91.176", "wps": "333.4", "ups": "1.86", "wpb": "179.4", "bsz": "10.3", "num_updates": "23400", "lr": "0.000134372", "gnorm": "14.836", "loss_scale": "128", "train_wall": "13", "gb_free": "75.7", "wall": "12263"}
[2026-06-03 13:34:30,033][train_inner][INFO] - {"epoch": 8, "update": 7.431, "loss": "36.092", "nll_loss": "0.618", "total": "175.32", "n_correct": "160.82", "ppl": "1.53", "accuracy": "91.729", "wps": "341.5", "ups": "1.95", "wpb": "175.3", "bsz": "9.5", "num_updates": "23600", "lr": "0.000130407", "gnorm": "15.917", "loss_scale": "128", "train_wall": "14", "gb_free": "75.7", "wall": "12366"}
[2026-06-03 13:36:11,280][train_inner][INFO] - {"epoch": 8, "update": 7.494, "loss": "36.928", "nll_loss": "0.652", "total": "179.27", "n_correct": "163.495", "ppl": "1.57", "accuracy": "91.2", "wps": "354.1", "ups": "1.98", "wpb": "179.3", "bsz": "9.6", "num_updates": "23800", "lr": "0.000126558", "gnorm": "16.071", "loss_scale": "128", "train_wall": "14", "gb_free": "75.7", "wall": "12467"}
[2026-06-03 13:37:51,971][train_inner][INFO] - {"epoch": 8, "update": 7.557, "loss": "38.573", "nll_loss": "0.625", "total": "181.455", "n_correct": "166.28", "ppl": "1.54", "accuracy": "91.637", "wps": "360.4", "ups": "1.99", "wpb": "181.5", "bsz": "9.2", "num_updates": "24000", "lr": "0.000122823", "gnorm": "16.81", "loss_scale": "128", "train_wall": "13", "gb_free": "75.7", "wall": "12568"}
[2026-06-03 13:38:03,841][trainer][INFO] - NOTE: gradient overflow detected, ignoring gradient, setting loss scale to: 64.0
[2026-06-03 13:39:37,889][train_inner][INFO] - {"epoch": 8, "update": 7.62, "loss": "36.737", "nll_loss": "0.708", "total": "179.13", "n_correct": "161.915", "ppl": "1.63", "accuracy": "90.39", "wps": "338.3", "ups": "1.89", "wpb": "179.1", "bsz": "9.9", "num_updates": "24200", "lr": "0.000119198", "gnorm": "96.393", "loss_scale": "64", "train_wall": "23", "gb_free": "73.7", "wall": "12674"}
[2026-06-03 13:41:23,848][train_inner][INFO] - {"epoch": 8, "update": 7.683, "loss": "36.56", "nll_loss": "0.671", "total": "181.235", "n_correct": "164.565", "ppl": "1.59", "accuracy": "90.802", "wps": "342.1", "ups": "1.89", "wpb": "181.2", "bsz": "9.9", "num_updates": "24400", "lr": "0.00011568", "gnorm": "76.148", "loss_scale": "64", "train_wall": "21", "gb_free": "73.7", "wall": "12780"}
[2026-06-03 13:43:20,814][train_inner][INFO] - {"epoch": 8, "update": 7.746, "loss": "39.153", "nll_loss": "0.696", "total": "180.07", "n_correct": "163.02", "ppl": "1.62", "accuracy": "90.531", "wps": "307.9", "ups": "1.71", "wpb": "180.1", "bsz": "9.3", "num_updates": "24600", "lr": "0.000112266", "gnorm": "80.474", "loss_scale": "64", "train_wall": "21", "gb_free": "73.7", "wall": "12897"}
[2026-06-03 13:45:21,799][train_inner][INFO] - {"epoch": 8, "update": 7.809, "loss": "37.205", "nll_loss": "0.686", "total": "179.62", "n_correct": "162.815", "ppl": "1.61", "accuracy": "90.644", "wps": "296.9", "ups": "1.65", "wpb": "179.6", "bsz": "9.7", "num_updates": "24800", "lr": "0.000108953", "gnorm": "73.225", "loss_scale": "64", "train_wall": "22", "gb_free": "73.7", "wall": "13018"}
[2026-06-03 13:47:29,281][train_inner][INFO] - {"epoch": 8, "update": 7.872, "loss": "34.476", "nll_loss": "0.687", "total": "180.195", "n_correct": "163.465", "ppl": "1.61", "accuracy": "90.716", "wps": "282.7", "ups": "1.57", "wpb": "180.2", "bsz": "10.5", "num_updates": "25000", "lr": "0.000105737", "gnorm": "71.597", "loss_scale": "64", "train_wall": "22", "gb_free": "73.7", "wall": "13145"}
[2026-06-03 13:49:26,665][train_inner][INFO] - {"epoch": 8, "update": 7.935, "loss": "37.905", "nll_loss": "0.674", "total": "181.17", "n_correct": "164.645", "ppl": "1.6", "accuracy": "90.879", "wps": "308.7", "ups": "1.7", "wpb": "181.2", "bsz": "9.5", "num_updates": "25200", "lr": "0.000102617", "gnorm": "74.928", "loss_scale": "64", "train_wall": "22", "gb_free": "73.6", "wall": "13263"}
[2026-06-03 13:51:21,000][train_inner][INFO] - {"epoch": 8, "update": 7.998, "loss": "36.977", "nll_loss": "0.677", "total": "177.715", "n_correct": "161.535", "ppl": "1.6", "accuracy": "90.896", "wps": "310.9", "ups": "1.75", "wpb": "177.7", "bsz": "9.6", "num_updates": "25400", "lr": "9.9588e-05", "gnorm": "68.562", "loss_scale": "64", "train_wall": "21", "gb_free": "73.7", "wall": "13377"}
[2026-06-03 13:51:24,532][main][INFO] - begin validation on "valid" subset
[2026-06-03 13:52:34,879][valid][INFO] - {"epoch": 8, "valid_loss": "38.289", "valid_nll_loss": "0.673", "valid_total": "178.205", "valid_n_correct": "161.134", "valid_ppl": "1.59", "valid_accuracy": "90.421", "valid_wps": "323.7", "valid_wpb": "178.2", "valid_bsz": "9.4", "valid_num_updates": "25406", "valid_best_accuracy": "90.421"}
[2026-06-03 13:52:34,880][fairseq.checkpoint_utils][INFO] - Preparing to save checkpoint for epoch 8 @ 25406 updates
[2026-06-03 13:52:34,880][trainer][INFO] - Saving checkpoint to checkpoints/checkpoint_best.pt
[2026-06-03 13:52:40,762][trainer][INFO] - Finished saving checkpoint to checkpoints/checkpoint_best.pt
[2026-06-03 13:52:44,973][fairseq.checkpoint_utils][INFO] - Saved checkpoint checkpoints/checkpoint_best.pt (epoch 8 @ 25406 updates, score 90.421) (writing took 10.092790561029688 seconds)
[2026-06-03 13:52:44,973][main][INFO] - end of epoch 8 (average epoch stats below)
[2026-06-03 13:52:44,977][train][INFO] - {"epoch": 8, "train_loss": "36.892", "train_nll_loss": "0.661", "train_total": "179.789", "train_n_correct": "163.711", "train_ppl": "1.58", "train_accuracy": "91.057", "train_wps": "318.7", "train_ups": "1.77", "train_wpb": "179.8", "train_bsz": "9.7", "train_num_updates": "25406", "train_lr": "9.94985e-05", "train_gnorm": "43.234", "train_loss_scale": "64", "train_train_wall": "270", "train_gb_free": "73.7", "train_wall": "13461"}
[2026-06-03 13:52:45,548][trainer][INFO] - begin training epoch 9
[2026-06-03 13:52:45,548][main][INFO] - Start iterating over samples
[2026-06-03 13:54:28,900][train_inner][INFO] - {"epoch": 9, "update": 8.061, "loss": "37.67", "nll_loss": "0.576", "total": "179.075", "n_correct": "165.52", "ppl": "1.49", "accuracy": "92.431", "wps": "190.6", "ups": "1.06", "wpb": "179.1", "bsz": "9.1", "num_updates": "25600", "lr": "9.66488e-05", "gnorm": "62.635", "loss_scale": "64", "train_wall": "21", "gb_free": "73.6", "wall": "13565"}
[2026-06-03 13:56:18,334][train_inner][INFO] - {"epoch": 9, "update": 8.124, "loss": "35.011", "nll_loss": "0.568", "total": "178.83", "n_correct": "165.725", "ppl": "1.48", "accuracy": "92.672", "wps": "326.8", "ups": "1.83", "wpb": "178.8", "bsz": "9.7", "num_updates": "25800", "lr": "9.37964e-05", "gnorm": "59.459", "loss_scale": "64", "train_wall": "21", "gb_free": "73.8", "wall": "13674"}
[2026-06-03 13:58:15,215][train_inner][INFO] - {"epoch": 9, "update": 8.187, "loss": "34.846", "nll_loss": "0.587", "total": "179.635", "n_correct": "165.895", "ppl": "1.5", "accuracy": "92.351", "wps": "307.4", "ups": "1.71", "wpb": "179.6", "bsz": "9.9", "num_updates": "26000", "lr": "9.10282e-05", "gnorm": "61.865", "loss_scale": "64", "train_wall": "22", "gb_free": "74", "wall": "13791"}
[2026-06-03 14:00:09,649][train_inner][INFO] - {"epoch": 9, "update": 8.25, "loss": "35.824", "nll_loss": "0.569", "total": "176.08", "n_correct": "163.13", "ppl": "1.48", "accuracy": "92.645", "wps": "307.7", "ups": "1.75", "wpb": "176.1", "bsz": "9.4", "num_updates": "26200", "lr": "8.83417e-05", "gnorm": "61.318", "loss_scale": "64", "train_wall": "22", "gb_free": "73.7", "wall": "13906"}
[2026-06-03 14:02:02,541][train_inner][INFO] - {"epoch": 9, "update": 8.313, "loss": "34.905", "nll_loss": "0.583", "total": "180.595", "n_correct": "166.915", "ppl": "1.5", "accuracy": "92.425", "wps": "320", "ups": "1.77", "wpb": "180.6", "bsz": "9.9", "num_updates": "26400", "lr": "8.57345e-05", "gnorm": "61.821", "loss_scale": "64", "train_wall": "21", "gb_free": "74.6", "wall": "14019"}
[2026-06-03 14:04:04,511][train_inner][INFO] - {"epoch": 9, "update": 8.376, "loss": "34.509", "nll_loss": "0.586", "total": "180.66", "n_correct": "166.95", "ppl": "1.5", "accuracy": "92.411", "wps": "296.2", "ups": "1.64", "wpb": "180.7", "bsz": "10.1", "num_updates": "26600", "lr": "8.32042e-05", "gnorm": "59.253", "loss_scale": "64", "train_wall": "21", "gb_free": "73.6", "wall": "14141"}
[2026-06-03 14:05:53,544][train_inner][INFO] - {"epoch": 9, "update": 8.439, "loss": "36.309", "nll_loss": "0.58", "total": "177.2", "n_correct": "163.9", "ppl": "1.5", "accuracy": "92.494", "wps": "325", "ups": "1.83", "wpb": "177.2", "bsz": "9.3", "num_updates": "26800", "lr": "8.07486e-05", "gnorm": "60.335", "loss_scale": "64", "train_wall": "21", "gb_free": "73.9", "wall": "14250"}
[2026-06-03 14:07:44,029][train_inner][INFO] - {"epoch": 9, "update": 8.502, "loss": "36.103", "nll_loss": "0.587", "total": "178.76", "n_correct": "165.005", "ppl": "1.5", "accuracy": "92.305", "wps": "323.6", "ups": "1.81", "wpb": "178.8", "bsz": "9.5", "num_updates": "27000", "lr": "7.83654e-05", "gnorm": "61.855", "loss_scale": "64", "train_wall": "21", "gb_free": "73.7", "wall": "14360"}
[2026-06-03 14:09:43,006][train_inner][INFO] - {"epoch": 9, "update": 8.565, "loss": "34.448", "nll_loss": "0.582", "total": "181.465", "n_correct": "167.81", "ppl": "1.5", "accuracy": "92.475", "wps": "305", "ups": "1.68", "wpb": "181.5", "bsz": "10.1", "num_updates": "27200", "lr": "7.60526e-05", "gnorm": "57.782", "loss_scale": "64", "train_wall": "22", "gb_free": "74.4", "wall": "14479"}
[2026-06-03 14:11:42,824][train_inner][INFO] - {"epoch": 9, "update": 8.628, "loss": "33.101", "nll_loss": "0.575", "total": "180.845", "n_correct": "167.6", "ppl": "1.49", "accuracy": "92.676", "wps": "301.9", "ups": "1.67", "wpb": "180.8", "bsz": "10.4", "num_updates": "27400", "lr": "7.38081e-05", "gnorm": "55.082", "loss_scale": "64", "train_wall": "21", "gb_free": "73.7", "wall": "14599"}
[2026-06-03 14:13:33,506][train_inner][INFO] - {"epoch": 9, "update": 8.691, "loss": "37.54", "nll_loss": "0.566", "total": "180.3", "n_correct": "167.105", "ppl": "1.48", "accuracy": "92.682", "wps": "325.8", "ups": "1.81", "wpb": "180.3", "bsz": "9.1", "num_updates": "27600", "lr": "7.16298e-05", "gnorm": "59.338", "loss_scale": "64", "train_wall": "22", "gb_free": "73.7", "wall": "14710"}
[2026-06-03 14:15:30,544][train_inner][INFO] - {"epoch": 9, "update": 8.754, "loss": "33.761", "nll_loss": "0.569", "total": "180.435", "n_correct": "167.505", "ppl": "1.48", "accuracy": "92.834", "wps": "308.3", "ups": "1.71", "wpb": "180.4", "bsz": "10.2", "num_updates": "27800", "lr": "6.95158e-05", "gnorm": "55.256", "loss_scale": "64", "train_wall": "21", "gb_free": "73.7", "wall": "14827"}
[2026-06-03 14:17:29,353][train_inner][INFO] - {"epoch": 9, "update": 8.817, "loss": "34.417", "nll_loss": "0.577", "total": "181.965", "n_correct": "168.55", "ppl": "1.49", "accuracy": "92.628", "wps": "306.3", "ups": "1.68", "wpb": "182", "bsz": "10.1", "num_updates": "28000", "lr": "6.74641e-05", "gnorm": "60.014", "loss_scale": "64", "train_wall": "22", "gb_free": "73.7", "wall": "14945"}
[2026-06-03 14:19:26,292][train_inner][INFO] - {"epoch": 9, "update": 8.88, "loss": "34.4", "nll_loss": "0.577", "total": "178.62", "n_correct": "165.425", "ppl": "1.49", "accuracy": "92.613", "wps": "305.5", "ups": "1.71", "wpb": "178.6", "bsz": "9.9", "num_updates": "28200", "lr": "6.54731e-05", "gnorm": "57.385", "loss_scale": "64", "train_wall": "22", "gb_free": "74.3", "wall": "15062"}
[2026-06-03 14:21:17,055][train_inner][INFO] - {"epoch": 9, "update": 8.943, "loss": "36.551", "nll_loss": "0.531", "total": "182.69", "n_correct": "170.75", "ppl": "1.44", "accuracy": "93.464", "wps": "329.9", "ups": "1.81", "wpb": "182.7", "bsz": "9.3", "num_updates": "28400", "lr": "6.35408e-05", "gnorm": "54.081", "loss_scale": "64", "train_wall": "21", "gb_free": "73.7", "wall": "15173"}
[2026-06-03 14:22:55,800][main][INFO] - end of epoch 9 (average epoch stats below)
[2026-06-03 14:22:55,802][train][INFO] - {"epoch": 9, "train_loss": "35.419", "train_nll_loss": "0.575", "train_total": "179.799", "train_n_correct": "166.491", "train_ppl": "1.49", "train_accuracy": "92.599", "train_wps": "315.3", "train_ups": "1.75", "train_wpb": "179.8", "train_bsz": "9.7", "train_num_updates": "28582", "train_lr": "6.1832e-05", "train_gnorm": "59.203", "train_loss_scale": "64", "train_train_wall": "340", "train_gb_free": "73.4", "train_wall": "15272"}
[2026-06-03 14:22:56,348][trainer][INFO] - begin training epoch 10
[2026-06-03 14:22:56,348][main][INFO] - Start iterating over samples
[2026-06-03 14:23:06,755][train_inner][INFO] - {"epoch": 10, "update": 9.006, "loss": "38.159", "nll_loss": "0.572", "total": "179.88", "n_correct": "166.655", "ppl": "1.49", "accuracy": "92.648", "wps": "328", "ups": "1.82", "wpb": "179.9", "bsz": "9", "num_updates": "28600", "lr": "6.16655e-05", "gnorm": "58.811", "loss_scale": "64", "train_wall": "21", "gb_free": "73.7", "wall": "15283"}
[2026-06-03 14:25:06,149][train_inner][INFO] - {"epoch": 10, "update": 9.069, "loss": "33.549", "nll_loss": "0.477", "total": "183.4", "n_correct": "173.025", "ppl": "1.39", "accuracy": "94.343", "wps": "307.4", "ups": "1.68", "wpb": "183.4", "bsz": "10", "num_updates": "28800", "lr": "5.98455e-05", "gnorm": "43.389", "loss_scale": "64", "train_wall": "22", "gb_free": "73.9", "wall": "15402"}
[2026-06-03 14:26:57,631][train_inner][INFO] - {"epoch": 10, "update": 9.132, "loss": "34.147", "nll_loss": "0.476", "total": "176.765", "n_correct": "166.835", "ppl": "1.39", "accuracy": "94.382", "wps": "317.1", "ups": "1.79", "wpb": "176.8", "bsz": "9.4", "num_updates": "29000", "lr": "5.80793e-05", "gnorm": "48.126", "loss_scale": "64", "train_wall": "21", "gb_free": "73.7", "wall": "15514"}
[2026-06-03 14:28:54,978][train_inner][INFO] - {"epoch": 10, "update": 9.195, "loss": "34.618", "nll_loss": "0.483", "total": "179.725", "n_correct": "169.445", "ppl": "1.4", "accuracy": "94.28", "wps": "306.3", "ups": "1.7", "wpb": "179.7", "bsz": "9.5", "num_updates": "29200", "lr": "5.63652e-05", "gnorm": "46.413", "loss_scale": "64", "train_wall": "22", "gb_free": "74.3", "wall": "15631"}
[2026-06-03 14:30:52,006][train_inner][INFO] - {"epoch": 10, "update": 9.258, "loss": "35.046", "nll_loss": "0.474", "total": "178.05", "n_correct": "168.08", "ppl": "1.39", "accuracy": "94.4", "wps": "304.3", "ups": "1.71", "wpb": "178.1", "bsz": "9.2", "num_updates": "29400", "lr": "5.47017e-05", "gnorm": "42.607", "loss_scale": "64", "train_wall": "22", "gb_free": "73.7", "wall": "15748"}
[2026-06-03 14:32:47,896][train_inner][INFO] - {"epoch": 10, "update": 9.321, "loss": "35.011", "nll_loss": "0.478", "total": "181.44", "n_correct": "171.36", "ppl": "1.39", "accuracy": "94.444", "wps": "313.1", "ups": "1.73", "wpb": "181.4", "bsz": "9.4", "num_updates": "29600", "lr": "5.30873e-05", "gnorm": "42.89", "loss_scale": "64", "train_wall": "21", "gb_free": "73.7", "wall": "15864"}
[2026-06-03 14:34:52,749][train_inner][INFO] - {"epoch": 10, "update": 9.384, "loss": "31.788", "nll_loss": "0.495", "total": "181.68", "n_correct": "170.845", "ppl": "1.41", "accuracy": "94.036", "wps": "291", "ups": "1.6", "wpb": "181.7", "bsz": "10.5", "num_updates": "29800", "lr": "5.15205e-05", "gnorm": "46.128", "loss_scale": "64", "train_wall": "22", "gb_free": "73.6", "wall": "15989"}
[2026-06-03 14:36:54,945][train_inner][INFO] - {"epoch": 10, "update": 9.446, "loss": "33.209", "nll_loss": "0.459", "total": "179.875", "n_correct": "170.315", "ppl": "1.37", "accuracy": "94.685", "wps": "294.4", "ups": "1.64", "wpb": "179.9", "bsz": "9.8", "num_updates": "30000", "lr": "5e-05", "gnorm": "45.464", "loss_scale": "64", "train_wall": "22", "gb_free": "74.5", "wall": "16111"}
[2026-06-03 14:36:54,946][main][INFO] - Stopping training due to num_updates: 30000 >= max_update: 30000
[2026-06-03 14:36:54,946][main][INFO] - begin validation on "valid" subset
[2026-06-03 14:38:07,745][valid][INFO] - {"epoch": 10, "valid_loss": "37.362", "valid_nll_loss": "0.632", "valid_total": "178.205", "valid_n_correct": "163.047", "valid_ppl": "1.55", "valid_accuracy": "91.494", "valid_wps": "313.2", "valid_wpb": "178.2", "valid_bsz": "9.4", "valid_num_updates": "30000", "valid_best_accuracy": "91.494"}
[2026-06-03 14:38:07,746][fairseq.checkpoint_utils][INFO] - Preparing to save checkpoint for epoch 10 @ 30000 updates
[2026-06-03 14:38:07,746][trainer][INFO] - Saving checkpoint to checkpoints/checkpoint_best.pt
[2026-06-03 14:38:13,467][trainer][INFO] - Finished saving checkpoint to checkpoints/checkpoint_best.pt
[2026-06-03 14:38:18,203][fairseq.checkpoint_utils][INFO] - Saved checkpoint checkpoints/checkpoint_best.pt (epoch 10 @ 30000 updates, score 91.494) (writing took 10.45663093298208 seconds)
[2026-06-03 14:38:18,203][main][INFO] - end of epoch 10 (average epoch stats below)
[2026-06-03 14:38:18,206][train][INFO] - {"epoch": 10, "train_loss": "33.874", "train_nll_loss": "0.478", "train_total": "180.167", "train_n_correct": "170.021", "train_ppl": "1.39", "train_accuracy": "94.369", "train_wps": "277", "train_ups": "1.54", "train_wpb": "180.2", "train_bsz": "9.7", "train_num_updates": "30000", "train_lr": "5e-05", "train_gnorm": "44.983", "train_loss_scale": "64", "train_train_wall": "153", "train_gb_free": "74.5", "train_wall": "16194"}
[2026-06-03 14:38:18,206][main][INFO] - done training in 16193.5 seconds
